[0.764s] Invoking command in '/home/vboxuser/agv_ws/build/agv': CMAKE_PREFIX_PATH=${CMAKE_PREFIX_PATH}:/home/vboxuser/agv_ws/install/canopen_utils:/home/vboxuser/agv_ws/install/agv_py_functions:/home/vboxuser/bumperbot_ws/install/bumperbot_py_examples:/home/vboxuser/ros2_ws/install/my_py_pkg:/opt/ros/humble /usr/bin/cmake --build /home/vboxuser/agv_ws/build/agv -- -j4 -l4
[1.503s] Invoked command in '/home/vboxuser/agv_ws/build/agv' returned '0': CMAKE_PREFIX_PATH=${CMAKE_PREFIX_PATH}:/home/vboxuser/agv_ws/install/canopen_utils:/home/vboxuser/agv_ws/install/agv_py_functions:/home/vboxuser/bumperbot_ws/install/bumperbot_py_examples:/home/vboxuser/ros2_ws/install/my_py_pkg:/opt/ros/humble /usr/bin/cmake --build /home/vboxuser/agv_ws/build/agv -- -j4 -l4
[1.594s] Invoking command in '/home/vboxuser/agv_ws/build/agv': CMAKE_PREFIX_PATH=${CMAKE_PREFIX_PATH}:/home/vboxuser/agv_ws/install/canopen_utils:/home/vboxuser/agv_ws/install/agv_py_functions:/home/vboxuser/bumperbot_ws/install/bumperbot_py_examples:/home/vboxuser/ros2_ws/install/my_py_pkg:/opt/ros/humble /usr/bin/cmake --install /home/vboxuser/agv_ws/build/agv
[1.609s] -- Install configuration: ""
[1.609s] -- Up-to-date: /home/vboxuser/agv_ws/install/agv/share/agv/meshes
[1.612s] -- Up-to-date: /home/vboxuser/agv_ws/install/agv/share/agv/meshes/WheelLeft.stl
[1.612s] -- Up-to-date: /home/vboxuser/agv_ws/install/agv/share/agv/meshes/wheel_left_link.stl
[1.613s] -- Up-to-date: /home/vboxuser/agv_ws/install/agv/share/agv/meshes/MainBody.stl
[1.613s] -- Up-to-date: /home/vboxuser/agv_ws/install/agv/share/agv/meshes/ring.stl
[1.613s] -- Up-to-date: /home/vboxuser/agv_ws/install/agv/share/agv/meshes/WheelRight.stl
[1.614s] -- Up-to-date: /home/vboxuser/agv_ws/install/agv/share/agv/meshes/Platform.stl
[1.614s] -- Up-to-date: /home/vboxuser/agv_ws/install/agv/share/agv/meshes/imu_link.STL
[1.614s] -- Up-to-date: /home/vboxuser/agv_ws/install/agv/share/agv/meshes/wheel_right_link.STL
[1.614s] -- Up-to-date: /home/vboxuser/agv_ws/install/agv/share/agv/meshes/old
[1.615s] -- Up-to-date: /home/vboxuser/agv_ws/install/agv/share/agv/meshes/old/caster_front_link.STL
[1.615s] -- Up-to-date: /home/vboxuser/agv_ws/install/agv/share/agv/meshes/old/Camera.stl
[1.615s] -- Up-to-date: /home/vboxuser/agv_ws/install/agv/share/agv/meshes/old/caster_rear_link.STL
[1.615s] -- Up-to-date: /home/vboxuser/agv_ws/install/agv/share/agv/meshes/old/Cartwheel.stl
[1.615s] -- Up-to-date: /home/vboxuser/agv_ws/install/agv/share/agv/meshes/old/Part7.stl
[1.615s] -- Up-to-date: /home/vboxuser/agv_ws/install/agv/share/agv/meshes/old/base_link.STL
[1.616s] -- Up-to-date: /home/vboxuser/agv_ws/install/agv/share/agv/urdf
[1.616s] -- Up-to-date: /home/vboxuser/agv_ws/install/agv/share/agv/urdf/agv.urdf.xacro
[1.616s] -- Up-to-date: /home/vboxuser/agv_ws/install/agv/share/agv/urdf/tria;.xml
[1.616s] -- Up-to-date: /home/vboxuser/agv_ws/install/agv/share/agv/urdf/agv_gazebo.xacro
[1.616s] -- Up-to-date: /home/vboxuser/agv_ws/install/agv/share/agv/launch
[1.617s] -- Up-to-date: /home/vboxuser/agv_ws/install/agv/share/agv/launch/gazebo.launch.py
[1.617s] -- Up-to-date: /home/vboxuser/agv_ws/install/agv/share/agv/launch/display.launch.py
[1.617s] -- Up-to-date: /home/vboxuser/agv_ws/install/agv/share/agv/rviz
[1.617s] -- Up-to-date: /home/vboxuser/agv_ws/install/agv/share/agv/rviz/default.rviz
[1.617s] -- Up-to-date: /home/vboxuser/agv_ws/install/agv/share/ament_index/resource_index/package_run_dependencies/agv
[1.617s] -- Up-to-date: /home/vboxuser/agv_ws/install/agv/share/ament_index/resource_index/parent_prefix_path/agv
[1.617s] -- Up-to-date: /home/vboxuser/agv_ws/install/agv/share/agv/environment/ament_prefix_path.sh
[1.618s] -- Up-to-date: /home/vboxuser/agv_ws/install/agv/share/agv/environment/ament_prefix_path.dsv
[1.618s] -- Up-to-date: /home/vboxuser/agv_ws/install/agv/share/agv/environment/path.sh
[1.618s] -- Up-to-date: /home/vboxuser/agv_ws/install/agv/share/agv/environment/path.dsv
[1.618s] -- Up-to-date: /home/vboxuser/agv_ws/install/agv/share/agv/local_setup.bash
[1.618s] -- Up-to-date: /home/vboxuser/agv_ws/install/agv/share/agv/local_setup.sh
[1.618s] -- Up-to-date: /home/vboxuser/agv_ws/install/agv/share/agv/local_setup.zsh
[1.618s] -- Up-to-date: /home/vboxuser/agv_ws/install/agv/share/agv/local_setup.dsv
[1.618s] -- Installing: /home/vboxuser/agv_ws/install/agv/share/agv/package.dsv
[1.619s] -- Up-to-date: /home/vboxuser/agv_ws/install/agv/share/ament_index/resource_index/packages/agv
[1.619s] -- Up-to-date: /home/vboxuser/agv_ws/install/agv/share/agv/cmake/agvConfig.cmake
[1.619s] -- Up-to-date: /home/vboxuser/agv_ws/install/agv/share/agv/cmake/agvConfig-version.cmake
[1.619s] -- Up-to-date: /home/vboxuser/agv_ws/install/agv/share/agv/package.xml
[1.629s] Invoked command in '/home/vboxuser/agv_ws/build/agv' returned '0': CMAKE_PREFIX_PATH=${CMAKE_PREFIX_PATH}:/home/vboxuser/agv_ws/install/canopen_utils:/home/vboxuser/agv_ws/install/agv_py_functions:/home/vboxuser/bumperbot_ws/install/bumperbot_py_examples:/home/vboxuser/ros2_ws/install/my_py_pkg:/opt/ros/humble /usr/bin/cmake --install /home/vboxuser/agv_ws/build/agv
