[0.087s] Invoking command in '/home/vboxuser/agv_ws/build/canopen_interfaces': CMAKE_PREFIX_PATH=/home/vboxuser/agv_ws/install/pgv100:/home/vboxuser/agv_ws/install/panda_rviz_viewer:/home/vboxuser/agv_ws/install/panda_canopen:/home/vboxuser/agv_ws/install/my_simulation:/home/vboxuser/agv_ws/install/canopen_tests:/home/vboxuser/agv_ws/install/canopen_ros2_controllers:/home/vboxuser/agv_ws/install/canopen_ros2_control:/home/vboxuser/agv_ws/install/canopen_robot_control_example:/home/vboxuser/agv_ws/install/canopen_kinco3:/home/vboxuser/agv_ws/install/canopen_kinco2:/home/vboxuser/agv_ws/install/canopen_kinco:/home/vboxuser/agv_ws/install/canopen:/home/vboxuser/agv_ws/install/canopen_402_driver:/home/vboxuser/agv_ws/install/canopen_proxy_driver:/home/vboxuser/agv_ws/install/canopen_master_driver:/home/vboxuser/agv_ws/install/canopen_fake_slaves:/home/vboxuser/agv_ws/install/canopen_base_driver:/home/vboxuser/agv_ws/install/canopen_core:/home/vboxuser/agv_ws/install/lely_core_libraries:/home/vboxuser/agv_ws/install/canopen_interfaces:/home/vboxuser/agv_ws/install/agv_py:/home/vboxuser/agv_ws/install/agv_controllers:/home/vboxuser/agv_ws/install/communication:/home/vboxuser/agv_ws/install/canopen_utils:/home/vboxuser/agv_ws/install/agv_py_functions:/home/vboxuser/install/my_py_pkg:/home/vboxuser/install/agv_py_functions:/home/vboxuser/bumperbot_ws/install/bumperbot_py_examples:/home/vboxuser/ros2_ws/install/my_py_pkg:/opt/ros/humble:/home/vboxuser/agv_ws/install/agv_controller:/home/vboxuser/agv_ws/install/agv:/home/vboxuser/install/agv:/home/vboxuser/bumperbot_ws/install/bumperbot_cpp_examples:/home/vboxuser/bumperbot_ws/install/bumperbot_msgs:/home/vboxuser/bumperbot_ws/install/bumperbot_description:/home/vboxuser/bumperbot_ws/install/bumperbot_controller:/home/vboxuser/ros2_ws/install/my_simulation /usr/bin/cmake --build /home/vboxuser/agv_ws/build/canopen_interfaces -- -j4 -l4
[0.319s] [  1%] Built target canopen_interfaces__cpp
[0.375s] [ 12%] Built target canopen_interfaces__rosidl_generator_c
[0.423s] [ 12%] Built target ament_cmake_python_copy_canopen_interfaces
[0.458s] [ 24%] Built target canopen_interfaces__rosidl_typesupport_cpp
[0.461s] [ 35%] Built target canopen_interfaces__rosidl_typesupport_fastrtps_cpp
[0.546s] [ 47%] Built target canopen_interfaces__rosidl_typesupport_introspection_cpp
[0.580s] [ 58%] Built target canopen_interfaces__rosidl_typesupport_fastrtps_c
[0.593s] [ 70%] Built target canopen_interfaces__rosidl_typesupport_introspection_c
[0.616s] [ 82%] Built target canopen_interfaces__rosidl_typesupport_c
[0.674s] [ 82%] Built target canopen_interfaces
[0.790s] [ 83%] Built target canopen_interfaces__py
[0.962s] [ 93%] Built target canopen_interfaces__rosidl_generator_py
[1.079s] [ 95%] Built target canopen_interfaces__rosidl_typesupport_c__pyext
[1.101s] [ 97%] Built target canopen_interfaces__rosidl_typesupport_fastrtps_c__pyext
[1.104s] [100%] Built target canopen_interfaces__rosidl_typesupport_introspection_c__pyext
[1.281s] running egg_info
[1.282s] writing canopen_interfaces.egg-info/PKG-INFO
[1.282s] writing dependency_links to canopen_interfaces.egg-info/dependency_links.txt
[1.282s] writing top-level names to canopen_interfaces.egg-info/top_level.txt
[1.287s] reading manifest file 'canopen_interfaces.egg-info/SOURCES.txt'
[1.289s] writing manifest file 'canopen_interfaces.egg-info/SOURCES.txt'
[1.341s] [100%] Built target ament_cmake_python_build_canopen_interfaces_egg
[1.415s] Invoked command in '/home/vboxuser/agv_ws/build/canopen_interfaces' returned '0': CMAKE_PREFIX_PATH=/home/vboxuser/agv_ws/install/pgv100:/home/vboxuser/agv_ws/install/panda_rviz_viewer:/home/vboxuser/agv_ws/install/panda_canopen:/home/vboxuser/agv_ws/install/my_simulation:/home/vboxuser/agv_ws/install/canopen_tests:/home/vboxuser/agv_ws/install/canopen_ros2_controllers:/home/vboxuser/agv_ws/install/canopen_ros2_control:/home/vboxuser/agv_ws/install/canopen_robot_control_example:/home/vboxuser/agv_ws/install/canopen_kinco3:/home/vboxuser/agv_ws/install/canopen_kinco2:/home/vboxuser/agv_ws/install/canopen_kinco:/home/vboxuser/agv_ws/install/canopen:/home/vboxuser/agv_ws/install/canopen_402_driver:/home/vboxuser/agv_ws/install/canopen_proxy_driver:/home/vboxuser/agv_ws/install/canopen_master_driver:/home/vboxuser/agv_ws/install/canopen_fake_slaves:/home/vboxuser/agv_ws/install/canopen_base_driver:/home/vboxuser/agv_ws/install/canopen_core:/home/vboxuser/agv_ws/install/lely_core_libraries:/home/vboxuser/agv_ws/install/canopen_interfaces:/home/vboxuser/agv_ws/install/agv_py:/home/vboxuser/agv_ws/install/agv_controllers:/home/vboxuser/agv_ws/install/communication:/home/vboxuser/agv_ws/install/canopen_utils:/home/vboxuser/agv_ws/install/agv_py_functions:/home/vboxuser/install/my_py_pkg:/home/vboxuser/install/agv_py_functions:/home/vboxuser/bumperbot_ws/install/bumperbot_py_examples:/home/vboxuser/ros2_ws/install/my_py_pkg:/opt/ros/humble:/home/vboxuser/agv_ws/install/agv_controller:/home/vboxuser/agv_ws/install/agv:/home/vboxuser/install/agv:/home/vboxuser/bumperbot_ws/install/bumperbot_cpp_examples:/home/vboxuser/bumperbot_ws/install/bumperbot_msgs:/home/vboxuser/bumperbot_ws/install/bumperbot_description:/home/vboxuser/bumperbot_ws/install/bumperbot_controller:/home/vboxuser/ros2_ws/install/my_simulation /usr/bin/cmake --build /home/vboxuser/agv_ws/build/canopen_interfaces -- -j4 -l4
[2.048s] Invoking command in '/home/vboxuser/agv_ws/build/canopen_interfaces': CMAKE_PREFIX_PATH=/home/vboxuser/agv_ws/install/pgv100:/home/vboxuser/agv_ws/install/panda_rviz_viewer:/home/vboxuser/agv_ws/install/panda_canopen:/home/vboxuser/agv_ws/install/my_simulation:/home/vboxuser/agv_ws/install/canopen_tests:/home/vboxuser/agv_ws/install/canopen_ros2_controllers:/home/vboxuser/agv_ws/install/canopen_ros2_control:/home/vboxuser/agv_ws/install/canopen_robot_control_example:/home/vboxuser/agv_ws/install/canopen_kinco3:/home/vboxuser/agv_ws/install/canopen_kinco2:/home/vboxuser/agv_ws/install/canopen_kinco:/home/vboxuser/agv_ws/install/canopen:/home/vboxuser/agv_ws/install/canopen_402_driver:/home/vboxuser/agv_ws/install/canopen_proxy_driver:/home/vboxuser/agv_ws/install/canopen_master_driver:/home/vboxuser/agv_ws/install/canopen_fake_slaves:/home/vboxuser/agv_ws/install/canopen_base_driver:/home/vboxuser/agv_ws/install/canopen_core:/home/vboxuser/agv_ws/install/lely_core_libraries:/home/vboxuser/agv_ws/install/canopen_interfaces:/home/vboxuser/agv_ws/install/agv_py:/home/vboxuser/agv_ws/install/agv_controllers:/home/vboxuser/agv_ws/install/communication:/home/vboxuser/agv_ws/install/canopen_utils:/home/vboxuser/agv_ws/install/agv_py_functions:/home/vboxuser/install/my_py_pkg:/home/vboxuser/install/agv_py_functions:/home/vboxuser/bumperbot_ws/install/bumperbot_py_examples:/home/vboxuser/ros2_ws/install/my_py_pkg:/opt/ros/humble:/home/vboxuser/agv_ws/install/agv_controller:/home/vboxuser/agv_ws/install/agv:/home/vboxuser/install/agv:/home/vboxuser/bumperbot_ws/install/bumperbot_cpp_examples:/home/vboxuser/bumperbot_ws/install/bumperbot_msgs:/home/vboxuser/bumperbot_ws/install/bumperbot_description:/home/vboxuser/bumperbot_ws/install/bumperbot_controller:/home/vboxuser/ros2_ws/install/my_simulation /usr/bin/cmake --install /home/vboxuser/agv_ws/build/canopen_interfaces
[2.067s] -- Install configuration: ""
[2.067s] -- Up-to-date: /home/vboxuser/agv_ws/install/canopen_interfaces/share/ament_index/resource_index/rosidl_interfaces/canopen_interfaces
[2.068s] -- Up-to-date: /home/vboxuser/agv_ws/install/canopen_interfaces/include/canopen_interfaces/canopen_interfaces
[2.068s] -- Up-to-date: /home/vboxuser/agv_ws/install/canopen_interfaces/include/canopen_interfaces/canopen_interfaces/srv
[2.068s] -- Up-to-date: /home/vboxuser/agv_ws/install/canopen_interfaces/include/canopen_interfaces/canopen_interfaces/srv/co_read_id.h
[2.068s] -- Up-to-date: /home/vboxuser/agv_ws/install/canopen_interfaces/include/canopen_interfaces/canopen_interfaces/srv/co_write_id.h
[2.068s] -- Up-to-date: /home/vboxuser/agv_ws/install/canopen_interfaces/include/canopen_interfaces/canopen_interfaces/srv/co_read.h
[2.069s] -- Up-to-date: /home/vboxuser/agv_ws/install/canopen_interfaces/include/canopen_interfaces/canopen_interfaces/srv/co_write.h
[2.069s] -- Up-to-date: /home/vboxuser/agv_ws/install/canopen_interfaces/include/canopen_interfaces/canopen_interfaces/srv/co_heartbeat_id.h
[2.069s] -- Up-to-date: /home/vboxuser/agv_ws/install/canopen_interfaces/include/canopen_interfaces/canopen_interfaces/srv/co_target_double.h
[2.069s] -- Up-to-date: /home/vboxuser/agv_ws/install/canopen_interfaces/include/canopen_interfaces/canopen_interfaces/srv/co_node.h
[2.069s] -- Up-to-date: /home/vboxuser/agv_ws/install/canopen_interfaces/include/canopen_interfaces/canopen_interfaces/srv/detail
[2.069s] -- Up-to-date: /home/vboxuser/agv_ws/install/canopen_interfaces/include/canopen_interfaces/canopen_interfaces/srv/detail/co_node__struct.h
[2.070s] -- Up-to-date: /home/vboxuser/agv_ws/install/canopen_interfaces/include/canopen_interfaces/canopen_interfaces/srv/detail/co_target_double__struct.h
[2.070s] -- Up-to-date: /home/vboxuser/agv_ws/install/canopen_interfaces/include/canopen_interfaces/canopen_interfaces/srv/detail/co_heartbeat_id__type_support.h
[2.070s] -- Up-to-date: /home/vboxuser/agv_ws/install/canopen_interfaces/include/canopen_interfaces/canopen_interfaces/srv/detail/co_node__type_support.h
[2.070s] -- Up-to-date: /home/vboxuser/agv_ws/install/canopen_interfaces/include/canopen_interfaces/canopen_interfaces/srv/detail/co_write_id__functions.c
[2.070s] -- Up-to-date: /home/vboxuser/agv_ws/install/canopen_interfaces/include/canopen_interfaces/canopen_interfaces/srv/detail/co_heartbeat_id__functions.h
[2.070s] -- Up-to-date: /home/vboxuser/agv_ws/install/canopen_interfaces/include/canopen_interfaces/canopen_interfaces/srv/detail/co_write_id__functions.h
[2.070s] -- Up-to-date: /home/vboxuser/agv_ws/install/canopen_interfaces/include/canopen_interfaces/canopen_interfaces/srv/detail/co_write_id__type_support.h
[2.071s] -- Up-to-date: /home/vboxuser/agv_ws/install/canopen_interfaces/include/canopen_interfaces/canopen_interfaces/srv/detail/co_heartbeat_id__struct.h
[2.071s] -- Up-to-date: /home/vboxuser/agv_ws/install/canopen_interfaces/include/canopen_interfaces/canopen_interfaces/srv/detail/co_read_id__struct.h
[2.071s] -- Up-to-date: /home/vboxuser/agv_ws/install/canopen_interfaces/include/canopen_interfaces/canopen_interfaces/srv/detail/co_write__struct.h
[2.071s] -- Up-to-date: /home/vboxuser/agv_ws/install/canopen_interfaces/include/canopen_interfaces/canopen_interfaces/srv/detail/co_nmt_id__functions.h
[2.071s] -- Up-to-date: /home/vboxuser/agv_ws/install/canopen_interfaces/include/canopen_interfaces/canopen_interfaces/srv/detail/co_target_double__functions.h
[2.072s] -- Up-to-date: /home/vboxuser/agv_ws/install/canopen_interfaces/include/canopen_interfaces/canopen_interfaces/srv/detail/co_read_id__functions.h
[2.072s] -- Up-to-date: /home/vboxuser/agv_ws/install/canopen_interfaces/include/canopen_interfaces/canopen_interfaces/srv/detail/co_write__functions.h
[2.072s] -- Up-to-date: /home/vboxuser/agv_ws/install/canopen_interfaces/include/canopen_interfaces/canopen_interfaces/srv/detail/co_target_double__functions.c
[2.072s] -- Up-to-date: /home/vboxuser/agv_ws/install/canopen_interfaces/include/canopen_interfaces/canopen_interfaces/srv/detail/co_read__type_support.h
[2.072s] -- Up-to-date: /home/vboxuser/agv_ws/install/canopen_interfaces/include/canopen_interfaces/canopen_interfaces/srv/detail/co_write__type_support.h
[2.073s] -- Up-to-date: /home/vboxuser/agv_ws/install/canopen_interfaces/include/canopen_interfaces/canopen_interfaces/srv/detail/co_read__struct.h
[2.073s] -- Up-to-date: /home/vboxuser/agv_ws/install/canopen_interfaces/include/canopen_interfaces/canopen_interfaces/srv/detail/co_nmt_id__struct.h
[2.073s] -- Up-to-date: /home/vboxuser/agv_ws/install/canopen_interfaces/include/canopen_interfaces/canopen_interfaces/srv/detail/co_read_id__type_support.h
[2.073s] -- Up-to-date: /home/vboxuser/agv_ws/install/canopen_interfaces/include/canopen_interfaces/canopen_interfaces/srv/detail/co_nmt_id__functions.c
[2.073s] -- Up-to-date: /home/vboxuser/agv_ws/install/canopen_interfaces/include/canopen_interfaces/canopen_interfaces/srv/detail/co_read_id__functions.c
[2.073s] -- Up-to-date: /home/vboxuser/agv_ws/install/canopen_interfaces/include/canopen_interfaces/canopen_interfaces/srv/detail/co_nmt_id__type_support.h
[2.074s] -- Up-to-date: /home/vboxuser/agv_ws/install/canopen_interfaces/include/canopen_interfaces/canopen_interfaces/srv/detail/co_read__functions.h
[2.074s] -- Up-to-date: /home/vboxuser/agv_ws/install/canopen_interfaces/include/canopen_interfaces/canopen_interfaces/srv/detail/co_write__functions.c
[2.074s] -- Up-to-date: /home/vboxuser/agv_ws/install/canopen_interfaces/include/canopen_interfaces/canopen_interfaces/srv/detail/co_read__functions.c
[2.074s] -- Up-to-date: /home/vboxuser/agv_ws/install/canopen_interfaces/include/canopen_interfaces/canopen_interfaces/srv/detail/co_write_id__struct.h
[2.074s] -- Up-to-date: /home/vboxuser/agv_ws/install/canopen_interfaces/include/canopen_interfaces/canopen_interfaces/srv/detail/co_heartbeat_id__functions.c
[2.075s] -- Up-to-date: /home/vboxuser/agv_ws/install/canopen_interfaces/include/canopen_interfaces/canopen_interfaces/srv/detail/co_node__functions.c
[2.075s] -- Up-to-date: /home/vboxuser/agv_ws/install/canopen_interfaces/include/canopen_interfaces/canopen_interfaces/srv/detail/co_node__functions.h
[2.075s] -- Up-to-date: /home/vboxuser/agv_ws/install/canopen_interfaces/include/canopen_interfaces/canopen_interfaces/srv/detail/co_target_double__type_support.h
[2.075s] -- Up-to-date: /home/vboxuser/agv_ws/install/canopen_interfaces/include/canopen_interfaces/canopen_interfaces/srv/co_nmt_id.h
[2.075s] -- Up-to-date: /home/vboxuser/agv_ws/install/canopen_interfaces/include/canopen_interfaces/canopen_interfaces/msg
[2.075s] -- Up-to-date: /home/vboxuser/agv_ws/install/canopen_interfaces/include/canopen_interfaces/canopen_interfaces/msg/rosidl_generator_c__visibility_control.h
[2.076s] -- Up-to-date: /home/vboxuser/agv_ws/install/canopen_interfaces/include/canopen_interfaces/canopen_interfaces/msg/detail
[2.076s] -- Up-to-date: /home/vboxuser/agv_ws/install/canopen_interfaces/include/canopen_interfaces/canopen_interfaces/msg/detail/co_data__functions.h
[2.076s] -- Up-to-date: /home/vboxuser/agv_ws/install/canopen_interfaces/include/canopen_interfaces/canopen_interfaces/msg/detail/co_data__functions.c
[2.076s] -- Up-to-date: /home/vboxuser/agv_ws/install/canopen_interfaces/include/canopen_interfaces/canopen_interfaces/msg/detail/co_data__type_support.h
[2.077s] -- Up-to-date: /home/vboxuser/agv_ws/install/canopen_interfaces/include/canopen_interfaces/canopen_interfaces/msg/detail/co_data__struct.h
[2.079s] -- Up-to-date: /home/vboxuser/agv_ws/install/canopen_interfaces/include/canopen_interfaces/canopen_interfaces/msg/co_data.h
[2.079s] -- Up-to-date: /home/vboxuser/agv_ws/install/canopen_interfaces/share/canopen_interfaces/environment/library_path.sh
[2.079s] -- Up-to-date: /home/vboxuser/agv_ws/install/canopen_interfaces/share/canopen_interfaces/environment/library_path.dsv
[2.080s] -- Up-to-date: /home/vboxuser/agv_ws/install/canopen_interfaces/lib/libcanopen_interfaces__rosidl_generator_c.so
[2.081s] -- Up-to-date: /home/vboxuser/agv_ws/install/canopen_interfaces/include/canopen_interfaces/canopen_interfaces
[2.081s] -- Up-to-date: /home/vboxuser/agv_ws/install/canopen_interfaces/include/canopen_interfaces/canopen_interfaces/srv
[2.081s] -- Up-to-date: /home/vboxuser/agv_ws/install/canopen_interfaces/include/canopen_interfaces/canopen_interfaces/srv/detail
[2.081s] -- Up-to-date: /home/vboxuser/agv_ws/install/canopen_interfaces/include/canopen_interfaces/canopen_interfaces/srv/detail/co_nmt_id__rosidl_typesupport_fastrtps_c.h
[2.081s] -- Up-to-date: /home/vboxuser/agv_ws/install/canopen_interfaces/include/canopen_interfaces/canopen_interfaces/srv/detail/co_node__rosidl_typesupport_fastrtps_c.h
[2.081s] -- Up-to-date: /home/vboxuser/agv_ws/install/canopen_interfaces/include/canopen_interfaces/canopen_interfaces/srv/detail/co_write__rosidl_typesupport_fastrtps_c.h
[2.082s] -- Up-to-date: /home/vboxuser/agv_ws/install/canopen_interfaces/include/canopen_interfaces/canopen_interfaces/srv/detail/co_read__rosidl_typesupport_fastrtps_c.h
[2.082s] -- Up-to-date: /home/vboxuser/agv_ws/install/canopen_interfaces/include/canopen_interfaces/canopen_interfaces/srv/detail/co_write_id__rosidl_typesupport_fastrtps_c.h
[2.082s] -- Up-to-date: /home/vboxuser/agv_ws/install/canopen_interfaces/include/canopen_interfaces/canopen_interfaces/srv/detail/co_target_double__rosidl_typesupport_fastrtps_c.h
[2.082s] -- Up-to-date: /home/vboxuser/agv_ws/install/canopen_interfaces/include/canopen_interfaces/canopen_interfaces/srv/detail/co_heartbeat_id__rosidl_typesupport_fastrtps_c.h
[2.082s] -- Up-to-date: /home/vboxuser/agv_ws/install/canopen_interfaces/include/canopen_interfaces/canopen_interfaces/srv/detail/co_read_id__rosidl_typesupport_fastrtps_c.h
[2.082s] -- Up-to-date: /home/vboxuser/agv_ws/install/canopen_interfaces/include/canopen_interfaces/canopen_interfaces/msg
[2.082s] -- Up-to-date: /home/vboxuser/agv_ws/install/canopen_interfaces/include/canopen_interfaces/canopen_interfaces/msg/rosidl_typesupport_fastrtps_c__visibility_control.h
[2.082s] -- Up-to-date: /home/vboxuser/agv_ws/install/canopen_interfaces/include/canopen_interfaces/canopen_interfaces/msg/detail
[2.083s] -- Up-to-date: /home/vboxuser/agv_ws/install/canopen_interfaces/include/canopen_interfaces/canopen_interfaces/msg/detail/co_data__rosidl_typesupport_fastrtps_c.h
[2.083s] -- Up-to-date: /home/vboxuser/agv_ws/install/canopen_interfaces/lib/libcanopen_interfaces__rosidl_typesupport_fastrtps_c.so
[2.083s] -- Up-to-date: /home/vboxuser/agv_ws/install/canopen_interfaces/include/canopen_interfaces/canopen_interfaces
[2.083s] -- Up-to-date: /home/vboxuser/agv_ws/install/canopen_interfaces/include/canopen_interfaces/canopen_interfaces/srv
[2.083s] -- Up-to-date: /home/vboxuser/agv_ws/install/canopen_interfaces/include/canopen_interfaces/canopen_interfaces/srv/detail
[2.083s] -- Up-to-date: /home/vboxuser/agv_ws/install/canopen_interfaces/include/canopen_interfaces/canopen_interfaces/srv/detail/co_heartbeat_id__rosidl_typesupport_introspection_c.h
[2.083s] -- Up-to-date: /home/vboxuser/agv_ws/install/canopen_interfaces/include/canopen_interfaces/canopen_interfaces/srv/detail/co_write_id__type_support.c
[2.083s] -- Up-to-date: /home/vboxuser/agv_ws/install/canopen_interfaces/include/canopen_interfaces/canopen_interfaces/srv/detail/co_read_id__rosidl_typesupport_introspection_c.h
[2.083s] -- Up-to-date: /home/vboxuser/agv_ws/install/canopen_interfaces/include/canopen_interfaces/canopen_interfaces/srv/detail/co_read__rosidl_typesupport_introspection_c.h
[2.084s] -- Up-to-date: /home/vboxuser/agv_ws/install/canopen_interfaces/include/canopen_interfaces/canopen_interfaces/srv/detail/co_nmt_id__type_support.c
[2.084s] -- Up-to-date: /home/vboxuser/agv_ws/install/canopen_interfaces/include/canopen_interfaces/canopen_interfaces/srv/detail/co_target_double__rosidl_typesupport_introspection_c.h
[2.084s] -- Up-to-date: /home/vboxuser/agv_ws/install/canopen_interfaces/include/canopen_interfaces/canopen_interfaces/srv/detail/co_nmt_id__rosidl_typesupport_introspection_c.h
[2.084s] -- Up-to-date: /home/vboxuser/agv_ws/install/canopen_interfaces/include/canopen_interfaces/canopen_interfaces/srv/detail/co_write__rosidl_typesupport_introspection_c.h
[2.084s] -- Up-to-date: /home/vboxuser/agv_ws/install/canopen_interfaces/include/canopen_interfaces/canopen_interfaces/srv/detail/co_read__type_support.c
[2.084s] -- Up-to-date: /home/vboxuser/agv_ws/install/canopen_interfaces/include/canopen_interfaces/canopen_interfaces/srv/detail/co_node__type_support.c
[2.084s] -- Up-to-date: /home/vboxuser/agv_ws/install/canopen_interfaces/include/canopen_interfaces/canopen_interfaces/srv/detail/co_node__rosidl_typesupport_introspection_c.h
[2.084s] -- Up-to-date: /home/vboxuser/agv_ws/install/canopen_interfaces/include/canopen_interfaces/canopen_interfaces/srv/detail/co_write__type_support.c
[2.085s] -- Up-to-date: /home/vboxuser/agv_ws/install/canopen_interfaces/include/canopen_interfaces/canopen_interfaces/srv/detail/co_read_id__type_support.c
[2.085s] -- Up-to-date: /home/vboxuser/agv_ws/install/canopen_interfaces/include/canopen_interfaces/canopen_interfaces/srv/detail/co_target_double__type_support.c
[2.085s] -- Up-to-date: /home/vboxuser/agv_ws/install/canopen_interfaces/include/canopen_interfaces/canopen_interfaces/srv/detail/co_heartbeat_id__type_support.c
[2.085s] -- Up-to-date: /home/vboxuser/agv_ws/install/canopen_interfaces/include/canopen_interfaces/canopen_interfaces/srv/detail/co_write_id__rosidl_typesupport_introspection_c.h
[2.085s] -- Up-to-date: /home/vboxuser/agv_ws/install/canopen_interfaces/include/canopen_interfaces/canopen_interfaces/msg
[2.085s] -- Up-to-date: /home/vboxuser/agv_ws/install/canopen_interfaces/include/canopen_interfaces/canopen_interfaces/msg/rosidl_typesupport_introspection_c__visibility_control.h
[2.085s] -- Up-to-date: /home/vboxuser/agv_ws/install/canopen_interfaces/include/canopen_interfaces/canopen_interfaces/msg/detail
[2.085s] -- Up-to-date: /home/vboxuser/agv_ws/install/canopen_interfaces/include/canopen_interfaces/canopen_interfaces/msg/detail/co_data__rosidl_typesupport_introspection_c.h
[2.086s] -- Up-to-date: /home/vboxuser/agv_ws/install/canopen_interfaces/include/canopen_interfaces/canopen_interfaces/msg/detail/co_data__type_support.c
[2.086s] -- Up-to-date: /home/vboxuser/agv_ws/install/canopen_interfaces/lib/libcanopen_interfaces__rosidl_typesupport_introspection_c.so
[2.091s] -- Up-to-date: /home/vboxuser/agv_ws/install/canopen_interfaces/lib/libcanopen_interfaces__rosidl_typesupport_c.so
[2.091s] -- Up-to-date: /home/vboxuser/agv_ws/install/canopen_interfaces/include/canopen_interfaces/canopen_interfaces
[2.091s] -- Up-to-date: /home/vboxuser/agv_ws/install/canopen_interfaces/include/canopen_interfaces/canopen_interfaces/srv
[2.092s] -- Up-to-date: /home/vboxuser/agv_ws/install/canopen_interfaces/include/canopen_interfaces/canopen_interfaces/srv/co_node.hpp
[2.092s] -- Up-to-date: /home/vboxuser/agv_ws/install/canopen_interfaces/include/canopen_interfaces/canopen_interfaces/srv/co_read.hpp
[2.092s] -- Up-to-date: /home/vboxuser/agv_ws/install/canopen_interfaces/include/canopen_interfaces/canopen_interfaces/srv/co_target_double.hpp
[2.092s] -- Up-to-date: /home/vboxuser/agv_ws/install/canopen_interfaces/include/canopen_interfaces/canopen_interfaces/srv/co_write.hpp
[2.092s] -- Up-to-date: /home/vboxuser/agv_ws/install/canopen_interfaces/include/canopen_interfaces/canopen_interfaces/srv/co_nmt_id.hpp
[2.092s] -- Up-to-date: /home/vboxuser/agv_ws/install/canopen_interfaces/include/canopen_interfaces/canopen_interfaces/srv/co_write_id.hpp
[2.092s] -- Up-to-date: /home/vboxuser/agv_ws/install/canopen_interfaces/include/canopen_interfaces/canopen_interfaces/srv/co_read_id.hpp
[2.092s] -- Up-to-date: /home/vboxuser/agv_ws/install/canopen_interfaces/include/canopen_interfaces/canopen_interfaces/srv/co_heartbeat_id.hpp
[2.092s] -- Up-to-date: /home/vboxuser/agv_ws/install/canopen_interfaces/include/canopen_interfaces/canopen_interfaces/srv/detail
[2.093s] -- Up-to-date: /home/vboxuser/agv_ws/install/canopen_interfaces/include/canopen_interfaces/canopen_interfaces/srv/detail/co_heartbeat_id__struct.hpp
[2.093s] -- Up-to-date: /home/vboxuser/agv_ws/install/canopen_interfaces/include/canopen_interfaces/canopen_interfaces/srv/detail/co_node__struct.hpp
[2.093s] -- Up-to-date: /home/vboxuser/agv_ws/install/canopen_interfaces/include/canopen_interfaces/canopen_interfaces/srv/detail/co_read_id__struct.hpp
[2.093s] -- Up-to-date: /home/vboxuser/agv_ws/install/canopen_interfaces/include/canopen_interfaces/canopen_interfaces/srv/detail/co_write__traits.hpp
[2.093s] -- Up-to-date: /home/vboxuser/agv_ws/install/canopen_interfaces/include/canopen_interfaces/canopen_interfaces/srv/detail/co_nmt_id__builder.hpp
[2.093s] -- Up-to-date: /home/vboxuser/agv_ws/install/canopen_interfaces/include/canopen_interfaces/canopen_interfaces/srv/detail/co_write_id__struct.hpp
[2.093s] -- Up-to-date: /home/vboxuser/agv_ws/install/canopen_interfaces/include/canopen_interfaces/canopen_interfaces/srv/detail/co_write_id__builder.hpp
[2.093s] -- Up-to-date: /home/vboxuser/agv_ws/install/canopen_interfaces/include/canopen_interfaces/canopen_interfaces/srv/detail/co_target_double__traits.hpp
[2.094s] -- Up-to-date: /home/vboxuser/agv_ws/install/canopen_interfaces/include/canopen_interfaces/canopen_interfaces/srv/detail/co_read__builder.hpp
[2.094s] -- Up-to-date: /home/vboxuser/agv_ws/install/canopen_interfaces/include/canopen_interfaces/canopen_interfaces/srv/detail/co_read__traits.hpp
[2.094s] -- Up-to-date: /home/vboxuser/agv_ws/install/canopen_interfaces/include/canopen_interfaces/canopen_interfaces/srv/detail/co_read_id__builder.hpp
[2.094s] -- Up-to-date: /home/vboxuser/agv_ws/install/canopen_interfaces/include/canopen_interfaces/canopen_interfaces/srv/detail/co_node__builder.hpp
[2.095s] -- Up-to-date: /home/vboxuser/agv_ws/install/canopen_interfaces/include/canopen_interfaces/canopen_interfaces/srv/detail/co_write__struct.hpp
[2.095s] -- Up-to-date: /home/vboxuser/agv_ws/install/canopen_interfaces/include/canopen_interfaces/canopen_interfaces/srv/detail/co_target_double__struct.hpp
[2.097s] -- Up-to-date: /home/vboxuser/agv_ws/install/canopen_interfaces/include/canopen_interfaces/canopen_interfaces/srv/detail/co_write__builder.hpp
[2.098s] -- Up-to-date: /home/vboxuser/agv_ws/install/canopen_interfaces/include/canopen_interfaces/canopen_interfaces/srv/detail/co_target_double__builder.hpp
[2.098s] -- Up-to-date: /home/vboxuser/agv_ws/install/canopen_interfaces/include/canopen_interfaces/canopen_interfaces/srv/detail/co_read__struct.hpp
[2.098s] -- Up-to-date: /home/vboxuser/agv_ws/install/canopen_interfaces/include/canopen_interfaces/canopen_interfaces/srv/detail/co_nmt_id__traits.hpp
[2.098s] -- Up-to-date: /home/vboxuser/agv_ws/install/canopen_interfaces/include/canopen_interfaces/canopen_interfaces/srv/detail/co_node__traits.hpp
[2.098s] -- Up-to-date: /home/vboxuser/agv_ws/install/canopen_interfaces/include/canopen_interfaces/canopen_interfaces/srv/detail/co_read_id__traits.hpp
[2.098s] -- Up-to-date: /home/vboxuser/agv_ws/install/canopen_interfaces/include/canopen_interfaces/canopen_interfaces/srv/detail/co_write_id__traits.hpp
[2.098s] -- Up-to-date: /home/vboxuser/agv_ws/install/canopen_interfaces/include/canopen_interfaces/canopen_interfaces/srv/detail/co_heartbeat_id__builder.hpp
[2.099s] -- Up-to-date: /home/vboxuser/agv_ws/install/canopen_interfaces/include/canopen_interfaces/canopen_interfaces/srv/detail/co_nmt_id__struct.hpp
[2.099s] -- Up-to-date: /home/vboxuser/agv_ws/install/canopen_interfaces/include/canopen_interfaces/canopen_interfaces/srv/detail/co_heartbeat_id__traits.hpp
[2.099s] -- Up-to-date: /home/vboxuser/agv_ws/install/canopen_interfaces/include/canopen_interfaces/canopen_interfaces/msg
[2.099s] -- Up-to-date: /home/vboxuser/agv_ws/install/canopen_interfaces/include/canopen_interfaces/canopen_interfaces/msg/co_data.hpp
[2.099s] -- Up-to-date: /home/vboxuser/agv_ws/install/canopen_interfaces/include/canopen_interfaces/canopen_interfaces/msg/detail
[2.099s] -- Up-to-date: /home/vboxuser/agv_ws/install/canopen_interfaces/include/canopen_interfaces/canopen_interfaces/msg/detail/co_data__builder.hpp
[2.099s] -- Up-to-date: /home/vboxuser/agv_ws/install/canopen_interfaces/include/canopen_interfaces/canopen_interfaces/msg/detail/co_data__struct.hpp
[2.099s] -- Up-to-date: /home/vboxuser/agv_ws/install/canopen_interfaces/include/canopen_interfaces/canopen_interfaces/msg/detail/co_data__traits.hpp
[2.099s] -- Up-to-date: /home/vboxuser/agv_ws/install/canopen_interfaces/include/canopen_interfaces/canopen_interfaces
[2.100s] -- Up-to-date: /home/vboxuser/agv_ws/install/canopen_interfaces/include/canopen_interfaces/canopen_interfaces/srv
[2.100s] -- Up-to-date: /home/vboxuser/agv_ws/install/canopen_interfaces/include/canopen_interfaces/canopen_interfaces/srv/detail
[2.100s] -- Up-to-date: /home/vboxuser/agv_ws/install/canopen_interfaces/include/canopen_interfaces/canopen_interfaces/srv/detail/co_target_double__rosidl_typesupport_fastrtps_cpp.hpp
[2.100s] -- Up-to-date: /home/vboxuser/agv_ws/install/canopen_interfaces/include/canopen_interfaces/canopen_interfaces/srv/detail/co_heartbeat_id__rosidl_typesupport_fastrtps_cpp.hpp
[2.100s] -- Up-to-date: /home/vboxuser/agv_ws/install/canopen_interfaces/include/canopen_interfaces/canopen_interfaces/srv/detail/co_nmt_id__rosidl_typesupport_fastrtps_cpp.hpp
[2.100s] -- Up-to-date: /home/vboxuser/agv_ws/install/canopen_interfaces/include/canopen_interfaces/canopen_interfaces/srv/detail/co_read_id__rosidl_typesupport_fastrtps_cpp.hpp
[2.100s] -- Up-to-date: /home/vboxuser/agv_ws/install/canopen_interfaces/include/canopen_interfaces/canopen_interfaces/srv/detail/co_node__rosidl_typesupport_fastrtps_cpp.hpp
[2.100s] -- Up-to-date: /home/vboxuser/agv_ws/install/canopen_interfaces/include/canopen_interfaces/canopen_interfaces/srv/detail/co_write_id__rosidl_typesupport_fastrtps_cpp.hpp
[2.100s] -- Up-to-date: /home/vboxuser/agv_ws/install/canopen_interfaces/include/canopen_interfaces/canopen_interfaces/srv/detail/co_write__rosidl_typesupport_fastrtps_cpp.hpp
[2.101s] -- Up-to-date: /home/vboxuser/agv_ws/install/canopen_interfaces/include/canopen_interfaces/canopen_interfaces/srv/detail/co_read__rosidl_typesupport_fastrtps_cpp.hpp
[2.101s] -- Up-to-date: /home/vboxuser/agv_ws/install/canopen_interfaces/include/canopen_interfaces/canopen_interfaces/srv/detail/dds_fastrtps
[2.101s] -- Up-to-date: /home/vboxuser/agv_ws/install/canopen_interfaces/include/canopen_interfaces/canopen_interfaces/msg
[2.101s] -- Up-to-date: /home/vboxuser/agv_ws/install/canopen_interfaces/include/canopen_interfaces/canopen_interfaces/msg/rosidl_typesupport_fastrtps_cpp__visibility_control.h
[2.101s] -- Up-to-date: /home/vboxuser/agv_ws/install/canopen_interfaces/include/canopen_interfaces/canopen_interfaces/msg/detail
[2.101s] -- Up-to-date: /home/vboxuser/agv_ws/install/canopen_interfaces/include/canopen_interfaces/canopen_interfaces/msg/detail/co_data__rosidl_typesupport_fastrtps_cpp.hpp
[2.101s] -- Up-to-date: /home/vboxuser/agv_ws/install/canopen_interfaces/include/canopen_interfaces/canopen_interfaces/msg/detail/dds_fastrtps
[2.101s] -- Up-to-date: /home/vboxuser/agv_ws/install/canopen_interfaces/lib/libcanopen_interfaces__rosidl_typesupport_fastrtps_cpp.so
[2.102s] -- Up-to-date: /home/vboxuser/agv_ws/install/canopen_interfaces/include/canopen_interfaces/canopen_interfaces
[2.102s] -- Up-to-date: /home/vboxuser/agv_ws/install/canopen_interfaces/include/canopen_interfaces/canopen_interfaces/srv
[2.102s] -- Up-to-date: /home/vboxuser/agv_ws/install/canopen_interfaces/include/canopen_interfaces/canopen_interfaces/srv/detail
[2.102s] -- Up-to-date: /home/vboxuser/agv_ws/install/canopen_interfaces/include/canopen_interfaces/canopen_interfaces/srv/detail/co_nmt_id__type_support.cpp
[2.102s] -- Up-to-date: /home/vboxuser/agv_ws/install/canopen_interfaces/include/canopen_interfaces/canopen_interfaces/srv/detail/co_write_id__rosidl_typesupport_introspection_cpp.hpp
[2.102s] -- Up-to-date: /home/vboxuser/agv_ws/install/canopen_interfaces/include/canopen_interfaces/canopen_interfaces/srv/detail/co_nmt_id__rosidl_typesupport_introspection_cpp.hpp
[2.102s] -- Up-to-date: /home/vboxuser/agv_ws/install/canopen_interfaces/include/canopen_interfaces/canopen_interfaces/srv/detail/co_write__type_support.cpp
[2.102s] -- Up-to-date: /home/vboxuser/agv_ws/install/canopen_interfaces/include/canopen_interfaces/canopen_interfaces/srv/detail/co_read_id__type_support.cpp
[2.102s] -- Up-to-date: /home/vboxuser/agv_ws/install/canopen_interfaces/include/canopen_interfaces/canopen_interfaces/srv/detail/co_write_id__type_support.cpp
[2.103s] -- Up-to-date: /home/vboxuser/agv_ws/install/canopen_interfaces/include/canopen_interfaces/canopen_interfaces/srv/detail/co_read_id__rosidl_typesupport_introspection_cpp.hpp
[2.103s] -- Up-to-date: /home/vboxuser/agv_ws/install/canopen_interfaces/include/canopen_interfaces/canopen_interfaces/srv/detail/co_target_double__type_support.cpp
[2.103s] -- Up-to-date: /home/vboxuser/agv_ws/install/canopen_interfaces/include/canopen_interfaces/canopen_interfaces/srv/detail/co_target_double__rosidl_typesupport_introspection_cpp.hpp
[2.103s] -- Up-to-date: /home/vboxuser/agv_ws/install/canopen_interfaces/include/canopen_interfaces/canopen_interfaces/srv/detail/co_heartbeat_id__type_support.cpp
[2.103s] -- Up-to-date: /home/vboxuser/agv_ws/install/canopen_interfaces/include/canopen_interfaces/canopen_interfaces/srv/detail/co_read__type_support.cpp
[2.103s] -- Up-to-date: /home/vboxuser/agv_ws/install/canopen_interfaces/include/canopen_interfaces/canopen_interfaces/srv/detail/co_node__rosidl_typesupport_introspection_cpp.hpp
[2.103s] -- Up-to-date: /home/vboxuser/agv_ws/install/canopen_interfaces/include/canopen_interfaces/canopen_interfaces/srv/detail/co_write__rosidl_typesupport_introspection_cpp.hpp
[2.103s] -- Up-to-date: /home/vboxuser/agv_ws/install/canopen_interfaces/include/canopen_interfaces/canopen_interfaces/srv/detail/co_heartbeat_id__rosidl_typesupport_introspection_cpp.hpp
[2.103s] -- Up-to-date: /home/vboxuser/agv_ws/install/canopen_interfaces/include/canopen_interfaces/canopen_interfaces/srv/detail/co_read__rosidl_typesupport_introspection_cpp.hpp
[2.104s] -- Up-to-date: /home/vboxuser/agv_ws/install/canopen_interfaces/include/canopen_interfaces/canopen_interfaces/srv/detail/co_node__type_support.cpp
[2.105s] -- Up-to-date: /home/vboxuser/agv_ws/install/canopen_interfaces/include/canopen_interfaces/canopen_interfaces/msg
[2.106s] -- Up-to-date: /home/vboxuser/agv_ws/install/canopen_interfaces/include/canopen_interfaces/canopen_interfaces/msg/detail
[2.107s] -- Up-to-date: /home/vboxuser/agv_ws/install/canopen_interfaces/include/canopen_interfaces/canopen_interfaces/msg/detail/co_data__type_support.cpp
[2.107s] -- Up-to-date: /home/vboxuser/agv_ws/install/canopen_interfaces/include/canopen_interfaces/canopen_interfaces/msg/detail/co_data__rosidl_typesupport_introspection_cpp.hpp
[2.107s] -- Up-to-date: /home/vboxuser/agv_ws/install/canopen_interfaces/lib/libcanopen_interfaces__rosidl_typesupport_introspection_cpp.so
[2.107s] -- Up-to-date: /home/vboxuser/agv_ws/install/canopen_interfaces/lib/libcanopen_interfaces__rosidl_typesupport_cpp.so
[2.107s] -- Up-to-date: /home/vboxuser/agv_ws/install/canopen_interfaces/share/canopen_interfaces/environment/pythonpath.sh
[2.107s] -- Up-to-date: /home/vboxuser/agv_ws/install/canopen_interfaces/share/canopen_interfaces/environment/pythonpath.dsv
[2.107s] -- Up-to-date: /home/vboxuser/agv_ws/install/canopen_interfaces/local/lib/python3.10/dist-packages/canopen_interfaces-0.2.7-py3.10.egg-info
[2.107s] -- Installing: /home/vboxuser/agv_ws/install/canopen_interfaces/local/lib/python3.10/dist-packages/canopen_interfaces-0.2.7-py3.10.egg-info/SOURCES.txt
[2.108s] -- Installing: /home/vboxuser/agv_ws/install/canopen_interfaces/local/lib/python3.10/dist-packages/canopen_interfaces-0.2.7-py3.10.egg-info/dependency_links.txt
[2.108s] -- Installing: /home/vboxuser/agv_ws/install/canopen_interfaces/local/lib/python3.10/dist-packages/canopen_interfaces-0.2.7-py3.10.egg-info/PKG-INFO
[2.108s] -- Installing: /home/vboxuser/agv_ws/install/canopen_interfaces/local/lib/python3.10/dist-packages/canopen_interfaces-0.2.7-py3.10.egg-info/top_level.txt
[2.108s] -- Up-to-date: /home/vboxuser/agv_ws/install/canopen_interfaces/local/lib/python3.10/dist-packages/canopen_interfaces
[2.108s] -- Up-to-date: /home/vboxuser/agv_ws/install/canopen_interfaces/local/lib/python3.10/dist-packages/canopen_interfaces/srv
[2.108s] -- Up-to-date: /home/vboxuser/agv_ws/install/canopen_interfaces/local/lib/python3.10/dist-packages/canopen_interfaces/srv/_co_heartbeat_id.py
[2.108s] -- Up-to-date: /home/vboxuser/agv_ws/install/canopen_interfaces/local/lib/python3.10/dist-packages/canopen_interfaces/srv/_co_read.py
[2.109s] -- Up-to-date: /home/vboxuser/agv_ws/install/canopen_interfaces/local/lib/python3.10/dist-packages/canopen_interfaces/srv/_co_heartbeat_id_s.c
[2.109s] -- Up-to-date: /home/vboxuser/agv_ws/install/canopen_interfaces/local/lib/python3.10/dist-packages/canopen_interfaces/srv/_co_nmt_id.py
[2.109s] -- Up-to-date: /home/vboxuser/agv_ws/install/canopen_interfaces/local/lib/python3.10/dist-packages/canopen_interfaces/srv/_co_node_s.c
[2.109s] -- Up-to-date: /home/vboxuser/agv_ws/install/canopen_interfaces/local/lib/python3.10/dist-packages/canopen_interfaces/srv/_co_target_double_s.c
[2.109s] -- Up-to-date: /home/vboxuser/agv_ws/install/canopen_interfaces/local/lib/python3.10/dist-packages/canopen_interfaces/srv/_co_read_s.c
[2.109s] -- Up-to-date: /home/vboxuser/agv_ws/install/canopen_interfaces/local/lib/python3.10/dist-packages/canopen_interfaces/srv/_co_read_id_s.c
[2.109s] -- Up-to-date: /home/vboxuser/agv_ws/install/canopen_interfaces/local/lib/python3.10/dist-packages/canopen_interfaces/srv/__init__.py
[2.110s] -- Up-to-date: /home/vboxuser/agv_ws/install/canopen_interfaces/local/lib/python3.10/dist-packages/canopen_interfaces/srv/_co_nmt_id_s.c
[2.110s] -- Up-to-date: /home/vboxuser/agv_ws/install/canopen_interfaces/local/lib/python3.10/dist-packages/canopen_interfaces/srv/_co_node.py
[2.110s] -- Up-to-date: /home/vboxuser/agv_ws/install/canopen_interfaces/local/lib/python3.10/dist-packages/canopen_interfaces/srv/_co_write_id.py
[2.110s] -- Up-to-date: /home/vboxuser/agv_ws/install/canopen_interfaces/local/lib/python3.10/dist-packages/canopen_interfaces/srv/_co_write_s.c
[2.110s] -- Up-to-date: /home/vboxuser/agv_ws/install/canopen_interfaces/local/lib/python3.10/dist-packages/canopen_interfaces/srv/_co_write.py
[2.110s] -- Up-to-date: /home/vboxuser/agv_ws/install/canopen_interfaces/local/lib/python3.10/dist-packages/canopen_interfaces/srv/_co_read_id.py
[2.110s] -- Up-to-date: /home/vboxuser/agv_ws/install/canopen_interfaces/local/lib/python3.10/dist-packages/canopen_interfaces/srv/_co_target_double.py
[2.110s] -- Up-to-date: /home/vboxuser/agv_ws/install/canopen_interfaces/local/lib/python3.10/dist-packages/canopen_interfaces/srv/_co_write_id_s.c
[2.110s] -- Up-to-date: /home/vboxuser/agv_ws/install/canopen_interfaces/local/lib/python3.10/dist-packages/canopen_interfaces/_canopen_interfaces_s.ep.rosidl_typesupport_introspection_c.c
[2.111s] -- Up-to-date: /home/vboxuser/agv_ws/install/canopen_interfaces/local/lib/python3.10/dist-packages/canopen_interfaces/_canopen_interfaces_s.ep.rosidl_typesupport_fastrtps_c.c
[2.111s] -- Up-to-date: /home/vboxuser/agv_ws/install/canopen_interfaces/local/lib/python3.10/dist-packages/canopen_interfaces/_canopen_interfaces_s.ep.rosidl_typesupport_c.c
[2.111s] -- Up-to-date: /home/vboxuser/agv_ws/install/canopen_interfaces/local/lib/python3.10/dist-packages/canopen_interfaces/libcanopen_interfaces__rosidl_generator_py.so
[2.111s] -- Up-to-date: /home/vboxuser/agv_ws/install/canopen_interfaces/local/lib/python3.10/dist-packages/canopen_interfaces/__init__.py
[2.111s] -- Up-to-date: /home/vboxuser/agv_ws/install/canopen_interfaces/local/lib/python3.10/dist-packages/canopen_interfaces/msg
[2.111s] -- Up-to-date: /home/vboxuser/agv_ws/install/canopen_interfaces/local/lib/python3.10/dist-packages/canopen_interfaces/msg/_co_data_s.c
[2.111s] -- Up-to-date: /home/vboxuser/agv_ws/install/canopen_interfaces/local/lib/python3.10/dist-packages/canopen_interfaces/msg/__init__.py
[2.111s] -- Up-to-date: /home/vboxuser/agv_ws/install/canopen_interfaces/local/lib/python3.10/dist-packages/canopen_interfaces/msg/_co_data.py
[2.111s] -- Up-to-date: /home/vboxuser/agv_ws/install/canopen_interfaces/local/lib/python3.10/dist-packages/canopen_interfaces/canopen_interfaces_s__rosidl_typesupport_c.cpython-310-x86_64-linux-gnu.so
[2.112s] -- Up-to-date: /home/vboxuser/agv_ws/install/canopen_interfaces/local/lib/python3.10/dist-packages/canopen_interfaces/canopen_interfaces_s__rosidl_typesupport_introspection_c.cpython-310-x86_64-linux-gnu.so
[2.112s] -- Up-to-date: /home/vboxuser/agv_ws/install/canopen_interfaces/local/lib/python3.10/dist-packages/canopen_interfaces/canopen_interfaces_s__rosidl_typesupport_fastrtps_c.cpython-310-x86_64-linux-gnu.so
[2.234s] Listing '/home/vboxuser/agv_ws/install/canopen_interfaces/local/lib/python3.10/dist-packages/canopen_interfaces'...
[2.234s] Listing '/home/vboxuser/agv_ws/install/canopen_interfaces/local/lib/python3.10/dist-packages/canopen_interfaces/msg'...
[2.234s] Listing '/home/vboxuser/agv_ws/install/canopen_interfaces/local/lib/python3.10/dist-packages/canopen_interfaces/srv'...
[2.245s] -- Up-to-date: /home/vboxuser/agv_ws/install/canopen_interfaces/local/lib/python3.10/dist-packages/canopen_interfaces/canopen_interfaces_s__rosidl_typesupport_fastrtps_c.cpython-310-x86_64-linux-gnu.so
[2.247s] -- Up-to-date: /home/vboxuser/agv_ws/install/canopen_interfaces/local/lib/python3.10/dist-packages/canopen_interfaces/canopen_interfaces_s__rosidl_typesupport_introspection_c.cpython-310-x86_64-linux-gnu.so
[2.249s] -- Up-to-date: /home/vboxuser/agv_ws/install/canopen_interfaces/local/lib/python3.10/dist-packages/canopen_interfaces/canopen_interfaces_s__rosidl_typesupport_c.cpython-310-x86_64-linux-gnu.so
[2.250s] -- Up-to-date: /home/vboxuser/agv_ws/install/canopen_interfaces/lib/libcanopen_interfaces__rosidl_generator_py.so
[2.251s] -- Up-to-date: /home/vboxuser/agv_ws/install/canopen_interfaces/share/canopen_interfaces/srv/COHeartbeatID.idl
[2.255s] -- Up-to-date: /home/vboxuser/agv_ws/install/canopen_interfaces/share/canopen_interfaces/srv/CONmtID.idl
[2.256s] -- Up-to-date: /home/vboxuser/agv_ws/install/canopen_interfaces/share/canopen_interfaces/srv/CORead.idl
[2.257s] -- Up-to-date: /home/vboxuser/agv_ws/install/canopen_interfaces/share/canopen_interfaces/srv/COReadID.idl
[2.257s] -- Up-to-date: /home/vboxuser/agv_ws/install/canopen_interfaces/share/canopen_interfaces/srv/COWrite.idl
[2.257s] -- Up-to-date: /home/vboxuser/agv_ws/install/canopen_interfaces/share/canopen_interfaces/srv/COWriteID.idl
[2.257s] -- Up-to-date: /home/vboxuser/agv_ws/install/canopen_interfaces/share/canopen_interfaces/srv/COTargetDouble.idl
[2.258s] -- Up-to-date: /home/vboxuser/agv_ws/install/canopen_interfaces/share/canopen_interfaces/srv/CONode.idl
[2.258s] -- Up-to-date: /home/vboxuser/agv_ws/install/canopen_interfaces/share/canopen_interfaces/msg/COData.idl
[2.259s] -- Up-to-date: /home/vboxuser/agv_ws/install/canopen_interfaces/share/canopen_interfaces/srv/COHeartbeatID.srv
[2.259s] -- Up-to-date: /home/vboxuser/agv_ws/install/canopen_interfaces/share/canopen_interfaces/srv/COHeartbeatID_Request.msg
[2.263s] -- Up-to-date: /home/vboxuser/agv_ws/install/canopen_interfaces/share/canopen_interfaces/srv/COHeartbeatID_Response.msg
[2.263s] -- Up-to-date: /home/vboxuser/agv_ws/install/canopen_interfaces/share/canopen_interfaces/srv/CONmtID.srv
[2.263s] -- Up-to-date: /home/vboxuser/agv_ws/install/canopen_interfaces/share/canopen_interfaces/srv/CONmtID_Request.msg
[2.263s] -- Up-to-date: /home/vboxuser/agv_ws/install/canopen_interfaces/share/canopen_interfaces/srv/CONmtID_Response.msg
[2.264s] -- Up-to-date: /home/vboxuser/agv_ws/install/canopen_interfaces/share/canopen_interfaces/srv/CORead.srv
[2.264s] -- Up-to-date: /home/vboxuser/agv_ws/install/canopen_interfaces/share/canopen_interfaces/srv/CORead_Request.msg
[2.264s] -- Up-to-date: /home/vboxuser/agv_ws/install/canopen_interfaces/share/canopen_interfaces/srv/CORead_Response.msg
[2.264s] -- Up-to-date: /home/vboxuser/agv_ws/install/canopen_interfaces/share/canopen_interfaces/srv/COReadID.srv
[2.265s] -- Up-to-date: /home/vboxuser/agv_ws/install/canopen_interfaces/share/canopen_interfaces/srv/COReadID_Request.msg
[2.265s] -- Up-to-date: /home/vboxuser/agv_ws/install/canopen_interfaces/share/canopen_interfaces/srv/COReadID_Response.msg
[2.265s] -- Up-to-date: /home/vboxuser/agv_ws/install/canopen_interfaces/share/canopen_interfaces/srv/COWrite.srv
[2.266s] -- Up-to-date: /home/vboxuser/agv_ws/install/canopen_interfaces/share/canopen_interfaces/srv/COWrite_Request.msg
[2.266s] -- Up-to-date: /home/vboxuser/agv_ws/install/canopen_interfaces/share/canopen_interfaces/srv/COWrite_Response.msg
[2.266s] -- Up-to-date: /home/vboxuser/agv_ws/install/canopen_interfaces/share/canopen_interfaces/srv/COWriteID.srv
[2.266s] -- Up-to-date: /home/vboxuser/agv_ws/install/canopen_interfaces/share/canopen_interfaces/srv/COWriteID_Request.msg
[2.266s] -- Up-to-date: /home/vboxuser/agv_ws/install/canopen_interfaces/share/canopen_interfaces/srv/COWriteID_Response.msg
[2.266s] -- Up-to-date: /home/vboxuser/agv_ws/install/canopen_interfaces/share/canopen_interfaces/srv/COTargetDouble.srv
[2.267s] -- Up-to-date: /home/vboxuser/agv_ws/install/canopen_interfaces/share/canopen_interfaces/srv/COTargetDouble_Request.msg
[2.267s] -- Up-to-date: /home/vboxuser/agv_ws/install/canopen_interfaces/share/canopen_interfaces/srv/COTargetDouble_Response.msg
[2.267s] -- Up-to-date: /home/vboxuser/agv_ws/install/canopen_interfaces/share/canopen_interfaces/srv/CONode.srv
[2.267s] -- Up-to-date: /home/vboxuser/agv_ws/install/canopen_interfaces/share/canopen_interfaces/srv/CONode_Request.msg
[2.267s] -- Up-to-date: /home/vboxuser/agv_ws/install/canopen_interfaces/share/canopen_interfaces/srv/CONode_Response.msg
[2.267s] -- Up-to-date: /home/vboxuser/agv_ws/install/canopen_interfaces/share/canopen_interfaces/msg/COData.msg
[2.268s] -- Up-to-date: /home/vboxuser/agv_ws/install/canopen_interfaces/share/ament_index/resource_index/package_run_dependencies/canopen_interfaces
[2.268s] -- Up-to-date: /home/vboxuser/agv_ws/install/canopen_interfaces/share/ament_index/resource_index/parent_prefix_path/canopen_interfaces
[2.269s] -- Installing: /home/vboxuser/agv_ws/install/canopen_interfaces/share/canopen_interfaces/environment/ament_prefix_path.sh
[2.270s] -- Up-to-date: /home/vboxuser/agv_ws/install/canopen_interfaces/share/canopen_interfaces/environment/ament_prefix_path.dsv
[2.271s] -- Installing: /home/vboxuser/agv_ws/install/canopen_interfaces/share/canopen_interfaces/environment/path.sh
[2.271s] -- Up-to-date: /home/vboxuser/agv_ws/install/canopen_interfaces/share/canopen_interfaces/environment/path.dsv
[2.271s] -- Up-to-date: /home/vboxuser/agv_ws/install/canopen_interfaces/share/canopen_interfaces/local_setup.bash
[2.271s] -- Up-to-date: /home/vboxuser/agv_ws/install/canopen_interfaces/share/canopen_interfaces/local_setup.sh
[2.271s] -- Up-to-date: /home/vboxuser/agv_ws/install/canopen_interfaces/share/canopen_interfaces/local_setup.zsh
[2.271s] -- Up-to-date: /home/vboxuser/agv_ws/install/canopen_interfaces/share/canopen_interfaces/local_setup.dsv
[2.271s] -- Installing: /home/vboxuser/agv_ws/install/canopen_interfaces/share/canopen_interfaces/package.dsv
[2.272s] -- Up-to-date: /home/vboxuser/agv_ws/install/canopen_interfaces/share/ament_index/resource_index/packages/canopen_interfaces
[2.275s] -- Up-to-date: /home/vboxuser/agv_ws/install/canopen_interfaces/share/canopen_interfaces/cmake/export_canopen_interfaces__rosidl_generator_cExport.cmake
[2.275s] -- Up-to-date: /home/vboxuser/agv_ws/install/canopen_interfaces/share/canopen_interfaces/cmake/export_canopen_interfaces__rosidl_generator_cExport-noconfig.cmake
[2.276s] -- Up-to-date: /home/vboxuser/agv_ws/install/canopen_interfaces/share/canopen_interfaces/cmake/export_canopen_interfaces__rosidl_typesupport_fastrtps_cExport.cmake
[2.276s] -- Up-to-date: /home/vboxuser/agv_ws/install/canopen_interfaces/share/canopen_interfaces/cmake/export_canopen_interfaces__rosidl_typesupport_fastrtps_cExport-noconfig.cmake
[2.278s] -- Up-to-date: /home/vboxuser/agv_ws/install/canopen_interfaces/share/canopen_interfaces/cmake/canopen_interfaces__rosidl_typesupport_introspection_cExport.cmake
[2.278s] -- Up-to-date: /home/vboxuser/agv_ws/install/canopen_interfaces/share/canopen_interfaces/cmake/canopen_interfaces__rosidl_typesupport_introspection_cExport-noconfig.cmake
[2.279s] -- Up-to-date: /home/vboxuser/agv_ws/install/canopen_interfaces/share/canopen_interfaces/cmake/canopen_interfaces__rosidl_typesupport_cExport.cmake
[2.279s] -- Up-to-date: /home/vboxuser/agv_ws/install/canopen_interfaces/share/canopen_interfaces/cmake/canopen_interfaces__rosidl_typesupport_cExport-noconfig.cmake
[2.280s] -- Up-to-date: /home/vboxuser/agv_ws/install/canopen_interfaces/share/canopen_interfaces/cmake/export_canopen_interfaces__rosidl_generator_cppExport.cmake
[2.282s] -- Up-to-date: /home/vboxuser/agv_ws/install/canopen_interfaces/share/canopen_interfaces/cmake/export_canopen_interfaces__rosidl_typesupport_fastrtps_cppExport.cmake
[2.282s] -- Up-to-date: /home/vboxuser/agv_ws/install/canopen_interfaces/share/canopen_interfaces/cmake/export_canopen_interfaces__rosidl_typesupport_fastrtps_cppExport-noconfig.cmake
[2.283s] -- Up-to-date: /home/vboxuser/agv_ws/install/canopen_interfaces/share/canopen_interfaces/cmake/canopen_interfaces__rosidl_typesupport_introspection_cppExport.cmake
[2.283s] -- Up-to-date: /home/vboxuser/agv_ws/install/canopen_interfaces/share/canopen_interfaces/cmake/canopen_interfaces__rosidl_typesupport_introspection_cppExport-noconfig.cmake
[2.284s] -- Up-to-date: /home/vboxuser/agv_ws/install/canopen_interfaces/share/canopen_interfaces/cmake/canopen_interfaces__rosidl_typesupport_cppExport.cmake
[2.285s] -- Up-to-date: /home/vboxuser/agv_ws/install/canopen_interfaces/share/canopen_interfaces/cmake/canopen_interfaces__rosidl_typesupport_cppExport-noconfig.cmake
[2.287s] -- Up-to-date: /home/vboxuser/agv_ws/install/canopen_interfaces/share/canopen_interfaces/cmake/export_canopen_interfaces__rosidl_generator_pyExport.cmake
[2.287s] -- Up-to-date: /home/vboxuser/agv_ws/install/canopen_interfaces/share/canopen_interfaces/cmake/export_canopen_interfaces__rosidl_generator_pyExport-noconfig.cmake
[2.288s] -- Up-to-date: /home/vboxuser/agv_ws/install/canopen_interfaces/share/canopen_interfaces/cmake/rosidl_cmake-extras.cmake
[2.288s] -- Up-to-date: /home/vboxuser/agv_ws/install/canopen_interfaces/share/canopen_interfaces/cmake/ament_cmake_export_include_directories-extras.cmake
[2.288s] -- Up-to-date: /home/vboxuser/agv_ws/install/canopen_interfaces/share/canopen_interfaces/cmake/ament_cmake_export_libraries-extras.cmake
[2.288s] -- Up-to-date: /home/vboxuser/agv_ws/install/canopen_interfaces/share/canopen_interfaces/cmake/ament_cmake_export_targets-extras.cmake
[2.288s] -- Up-to-date: /home/vboxuser/agv_ws/install/canopen_interfaces/share/canopen_interfaces/cmake/rosidl_cmake_export_typesupport_targets-extras.cmake
[2.288s] -- Up-to-date: /home/vboxuser/agv_ws/install/canopen_interfaces/share/canopen_interfaces/cmake/ament_cmake_export_dependencies-extras.cmake
[2.288s] -- Up-to-date: /home/vboxuser/agv_ws/install/canopen_interfaces/share/canopen_interfaces/cmake/rosidl_cmake_export_typesupport_libraries-extras.cmake
[2.289s] -- Up-to-date: /home/vboxuser/agv_ws/install/canopen_interfaces/share/canopen_interfaces/cmake/canopen_interfacesConfig.cmake
[2.292s] -- Up-to-date: /home/vboxuser/agv_ws/install/canopen_interfaces/share/canopen_interfaces/cmake/canopen_interfacesConfig-version.cmake
[2.292s] -- Up-to-date: /home/vboxuser/agv_ws/install/canopen_interfaces/share/canopen_interfaces/package.xml
[2.294s] Invoked command in '/home/vboxuser/agv_ws/build/canopen_interfaces' returned '0': CMAKE_PREFIX_PATH=/home/vboxuser/agv_ws/install/pgv100:/home/vboxuser/agv_ws/install/panda_rviz_viewer:/home/vboxuser/agv_ws/install/panda_canopen:/home/vboxuser/agv_ws/install/my_simulation:/home/vboxuser/agv_ws/install/canopen_tests:/home/vboxuser/agv_ws/install/canopen_ros2_controllers:/home/vboxuser/agv_ws/install/canopen_ros2_control:/home/vboxuser/agv_ws/install/canopen_robot_control_example:/home/vboxuser/agv_ws/install/canopen_kinco3:/home/vboxuser/agv_ws/install/canopen_kinco2:/home/vboxuser/agv_ws/install/canopen_kinco:/home/vboxuser/agv_ws/install/canopen:/home/vboxuser/agv_ws/install/canopen_402_driver:/home/vboxuser/agv_ws/install/canopen_proxy_driver:/home/vboxuser/agv_ws/install/canopen_master_driver:/home/vboxuser/agv_ws/install/canopen_fake_slaves:/home/vboxuser/agv_ws/install/canopen_base_driver:/home/vboxuser/agv_ws/install/canopen_core:/home/vboxuser/agv_ws/install/lely_core_libraries:/home/vboxuser/agv_ws/install/canopen_interfaces:/home/vboxuser/agv_ws/install/agv_py:/home/vboxuser/agv_ws/install/agv_controllers:/home/vboxuser/agv_ws/install/communication:/home/vboxuser/agv_ws/install/canopen_utils:/home/vboxuser/agv_ws/install/agv_py_functions:/home/vboxuser/install/my_py_pkg:/home/vboxuser/install/agv_py_functions:/home/vboxuser/bumperbot_ws/install/bumperbot_py_examples:/home/vboxuser/ros2_ws/install/my_py_pkg:/opt/ros/humble:/home/vboxuser/agv_ws/install/agv_controller:/home/vboxuser/agv_ws/install/agv:/home/vboxuser/install/agv:/home/vboxuser/bumperbot_ws/install/bumperbot_cpp_examples:/home/vboxuser/bumperbot_ws/install/bumperbot_msgs:/home/vboxuser/bumperbot_ws/install/bumperbot_description:/home/vboxuser/bumperbot_ws/install/bumperbot_controller:/home/vboxuser/ros2_ws/install/my_simulation /usr/bin/cmake --install /home/vboxuser/agv_ws/build/canopen_interfaces
