-- Found ament_cmake: 1.3.6 (/opt/ros/humble/share/ament_cmake/cmake)
-- Found canopen_402_driver: 0.2.7 (/home/vboxuser/agv_ws/install/canopen_402_driver/share/canopen_402_driver/cmake)
-- Found rosidl_generator_c: 3.1.5 (/opt/ros/humble/share/rosidl_generator_c/cmake)
-- Found rosidl_adapter: 3.1.5 (/opt/ros/humble/share/rosidl_adapter/cmake)
-- Found rosidl_generator_cpp: 3.1.5 (/opt/ros/humble/share/rosidl_generator_cpp/cmake)
-- Using all available rosidl_typesupport_c: rosidl_typesupport_fastrtps_c;rosidl_typesupport_introspection_c
-- Using all available rosidl_typesupport_cpp: rosidl_typesupport_fastrtps_cpp;rosidl_typesupport_introspection_cpp
-- Found rmw_implementation_cmake: 6.1.1 (/opt/ros/humble/share/rmw_implementation_cmake/cmake)
-- Found rmw_fastrtps_cpp: 6.2.5 (/opt/ros/humble/share/rmw_fastrtps_cpp/cmake)
-- Using RMW implementation 'rmw_fastrtps_cpp' as default
-- Found controller_interface: 2.36.0 (/opt/ros/humble/share/controller_interface/cmake)
-- Found controller_manager: 2.36.0 (/opt/ros/humble/share/controller_manager/cmake)
-- Found ament_cmake_gmock: 1.3.6 (/opt/ros/humble/share/ament_cmake_gmock/cmake)
-- Found gmock sources under '/opt/ros/humble/src/gmock_vendor': C++ tests using 'Google Mock' will be built
-- Found ament_cmake_gtest: 1.3.6 (/opt/ros/humble/share/ament_cmake_gtest/cmake)
-- Found gtest sources under '/opt/ros/humble/src/gtest_vendor': C++ tests using 'Google Test' will be built
-- Configuring done
-- Generating done
-- Build files have been written to: /home/vboxuser/agv_ws/build/canopen_ros2_controllers
[35m[1mConsolidate compiler generated dependencies of target canopen_ros2_controllers[0m
[  6%] [32mBuilding CXX object CMakeFiles/canopen_ros2_controllers.dir/src/canopen_proxy_controller.cpp.o[0m
[ 12%] [32mBuilding CXX object CMakeFiles/canopen_ros2_controllers.dir/src/cia402_device_controller.cpp.o[0m
[ 18%] [32m[1mLinking CXX shared library libcanopen_ros2_controllers.so[0m
[ 18%] Built target canopen_ros2_controllers
[35m[1mConsolidate compiler generated dependencies of target gmock[0m
[ 37%] Built target gmock
[35m[1mConsolidate compiler generated dependencies of target gmock_main[0m
[ 50%] Built target gmock_main
[35m[1mConsolidate compiler generated dependencies of target test_load_canopen_proxy_controller[0m
[ 56%] [32mBuilding CXX object CMakeFiles/test_load_canopen_proxy_controller.dir/test/test_load_canopen_proxy_controller.cpp.o[0m
[ 62%] [32m[1mLinking CXX executable test_load_canopen_proxy_controller[0m
[ 62%] Built target test_load_canopen_proxy_controller
[35m[1mConsolidate compiler generated dependencies of target test_canopen_proxy_controller[0m
[ 68%] [32mBuilding CXX object CMakeFiles/test_canopen_proxy_controller.dir/test/test_canopen_proxy_controller.cpp.o[0m
[ 75%] [32m[1mLinking CXX executable test_canopen_proxy_controller[0m
[ 75%] Built target test_canopen_proxy_controller
[35m[1mConsolidate compiler generated dependencies of target test_load_cia402_robot_controller[0m
[35m[1mConsolidate compiler generated dependencies of target test_load_cia402_device_controller[0m
[ 81%] [32mBuilding CXX object CMakeFiles/test_load_cia402_robot_controller.dir/test/test_load_cia402_robot_controller.cpp.o[0m
[ 87%] [32mBuilding CXX object CMakeFiles/test_load_cia402_device_controller.dir/test/test_load_cia402_device_controller.cpp.o[0m
[ 93%] [32m[1mLinking CXX executable test_load_cia402_robot_controller[0m
[100%] [32m[1mLinking CXX executable test_load_cia402_device_controller[0m
[100%] Built target test_load_cia402_robot_controller
[100%] Built target test_load_cia402_device_controller
-- Install configuration: ""
-- Installing: /home/vboxuser/agv_ws/install/canopen_ros2_controllers/share/canopen_ros2_controllers/canopen_ros2_controllers.xml
-- Installing: /home/vboxuser/agv_ws/install/canopen_ros2_controllers/lib/libcanopen_ros2_controllers.so
-- Set runtime path of "/home/vboxuser/agv_ws/install/canopen_ros2_controllers/lib/libcanopen_ros2_controllers.so" to ""
-- Up-to-date: /home/vboxuser/agv_ws/install/canopen_ros2_controllers/include
-- Up-to-date: /home/vboxuser/agv_ws/install/canopen_ros2_controllers/include/canopen_ros2_controllers
-- Installing: /home/vboxuser/agv_ws/install/canopen_ros2_controllers/include/canopen_ros2_controllers/visibility_control.h
-- Installing: /home/vboxuser/agv_ws/install/canopen_ros2_controllers/include/canopen_ros2_controllers/canopen_proxy_controller.hpp
-- Installing: /home/vboxuser/agv_ws/install/canopen_ros2_controllers/include/canopen_ros2_controllers/cia402_device_controller.hpp
-- Up-to-date: /home/vboxuser/agv_ws/install/canopen_ros2_controllers/share/canopen_ros2_controllers/environment/library_path.sh
-- Installing: /home/vboxuser/agv_ws/install/canopen_ros2_controllers/share/canopen_ros2_controllers/environment/library_path.dsv
-- Up-to-date: /home/vboxuser/agv_ws/install/canopen_ros2_controllers/share/ament_index/resource_index/package_run_dependencies/canopen_ros2_controllers
-- Installing: /home/vboxuser/agv_ws/install/canopen_ros2_controllers/share/ament_index/resource_index/parent_prefix_path/canopen_ros2_controllers
-- Up-to-date: /home/vboxuser/agv_ws/install/canopen_ros2_controllers/share/canopen_ros2_controllers/environment/ament_prefix_path.sh
-- Installing: /home/vboxuser/agv_ws/install/canopen_ros2_controllers/share/canopen_ros2_controllers/environment/ament_prefix_path.dsv
-- Up-to-date: /home/vboxuser/agv_ws/install/canopen_ros2_controllers/share/canopen_ros2_controllers/environment/path.sh
-- Installing: /home/vboxuser/agv_ws/install/canopen_ros2_controllers/share/canopen_ros2_controllers/environment/path.dsv
-- Up-to-date: /home/vboxuser/agv_ws/install/canopen_ros2_controllers/share/canopen_ros2_controllers/local_setup.bash
-- Up-to-date: /home/vboxuser/agv_ws/install/canopen_ros2_controllers/share/canopen_ros2_controllers/local_setup.sh
-- Up-to-date: /home/vboxuser/agv_ws/install/canopen_ros2_controllers/share/canopen_ros2_controllers/local_setup.zsh
-- Installing: /home/vboxuser/agv_ws/install/canopen_ros2_controllers/share/canopen_ros2_controllers/local_setup.dsv
-- Installing: /home/vboxuser/agv_ws/install/canopen_ros2_controllers/share/canopen_ros2_controllers/package.dsv
-- Up-to-date: /home/vboxuser/agv_ws/install/canopen_ros2_controllers/share/ament_index/resource_index/packages/canopen_ros2_controllers
-- Up-to-date: /home/vboxuser/agv_ws/install/canopen_ros2_controllers/share/ament_index/resource_index/controller_interface__pluginlib__plugin/canopen_ros2_controllers
-- Up-to-date: /home/vboxuser/agv_ws/install/canopen_ros2_controllers/share/canopen_ros2_controllers/cmake/ament_cmake_export_include_directories-extras.cmake
-- Up-to-date: /home/vboxuser/agv_ws/install/canopen_ros2_controllers/share/canopen_ros2_controllers/cmake/ament_cmake_export_libraries-extras.cmake
-- Up-to-date: /home/vboxuser/agv_ws/install/canopen_ros2_controllers/share/canopen_ros2_controllers/cmake/ament_cmake_export_dependencies-extras.cmake
-- Up-to-date: /home/vboxuser/agv_ws/install/canopen_ros2_controllers/share/canopen_ros2_controllers/cmake/canopen_ros2_controllersConfig.cmake
-- Up-to-date: /home/vboxuser/agv_ws/install/canopen_ros2_controllers/share/canopen_ros2_controllers/cmake/canopen_ros2_controllersConfig-version.cmake
-- Installing: /home/vboxuser/agv_ws/install/canopen_ros2_controllers/share/canopen_ros2_controllers/package.xml
