[0.218s] Invoking command in '/home/vboxuser/agv_ws/build/canopen_402_driver': CMAKE_PREFIX_PATH=/home/vboxuser/agv_ws/install/canopen_proxy_driver:/home/vboxuser/agv_ws/install/canopen_base_driver:/home/vboxuser/agv_ws/install/canopen_core:/home/vboxuser/agv_ws/install/lely_core_libraries:/home/vboxuser/agv_ws/install/canopen_interfaces:/home/vboxuser/agv_ws/install/my_simulation:/home/vboxuser/agv_ws/install/canopen_tests:/home/vboxuser/agv_ws/install/canopen_ros2_controllers:/home/vboxuser/agv_ws/install/canopen_ros2_control:/home/vboxuser/agv_ws/install/canopen:/home/vboxuser/agv_ws/install/canopen_402_driver:/home/vboxuser/agv_ws/install/canopen_master_driver:/home/vboxuser/agv_ws/install/canopen_fake_slaves:/home/vboxuser/agv_ws/install/agv_py:/home/vboxuser/agv_ws/install/agv:/home/vboxuser/bumperbot_ws/install/bumperbot_cpp_examples:/home/vboxuser/bumperbot_ws/install/bumperbot_msgs:/home/vboxuser/bumperbot_ws/install/bumperbot_description:/home/vboxuser/bumperbot_ws/install/bumperbot_controller:/home/vboxuser/ros2_ws/install/my_simulation:/home/vboxuser/agv_ws/install/canopen_utils:/home/vboxuser/agv_ws/install/agv_py_functions:/home/vboxuser/bumperbot_ws/install/bumperbot_py_examples:/home/vboxuser/ros2_ws/install/my_py_pkg:/opt/ros/humble LD_LIBRARY_PATH=/home/vboxuser/agv_ws/install/canopen_proxy_driver/lib:/home/vboxuser/agv_ws/install/canopen_base_driver/lib:/home/vboxuser/agv_ws/install/canopen_core/lib:/home/vboxuser/agv_ws/install/lely_core_libraries/lib:/home/vboxuser/agv_ws/install/canopen_interfaces/lib:/home/vboxuser/agv_ws/install/canopen_ros2_controllers/lib:/home/vboxuser/agv_ws/install/canopen_ros2_control/lib:/home/vboxuser/agv_ws/install/canopen_402_driver/lib:/home/vboxuser/agv_ws/install/canopen_master_driver/lib:/home/vboxuser/bumperbot_ws/install/bumperbot_msgs/lib:/usr/lib/x86_64-linux-gnu/gazebo-11/plugins:/opt/ros/humble/opt/rviz_ogre_vendor/lib:/opt/ros/humble/lib/x86_64-linux-gnu:/opt/ros/humble/lib PYTHONPATH=/home/vboxuser/agv_ws/install/lely_core_libraries/lib/python3.10/site-packages:/home/vboxuser/agv_ws/install/lely_core_libraries/local/lib/python3.10/dist-packages:/home/vboxuser/agv_ws/install/canopen_utils/lib/python3.10/site-packages:/home/vboxuser/agv_ws/install/canopen_interfaces/local/lib/python3.10/dist-packages:/home/vboxuser/agv_ws/install/agv_py_functions/lib/python3.10/site-packages:/home/vboxuser/agv_ws/install/agv_py/lib/python3.10/site-packages:/home/vboxuser/agv_ws/install/agv/lib/python3.10/site-packages:/home/vboxuser/bumperbot_ws/install/bumperbot_py_examples/lib/python3.10/site-packages:/home/vboxuser/bumperbot_ws/install/bumperbot_msgs/local/lib/python3.10/dist-packages:/home/vboxuser/bumperbot_ws/install/bumperbot_controller/local/lib/python3.10/dist-packages:/home/vboxuser/ros2_ws/install/my_py_pkg/lib/python3.10/site-packages:/opt/ros/humble/lib/python3.10/site-packages:/opt/ros/humble/local/lib/python3.10/dist-packages /usr/bin/cmake --build /home/vboxuser/agv_ws/build/canopen_402_driver -- -j4 -l4
[0.305s] [35m[1mConsolidate compiler generated dependencies of target gtest_main[0m
[0.305s] [35m[1mConsolidate compiler generated dependencies of target gtest[0m
[0.315s] [35m[1mConsolidate compiler generated dependencies of target lely_motion_controller_bridge[0m
[0.331s] [ 11%] Built target gtest_main
[0.337s] [ 23%] Built target gtest
[0.363s] [35m[1mConsolidate compiler generated dependencies of target test_driver_component[0m
[0.396s] [ 29%] [32mBuilding CXX object CMakeFiles/lely_motion_controller_bridge.dir/src/motor.cpp.o[0m
[0.399s] [ 35%] [32mBuilding CXX object CMakeFiles/lely_motion_controller_bridge.dir/src/default_homing_mode.cpp.o[0m
[0.421s] [ 41%] [32mBuilding CXX object test/CMakeFiles/test_driver_component.dir/test_driver_component.cpp.o[0m
[12.380s] [ 47%] [32m[1mLinking CXX executable test_driver_component[0m
[12.973s] [ 47%] Built target test_driver_component
[13.349s] [ 52%] [32m[1mLinking CXX shared library liblely_motion_controller_bridge.so[0m
[13.862s] [ 64%] Built target lely_motion_controller_bridge
[13.887s] [35m[1mConsolidate compiler generated dependencies of target node_canopen_cia402_driver[0m
[13.948s] [ 70%] [32mBuilding CXX object CMakeFiles/node_canopen_cia402_driver.dir/src/node_interfaces/node_canopen_402_driver.cpp.o[0m
[30.778s] [ 76%] [32m[1mLinking CXX shared library libnode_canopen_cia402_driver.so[0m
[32.077s] [ 76%] Built target node_canopen_cia402_driver
[32.107s] [35m[1mConsolidate compiler generated dependencies of target lifecycle_cia402_driver[0m
[32.108s] [35m[1mConsolidate compiler generated dependencies of target cia402_driver[0m
[32.166s] [ 82%] [32mBuilding CXX object CMakeFiles/lifecycle_cia402_driver.dir/src/lifecycle_cia402_driver.cpp.o[0m
[32.171s] [ 88%] [32mBuilding CXX object CMakeFiles/cia402_driver.dir/src/cia402_driver.cpp.o[0m
[44.480s] [ 94%] [32m[1mLinking CXX shared library libcia402_driver.so[0m
[44.694s] [100%] [32m[1mLinking CXX shared library liblifecycle_cia402_driver.so[0m
[45.050s] [100%] Built target cia402_driver
[45.273s] [100%] Built target lifecycle_cia402_driver
[45.290s] Invoked command in '/home/vboxuser/agv_ws/build/canopen_402_driver' returned '0': CMAKE_PREFIX_PATH=/home/vboxuser/agv_ws/install/canopen_proxy_driver:/home/vboxuser/agv_ws/install/canopen_base_driver:/home/vboxuser/agv_ws/install/canopen_core:/home/vboxuser/agv_ws/install/lely_core_libraries:/home/vboxuser/agv_ws/install/canopen_interfaces:/home/vboxuser/agv_ws/install/my_simulation:/home/vboxuser/agv_ws/install/canopen_tests:/home/vboxuser/agv_ws/install/canopen_ros2_controllers:/home/vboxuser/agv_ws/install/canopen_ros2_control:/home/vboxuser/agv_ws/install/canopen:/home/vboxuser/agv_ws/install/canopen_402_driver:/home/vboxuser/agv_ws/install/canopen_master_driver:/home/vboxuser/agv_ws/install/canopen_fake_slaves:/home/vboxuser/agv_ws/install/agv_py:/home/vboxuser/agv_ws/install/agv:/home/vboxuser/bumperbot_ws/install/bumperbot_cpp_examples:/home/vboxuser/bumperbot_ws/install/bumperbot_msgs:/home/vboxuser/bumperbot_ws/install/bumperbot_description:/home/vboxuser/bumperbot_ws/install/bumperbot_controller:/home/vboxuser/ros2_ws/install/my_simulation:/home/vboxuser/agv_ws/install/canopen_utils:/home/vboxuser/agv_ws/install/agv_py_functions:/home/vboxuser/bumperbot_ws/install/bumperbot_py_examples:/home/vboxuser/ros2_ws/install/my_py_pkg:/opt/ros/humble LD_LIBRARY_PATH=/home/vboxuser/agv_ws/install/canopen_proxy_driver/lib:/home/vboxuser/agv_ws/install/canopen_base_driver/lib:/home/vboxuser/agv_ws/install/canopen_core/lib:/home/vboxuser/agv_ws/install/lely_core_libraries/lib:/home/vboxuser/agv_ws/install/canopen_interfaces/lib:/home/vboxuser/agv_ws/install/canopen_ros2_controllers/lib:/home/vboxuser/agv_ws/install/canopen_ros2_control/lib:/home/vboxuser/agv_ws/install/canopen_402_driver/lib:/home/vboxuser/agv_ws/install/canopen_master_driver/lib:/home/vboxuser/bumperbot_ws/install/bumperbot_msgs/lib:/usr/lib/x86_64-linux-gnu/gazebo-11/plugins:/opt/ros/humble/opt/rviz_ogre_vendor/lib:/opt/ros/humble/lib/x86_64-linux-gnu:/opt/ros/humble/lib PYTHONPATH=/home/vboxuser/agv_ws/install/lely_core_libraries/lib/python3.10/site-packages:/home/vboxuser/agv_ws/install/lely_core_libraries/local/lib/python3.10/dist-packages:/home/vboxuser/agv_ws/install/canopen_utils/lib/python3.10/site-packages:/home/vboxuser/agv_ws/install/canopen_interfaces/local/lib/python3.10/dist-packages:/home/vboxuser/agv_ws/install/agv_py_functions/lib/python3.10/site-packages:/home/vboxuser/agv_ws/install/agv_py/lib/python3.10/site-packages:/home/vboxuser/agv_ws/install/agv/lib/python3.10/site-packages:/home/vboxuser/bumperbot_ws/install/bumperbot_py_examples/lib/python3.10/site-packages:/home/vboxuser/bumperbot_ws/install/bumperbot_msgs/local/lib/python3.10/dist-packages:/home/vboxuser/bumperbot_ws/install/bumperbot_controller/local/lib/python3.10/dist-packages:/home/vboxuser/ros2_ws/install/my_py_pkg/lib/python3.10/site-packages:/opt/ros/humble/lib/python3.10/site-packages:/opt/ros/humble/local/lib/python3.10/dist-packages /usr/bin/cmake --build /home/vboxuser/agv_ws/build/canopen_402_driver -- -j4 -l4
[45.372s] Invoking command in '/home/vboxuser/agv_ws/build/canopen_402_driver': CMAKE_PREFIX_PATH=/home/vboxuser/agv_ws/install/canopen_proxy_driver:/home/vboxuser/agv_ws/install/canopen_base_driver:/home/vboxuser/agv_ws/install/canopen_core:/home/vboxuser/agv_ws/install/lely_core_libraries:/home/vboxuser/agv_ws/install/canopen_interfaces:/home/vboxuser/agv_ws/install/my_simulation:/home/vboxuser/agv_ws/install/canopen_tests:/home/vboxuser/agv_ws/install/canopen_ros2_controllers:/home/vboxuser/agv_ws/install/canopen_ros2_control:/home/vboxuser/agv_ws/install/canopen:/home/vboxuser/agv_ws/install/canopen_402_driver:/home/vboxuser/agv_ws/install/canopen_master_driver:/home/vboxuser/agv_ws/install/canopen_fake_slaves:/home/vboxuser/agv_ws/install/agv_py:/home/vboxuser/agv_ws/install/agv:/home/vboxuser/bumperbot_ws/install/bumperbot_cpp_examples:/home/vboxuser/bumperbot_ws/install/bumperbot_msgs:/home/vboxuser/bumperbot_ws/install/bumperbot_description:/home/vboxuser/bumperbot_ws/install/bumperbot_controller:/home/vboxuser/ros2_ws/install/my_simulation:/home/vboxuser/agv_ws/install/canopen_utils:/home/vboxuser/agv_ws/install/agv_py_functions:/home/vboxuser/bumperbot_ws/install/bumperbot_py_examples:/home/vboxuser/ros2_ws/install/my_py_pkg:/opt/ros/humble LD_LIBRARY_PATH=/home/vboxuser/agv_ws/install/canopen_proxy_driver/lib:/home/vboxuser/agv_ws/install/canopen_base_driver/lib:/home/vboxuser/agv_ws/install/canopen_core/lib:/home/vboxuser/agv_ws/install/lely_core_libraries/lib:/home/vboxuser/agv_ws/install/canopen_interfaces/lib:/home/vboxuser/agv_ws/install/canopen_ros2_controllers/lib:/home/vboxuser/agv_ws/install/canopen_ros2_control/lib:/home/vboxuser/agv_ws/install/canopen_402_driver/lib:/home/vboxuser/agv_ws/install/canopen_master_driver/lib:/home/vboxuser/bumperbot_ws/install/bumperbot_msgs/lib:/usr/lib/x86_64-linux-gnu/gazebo-11/plugins:/opt/ros/humble/opt/rviz_ogre_vendor/lib:/opt/ros/humble/lib/x86_64-linux-gnu:/opt/ros/humble/lib PYTHONPATH=/home/vboxuser/agv_ws/install/lely_core_libraries/lib/python3.10/site-packages:/home/vboxuser/agv_ws/install/lely_core_libraries/local/lib/python3.10/dist-packages:/home/vboxuser/agv_ws/install/canopen_utils/lib/python3.10/site-packages:/home/vboxuser/agv_ws/install/canopen_interfaces/local/lib/python3.10/dist-packages:/home/vboxuser/agv_ws/install/agv_py_functions/lib/python3.10/site-packages:/home/vboxuser/agv_ws/install/agv_py/lib/python3.10/site-packages:/home/vboxuser/agv_ws/install/agv/lib/python3.10/site-packages:/home/vboxuser/bumperbot_ws/install/bumperbot_py_examples/lib/python3.10/site-packages:/home/vboxuser/bumperbot_ws/install/bumperbot_msgs/local/lib/python3.10/dist-packages:/home/vboxuser/bumperbot_ws/install/bumperbot_controller/local/lib/python3.10/dist-packages:/home/vboxuser/ros2_ws/install/my_py_pkg/lib/python3.10/site-packages:/opt/ros/humble/lib/python3.10/site-packages:/opt/ros/humble/local/lib/python3.10/dist-packages /usr/bin/cmake --install /home/vboxuser/agv_ws/build/canopen_402_driver
[45.389s] -- Install configuration: ""
[45.389s] -- Up-to-date: /home/vboxuser/agv_ws/install/canopen_402_driver/include
[45.390s] -- Up-to-date: /home/vboxuser/agv_ws/install/canopen_402_driver/include/canopen_402_driver
[45.390s] -- Up-to-date: /home/vboxuser/agv_ws/install/canopen_402_driver/include/canopen_402_driver/visibility_control.h
[45.391s] -- Up-to-date: /home/vboxuser/agv_ws/install/canopen_402_driver/include/canopen_402_driver/profiled_position_mode.hpp
[45.391s] -- Up-to-date: /home/vboxuser/agv_ws/install/canopen_402_driver/include/canopen_402_driver/command.hpp
[45.391s] -- Up-to-date: /home/vboxuser/agv_ws/install/canopen_402_driver/include/canopen_402_driver/default_homing_mode.hpp
[45.391s] -- Up-to-date: /home/vboxuser/agv_ws/install/canopen_402_driver/include/canopen_402_driver/node_interfaces
[45.392s] -- Up-to-date: /home/vboxuser/agv_ws/install/canopen_402_driver/include/canopen_402_driver/node_interfaces/node_canopen_402_driver.hpp
[45.392s] -- Up-to-date: /home/vboxuser/agv_ws/install/canopen_402_driver/include/canopen_402_driver/node_interfaces/node_canopen_402_driver_impl.hpp
[45.392s] -- Up-to-date: /home/vboxuser/agv_ws/install/canopen_402_driver/include/canopen_402_driver/homing_mode.hpp
[45.392s] -- Up-to-date: /home/vboxuser/agv_ws/install/canopen_402_driver/include/canopen_402_driver/mode_target_helper.hpp
[45.392s] -- Up-to-date: /home/vboxuser/agv_ws/install/canopen_402_driver/include/canopen_402_driver/mode_forward_helper.hpp
[45.392s] -- Up-to-date: /home/vboxuser/agv_ws/install/canopen_402_driver/include/canopen_402_driver/base.hpp
[45.393s] -- Up-to-date: /home/vboxuser/agv_ws/install/canopen_402_driver/include/canopen_402_driver/word_accessor.hpp
[45.393s] -- Up-to-date: /home/vboxuser/agv_ws/install/canopen_402_driver/include/canopen_402_driver/cia402_driver.hpp
[45.393s] -- Up-to-date: /home/vboxuser/agv_ws/install/canopen_402_driver/include/canopen_402_driver/lifecycle_cia402_driver.hpp
[45.393s] -- Up-to-date: /home/vboxuser/agv_ws/install/canopen_402_driver/include/canopen_402_driver/mode.hpp
[45.393s] -- Up-to-date: /home/vboxuser/agv_ws/install/canopen_402_driver/include/canopen_402_driver/motor.hpp
[45.393s] -- Up-to-date: /home/vboxuser/agv_ws/install/canopen_402_driver/include/canopen_402_driver/state.hpp
[45.394s] -- Installing: /home/vboxuser/agv_ws/install/canopen_402_driver/lib/liblifecycle_cia402_driver.so
[45.396s] -- Set runtime path of "/home/vboxuser/agv_ws/install/canopen_402_driver/lib/liblifecycle_cia402_driver.so" to ""
[45.399s] -- Installing: /home/vboxuser/agv_ws/install/canopen_402_driver/lib/libcia402_driver.so
[45.401s] -- Set runtime path of "/home/vboxuser/agv_ws/install/canopen_402_driver/lib/libcia402_driver.so" to ""
[45.403s] -- Installing: /home/vboxuser/agv_ws/install/canopen_402_driver/lib/libnode_canopen_cia402_driver.so
[45.409s] -- Set runtime path of "/home/vboxuser/agv_ws/install/canopen_402_driver/lib/libnode_canopen_cia402_driver.so" to ""
[45.412s] -- Installing: /home/vboxuser/agv_ws/install/canopen_402_driver/lib/liblely_motion_controller_bridge.so
[45.415s] -- Set runtime path of "/home/vboxuser/agv_ws/install/canopen_402_driver/lib/liblely_motion_controller_bridge.so" to ""
[45.416s] -- Up-to-date: /home/vboxuser/agv_ws/install/canopen_402_driver/share/canopen_402_driver/environment/library_path.sh
[45.417s] -- Up-to-date: /home/vboxuser/agv_ws/install/canopen_402_driver/share/canopen_402_driver/environment/library_path.dsv
[45.419s] -- Up-to-date: /home/vboxuser/agv_ws/install/canopen_402_driver/share/ament_index/resource_index/package_run_dependencies/canopen_402_driver
[45.419s] -- Up-to-date: /home/vboxuser/agv_ws/install/canopen_402_driver/share/ament_index/resource_index/parent_prefix_path/canopen_402_driver
[45.420s] -- Up-to-date: /home/vboxuser/agv_ws/install/canopen_402_driver/share/canopen_402_driver/environment/ament_prefix_path.sh
[45.420s] -- Up-to-date: /home/vboxuser/agv_ws/install/canopen_402_driver/share/canopen_402_driver/environment/ament_prefix_path.dsv
[45.420s] -- Up-to-date: /home/vboxuser/agv_ws/install/canopen_402_driver/share/canopen_402_driver/environment/path.sh
[45.420s] -- Up-to-date: /home/vboxuser/agv_ws/install/canopen_402_driver/share/canopen_402_driver/environment/path.dsv
[45.421s] -- Up-to-date: /home/vboxuser/agv_ws/install/canopen_402_driver/share/canopen_402_driver/local_setup.bash
[45.421s] -- Up-to-date: /home/vboxuser/agv_ws/install/canopen_402_driver/share/canopen_402_driver/local_setup.sh
[45.421s] -- Up-to-date: /home/vboxuser/agv_ws/install/canopen_402_driver/share/canopen_402_driver/local_setup.zsh
[45.421s] -- Up-to-date: /home/vboxuser/agv_ws/install/canopen_402_driver/share/canopen_402_driver/local_setup.dsv
[45.421s] -- Installing: /home/vboxuser/agv_ws/install/canopen_402_driver/share/canopen_402_driver/package.dsv
[45.423s] -- Up-to-date: /home/vboxuser/agv_ws/install/canopen_402_driver/share/ament_index/resource_index/packages/canopen_402_driver
[45.423s] -- Up-to-date: /home/vboxuser/agv_ws/install/canopen_402_driver/share/ament_index/resource_index/rclcpp_components/canopen_402_driver
[45.431s] -- Up-to-date: /home/vboxuser/agv_ws/install/canopen_402_driver/share/canopen_402_driver/cmake/export_canopen_402_driverExport.cmake
[45.431s] -- Up-to-date: /home/vboxuser/agv_ws/install/canopen_402_driver/share/canopen_402_driver/cmake/export_canopen_402_driverExport-noconfig.cmake
[45.431s] -- Up-to-date: /home/vboxuser/agv_ws/install/canopen_402_driver/share/canopen_402_driver/cmake/ament_cmake_export_include_directories-extras.cmake
[45.431s] -- Up-to-date: /home/vboxuser/agv_ws/install/canopen_402_driver/share/canopen_402_driver/cmake/ament_cmake_export_libraries-extras.cmake
[45.431s] -- Up-to-date: /home/vboxuser/agv_ws/install/canopen_402_driver/share/canopen_402_driver/cmake/ament_cmake_export_targets-extras.cmake
[45.431s] -- Up-to-date: /home/vboxuser/agv_ws/install/canopen_402_driver/share/canopen_402_driver/cmake/ament_cmake_export_dependencies-extras.cmake
[45.432s] -- Up-to-date: /home/vboxuser/agv_ws/install/canopen_402_driver/share/canopen_402_driver/cmake/canopen_402_driverConfig.cmake
[45.432s] -- Up-to-date: /home/vboxuser/agv_ws/install/canopen_402_driver/share/canopen_402_driver/cmake/canopen_402_driverConfig-version.cmake
[45.432s] -- Up-to-date: /home/vboxuser/agv_ws/install/canopen_402_driver/share/canopen_402_driver/package.xml
[45.436s] Invoked command in '/home/vboxuser/agv_ws/build/canopen_402_driver' returned '0': CMAKE_PREFIX_PATH=/home/vboxuser/agv_ws/install/canopen_proxy_driver:/home/vboxuser/agv_ws/install/canopen_base_driver:/home/vboxuser/agv_ws/install/canopen_core:/home/vboxuser/agv_ws/install/lely_core_libraries:/home/vboxuser/agv_ws/install/canopen_interfaces:/home/vboxuser/agv_ws/install/my_simulation:/home/vboxuser/agv_ws/install/canopen_tests:/home/vboxuser/agv_ws/install/canopen_ros2_controllers:/home/vboxuser/agv_ws/install/canopen_ros2_control:/home/vboxuser/agv_ws/install/canopen:/home/vboxuser/agv_ws/install/canopen_402_driver:/home/vboxuser/agv_ws/install/canopen_master_driver:/home/vboxuser/agv_ws/install/canopen_fake_slaves:/home/vboxuser/agv_ws/install/agv_py:/home/vboxuser/agv_ws/install/agv:/home/vboxuser/bumperbot_ws/install/bumperbot_cpp_examples:/home/vboxuser/bumperbot_ws/install/bumperbot_msgs:/home/vboxuser/bumperbot_ws/install/bumperbot_description:/home/vboxuser/bumperbot_ws/install/bumperbot_controller:/home/vboxuser/ros2_ws/install/my_simulation:/home/vboxuser/agv_ws/install/canopen_utils:/home/vboxuser/agv_ws/install/agv_py_functions:/home/vboxuser/bumperbot_ws/install/bumperbot_py_examples:/home/vboxuser/ros2_ws/install/my_py_pkg:/opt/ros/humble LD_LIBRARY_PATH=/home/vboxuser/agv_ws/install/canopen_proxy_driver/lib:/home/vboxuser/agv_ws/install/canopen_base_driver/lib:/home/vboxuser/agv_ws/install/canopen_core/lib:/home/vboxuser/agv_ws/install/lely_core_libraries/lib:/home/vboxuser/agv_ws/install/canopen_interfaces/lib:/home/vboxuser/agv_ws/install/canopen_ros2_controllers/lib:/home/vboxuser/agv_ws/install/canopen_ros2_control/lib:/home/vboxuser/agv_ws/install/canopen_402_driver/lib:/home/vboxuser/agv_ws/install/canopen_master_driver/lib:/home/vboxuser/bumperbot_ws/install/bumperbot_msgs/lib:/usr/lib/x86_64-linux-gnu/gazebo-11/plugins:/opt/ros/humble/opt/rviz_ogre_vendor/lib:/opt/ros/humble/lib/x86_64-linux-gnu:/opt/ros/humble/lib PYTHONPATH=/home/vboxuser/agv_ws/install/lely_core_libraries/lib/python3.10/site-packages:/home/vboxuser/agv_ws/install/lely_core_libraries/local/lib/python3.10/dist-packages:/home/vboxuser/agv_ws/install/canopen_utils/lib/python3.10/site-packages:/home/vboxuser/agv_ws/install/canopen_interfaces/local/lib/python3.10/dist-packages:/home/vboxuser/agv_ws/install/agv_py_functions/lib/python3.10/site-packages:/home/vboxuser/agv_ws/install/agv_py/lib/python3.10/site-packages:/home/vboxuser/agv_ws/install/agv/lib/python3.10/site-packages:/home/vboxuser/bumperbot_ws/install/bumperbot_py_examples/lib/python3.10/site-packages:/home/vboxuser/bumperbot_ws/install/bumperbot_msgs/local/lib/python3.10/dist-packages:/home/vboxuser/bumperbot_ws/install/bumperbot_controller/local/lib/python3.10/dist-packages:/home/vboxuser/ros2_ws/install/my_py_pkg/lib/python3.10/site-packages:/opt/ros/humble/lib/python3.10/site-packages:/opt/ros/humble/local/lib/python3.10/dist-packages /usr/bin/cmake --install /home/vboxuser/agv_ws/build/canopen_402_driver
