[0.019s] Invoking command in '/home/vboxuser/agv_ws/build/agv_msgs': CMAKE_PREFIX_PATH=${CMAKE_PREFIX_PATH}:/home/vboxuser/bumperbot_ws/install/bumperbot_py_examples:/home/vboxuser/ros2_ws/install/my_py_pkg:/opt/ros/humble /usr/bin/cmake --build /home/vboxuser/agv_ws/build/agv_msgs -- -j4 -l4
[0.057s] [33mCMake Warning (dev) at CMakeLists.txt:20:
[0.057s]   Syntax Warning in cmake code at column 26
[0.058s] 
[0.058s]   Argument not separated from preceding token by whitespace.
[0.058s] This warning is for project developers.  Use -Wno-dev to suppress it.
[0.058s] [0m
[0.068s] -- Found ament_cmake: 1.3.8 (/opt/ros/humble/share/ament_cmake/cmake)
[0.288s] -- Found std_msgs: 4.2.3 (/opt/ros/humble/share/std_msgs/cmake)
[0.332s] -- Found rosidl_generator_c: 3.1.5 (/opt/ros/humble/share/rosidl_generator_c/cmake)
[0.337s] -- Found rosidl_adapter: 3.1.5 (/opt/ros/humble/share/rosidl_adapter/cmake)
[0.354s] -- Found rosidl_generator_cpp: 3.1.5 (/opt/ros/humble/share/rosidl_generator_cpp/cmake)
[0.385s] -- Using all available rosidl_typesupport_c: rosidl_typesupport_fastrtps_c;rosidl_typesupport_introspection_c
[0.422s] -- Using all available rosidl_typesupport_cpp: rosidl_typesupport_fastrtps_cpp;rosidl_typesupport_introspection_cpp
[0.541s] -- Found geometry_msgs: 4.2.3 (/opt/ros/humble/share/geometry_msgs/cmake)
[0.642s] -- Found rosidl_default_generators: 1.2.0 (/opt/ros/humble/share/rosidl_default_generators/cmake)
[0.660s] [31mCMake Error at /opt/ros/humble/share/rosidl_cmake/cmake/rosidl_generate_interfaces.cmake:93 (message):
[0.660s]   rosidl_generate_interfaces() the passed file ',' doesn't exist relative to
[0.660s]   the CMAKE_CURRENT_SOURCE_DIR '/home/vboxuser/agv_ws/src/agv_msgs'
[0.660s] Call Stack (most recent call first):
[0.660s]   CMakeLists.txt:17 (rosidl_generate_interfaces)
[0.660s] 
[0.660s] [0m
[0.661s] -- Configuring incomplete, errors occurred!
[0.661s] See also "/home/vboxuser/agv_ws/build/agv_msgs/CMakeFiles/CMakeOutput.log".
[0.667s] gmake: *** [Makefile:747: cmake_check_build_system] Error 1
[0.669s] Invoked command in '/home/vboxuser/agv_ws/build/agv_msgs' returned '2': CMAKE_PREFIX_PATH=${CMAKE_PREFIX_PATH}:/home/vboxuser/bumperbot_ws/install/bumperbot_py_examples:/home/vboxuser/ros2_ws/install/my_py_pkg:/opt/ros/humble /usr/bin/cmake --build /home/vboxuser/agv_ws/build/agv_msgs -- -j4 -l4
