[3.115s] Invoking command in '/home/vboxuser/agv_ws/src/agv_py_functions': PYTHONPATH=/home/vboxuser/agv_ws/build/agv_py_functions/prefix_override:/home/vboxuser/agv_ws/install/agv_py_functions/lib/python3.10/site-packages:${PYTHONPATH} /usr/bin/python3 setup.py egg_info --egg-base ../../build/agv_py_functions build --build-base /home/vboxuser/agv_ws/build/agv_py_functions/build install --record /home/vboxuser/agv_ws/build/agv_py_functions/install.log --single-version-externally-managed
[3.901s] running egg_info
[3.901s] writing ../../build/agv_py_functions/agv_py_functions.egg-info/PKG-INFO
[3.902s] writing dependency_links to ../../build/agv_py_functions/agv_py_functions.egg-info/dependency_links.txt
[3.902s] writing entry points to ../../build/agv_py_functions/agv_py_functions.egg-info/entry_points.txt
[3.903s] writing requirements to ../../build/agv_py_functions/agv_py_functions.egg-info/requires.txt
[3.903s] writing top-level names to ../../build/agv_py_functions/agv_py_functions.egg-info/top_level.txt
[3.906s] reading manifest file '../../build/agv_py_functions/agv_py_functions.egg-info/SOURCES.txt'
[3.908s] writing manifest file '../../build/agv_py_functions/agv_py_functions.egg-info/SOURCES.txt'
[3.908s] running build
[3.909s] running build_py
[3.909s] running install
[3.910s] running install_lib
[3.913s] running install_data
[3.914s] running install_egg_info
[3.917s] removing '/home/vboxuser/agv_ws/install/agv_py_functions/lib/python3.10/site-packages/agv_py_functions-0.0.0-py3.10.egg-info' (and everything under it)
[3.918s] Copying ../../build/agv_py_functions/agv_py_functions.egg-info to /home/vboxuser/agv_ws/install/agv_py_functions/lib/python3.10/site-packages/agv_py_functions-0.0.0-py3.10.egg-info
[3.919s] running install_scripts
[3.962s] Installing simple_parameter script to /home/vboxuser/agv_ws/install/agv_py_functions/lib/agv_py_functions
[3.962s] Installing simple_publisher script to /home/vboxuser/agv_ws/install/agv_py_functions/lib/agv_py_functions
[3.963s] Installing simple_subscriber script to /home/vboxuser/agv_ws/install/agv_py_functions/lib/agv_py_functions
[3.963s] writing list of installed files to '/home/vboxuser/agv_ws/build/agv_py_functions/install.log'
