[0.028s] Invoking command in '/home/vboxuser/agv_ws/build/my_simulation': CMAKE_PREFIX_PATH=${CMAKE_PREFIX_PATH}:/home/vboxuser/bumperbot_ws/install/bumperbot_py_examples:/home/vboxuser/ros2_ws/install/my_py_pkg:/opt/ros/humble /usr/bin/cmake --build /home/vboxuser/agv_ws/build/my_simulation -- -j4 -l4
[0.115s] Invoked command in '/home/vboxuser/agv_ws/build/my_simulation' returned '0': CMAKE_PREFIX_PATH=${CMAKE_PREFIX_PATH}:/home/vboxuser/bumperbot_ws/install/bumperbot_py_examples:/home/vboxuser/ros2_ws/install/my_py_pkg:/opt/ros/humble /usr/bin/cmake --build /home/vboxuser/agv_ws/build/my_simulation -- -j4 -l4
[0.163s] Invoking command in '/home/vboxuser/agv_ws/build/my_simulation': CMAKE_PREFIX_PATH=${CMAKE_PREFIX_PATH}:/home/vboxuser/bumperbot_ws/install/bumperbot_py_examples:/home/vboxuser/ros2_ws/install/my_py_pkg:/opt/ros/humble /usr/bin/cmake --install /home/vboxuser/agv_ws/build/my_simulation
[0.173s] -- Install configuration: ""
[0.175s] -- Up-to-date: /home/vboxuser/agv_ws/install/my_simulation/share/ament_index/resource_index/package_run_dependencies/my_simulation
[0.175s] -- Up-to-date: /home/vboxuser/agv_ws/install/my_simulation/share/ament_index/resource_index/parent_prefix_path/my_simulation
[0.176s] -- Up-to-date: /home/vboxuser/agv_ws/install/my_simulation/share/my_simulation/environment/ament_prefix_path.sh
[0.176s] -- Up-to-date: /home/vboxuser/agv_ws/install/my_simulation/share/my_simulation/environment/ament_prefix_path.dsv
[0.176s] -- Up-to-date: /home/vboxuser/agv_ws/install/my_simulation/share/my_simulation/environment/path.sh
[0.176s] -- Up-to-date: /home/vboxuser/agv_ws/install/my_simulation/share/my_simulation/environment/path.dsv
[0.177s] -- Up-to-date: /home/vboxuser/agv_ws/install/my_simulation/share/my_simulation/local_setup.bash
[0.177s] -- Up-to-date: /home/vboxuser/agv_ws/install/my_simulation/share/my_simulation/local_setup.sh
[0.177s] -- Up-to-date: /home/vboxuser/agv_ws/install/my_simulation/share/my_simulation/local_setup.zsh
[0.177s] -- Up-to-date: /home/vboxuser/agv_ws/install/my_simulation/share/my_simulation/local_setup.dsv
[0.177s] -- Installing: /home/vboxuser/agv_ws/install/my_simulation/share/my_simulation/package.dsv
[0.178s] -- Up-to-date: /home/vboxuser/agv_ws/install/my_simulation/share/ament_index/resource_index/packages/my_simulation
[0.178s] -- Up-to-date: /home/vboxuser/agv_ws/install/my_simulation/share/my_simulation/cmake/my_simulationConfig.cmake
[0.179s] -- Up-to-date: /home/vboxuser/agv_ws/install/my_simulation/share/my_simulation/cmake/my_simulationConfig-version.cmake
[0.179s] -- Up-to-date: /home/vboxuser/agv_ws/install/my_simulation/share/my_simulation/package.xml
[0.182s] Invoked command in '/home/vboxuser/agv_ws/build/my_simulation' returned '0': CMAKE_PREFIX_PATH=${CMAKE_PREFIX_PATH}:/home/vboxuser/bumperbot_ws/install/bumperbot_py_examples:/home/vboxuser/ros2_ws/install/my_py_pkg:/opt/ros/humble /usr/bin/cmake --install /home/vboxuser/agv_ws/build/my_simulation
