[0.767s] Invoking command in '/home/vboxuser/agv_ws/build/lely_core_libraries': CMAKE_PREFIX_PATH=/home/vboxuser/agv_ws/install/my_simulation:/home/vboxuser/agv_ws/install/canopen_tests:/home/vboxuser/agv_ws/install/canopen_ros2_controllers:/home/vboxuser/agv_ws/install/canopen_ros2_control:/home/vboxuser/agv_ws/install/canopen:/home/vboxuser/agv_ws/install/canopen_402_driver:/home/vboxuser/agv_ws/install/canopen_proxy_driver:/home/vboxuser/agv_ws/install/canopen_master_driver:/home/vboxuser/agv_ws/install/canopen_fake_slaves:/home/vboxuser/agv_ws/install/canopen_base_driver:/home/vboxuser/agv_ws/install/canopen_core:/home/vboxuser/agv_ws/install/lely_core_libraries:/home/vboxuser/agv_ws/install/canopen_interfaces:/home/vboxuser/agv_ws/install/agv_py:/home/vboxuser/agv_ws/install/agv_controllers:/home/vboxuser/agv_ws/install/communication:/home/vboxuser/agv_ws/install/canopen_utils:/home/vboxuser/agv_ws/install/agv_py_functions:/home/vboxuser/install/my_py_pkg:/home/vboxuser/install/agv_py_functions:/home/vboxuser/bumperbot_ws/install/bumperbot_py_examples:/home/vboxuser/ros2_ws/install/my_py_pkg:/opt/ros/humble:/home/vboxuser/agv_ws/install/agv_controller:/home/vboxuser/agv_ws/install/agv:/home/vboxuser/install/agv:/home/vboxuser/bumperbot_ws/install/bumperbot_cpp_examples:/home/vboxuser/bumperbot_ws/install/bumperbot_msgs:/home/vboxuser/bumperbot_ws/install/bumperbot_description:/home/vboxuser/bumperbot_ws/install/bumperbot_controller:/home/vboxuser/ros2_ws/install/my_simulation /usr/bin/cmake --build /home/vboxuser/agv_ws/build/lely_core_libraries -- -j4 -l4
[0.917s] -- Found ament_cmake: 1.3.6 (/opt/ros/humble/share/ament_cmake/cmake)
[1.709s] -- Configuring done
[1.729s] -- Generating done
[1.733s] -- Build files have been written to: /home/vboxuser/agv_ws/build/lely_core_libraries
[1.809s] [ 12%] [34m[1mPerforming update step for 'upstr_lely_core_libraries'[0m
[1.830s] [ 12%] Built target ament_cmake_python_copy_cogen
[1.844s] [ 12%] Built target ament_cmake_python_copy_cogen_setup
[1.893s] HEAD is now at 7824cbb2 release v2.3.2
[1.934s] Checking patch configure.ac...
[1.934s] Checking patch python/dcf-tools/Makefile.am...
[1.934s] Applied patch configure.ac cleanly.
[1.934s] Applied patch python/dcf-tools/Makefile.am cleanly.
[1.980s] [ 25%] [34m[1mNo patch step for 'upstr_lely_core_libraries'[0m
[2.124s] [ 37%] [34m[1mPerforming configure step for 'upstr_lely_core_libraries'[0m
[2.650s] running egg_info
[2.650s] writing cogen.egg-info/PKG-INFO
[2.651s] writing dependency_links to cogen.egg-info/dependency_links.txt
[2.651s] writing entry points to cogen.egg-info/entry_points.txt
[2.652s] writing top-level names to cogen.egg-info/top_level.txt
[2.657s] reading manifest file 'cogen.egg-info/SOURCES.txt'
[2.658s] writing manifest file 'cogen.egg-info/SOURCES.txt'
[2.679s] running install_scripts
[2.712s] [ 37%] Built target ament_cmake_python_build_cogen_egg
[2.745s] running egg_info
[2.746s] writing cogen.egg-info/PKG-INFO
[2.746s] writing dependency_links to cogen.egg-info/dependency_links.txt
[2.747s] writing entry points to cogen.egg-info/entry_points.txt
[2.747s] writing top-level names to cogen.egg-info/top_level.txt
[2.751s] reading manifest file 'cogen.egg-info/SOURCES.txt'
[2.752s] writing manifest file 'cogen.egg-info/SOURCES.txt'
[2.755s] Installing cogen script to scripts
[2.822s] [ 37%] Built target ament_cmake_python_build_cogen_scripts
[11.738s] configure.ac:17: warning: The macro `AC_PROG_CC_STDC' is obsolete.
[11.738s] configure.ac:17: You should run autoupdate.
[11.738s] ./lib/autoconf/c.m4:1666: AC_PROG_CC_STDC is expanded from...
[11.738s] configure.ac:17: the top level
[11.739s] configure.ac:81: warning: $as_echo is obsolete; use AS_ECHO(["message"]) instead
[11.739s] lib/m4sugar/m4sh.m4:692: _AS_IF_ELSE is expanded from...
[11.740s] lib/m4sugar/m4sh.m4:699: AS_IF is expanded from...
[11.740s] ./lib/autoconf/general.m4:2249: AC_CACHE_VAL is expanded from...
[11.740s] ./lib/autoconf/general.m4:2270: AC_CACHE_CHECK is expanded from...
[11.740s] m4/ax_pthread.m4:88: AX_PTHREAD is expanded from...
[11.740s] lib/m4sugar/m4sh.m4:699: AS_IF is expanded from...
[11.741s] configure.ac:81: the top level
[11.741s] configure.ac:434: warning: AC_CHECK_HEADERS($ixxat_header): you should use literals
[11.741s] ./lib/autoconf/headers.m4:217: AC_CHECK_HEADERS is expanded from...
[11.741s] lib/m4sugar/m4sh.m4:699: AS_IF is expanded from...
[11.741s] lib/m4sugar/m4sh.m4:699: AS_IF is expanded from...
[11.742s] configure.ac:434: the top level
[16.650s] checking build system type... x86_64-pc-linux-gnu
[16.651s] checking host system type... x86_64-pc-linux-gnu
[16.651s] checking target system type... x86_64-pc-linux-gnu
[16.669s] checking for a BSD-compatible install... /usr/bin/install -c
[16.677s] checking whether build environment is sane... yes
[16.703s] checking for a race-free mkdir -p... /usr/bin/mkdir -p
[16.704s] checking for gawk... no
[16.704s] checking for mawk... mawk
[16.728s] checking whether make sets $(MAKE)... yes
[16.756s] checking whether make supports nested variables... yes
[16.824s] checking whether to enable maintainer-specific portions of Makefiles... yes
[16.824s] checking whether make supports nested variables... (cached) yes
[16.886s] checking for a sed that does not truncate output... /usr/bin/sed
[16.890s] checking whether to build with code coverage support... no
[16.893s] checking for valgrind... no
[16.982s] checking whether make supports the include directive... yes (GNU style)
[16.983s] checking for gcc... gcc
[17.572s] checking whether the C compiler works... yes
[17.572s] checking for C compiler default output file name... a.out
[17.693s] checking for suffix of executables... 
[17.819s] checking whether we are cross compiling... no
[17.972s] checking for suffix of object files... o
[18.047s] checking whether the compiler supports GNU C... yes
[18.138s] checking whether gcc accepts -g... yes
[18.380s] checking for gcc option to enable C11 features... none needed
[18.574s] checking whether gcc understands -c and -o together... yes
[18.818s] checking dependency style of gcc... gcc3
[18.891s] checking for stdio.h... yes
[18.985s] checking for stdlib.h... yes
[19.064s] checking for string.h... yes
[19.156s] checking for inttypes.h... yes
[19.232s] checking for stdint.h... yes
[19.377s] checking for strings.h... yes
[19.492s] checking for sys/stat.h... yes
[19.702s] checking for sys/types.h... yes
[19.828s] checking for unistd.h... yes
[19.993s] checking for wchar.h... yes
[20.114s] checking for minix/config.h... no
[20.273s] checking whether it is safe to define __EXTENSIONS__... yes
[20.422s] checking whether _XOPEN_SOURCE should be defined... no
[20.423s] checking for g++... g++
[20.601s] checking whether the compiler supports GNU C++... yes
[20.724s] checking whether g++ accepts -g... yes
[20.893s] checking for g++ option to enable C++11 features... none needed
[20.970s] checking dependency style of g++... gcc3
[21.112s] checking whether g++ supports C++11 features with -std=gnu++11... yes
[21.222s] checking how to print strings... printf
[21.223s] checking for a sed that does not truncate output... (cached) /usr/bin/sed
[21.236s] checking for grep that handles long lines and -e... /usr/bin/grep
[21.250s] checking for egrep... /usr/bin/grep -E
[21.264s] checking for fgrep... /usr/bin/grep -F
[21.279s] checking for ld used by gcc... /usr/bin/ld
[21.297s] checking if the linker (/usr/bin/ld) is GNU ld... yes
[21.320s] checking for BSD- or MS-compatible name lister (nm)... /usr/bin/nm -B
[21.456s] checking the name lister (/usr/bin/nm -B) interface... BSD nm
[21.456s] checking whether ln -s works... yes
[21.556s] checking the maximum length of command line arguments... 1572864
[21.573s] checking how to convert x86_64-pc-linux-gnu file names to x86_64-pc-linux-gnu format... func_convert_file_noop
[21.573s] checking how to convert x86_64-pc-linux-gnu file names to toolchain format... func_convert_file_noop
[21.574s] checking for /usr/bin/ld option to reload object files... -r
[21.574s] checking for objdump... objdump
[21.574s] checking how to recognize dependent libraries... pass_all
[21.575s] checking for dlltool... no
[21.575s] checking how to associate runtime and link libraries... printf %s\n
[21.576s] checking for ar... ar
[21.692s] checking for archiver @FILE support... @
[21.692s] checking for strip... strip
[21.693s] checking for ranlib... ranlib
[21.943s] checking command to parse /usr/bin/nm -B output from gcc object... ok
[21.952s] checking for sysroot... no
[21.965s] checking for a working dd... /usr/bin/dd
[21.980s] checking how to truncate binary pipes... /usr/bin/dd bs=4096 count=1
[22.046s] checking for mt... mt
[22.084s] checking if mt is a manifest tool... no
[22.244s] checking for dlfcn.h... yes
[22.253s] checking for objdir... .libs
[22.647s] checking if gcc supports -fno-rtti -fno-exceptions... no
[22.647s] checking for gcc option to produce PIC... -fPIC -DPIC
[22.713s] checking if gcc PIC flag -fPIC -DPIC works... yes
[23.314s] checking if gcc static flag -static works... yes
[23.528s] checking if gcc supports -c -o file.o... yes
[23.528s] checking if gcc supports -c -o file.o... (cached) yes
[23.628s] checking whether the gcc linker (/usr/bin/ld -m elf_x86_64) supports shared libraries... yes
[23.737s] checking whether -lc should be explicitly linked in... no
[23.892s] checking dynamic linker characteristics... GNU/Linux ld.so
[23.893s] checking how to hardcode library paths into programs... immediate
[23.918s] checking whether stripping libraries is possible... yes
[23.918s] checking if libtool supports shared libraries... yes
[23.918s] checking whether to build shared libraries... yes
[23.918s] checking whether to build static libraries... no
[23.978s] checking how to run the C++ preprocessor... g++ -std=gnu++11 -E
[24.189s] checking for ld used by g++ -std=gnu++11... /usr/bin/ld -m elf_x86_64
[24.202s] checking if the linker (/usr/bin/ld -m elf_x86_64) is GNU ld... yes
[24.229s] checking whether the g++ -std=gnu++11 linker (/usr/bin/ld -m elf_x86_64) supports shared libraries... yes
[24.724s] checking for g++ -std=gnu++11 option to produce PIC... -fPIC -DPIC
[24.842s] checking if g++ -std=gnu++11 PIC flag -fPIC -DPIC works... yes
[25.182s] checking if g++ -std=gnu++11 static flag -static works... yes
[25.276s] checking if g++ -std=gnu++11 supports -c -o file.o... yes
[25.277s] checking if g++ -std=gnu++11 supports -c -o file.o... (cached) yes
[25.277s] checking whether the g++ -std=gnu++11 linker (/usr/bin/ld -m elf_x86_64) supports shared libraries... yes
[25.304s] checking dynamic linker characteristics... (cached) GNU/Linux ld.so
[25.304s] checking how to hardcode library paths into programs... immediate
[25.304s] checking for windres... no
[25.571s] checking for timer_create in -lrt... yes
[25.687s] checking how to run the C preprocessor... gcc -E
[25.854s] checking whether gcc is Clang... no
[26.155s] checking whether pthreads work with -pthread... yes
[26.465s] checking for joinable pthread attribute... PTHREAD_CREATE_JOINABLE
[26.465s] checking whether more special flags are required for pthreads... no
[26.793s] checking for PTHREAD_PRIO_INHERIT... yes
[26.793s] checking for pkg-config... /usr/bin/pkg-config
[26.799s] checking pkg-config is at least version 0.9.0... yes
[26.836s] checking for cpputest >= 4... no
[27.123s] checking for valgrind/valgrind.h... no
[27.308s] checking for linux/can.h... yes
[27.502s] checking for linux/can/error.h... yes
[27.640s] checking for bluetooth/bluetooth.h... no
[27.755s] checking for bluetooth/rfcomm.h... no
[28.031s] checking for library containing str2ba... no
[28.168s] checking for ifaddrs.h... yes
[28.281s] checking for linux/can/netlink.h... yes
[28.402s] checking for linux/can/raw.h... yes
[28.676s] checking for linux/rtnetlink.h... yes
[28.865s] checking for sys/epoll.h... yes
[28.995s] checking for sys/ioctl.h... yes
[29.137s] checking for a Python interpreter with version >= 3.3... python3
[29.137s] checking for python3... /usr/bin/python3
[29.251s] checking for python3 version... 3.10
[29.387s] checking for python3 platform... linux
[29.388s] checking for GNU default python3 prefix... ${prefix}
[29.388s] checking for GNU default python3 exec_prefix... ${exec_prefix}
[29.554s] checking for python3 script directory (pythondir)... ${PYTHON_PREFIX}/lib/python3.10/site-packages
[29.728s] checking for python3 extension module directory (pyexecdir)... ${PYTHON_EXEC_PREFIX}/lib/python3.10/site-packages
[29.729s] checking for gawk... (cached) mawk
[29.907s] checking that generated files are newer than configure... done
[29.909s] configure: creating ./config.status
[34.600s] config.status: creating doc/Doxyfile
[34.748s] config.status: creating doc/Makefile
[34.892s] config.status: creating include/Makefile
[34.991s] config.status: creating pkgconfig/liblely-can.pc
[35.148s] config.status: creating pkgconfig/liblely-co.pc
[35.280s] config.status: creating pkgconfig/liblely-coapp.pc
[35.432s] config.status: creating pkgconfig/liblely-ev.pc
[35.521s] config.status: creating pkgconfig/liblely-io.pc
[35.624s] config.status: creating pkgconfig/liblely-io2.pc
[35.743s] config.status: creating pkgconfig/liblely-libc.pc
[35.844s] config.status: creating pkgconfig/liblely-libc_rt.pc
[35.942s] config.status: creating pkgconfig/liblely-tap.pc
[36.068s] config.status: creating pkgconfig/liblely-util.pc
[36.136s] config.status: creating pkgconfig/Makefile
[36.243s] config.status: creating python/can/Makefile
[36.340s] config.status: creating python/dcf-tools/Makefile
[36.440s] config.status: creating python/io/Makefile
[36.528s] config.status: creating python/Makefile
[36.655s] config.status: creating src/can/Makefile
[36.708s] config.status: creating src/co/Makefile
[36.792s] config.status: creating src/co/version.rc
[36.884s] config.status: creating src/coapp/Makefile
[36.984s] config.status: creating src/coapp/version.rc
[37.105s] config.status: creating src/ev/Makefile
[37.225s] config.status: creating src/ev/version.rc
[37.326s] config.status: creating src/io/Makefile
[37.400s] config.status: creating src/io2/Makefile
[37.513s] config.status: creating src/io2/version.rc
[37.655s] config.status: creating src/libc/Makefile
[37.806s] config.status: creating src/libc/version.rc
[37.911s] config.status: creating src/tap/Makefile
[38.047s] config.status: creating src/tap/version.rc
[38.127s] config.status: creating src/util/Makefile
[38.200s] config.status: creating src/util/version.rc
[38.281s] config.status: creating src/Makefile
[38.359s] config.status: creating tools/Makefile
[38.474s] config.status: creating tools/version.dcf2c.rc
[38.586s] config.status: creating test/co-nmt-master.dcf
[38.693s] config.status: creating test/Makefile
[38.828s] config.status: creating unit-tests/Makefile
[38.960s] config.status: creating exec-wrapper.sh
[39.052s] config.status: creating lcov-wrapper.sh
[39.144s] config.status: creating Makefile
[39.198s] config.status: creating config.h
[39.224s] config.status: config.h is unchanged
[39.261s] config.status: executing depfiles commands
[41.325s] config.status: executing libtool commands
[41.764s] [ 50%] [34m[1mPerforming build step for 'upstr_lely_core_libraries'[0m
[44.028s] config.status: creating config.h
[44.046s] config.status: config.h is unchanged
[44.103s] Making all in doc
[44.126s] Making all in include
[44.169s] Making all in src
[44.235s] Making all in libc
[44.283s] Making all in tap
[44.298s] Making all in util
[44.392s] Making all in can
[44.423s] Making all in co
[44.477s] Making all in io
[44.519s] Making all in ev
[44.551s] Making all in io2
[44.684s] Making all in coapp
[44.809s] Making all in python
[44.849s] Making all in dcf-tools
[44.874s] Making all in pkgconfig
[44.975s] [ 62%] [34m[1mNo install step for 'upstr_lely_core_libraries'[0m
[45.054s] [ 75%] [34m[1mCompleted 'upstr_lely_core_libraries'[0m
[45.163s] [100%] Built target upstr_lely_core_libraries
[45.202s] Invoked command in '/home/vboxuser/agv_ws/build/lely_core_libraries' returned '0': CMAKE_PREFIX_PATH=/home/vboxuser/agv_ws/install/my_simulation:/home/vboxuser/agv_ws/install/canopen_tests:/home/vboxuser/agv_ws/install/canopen_ros2_controllers:/home/vboxuser/agv_ws/install/canopen_ros2_control:/home/vboxuser/agv_ws/install/canopen:/home/vboxuser/agv_ws/install/canopen_402_driver:/home/vboxuser/agv_ws/install/canopen_proxy_driver:/home/vboxuser/agv_ws/install/canopen_master_driver:/home/vboxuser/agv_ws/install/canopen_fake_slaves:/home/vboxuser/agv_ws/install/canopen_base_driver:/home/vboxuser/agv_ws/install/canopen_core:/home/vboxuser/agv_ws/install/lely_core_libraries:/home/vboxuser/agv_ws/install/canopen_interfaces:/home/vboxuser/agv_ws/install/agv_py:/home/vboxuser/agv_ws/install/agv_controllers:/home/vboxuser/agv_ws/install/communication:/home/vboxuser/agv_ws/install/canopen_utils:/home/vboxuser/agv_ws/install/agv_py_functions:/home/vboxuser/install/my_py_pkg:/home/vboxuser/install/agv_py_functions:/home/vboxuser/bumperbot_ws/install/bumperbot_py_examples:/home/vboxuser/ros2_ws/install/my_py_pkg:/opt/ros/humble:/home/vboxuser/agv_ws/install/agv_controller:/home/vboxuser/agv_ws/install/agv:/home/vboxuser/install/agv:/home/vboxuser/bumperbot_ws/install/bumperbot_cpp_examples:/home/vboxuser/bumperbot_ws/install/bumperbot_msgs:/home/vboxuser/bumperbot_ws/install/bumperbot_description:/home/vboxuser/bumperbot_ws/install/bumperbot_controller:/home/vboxuser/ros2_ws/install/my_simulation /usr/bin/cmake --build /home/vboxuser/agv_ws/build/lely_core_libraries -- -j4 -l4
[45.365s] Invoking command in '/home/vboxuser/agv_ws/build/lely_core_libraries': CMAKE_PREFIX_PATH=/home/vboxuser/agv_ws/install/my_simulation:/home/vboxuser/agv_ws/install/canopen_tests:/home/vboxuser/agv_ws/install/canopen_ros2_controllers:/home/vboxuser/agv_ws/install/canopen_ros2_control:/home/vboxuser/agv_ws/install/canopen:/home/vboxuser/agv_ws/install/canopen_402_driver:/home/vboxuser/agv_ws/install/canopen_proxy_driver:/home/vboxuser/agv_ws/install/canopen_master_driver:/home/vboxuser/agv_ws/install/canopen_fake_slaves:/home/vboxuser/agv_ws/install/canopen_base_driver:/home/vboxuser/agv_ws/install/canopen_core:/home/vboxuser/agv_ws/install/lely_core_libraries:/home/vboxuser/agv_ws/install/canopen_interfaces:/home/vboxuser/agv_ws/install/agv_py:/home/vboxuser/agv_ws/install/agv_controllers:/home/vboxuser/agv_ws/install/communication:/home/vboxuser/agv_ws/install/canopen_utils:/home/vboxuser/agv_ws/install/agv_py_functions:/home/vboxuser/install/my_py_pkg:/home/vboxuser/install/agv_py_functions:/home/vboxuser/bumperbot_ws/install/bumperbot_py_examples:/home/vboxuser/ros2_ws/install/my_py_pkg:/opt/ros/humble:/home/vboxuser/agv_ws/install/agv_controller:/home/vboxuser/agv_ws/install/agv:/home/vboxuser/install/agv:/home/vboxuser/bumperbot_ws/install/bumperbot_cpp_examples:/home/vboxuser/bumperbot_ws/install/bumperbot_msgs:/home/vboxuser/bumperbot_ws/install/bumperbot_description:/home/vboxuser/bumperbot_ws/install/bumperbot_controller:/home/vboxuser/ros2_ws/install/my_simulation /usr/bin/cmake --install /home/vboxuser/agv_ws/build/lely_core_libraries
[45.377s] -- Install configuration: ""
[45.416s] Making install in doc
[45.422s] gmake[1]: Entering directory '/home/vboxuser/agv_ws/build/lely_core_libraries/build/doc'
[45.444s] gmake[2]: Entering directory '/home/vboxuser/agv_ws/build/lely_core_libraries/build/doc'
[45.452s] gmake[2]: Nothing to be done for 'install-exec-am'.
[45.453s] gmake[2]: Nothing to be done for 'install-data-am'.
[45.453s] gmake[2]: Leaving directory '/home/vboxuser/agv_ws/build/lely_core_libraries/build/doc'
[45.455s] gmake[1]: Leaving directory '/home/vboxuser/agv_ws/build/lely_core_libraries/build/doc'
[45.457s] Making install in include
[45.478s] gmake[1]: Entering directory '/home/vboxuser/agv_ws/build/lely_core_libraries/build/include'
[45.506s] gmake[2]: Entering directory '/home/vboxuser/agv_ws/build/lely_core_libraries/build/include'
[45.506s] gmake[2]: Nothing to be done for 'install-exec-am'.
[45.524s]  /usr/bin/mkdir -p '/home/vboxuser/agv_ws/install/lely_core_libraries/include'
[45.608s]  /usr/bin/mkdir -p '/home/vboxuser/agv_ws/install/lely_core_libraries/include/lely/co'
[45.623s]  /usr/bin/install -c -m 644  /home/vboxuser/agv_ws/build/lely_core_libraries/upstream/include/lely/co/co.h /home/vboxuser/agv_ws/build/lely_core_libraries/upstream/include/lely/co/crc.h /home/vboxuser/agv_ws/build/lely_core_libraries/upstream/include/lely/co/csdo.h /home/vboxuser/agv_ws/build/lely_core_libraries/upstream/include/lely/co/csdo.hpp /home/vboxuser/agv_ws/build/lely_core_libraries/upstream/include/lely/co/dcf.h /home/vboxuser/agv_ws/build/lely_core_libraries/upstream/include/lely/co/dcf.hpp /home/vboxuser/agv_ws/build/lely_core_libraries/upstream/include/lely/co/dev.h /home/vboxuser/agv_ws/build/lely_core_libraries/upstream/include/lely/co/dev.hpp /home/vboxuser/agv_ws/build/lely_core_libraries/upstream/include/lely/co/emcy.h /home/vboxuser/agv_ws/build/lely_core_libraries/upstream/include/lely/co/emcy.hpp /home/vboxuser/agv_ws/build/lely_core_libraries/upstream/include/lely/co/gw.h /home/vboxuser/agv_ws/build/lely_core_libraries/upstream/include/lely/co/gw.hpp /home/vboxuser/agv_ws/build/lely_core_libraries/upstream/include/lely/co/gw_txt.h /home/vboxuser/agv_ws/build/lely_core_libraries/upstream/include/lely/co/gw_txt.hpp /home/vboxuser/agv_ws/build/lely_core_libraries/upstream/include/lely/co/lss.h /home/vboxuser/agv_ws/build/lely_core_libraries/upstream/include/lely/co/lss.hpp /home/vboxuser/agv_ws/build/lely_core_libraries/upstream/include/lely/co/nmt.h /home/vboxuser/agv_ws/build/lely_core_libraries/upstream/include/lely/co/nmt.hpp /home/vboxuser/agv_ws/build/lely_core_libraries/upstream/include/lely/co/obj.h /home/vboxuser/agv_ws/build/lely_core_libraries/upstream/include/lely/co/obj.hpp /home/vboxuser/agv_ws/build/lely_core_libraries/upstream/include/lely/co/pdo.h /home/vboxuser/agv_ws/build/lely_core_libraries/upstream/include/lely/co/rpdo.h /home/vboxuser/agv_ws/build/lely_core_libraries/upstream/include/lely/co/rpdo.hpp /home/vboxuser/agv_ws/build/lely_core_libraries/upstream/include/lely/co/sdev.h /home/vboxuser/agv_ws/build/lely_core_libraries/upstream/include/lely/co/sdev.hpp /home/vboxuser/agv_ws/build/lely_core_libraries/upstream/include/lely/co/sdo.h /home/vboxuser/agv_ws/build/lely_core_libraries/upstream/include/lely/co/ssdo.h /home/vboxuser/agv_ws/build/lely_core_libraries/upstream/include/lely/co/ssdo.hpp /home/vboxuser/agv_ws/build/lely_core_libraries/upstream/include/lely/co/sync.h /home/vboxuser/agv_ws/build/lely_core_libraries/upstream/include/lely/co/sync.hpp /home/vboxuser/agv_ws/build/lely_core_libraries/upstream/include/lely/co/time.h /home/vboxuser/agv_ws/build/lely_core_libraries/upstream/include/lely/co/time.hpp /home/vboxuser/agv_ws/build/lely_core_libraries/upstream/include/lely/co/tpdo.h /home/vboxuser/agv_ws/build/lely_core_libraries/upstream/include/lely/co/tpdo.hpp /home/vboxuser/agv_ws/build/lely_core_libraries/upstream/include/lely/co/type.h /home/vboxuser/agv_ws/build/lely_core_libraries/upstream/include/lely/co/type.hpp /home/vboxuser/agv_ws/build/lely_core_libraries/upstream/include/lely/co/val.h /home/vboxuser/agv_ws/build/lely_core_libraries/upstream/include/lely/co/val.hpp /home/vboxuser/agv_ws/build/lely_core_libraries/upstream/include/lely/co/wtm.h /home/vboxuser/agv_ws/build/lely_core_libraries/upstream/include/lely/co/wtm.hpp '/home/vboxuser/agv_ws/install/lely_core_libraries/include/lely/co'
[45.662s]  /usr/bin/mkdir -p '/home/vboxuser/agv_ws/install/lely_core_libraries/include/lely/io2/posix'
[45.680s]  /usr/bin/install -c -m 644  /home/vboxuser/agv_ws/build/lely_core_libraries/upstream/include/lely/io2/posix/poll.h /home/vboxuser/agv_ws/build/lely_core_libraries/upstream/include/lely/io2/posix/poll.hpp '/home/vboxuser/agv_ws/install/lely_core_libraries/include/lely/io2/posix'
[45.684s]  /usr/bin/mkdir -p '/home/vboxuser/agv_ws/install/lely_core_libraries/include/lely/can'
[45.688s]  /usr/bin/install -c -m 644  /home/vboxuser/agv_ws/build/lely_core_libraries/upstream/include/lely/can/buf.h /home/vboxuser/agv_ws/build/lely_core_libraries/upstream/include/lely/can/buf.hpp /home/vboxuser/agv_ws/build/lely_core_libraries/upstream/include/lely/can/err.h /home/vboxuser/agv_ws/build/lely_core_libraries/upstream/include/lely/can/msg.h /home/vboxuser/agv_ws/build/lely_core_libraries/upstream/include/lely/can/net.h /home/vboxuser/agv_ws/build/lely_core_libraries/upstream/include/lely/can/net.hpp /home/vboxuser/agv_ws/build/lely_core_libraries/upstream/include/lely/can/socket.h '/home/vboxuser/agv_ws/install/lely_core_libraries/include/lely/can'
[45.704s]  /usr/bin/mkdir -p '/home/vboxuser/agv_ws/install/lely_core_libraries/include/lely/ev'
[45.708s]  /usr/bin/install -c -m 644  /home/vboxuser/agv_ws/build/lely_core_libraries/upstream/include/lely/ev/co_task.hpp /home/vboxuser/agv_ws/build/lely_core_libraries/upstream/include/lely/ev/ev.h /home/vboxuser/agv_ws/build/lely_core_libraries/upstream/include/lely/ev/exec.h /home/vboxuser/agv_ws/build/lely_core_libraries/upstream/include/lely/ev/exec.hpp /home/vboxuser/agv_ws/build/lely_core_libraries/upstream/include/lely/ev/fiber_exec.h /home/vboxuser/agv_ws/build/lely_core_libraries/upstream/include/lely/ev/fiber_exec.hpp /home/vboxuser/agv_ws/build/lely_core_libraries/upstream/include/lely/ev/future.h /home/vboxuser/agv_ws/build/lely_core_libraries/upstream/include/lely/ev/future.hpp /home/vboxuser/agv_ws/build/lely_core_libraries/upstream/include/lely/ev/loop.h /home/vboxuser/agv_ws/build/lely_core_libraries/upstream/include/lely/ev/loop.hpp /home/vboxuser/agv_ws/build/lely_core_libraries/upstream/include/lely/ev/poll.h /home/vboxuser/agv_ws/build/lely_core_libraries/upstream/include/lely/ev/poll.hpp /home/vboxuser/agv_ws/build/lely_core_libraries/upstream/include/lely/ev/std_exec.h /home/vboxuser/agv_ws/build/lely_core_libraries/upstream/include/lely/ev/strand.h /home/vboxuser/agv_ws/build/lely_core_libraries/upstream/include/lely/ev/strand.hpp /home/vboxuser/agv_ws/build/lely_core_libraries/upstream/include/lely/ev/task.h /home/vboxuser/agv_ws/build/lely_core_libraries/upstream/include/lely/ev/task.hpp /home/vboxuser/agv_ws/build/lely_core_libraries/upstream/include/lely/ev/thrd_loop.h /home/vboxuser/agv_ws/build/lely_core_libraries/upstream/include/lely/ev/thrd_loop.hpp '/home/vboxuser/agv_ws/install/lely_core_libraries/include/lely/ev'
[45.728s]  /usr/bin/mkdir -p '/home/vboxuser/agv_ws/install/lely_core_libraries/include/lely/co/def'
[45.732s]  /usr/bin/install -c -m 644  /home/vboxuser/agv_ws/build/lely_core_libraries/upstream/include/lely/co/def/array.def /home/vboxuser/agv_ws/build/lely_core_libraries/upstream/include/lely/co/def/basic.def /home/vboxuser/agv_ws/build/lely_core_libraries/upstream/include/lely/co/def/cxx.def /home/vboxuser/agv_ws/build/lely_core_libraries/upstream/include/lely/co/def/time.def /home/vboxuser/agv_ws/build/lely_core_libraries/upstream/include/lely/co/def/type.def '/home/vboxuser/agv_ws/install/lely_core_libraries/include/lely/co/def'
[45.746s]  /usr/bin/mkdir -p '/home/vboxuser/agv_ws/install/lely_core_libraries/include/lely'
[45.750s]  /usr/bin/install -c -m 644  /home/vboxuser/agv_ws/build/lely_core_libraries/upstream/include/lely/features.h '/home/vboxuser/agv_ws/install/lely_core_libraries/include/lely'
[45.762s]  /usr/bin/mkdir -p '/home/vboxuser/agv_ws/install/lely_core_libraries/include/lely/io'
[45.766s]  /usr/bin/install -c -m 644  /home/vboxuser/agv_ws/build/lely_core_libraries/upstream/include/lely/io/addr.h /home/vboxuser/agv_ws/build/lely_core_libraries/upstream/include/lely/io/attr.h /home/vboxuser/agv_ws/build/lely_core_libraries/upstream/include/lely/io/can.h /home/vboxuser/agv_ws/build/lely_core_libraries/upstream/include/lely/io/can.hpp /home/vboxuser/agv_ws/build/lely_core_libraries/upstream/include/lely/io/file.h /home/vboxuser/agv_ws/build/lely_core_libraries/upstream/include/lely/io/file.hpp /home/vboxuser/agv_ws/build/lely_core_libraries/upstream/include/lely/io/if.h /home/vboxuser/agv_ws/build/lely_core_libraries/upstream/include/lely/io/io.h /home/vboxuser/agv_ws/build/lely_core_libraries/upstream/include/lely/io/io.hpp /home/vboxuser/agv_ws/build/lely_core_libraries/upstream/include/lely/io/pipe.h /home/vboxuser/agv_ws/build/lely_core_libraries/upstream/include/lely/io/pipe.hpp /home/vboxuser/agv_ws/build/lely_core_libraries/upstream/include/lely/io/poll.h /home/vboxuser/agv_ws/build/lely_core_libraries/upstream/include/lely/io/poll.hpp /home/vboxuser/agv_ws/build/lely_core_libraries/upstream/include/lely/io/serial.h /home/vboxuser/agv_ws/build/lely_core_libraries/upstream/include/lely/io/serial.hpp /home/vboxuser/agv_ws/build/lely_core_libraries/upstream/include/lely/io/sock.h /home/vboxuser/agv_ws/build/lely_core_libraries/upstream/include/lely/io/sock.hpp '/home/vboxuser/agv_ws/install/lely_core_libraries/include/lely/io'
[45.788s]  /usr/bin/mkdir -p '/home/vboxuser/agv_ws/install/lely_core_libraries/include/lely/util/def'
[45.793s]  /usr/bin/install -c -m 644  /home/vboxuser/agv_ws/build/lely_core_libraries/upstream/include/lely/util/def/type.def '/home/vboxuser/agv_ws/install/lely_core_libraries/include/lely/util/def'
[45.805s]  /usr/bin/mkdir -p '/home/vboxuser/agv_ws/install/lely_core_libraries/include/lely/co/detail'
[45.816s]  /usr/bin/install -c -m 644  /home/vboxuser/agv_ws/build/lely_core_libraries/upstream/include/lely/co/detail/dev.h /home/vboxuser/agv_ws/build/lely_core_libraries/upstream/include/lely/co/detail/obj.h '/home/vboxuser/agv_ws/install/lely_core_libraries/include/lely/co/detail'
[45.826s]  /usr/bin/mkdir -p '/home/vboxuser/agv_ws/install/lely_core_libraries/include/lely/io2/can'
[45.834s]  /usr/bin/install -c -m 644  /home/vboxuser/agv_ws/build/lely_core_libraries/upstream/include/lely/io2/can/err.h /home/vboxuser/agv_ws/build/lely_core_libraries/upstream/include/lely/io2/can/err.hpp /home/vboxuser/agv_ws/build/lely_core_libraries/upstream/include/lely/io2/can/msg.h /home/vboxuser/agv_ws/build/lely_core_libraries/upstream/include/lely/io2/can/msg.hpp '/home/vboxuser/agv_ws/install/lely_core_libraries/include/lely/io2/can'
[45.845s]  /usr/bin/mkdir -p '/home/vboxuser/agv_ws/install/lely_core_libraries/include/lely/coapp'
[45.850s]  /usr/bin/install -c -m 644  /home/vboxuser/agv_ws/build/lely_core_libraries/upstream/include/lely/coapp/type_traits.hpp /home/vboxuser/agv_ws/build/lely_core_libraries/upstream/include/lely/coapp/device.hpp /home/vboxuser/agv_ws/build/lely_core_libraries/upstream/include/lely/coapp/driver.hpp /home/vboxuser/agv_ws/build/lely_core_libraries/upstream/include/lely/coapp/fiber_driver.hpp /home/vboxuser/agv_ws/build/lely_core_libraries/upstream/include/lely/coapp/logical_driver.hpp /home/vboxuser/agv_ws/build/lely_core_libraries/upstream/include/lely/coapp/loop_driver.hpp /home/vboxuser/agv_ws/build/lely_core_libraries/upstream/include/lely/coapp/lss_master.hpp /home/vboxuser/agv_ws/build/lely_core_libraries/upstream/include/lely/coapp/master.hpp /home/vboxuser/agv_ws/build/lely_core_libraries/upstream/include/lely/coapp/node.hpp /home/vboxuser/agv_ws/build/lely_core_libraries/upstream/include/lely/coapp/sdo.hpp /home/vboxuser/agv_ws/build/lely_core_libraries/upstream/include/lely/coapp/sdo_error.hpp /home/vboxuser/agv_ws/build/lely_core_libraries/upstream/include/lely/coapp/slave.hpp '/home/vboxuser/agv_ws/install/lely_core_libraries/include/lely/coapp'
[45.892s]  /usr/bin/mkdir -p '/home/vboxuser/agv_ws/install/lely_core_libraries/include/lely/io2'
[45.896s]  /usr/bin/install -c -m 644  /home/vboxuser/agv_ws/build/lely_core_libraries/upstream/include/lely/io2/can.h /home/vboxuser/agv_ws/build/lely_core_libraries/upstream/include/lely/io2/can.hpp /home/vboxuser/agv_ws/build/lely_core_libraries/upstream/include/lely/io2/can_net.h /home/vboxuser/agv_ws/build/lely_core_libraries/upstream/include/lely/io2/can_net.hpp /home/vboxuser/agv_ws/build/lely_core_libraries/upstream/include/lely/io2/can_rt.h /home/vboxuser/agv_ws/build/lely_core_libraries/upstream/include/lely/io2/can_rt.hpp /home/vboxuser/agv_ws/build/lely_core_libraries/upstream/include/lely/io2/clock.h /home/vboxuser/agv_ws/build/lely_core_libraries/upstream/include/lely/io2/clock.hpp /home/vboxuser/agv_ws/build/lely_core_libraries/upstream/include/lely/io2/co_can.hpp /home/vboxuser/agv_ws/build/lely_core_libraries/upstream/include/lely/io2/co_can_rt.hpp /home/vboxuser/agv_ws/build/lely_core_libraries/upstream/include/lely/io2/co_sigset.hpp /home/vboxuser/agv_ws/build/lely_core_libraries/upstream/include/lely/io2/co_timer.hpp /home/vboxuser/agv_ws/build/lely_core_libraries/upstream/include/lely/io2/co_tqueue.hpp /home/vboxuser/agv_ws/build/lely_core_libraries/upstream/include/lely/io2/ctx.h /home/vboxuser/agv_ws/build/lely_core_libraries/upstream/include/lely/io2/ctx.hpp /home/vboxuser/agv_ws/build/lely_core_libraries/upstream/include/lely/io2/dev.h /home/vboxuser/agv_ws/build/lely_core_libraries/upstream/include/lely/io2/dev.hpp /home/vboxuser/agv_ws/build/lely_core_libraries/upstream/include/lely/io2/event.h /home/vboxuser/agv_ws/build/lely_core_libraries/upstream/include/lely/io2/event.hpp /home/vboxuser/agv_ws/build/lely_core_libraries/upstream/include/lely/io2/io2.h /home/vboxuser/agv_ws/build/lely_core_libraries/upstream/include/lely/io2/sigset.h /home/vboxuser/agv_ws/build/lely_core_libraries/upstream/include/lely/io2/sigset.hpp /home/vboxuser/agv_ws/build/lely_core_libraries/upstream/include/lely/io2/timer.h /home/vboxuser/agv_ws/build/lely_core_libraries/upstream/include/lely/io2/timer.hpp /home/vboxuser/agv_ws/build/lely_core_libraries/upstream/include/lely/io2/tqueue.h /home/vboxuser/agv_ws/build/lely_core_libraries/upstream/include/lely/io2/tqueue.hpp /home/vboxuser/agv_ws/build/lely_core_libraries/upstream/include/lely/io2/vcan.h /home/vboxuser/agv_ws/build/lely_core_libraries/upstream/include/lely/io2/vcan.hpp '/home/vboxuser/agv_ws/install/lely_core_libraries/include/lely/io2'
[45.942s]  /usr/bin/mkdir -p '/home/vboxuser/agv_ws/install/lely_core_libraries/include/lely/io2/linux'
[45.948s]  /usr/bin/install -c -m 644  /home/vboxuser/agv_ws/build/lely_core_libraries/upstream/include/lely/io2/linux/can.h /home/vboxuser/agv_ws/build/lely_core_libraries/upstream/include/lely/io2/linux/can.hpp '/home/vboxuser/agv_ws/install/lely_core_libraries/include/lely/io2/linux'
[45.972s]  /usr/bin/mkdir -p '/home/vboxuser/agv_ws/install/lely_core_libraries/include/lely/libc/sys'
[45.983s]  /usr/bin/install -c -m 644  /home/vboxuser/agv_ws/build/lely_core_libraries/upstream/include/lely/libc/sys/types.h '/home/vboxuser/agv_ws/install/lely_core_libraries/include/lely/libc/sys'
[45.992s]  /usr/bin/mkdir -p '/home/vboxuser/agv_ws/install/lely_core_libraries/include/lely/io2/user'
[46.003s]  /usr/bin/install -c -m 644  /home/vboxuser/agv_ws/build/lely_core_libraries/upstream/include/lely/io2/user/can.h /home/vboxuser/agv_ws/build/lely_core_libraries/upstream/include/lely/io2/user/can.hpp /home/vboxuser/agv_ws/build/lely_core_libraries/upstream/include/lely/io2/user/timer.h /home/vboxuser/agv_ws/build/lely_core_libraries/upstream/include/lely/io2/user/timer.hpp '/home/vboxuser/agv_ws/install/lely_core_libraries/include/lely/io2/user'
[46.033s]  /usr/bin/mkdir -p '/home/vboxuser/agv_ws/install/lely_core_libraries/include/lely/io2/sys'
[46.050s]  /usr/bin/install -c -m 644  /home/vboxuser/agv_ws/build/lely_core_libraries/upstream/include/lely/io2/sys/clock.h /home/vboxuser/agv_ws/build/lely_core_libraries/upstream/include/lely/io2/sys/clock.hpp /home/vboxuser/agv_ws/build/lely_core_libraries/upstream/include/lely/io2/sys/io.h /home/vboxuser/agv_ws/build/lely_core_libraries/upstream/include/lely/io2/sys/io.hpp /home/vboxuser/agv_ws/build/lely_core_libraries/upstream/include/lely/io2/sys/sigset.h /home/vboxuser/agv_ws/build/lely_core_libraries/upstream/include/lely/io2/sys/sigset.hpp /home/vboxuser/agv_ws/build/lely_core_libraries/upstream/include/lely/io2/sys/timer.h /home/vboxuser/agv_ws/build/lely_core_libraries/upstream/include/lely/io2/sys/timer.hpp '/home/vboxuser/agv_ws/install/lely_core_libraries/include/lely/io2/sys'
[46.075s]  /usr/bin/mkdir -p '/home/vboxuser/agv_ws/install/lely_core_libraries/include/lely/tap'
[46.096s]  /usr/bin/install -c -m 644  /home/vboxuser/agv_ws/build/lely_core_libraries/upstream/include/lely/tap/tap.h '/home/vboxuser/agv_ws/install/lely_core_libraries/include/lely/tap'
[46.101s]  /usr/bin/mkdir -p '/home/vboxuser/agv_ws/install/lely_core_libraries/include/lely/util'
[46.118s]  /usr/bin/install -c -m 644  /home/vboxuser/agv_ws/build/lely_core_libraries/upstream/include/lely/util/bimap.h /home/vboxuser/agv_ws/build/lely_core_libraries/upstream/include/lely/util/coroutine.h /home/vboxuser/agv_ws/build/lely_core_libraries/upstream/include/lely/util/coroutine.hpp /home/vboxuser/agv_ws/build/lely_core_libraries/upstream/include/lely/util/mkjmp.h /home/vboxuser/agv_ws/build/lely_core_libraries/upstream/include/lely/util/sllist.h /home/vboxuser/agv_ws/build/lely_core_libraries/upstream/include/lely/util/spscring.h /home/vboxuser/agv_ws/build/lely_core_libraries/upstream/include/lely/util/bits.h /home/vboxuser/agv_ws/build/lely_core_libraries/upstream/include/lely/util/bitset.h /home/vboxuser/agv_ws/build/lely_core_libraries/upstream/include/lely/util/c_call.hpp /home/vboxuser/agv_ws/build/lely_core_libraries/upstream/include/lely/util/c_type.hpp /home/vboxuser/agv_ws/build/lely_core_libraries/upstream/include/lely/util/chrono.hpp /home/vboxuser/agv_ws/build/lely_core_libraries/upstream/include/lely/util/cmp.h /home/vboxuser/agv_ws/build/lely_core_libraries/upstream/include/lely/util/config.h /home/vboxuser/agv_ws/build/lely_core_libraries/upstream/include/lely/util/daemon.h /home/vboxuser/agv_ws/build/lely_core_libraries/upstream/include/lely/util/diag.h /home/vboxuser/agv_ws/build/lely_core_libraries/upstream/include/lely/util/dllist.h /home/vboxuser/agv_ws/build/lely_core_libraries/upstream/include/lely/util/endian.h /home/vboxuser/agv_ws/build/lely_core_libraries/upstream/include/lely/util/errnum.h /home/vboxuser/agv_ws/build/lely_core_libraries/upstream/include/lely/util/error.hpp /home/vboxuser/agv_ws/build/lely_core_libraries/upstream/include/lely/util/exception.hpp /home/vboxuser/agv_ws/build/lely_core_libraries/upstream/include/lely/util/fiber.h /home/vboxuser/agv_ws/build/lely_core_libraries/upstream/include/lely/util/fiber.hpp /home/vboxuser/agv_ws/build/lely_core_libraries/upstream/include/lely/util/float.h /home/vboxuser/agv_ws/build/lely_core_libraries/upstream/include/lely/util/frbuf.h /home/vboxuser/agv_ws/build/lely_core_libraries/upstream/include/lely/util/fwbuf.h /home/vboxuser/agv_ws/build/lely_core_libraries/upstream/include/lely/util/invoker.hpp /home/vboxuser/agv_ws/build/lely_core_libraries/upstream/include/lely/util/lex.h /home/vboxuser/agv_ws/build/lely_core_libraries/upstream/include/lely/util/membuf.h /home/vboxuser/agv_ws/build/lely_core_libraries/upstream/include/lely/util/mutex.hpp /home/vboxuser/agv_ws/build/lely_core_libraries/upstream/include/lely/util/pheap.h /home/vboxuser/agv_ws/build/lely_core_libraries/upstream/include/lely/util/print.h /home/vboxuser/agv_ws/build/lely_core_libraries/upstream/include/lely/util/rbtree.h /home/vboxuser/agv_ws/build/lely_core_libraries/upstream/include/lely/util/result.hpp /home/vboxuser/agv_ws/build/lely_core_libraries/upstream/include/lely/util/stop.h /home/vboxuser/agv_ws/build/lely_core_libraries/upstream/include/lely/util/stop.hpp /home/vboxuser/agv_ws/build/lely_core_libraries/upstream/include/lely/util/time.h /home/vboxuser/agv_ws/build/lely_core_libraries/upstream/include/lely/util/ustring.h /home/vboxuser/agv_ws/build/lely_core_libraries/upstream/include/lely/util/util.h '/home/vboxuser/agv_ws/install/lely_core_libraries/include/lely/util'
[46.162s]  /usr/bin/mkdir -p '/home/vboxuser/agv_ws/install/lely_core_libraries/include/lely/libc'
[46.167s]  /usr/bin/install -c -m 644  /home/vboxuser/agv_ws/build/lely_core_libraries/upstream/include/lely/libc/chrono.hpp /home/vboxuser/agv_ws/build/lely_core_libraries/upstream/include/lely/libc/functional.hpp /home/vboxuser/agv_ws/build/lely_core_libraries/upstream/include/lely/libc/stdatomic.h /home/vboxuser/agv_ws/build/lely_core_libraries/upstream/include/lely/libc/stddef.h /home/vboxuser/agv_ws/build/lely_core_libraries/upstream/include/lely/libc/stdint.h /home/vboxuser/agv_ws/build/lely_core_libraries/upstream/include/lely/libc/stdio.h /home/vboxuser/agv_ws/build/lely_core_libraries/upstream/include/lely/libc/stdlib.h /home/vboxuser/agv_ws/build/lely_core_libraries/upstream/include/lely/libc/string.h /home/vboxuser/agv_ws/build/lely_core_libraries/upstream/include/lely/libc/strings.h /home/vboxuser/agv_ws/build/lely_core_libraries/upstream/include/lely/libc/threads.h /home/vboxuser/agv_ws/build/lely_core_libraries/upstream/include/lely/libc/time.h /home/vboxuser/agv_ws/build/lely_core_libraries/upstream/include/lely/libc/type_traits.hpp /home/vboxuser/agv_ws/build/lely_core_libraries/upstream/include/lely/libc/uchar.h /home/vboxuser/agv_ws/build/lely_core_libraries/upstream/include/lely/libc/unistd.h /home/vboxuser/agv_ws/build/lely_core_libraries/upstream/include/lely/libc/utility.hpp '/home/vboxuser/agv_ws/install/lely_core_libraries/include/lely/libc'
[46.206s] gmake[2]: Leaving directory '/home/vboxuser/agv_ws/build/lely_core_libraries/build/include'
[46.208s] gmake[1]: Leaving directory '/home/vboxuser/agv_ws/build/lely_core_libraries/build/include'
[46.213s] Making install in src
[46.227s] gmake[1]: Entering directory '/home/vboxuser/agv_ws/build/lely_core_libraries/build/src'
[46.267s] Making install in libc
[46.301s] gmake[2]: Entering directory '/home/vboxuser/agv_ws/build/lely_core_libraries/build/src/libc'
[46.329s] gmake[3]: Entering directory '/home/vboxuser/agv_ws/build/lely_core_libraries/build/src/libc'
[46.343s]  /usr/bin/mkdir -p '/home/vboxuser/agv_ws/install/lely_core_libraries/lib'
[46.344s]  /bin/bash ../../libtool   --mode=install /usr/bin/install -c   liblely-libc.la '/home/vboxuser/agv_ws/install/lely_core_libraries/lib'
[46.425s] libtool: install: /usr/bin/install -c .libs/liblely-libc.so.2.3.2 /home/vboxuser/agv_ws/install/lely_core_libraries/lib/liblely-libc.so.2.3.2
[46.447s] libtool: install: (cd /home/vboxuser/agv_ws/install/lely_core_libraries/lib && { ln -s -f liblely-libc.so.2.3.2 liblely-libc.so.2 || { rm -f liblely-libc.so.2 && ln -s liblely-libc.so.2.3.2 liblely-libc.so.2; }; })
[46.447s] libtool: install: (cd /home/vboxuser/agv_ws/install/lely_core_libraries/lib && { ln -s -f liblely-libc.so.2.3.2 liblely-libc.so || { rm -f liblely-libc.so && ln -s liblely-libc.so.2.3.2 liblely-libc.so; }; })
[46.473s] libtool: install: /usr/bin/install -c .libs/liblely-libc.lai /home/vboxuser/agv_ws/install/lely_core_libraries/lib/liblely-libc.la
[46.599s] libtool: finish: PATH="/home/vboxuser/agv_ws/install/lely_core_libraries/bin:/opt/ros/humble/bin:/usr/local/sbin:/usr/local/bin:/usr/sbin:/usr/bin:/sbin:/bin:/usr/games:/usr/local/games:/snap/bin:/snap/bin:/sbin" ldconfig -n /home/vboxuser/agv_ws/install/lely_core_libraries/lib
[46.617s] ----------------------------------------------------------------------
[46.618s] Libraries have been installed in:
[46.618s]    /home/vboxuser/agv_ws/install/lely_core_libraries/lib
[46.618s] 
[46.618s] If you ever happen to want to link against installed libraries
[46.618s] in a given directory, LIBDIR, you must either use libtool, and
[46.618s] specify the full pathname of the library, or use the '-LLIBDIR'
[46.618s] flag during linking and do at least one of the following:
[46.618s]    - add LIBDIR to the 'LD_LIBRARY_PATH' environment variable
[46.618s]      during execution
[46.619s]    - add LIBDIR to the 'LD_RUN_PATH' environment variable
[46.619s]      during linking
[46.621s]    - use the '-Wl,-rpath -Wl,LIBDIR' linker flag
[46.621s]    - have your system administrator add LIBDIR to '/etc/ld.so.conf'
[46.621s] 
[46.621s] See any operating system documentation about shared libraries for
[46.622s] more information, such as the ld(1) and ld.so(8) manual pages.
[46.622s] ----------------------------------------------------------------------
[46.632s] gmake[3]: Leaving directory '/home/vboxuser/agv_ws/build/lely_core_libraries/build/src/libc'
[46.632s] gmake[2]: Leaving directory '/home/vboxuser/agv_ws/build/lely_core_libraries/build/src/libc'
[46.633s] Making install in tap
[46.665s] gmake[2]: Entering directory '/home/vboxuser/agv_ws/build/lely_core_libraries/build/src/tap'
[46.705s] gmake[3]: Entering directory '/home/vboxuser/agv_ws/build/lely_core_libraries/build/src/tap'
[46.705s]  /usr/bin/mkdir -p '/home/vboxuser/agv_ws/install/lely_core_libraries/lib'
[46.716s]  /bin/bash ../../libtool   --mode=install /usr/bin/install -c   liblely-tap.la '/home/vboxuser/agv_ws/install/lely_core_libraries/lib'
[46.905s] libtool: warning: relinking 'liblely-tap.la'
[46.924s] libtool: install: (cd /home/vboxuser/agv_ws/build/lely_core_libraries/build/src/tap; /bin/bash "/home/vboxuser/agv_ws/build/lely_core_libraries/build/libtool"  --silent --tag CC --mode=relink gcc -pthread -g -O2 -Wall -Wextra -pedantic -Werror -Wno-static-in-inline -no-undefined -version-number 2:3:2 -Wl,--as-needed -o liblely-tap.la -rpath /home/vboxuser/agv_ws/install/lely_core_libraries/lib liblely_tap_la-tap.lo ../../src/libc/liblely-libc.la )
[47.462s] libtool: install: /usr/bin/install -c .libs/liblely-tap.so.2.3.2T /home/vboxuser/agv_ws/install/lely_core_libraries/lib/liblely-tap.so.2.3.2
[47.463s] libtool: install: (cd /home/vboxuser/agv_ws/install/lely_core_libraries/lib && { ln -s -f liblely-tap.so.2.3.2 liblely-tap.so.2 || { rm -f liblely-tap.so.2 && ln -s liblely-tap.so.2.3.2 liblely-tap.so.2; }; })
[47.476s] libtool: install: (cd /home/vboxuser/agv_ws/install/lely_core_libraries/lib && { ln -s -f liblely-tap.so.2.3.2 liblely-tap.so || { rm -f liblely-tap.so && ln -s liblely-tap.so.2.3.2 liblely-tap.so; }; })
[47.488s] libtool: install: /usr/bin/install -c .libs/liblely-tap.lai /home/vboxuser/agv_ws/install/lely_core_libraries/lib/liblely-tap.la
[47.589s] libtool: finish: PATH="/home/vboxuser/agv_ws/install/lely_core_libraries/bin:/opt/ros/humble/bin:/usr/local/sbin:/usr/local/bin:/usr/sbin:/usr/bin:/sbin:/bin:/usr/games:/usr/local/games:/snap/bin:/snap/bin:/sbin" ldconfig -n /home/vboxuser/agv_ws/install/lely_core_libraries/lib
[47.602s] ----------------------------------------------------------------------
[47.603s] Libraries have been installed in:
[47.603s]    /home/vboxuser/agv_ws/install/lely_core_libraries/lib
[47.603s] 
[47.603s] If you ever happen to want to link against installed libraries
[47.603s] in a given directory, LIBDIR, you must either use libtool, and
[47.603s] specify the full pathname of the library, or use the '-LLIBDIR'
[47.603s] flag during linking and do at least one of the following:
[47.603s]    - add LIBDIR to the 'LD_LIBRARY_PATH' environment variable
[47.604s]      during execution
[47.604s]    - add LIBDIR to the 'LD_RUN_PATH' environment variable
[47.604s]      during linking
[47.604s]    - use the '-Wl,-rpath -Wl,LIBDIR' linker flag
[47.604s]    - have your system administrator add LIBDIR to '/etc/ld.so.conf'
[47.604s] 
[47.604s] See any operating system documentation about shared libraries for
[47.604s] more information, such as the ld(1) and ld.so(8) manual pages.
[47.605s] ----------------------------------------------------------------------
[47.627s] gmake[3]: Leaving directory '/home/vboxuser/agv_ws/build/lely_core_libraries/build/src/tap'
[47.628s] gmake[2]: Leaving directory '/home/vboxuser/agv_ws/build/lely_core_libraries/build/src/tap'
[47.628s] Making install in util
[47.765s] gmake[2]: Entering directory '/home/vboxuser/agv_ws/build/lely_core_libraries/build/src/util'
[47.899s] gmake[3]: Entering directory '/home/vboxuser/agv_ws/build/lely_core_libraries/build/src/util'
[47.902s]  /usr/bin/mkdir -p '/home/vboxuser/agv_ws/install/lely_core_libraries/lib'
[47.919s]  /bin/bash ../../libtool   --mode=install /usr/bin/install -c   liblely-util.la '/home/vboxuser/agv_ws/install/lely_core_libraries/lib'
[48.032s] libtool: warning: relinking 'liblely-util.la'
[48.050s] libtool: install: (cd /home/vboxuser/agv_ws/build/lely_core_libraries/build/src/util; /bin/bash "/home/vboxuser/agv_ws/build/lely_core_libraries/build/libtool"  --silent --tag CXX --mode=relink g++ -std=gnu++11 -g -O2 -Wall -Wextra -pedantic -Werror -no-undefined -version-number 2:3:2 -Wl,--as-needed -o liblely-util.la -rpath /home/vboxuser/agv_ws/install/lely_core_libraries/lib liblely_util_la-bimap.lo liblely_util_la-mkjmp.lo liblely_util_la-sllist.lo liblely_util_la-spscring.lo liblely_util_la-bits.lo liblely_util_la-bitset.lo liblely_util_la-cmp.lo liblely_util_la-config.lo liblely_util_la-config_ini.lo liblely_util_la-daemon.lo liblely_util_la-diag.lo liblely_util_la-dllist.lo liblely_util_la-endian.lo liblely_util_la-errnum.lo liblely_util_la-exception.lo liblely_util_la-fiber.lo liblely_util_la-frbuf.lo liblely_util_la-fwbuf.lo liblely_util_la-lex.lo liblely_util_la-membuf.lo liblely_util_la-pheap.lo liblely_util_la-print.lo liblely_util_la-rbtree.lo liblely_util_la-stop.lo liblely_util_la-time.lo liblely_util_la-ustring.lo ../../src/libc/liblely-libc.la -lm )
[48.805s] libtool: install: /usr/bin/install -c .libs/liblely-util.so.2.3.2T /home/vboxuser/agv_ws/install/lely_core_libraries/lib/liblely-util.so.2.3.2
[48.807s] libtool: install: (cd /home/vboxuser/agv_ws/install/lely_core_libraries/lib && { ln -s -f liblely-util.so.2.3.2 liblely-util.so.2 || { rm -f liblely-util.so.2 && ln -s liblely-util.so.2.3.2 liblely-util.so.2; }; })
[48.826s] libtool: install: (cd /home/vboxuser/agv_ws/install/lely_core_libraries/lib && { ln -s -f liblely-util.so.2.3.2 liblely-util.so || { rm -f liblely-util.so && ln -s liblely-util.so.2.3.2 liblely-util.so; }; })
[48.856s] libtool: install: /usr/bin/install -c .libs/liblely-util.lai /home/vboxuser/agv_ws/install/lely_core_libraries/lib/liblely-util.la
[48.955s] libtool: finish: PATH="/home/vboxuser/agv_ws/install/lely_core_libraries/bin:/opt/ros/humble/bin:/usr/local/sbin:/usr/local/bin:/usr/sbin:/usr/bin:/sbin:/bin:/usr/games:/usr/local/games:/snap/bin:/snap/bin:/sbin" ldconfig -n /home/vboxuser/agv_ws/install/lely_core_libraries/lib
[48.958s] ----------------------------------------------------------------------
[48.958s] Libraries have been installed in:
[48.958s]    /home/vboxuser/agv_ws/install/lely_core_libraries/lib
[48.958s] 
[48.958s] If you ever happen to want to link against installed libraries
[48.958s] in a given directory, LIBDIR, you must either use libtool, and
[48.958s] specify the full pathname of the library, or use the '-LLIBDIR'
[48.959s] flag during linking and do at least one of the following:
[48.959s]    - add LIBDIR to the 'LD_LIBRARY_PATH' environment variable
[48.959s]      during execution
[48.959s]    - add LIBDIR to the 'LD_RUN_PATH' environment variable
[48.959s]      during linking
[48.959s]    - use the '-Wl,-rpath -Wl,LIBDIR' linker flag
[48.959s]    - have your system administrator add LIBDIR to '/etc/ld.so.conf'
[48.960s] 
[48.960s] See any operating system documentation about shared libraries for
[48.960s] more information, such as the ld(1) and ld.so(8) manual pages.
[48.960s] ----------------------------------------------------------------------
[48.985s] gmake[3]: Leaving directory '/home/vboxuser/agv_ws/build/lely_core_libraries/build/src/util'
[48.985s] gmake[2]: Leaving directory '/home/vboxuser/agv_ws/build/lely_core_libraries/build/src/util'
[48.986s] Making install in can
[49.036s] gmake[2]: Entering directory '/home/vboxuser/agv_ws/build/lely_core_libraries/build/src/can'
[49.070s] gmake[3]: Entering directory '/home/vboxuser/agv_ws/build/lely_core_libraries/build/src/can'
[49.082s]  /usr/bin/mkdir -p '/home/vboxuser/agv_ws/install/lely_core_libraries/lib'
[49.099s]  /bin/bash ../../libtool   --mode=install /usr/bin/install -c   liblely-can.la '/home/vboxuser/agv_ws/install/lely_core_libraries/lib'
[49.273s] libtool: warning: relinking 'liblely-can.la'
[49.300s] libtool: install: (cd /home/vboxuser/agv_ws/build/lely_core_libraries/build/src/can; /bin/bash "/home/vboxuser/agv_ws/build/lely_core_libraries/build/libtool"  --silent --tag CC --mode=relink gcc -pthread -g -O2 -Wall -Wextra -pedantic -Werror -Wno-static-in-inline -no-undefined -version-number 1:9:2 -Wl,--as-needed -o liblely-can.la -rpath /home/vboxuser/agv_ws/install/lely_core_libraries/lib liblely_can_la-buf.lo liblely_can_la-msg.lo liblely_can_la-net.lo liblely_can_la-socket.lo ../../src/libc/liblely-libc.la ../../src/util/liblely-util.la )
[49.887s] libtool: install: /usr/bin/install -c .libs/liblely-can.so.1.9.2T /home/vboxuser/agv_ws/install/lely_core_libraries/lib/liblely-can.so.1.9.2
[49.898s] libtool: install: (cd /home/vboxuser/agv_ws/install/lely_core_libraries/lib && { ln -s -f liblely-can.so.1.9.2 liblely-can.so.1 || { rm -f liblely-can.so.1 && ln -s liblely-can.so.1.9.2 liblely-can.so.1; }; })
[49.916s] libtool: install: (cd /home/vboxuser/agv_ws/install/lely_core_libraries/lib && { ln -s -f liblely-can.so.1.9.2 liblely-can.so || { rm -f liblely-can.so && ln -s liblely-can.so.1.9.2 liblely-can.so; }; })
[49.928s] libtool: install: /usr/bin/install -c .libs/liblely-can.lai /home/vboxuser/agv_ws/install/lely_core_libraries/lib/liblely-can.la
[50.157s] libtool: finish: PATH="/home/vboxuser/agv_ws/install/lely_core_libraries/bin:/opt/ros/humble/bin:/usr/local/sbin:/usr/local/bin:/usr/sbin:/usr/bin:/sbin:/bin:/usr/games:/usr/local/games:/snap/bin:/snap/bin:/sbin" ldconfig -n /home/vboxuser/agv_ws/install/lely_core_libraries/lib
[50.158s] ----------------------------------------------------------------------
[50.158s] Libraries have been installed in:
[50.158s]    /home/vboxuser/agv_ws/install/lely_core_libraries/lib
[50.159s] 
[50.159s] If you ever happen to want to link against installed libraries
[50.159s] in a given directory, LIBDIR, you must either use libtool, and
[50.159s] specify the full pathname of the library, or use the '-LLIBDIR'
[50.159s] flag during linking and do at least one of the following:
[50.159s]    - add LIBDIR to the 'LD_LIBRARY_PATH' environment variable
[50.159s]      during execution
[50.160s]    - add LIBDIR to the 'LD_RUN_PATH' environment variable
[50.160s]      during linking
[50.160s]    - use the '-Wl,-rpath -Wl,LIBDIR' linker flag
[50.160s]    - have your system administrator add LIBDIR to '/etc/ld.so.conf'
[50.160s] 
[50.160s] See any operating system documentation about shared libraries for
[50.161s] more information, such as the ld(1) and ld.so(8) manual pages.
[50.165s] ----------------------------------------------------------------------
[50.182s] gmake[3]: Leaving directory '/home/vboxuser/agv_ws/build/lely_core_libraries/build/src/can'
[50.182s] gmake[2]: Leaving directory '/home/vboxuser/agv_ws/build/lely_core_libraries/build/src/can'
[50.182s] Making install in co
[50.231s] gmake[2]: Entering directory '/home/vboxuser/agv_ws/build/lely_core_libraries/build/src/co'
[50.295s] gmake[3]: Entering directory '/home/vboxuser/agv_ws/build/lely_core_libraries/build/src/co'
[50.319s]  /usr/bin/mkdir -p '/home/vboxuser/agv_ws/install/lely_core_libraries/lib'
[50.322s]  /bin/bash ../../libtool   --mode=install /usr/bin/install -c   liblely-co.la '/home/vboxuser/agv_ws/install/lely_core_libraries/lib'
[50.453s] libtool: warning: relinking 'liblely-co.la'
[50.468s] libtool: install: (cd /home/vboxuser/agv_ws/build/lely_core_libraries/build/src/co; /bin/bash "/home/vboxuser/agv_ws/build/lely_core_libraries/build/libtool"  --silent --tag CC --mode=relink gcc -pthread -g -O2 -Wall -Wextra -pedantic -Werror -Wno-static-in-inline -no-undefined -version-number 2:3:2 -Wl,--as-needed -o liblely-co.la -rpath /home/vboxuser/agv_ws/install/lely_core_libraries/lib liblely_co_la-crc.lo liblely_co_la-csdo.lo liblely_co_la-dcf.lo liblely_co_la-dev.lo liblely_co_la-emcy.lo liblely_co_la-gw.lo liblely_co_la-gw_txt.lo liblely_co_la-lss.lo liblely_co_la-nmt.lo liblely_co_la-nmt_boot.lo liblely_co_la-nmt_cfg.lo liblely_co_la-nmt_hb.lo liblely_co_la-nmt_srv.lo liblely_co_la-obj.lo liblely_co_la-pdo.lo liblely_co_la-rpdo.lo liblely_co_la-sdev.lo liblely_co_la-sdo.lo liblely_co_la-ssdo.lo liblely_co_la-sync.lo liblely_co_la-time.lo liblely_co_la-tpdo.lo liblely_co_la-type.lo liblely_co_la-val.lo liblely_co_la-wtm.lo ../../src/libc/liblely-libc.la ../../src/util/liblely-util.la ../../src/can/liblely-can.la )
[51.204s] libtool: install: /usr/bin/install -c .libs/liblely-co.so.2.3.2T /home/vboxuser/agv_ws/install/lely_core_libraries/lib/liblely-co.so.2.3.2
[51.216s] libtool: install: (cd /home/vboxuser/agv_ws/install/lely_core_libraries/lib && { ln -s -f liblely-co.so.2.3.2 liblely-co.so.2 || { rm -f liblely-co.so.2 && ln -s liblely-co.so.2.3.2 liblely-co.so.2; }; })
[51.225s] libtool: install: (cd /home/vboxuser/agv_ws/install/lely_core_libraries/lib && { ln -s -f liblely-co.so.2.3.2 liblely-co.so || { rm -f liblely-co.so && ln -s liblely-co.so.2.3.2 liblely-co.so; }; })
[51.233s] libtool: install: /usr/bin/install -c .libs/liblely-co.lai /home/vboxuser/agv_ws/install/lely_core_libraries/lib/liblely-co.la
[51.386s] libtool: finish: PATH="/home/vboxuser/agv_ws/install/lely_core_libraries/bin:/opt/ros/humble/bin:/usr/local/sbin:/usr/local/bin:/usr/sbin:/usr/bin:/sbin:/bin:/usr/games:/usr/local/games:/snap/bin:/snap/bin:/sbin" ldconfig -n /home/vboxuser/agv_ws/install/lely_core_libraries/lib
[51.393s] ----------------------------------------------------------------------
[51.398s] Libraries have been installed in:
[51.398s]    /home/vboxuser/agv_ws/install/lely_core_libraries/lib
[51.398s] 
[51.398s] If you ever happen to want to link against installed libraries
[51.398s] in a given directory, LIBDIR, you must either use libtool, and
[51.398s] specify the full pathname of the library, or use the '-LLIBDIR'
[51.398s] flag during linking and do at least one of the following:
[51.398s]    - add LIBDIR to the 'LD_LIBRARY_PATH' environment variable
[51.398s]      during execution
[51.399s]    - add LIBDIR to the 'LD_RUN_PATH' environment variable
[51.399s]      during linking
[51.399s]    - use the '-Wl,-rpath -Wl,LIBDIR' linker flag
[51.399s]    - have your system administrator add LIBDIR to '/etc/ld.so.conf'
[51.399s] 
[51.399s] See any operating system documentation about shared libraries for
[51.399s] more information, such as the ld(1) and ld.so(8) manual pages.
[51.399s] ----------------------------------------------------------------------
[51.412s] gmake[3]: Leaving directory '/home/vboxuser/agv_ws/build/lely_core_libraries/build/src/co'
[51.412s] gmake[2]: Leaving directory '/home/vboxuser/agv_ws/build/lely_core_libraries/build/src/co'
[51.413s] Making install in io
[51.496s] gmake[2]: Entering directory '/home/vboxuser/agv_ws/build/lely_core_libraries/build/src/io'
[51.606s] gmake[3]: Entering directory '/home/vboxuser/agv_ws/build/lely_core_libraries/build/src/io'
[51.620s]  /usr/bin/mkdir -p '/home/vboxuser/agv_ws/install/lely_core_libraries/lib'
[51.622s]  /bin/bash ../../libtool   --mode=install /usr/bin/install -c   liblely-io.la '/home/vboxuser/agv_ws/install/lely_core_libraries/lib'
[51.749s] libtool: warning: relinking 'liblely-io.la'
[51.763s] libtool: install: (cd /home/vboxuser/agv_ws/build/lely_core_libraries/build/src/io; /bin/bash "/home/vboxuser/agv_ws/build/lely_core_libraries/build/libtool"  --silent --tag CC --mode=relink gcc -pthread -g -O2 -Wall -Wextra -pedantic -Werror -Wno-static-in-inline -no-undefined -version-number 1:9:2 -Wl,--as-needed -o liblely-io.la -rpath /home/vboxuser/agv_ws/install/lely_core_libraries/lib liblely_io_la-addr.lo liblely_io_la-attr.lo liblely_io_la-can.lo liblely_io_la-file.lo liblely_io_la-handle.lo liblely_io_la-if.lo liblely_io_la-io.lo liblely_io_la-pipe.lo liblely_io_la-poll.lo liblely_io_la-rtnl.lo liblely_io_la-serial.lo liblely_io_la-sock.lo ../../src/libc/liblely-libc.la ../../src/util/liblely-util.la ../../src/can/liblely-can.la )
[52.423s] libtool: install: /usr/bin/install -c .libs/liblely-io.so.1.9.2T /home/vboxuser/agv_ws/install/lely_core_libraries/lib/liblely-io.so.1.9.2
[52.428s] libtool: install: (cd /home/vboxuser/agv_ws/install/lely_core_libraries/lib && { ln -s -f liblely-io.so.1.9.2 liblely-io.so.1 || { rm -f liblely-io.so.1 && ln -s liblely-io.so.1.9.2 liblely-io.so.1; }; })
[52.434s] libtool: install: (cd /home/vboxuser/agv_ws/install/lely_core_libraries/lib && { ln -s -f liblely-io.so.1.9.2 liblely-io.so || { rm -f liblely-io.so && ln -s liblely-io.so.1.9.2 liblely-io.so; }; })
[52.440s] libtool: install: /usr/bin/install -c .libs/liblely-io.lai /home/vboxuser/agv_ws/install/lely_core_libraries/lib/liblely-io.la
[52.564s] libtool: finish: PATH="/home/vboxuser/agv_ws/install/lely_core_libraries/bin:/opt/ros/humble/bin:/usr/local/sbin:/usr/local/bin:/usr/sbin:/usr/bin:/sbin:/bin:/usr/games:/usr/local/games:/snap/bin:/snap/bin:/sbin" ldconfig -n /home/vboxuser/agv_ws/install/lely_core_libraries/lib
[52.573s] ----------------------------------------------------------------------
[52.573s] Libraries have been installed in:
[52.573s]    /home/vboxuser/agv_ws/install/lely_core_libraries/lib
[52.574s] 
[52.574s] If you ever happen to want to link against installed libraries
[52.574s] in a given directory, LIBDIR, you must either use libtool, and
[52.574s] specify the full pathname of the library, or use the '-LLIBDIR'
[52.574s] flag during linking and do at least one of the following:
[52.574s]    - add LIBDIR to the 'LD_LIBRARY_PATH' environment variable
[52.574s]      during execution
[52.575s]    - add LIBDIR to the 'LD_RUN_PATH' environment variable
[52.575s]      during linking
[52.575s]    - use the '-Wl,-rpath -Wl,LIBDIR' linker flag
[52.575s]    - have your system administrator add LIBDIR to '/etc/ld.so.conf'
[52.575s] 
[52.576s] See any operating system documentation about shared libraries for
[52.576s] more information, such as the ld(1) and ld.so(8) manual pages.
[52.576s] ----------------------------------------------------------------------
[52.588s] gmake[3]: Leaving directory '/home/vboxuser/agv_ws/build/lely_core_libraries/build/src/io'
[52.592s] gmake[2]: Leaving directory '/home/vboxuser/agv_ws/build/lely_core_libraries/build/src/io'
[52.593s] Making install in ev
[52.661s] gmake[2]: Entering directory '/home/vboxuser/agv_ws/build/lely_core_libraries/build/src/ev'
[52.739s] gmake[3]: Entering directory '/home/vboxuser/agv_ws/build/lely_core_libraries/build/src/ev'
[52.748s]  /usr/bin/mkdir -p '/home/vboxuser/agv_ws/install/lely_core_libraries/lib'
[52.757s]  /bin/bash ../../libtool   --mode=install /usr/bin/install -c   liblely-ev.la '/home/vboxuser/agv_ws/install/lely_core_libraries/lib'
[52.885s] libtool: warning: relinking 'liblely-ev.la'
[52.917s] libtool: install: (cd /home/vboxuser/agv_ws/build/lely_core_libraries/build/src/ev; /bin/bash "/home/vboxuser/agv_ws/build/lely_core_libraries/build/libtool"  --silent --tag CC --mode=relink gcc -pthread -g -O2 -Wall -Wextra -pedantic -Werror -Wno-static-in-inline -no-undefined -version-number 2:3:2 -Wl,--as-needed -o liblely-ev.la -rpath /home/vboxuser/agv_ws/install/lely_core_libraries/lib liblely_ev_la-exec.lo liblely_ev_la-fiber_exec.lo liblely_ev_la-future.lo liblely_ev_la-loop.lo liblely_ev_la-poll.lo liblely_ev_la-std_exec.lo liblely_ev_la-strand.lo liblely_ev_la-task.lo liblely_ev_la-thrd_loop.lo ../../src/libc/liblely-libc.la ../../src/util/liblely-util.la )
[53.478s] libtool: install: /usr/bin/install -c .libs/liblely-ev.so.2.3.2T /home/vboxuser/agv_ws/install/lely_core_libraries/lib/liblely-ev.so.2.3.2
[53.483s] libtool: install: (cd /home/vboxuser/agv_ws/install/lely_core_libraries/lib && { ln -s -f liblely-ev.so.2.3.2 liblely-ev.so.2 || { rm -f liblely-ev.so.2 && ln -s liblely-ev.so.2.3.2 liblely-ev.so.2; }; })
[53.489s] libtool: install: (cd /home/vboxuser/agv_ws/install/lely_core_libraries/lib && { ln -s -f liblely-ev.so.2.3.2 liblely-ev.so || { rm -f liblely-ev.so && ln -s liblely-ev.so.2.3.2 liblely-ev.so; }; })
[53.504s] libtool: install: /usr/bin/install -c .libs/liblely-ev.lai /home/vboxuser/agv_ws/install/lely_core_libraries/lib/liblely-ev.la
[53.631s] libtool: finish: PATH="/home/vboxuser/agv_ws/install/lely_core_libraries/bin:/opt/ros/humble/bin:/usr/local/sbin:/usr/local/bin:/usr/sbin:/usr/bin:/sbin:/bin:/usr/games:/usr/local/games:/snap/bin:/snap/bin:/sbin" ldconfig -n /home/vboxuser/agv_ws/install/lely_core_libraries/lib
[53.648s] ----------------------------------------------------------------------
[53.648s] Libraries have been installed in:
[53.648s]    /home/vboxuser/agv_ws/install/lely_core_libraries/lib
[53.648s] 
[53.648s] If you ever happen to want to link against installed libraries
[53.649s] in a given directory, LIBDIR, you must either use libtool, and
[53.649s] specify the full pathname of the library, or use the '-LLIBDIR'
[53.649s] flag during linking and do at least one of the following:
[53.649s]    - add LIBDIR to the 'LD_LIBRARY_PATH' environment variable
[53.649s]      during execution
[53.649s]    - add LIBDIR to the 'LD_RUN_PATH' environment variable
[53.649s]      during linking
[53.649s]    - use the '-Wl,-rpath -Wl,LIBDIR' linker flag
[53.649s]    - have your system administrator add LIBDIR to '/etc/ld.so.conf'
[53.650s] 
[53.650s] See any operating system documentation about shared libraries for
[53.650s] more information, such as the ld(1) and ld.so(8) manual pages.
[53.650s] ----------------------------------------------------------------------
[53.671s] gmake[3]: Leaving directory '/home/vboxuser/agv_ws/build/lely_core_libraries/build/src/ev'
[53.671s] gmake[2]: Leaving directory '/home/vboxuser/agv_ws/build/lely_core_libraries/build/src/ev'
[53.671s] Making install in io2
[53.788s] gmake[2]: Entering directory '/home/vboxuser/agv_ws/build/lely_core_libraries/build/src/io2'
[53.899s] gmake[3]: Entering directory '/home/vboxuser/agv_ws/build/lely_core_libraries/build/src/io2'
[53.913s]  /usr/bin/mkdir -p '/home/vboxuser/agv_ws/install/lely_core_libraries/lib'
[53.916s]  /bin/bash ../../libtool   --mode=install /usr/bin/install -c   liblely-io2.la '/home/vboxuser/agv_ws/install/lely_core_libraries/lib'
[54.024s] libtool: warning: relinking 'liblely-io2.la'
[54.032s] libtool: install: (cd /home/vboxuser/agv_ws/build/lely_core_libraries/build/src/io2; /bin/bash "/home/vboxuser/agv_ws/build/lely_core_libraries/build/libtool"  --silent --tag CC --mode=relink gcc -pthread -g -O2 -Wall -Wextra -pedantic -Werror -Wno-static-in-inline -no-undefined -version-number 2:3:2 -Wl,--as-needed -o liblely-io2.la -rpath /home/vboxuser/agv_ws/install/lely_core_libraries/lib can/liblely_io2_la-msg.lo linux/liblely_io2_la-can_chan.lo linux/liblely_io2_la-can_ctrl.lo linux/liblely_io2_la-poll.lo linux/liblely_io2_la-timer.lo posix/liblely_io2_la-fd.lo posix/liblely_io2_la-io.lo posix/liblely_io2_la-sigset.lo sys/liblely_io2_la-clock.lo sys/liblely_io2_la-io.lo user/liblely_io2_la-can.lo user/liblely_io2_la-timer.lo liblely_io2_la-can.lo liblely_io2_la-can_net.lo liblely_io2_la-can_rt.lo liblely_io2_la-clock.lo liblely_io2_la-ctx.lo liblely_io2_la-dev.lo liblely_io2_la-sigset.lo liblely_io2_la-timer.lo liblely_io2_la-tqueue.lo liblely_io2_la-vcan.lo ../../src/libc/liblely-libc.la ../../src/util/liblely-util.la ../../src/can/liblely-can.la ../../src/ev/liblely-ev.la -lrt )
[54.471s] libtool: install: /usr/bin/install -c .libs/liblely-io2.so.2.3.2T /home/vboxuser/agv_ws/install/lely_core_libraries/lib/liblely-io2.so.2.3.2
[54.472s] libtool: install: (cd /home/vboxuser/agv_ws/install/lely_core_libraries/lib && { ln -s -f liblely-io2.so.2.3.2 liblely-io2.so.2 || { rm -f liblely-io2.so.2 && ln -s liblely-io2.so.2.3.2 liblely-io2.so.2; }; })
[54.488s] libtool: install: (cd /home/vboxuser/agv_ws/install/lely_core_libraries/lib && { ln -s -f liblely-io2.so.2.3.2 liblely-io2.so || { rm -f liblely-io2.so && ln -s liblely-io2.so.2.3.2 liblely-io2.so; }; })
[54.498s] libtool: install: /usr/bin/install -c .libs/liblely-io2.lai /home/vboxuser/agv_ws/install/lely_core_libraries/lib/liblely-io2.la
[54.557s] libtool: finish: PATH="/home/vboxuser/agv_ws/install/lely_core_libraries/bin:/opt/ros/humble/bin:/usr/local/sbin:/usr/local/bin:/usr/sbin:/usr/bin:/sbin:/bin:/usr/games:/usr/local/games:/snap/bin:/snap/bin:/sbin" ldconfig -n /home/vboxuser/agv_ws/install/lely_core_libraries/lib
[54.561s] ----------------------------------------------------------------------
[54.561s] Libraries have been installed in:
[54.561s]    /home/vboxuser/agv_ws/install/lely_core_libraries/lib
[54.562s] 
[54.562s] If you ever happen to want to link against installed libraries
[54.562s] in a given directory, LIBDIR, you must either use libtool, and
[54.562s] specify the full pathname of the library, or use the '-LLIBDIR'
[54.562s] flag during linking and do at least one of the following:
[54.562s]    - add LIBDIR to the 'LD_LIBRARY_PATH' environment variable
[54.562s]      during execution
[54.562s]    - add LIBDIR to the 'LD_RUN_PATH' environment variable
[54.562s]      during linking
[54.562s]    - use the '-Wl,-rpath -Wl,LIBDIR' linker flag
[54.563s]    - have your system administrator add LIBDIR to '/etc/ld.so.conf'
[54.563s] 
[54.563s] See any operating system documentation about shared libraries for
[54.563s] more information, such as the ld(1) and ld.so(8) manual pages.
[54.563s] ----------------------------------------------------------------------
[54.576s] gmake[3]: Leaving directory '/home/vboxuser/agv_ws/build/lely_core_libraries/build/src/io2'
[54.577s] gmake[2]: Leaving directory '/home/vboxuser/agv_ws/build/lely_core_libraries/build/src/io2'
[54.578s] Making install in coapp
[54.627s] gmake[2]: Entering directory '/home/vboxuser/agv_ws/build/lely_core_libraries/build/src/coapp'
[54.708s] gmake[3]: Entering directory '/home/vboxuser/agv_ws/build/lely_core_libraries/build/src/coapp'
[54.712s]  /usr/bin/mkdir -p '/home/vboxuser/agv_ws/install/lely_core_libraries/lib'
[54.720s]  /bin/bash ../../libtool   --mode=install /usr/bin/install -c   liblely-coapp.la '/home/vboxuser/agv_ws/install/lely_core_libraries/lib'
[54.841s] libtool: warning: relinking 'liblely-coapp.la'
[54.867s] libtool: install: (cd /home/vboxuser/agv_ws/build/lely_core_libraries/build/src/coapp; /bin/bash "/home/vboxuser/agv_ws/build/lely_core_libraries/build/libtool"  --silent --tag CXX --mode=relink g++ -std=gnu++11 -g -O2 -Wall -Wextra -pedantic -Werror -no-undefined -version-number 2:3:2 -Wl,--as-needed -o liblely-coapp.la -rpath /home/vboxuser/agv_ws/install/lely_core_libraries/lib liblely_coapp_la-device.lo liblely_coapp_la-driver.lo liblely_coapp_la-fiber_driver.lo liblely_coapp_la-logical_driver.lo liblely_coapp_la-loop_driver.lo liblely_coapp_la-lss_master.lo liblely_coapp_la-master.lo liblely_coapp_la-node.lo liblely_coapp_la-sdo.lo liblely_coapp_la-sdo_error.lo liblely_coapp_la-slave.lo liblely_coapp_la-type_traits.lo ../../src/libc/liblely-libc.la ../../src/util/liblely-util.la ../../src/can/liblely-can.la ../../src/ev/liblely-ev.la ../../src/io2/liblely-io2.la ../../src/co/liblely-co.la )
[56.293s] libtool: install: /usr/bin/install -c .libs/liblely-coapp.so.2.3.2T /home/vboxuser/agv_ws/install/lely_core_libraries/lib/liblely-coapp.so.2.3.2
[56.332s] libtool: install: (cd /home/vboxuser/agv_ws/install/lely_core_libraries/lib && { ln -s -f liblely-coapp.so.2.3.2 liblely-coapp.so.2 || { rm -f liblely-coapp.so.2 && ln -s liblely-coapp.so.2.3.2 liblely-coapp.so.2; }; })
[56.336s] libtool: install: (cd /home/vboxuser/agv_ws/install/lely_core_libraries/lib && { ln -s -f liblely-coapp.so.2.3.2 liblely-coapp.so || { rm -f liblely-coapp.so && ln -s liblely-coapp.so.2.3.2 liblely-coapp.so; }; })
[56.340s] libtool: install: /usr/bin/install -c .libs/liblely-coapp.lai /home/vboxuser/agv_ws/install/lely_core_libraries/lib/liblely-coapp.la
[56.438s] libtool: finish: PATH="/home/vboxuser/agv_ws/install/lely_core_libraries/bin:/opt/ros/humble/bin:/usr/local/sbin:/usr/local/bin:/usr/sbin:/usr/bin:/sbin:/bin:/usr/games:/usr/local/games:/snap/bin:/snap/bin:/sbin" ldconfig -n /home/vboxuser/agv_ws/install/lely_core_libraries/lib
[56.444s] ----------------------------------------------------------------------
[56.444s] Libraries have been installed in:
[56.444s]    /home/vboxuser/agv_ws/install/lely_core_libraries/lib
[56.444s] 
[56.445s] If you ever happen to want to link against installed libraries
[56.445s] in a given directory, LIBDIR, you must either use libtool, and
[56.445s] specify the full pathname of the library, or use the '-LLIBDIR'
[56.445s] flag during linking and do at least one of the following:
[56.445s]    - add LIBDIR to the 'LD_LIBRARY_PATH' environment variable
[56.445s]      during execution
[56.445s]    - add LIBDIR to the 'LD_RUN_PATH' environment variable
[56.445s]      during linking
[56.445s]    - use the '-Wl,-rpath -Wl,LIBDIR' linker flag
[56.446s]    - have your system administrator add LIBDIR to '/etc/ld.so.conf'
[56.446s] 
[56.446s] See any operating system documentation about shared libraries for
[56.446s] more information, such as the ld(1) and ld.so(8) manual pages.
[56.446s] ----------------------------------------------------------------------
[56.453s] gmake[3]: Leaving directory '/home/vboxuser/agv_ws/build/lely_core_libraries/build/src/coapp'
[56.457s] gmake[2]: Leaving directory '/home/vboxuser/agv_ws/build/lely_core_libraries/build/src/coapp'
[56.461s] gmake[2]: Entering directory '/home/vboxuser/agv_ws/build/lely_core_libraries/build/src'
[56.466s] gmake[3]: Entering directory '/home/vboxuser/agv_ws/build/lely_core_libraries/build/src'
[56.467s] gmake[3]: Nothing to be done for 'install-exec-am'.
[56.467s] gmake[3]: Nothing to be done for 'install-data-am'.
[56.467s] gmake[3]: Leaving directory '/home/vboxuser/agv_ws/build/lely_core_libraries/build/src'
[56.467s] gmake[2]: Leaving directory '/home/vboxuser/agv_ws/build/lely_core_libraries/build/src'
[56.467s] gmake[1]: Leaving directory '/home/vboxuser/agv_ws/build/lely_core_libraries/build/src'
[56.468s] Making install in python
[56.473s] gmake[1]: Entering directory '/home/vboxuser/agv_ws/build/lely_core_libraries/build/python'
[56.495s] Making install in dcf-tools
[56.504s] gmake[2]: Entering directory '/home/vboxuser/agv_ws/build/lely_core_libraries/build/python/dcf-tools'
[56.514s] gmake[3]: Entering directory '/home/vboxuser/agv_ws/build/lely_core_libraries/build/python/dcf-tools'
[57.494s] running egg_info
[57.506s] writing dcf_tools.egg-info/PKG-INFO
[57.508s] writing dependency_links to dcf_tools.egg-info/dependency_links.txt
[57.511s] writing entry points to dcf_tools.egg-info/entry_points.txt
[57.512s] writing requirements to dcf_tools.egg-info/requires.txt
[57.513s] writing top-level names to dcf_tools.egg-info/top_level.txt
[57.522s] reading manifest file 'dcf_tools.egg-info/SOURCES.txt'
[57.526s] writing manifest file 'dcf_tools.egg-info/SOURCES.txt'
[57.526s] running build
[57.526s] running build_py
[57.543s] running install
[57.544s] running install_lib
[57.561s] running install_egg_info
[57.565s] removing '/home/vboxuser/agv_ws/install/lely_core_libraries/lib/python3.10/site-packages/dcf_tools-2.3.2-py3.10.egg-info' (and everything under it)
[57.571s] Copying dcf_tools.egg-info to /home/vboxuser/agv_ws/install/lely_core_libraries/lib/python3.10/site-packages/dcf_tools-2.3.2-py3.10.egg-info
[57.573s] running install_scripts
[57.642s] Installing dcf2dev script to /home/vboxuser/agv_ws/install/lely_core_libraries/bin/
[57.643s] Installing dcfchk script to /home/vboxuser/agv_ws/install/lely_core_libraries/bin/
[57.649s] Installing dcfgen script to /home/vboxuser/agv_ws/install/lely_core_libraries/bin/
[57.650s] writing list of installed files to 'install.log'
[57.772s] gmake[3]: Nothing to be done for 'install-data-am'.
[57.773s] gmake[3]: Leaving directory '/home/vboxuser/agv_ws/build/lely_core_libraries/build/python/dcf-tools'
[57.773s] gmake[2]: Leaving directory '/home/vboxuser/agv_ws/build/lely_core_libraries/build/python/dcf-tools'
[57.788s] gmake[2]: Entering directory '/home/vboxuser/agv_ws/build/lely_core_libraries/build/python'
[57.797s] gmake[3]: Entering directory '/home/vboxuser/agv_ws/build/lely_core_libraries/build/python'
[57.797s] gmake[3]: Nothing to be done for 'install-exec-am'.
[57.797s] gmake[3]: Nothing to be done for 'install-data-am'.
[57.798s] gmake[3]: Leaving directory '/home/vboxuser/agv_ws/build/lely_core_libraries/build/python'
[57.798s] gmake[2]: Leaving directory '/home/vboxuser/agv_ws/build/lely_core_libraries/build/python'
[57.798s] gmake[1]: Leaving directory '/home/vboxuser/agv_ws/build/lely_core_libraries/build/python'
[57.799s] Making install in pkgconfig
[57.812s] gmake[1]: Entering directory '/home/vboxuser/agv_ws/build/lely_core_libraries/build/pkgconfig'
[57.820s] gmake[2]: Entering directory '/home/vboxuser/agv_ws/build/lely_core_libraries/build/pkgconfig'
[57.820s] gmake[2]: Nothing to be done for 'install-exec-am'.
[57.836s]  /usr/bin/mkdir -p '/home/vboxuser/agv_ws/install/lely_core_libraries/lib/pkgconfig'
[57.883s]  /usr/bin/install -c -m 644 liblely-can.pc liblely-co.pc liblely-coapp.pc liblely-ev.pc liblely-io.pc liblely-io2.pc liblely-libc.pc liblely-libc_rt.pc liblely-tap.pc liblely-util.pc '/home/vboxuser/agv_ws/install/lely_core_libraries/lib/pkgconfig'
[57.888s] gmake[2]: Leaving directory '/home/vboxuser/agv_ws/build/lely_core_libraries/build/pkgconfig'
[57.889s] gmake[1]: Leaving directory '/home/vboxuser/agv_ws/build/lely_core_libraries/build/pkgconfig'
[57.896s] gmake[1]: Entering directory '/home/vboxuser/agv_ws/build/lely_core_libraries/build'
[57.925s] gmake[2]: Entering directory '/home/vboxuser/agv_ws/build/lely_core_libraries/build'
[57.926s] gmake[2]: Nothing to be done for 'install-exec-am'.
[57.926s] gmake[2]: Nothing to be done for 'install-data-am'.
[57.926s] gmake[2]: Leaving directory '/home/vboxuser/agv_ws/build/lely_core_libraries/build'
[57.926s] gmake[1]: Leaving directory '/home/vboxuser/agv_ws/build/lely_core_libraries/build'
[57.929s] -- Up-to-date: /home/vboxuser/agv_ws/install/lely_core_libraries/share/lely_core_libraries/cmake
[57.930s] -- Installing: /home/vboxuser/agv_ws/install/lely_core_libraries/share/lely_core_libraries/cmake/lely_core_libraries-extras.cmake
[57.931s] -- Up-to-date: /home/vboxuser/agv_ws/install/lely_core_libraries/share/lely_core_libraries/environment/pythonpath.sh
[57.932s] -- Installing: /home/vboxuser/agv_ws/install/lely_core_libraries/share/lely_core_libraries/environment/pythonpath.dsv
[57.934s] -- Up-to-date: /home/vboxuser/agv_ws/install/lely_core_libraries/local/lib/python3.10/dist-packages/cogen-0.2.7-py3.10.egg-info
[57.934s] -- Installing: /home/vboxuser/agv_ws/install/lely_core_libraries/local/lib/python3.10/dist-packages/cogen-0.2.7-py3.10.egg-info/entry_points.txt
[57.934s] -- Installing: /home/vboxuser/agv_ws/install/lely_core_libraries/local/lib/python3.10/dist-packages/cogen-0.2.7-py3.10.egg-info/SOURCES.txt
[57.936s] -- Installing: /home/vboxuser/agv_ws/install/lely_core_libraries/local/lib/python3.10/dist-packages/cogen-0.2.7-py3.10.egg-info/dependency_links.txt
[57.937s] -- Installing: /home/vboxuser/agv_ws/install/lely_core_libraries/local/lib/python3.10/dist-packages/cogen-0.2.7-py3.10.egg-info/PKG-INFO
[57.938s] -- Installing: /home/vboxuser/agv_ws/install/lely_core_libraries/local/lib/python3.10/dist-packages/cogen-0.2.7-py3.10.egg-info/top_level.txt
[57.940s] -- Up-to-date: /home/vboxuser/agv_ws/install/lely_core_libraries/lib/cogen/
[57.941s] -- Installing: /home/vboxuser/agv_ws/install/lely_core_libraries/lib/cogen//cogen
[57.942s] -- Up-to-date: /home/vboxuser/agv_ws/install/lely_core_libraries/local/lib/python3.10/dist-packages/cogen
[57.942s] -- Installing: /home/vboxuser/agv_ws/install/lely_core_libraries/local/lib/python3.10/dist-packages/cogen/cogen.py
[57.945s] -- Installing: /home/vboxuser/agv_ws/install/lely_core_libraries/local/lib/python3.10/dist-packages/cogen/__init__.py
[58.182s] Listing '/home/vboxuser/agv_ws/install/lely_core_libraries/local/lib/python3.10/dist-packages/cogen'...
[58.183s] Compiling '/home/vboxuser/agv_ws/install/lely_core_libraries/local/lib/python3.10/dist-packages/cogen/__init__.py'...
[58.183s] Compiling '/home/vboxuser/agv_ws/install/lely_core_libraries/local/lib/python3.10/dist-packages/cogen/cogen.py'...
[58.257s] -- Up-to-date: /home/vboxuser/agv_ws/install/lely_core_libraries/bin/
[58.258s] -- Installing: /home/vboxuser/agv_ws/install/lely_core_libraries/bin//cogen
[58.258s] -- Up-to-date: /home/vboxuser/agv_ws/install/lely_core_libraries/share/lely_core_libraries/environment/library_path.sh
[58.258s] -- Installing: /home/vboxuser/agv_ws/install/lely_core_libraries/share/lely_core_libraries/environment/library_path.dsv
[58.259s] -- Up-to-date: /home/vboxuser/agv_ws/install/lely_core_libraries/share/ament_index/resource_index/package_run_dependencies/lely_core_libraries
[58.259s] -- Installing: /home/vboxuser/agv_ws/install/lely_core_libraries/share/ament_index/resource_index/parent_prefix_path/lely_core_libraries
[58.261s] -- Up-to-date: /home/vboxuser/agv_ws/install/lely_core_libraries/share/lely_core_libraries/environment/ament_prefix_path.sh
[58.262s] -- Installing: /home/vboxuser/agv_ws/install/lely_core_libraries/share/lely_core_libraries/environment/ament_prefix_path.dsv
[58.262s] -- Up-to-date: /home/vboxuser/agv_ws/install/lely_core_libraries/share/lely_core_libraries/environment/path.sh
[58.263s] -- Installing: /home/vboxuser/agv_ws/install/lely_core_libraries/share/lely_core_libraries/environment/path.dsv
[58.265s] -- Up-to-date: /home/vboxuser/agv_ws/install/lely_core_libraries/share/lely_core_libraries/local_setup.bash
[58.265s] -- Up-to-date: /home/vboxuser/agv_ws/install/lely_core_libraries/share/lely_core_libraries/local_setup.sh
[58.265s] -- Up-to-date: /home/vboxuser/agv_ws/install/lely_core_libraries/share/lely_core_libraries/local_setup.zsh
[58.265s] -- Installing: /home/vboxuser/agv_ws/install/lely_core_libraries/share/lely_core_libraries/local_setup.dsv
[58.269s] -- Installing: /home/vboxuser/agv_ws/install/lely_core_libraries/share/lely_core_libraries/package.dsv
[58.272s] -- Up-to-date: /home/vboxuser/agv_ws/install/lely_core_libraries/share/ament_index/resource_index/packages/lely_core_libraries
[58.272s] -- Up-to-date: /home/vboxuser/agv_ws/install/lely_core_libraries/share/lely_core_libraries/cmake/lely_core_libraries-extras.cmake
[58.273s] -- Up-to-date: /home/vboxuser/agv_ws/install/lely_core_libraries/share/lely_core_libraries/cmake/ament_cmake_export_include_directories-extras.cmake
[58.274s] -- Up-to-date: /home/vboxuser/agv_ws/install/lely_core_libraries/share/lely_core_libraries/cmake/ament_cmake_export_libraries-extras.cmake
[58.274s] -- Up-to-date: /home/vboxuser/agv_ws/install/lely_core_libraries/share/lely_core_libraries/cmake/lely_core_librariesConfig.cmake
[58.275s] -- Up-to-date: /home/vboxuser/agv_ws/install/lely_core_libraries/share/lely_core_libraries/cmake/lely_core_librariesConfig-version.cmake
[58.288s] -- Installing: /home/vboxuser/agv_ws/install/lely_core_libraries/share/lely_core_libraries/package.xml
[58.304s] Invoked command in '/home/vboxuser/agv_ws/build/lely_core_libraries' returned '0': CMAKE_PREFIX_PATH=/home/vboxuser/agv_ws/install/my_simulation:/home/vboxuser/agv_ws/install/canopen_tests:/home/vboxuser/agv_ws/install/canopen_ros2_controllers:/home/vboxuser/agv_ws/install/canopen_ros2_control:/home/vboxuser/agv_ws/install/canopen:/home/vboxuser/agv_ws/install/canopen_402_driver:/home/vboxuser/agv_ws/install/canopen_proxy_driver:/home/vboxuser/agv_ws/install/canopen_master_driver:/home/vboxuser/agv_ws/install/canopen_fake_slaves:/home/vboxuser/agv_ws/install/canopen_base_driver:/home/vboxuser/agv_ws/install/canopen_core:/home/vboxuser/agv_ws/install/lely_core_libraries:/home/vboxuser/agv_ws/install/canopen_interfaces:/home/vboxuser/agv_ws/install/agv_py:/home/vboxuser/agv_ws/install/agv_controllers:/home/vboxuser/agv_ws/install/communication:/home/vboxuser/agv_ws/install/canopen_utils:/home/vboxuser/agv_ws/install/agv_py_functions:/home/vboxuser/install/my_py_pkg:/home/vboxuser/install/agv_py_functions:/home/vboxuser/bumperbot_ws/install/bumperbot_py_examples:/home/vboxuser/ros2_ws/install/my_py_pkg:/opt/ros/humble:/home/vboxuser/agv_ws/install/agv_controller:/home/vboxuser/agv_ws/install/agv:/home/vboxuser/install/agv:/home/vboxuser/bumperbot_ws/install/bumperbot_cpp_examples:/home/vboxuser/bumperbot_ws/install/bumperbot_msgs:/home/vboxuser/bumperbot_ws/install/bumperbot_description:/home/vboxuser/bumperbot_ws/install/bumperbot_controller:/home/vboxuser/ros2_ws/install/my_simulation /usr/bin/cmake --install /home/vboxuser/agv_ws/build/lely_core_libraries
