[0.425s] Invoking command in '/home/vboxuser/agv_ws/build/canopen_base_driver': CMAKE_PREFIX_PATH=/home/vboxuser/agv_ws/install/canopen_core:/home/vboxuser/agv_ws/install/lely_core_libraries:/home/vboxuser/agv_ws/install/canopen_interfaces:/home/vboxuser/agv_ws/install/my_simulation:/home/vboxuser/agv_ws/install/canopen_tests:/home/vboxuser/agv_ws/install/canopen_ros2_controllers:/home/vboxuser/agv_ws/install/canopen_ros2_control:/home/vboxuser/agv_ws/install/canopen:/home/vboxuser/agv_ws/install/canopen_402_driver:/home/vboxuser/agv_ws/install/canopen_proxy_driver:/home/vboxuser/agv_ws/install/canopen_master_driver:/home/vboxuser/agv_ws/install/canopen_fake_slaves:/home/vboxuser/agv_ws/install/canopen_base_driver:/home/vboxuser/agv_ws/install/agv_py:/home/vboxuser/agv_ws/install/agv:/home/vboxuser/bumperbot_ws/install/bumperbot_cpp_examples:/home/vboxuser/bumperbot_ws/install/bumperbot_msgs:/home/vboxuser/bumperbot_ws/install/bumperbot_description:/home/vboxuser/bumperbot_ws/install/bumperbot_controller:/home/vboxuser/ros2_ws/install/my_simulation:/home/vboxuser/agv_ws/install/canopen_utils:/home/vboxuser/agv_ws/install/agv_py_functions:/home/vboxuser/bumperbot_ws/install/bumperbot_py_examples:/home/vboxuser/ros2_ws/install/my_py_pkg:/opt/ros/humble LD_LIBRARY_PATH=/home/vboxuser/agv_ws/install/canopen_core/lib:/home/vboxuser/agv_ws/install/lely_core_libraries/lib:/home/vboxuser/agv_ws/install/canopen_interfaces/lib:/home/vboxuser/agv_ws/install/canopen_ros2_controllers/lib:/home/vboxuser/agv_ws/install/canopen_ros2_control/lib:/home/vboxuser/agv_ws/install/canopen_402_driver/lib:/home/vboxuser/agv_ws/install/canopen_proxy_driver/lib:/home/vboxuser/agv_ws/install/canopen_master_driver/lib:/home/vboxuser/agv_ws/install/canopen_base_driver/lib:/home/vboxuser/bumperbot_ws/install/bumperbot_msgs/lib:/usr/lib/x86_64-linux-gnu/gazebo-11/plugins:/opt/ros/humble/opt/rviz_ogre_vendor/lib:/opt/ros/humble/lib/x86_64-linux-gnu:/opt/ros/humble/lib PYTHONPATH=/home/vboxuser/agv_ws/install/lely_core_libraries/lib/python3.10/site-packages:/home/vboxuser/agv_ws/install/lely_core_libraries/local/lib/python3.10/dist-packages:/home/vboxuser/agv_ws/install/canopen_utils/lib/python3.10/site-packages:/home/vboxuser/agv_ws/install/canopen_interfaces/local/lib/python3.10/dist-packages:/home/vboxuser/agv_ws/install/agv_py_functions/lib/python3.10/site-packages:/home/vboxuser/agv_ws/install/agv_py/lib/python3.10/site-packages:/home/vboxuser/agv_ws/install/agv/lib/python3.10/site-packages:/home/vboxuser/bumperbot_ws/install/bumperbot_py_examples/lib/python3.10/site-packages:/home/vboxuser/bumperbot_ws/install/bumperbot_msgs/local/lib/python3.10/dist-packages:/home/vboxuser/bumperbot_ws/install/bumperbot_controller/local/lib/python3.10/dist-packages:/home/vboxuser/ros2_ws/install/my_py_pkg/lib/python3.10/site-packages:/opt/ros/humble/lib/python3.10/site-packages:/opt/ros/humble/local/lib/python3.10/dist-packages /usr/bin/cmake --build /home/vboxuser/agv_ws/build/canopen_base_driver -- -j4 -l4
[0.522s] [35m[1mConsolidate compiler generated dependencies of target gtest[0m
[0.523s] [35m[1mConsolidate compiler generated dependencies of target gtest_main[0m
[0.536s] [35m[1mConsolidate compiler generated dependencies of target lely_driver_bridge[0m
[0.564s] [ 12%] Built target gtest_main
[0.570s] [ 25%] Built target gtest
[0.604s] [35m[1mConsolidate compiler generated dependencies of target test_base_driver_component[0m
[0.667s] [ 31%] [32mBuilding CXX object CMakeFiles/lely_driver_bridge.dir/src/lely_driver_bridge.cpp.o[0m
[0.669s] [ 37%] [32mBuilding CXX object test/CMakeFiles/test_base_driver_component.dir/test_base_driver_component.cpp.o[0m
[11.118s] [ 43%] [32m[1mLinking CXX shared library liblely_driver_bridge.so[0m
[11.471s] [ 43%] Built target lely_driver_bridge
[11.505s] [35m[1mConsolidate compiler generated dependencies of target node_canopen_base_driver[0m
[11.566s] [ 50%] [32mBuilding CXX object CMakeFiles/node_canopen_base_driver.dir/src/node_interfaces/node_canopen_base_driver.cpp.o[0m
[12.627s] [ 56%] [32m[1mLinking CXX executable test_base_driver_component[0m
[13.096s] [ 56%] Built target test_base_driver_component
[27.799s] [ 62%] [32m[1mLinking CXX shared library libnode_canopen_base_driver.so[0m
[28.684s] [ 62%] Built target node_canopen_base_driver
[28.719s] [35m[1mConsolidate compiler generated dependencies of target lifecycle_base_driver[0m
[28.719s] [35m[1mConsolidate compiler generated dependencies of target base_driver[0m
[28.743s] [35m[1mConsolidate compiler generated dependencies of target test_node_canopen_base_driver_ros[0m
[28.823s] [ 68%] [32mBuilding CXX object CMakeFiles/lifecycle_base_driver.dir/src/lifecycle_base_driver.cpp.o[0m
[28.831s] [ 75%] [32mBuilding CXX object CMakeFiles/base_driver.dir/src/base_driver.cpp.o[0m
[28.846s] [ 81%] [32mBuilding CXX object test/CMakeFiles/test_node_canopen_base_driver_ros.dir/test_node_canopen_base_driver_ros.cpp.o[0m
[47.746s] [ 87%] [32m[1mLinking CXX shared library libbase_driver.so[0m
[48.988s] [ 93%] [32m[1mLinking CXX shared library liblifecycle_base_driver.so[0m
[49.048s] [ 93%] Built target base_driver
[50.112s] [ 93%] Built target lifecycle_base_driver
[50.298s] [100%] [32m[1mLinking CXX executable test_node_canopen_base_driver_ros[0m
[51.261s] [100%] Built target test_node_canopen_base_driver_ros
[51.542s] Invoked command in '/home/vboxuser/agv_ws/build/canopen_base_driver' returned '0': CMAKE_PREFIX_PATH=/home/vboxuser/agv_ws/install/canopen_core:/home/vboxuser/agv_ws/install/lely_core_libraries:/home/vboxuser/agv_ws/install/canopen_interfaces:/home/vboxuser/agv_ws/install/my_simulation:/home/vboxuser/agv_ws/install/canopen_tests:/home/vboxuser/agv_ws/install/canopen_ros2_controllers:/home/vboxuser/agv_ws/install/canopen_ros2_control:/home/vboxuser/agv_ws/install/canopen:/home/vboxuser/agv_ws/install/canopen_402_driver:/home/vboxuser/agv_ws/install/canopen_proxy_driver:/home/vboxuser/agv_ws/install/canopen_master_driver:/home/vboxuser/agv_ws/install/canopen_fake_slaves:/home/vboxuser/agv_ws/install/canopen_base_driver:/home/vboxuser/agv_ws/install/agv_py:/home/vboxuser/agv_ws/install/agv:/home/vboxuser/bumperbot_ws/install/bumperbot_cpp_examples:/home/vboxuser/bumperbot_ws/install/bumperbot_msgs:/home/vboxuser/bumperbot_ws/install/bumperbot_description:/home/vboxuser/bumperbot_ws/install/bumperbot_controller:/home/vboxuser/ros2_ws/install/my_simulation:/home/vboxuser/agv_ws/install/canopen_utils:/home/vboxuser/agv_ws/install/agv_py_functions:/home/vboxuser/bumperbot_ws/install/bumperbot_py_examples:/home/vboxuser/ros2_ws/install/my_py_pkg:/opt/ros/humble LD_LIBRARY_PATH=/home/vboxuser/agv_ws/install/canopen_core/lib:/home/vboxuser/agv_ws/install/lely_core_libraries/lib:/home/vboxuser/agv_ws/install/canopen_interfaces/lib:/home/vboxuser/agv_ws/install/canopen_ros2_controllers/lib:/home/vboxuser/agv_ws/install/canopen_ros2_control/lib:/home/vboxuser/agv_ws/install/canopen_402_driver/lib:/home/vboxuser/agv_ws/install/canopen_proxy_driver/lib:/home/vboxuser/agv_ws/install/canopen_master_driver/lib:/home/vboxuser/agv_ws/install/canopen_base_driver/lib:/home/vboxuser/bumperbot_ws/install/bumperbot_msgs/lib:/usr/lib/x86_64-linux-gnu/gazebo-11/plugins:/opt/ros/humble/opt/rviz_ogre_vendor/lib:/opt/ros/humble/lib/x86_64-linux-gnu:/opt/ros/humble/lib PYTHONPATH=/home/vboxuser/agv_ws/install/lely_core_libraries/lib/python3.10/site-packages:/home/vboxuser/agv_ws/install/lely_core_libraries/local/lib/python3.10/dist-packages:/home/vboxuser/agv_ws/install/canopen_utils/lib/python3.10/site-packages:/home/vboxuser/agv_ws/install/canopen_interfaces/local/lib/python3.10/dist-packages:/home/vboxuser/agv_ws/install/agv_py_functions/lib/python3.10/site-packages:/home/vboxuser/agv_ws/install/agv_py/lib/python3.10/site-packages:/home/vboxuser/agv_ws/install/agv/lib/python3.10/site-packages:/home/vboxuser/bumperbot_ws/install/bumperbot_py_examples/lib/python3.10/site-packages:/home/vboxuser/bumperbot_ws/install/bumperbot_msgs/local/lib/python3.10/dist-packages:/home/vboxuser/bumperbot_ws/install/bumperbot_controller/local/lib/python3.10/dist-packages:/home/vboxuser/ros2_ws/install/my_py_pkg/lib/python3.10/site-packages:/opt/ros/humble/lib/python3.10/site-packages:/opt/ros/humble/local/lib/python3.10/dist-packages /usr/bin/cmake --build /home/vboxuser/agv_ws/build/canopen_base_driver -- -j4 -l4
[51.777s] Invoking command in '/home/vboxuser/agv_ws/build/canopen_base_driver': CMAKE_PREFIX_PATH=/home/vboxuser/agv_ws/install/canopen_core:/home/vboxuser/agv_ws/install/lely_core_libraries:/home/vboxuser/agv_ws/install/canopen_interfaces:/home/vboxuser/agv_ws/install/my_simulation:/home/vboxuser/agv_ws/install/canopen_tests:/home/vboxuser/agv_ws/install/canopen_ros2_controllers:/home/vboxuser/agv_ws/install/canopen_ros2_control:/home/vboxuser/agv_ws/install/canopen:/home/vboxuser/agv_ws/install/canopen_402_driver:/home/vboxuser/agv_ws/install/canopen_proxy_driver:/home/vboxuser/agv_ws/install/canopen_master_driver:/home/vboxuser/agv_ws/install/canopen_fake_slaves:/home/vboxuser/agv_ws/install/canopen_base_driver:/home/vboxuser/agv_ws/install/agv_py:/home/vboxuser/agv_ws/install/agv:/home/vboxuser/bumperbot_ws/install/bumperbot_cpp_examples:/home/vboxuser/bumperbot_ws/install/bumperbot_msgs:/home/vboxuser/bumperbot_ws/install/bumperbot_description:/home/vboxuser/bumperbot_ws/install/bumperbot_controller:/home/vboxuser/ros2_ws/install/my_simulation:/home/vboxuser/agv_ws/install/canopen_utils:/home/vboxuser/agv_ws/install/agv_py_functions:/home/vboxuser/bumperbot_ws/install/bumperbot_py_examples:/home/vboxuser/ros2_ws/install/my_py_pkg:/opt/ros/humble LD_LIBRARY_PATH=/home/vboxuser/agv_ws/install/canopen_core/lib:/home/vboxuser/agv_ws/install/lely_core_libraries/lib:/home/vboxuser/agv_ws/install/canopen_interfaces/lib:/home/vboxuser/agv_ws/install/canopen_ros2_controllers/lib:/home/vboxuser/agv_ws/install/canopen_ros2_control/lib:/home/vboxuser/agv_ws/install/canopen_402_driver/lib:/home/vboxuser/agv_ws/install/canopen_proxy_driver/lib:/home/vboxuser/agv_ws/install/canopen_master_driver/lib:/home/vboxuser/agv_ws/install/canopen_base_driver/lib:/home/vboxuser/bumperbot_ws/install/bumperbot_msgs/lib:/usr/lib/x86_64-linux-gnu/gazebo-11/plugins:/opt/ros/humble/opt/rviz_ogre_vendor/lib:/opt/ros/humble/lib/x86_64-linux-gnu:/opt/ros/humble/lib PYTHONPATH=/home/vboxuser/agv_ws/install/lely_core_libraries/lib/python3.10/site-packages:/home/vboxuser/agv_ws/install/lely_core_libraries/local/lib/python3.10/dist-packages:/home/vboxuser/agv_ws/install/canopen_utils/lib/python3.10/site-packages:/home/vboxuser/agv_ws/install/canopen_interfaces/local/lib/python3.10/dist-packages:/home/vboxuser/agv_ws/install/agv_py_functions/lib/python3.10/site-packages:/home/vboxuser/agv_ws/install/agv_py/lib/python3.10/site-packages:/home/vboxuser/agv_ws/install/agv/lib/python3.10/site-packages:/home/vboxuser/bumperbot_ws/install/bumperbot_py_examples/lib/python3.10/site-packages:/home/vboxuser/bumperbot_ws/install/bumperbot_msgs/local/lib/python3.10/dist-packages:/home/vboxuser/bumperbot_ws/install/bumperbot_controller/local/lib/python3.10/dist-packages:/home/vboxuser/ros2_ws/install/my_py_pkg/lib/python3.10/site-packages:/opt/ros/humble/lib/python3.10/site-packages:/opt/ros/humble/local/lib/python3.10/dist-packages /usr/bin/cmake --install /home/vboxuser/agv_ws/build/canopen_base_driver
[51.817s] -- Install configuration: ""
[51.818s] -- Up-to-date: /home/vboxuser/agv_ws/install/canopen_base_driver/include
[51.818s] -- Up-to-date: /home/vboxuser/agv_ws/install/canopen_base_driver/include/canopen_base_driver
[51.819s] -- Up-to-date: /home/vboxuser/agv_ws/install/canopen_base_driver/include/canopen_base_driver/visibility_control.h
[51.820s] -- Up-to-date: /home/vboxuser/agv_ws/install/canopen_base_driver/include/canopen_base_driver/base_driver.hpp
[51.820s] -- Up-to-date: /home/vboxuser/agv_ws/install/canopen_base_driver/include/canopen_base_driver/node_interfaces
[51.820s] -- Up-to-date: /home/vboxuser/agv_ws/install/canopen_base_driver/include/canopen_base_driver/node_interfaces/node_canopen_base_driver_impl.hpp
[51.820s] -- Up-to-date: /home/vboxuser/agv_ws/install/canopen_base_driver/include/canopen_base_driver/node_interfaces/node_canopen_base_driver.hpp
[51.820s] -- Up-to-date: /home/vboxuser/agv_ws/install/canopen_base_driver/include/canopen_base_driver/lifecycle_base_driver.hpp
[51.820s] -- Up-to-date: /home/vboxuser/agv_ws/install/canopen_base_driver/include/canopen_base_driver/lely_driver_bridge.hpp
[51.820s] -- Up-to-date: /home/vboxuser/agv_ws/install/canopen_base_driver/include/canopen_base_driver/diagnostic_collector.hpp
[51.822s] -- Installing: /home/vboxuser/agv_ws/install/canopen_base_driver/lib/liblifecycle_base_driver.so
[51.824s] -- Set runtime path of "/home/vboxuser/agv_ws/install/canopen_base_driver/lib/liblifecycle_base_driver.so" to ""
[51.826s] -- Installing: /home/vboxuser/agv_ws/install/canopen_base_driver/lib/libbase_driver.so
[51.829s] -- Set runtime path of "/home/vboxuser/agv_ws/install/canopen_base_driver/lib/libbase_driver.so" to ""
[51.831s] -- Installing: /home/vboxuser/agv_ws/install/canopen_base_driver/lib/libnode_canopen_base_driver.so
[51.840s] -- Set runtime path of "/home/vboxuser/agv_ws/install/canopen_base_driver/lib/libnode_canopen_base_driver.so" to ""
[51.843s] -- Installing: /home/vboxuser/agv_ws/install/canopen_base_driver/lib/liblely_driver_bridge.so
[51.847s] -- Set runtime path of "/home/vboxuser/agv_ws/install/canopen_base_driver/lib/liblely_driver_bridge.so" to ""
[51.851s] -- Up-to-date: /home/vboxuser/agv_ws/install/canopen_base_driver/share/canopen_base_driver/environment/library_path.sh
[51.852s] -- Up-to-date: /home/vboxuser/agv_ws/install/canopen_base_driver/share/canopen_base_driver/environment/library_path.dsv
[51.855s] -- Up-to-date: /home/vboxuser/agv_ws/install/canopen_base_driver/share/ament_index/resource_index/package_run_dependencies/canopen_base_driver
[51.856s] -- Up-to-date: /home/vboxuser/agv_ws/install/canopen_base_driver/share/ament_index/resource_index/parent_prefix_path/canopen_base_driver
[51.859s] -- Up-to-date: /home/vboxuser/agv_ws/install/canopen_base_driver/share/canopen_base_driver/environment/ament_prefix_path.sh
[51.859s] -- Up-to-date: /home/vboxuser/agv_ws/install/canopen_base_driver/share/canopen_base_driver/environment/ament_prefix_path.dsv
[51.860s] -- Up-to-date: /home/vboxuser/agv_ws/install/canopen_base_driver/share/canopen_base_driver/environment/path.sh
[51.860s] -- Up-to-date: /home/vboxuser/agv_ws/install/canopen_base_driver/share/canopen_base_driver/environment/path.dsv
[51.861s] -- Up-to-date: /home/vboxuser/agv_ws/install/canopen_base_driver/share/canopen_base_driver/local_setup.bash
[51.861s] -- Up-to-date: /home/vboxuser/agv_ws/install/canopen_base_driver/share/canopen_base_driver/local_setup.sh
[51.862s] -- Up-to-date: /home/vboxuser/agv_ws/install/canopen_base_driver/share/canopen_base_driver/local_setup.zsh
[51.862s] -- Up-to-date: /home/vboxuser/agv_ws/install/canopen_base_driver/share/canopen_base_driver/local_setup.dsv
[51.862s] -- Installing: /home/vboxuser/agv_ws/install/canopen_base_driver/share/canopen_base_driver/package.dsv
[51.864s] -- Up-to-date: /home/vboxuser/agv_ws/install/canopen_base_driver/share/ament_index/resource_index/packages/canopen_base_driver
[51.865s] -- Up-to-date: /home/vboxuser/agv_ws/install/canopen_base_driver/share/ament_index/resource_index/rclcpp_components/canopen_base_driver
[51.868s] -- Up-to-date: /home/vboxuser/agv_ws/install/canopen_base_driver/share/canopen_base_driver/cmake/export_canopen_base_driverExport.cmake
[51.868s] -- Up-to-date: /home/vboxuser/agv_ws/install/canopen_base_driver/share/canopen_base_driver/cmake/export_canopen_base_driverExport-noconfig.cmake
[51.869s] -- Up-to-date: /home/vboxuser/agv_ws/install/canopen_base_driver/share/canopen_base_driver/cmake/ament_cmake_export_include_directories-extras.cmake
[51.870s] -- Up-to-date: /home/vboxuser/agv_ws/install/canopen_base_driver/share/canopen_base_driver/cmake/ament_cmake_export_libraries-extras.cmake
[51.870s] -- Up-to-date: /home/vboxuser/agv_ws/install/canopen_base_driver/share/canopen_base_driver/cmake/ament_cmake_export_targets-extras.cmake
[51.871s] -- Up-to-date: /home/vboxuser/agv_ws/install/canopen_base_driver/share/canopen_base_driver/cmake/ament_cmake_export_dependencies-extras.cmake
[51.872s] -- Up-to-date: /home/vboxuser/agv_ws/install/canopen_base_driver/share/canopen_base_driver/cmake/canopen_base_driverConfig.cmake
[51.872s] -- Up-to-date: /home/vboxuser/agv_ws/install/canopen_base_driver/share/canopen_base_driver/cmake/canopen_base_driverConfig-version.cmake
[51.872s] -- Up-to-date: /home/vboxuser/agv_ws/install/canopen_base_driver/share/canopen_base_driver/package.xml
[51.891s] Invoked command in '/home/vboxuser/agv_ws/build/canopen_base_driver' returned '0': CMAKE_PREFIX_PATH=/home/vboxuser/agv_ws/install/canopen_core:/home/vboxuser/agv_ws/install/lely_core_libraries:/home/vboxuser/agv_ws/install/canopen_interfaces:/home/vboxuser/agv_ws/install/my_simulation:/home/vboxuser/agv_ws/install/canopen_tests:/home/vboxuser/agv_ws/install/canopen_ros2_controllers:/home/vboxuser/agv_ws/install/canopen_ros2_control:/home/vboxuser/agv_ws/install/canopen:/home/vboxuser/agv_ws/install/canopen_402_driver:/home/vboxuser/agv_ws/install/canopen_proxy_driver:/home/vboxuser/agv_ws/install/canopen_master_driver:/home/vboxuser/agv_ws/install/canopen_fake_slaves:/home/vboxuser/agv_ws/install/canopen_base_driver:/home/vboxuser/agv_ws/install/agv_py:/home/vboxuser/agv_ws/install/agv:/home/vboxuser/bumperbot_ws/install/bumperbot_cpp_examples:/home/vboxuser/bumperbot_ws/install/bumperbot_msgs:/home/vboxuser/bumperbot_ws/install/bumperbot_description:/home/vboxuser/bumperbot_ws/install/bumperbot_controller:/home/vboxuser/ros2_ws/install/my_simulation:/home/vboxuser/agv_ws/install/canopen_utils:/home/vboxuser/agv_ws/install/agv_py_functions:/home/vboxuser/bumperbot_ws/install/bumperbot_py_examples:/home/vboxuser/ros2_ws/install/my_py_pkg:/opt/ros/humble LD_LIBRARY_PATH=/home/vboxuser/agv_ws/install/canopen_core/lib:/home/vboxuser/agv_ws/install/lely_core_libraries/lib:/home/vboxuser/agv_ws/install/canopen_interfaces/lib:/home/vboxuser/agv_ws/install/canopen_ros2_controllers/lib:/home/vboxuser/agv_ws/install/canopen_ros2_control/lib:/home/vboxuser/agv_ws/install/canopen_402_driver/lib:/home/vboxuser/agv_ws/install/canopen_proxy_driver/lib:/home/vboxuser/agv_ws/install/canopen_master_driver/lib:/home/vboxuser/agv_ws/install/canopen_base_driver/lib:/home/vboxuser/bumperbot_ws/install/bumperbot_msgs/lib:/usr/lib/x86_64-linux-gnu/gazebo-11/plugins:/opt/ros/humble/opt/rviz_ogre_vendor/lib:/opt/ros/humble/lib/x86_64-linux-gnu:/opt/ros/humble/lib PYTHONPATH=/home/vboxuser/agv_ws/install/lely_core_libraries/lib/python3.10/site-packages:/home/vboxuser/agv_ws/install/lely_core_libraries/local/lib/python3.10/dist-packages:/home/vboxuser/agv_ws/install/canopen_utils/lib/python3.10/site-packages:/home/vboxuser/agv_ws/install/canopen_interfaces/local/lib/python3.10/dist-packages:/home/vboxuser/agv_ws/install/agv_py_functions/lib/python3.10/site-packages:/home/vboxuser/agv_ws/install/agv_py/lib/python3.10/site-packages:/home/vboxuser/agv_ws/install/agv/lib/python3.10/site-packages:/home/vboxuser/bumperbot_ws/install/bumperbot_py_examples/lib/python3.10/site-packages:/home/vboxuser/bumperbot_ws/install/bumperbot_msgs/local/lib/python3.10/dist-packages:/home/vboxuser/bumperbot_ws/install/bumperbot_controller/local/lib/python3.10/dist-packages:/home/vboxuser/ros2_ws/install/my_py_pkg/lib/python3.10/site-packages:/opt/ros/humble/lib/python3.10/site-packages:/opt/ros/humble/local/lib/python3.10/dist-packages /usr/bin/cmake --install /home/vboxuser/agv_ws/build/canopen_base_driver
