[0.064s] Invoking command in '/home/vboxuser/agv_ws/build/agv_controller': CMAKE_PREFIX_PATH=${CMAKE_PREFIX_PATH}:/home/vboxuser/bumperbot_ws/install/bumperbot_py_examples:/home/vboxuser/ros2_ws/install/my_py_pkg:/opt/ros/humble /usr/bin/cmake --build /home/vboxuser/agv_ws/build/agv_controller -- -j4 -l4
[1.149s] Invoked command in '/home/vboxuser/agv_ws/build/agv_controller' returned '0': CMAKE_PREFIX_PATH=${CMAKE_PREFIX_PATH}:/home/vboxuser/bumperbot_ws/install/bumperbot_py_examples:/home/vboxuser/ros2_ws/install/my_py_pkg:/opt/ros/humble /usr/bin/cmake --build /home/vboxuser/agv_ws/build/agv_controller -- -j4 -l4
[1.194s] Invoking command in '/home/vboxuser/agv_ws/build/agv_controller': CMAKE_PREFIX_PATH=${CMAKE_PREFIX_PATH}:/home/vboxuser/bumperbot_ws/install/bumperbot_py_examples:/home/vboxuser/ros2_ws/install/my_py_pkg:/opt/ros/humble /usr/bin/cmake --install /home/vboxuser/agv_ws/build/agv_controller
[1.206s] -- Install configuration: ""
[1.206s] -- Up-to-date: /home/vboxuser/agv_ws/install/agv_controller/share/agv_controller/config
[1.207s] -- Up-to-date: /home/vboxuser/agv_ws/install/agv_controller/share/agv_controller/config/agv_controller.yaml
[1.207s] -- Up-to-date: /home/vboxuser/agv_ws/install/agv_controller/share/agv_controller/launch
[1.207s] -- Up-to-date: /home/vboxuser/agv_ws/install/agv_controller/share/agv_controller/launch/controller.launch.py
[1.208s] -- Up-to-date: /home/vboxuser/agv_ws/install/agv_controller/lib/agv_controller/simple_controller.py
[1.211s] -- Up-to-date: /home/vboxuser/agv_ws/install/agv_controller/share/ament_index/resource_index/package_run_dependencies/agv_controller
[1.211s] -- Up-to-date: /home/vboxuser/agv_ws/install/agv_controller/share/ament_index/resource_index/parent_prefix_path/agv_controller
[1.211s] -- Up-to-date: /home/vboxuser/agv_ws/install/agv_controller/share/agv_controller/environment/ament_prefix_path.sh
[1.211s] -- Up-to-date: /home/vboxuser/agv_ws/install/agv_controller/share/agv_controller/environment/ament_prefix_path.dsv
[1.212s] -- Up-to-date: /home/vboxuser/agv_ws/install/agv_controller/share/agv_controller/environment/path.sh
[1.212s] -- Up-to-date: /home/vboxuser/agv_ws/install/agv_controller/share/agv_controller/environment/path.dsv
[1.212s] -- Up-to-date: /home/vboxuser/agv_ws/install/agv_controller/share/agv_controller/local_setup.bash
[1.212s] -- Up-to-date: /home/vboxuser/agv_ws/install/agv_controller/share/agv_controller/local_setup.sh
[1.212s] -- Up-to-date: /home/vboxuser/agv_ws/install/agv_controller/share/agv_controller/local_setup.zsh
[1.212s] -- Up-to-date: /home/vboxuser/agv_ws/install/agv_controller/share/agv_controller/local_setup.dsv
[1.213s] -- Installing: /home/vboxuser/agv_ws/install/agv_controller/share/agv_controller/package.dsv
[1.213s] -- Up-to-date: /home/vboxuser/agv_ws/install/agv_controller/share/ament_index/resource_index/packages/agv_controller
[1.213s] -- Up-to-date: /home/vboxuser/agv_ws/install/agv_controller/share/agv_controller/cmake/agv_controllerConfig.cmake
[1.213s] -- Up-to-date: /home/vboxuser/agv_ws/install/agv_controller/share/agv_controller/cmake/agv_controllerConfig-version.cmake
[1.214s] -- Up-to-date: /home/vboxuser/agv_ws/install/agv_controller/share/agv_controller/package.xml
[1.218s] Invoked command in '/home/vboxuser/agv_ws/build/agv_controller' returned '0': CMAKE_PREFIX_PATH=${CMAKE_PREFIX_PATH}:/home/vboxuser/bumperbot_ws/install/bumperbot_py_examples:/home/vboxuser/ros2_ws/install/my_py_pkg:/opt/ros/humble /usr/bin/cmake --install /home/vboxuser/agv_ws/build/agv_controller
