[0.075s] Invoking command in '/home/vboxuser/agv_ws/build/canopen_ros2_controllers': AMENT_PREFIX_PATH=/home/vboxuser/agv_ws/install/canopen_402_driver:/home/vboxuser/agv_ws/install/canopen_proxy_driver:/home/vboxuser/agv_ws/install/canopen_base_driver:/home/vboxuser/agv_ws/install/canopen_core:/home/vboxuser/agv_ws/install/lely_core_libraries:/home/vboxuser/agv_ws/install/canopen_interfaces:${AMENT_PREFIX_PATH} CMAKE_PREFIX_PATH=/home/vboxuser/agv_ws/install/canopen_402_driver:/home/vboxuser/agv_ws/install/canopen_proxy_driver:/home/vboxuser/agv_ws/install/canopen_base_driver:/home/vboxuser/agv_ws/install/canopen_core:/home/vboxuser/agv_ws/install/lely_core_libraries:/home/vboxuser/agv_ws/install/canopen_interfaces:/home/vboxuser/bumperbot_ws/install/bumperbot_cpp_examples:/home/vboxuser/bumperbot_ws/install/bumperbot_msgs:/home/vboxuser/bumperbot_ws/install/bumperbot_description:/home/vboxuser/bumperbot_ws/install/bumperbot_controller:/home/vboxuser/ros2_ws/install/my_simulation:/home/vboxuser/bumperbot_ws/install/bumperbot_py_examples:/home/vboxuser/ros2_ws/install/my_py_pkg:/opt/ros/humble LD_LIBRARY_PATH=/home/vboxuser/agv_ws/install/canopen_402_driver/lib:/home/vboxuser/agv_ws/install/canopen_proxy_driver/lib:/home/vboxuser/agv_ws/install/canopen_base_driver/lib:/home/vboxuser/agv_ws/install/canopen_core/lib:/home/vboxuser/agv_ws/install/lely_core_libraries/lib:/home/vboxuser/agv_ws/install/canopen_interfaces/lib:${LD_LIBRARY_PATH} PATH=/home/vboxuser/agv_ws/install/lely_core_libraries/bin:${PATH} PYTHONPATH=/home/vboxuser/agv_ws/install/lely_core_libraries/local/lib/python3.10/dist-packages:/home/vboxuser/agv_ws/install/lely_core_libraries/lib/python3.10/site-packages:/home/vboxuser/agv_ws/install/canopen_interfaces/local/lib/python3.10/dist-packages:${PYTHONPATH} /usr/bin/cmake --build /home/vboxuser/agv_ws/build/canopen_ros2_controllers -- -j4 -l4
[0.206s] [35m[1mConsolidate compiler generated dependencies of target canopen_ros2_controllers[0m
[0.207s] [ 18%] Built target gmock
[0.208s] [ 31%] Built target gmock_main
[0.278s] [ 43%] Built target test_load_canopen_proxy_controller
[0.283s] [ 56%] Built target test_load_cia402_robot_controller
[0.284s] [ 68%] Built target test_load_cia402_device_controller
[0.295s] [ 75%] [32mBuilding CXX object CMakeFiles/canopen_ros2_controllers.dir/src/canopen_proxy_controller.cpp.o[0m
[0.296s] [ 81%] [32mBuilding CXX object CMakeFiles/canopen_ros2_controllers.dir/src/cia402_device_controller.cpp.o[0m
[37.719s] [ 87%] [32m[1mLinking CXX shared library libcanopen_ros2_controllers.so[0m
[39.227s] [ 87%] Built target canopen_ros2_controllers
[39.347s] [ 93%] [32m[1mLinking CXX executable test_canopen_proxy_controller[0m
[41.353s] [100%] Built target test_canopen_proxy_controller
[41.438s] Invoked command in '/home/vboxuser/agv_ws/build/canopen_ros2_controllers' returned '0': AMENT_PREFIX_PATH=/home/vboxuser/agv_ws/install/canopen_402_driver:/home/vboxuser/agv_ws/install/canopen_proxy_driver:/home/vboxuser/agv_ws/install/canopen_base_driver:/home/vboxuser/agv_ws/install/canopen_core:/home/vboxuser/agv_ws/install/lely_core_libraries:/home/vboxuser/agv_ws/install/canopen_interfaces:${AMENT_PREFIX_PATH} CMAKE_PREFIX_PATH=/home/vboxuser/agv_ws/install/canopen_402_driver:/home/vboxuser/agv_ws/install/canopen_proxy_driver:/home/vboxuser/agv_ws/install/canopen_base_driver:/home/vboxuser/agv_ws/install/canopen_core:/home/vboxuser/agv_ws/install/lely_core_libraries:/home/vboxuser/agv_ws/install/canopen_interfaces:/home/vboxuser/bumperbot_ws/install/bumperbot_cpp_examples:/home/vboxuser/bumperbot_ws/install/bumperbot_msgs:/home/vboxuser/bumperbot_ws/install/bumperbot_description:/home/vboxuser/bumperbot_ws/install/bumperbot_controller:/home/vboxuser/ros2_ws/install/my_simulation:/home/vboxuser/bumperbot_ws/install/bumperbot_py_examples:/home/vboxuser/ros2_ws/install/my_py_pkg:/opt/ros/humble LD_LIBRARY_PATH=/home/vboxuser/agv_ws/install/canopen_402_driver/lib:/home/vboxuser/agv_ws/install/canopen_proxy_driver/lib:/home/vboxuser/agv_ws/install/canopen_base_driver/lib:/home/vboxuser/agv_ws/install/canopen_core/lib:/home/vboxuser/agv_ws/install/lely_core_libraries/lib:/home/vboxuser/agv_ws/install/canopen_interfaces/lib:${LD_LIBRARY_PATH} PATH=/home/vboxuser/agv_ws/install/lely_core_libraries/bin:${PATH} PYTHONPATH=/home/vboxuser/agv_ws/install/lely_core_libraries/local/lib/python3.10/dist-packages:/home/vboxuser/agv_ws/install/lely_core_libraries/lib/python3.10/site-packages:/home/vboxuser/agv_ws/install/canopen_interfaces/local/lib/python3.10/dist-packages:${PYTHONPATH} /usr/bin/cmake --build /home/vboxuser/agv_ws/build/canopen_ros2_controllers -- -j4 -l4
[41.494s] Invoking command in '/home/vboxuser/agv_ws/build/canopen_ros2_controllers': AMENT_PREFIX_PATH=/home/vboxuser/agv_ws/install/canopen_402_driver:/home/vboxuser/agv_ws/install/canopen_proxy_driver:/home/vboxuser/agv_ws/install/canopen_base_driver:/home/vboxuser/agv_ws/install/canopen_core:/home/vboxuser/agv_ws/install/lely_core_libraries:/home/vboxuser/agv_ws/install/canopen_interfaces:${AMENT_PREFIX_PATH} CMAKE_PREFIX_PATH=/home/vboxuser/agv_ws/install/canopen_402_driver:/home/vboxuser/agv_ws/install/canopen_proxy_driver:/home/vboxuser/agv_ws/install/canopen_base_driver:/home/vboxuser/agv_ws/install/canopen_core:/home/vboxuser/agv_ws/install/lely_core_libraries:/home/vboxuser/agv_ws/install/canopen_interfaces:/home/vboxuser/bumperbot_ws/install/bumperbot_cpp_examples:/home/vboxuser/bumperbot_ws/install/bumperbot_msgs:/home/vboxuser/bumperbot_ws/install/bumperbot_description:/home/vboxuser/bumperbot_ws/install/bumperbot_controller:/home/vboxuser/ros2_ws/install/my_simulation:/home/vboxuser/bumperbot_ws/install/bumperbot_py_examples:/home/vboxuser/ros2_ws/install/my_py_pkg:/opt/ros/humble LD_LIBRARY_PATH=/home/vboxuser/agv_ws/install/canopen_402_driver/lib:/home/vboxuser/agv_ws/install/canopen_proxy_driver/lib:/home/vboxuser/agv_ws/install/canopen_base_driver/lib:/home/vboxuser/agv_ws/install/canopen_core/lib:/home/vboxuser/agv_ws/install/lely_core_libraries/lib:/home/vboxuser/agv_ws/install/canopen_interfaces/lib:${LD_LIBRARY_PATH} PATH=/home/vboxuser/agv_ws/install/lely_core_libraries/bin:${PATH} PYTHONPATH=/home/vboxuser/agv_ws/install/lely_core_libraries/local/lib/python3.10/dist-packages:/home/vboxuser/agv_ws/install/lely_core_libraries/lib/python3.10/site-packages:/home/vboxuser/agv_ws/install/canopen_interfaces/local/lib/python3.10/dist-packages:${PYTHONPATH} /usr/bin/cmake --install /home/vboxuser/agv_ws/build/canopen_ros2_controllers
[41.504s] -- Install configuration: ""
[41.506s] -- Up-to-date: /home/vboxuser/agv_ws/install/canopen_ros2_controllers/share/canopen_ros2_controllers/canopen_ros2_controllers.xml
[41.508s] -- Installing: /home/vboxuser/agv_ws/install/canopen_ros2_controllers/lib/libcanopen_ros2_controllers.so
[41.519s] -- Set runtime path of "/home/vboxuser/agv_ws/install/canopen_ros2_controllers/lib/libcanopen_ros2_controllers.so" to ""
[41.519s] -- Up-to-date: /home/vboxuser/agv_ws/install/canopen_ros2_controllers/include
[41.520s] -- Up-to-date: /home/vboxuser/agv_ws/install/canopen_ros2_controllers/include/canopen_ros2_controllers
[41.521s] -- Up-to-date: /home/vboxuser/agv_ws/install/canopen_ros2_controllers/include/canopen_ros2_controllers/visibility_control.h
[41.521s] -- Up-to-date: /home/vboxuser/agv_ws/install/canopen_ros2_controllers/include/canopen_ros2_controllers/canopen_proxy_controller.hpp
[41.522s] -- Up-to-date: /home/vboxuser/agv_ws/install/canopen_ros2_controllers/include/canopen_ros2_controllers/cia402_device_controller.hpp
[41.522s] -- Up-to-date: /home/vboxuser/agv_ws/install/canopen_ros2_controllers/share/canopen_ros2_controllers/environment/library_path.sh
[41.522s] -- Up-to-date: /home/vboxuser/agv_ws/install/canopen_ros2_controllers/share/canopen_ros2_controllers/environment/library_path.dsv
[41.526s] -- Up-to-date: /home/vboxuser/agv_ws/install/canopen_ros2_controllers/share/ament_index/resource_index/package_run_dependencies/canopen_ros2_controllers
[41.527s] -- Up-to-date: /home/vboxuser/agv_ws/install/canopen_ros2_controllers/share/ament_index/resource_index/parent_prefix_path/canopen_ros2_controllers
[41.527s] -- Up-to-date: /home/vboxuser/agv_ws/install/canopen_ros2_controllers/share/canopen_ros2_controllers/environment/ament_prefix_path.sh
[41.529s] -- Up-to-date: /home/vboxuser/agv_ws/install/canopen_ros2_controllers/share/canopen_ros2_controllers/environment/ament_prefix_path.dsv
[41.529s] -- Up-to-date: /home/vboxuser/agv_ws/install/canopen_ros2_controllers/share/canopen_ros2_controllers/environment/path.sh
[41.529s] -- Up-to-date: /home/vboxuser/agv_ws/install/canopen_ros2_controllers/share/canopen_ros2_controllers/environment/path.dsv
[41.529s] -- Up-to-date: /home/vboxuser/agv_ws/install/canopen_ros2_controllers/share/canopen_ros2_controllers/local_setup.bash
[41.530s] -- Up-to-date: /home/vboxuser/agv_ws/install/canopen_ros2_controllers/share/canopen_ros2_controllers/local_setup.sh
[41.530s] -- Up-to-date: /home/vboxuser/agv_ws/install/canopen_ros2_controllers/share/canopen_ros2_controllers/local_setup.zsh
[41.530s] -- Up-to-date: /home/vboxuser/agv_ws/install/canopen_ros2_controllers/share/canopen_ros2_controllers/local_setup.dsv
[41.530s] -- Installing: /home/vboxuser/agv_ws/install/canopen_ros2_controllers/share/canopen_ros2_controllers/package.dsv
[41.530s] -- Up-to-date: /home/vboxuser/agv_ws/install/canopen_ros2_controllers/share/ament_index/resource_index/packages/canopen_ros2_controllers
[41.531s] -- Up-to-date: /home/vboxuser/agv_ws/install/canopen_ros2_controllers/share/ament_index/resource_index/controller_interface__pluginlib__plugin/canopen_ros2_controllers
[41.531s] -- Up-to-date: /home/vboxuser/agv_ws/install/canopen_ros2_controllers/share/canopen_ros2_controllers/cmake/ament_cmake_export_include_directories-extras.cmake
[41.531s] -- Up-to-date: /home/vboxuser/agv_ws/install/canopen_ros2_controllers/share/canopen_ros2_controllers/cmake/ament_cmake_export_libraries-extras.cmake
[41.531s] -- Up-to-date: /home/vboxuser/agv_ws/install/canopen_ros2_controllers/share/canopen_ros2_controllers/cmake/ament_cmake_export_dependencies-extras.cmake
[41.531s] -- Up-to-date: /home/vboxuser/agv_ws/install/canopen_ros2_controllers/share/canopen_ros2_controllers/cmake/canopen_ros2_controllersConfig.cmake
[41.531s] -- Up-to-date: /home/vboxuser/agv_ws/install/canopen_ros2_controllers/share/canopen_ros2_controllers/cmake/canopen_ros2_controllersConfig-version.cmake
[41.531s] -- Up-to-date: /home/vboxuser/agv_ws/install/canopen_ros2_controllers/share/canopen_ros2_controllers/package.xml
[41.535s] Invoked command in '/home/vboxuser/agv_ws/build/canopen_ros2_controllers' returned '0': AMENT_PREFIX_PATH=/home/vboxuser/agv_ws/install/canopen_402_driver:/home/vboxuser/agv_ws/install/canopen_proxy_driver:/home/vboxuser/agv_ws/install/canopen_base_driver:/home/vboxuser/agv_ws/install/canopen_core:/home/vboxuser/agv_ws/install/lely_core_libraries:/home/vboxuser/agv_ws/install/canopen_interfaces:${AMENT_PREFIX_PATH} CMAKE_PREFIX_PATH=/home/vboxuser/agv_ws/install/canopen_402_driver:/home/vboxuser/agv_ws/install/canopen_proxy_driver:/home/vboxuser/agv_ws/install/canopen_base_driver:/home/vboxuser/agv_ws/install/canopen_core:/home/vboxuser/agv_ws/install/lely_core_libraries:/home/vboxuser/agv_ws/install/canopen_interfaces:/home/vboxuser/bumperbot_ws/install/bumperbot_cpp_examples:/home/vboxuser/bumperbot_ws/install/bumperbot_msgs:/home/vboxuser/bumperbot_ws/install/bumperbot_description:/home/vboxuser/bumperbot_ws/install/bumperbot_controller:/home/vboxuser/ros2_ws/install/my_simulation:/home/vboxuser/bumperbot_ws/install/bumperbot_py_examples:/home/vboxuser/ros2_ws/install/my_py_pkg:/opt/ros/humble LD_LIBRARY_PATH=/home/vboxuser/agv_ws/install/canopen_402_driver/lib:/home/vboxuser/agv_ws/install/canopen_proxy_driver/lib:/home/vboxuser/agv_ws/install/canopen_base_driver/lib:/home/vboxuser/agv_ws/install/canopen_core/lib:/home/vboxuser/agv_ws/install/lely_core_libraries/lib:/home/vboxuser/agv_ws/install/canopen_interfaces/lib:${LD_LIBRARY_PATH} PATH=/home/vboxuser/agv_ws/install/lely_core_libraries/bin:${PATH} PYTHONPATH=/home/vboxuser/agv_ws/install/lely_core_libraries/local/lib/python3.10/dist-packages:/home/vboxuser/agv_ws/install/lely_core_libraries/lib/python3.10/site-packages:/home/vboxuser/agv_ws/install/canopen_interfaces/local/lib/python3.10/dist-packages:${PYTHONPATH} /usr/bin/cmake --install /home/vboxuser/agv_ws/build/canopen_ros2_controllers
