[0.683s] Invoking command in '/home/vboxuser/agv_ws/build/canopen_robot_control_example': CMAKE_PREFIX_PATH=/home/vboxuser/agv_ws/install/canopen:/home/vboxuser/agv_ws/install/canopen_402_driver:/home/vboxuser/agv_ws/install/canopen_proxy_driver:/home/vboxuser/agv_ws/install/canopen_base_driver:/home/vboxuser/agv_ws/install/canopen_core:/home/vboxuser/agv_ws/install/lely_core_libraries:/home/vboxuser/agv_ws/install/canopen_interfaces:/home/vboxuser/agv_ws/install/my_simulation:/home/vboxuser/agv_ws/install/canopen_tests:/home/vboxuser/agv_ws/install/canopen_ros2_controllers:/home/vboxuser/agv_ws/install/canopen_ros2_control:/home/vboxuser/agv_ws/install/canopen_master_driver:/home/vboxuser/agv_ws/install/canopen_fake_slaves:/home/vboxuser/agv_ws/install/agv_py:/home/vboxuser/agv_ws/install/agv_controllers:/home/vboxuser/agv_ws/install/communication:/home/vboxuser/agv_ws/install/canopen_utils:/home/vboxuser/agv_ws/install/agv_py_functions:/home/vboxuser/install/my_py_pkg:/home/vboxuser/install/agv_py_functions:/home/vboxuser/bumperbot_ws/install/bumperbot_py_examples:/home/vboxuser/ros2_ws/install/my_py_pkg:/opt/ros/humble:/home/vboxuser/agv_ws/install/agv_controller:/home/vboxuser/agv_ws/install/agv:/home/vboxuser/install/agv:/home/vboxuser/bumperbot_ws/install/bumperbot_cpp_examples:/home/vboxuser/bumperbot_ws/install/bumperbot_msgs:/home/vboxuser/bumperbot_ws/install/bumperbot_description:/home/vboxuser/bumperbot_ws/install/bumperbot_controller:/home/vboxuser/ros2_ws/install/my_simulation LD_LIBRARY_PATH=/home/vboxuser/agv_ws/install/canopen_402_driver/lib:/home/vboxuser/agv_ws/install/canopen_proxy_driver/lib:/home/vboxuser/agv_ws/install/canopen_base_driver/lib:/home/vboxuser/agv_ws/install/canopen_core/lib:/home/vboxuser/agv_ws/install/lely_core_libraries/lib:/home/vboxuser/agv_ws/install/canopen_interfaces/lib:/home/vboxuser/agv_ws/install/canopen_ros2_controllers/lib:/home/vboxuser/agv_ws/install/canopen_ros2_control/lib:/home/vboxuser/agv_ws/install/canopen_master_driver/lib:/home/vboxuser/bumperbot_ws/install/bumperbot_msgs/lib:/usr/lib/x86_64-linux-gnu/gazebo-11/plugins:/opt/ros/humble/opt/rviz_ogre_vendor/lib:/opt/ros/humble/lib/x86_64-linux-gnu:/opt/ros/humble/lib PYTHONPATH=/home/vboxuser/agv_ws/install/lely_core_libraries/lib/python3.10/site-packages:/home/vboxuser/agv_ws/install/lely_core_libraries/local/lib/python3.10/dist-packages:/home/vboxuser/agv_ws/install/communication/lib/python3.10/site-packages:/home/vboxuser/agv_ws/install/canopen_utils/lib/python3.10/site-packages:/home/vboxuser/agv_ws/install/canopen_interfaces/local/lib/python3.10/dist-packages:/home/vboxuser/agv_ws/install/agv_py_functions/lib/python3.10/site-packages:/home/vboxuser/agv_ws/install/agv_py/lib/python3.10/site-packages:/home/vboxuser/agv_ws/install/agv/lib/python3.10/site-packages:/home/vboxuser/install/my_py_pkg/lib/python3.10/site-packages:/home/vboxuser/install/agv_py_functions/lib/python3.10/site-packages:/home/vboxuser/bumperbot_ws/install/bumperbot_py_examples/lib/python3.10/site-packages:/home/vboxuser/bumperbot_ws/install/bumperbot_msgs/local/lib/python3.10/dist-packages:/home/vboxuser/bumperbot_ws/install/bumperbot_controller/local/lib/python3.10/dist-packages:/home/vboxuser/ros2_ws/install/my_py_pkg/lib/python3.10/site-packages:/opt/ros/humble/lib/python3.10/site-packages:/opt/ros/humble/local/lib/python3.10/dist-packages /usr/bin/cmake /home/vboxuser/agv_ws/src/canopen_robot_control_example -DCMAKE_INSTALL_PREFIX=/home/vboxuser/agv_ws/install/canopen_robot_control_example
[0.929s] -- The C compiler identification is GNU 11.4.0
[1.161s] -- The CXX compiler identification is GNU 11.4.0
[1.183s] -- Detecting C compiler ABI info
[1.472s] -- Detecting C compiler ABI info - done
[1.530s] -- Check for working C compiler: /usr/bin/cc - skipped
[1.548s] -- Detecting C compile features
[1.549s] -- Detecting C compile features - done
[1.562s] -- Detecting CXX compiler ABI info
[2.083s] -- Detecting CXX compiler ABI info - done
[2.119s] -- Check for working CXX compiler: /usr/bin/c++ - skipped
[2.129s] -- Detecting CXX compile features
[2.130s] -- Detecting CXX compile features - done
[2.137s] -- Found ament_cmake: 1.3.6 (/opt/ros/humble/share/ament_cmake/cmake)
[3.127s] -- Found Python3: /usr/bin/python3.10 (found version "3.10.12") found components: Interpreter 
[3.612s] -- Found canopen: 0.2.7 (/home/vboxuser/agv_ws/install/canopen/share/canopen/cmake)
[3.614s] -- Found lely_core_libraries: 0.2.7 (/home/vboxuser/agv_ws/install/lely_core_libraries/share/lely_core_libraries/cmake)
[3.638s] -- Found ament_lint_auto: 0.12.9 (/opt/ros/humble/share/ament_lint_auto/cmake)
[4.068s] -- Added test 'flake8' to check Python code syntax and style conventions
[4.071s] -- Added test 'lint_cmake' to check CMake code style
[4.074s] -- Added test 'pep257' to check Python code against some of the docstring style conventions in PEP 257
[4.081s] -- Added test 'xmllint' to check XML markup files
[4.098s] -- Configuring done
[4.114s] -- Generating done
[4.118s] -- Build files have been written to: /home/vboxuser/agv_ws/build/canopen_robot_control_example
[4.138s] Invoked command in '/home/vboxuser/agv_ws/build/canopen_robot_control_example' returned '0': CMAKE_PREFIX_PATH=/home/vboxuser/agv_ws/install/canopen:/home/vboxuser/agv_ws/install/canopen_402_driver:/home/vboxuser/agv_ws/install/canopen_proxy_driver:/home/vboxuser/agv_ws/install/canopen_base_driver:/home/vboxuser/agv_ws/install/canopen_core:/home/vboxuser/agv_ws/install/lely_core_libraries:/home/vboxuser/agv_ws/install/canopen_interfaces:/home/vboxuser/agv_ws/install/my_simulation:/home/vboxuser/agv_ws/install/canopen_tests:/home/vboxuser/agv_ws/install/canopen_ros2_controllers:/home/vboxuser/agv_ws/install/canopen_ros2_control:/home/vboxuser/agv_ws/install/canopen_master_driver:/home/vboxuser/agv_ws/install/canopen_fake_slaves:/home/vboxuser/agv_ws/install/agv_py:/home/vboxuser/agv_ws/install/agv_controllers:/home/vboxuser/agv_ws/install/communication:/home/vboxuser/agv_ws/install/canopen_utils:/home/vboxuser/agv_ws/install/agv_py_functions:/home/vboxuser/install/my_py_pkg:/home/vboxuser/install/agv_py_functions:/home/vboxuser/bumperbot_ws/install/bumperbot_py_examples:/home/vboxuser/ros2_ws/install/my_py_pkg:/opt/ros/humble:/home/vboxuser/agv_ws/install/agv_controller:/home/vboxuser/agv_ws/install/agv:/home/vboxuser/install/agv:/home/vboxuser/bumperbot_ws/install/bumperbot_cpp_examples:/home/vboxuser/bumperbot_ws/install/bumperbot_msgs:/home/vboxuser/bumperbot_ws/install/bumperbot_description:/home/vboxuser/bumperbot_ws/install/bumperbot_controller:/home/vboxuser/ros2_ws/install/my_simulation LD_LIBRARY_PATH=/home/vboxuser/agv_ws/install/canopen_402_driver/lib:/home/vboxuser/agv_ws/install/canopen_proxy_driver/lib:/home/vboxuser/agv_ws/install/canopen_base_driver/lib:/home/vboxuser/agv_ws/install/canopen_core/lib:/home/vboxuser/agv_ws/install/lely_core_libraries/lib:/home/vboxuser/agv_ws/install/canopen_interfaces/lib:/home/vboxuser/agv_ws/install/canopen_ros2_controllers/lib:/home/vboxuser/agv_ws/install/canopen_ros2_control/lib:/home/vboxuser/agv_ws/install/canopen_master_driver/lib:/home/vboxuser/bumperbot_ws/install/bumperbot_msgs/lib:/usr/lib/x86_64-linux-gnu/gazebo-11/plugins:/opt/ros/humble/opt/rviz_ogre_vendor/lib:/opt/ros/humble/lib/x86_64-linux-gnu:/opt/ros/humble/lib PYTHONPATH=/home/vboxuser/agv_ws/install/lely_core_libraries/lib/python3.10/site-packages:/home/vboxuser/agv_ws/install/lely_core_libraries/local/lib/python3.10/dist-packages:/home/vboxuser/agv_ws/install/communication/lib/python3.10/site-packages:/home/vboxuser/agv_ws/install/canopen_utils/lib/python3.10/site-packages:/home/vboxuser/agv_ws/install/canopen_interfaces/local/lib/python3.10/dist-packages:/home/vboxuser/agv_ws/install/agv_py_functions/lib/python3.10/site-packages:/home/vboxuser/agv_ws/install/agv_py/lib/python3.10/site-packages:/home/vboxuser/agv_ws/install/agv/lib/python3.10/site-packages:/home/vboxuser/install/my_py_pkg/lib/python3.10/site-packages:/home/vboxuser/install/agv_py_functions/lib/python3.10/site-packages:/home/vboxuser/bumperbot_ws/install/bumperbot_py_examples/lib/python3.10/site-packages:/home/vboxuser/bumperbot_ws/install/bumperbot_msgs/local/lib/python3.10/dist-packages:/home/vboxuser/bumperbot_ws/install/bumperbot_controller/local/lib/python3.10/dist-packages:/home/vboxuser/ros2_ws/install/my_py_pkg/lib/python3.10/site-packages:/opt/ros/humble/lib/python3.10/site-packages:/opt/ros/humble/local/lib/python3.10/dist-packages /usr/bin/cmake /home/vboxuser/agv_ws/src/canopen_robot_control_example -DCMAKE_INSTALL_PREFIX=/home/vboxuser/agv_ws/install/canopen_robot_control_example
[4.145s] Invoking command in '/home/vboxuser/agv_ws/build/canopen_robot_control_example': CMAKE_PREFIX_PATH=/home/vboxuser/agv_ws/install/canopen:/home/vboxuser/agv_ws/install/canopen_402_driver:/home/vboxuser/agv_ws/install/canopen_proxy_driver:/home/vboxuser/agv_ws/install/canopen_base_driver:/home/vboxuser/agv_ws/install/canopen_core:/home/vboxuser/agv_ws/install/lely_core_libraries:/home/vboxuser/agv_ws/install/canopen_interfaces:/home/vboxuser/agv_ws/install/my_simulation:/home/vboxuser/agv_ws/install/canopen_tests:/home/vboxuser/agv_ws/install/canopen_ros2_controllers:/home/vboxuser/agv_ws/install/canopen_ros2_control:/home/vboxuser/agv_ws/install/canopen_master_driver:/home/vboxuser/agv_ws/install/canopen_fake_slaves:/home/vboxuser/agv_ws/install/agv_py:/home/vboxuser/agv_ws/install/agv_controllers:/home/vboxuser/agv_ws/install/communication:/home/vboxuser/agv_ws/install/canopen_utils:/home/vboxuser/agv_ws/install/agv_py_functions:/home/vboxuser/install/my_py_pkg:/home/vboxuser/install/agv_py_functions:/home/vboxuser/bumperbot_ws/install/bumperbot_py_examples:/home/vboxuser/ros2_ws/install/my_py_pkg:/opt/ros/humble:/home/vboxuser/agv_ws/install/agv_controller:/home/vboxuser/agv_ws/install/agv:/home/vboxuser/install/agv:/home/vboxuser/bumperbot_ws/install/bumperbot_cpp_examples:/home/vboxuser/bumperbot_ws/install/bumperbot_msgs:/home/vboxuser/bumperbot_ws/install/bumperbot_description:/home/vboxuser/bumperbot_ws/install/bumperbot_controller:/home/vboxuser/ros2_ws/install/my_simulation LD_LIBRARY_PATH=/home/vboxuser/agv_ws/install/canopen_402_driver/lib:/home/vboxuser/agv_ws/install/canopen_proxy_driver/lib:/home/vboxuser/agv_ws/install/canopen_base_driver/lib:/home/vboxuser/agv_ws/install/canopen_core/lib:/home/vboxuser/agv_ws/install/lely_core_libraries/lib:/home/vboxuser/agv_ws/install/canopen_interfaces/lib:/home/vboxuser/agv_ws/install/canopen_ros2_controllers/lib:/home/vboxuser/agv_ws/install/canopen_ros2_control/lib:/home/vboxuser/agv_ws/install/canopen_master_driver/lib:/home/vboxuser/bumperbot_ws/install/bumperbot_msgs/lib:/usr/lib/x86_64-linux-gnu/gazebo-11/plugins:/opt/ros/humble/opt/rviz_ogre_vendor/lib:/opt/ros/humble/lib/x86_64-linux-gnu:/opt/ros/humble/lib PYTHONPATH=/home/vboxuser/agv_ws/install/lely_core_libraries/lib/python3.10/site-packages:/home/vboxuser/agv_ws/install/lely_core_libraries/local/lib/python3.10/dist-packages:/home/vboxuser/agv_ws/install/communication/lib/python3.10/site-packages:/home/vboxuser/agv_ws/install/canopen_utils/lib/python3.10/site-packages:/home/vboxuser/agv_ws/install/canopen_interfaces/local/lib/python3.10/dist-packages:/home/vboxuser/agv_ws/install/agv_py_functions/lib/python3.10/site-packages:/home/vboxuser/agv_ws/install/agv_py/lib/python3.10/site-packages:/home/vboxuser/agv_ws/install/agv/lib/python3.10/site-packages:/home/vboxuser/install/my_py_pkg/lib/python3.10/site-packages:/home/vboxuser/install/agv_py_functions/lib/python3.10/site-packages:/home/vboxuser/bumperbot_ws/install/bumperbot_py_examples/lib/python3.10/site-packages:/home/vboxuser/bumperbot_ws/install/bumperbot_msgs/local/lib/python3.10/dist-packages:/home/vboxuser/bumperbot_ws/install/bumperbot_controller/local/lib/python3.10/dist-packages:/home/vboxuser/ros2_ws/install/my_py_pkg/lib/python3.10/site-packages:/opt/ros/humble/lib/python3.10/site-packages:/opt/ros/humble/local/lib/python3.10/dist-packages /usr/bin/cmake --build /home/vboxuser/agv_ws/build/canopen_robot_control_example -- -j4 -l4
[4.391s] Built target robot_control_prepare
[7.557s] /home/vboxuser/agv_ws/install/lely_core_libraries/lib/python3.10/site-packages/dcfgen/cli.py:565: UserWarning: joint_1: specified revision number differs from DCF
[7.557s]   slave = Slave.from_config(name, cfg[name], options, args)
[8.130s] /home/vboxuser/agv_ws/install/lely_core_libraries/lib/python3.10/site-packages/dcfgen/cli.py:565: UserWarning: joint_2: specified revision number differs from DCF
[8.131s]   slave = Slave.from_config(name, cfg[name], options, args)
[8.131s] joint_1: writing 4 bytes to 0x1400/1: 02 02 00 80
[8.132s] joint_1: writing 4 bytes to 0x1600/1: 10 00 40 60
[8.132s] joint_1: writing 4 bytes to 0x1600/2: 08 00 60 60
[8.132s] joint_1: writing 1 bytes to 0x1600/0: 02
[8.132s] joint_1: writing 4 bytes to 0x1400/1: 02 02 00 00
[8.145s] joint_1: writing 4 bytes to 0x1401/1: 02 03 00 80
[8.145s] joint_1: writing 4 bytes to 0x1601/1: 20 00 7A 60
[8.145s] joint_1: writing 1 bytes to 0x1601/0: 01
[8.145s] joint_1: writing 4 bytes to 0x1401/1: 02 03 00 00
[8.145s] joint_1: writing 4 bytes to 0x1800/1: 82 01 00 80
[8.145s] joint_1: writing 1 bytes to 0x1800/2: 01
[8.146s] joint_1: writing 1 bytes to 0x1A00/0: 00
[8.146s] joint_1: writing 4 bytes to 0x1A00/1: 10 00 41 60
[8.146s] joint_1: writing 4 bytes to 0x1A00/2: 08 00 61 60
[8.146s] joint_1: writing 1 bytes to 0x1A00/0: 02
[8.146s] joint_1: writing 4 bytes to 0x1800/1: 82 01 00 00
[8.146s] joint_1: writing 4 bytes to 0x1801/1: 82 02 00 80
[8.146s] joint_1: writing 1 bytes to 0x1801/2: 01
[8.146s] joint_1: writing 4 bytes to 0x1A01/1: 20 00 63 60
[8.146s] joint_1: writing 4 bytes to 0x1A01/2: 10 00 6C 60
[8.146s] joint_1: writing 1 bytes to 0x1A01/0: 02
[8.147s] joint_1: writing 4 bytes to 0x1801/1: 82 02 00 00
[8.147s] joint_1: writing 4 bytes to 0x6081/0: E8 03 00 00
[8.147s] joint_1: writing 4 bytes to 0x6083/0: D0 07 00 00
[8.147s] joint_1: writing 1 bytes to 0x6060/0: 07
[8.147s] joint_2: writing 4 bytes to 0x1400/1: 03 02 00 80
[8.147s] joint_2: writing 4 bytes to 0x1600/1: 10 00 40 60
[8.147s] joint_2: writing 4 bytes to 0x1600/2: 08 00 60 60
[8.147s] joint_2: writing 1 bytes to 0x1600/0: 02
[8.147s] joint_2: writing 4 bytes to 0x1400/1: 03 02 00 00
[8.148s] joint_2: writing 4 bytes to 0x1401/1: 03 03 00 80
[8.148s] joint_2: writing 4 bytes to 0x1601/1: 20 00 7A 60
[8.148s] joint_2: writing 1 bytes to 0x1601/0: 01
[8.148s] joint_2: writing 4 bytes to 0x1401/1: 03 03 00 00
[8.148s] joint_2: writing 4 bytes to 0x1800/1: 83 01 00 80
[8.148s] joint_2: writing 1 bytes to 0x1800/2: 01
[8.176s] joint_2: writing 1 bytes to 0x1A00/0: 00
[8.176s] joint_2: writing 4 bytes to 0x1A00/1: 10 00 41 60
[8.177s] joint_2: writing 4 bytes to 0x1A00/2: 08 00 61 60
[8.177s] joint_2: writing 1 bytes to 0x1A00/0: 02
[8.177s] joint_2: writing 4 bytes to 0x1800/1: 83 01 00 00
[8.177s] joint_2: writing 4 bytes to 0x1801/1: 83 02 00 80
[8.177s] joint_2: writing 1 bytes to 0x1801/2: 01
[8.177s] joint_2: writing 4 bytes to 0x1A01/1: 20 00 63 60
[8.177s] joint_2: writing 4 bytes to 0x1A01/2: 10 00 6C 60
[8.177s] joint_2: writing 1 bytes to 0x1A01/0: 02
[8.177s] joint_2: writing 4 bytes to 0x1801/1: 83 02 00 00
[8.177s] joint_2: writing 4 bytes to 0x6081/0: E8 03 00 00
[8.178s] joint_2: writing 4 bytes to 0x6083/0: D0 07 00 00
[8.178s] joint_2: writing 1 bytes to 0x6060/0: 07
[9.434s] Built target robot_control
[9.510s] Invoked command in '/home/vboxuser/agv_ws/build/canopen_robot_control_example' returned '0': CMAKE_PREFIX_PATH=/home/vboxuser/agv_ws/install/canopen:/home/vboxuser/agv_ws/install/canopen_402_driver:/home/vboxuser/agv_ws/install/canopen_proxy_driver:/home/vboxuser/agv_ws/install/canopen_base_driver:/home/vboxuser/agv_ws/install/canopen_core:/home/vboxuser/agv_ws/install/lely_core_libraries:/home/vboxuser/agv_ws/install/canopen_interfaces:/home/vboxuser/agv_ws/install/my_simulation:/home/vboxuser/agv_ws/install/canopen_tests:/home/vboxuser/agv_ws/install/canopen_ros2_controllers:/home/vboxuser/agv_ws/install/canopen_ros2_control:/home/vboxuser/agv_ws/install/canopen_master_driver:/home/vboxuser/agv_ws/install/canopen_fake_slaves:/home/vboxuser/agv_ws/install/agv_py:/home/vboxuser/agv_ws/install/agv_controllers:/home/vboxuser/agv_ws/install/communication:/home/vboxuser/agv_ws/install/canopen_utils:/home/vboxuser/agv_ws/install/agv_py_functions:/home/vboxuser/install/my_py_pkg:/home/vboxuser/install/agv_py_functions:/home/vboxuser/bumperbot_ws/install/bumperbot_py_examples:/home/vboxuser/ros2_ws/install/my_py_pkg:/opt/ros/humble:/home/vboxuser/agv_ws/install/agv_controller:/home/vboxuser/agv_ws/install/agv:/home/vboxuser/install/agv:/home/vboxuser/bumperbot_ws/install/bumperbot_cpp_examples:/home/vboxuser/bumperbot_ws/install/bumperbot_msgs:/home/vboxuser/bumperbot_ws/install/bumperbot_description:/home/vboxuser/bumperbot_ws/install/bumperbot_controller:/home/vboxuser/ros2_ws/install/my_simulation LD_LIBRARY_PATH=/home/vboxuser/agv_ws/install/canopen_402_driver/lib:/home/vboxuser/agv_ws/install/canopen_proxy_driver/lib:/home/vboxuser/agv_ws/install/canopen_base_driver/lib:/home/vboxuser/agv_ws/install/canopen_core/lib:/home/vboxuser/agv_ws/install/lely_core_libraries/lib:/home/vboxuser/agv_ws/install/canopen_interfaces/lib:/home/vboxuser/agv_ws/install/canopen_ros2_controllers/lib:/home/vboxuser/agv_ws/install/canopen_ros2_control/lib:/home/vboxuser/agv_ws/install/canopen_master_driver/lib:/home/vboxuser/bumperbot_ws/install/bumperbot_msgs/lib:/usr/lib/x86_64-linux-gnu/gazebo-11/plugins:/opt/ros/humble/opt/rviz_ogre_vendor/lib:/opt/ros/humble/lib/x86_64-linux-gnu:/opt/ros/humble/lib PYTHONPATH=/home/vboxuser/agv_ws/install/lely_core_libraries/lib/python3.10/site-packages:/home/vboxuser/agv_ws/install/lely_core_libraries/local/lib/python3.10/dist-packages:/home/vboxuser/agv_ws/install/communication/lib/python3.10/site-packages:/home/vboxuser/agv_ws/install/canopen_utils/lib/python3.10/site-packages:/home/vboxuser/agv_ws/install/canopen_interfaces/local/lib/python3.10/dist-packages:/home/vboxuser/agv_ws/install/agv_py_functions/lib/python3.10/site-packages:/home/vboxuser/agv_ws/install/agv_py/lib/python3.10/site-packages:/home/vboxuser/agv_ws/install/agv/lib/python3.10/site-packages:/home/vboxuser/install/my_py_pkg/lib/python3.10/site-packages:/home/vboxuser/install/agv_py_functions/lib/python3.10/site-packages:/home/vboxuser/bumperbot_ws/install/bumperbot_py_examples/lib/python3.10/site-packages:/home/vboxuser/bumperbot_ws/install/bumperbot_msgs/local/lib/python3.10/dist-packages:/home/vboxuser/bumperbot_ws/install/bumperbot_controller/local/lib/python3.10/dist-packages:/home/vboxuser/ros2_ws/install/my_py_pkg/lib/python3.10/site-packages:/opt/ros/humble/lib/python3.10/site-packages:/opt/ros/humble/local/lib/python3.10/dist-packages /usr/bin/cmake --build /home/vboxuser/agv_ws/build/canopen_robot_control_example -- -j4 -l4
[9.747s] Invoking command in '/home/vboxuser/agv_ws/build/canopen_robot_control_example': CMAKE_PREFIX_PATH=/home/vboxuser/agv_ws/install/canopen:/home/vboxuser/agv_ws/install/canopen_402_driver:/home/vboxuser/agv_ws/install/canopen_proxy_driver:/home/vboxuser/agv_ws/install/canopen_base_driver:/home/vboxuser/agv_ws/install/canopen_core:/home/vboxuser/agv_ws/install/lely_core_libraries:/home/vboxuser/agv_ws/install/canopen_interfaces:/home/vboxuser/agv_ws/install/my_simulation:/home/vboxuser/agv_ws/install/canopen_tests:/home/vboxuser/agv_ws/install/canopen_ros2_controllers:/home/vboxuser/agv_ws/install/canopen_ros2_control:/home/vboxuser/agv_ws/install/canopen_master_driver:/home/vboxuser/agv_ws/install/canopen_fake_slaves:/home/vboxuser/agv_ws/install/agv_py:/home/vboxuser/agv_ws/install/agv_controllers:/home/vboxuser/agv_ws/install/communication:/home/vboxuser/agv_ws/install/canopen_utils:/home/vboxuser/agv_ws/install/agv_py_functions:/home/vboxuser/install/my_py_pkg:/home/vboxuser/install/agv_py_functions:/home/vboxuser/bumperbot_ws/install/bumperbot_py_examples:/home/vboxuser/ros2_ws/install/my_py_pkg:/opt/ros/humble:/home/vboxuser/agv_ws/install/agv_controller:/home/vboxuser/agv_ws/install/agv:/home/vboxuser/install/agv:/home/vboxuser/bumperbot_ws/install/bumperbot_cpp_examples:/home/vboxuser/bumperbot_ws/install/bumperbot_msgs:/home/vboxuser/bumperbot_ws/install/bumperbot_description:/home/vboxuser/bumperbot_ws/install/bumperbot_controller:/home/vboxuser/ros2_ws/install/my_simulation LD_LIBRARY_PATH=/home/vboxuser/agv_ws/install/canopen_402_driver/lib:/home/vboxuser/agv_ws/install/canopen_proxy_driver/lib:/home/vboxuser/agv_ws/install/canopen_base_driver/lib:/home/vboxuser/agv_ws/install/canopen_core/lib:/home/vboxuser/agv_ws/install/lely_core_libraries/lib:/home/vboxuser/agv_ws/install/canopen_interfaces/lib:/home/vboxuser/agv_ws/install/canopen_ros2_controllers/lib:/home/vboxuser/agv_ws/install/canopen_ros2_control/lib:/home/vboxuser/agv_ws/install/canopen_master_driver/lib:/home/vboxuser/bumperbot_ws/install/bumperbot_msgs/lib:/usr/lib/x86_64-linux-gnu/gazebo-11/plugins:/opt/ros/humble/opt/rviz_ogre_vendor/lib:/opt/ros/humble/lib/x86_64-linux-gnu:/opt/ros/humble/lib PYTHONPATH=/home/vboxuser/agv_ws/install/lely_core_libraries/lib/python3.10/site-packages:/home/vboxuser/agv_ws/install/lely_core_libraries/local/lib/python3.10/dist-packages:/home/vboxuser/agv_ws/install/communication/lib/python3.10/site-packages:/home/vboxuser/agv_ws/install/canopen_utils/lib/python3.10/site-packages:/home/vboxuser/agv_ws/install/canopen_interfaces/local/lib/python3.10/dist-packages:/home/vboxuser/agv_ws/install/agv_py_functions/lib/python3.10/site-packages:/home/vboxuser/agv_ws/install/agv_py/lib/python3.10/site-packages:/home/vboxuser/agv_ws/install/agv/lib/python3.10/site-packages:/home/vboxuser/install/my_py_pkg/lib/python3.10/site-packages:/home/vboxuser/install/agv_py_functions/lib/python3.10/site-packages:/home/vboxuser/bumperbot_ws/install/bumperbot_py_examples/lib/python3.10/site-packages:/home/vboxuser/bumperbot_ws/install/bumperbot_msgs/local/lib/python3.10/dist-packages:/home/vboxuser/bumperbot_ws/install/bumperbot_controller/local/lib/python3.10/dist-packages:/home/vboxuser/ros2_ws/install/my_py_pkg/lib/python3.10/site-packages:/opt/ros/humble/lib/python3.10/site-packages:/opt/ros/humble/local/lib/python3.10/dist-packages /usr/bin/cmake --install /home/vboxuser/agv_ws/build/canopen_robot_control_example
[9.766s] -- Install configuration: ""
[9.766s] -- Installing: /home/vboxuser/agv_ws/install/canopen_robot_control_example/share/canopen_robot_control_example/config/robot_control/
[9.767s] -- Installing: /home/vboxuser/agv_ws/install/canopen_robot_control_example/share/canopen_robot_control_example/config/robot_control//KincoCMDriver.eds
[9.767s] -- Installing: /home/vboxuser/agv_ws/install/canopen_robot_control_example/share/canopen_robot_control_example/config/robot_control//ros2_controllers.yaml
[9.767s] -- Up-to-date: /home/vboxuser/agv_ws/install/canopen_robot_control_example/share/canopen_robot_control_example/config/robot_control/
[9.767s] -- Installing: /home/vboxuser/agv_ws/install/canopen_robot_control_example/share/canopen_robot_control_example/config/robot_control//joint_1.bin
[9.767s] -- Installing: /home/vboxuser/agv_ws/install/canopen_robot_control_example/share/canopen_robot_control_example/config/robot_control//bus.yml
[9.768s] -- Installing: /home/vboxuser/agv_ws/install/canopen_robot_control_example/share/canopen_robot_control_example/config/robot_control//joint_2.bin
[9.768s] -- Installing: /home/vboxuser/agv_ws/install/canopen_robot_control_example/share/canopen_robot_control_example/config/robot_control//preprocessed_bus.yml
[9.768s] -- Installing: /home/vboxuser/agv_ws/install/canopen_robot_control_example/share/canopen_robot_control_example/config/robot_control//master.dcf
[9.768s] -- Installing: /home/vboxuser/agv_ws/install/canopen_robot_control_example/share/canopen_robot_control_example/launch
[9.769s] -- Installing: /home/vboxuser/agv_ws/install/canopen_robot_control_example/share/canopen_robot_control_example/launch/robot_control.launch.py
[9.769s] -- Installing: /home/vboxuser/agv_ws/install/canopen_robot_control_example/share/canopen_robot_control_example/urdf
[9.769s] -- Installing: /home/vboxuser/agv_ws/install/canopen_robot_control_example/share/canopen_robot_control_example/urdf/canopen_system
[9.769s] -- Installing: /home/vboxuser/agv_ws/install/canopen_robot_control_example/share/canopen_robot_control_example/urdf/canopen_system/canopen_system.urdf.xacro
[9.770s] -- Installing: /home/vboxuser/agv_ws/install/canopen_robot_control_example/share/canopen_robot_control_example/urdf/canopen_system/canopen_system.ros2_control.xacro
[9.773s] -- Installing: /home/vboxuser/agv_ws/install/canopen_robot_control_example/share/canopen_robot_control_example/urdf/cia402_system
[9.773s] -- Installing: /home/vboxuser/agv_ws/install/canopen_robot_control_example/share/canopen_robot_control_example/urdf/cia402_system/cia402_system.urdf.xacro
[9.774s] -- Installing: /home/vboxuser/agv_ws/install/canopen_robot_control_example/share/canopen_robot_control_example/urdf/cia402_system/cia402_system.ros2_control.xacro
[9.774s] -- Installing: /home/vboxuser/agv_ws/install/canopen_robot_control_example/share/canopen_robot_control_example/urdf/robot_controller
[9.774s] -- Installing: /home/vboxuser/agv_ws/install/canopen_robot_control_example/share/canopen_robot_control_example/urdf/robot_controller/robot_controller.urdf.xacro
[9.775s] -- Installing: /home/vboxuser/agv_ws/install/canopen_robot_control_example/share/canopen_robot_control_example/urdf/robot_controller/robot_controller.macro.xacro
[9.778s] -- Installing: /home/vboxuser/agv_ws/install/canopen_robot_control_example/share/canopen_robot_control_example/urdf/robot_controller/robot_controller.ros2_control.xacro
[9.779s] -- Installing: /home/vboxuser/agv_ws/install/canopen_robot_control_example/share/ament_index/resource_index/package_run_dependencies/canopen_robot_control_example
[9.779s] -- Installing: /home/vboxuser/agv_ws/install/canopen_robot_control_example/share/ament_index/resource_index/parent_prefix_path/canopen_robot_control_example
[9.780s] -- Installing: /home/vboxuser/agv_ws/install/canopen_robot_control_example/share/canopen_robot_control_example/environment/ament_prefix_path.sh
[9.782s] -- Installing: /home/vboxuser/agv_ws/install/canopen_robot_control_example/share/canopen_robot_control_example/environment/ament_prefix_path.dsv
[9.783s] -- Installing: /home/vboxuser/agv_ws/install/canopen_robot_control_example/share/canopen_robot_control_example/environment/path.sh
[9.783s] -- Installing: /home/vboxuser/agv_ws/install/canopen_robot_control_example/share/canopen_robot_control_example/environment/path.dsv
[9.784s] -- Installing: /home/vboxuser/agv_ws/install/canopen_robot_control_example/share/canopen_robot_control_example/local_setup.bash
[9.784s] -- Installing: /home/vboxuser/agv_ws/install/canopen_robot_control_example/share/canopen_robot_control_example/local_setup.sh
[9.784s] -- Installing: /home/vboxuser/agv_ws/install/canopen_robot_control_example/share/canopen_robot_control_example/local_setup.zsh
[9.784s] -- Installing: /home/vboxuser/agv_ws/install/canopen_robot_control_example/share/canopen_robot_control_example/local_setup.dsv
[9.784s] -- Installing: /home/vboxuser/agv_ws/install/canopen_robot_control_example/share/canopen_robot_control_example/package.dsv
[9.786s] -- Installing: /home/vboxuser/agv_ws/install/canopen_robot_control_example/share/ament_index/resource_index/packages/canopen_robot_control_example
[9.786s] -- Installing: /home/vboxuser/agv_ws/install/canopen_robot_control_example/share/canopen_robot_control_example/cmake/canopen_robot_control_exampleConfig.cmake
[9.787s] -- Installing: /home/vboxuser/agv_ws/install/canopen_robot_control_example/share/canopen_robot_control_example/cmake/canopen_robot_control_exampleConfig-version.cmake
[9.789s] -- Installing: /home/vboxuser/agv_ws/install/canopen_robot_control_example/share/canopen_robot_control_example/package.xml
[9.794s] Invoked command in '/home/vboxuser/agv_ws/build/canopen_robot_control_example' returned '0': CMAKE_PREFIX_PATH=/home/vboxuser/agv_ws/install/canopen:/home/vboxuser/agv_ws/install/canopen_402_driver:/home/vboxuser/agv_ws/install/canopen_proxy_driver:/home/vboxuser/agv_ws/install/canopen_base_driver:/home/vboxuser/agv_ws/install/canopen_core:/home/vboxuser/agv_ws/install/lely_core_libraries:/home/vboxuser/agv_ws/install/canopen_interfaces:/home/vboxuser/agv_ws/install/my_simulation:/home/vboxuser/agv_ws/install/canopen_tests:/home/vboxuser/agv_ws/install/canopen_ros2_controllers:/home/vboxuser/agv_ws/install/canopen_ros2_control:/home/vboxuser/agv_ws/install/canopen_master_driver:/home/vboxuser/agv_ws/install/canopen_fake_slaves:/home/vboxuser/agv_ws/install/agv_py:/home/vboxuser/agv_ws/install/agv_controllers:/home/vboxuser/agv_ws/install/communication:/home/vboxuser/agv_ws/install/canopen_utils:/home/vboxuser/agv_ws/install/agv_py_functions:/home/vboxuser/install/my_py_pkg:/home/vboxuser/install/agv_py_functions:/home/vboxuser/bumperbot_ws/install/bumperbot_py_examples:/home/vboxuser/ros2_ws/install/my_py_pkg:/opt/ros/humble:/home/vboxuser/agv_ws/install/agv_controller:/home/vboxuser/agv_ws/install/agv:/home/vboxuser/install/agv:/home/vboxuser/bumperbot_ws/install/bumperbot_cpp_examples:/home/vboxuser/bumperbot_ws/install/bumperbot_msgs:/home/vboxuser/bumperbot_ws/install/bumperbot_description:/home/vboxuser/bumperbot_ws/install/bumperbot_controller:/home/vboxuser/ros2_ws/install/my_simulation LD_LIBRARY_PATH=/home/vboxuser/agv_ws/install/canopen_402_driver/lib:/home/vboxuser/agv_ws/install/canopen_proxy_driver/lib:/home/vboxuser/agv_ws/install/canopen_base_driver/lib:/home/vboxuser/agv_ws/install/canopen_core/lib:/home/vboxuser/agv_ws/install/lely_core_libraries/lib:/home/vboxuser/agv_ws/install/canopen_interfaces/lib:/home/vboxuser/agv_ws/install/canopen_ros2_controllers/lib:/home/vboxuser/agv_ws/install/canopen_ros2_control/lib:/home/vboxuser/agv_ws/install/canopen_master_driver/lib:/home/vboxuser/bumperbot_ws/install/bumperbot_msgs/lib:/usr/lib/x86_64-linux-gnu/gazebo-11/plugins:/opt/ros/humble/opt/rviz_ogre_vendor/lib:/opt/ros/humble/lib/x86_64-linux-gnu:/opt/ros/humble/lib PYTHONPATH=/home/vboxuser/agv_ws/install/lely_core_libraries/lib/python3.10/site-packages:/home/vboxuser/agv_ws/install/lely_core_libraries/local/lib/python3.10/dist-packages:/home/vboxuser/agv_ws/install/communication/lib/python3.10/site-packages:/home/vboxuser/agv_ws/install/canopen_utils/lib/python3.10/site-packages:/home/vboxuser/agv_ws/install/canopen_interfaces/local/lib/python3.10/dist-packages:/home/vboxuser/agv_ws/install/agv_py_functions/lib/python3.10/site-packages:/home/vboxuser/agv_ws/install/agv_py/lib/python3.10/site-packages:/home/vboxuser/agv_ws/install/agv/lib/python3.10/site-packages:/home/vboxuser/install/my_py_pkg/lib/python3.10/site-packages:/home/vboxuser/install/agv_py_functions/lib/python3.10/site-packages:/home/vboxuser/bumperbot_ws/install/bumperbot_py_examples/lib/python3.10/site-packages:/home/vboxuser/bumperbot_ws/install/bumperbot_msgs/local/lib/python3.10/dist-packages:/home/vboxuser/bumperbot_ws/install/bumperbot_controller/local/lib/python3.10/dist-packages:/home/vboxuser/ros2_ws/install/my_py_pkg/lib/python3.10/site-packages:/opt/ros/humble/lib/python3.10/site-packages:/opt/ros/humble/local/lib/python3.10/dist-packages /usr/bin/cmake --install /home/vboxuser/agv_ws/build/canopen_robot_control_example
