[0.079s] Invoking command in '/home/vboxuser/agv_ws/build/agv_controller': /usr/bin/cmake --build /home/vboxuser/agv_ws/build/agv_controller -- -j4 -l4
[0.691s] -- Found ament_cmake: 1.3.8 (/opt/ros/humble/share/ament_cmake/cmake)
[0.691s] -- Found rclpy: 3.3.12 (/opt/ros/humble/share/rclpy/cmake)
[0.691s] -- Found std_msgs: 4.2.3 (/opt/ros/humble/share/std_msgs/cmake)
[0.691s] -- Found rosidl_generator_c: 3.1.5 (/opt/ros/humble/share/rosidl_generator_c/cmake)
[0.691s] -- Found rosidl_adapter: 3.1.5 (/opt/ros/humble/share/rosidl_adapter/cmake)
[0.693s] -- Found rosidl_generator_cpp: 3.1.5 (/opt/ros/humble/share/rosidl_generator_cpp/cmake)
[0.695s] -- Using all available rosidl_typesupport_c: rosidl_typesupport_fastrtps_c;rosidl_typesupport_introspection_c
[0.695s] -- Using all available rosidl_typesupport_cpp: rosidl_typesupport_fastrtps_cpp;rosidl_typesupport_introspection_cpp
[0.695s] -- Found geometry_msgs: 4.2.3 (/opt/ros/humble/share/geometry_msgs/cmake)
[0.765s] -- Found ament_lint_auto: 0.12.10 (/opt/ros/humble/share/ament_lint_auto/cmake)
[0.919s] -- Added test 'flake8' to check Python code syntax and style conventions
[0.919s] -- Added test 'lint_cmake' to check CMake code style
[0.920s] -- Added test 'pep257' to check Python code against some of the docstring style conventions in PEP 257
[0.922s] -- Added test 'xmllint' to check XML markup files
[0.923s] -- Configuring done
[0.930s] -- Generating done
[0.935s] -- Build files have been written to: /home/vboxuser/agv_ws/build/agv_controller
[1.286s] Invoked command in '/home/vboxuser/agv_ws/build/agv_controller' returned '0': /usr/bin/cmake --build /home/vboxuser/agv_ws/build/agv_controller -- -j4 -l4
[1.357s] Invoking command in '/home/vboxuser/agv_ws/build/agv_controller': /usr/bin/cmake --install /home/vboxuser/agv_ws/build/agv_controller
[1.373s] -- Install configuration: ""
[1.373s] -- Up-to-date: /home/vboxuser/agv_ws/install/agv_controller/share/agv_controller/config
[1.374s] -- Up-to-date: /home/vboxuser/agv_ws/install/agv_controller/share/agv_controller/config/agv_controller.yaml
[1.374s] -- Up-to-date: /home/vboxuser/agv_ws/install/agv_controller/share/agv_controller/launch
[1.374s] -- Up-to-date: /home/vboxuser/agv_ws/install/agv_controller/share/agv_controller/launch/controller.launch.py
[1.375s] -- Up-to-date: /home/vboxuser/agv_ws/install/agv_controller/lib/agv_controller/simple_controller.py
[1.376s] -- Installing: /home/vboxuser/agv_ws/install/agv_controller/share/ament_index/resource_index/package_run_dependencies/agv_controller
[1.376s] -- Up-to-date: /home/vboxuser/agv_ws/install/agv_controller/share/ament_index/resource_index/parent_prefix_path/agv_controller
[1.377s] -- Up-to-date: /home/vboxuser/agv_ws/install/agv_controller/share/agv_controller/environment/ament_prefix_path.sh
[1.377s] -- Installing: /home/vboxuser/agv_ws/install/agv_controller/share/agv_controller/environment/ament_prefix_path.dsv
[1.377s] -- Up-to-date: /home/vboxuser/agv_ws/install/agv_controller/share/agv_controller/environment/path.sh
[1.378s] -- Installing: /home/vboxuser/agv_ws/install/agv_controller/share/agv_controller/environment/path.dsv
[1.378s] -- Up-to-date: /home/vboxuser/agv_ws/install/agv_controller/share/agv_controller/local_setup.bash
[1.378s] -- Up-to-date: /home/vboxuser/agv_ws/install/agv_controller/share/agv_controller/local_setup.sh
[1.379s] -- Up-to-date: /home/vboxuser/agv_ws/install/agv_controller/share/agv_controller/local_setup.zsh
[1.379s] -- Installing: /home/vboxuser/agv_ws/install/agv_controller/share/agv_controller/local_setup.dsv
[1.380s] -- Installing: /home/vboxuser/agv_ws/install/agv_controller/share/agv_controller/package.dsv
[1.390s] -- Up-to-date: /home/vboxuser/agv_ws/install/agv_controller/share/ament_index/resource_index/packages/agv_controller
[1.391s] -- Up-to-date: /home/vboxuser/agv_ws/install/agv_controller/share/agv_controller/cmake/agv_controllerConfig.cmake
[1.391s] -- Up-to-date: /home/vboxuser/agv_ws/install/agv_controller/share/agv_controller/cmake/agv_controllerConfig-version.cmake
[1.391s] -- Installing: /home/vboxuser/agv_ws/install/agv_controller/share/agv_controller/package.xml
[1.405s] Invoked command in '/home/vboxuser/agv_ws/build/agv_controller' returned '0': /usr/bin/cmake --install /home/vboxuser/agv_ws/build/agv_controller
