[1.240s] Invoking command in '/home/vboxuser/agv_ws/src/agv_py_functions': PYTHONPATH=/home/vboxuser/agv_ws/build/agv_py_functions/prefix_override:/home/vboxuser/agv_ws/install/agv_py_functions/lib/python3.10/site-packages:${PYTHONPATH} /usr/bin/python3 -W ignore:setup.py install is deprecated setup.py egg_info --egg-base ../../build/agv_py_functions build --build-base /home/vboxuser/agv_ws/build/agv_py_functions/build install --record /home/vboxuser/agv_ws/build/agv_py_functions/install.log --single-version-externally-managed install_data
[1.714s] running egg_info
[1.718s] writing ../../build/agv_py_functions/agv_py_functions.egg-info/PKG-INFO
[1.718s] writing dependency_links to ../../build/agv_py_functions/agv_py_functions.egg-info/dependency_links.txt
[1.718s] writing entry points to ../../build/agv_py_functions/agv_py_functions.egg-info/entry_points.txt
[1.719s] writing requirements to ../../build/agv_py_functions/agv_py_functions.egg-info/requires.txt
[1.719s] writing top-level names to ../../build/agv_py_functions/agv_py_functions.egg-info/top_level.txt
[1.720s] reading manifest file '../../build/agv_py_functions/agv_py_functions.egg-info/SOURCES.txt'
[1.721s] writing manifest file '../../build/agv_py_functions/agv_py_functions.egg-info/SOURCES.txt'
[1.721s] running build
[1.721s] running build_py
[1.722s] copying agv_py_functions/set_wheel_speed_client.py -> /home/vboxuser/agv_ws/build/agv_py_functions/build/lib/agv_py_functions
[1.723s] running install
[1.723s] running install_lib
[1.725s] copying /home/vboxuser/agv_ws/build/agv_py_functions/build/lib/agv_py_functions/set_wheel_speed_client.py -> /home/vboxuser/agv_ws/install/agv_py_functions/lib/python3.10/site-packages/agv_py_functions
[1.726s] byte-compiling /home/vboxuser/agv_ws/install/agv_py_functions/lib/python3.10/site-packages/agv_py_functions/set_wheel_speed_client.py to set_wheel_speed_client.cpython-310.pyc
[1.727s] running install_data
[1.727s] running install_egg_info
[1.730s] removing '/home/vboxuser/agv_ws/install/agv_py_functions/lib/python3.10/site-packages/agv_py_functions-0.0.0-py3.10.egg-info' (and everything under it)
[1.730s] Copying ../../build/agv_py_functions/agv_py_functions.egg-info to /home/vboxuser/agv_ws/install/agv_py_functions/lib/python3.10/site-packages/agv_py_functions-0.0.0-py3.10.egg-info
[1.731s] running install_scripts
[1.768s] Installing canbus_velocity_publisher script to /home/vboxuser/agv_ws/install/agv_py_functions/lib/agv_py_functions
[1.769s] Installing simple_parameter script to /home/vboxuser/agv_ws/install/agv_py_functions/lib/agv_py_functions
[1.769s] Installing simple_publisher script to /home/vboxuser/agv_ws/install/agv_py_functions/lib/agv_py_functions
[1.770s] Installing simple_subscriber script to /home/vboxuser/agv_ws/install/agv_py_functions/lib/agv_py_functions
[1.770s] Installing velocity_input script to /home/vboxuser/agv_ws/install/agv_py_functions/lib/agv_py_functions
[1.770s] Installing wheel_speed_node script to /home/vboxuser/agv_ws/install/agv_py_functions/lib/agv_py_functions
[1.770s] Installing wheel_speed_publisher script to /home/vboxuser/agv_ws/install/agv_py_functions/lib/agv_py_functions
[1.771s] writing list of installed files to '/home/vboxuser/agv_ws/build/agv_py_functions/install.log'
[1.807s] Invoked command in '/home/vboxuser/agv_ws/src/agv_py_functions' returned '0': PYTHONPATH=/home/vboxuser/agv_ws/build/agv_py_functions/prefix_override:/home/vboxuser/agv_ws/install/agv_py_functions/lib/python3.10/site-packages:${PYTHONPATH} /usr/bin/python3 -W ignore:setup.py install is deprecated setup.py egg_info --egg-base ../../build/agv_py_functions build --build-base /home/vboxuser/agv_ws/build/agv_py_functions/build install --record /home/vboxuser/agv_ws/build/agv_py_functions/install.log --single-version-externally-managed install_data
