[1.815s] DEBUG:colcon:Command line arguments: ['/usr/bin/colcon', 'build']
[1.816s] DEBUG:colcon:Parsed command line arguments: Namespace(log_base=None, log_level=None, verb_name='build', build_base='build', install_base='install', merge_install=False, symlink_install=False, test_result_base=None, continue_on_error=False, executor='parallel', parallel_workers=4, event_handlers=None, ignore_user_meta=False, metas=['./colcon.meta'], base_paths=['.'], packages_ignore=None, packages_ignore_regex=None, paths=None, packages_up_to=None, packages_up_to_regex=None, packages_above=None, packages_above_and_dependencies=None, packages_above_depth=None, packages_select_by_dep=None, packages_skip_by_dep=None, packages_skip_up_to=None, packages_select_build_failed=False, packages_skip_build_finished=False, packages_select_test_failures=False, packages_skip_test_passed=False, packages_select=None, packages_skip=None, packages_select_regex=None, packages_skip_regex=None, packages_start=None, packages_end=None, allow_overriding=[], cmake_args=None, cmake_target=None, cmake_target_skip_unavailable=False, cmake_clean_cache=False, cmake_clean_first=False, cmake_force_configure=False, ament_cmake_args=None, catkin_cmake_args=None, catkin_skip_building_tests=False, verb_parser=<colcon_defaults.argument_parser.defaults.DefaultArgumentsDecorator object at 0x7f8a6a7a6440>, verb_extension=<colcon_core.verb.build.BuildVerb object at 0x7f8a6a7a7700>, main=<bound method BuildVerb.main of <colcon_core.verb.build.BuildVerb object at 0x7f8a6a7a7700>>)
[1.892s] Level 1:colcon.colcon_core.package_discovery:discover_packages(colcon_meta) check parameters
[1.893s] Level 1:colcon.colcon_core.package_discovery:discover_packages(recursive) check parameters
[1.893s] Level 1:colcon.colcon_core.package_discovery:discover_packages(ignore) check parameters
[1.893s] Level 1:colcon.colcon_core.package_discovery:discover_packages(path) check parameters
[1.893s] Level 1:colcon.colcon_core.package_discovery:discover_packages(colcon_meta) discover
[1.893s] Level 1:colcon.colcon_core.package_discovery:discover_packages(recursive) discover
[1.893s] INFO:colcon.colcon_core.package_discovery:Crawling recursively for packages in '/home/vboxuser/agv_ws'
[1.893s] Level 1:colcon.colcon_core.package_identification:_identify(.) by extensions ['ignore', 'ignore_ament_install']
[1.893s] Level 1:colcon.colcon_core.package_identification:_identify(.) by extension 'ignore'
[1.893s] Level 1:colcon.colcon_core.package_identification:_identify(.) by extension 'ignore_ament_install'
[1.893s] Level 1:colcon.colcon_core.package_identification:_identify(.) by extensions ['colcon_pkg']
[1.894s] Level 1:colcon.colcon_core.package_identification:_identify(.) by extension 'colcon_pkg'
[1.894s] Level 1:colcon.colcon_core.package_identification:_identify(.) by extensions ['colcon_meta']
[1.894s] Level 1:colcon.colcon_core.package_identification:_identify(.) by extension 'colcon_meta'
[1.894s] Level 1:colcon.colcon_core.package_identification:_identify(.) by extensions ['ros']
[1.894s] Level 1:colcon.colcon_core.package_identification:_identify(.) by extension 'ros'
[1.911s] Level 1:colcon.colcon_core.package_identification:_identify(.) by extensions ['cmake', 'python']
[1.912s] Level 1:colcon.colcon_core.package_identification:_identify(.) by extension 'cmake'
[1.912s] Level 1:colcon.colcon_core.package_identification:_identify(.) by extension 'python'
[1.912s] Level 1:colcon.colcon_core.package_identification:_identify(.) by extensions ['python_setup_py']
[1.912s] Level 1:colcon.colcon_core.package_identification:_identify(.) by extension 'python_setup_py'
[1.912s] Level 1:colcon.colcon_core.package_identification:_identify(build) by extensions ['ignore', 'ignore_ament_install']
[1.912s] Level 1:colcon.colcon_core.package_identification:_identify(build) by extension 'ignore'
[1.912s] Level 1:colcon.colcon_core.package_identification:_identify(build) ignored
[1.912s] Level 1:colcon.colcon_core.package_identification:_identify(install) by extensions ['ignore', 'ignore_ament_install']
[1.913s] Level 1:colcon.colcon_core.package_identification:_identify(install) by extension 'ignore'
[1.913s] Level 1:colcon.colcon_core.package_identification:_identify(install) ignored
[1.913s] Level 1:colcon.colcon_core.package_identification:_identify(log) by extensions ['ignore', 'ignore_ament_install']
[1.913s] Level 1:colcon.colcon_core.package_identification:_identify(log) by extension 'ignore'
[1.913s] Level 1:colcon.colcon_core.package_identification:_identify(log) ignored
[1.913s] Level 1:colcon.colcon_core.package_identification:_identify(src) by extensions ['ignore', 'ignore_ament_install']
[1.913s] Level 1:colcon.colcon_core.package_identification:_identify(src) by extension 'ignore'
[1.913s] Level 1:colcon.colcon_core.package_identification:_identify(src) by extension 'ignore_ament_install'
[1.914s] Level 1:colcon.colcon_core.package_identification:_identify(src) by extensions ['colcon_pkg']
[1.914s] Level 1:colcon.colcon_core.package_identification:_identify(src) by extension 'colcon_pkg'
[1.914s] Level 1:colcon.colcon_core.package_identification:_identify(src) by extensions ['colcon_meta']
[1.914s] Level 1:colcon.colcon_core.package_identification:_identify(src) by extension 'colcon_meta'
[1.914s] Level 1:colcon.colcon_core.package_identification:_identify(src) by extensions ['ros']
[1.914s] Level 1:colcon.colcon_core.package_identification:_identify(src) by extension 'ros'
[1.914s] Level 1:colcon.colcon_core.package_identification:_identify(src) by extensions ['cmake', 'python']
[1.914s] Level 1:colcon.colcon_core.package_identification:_identify(src) by extension 'cmake'
[1.914s] Level 1:colcon.colcon_core.package_identification:_identify(src) by extension 'python'
[1.914s] Level 1:colcon.colcon_core.package_identification:_identify(src) by extensions ['python_setup_py']
[1.914s] Level 1:colcon.colcon_core.package_identification:_identify(src) by extension 'python_setup_py'
[1.914s] Level 1:colcon.colcon_core.package_identification:_identify(src/agv) by extensions ['ignore', 'ignore_ament_install']
[1.914s] Level 1:colcon.colcon_core.package_identification:_identify(src/agv) by extension 'ignore'
[1.915s] Level 1:colcon.colcon_core.package_identification:_identify(src/agv) by extension 'ignore_ament_install'
[1.915s] Level 1:colcon.colcon_core.package_identification:_identify(src/agv) by extensions ['colcon_pkg']
[1.915s] Level 1:colcon.colcon_core.package_identification:_identify(src/agv) by extension 'colcon_pkg'
[1.915s] Level 1:colcon.colcon_core.package_identification:_identify(src/agv) by extensions ['colcon_meta']
[1.915s] Level 1:colcon.colcon_core.package_identification:_identify(src/agv) by extension 'colcon_meta'
[1.915s] Level 1:colcon.colcon_core.package_identification:_identify(src/agv) by extensions ['ros']
[1.915s] Level 1:colcon.colcon_core.package_identification:_identify(src/agv) by extension 'ros'
[1.918s] DEBUG:colcon.colcon_core.package_identification:Package 'src/agv' with type 'ros.ament_cmake' and name 'agv'
[1.919s] Level 1:colcon.colcon_core.package_identification:_identify(src/agv_controller) by extensions ['ignore', 'ignore_ament_install']
[1.919s] Level 1:colcon.colcon_core.package_identification:_identify(src/agv_controller) by extension 'ignore'
[1.919s] Level 1:colcon.colcon_core.package_identification:_identify(src/agv_controller) by extension 'ignore_ament_install'
[1.919s] Level 1:colcon.colcon_core.package_identification:_identify(src/agv_controller) by extensions ['colcon_pkg']
[1.919s] Level 1:colcon.colcon_core.package_identification:_identify(src/agv_controller) by extension 'colcon_pkg'
[1.919s] Level 1:colcon.colcon_core.package_identification:_identify(src/agv_controller) by extensions ['colcon_meta']
[1.919s] Level 1:colcon.colcon_core.package_identification:_identify(src/agv_controller) by extension 'colcon_meta'
[1.919s] Level 1:colcon.colcon_core.package_identification:_identify(src/agv_controller) by extensions ['ros']
[1.919s] Level 1:colcon.colcon_core.package_identification:_identify(src/agv_controller) by extension 'ros'
[1.921s] DEBUG:colcon.colcon_core.package_identification:Package 'src/agv_controller' with type 'ros.ament_cmake' and name 'agv_controller'
[1.921s] Level 1:colcon.colcon_core.package_identification:_identify(src/agv_py_functions) by extensions ['ignore', 'ignore_ament_install']
[1.921s] Level 1:colcon.colcon_core.package_identification:_identify(src/agv_py_functions) by extension 'ignore'
[1.921s] Level 1:colcon.colcon_core.package_identification:_identify(src/agv_py_functions) by extension 'ignore_ament_install'
[1.921s] Level 1:colcon.colcon_core.package_identification:_identify(src/agv_py_functions) by extensions ['colcon_pkg']
[1.921s] Level 1:colcon.colcon_core.package_identification:_identify(src/agv_py_functions) by extension 'colcon_pkg'
[1.921s] Level 1:colcon.colcon_core.package_identification:_identify(src/agv_py_functions) by extensions ['colcon_meta']
[1.921s] Level 1:colcon.colcon_core.package_identification:_identify(src/agv_py_functions) by extension 'colcon_meta'
[1.921s] Level 1:colcon.colcon_core.package_identification:_identify(src/agv_py_functions) by extensions ['ros']
[1.921s] Level 1:colcon.colcon_core.package_identification:_identify(src/agv_py_functions) by extension 'ros'
[1.922s] DEBUG:colcon.colcon_core.package_identification:Package 'src/agv_py_functions' with type 'ros.ament_python' and name 'agv_py_functions'
[1.922s] Level 1:colcon.colcon_core.package_identification:_identify(src/build) by extensions ['ignore', 'ignore_ament_install']
[1.923s] Level 1:colcon.colcon_core.package_identification:_identify(src/build) by extension 'ignore'
[1.923s] Level 1:colcon.colcon_core.package_identification:_identify(src/build) ignored
[1.923s] Level 1:colcon.colcon_core.package_identification:_identify(src/communication) by extensions ['ignore', 'ignore_ament_install']
[1.923s] Level 1:colcon.colcon_core.package_identification:_identify(src/communication) by extension 'ignore'
[1.923s] Level 1:colcon.colcon_core.package_identification:_identify(src/communication) by extension 'ignore_ament_install'
[1.923s] Level 1:colcon.colcon_core.package_identification:_identify(src/communication) by extensions ['colcon_pkg']
[1.923s] Level 1:colcon.colcon_core.package_identification:_identify(src/communication) by extension 'colcon_pkg'
[1.923s] Level 1:colcon.colcon_core.package_identification:_identify(src/communication) by extensions ['colcon_meta']
[1.923s] Level 1:colcon.colcon_core.package_identification:_identify(src/communication) by extension 'colcon_meta'
[1.923s] Level 1:colcon.colcon_core.package_identification:_identify(src/communication) by extensions ['ros']
[1.923s] Level 1:colcon.colcon_core.package_identification:_identify(src/communication) by extension 'ros'
[1.925s] DEBUG:colcon.colcon_core.package_identification:Package 'src/communication' with type 'ros.ament_python' and name 'communication'
[1.925s] Level 1:colcon.colcon_core.package_identification:_identify(src/install) by extensions ['ignore', 'ignore_ament_install']
[1.925s] Level 1:colcon.colcon_core.package_identification:_identify(src/install) by extension 'ignore'
[1.925s] Level 1:colcon.colcon_core.package_identification:_identify(src/install) ignored
[1.925s] Level 1:colcon.colcon_core.package_identification:_identify(src/log) by extensions ['ignore', 'ignore_ament_install']
[1.925s] Level 1:colcon.colcon_core.package_identification:_identify(src/log) by extension 'ignore'
[1.925s] Level 1:colcon.colcon_core.package_identification:_identify(src/log) ignored
[1.925s] Level 1:colcon.colcon_core.package_identification:_identify(src/my_simulation) by extensions ['ignore', 'ignore_ament_install']
[1.926s] Level 1:colcon.colcon_core.package_identification:_identify(src/my_simulation) by extension 'ignore'
[1.926s] Level 1:colcon.colcon_core.package_identification:_identify(src/my_simulation) by extension 'ignore_ament_install'
[1.926s] Level 1:colcon.colcon_core.package_identification:_identify(src/my_simulation) by extensions ['colcon_pkg']
[1.926s] Level 1:colcon.colcon_core.package_identification:_identify(src/my_simulation) by extension 'colcon_pkg'
[1.926s] Level 1:colcon.colcon_core.package_identification:_identify(src/my_simulation) by extensions ['colcon_meta']
[1.926s] Level 1:colcon.colcon_core.package_identification:_identify(src/my_simulation) by extension 'colcon_meta'
[1.926s] Level 1:colcon.colcon_core.package_identification:_identify(src/my_simulation) by extensions ['ros']
[1.926s] Level 1:colcon.colcon_core.package_identification:_identify(src/my_simulation) by extension 'ros'
[1.927s] DEBUG:colcon.colcon_core.package_identification:Package 'src/my_simulation' with type 'ros.ament_cmake' and name 'my_simulation'
[1.927s] Level 1:colcon.colcon_core.package_discovery:discover_packages(recursive) using defaults
[1.927s] Level 1:colcon.colcon_core.package_discovery:discover_packages(ignore) discover
[1.927s] Level 1:colcon.colcon_core.package_discovery:discover_packages(ignore) using defaults
[1.927s] Level 1:colcon.colcon_core.package_discovery:discover_packages(path) discover
[1.927s] Level 1:colcon.colcon_core.package_discovery:discover_packages(path) using defaults
[2.083s] Level 1:colcon.colcon_core.package_discovery:discover_packages(prefix_path) check parameters
[2.083s] Level 1:colcon.colcon_core.package_discovery:discover_packages(prefix_path) discover
[2.135s] DEBUG:colcon.colcon_installed_package_information.package_discovery:Found 21 installed packages in /home/vboxuser/agv_ws/install
[2.161s] DEBUG:colcon.colcon_installed_package_information.package_discovery:Found 5 installed packages in /home/vboxuser/bumperbot_ws/install
[2.199s] DEBUG:colcon.colcon_installed_package_information.package_discovery:Found 2 installed packages in /home/vboxuser/ros2_ws/install
[2.232s] DEBUG:colcon.colcon_installed_package_information.package_discovery:Found 329 installed packages in /opt/ros/humble
[2.235s] Level 1:colcon.colcon_core.package_discovery:discover_packages(prefix_path) using defaults
[2.420s] Level 5:colcon.colcon_core.verb:set package 'agv' build argument 'cmake_args' from command line to 'None'
[2.420s] Level 5:colcon.colcon_core.verb:set package 'agv' build argument 'cmake_target' from command line to 'None'
[2.420s] Level 5:colcon.colcon_core.verb:set package 'agv' build argument 'cmake_target_skip_unavailable' from command line to 'False'
[2.420s] Level 5:colcon.colcon_core.verb:set package 'agv' build argument 'cmake_clean_cache' from command line to 'False'
[2.420s] Level 5:colcon.colcon_core.verb:set package 'agv' build argument 'cmake_clean_first' from command line to 'False'
[2.420s] Level 5:colcon.colcon_core.verb:set package 'agv' build argument 'cmake_force_configure' from command line to 'False'
[2.420s] Level 5:colcon.colcon_core.verb:set package 'agv' build argument 'ament_cmake_args' from command line to 'None'
[2.420s] Level 5:colcon.colcon_core.verb:set package 'agv' build argument 'catkin_cmake_args' from command line to 'None'
[2.420s] Level 5:colcon.colcon_core.verb:set package 'agv' build argument 'catkin_skip_building_tests' from command line to 'False'
[2.421s] DEBUG:colcon.colcon_core.verb:Building package 'agv' with the following arguments: {'ament_cmake_args': None, 'build_base': '/home/vboxuser/agv_ws/build/agv', 'catkin_cmake_args': None, 'catkin_skip_building_tests': False, 'cmake_args': None, 'cmake_clean_cache': False, 'cmake_clean_first': False, 'cmake_force_configure': False, 'cmake_target': None, 'cmake_target_skip_unavailable': False, 'install_base': '/home/vboxuser/agv_ws/install/agv', 'merge_install': False, 'path': '/home/vboxuser/agv_ws/src/agv', 'symlink_install': False, 'test_result_base': None}
[2.445s] Level 5:colcon.colcon_core.verb:set package 'agv_controller' build argument 'cmake_args' from command line to 'None'
[2.445s] Level 5:colcon.colcon_core.verb:set package 'agv_controller' build argument 'cmake_target' from command line to 'None'
[2.445s] Level 5:colcon.colcon_core.verb:set package 'agv_controller' build argument 'cmake_target_skip_unavailable' from command line to 'False'
[2.445s] Level 5:colcon.colcon_core.verb:set package 'agv_controller' build argument 'cmake_clean_cache' from command line to 'False'
[2.445s] Level 5:colcon.colcon_core.verb:set package 'agv_controller' build argument 'cmake_clean_first' from command line to 'False'
[2.445s] Level 5:colcon.colcon_core.verb:set package 'agv_controller' build argument 'cmake_force_configure' from command line to 'False'
[2.445s] Level 5:colcon.colcon_core.verb:set package 'agv_controller' build argument 'ament_cmake_args' from command line to 'None'
[2.445s] Level 5:colcon.colcon_core.verb:set package 'agv_controller' build argument 'catkin_cmake_args' from command line to 'None'
[2.445s] Level 5:colcon.colcon_core.verb:set package 'agv_controller' build argument 'catkin_skip_building_tests' from command line to 'False'
[2.445s] DEBUG:colcon.colcon_core.verb:Building package 'agv_controller' with the following arguments: {'ament_cmake_args': None, 'build_base': '/home/vboxuser/agv_ws/build/agv_controller', 'catkin_cmake_args': None, 'catkin_skip_building_tests': False, 'cmake_args': None, 'cmake_clean_cache': False, 'cmake_clean_first': False, 'cmake_force_configure': False, 'cmake_target': None, 'cmake_target_skip_unavailable': False, 'install_base': '/home/vboxuser/agv_ws/install/agv_controller', 'merge_install': False, 'path': '/home/vboxuser/agv_ws/src/agv_controller', 'symlink_install': False, 'test_result_base': None}
[2.470s] Level 5:colcon.colcon_core.verb:set package 'agv_py_functions' build argument 'cmake_args' from command line to 'None'
[2.470s] Level 5:colcon.colcon_core.verb:set package 'agv_py_functions' build argument 'cmake_target' from command line to 'None'
[2.470s] Level 5:colcon.colcon_core.verb:set package 'agv_py_functions' build argument 'cmake_target_skip_unavailable' from command line to 'False'
[2.470s] Level 5:colcon.colcon_core.verb:set package 'agv_py_functions' build argument 'cmake_clean_cache' from command line to 'False'
[2.470s] Level 5:colcon.colcon_core.verb:set package 'agv_py_functions' build argument 'cmake_clean_first' from command line to 'False'
[2.470s] Level 5:colcon.colcon_core.verb:set package 'agv_py_functions' build argument 'cmake_force_configure' from command line to 'False'
[2.470s] Level 5:colcon.colcon_core.verb:set package 'agv_py_functions' build argument 'ament_cmake_args' from command line to 'None'
[2.470s] Level 5:colcon.colcon_core.verb:set package 'agv_py_functions' build argument 'catkin_cmake_args' from command line to 'None'
[2.470s] Level 5:colcon.colcon_core.verb:set package 'agv_py_functions' build argument 'catkin_skip_building_tests' from command line to 'False'
[2.470s] DEBUG:colcon.colcon_core.verb:Building package 'agv_py_functions' with the following arguments: {'ament_cmake_args': None, 'build_base': '/home/vboxuser/agv_ws/build/agv_py_functions', 'catkin_cmake_args': None, 'catkin_skip_building_tests': False, 'cmake_args': None, 'cmake_clean_cache': False, 'cmake_clean_first': False, 'cmake_force_configure': False, 'cmake_target': None, 'cmake_target_skip_unavailable': False, 'install_base': '/home/vboxuser/agv_ws/install/agv_py_functions', 'merge_install': False, 'path': '/home/vboxuser/agv_ws/src/agv_py_functions', 'symlink_install': False, 'test_result_base': None}
[2.497s] Level 5:colcon.colcon_core.verb:set package 'communication' build argument 'cmake_args' from command line to 'None'
[2.497s] Level 5:colcon.colcon_core.verb:set package 'communication' build argument 'cmake_target' from command line to 'None'
[2.497s] Level 5:colcon.colcon_core.verb:set package 'communication' build argument 'cmake_target_skip_unavailable' from command line to 'False'
[2.497s] Level 5:colcon.colcon_core.verb:set package 'communication' build argument 'cmake_clean_cache' from command line to 'False'
[2.497s] Level 5:colcon.colcon_core.verb:set package 'communication' build argument 'cmake_clean_first' from command line to 'False'
[2.497s] Level 5:colcon.colcon_core.verb:set package 'communication' build argument 'cmake_force_configure' from command line to 'False'
[2.497s] Level 5:colcon.colcon_core.verb:set package 'communication' build argument 'ament_cmake_args' from command line to 'None'
[2.497s] Level 5:colcon.colcon_core.verb:set package 'communication' build argument 'catkin_cmake_args' from command line to 'None'
[2.497s] Level 5:colcon.colcon_core.verb:set package 'communication' build argument 'catkin_skip_building_tests' from command line to 'False'
[2.497s] DEBUG:colcon.colcon_core.verb:Building package 'communication' with the following arguments: {'ament_cmake_args': None, 'build_base': '/home/vboxuser/agv_ws/build/communication', 'catkin_cmake_args': None, 'catkin_skip_building_tests': False, 'cmake_args': None, 'cmake_clean_cache': False, 'cmake_clean_first': False, 'cmake_force_configure': False, 'cmake_target': None, 'cmake_target_skip_unavailable': False, 'install_base': '/home/vboxuser/agv_ws/install/communication', 'merge_install': False, 'path': '/home/vboxuser/agv_ws/src/communication', 'symlink_install': False, 'test_result_base': None}
[2.522s] Level 5:colcon.colcon_core.verb:set package 'my_simulation' build argument 'cmake_args' from command line to 'None'
[2.522s] Level 5:colcon.colcon_core.verb:set package 'my_simulation' build argument 'cmake_target' from command line to 'None'
[2.522s] Level 5:colcon.colcon_core.verb:set package 'my_simulation' build argument 'cmake_target_skip_unavailable' from command line to 'False'
[2.522s] Level 5:colcon.colcon_core.verb:set package 'my_simulation' build argument 'cmake_clean_cache' from command line to 'False'
[2.522s] Level 5:colcon.colcon_core.verb:set package 'my_simulation' build argument 'cmake_clean_first' from command line to 'False'
[2.523s] Level 5:colcon.colcon_core.verb:set package 'my_simulation' build argument 'cmake_force_configure' from command line to 'False'
[2.523s] Level 5:colcon.colcon_core.verb:set package 'my_simulation' build argument 'ament_cmake_args' from command line to 'None'
[2.523s] Level 5:colcon.colcon_core.verb:set package 'my_simulation' build argument 'catkin_cmake_args' from command line to 'None'
[2.523s] Level 5:colcon.colcon_core.verb:set package 'my_simulation' build argument 'catkin_skip_building_tests' from command line to 'False'
[2.523s] DEBUG:colcon.colcon_core.verb:Building package 'my_simulation' with the following arguments: {'ament_cmake_args': None, 'build_base': '/home/vboxuser/agv_ws/build/my_simulation', 'catkin_cmake_args': None, 'catkin_skip_building_tests': False, 'cmake_args': None, 'cmake_clean_cache': False, 'cmake_clean_first': False, 'cmake_force_configure': False, 'cmake_target': None, 'cmake_target_skip_unavailable': False, 'install_base': '/home/vboxuser/agv_ws/install/my_simulation', 'merge_install': False, 'path': '/home/vboxuser/agv_ws/src/my_simulation', 'symlink_install': False, 'test_result_base': None}
[2.547s] INFO:colcon.colcon_core.executor:Executing jobs using 'parallel' executor
[2.574s] DEBUG:colcon.colcon_parallel_executor.executor.parallel:run_until_complete
[2.574s] INFO:colcon.colcon_ros.task.ament_cmake.build:Building ROS package in '/home/vboxuser/agv_ws/src/agv' with build type 'ament_cmake'
[2.575s] INFO:colcon.colcon_cmake.task.cmake.build:Building CMake package in '/home/vboxuser/agv_ws/src/agv'
[2.606s] INFO:colcon.colcon_core.plugin_system:Skipping extension 'colcon_core.shell.bat': Not used on non-Windows systems
[2.606s] INFO:colcon.colcon_core.shell:Skip shell extension 'powershell' for command environment: Not usable outside of PowerShell
[2.607s] DEBUG:colcon.colcon_core.shell:Skip shell extension 'dsv' for command environment
[2.764s] INFO:colcon.colcon_ros.task.ament_cmake.build:Building ROS package in '/home/vboxuser/agv_ws/src/agv_controller' with build type 'ament_cmake'
[2.764s] INFO:colcon.colcon_cmake.task.cmake.build:Building CMake package in '/home/vboxuser/agv_ws/src/agv_controller'
[2.794s] INFO:colcon.colcon_core.shell:Skip shell extension 'powershell' for command environment: Not usable outside of PowerShell
[2.794s] DEBUG:colcon.colcon_core.shell:Skip shell extension 'dsv' for command environment
[2.960s] INFO:colcon.colcon_ros.task.ament_python.build:Building ROS package in '/home/vboxuser/agv_ws/src/agv_py_functions' with build type 'ament_python'
[2.960s] Level 1:colcon.colcon_core.shell:create_environment_hook('agv_py_functions', 'ament_prefix_path')
[2.989s] INFO:colcon.colcon_core.shell:Creating environment hook '/home/vboxuser/agv_ws/install/agv_py_functions/share/agv_py_functions/hook/ament_prefix_path.ps1'
[2.991s] INFO:colcon.colcon_core.shell:Creating environment descriptor '/home/vboxuser/agv_ws/install/agv_py_functions/share/agv_py_functions/hook/ament_prefix_path.dsv'
[2.991s] INFO:colcon.colcon_core.shell:Creating environment hook '/home/vboxuser/agv_ws/install/agv_py_functions/share/agv_py_functions/hook/ament_prefix_path.sh'
[3.026s] INFO:colcon.colcon_core.shell:Skip shell extension 'powershell' for command environment: Not usable outside of PowerShell
[3.027s] DEBUG:colcon.colcon_core.shell:Skip shell extension 'dsv' for command environment
[3.165s] INFO:colcon.colcon_ros.task.ament_python.build:Building ROS package in '/home/vboxuser/agv_ws/src/communication' with build type 'ament_python'
[3.166s] Level 1:colcon.colcon_core.shell:create_environment_hook('communication', 'ament_prefix_path')
[3.194s] INFO:colcon.colcon_core.shell:Creating environment hook '/home/vboxuser/agv_ws/install/communication/share/communication/hook/ament_prefix_path.ps1'
[3.195s] INFO:colcon.colcon_core.shell:Creating environment descriptor '/home/vboxuser/agv_ws/install/communication/share/communication/hook/ament_prefix_path.dsv'
[3.196s] INFO:colcon.colcon_core.shell:Creating environment hook '/home/vboxuser/agv_ws/install/communication/share/communication/hook/ament_prefix_path.sh'
[3.229s] INFO:colcon.colcon_core.shell:Skip shell extension 'powershell' for command environment: Not usable outside of PowerShell
[3.230s] DEBUG:colcon.colcon_core.shell:Skip shell extension 'dsv' for command environment
[3.378s] DEBUG:colcon.colcon_core.event_handler.log_command:Invoking command in '/home/vboxuser/agv_ws/build/agv': CMAKE_PREFIX_PATH=/home/vboxuser/agv_ws/install/my_simulation:/home/vboxuser/agv_ws/install/canopen_tests:/home/vboxuser/agv_ws/install/canopen_ros2_controllers:/home/vboxuser/agv_ws/install/canopen_ros2_control:/home/vboxuser/agv_ws/install/canopen:/home/vboxuser/agv_ws/install/canopen_402_driver:/home/vboxuser/agv_ws/install/canopen_proxy_driver:/home/vboxuser/agv_ws/install/canopen_master_driver:/home/vboxuser/agv_ws/install/canopen_fake_slaves:/home/vboxuser/agv_ws/install/canopen_base_driver:/home/vboxuser/agv_ws/install/canopen_core:/home/vboxuser/agv_ws/install/lely_core_libraries:/home/vboxuser/agv_ws/install/canopen_interfaces:/home/vboxuser/agv_ws/install/agv_py:/home/vboxuser/agv_ws/install/agv_controllers:/home/vboxuser/agv_ws/install/communication:/home/vboxuser/agv_ws/install/canopen_utils:/home/vboxuser/agv_ws/install/agv_py_functions:/home/vboxuser/bumperbot_ws/install/bumperbot_py_examples:/home/vboxuser/ros2_ws/install/my_py_pkg:/opt/ros/humble:/home/vboxuser/agv_ws/install/agv_controller:/home/vboxuser/agv_ws/install/agv:/home/vboxuser/bumperbot_ws/install/bumperbot_cpp_examples:/home/vboxuser/bumperbot_ws/install/bumperbot_msgs:/home/vboxuser/bumperbot_ws/install/bumperbot_description:/home/vboxuser/bumperbot_ws/install/bumperbot_controller:/home/vboxuser/ros2_ws/install/my_simulation /usr/bin/cmake --build /home/vboxuser/agv_ws/build/agv -- -j4 -l4
[3.383s] DEBUG:colcon.colcon_core.event_handler.log_command:Invoking command in '/home/vboxuser/agv_ws/build/agv_controller': CMAKE_PREFIX_PATH=/home/vboxuser/agv_ws/install/my_simulation:/home/vboxuser/agv_ws/install/canopen_tests:/home/vboxuser/agv_ws/install/canopen_ros2_controllers:/home/vboxuser/agv_ws/install/canopen_ros2_control:/home/vboxuser/agv_ws/install/canopen:/home/vboxuser/agv_ws/install/canopen_402_driver:/home/vboxuser/agv_ws/install/canopen_proxy_driver:/home/vboxuser/agv_ws/install/canopen_master_driver:/home/vboxuser/agv_ws/install/canopen_fake_slaves:/home/vboxuser/agv_ws/install/canopen_base_driver:/home/vboxuser/agv_ws/install/canopen_core:/home/vboxuser/agv_ws/install/lely_core_libraries:/home/vboxuser/agv_ws/install/canopen_interfaces:/home/vboxuser/agv_ws/install/agv_py:/home/vboxuser/agv_ws/install/agv_controllers:/home/vboxuser/agv_ws/install/communication:/home/vboxuser/agv_ws/install/canopen_utils:/home/vboxuser/agv_ws/install/agv_py_functions:/home/vboxuser/bumperbot_ws/install/bumperbot_py_examples:/home/vboxuser/ros2_ws/install/my_py_pkg:/opt/ros/humble:/home/vboxuser/agv_ws/install/agv_controller:/home/vboxuser/agv_ws/install/agv:/home/vboxuser/bumperbot_ws/install/bumperbot_cpp_examples:/home/vboxuser/bumperbot_ws/install/bumperbot_msgs:/home/vboxuser/bumperbot_ws/install/bumperbot_description:/home/vboxuser/bumperbot_ws/install/bumperbot_controller:/home/vboxuser/ros2_ws/install/my_simulation /usr/bin/cmake --build /home/vboxuser/agv_ws/build/agv_controller -- -j4 -l4
[3.906s] INFO:colcon.colcon_core.task.python.build:Building Python package in '/home/vboxuser/agv_ws/src/agv_py_functions'
[3.934s] INFO:colcon.colcon_core.shell:Skip shell extension 'powershell' for command environment: Not usable outside of PowerShell
[3.934s] DEBUG:colcon.colcon_core.shell:Skip shell extension 'dsv' for command environment
[4.589s] INFO:colcon.colcon_core.task.python.build:Building Python package in '/home/vboxuser/agv_ws/src/communication'
[4.614s] INFO:colcon.colcon_core.shell:Skip shell extension 'powershell' for command environment: Not usable outside of PowerShell
[4.615s] DEBUG:colcon.colcon_core.shell:Skip shell extension 'dsv' for command environment
[4.768s] DEBUG:colcon.colcon_core.event_handler.log_command:Invoked command in '/home/vboxuser/agv_ws/build/agv' returned '0': CMAKE_PREFIX_PATH=/home/vboxuser/agv_ws/install/my_simulation:/home/vboxuser/agv_ws/install/canopen_tests:/home/vboxuser/agv_ws/install/canopen_ros2_controllers:/home/vboxuser/agv_ws/install/canopen_ros2_control:/home/vboxuser/agv_ws/install/canopen:/home/vboxuser/agv_ws/install/canopen_402_driver:/home/vboxuser/agv_ws/install/canopen_proxy_driver:/home/vboxuser/agv_ws/install/canopen_master_driver:/home/vboxuser/agv_ws/install/canopen_fake_slaves:/home/vboxuser/agv_ws/install/canopen_base_driver:/home/vboxuser/agv_ws/install/canopen_core:/home/vboxuser/agv_ws/install/lely_core_libraries:/home/vboxuser/agv_ws/install/canopen_interfaces:/home/vboxuser/agv_ws/install/agv_py:/home/vboxuser/agv_ws/install/agv_controllers:/home/vboxuser/agv_ws/install/communication:/home/vboxuser/agv_ws/install/canopen_utils:/home/vboxuser/agv_ws/install/agv_py_functions:/home/vboxuser/bumperbot_ws/install/bumperbot_py_examples:/home/vboxuser/ros2_ws/install/my_py_pkg:/opt/ros/humble:/home/vboxuser/agv_ws/install/agv_controller:/home/vboxuser/agv_ws/install/agv:/home/vboxuser/bumperbot_ws/install/bumperbot_cpp_examples:/home/vboxuser/bumperbot_ws/install/bumperbot_msgs:/home/vboxuser/bumperbot_ws/install/bumperbot_description:/home/vboxuser/bumperbot_ws/install/bumperbot_controller:/home/vboxuser/ros2_ws/install/my_simulation /usr/bin/cmake --build /home/vboxuser/agv_ws/build/agv -- -j4 -l4
[4.777s] DEBUG:colcon.colcon_core.event_handler.log_command:Invoked command in '/home/vboxuser/agv_ws/build/agv_controller' returned '0': CMAKE_PREFIX_PATH=/home/vboxuser/agv_ws/install/my_simulation:/home/vboxuser/agv_ws/install/canopen_tests:/home/vboxuser/agv_ws/install/canopen_ros2_controllers:/home/vboxuser/agv_ws/install/canopen_ros2_control:/home/vboxuser/agv_ws/install/canopen:/home/vboxuser/agv_ws/install/canopen_402_driver:/home/vboxuser/agv_ws/install/canopen_proxy_driver:/home/vboxuser/agv_ws/install/canopen_master_driver:/home/vboxuser/agv_ws/install/canopen_fake_slaves:/home/vboxuser/agv_ws/install/canopen_base_driver:/home/vboxuser/agv_ws/install/canopen_core:/home/vboxuser/agv_ws/install/lely_core_libraries:/home/vboxuser/agv_ws/install/canopen_interfaces:/home/vboxuser/agv_ws/install/agv_py:/home/vboxuser/agv_ws/install/agv_controllers:/home/vboxuser/agv_ws/install/communication:/home/vboxuser/agv_ws/install/canopen_utils:/home/vboxuser/agv_ws/install/agv_py_functions:/home/vboxuser/bumperbot_ws/install/bumperbot_py_examples:/home/vboxuser/ros2_ws/install/my_py_pkg:/opt/ros/humble:/home/vboxuser/agv_ws/install/agv_controller:/home/vboxuser/agv_ws/install/agv:/home/vboxuser/bumperbot_ws/install/bumperbot_cpp_examples:/home/vboxuser/bumperbot_ws/install/bumperbot_msgs:/home/vboxuser/bumperbot_ws/install/bumperbot_description:/home/vboxuser/bumperbot_ws/install/bumperbot_controller:/home/vboxuser/ros2_ws/install/my_simulation /usr/bin/cmake --build /home/vboxuser/agv_ws/build/agv_controller -- -j4 -l4
[4.825s] DEBUG:colcon.colcon_core.event_handler.log_command:Invoking command in '/home/vboxuser/agv_ws/build/agv': CMAKE_PREFIX_PATH=/home/vboxuser/agv_ws/install/my_simulation:/home/vboxuser/agv_ws/install/canopen_tests:/home/vboxuser/agv_ws/install/canopen_ros2_controllers:/home/vboxuser/agv_ws/install/canopen_ros2_control:/home/vboxuser/agv_ws/install/canopen:/home/vboxuser/agv_ws/install/canopen_402_driver:/home/vboxuser/agv_ws/install/canopen_proxy_driver:/home/vboxuser/agv_ws/install/canopen_master_driver:/home/vboxuser/agv_ws/install/canopen_fake_slaves:/home/vboxuser/agv_ws/install/canopen_base_driver:/home/vboxuser/agv_ws/install/canopen_core:/home/vboxuser/agv_ws/install/lely_core_libraries:/home/vboxuser/agv_ws/install/canopen_interfaces:/home/vboxuser/agv_ws/install/agv_py:/home/vboxuser/agv_ws/install/agv_controllers:/home/vboxuser/agv_ws/install/communication:/home/vboxuser/agv_ws/install/canopen_utils:/home/vboxuser/agv_ws/install/agv_py_functions:/home/vboxuser/bumperbot_ws/install/bumperbot_py_examples:/home/vboxuser/ros2_ws/install/my_py_pkg:/opt/ros/humble:/home/vboxuser/agv_ws/install/agv_controller:/home/vboxuser/agv_ws/install/agv:/home/vboxuser/bumperbot_ws/install/bumperbot_cpp_examples:/home/vboxuser/bumperbot_ws/install/bumperbot_msgs:/home/vboxuser/bumperbot_ws/install/bumperbot_description:/home/vboxuser/bumperbot_ws/install/bumperbot_controller:/home/vboxuser/ros2_ws/install/my_simulation /usr/bin/cmake --install /home/vboxuser/agv_ws/build/agv
[4.837s] DEBUG:colcon.colcon_core.event_handler.log_command:Invoking command in '/home/vboxuser/agv_ws/build/agv_controller': CMAKE_PREFIX_PATH=/home/vboxuser/agv_ws/install/my_simulation:/home/vboxuser/agv_ws/install/canopen_tests:/home/vboxuser/agv_ws/install/canopen_ros2_controllers:/home/vboxuser/agv_ws/install/canopen_ros2_control:/home/vboxuser/agv_ws/install/canopen:/home/vboxuser/agv_ws/install/canopen_402_driver:/home/vboxuser/agv_ws/install/canopen_proxy_driver:/home/vboxuser/agv_ws/install/canopen_master_driver:/home/vboxuser/agv_ws/install/canopen_fake_slaves:/home/vboxuser/agv_ws/install/canopen_base_driver:/home/vboxuser/agv_ws/install/canopen_core:/home/vboxuser/agv_ws/install/lely_core_libraries:/home/vboxuser/agv_ws/install/canopen_interfaces:/home/vboxuser/agv_ws/install/agv_py:/home/vboxuser/agv_ws/install/agv_controllers:/home/vboxuser/agv_ws/install/communication:/home/vboxuser/agv_ws/install/canopen_utils:/home/vboxuser/agv_ws/install/agv_py_functions:/home/vboxuser/bumperbot_ws/install/bumperbot_py_examples:/home/vboxuser/ros2_ws/install/my_py_pkg:/opt/ros/humble:/home/vboxuser/agv_ws/install/agv_controller:/home/vboxuser/agv_ws/install/agv:/home/vboxuser/bumperbot_ws/install/bumperbot_cpp_examples:/home/vboxuser/bumperbot_ws/install/bumperbot_msgs:/home/vboxuser/bumperbot_ws/install/bumperbot_description:/home/vboxuser/bumperbot_ws/install/bumperbot_controller:/home/vboxuser/ros2_ws/install/my_simulation /usr/bin/cmake --install /home/vboxuser/agv_ws/build/agv_controller
[4.856s] Level 1:colcon.colcon_core.environment:create_environment_scripts_only(agv)
[4.857s] DEBUG:colcon.colcon_core.event_handler.log_command:Invoked command in '/home/vboxuser/agv_ws/build/agv' returned '0': CMAKE_PREFIX_PATH=/home/vboxuser/agv_ws/install/my_simulation:/home/vboxuser/agv_ws/install/canopen_tests:/home/vboxuser/agv_ws/install/canopen_ros2_controllers:/home/vboxuser/agv_ws/install/canopen_ros2_control:/home/vboxuser/agv_ws/install/canopen:/home/vboxuser/agv_ws/install/canopen_402_driver:/home/vboxuser/agv_ws/install/canopen_proxy_driver:/home/vboxuser/agv_ws/install/canopen_master_driver:/home/vboxuser/agv_ws/install/canopen_fake_slaves:/home/vboxuser/agv_ws/install/canopen_base_driver:/home/vboxuser/agv_ws/install/canopen_core:/home/vboxuser/agv_ws/install/lely_core_libraries:/home/vboxuser/agv_ws/install/canopen_interfaces:/home/vboxuser/agv_ws/install/agv_py:/home/vboxuser/agv_ws/install/agv_controllers:/home/vboxuser/agv_ws/install/communication:/home/vboxuser/agv_ws/install/canopen_utils:/home/vboxuser/agv_ws/install/agv_py_functions:/home/vboxuser/bumperbot_ws/install/bumperbot_py_examples:/home/vboxuser/ros2_ws/install/my_py_pkg:/opt/ros/humble:/home/vboxuser/agv_ws/install/agv_controller:/home/vboxuser/agv_ws/install/agv:/home/vboxuser/bumperbot_ws/install/bumperbot_cpp_examples:/home/vboxuser/bumperbot_ws/install/bumperbot_msgs:/home/vboxuser/bumperbot_ws/install/bumperbot_description:/home/vboxuser/bumperbot_ws/install/bumperbot_controller:/home/vboxuser/ros2_ws/install/my_simulation /usr/bin/cmake --install /home/vboxuser/agv_ws/build/agv
[4.904s] Level 1:colcon.colcon_core.environment:checking '/home/vboxuser/agv_ws/install/agv' for CMake module files
[4.905s] Level 1:colcon.colcon_core.environment:checking '/home/vboxuser/agv_ws/install/agv' for CMake config files
[4.905s] Level 1:colcon.colcon_core.shell:create_environment_hook('agv', 'cmake_prefix_path')
[4.931s] INFO:colcon.colcon_core.shell:Creating environment hook '/home/vboxuser/agv_ws/install/agv/share/agv/hook/cmake_prefix_path.ps1'
[4.931s] INFO:colcon.colcon_core.shell:Creating environment descriptor '/home/vboxuser/agv_ws/install/agv/share/agv/hook/cmake_prefix_path.dsv'
[4.932s] INFO:colcon.colcon_core.shell:Creating environment hook '/home/vboxuser/agv_ws/install/agv/share/agv/hook/cmake_prefix_path.sh'
[4.933s] Level 1:colcon.colcon_core.environment:checking '/home/vboxuser/agv_ws/install/agv/lib'
[4.933s] Level 1:colcon.colcon_core.environment:checking '/home/vboxuser/agv_ws/install/agv/bin'
[4.933s] Level 1:colcon.colcon_core.environment:checking '/home/vboxuser/agv_ws/install/agv/lib/pkgconfig/agv.pc'
[4.934s] Level 1:colcon.colcon_core.environment:checking '/home/vboxuser/agv_ws/install/agv/lib/python3.10/site-packages'
[4.934s] Level 1:colcon.colcon_core.shell:create_environment_hook('agv', 'pythonpath')
[4.963s] INFO:colcon.colcon_core.shell:Creating environment hook '/home/vboxuser/agv_ws/install/agv/share/agv/hook/pythonpath.ps1'
[4.963s] INFO:colcon.colcon_core.shell:Creating environment descriptor '/home/vboxuser/agv_ws/install/agv/share/agv/hook/pythonpath.dsv'
[4.964s] INFO:colcon.colcon_core.shell:Creating environment hook '/home/vboxuser/agv_ws/install/agv/share/agv/hook/pythonpath.sh'
[4.966s] Level 1:colcon.colcon_core.environment:checking '/home/vboxuser/agv_ws/install/agv/bin'
[4.994s] INFO:colcon.colcon_core.shell:Creating package script '/home/vboxuser/agv_ws/install/agv/share/agv/package.ps1'
[4.996s] INFO:colcon.colcon_core.shell:Creating package descriptor '/home/vboxuser/agv_ws/install/agv/share/agv/package.dsv'
[4.997s] INFO:colcon.colcon_core.shell:Creating package script '/home/vboxuser/agv_ws/install/agv/share/agv/package.sh'
[4.998s] INFO:colcon.colcon_core.shell:Creating package script '/home/vboxuser/agv_ws/install/agv/share/agv/package.bash'
[5.000s] INFO:colcon.colcon_core.shell:Creating package script '/home/vboxuser/agv_ws/install/agv/share/agv/package.zsh'
[5.001s] Level 1:colcon.colcon_core.environment:create_file_with_runtime_dependencies(/home/vboxuser/agv_ws/install/agv/share/colcon-core/packages/agv)
[5.014s] Level 1:colcon.colcon_core.environment:create_environment_scripts_only(agv_controller)
[5.015s] DEBUG:colcon.colcon_core.event_handler.log_command:Invoked command in '/home/vboxuser/agv_ws/build/agv_controller' returned '0': CMAKE_PREFIX_PATH=/home/vboxuser/agv_ws/install/my_simulation:/home/vboxuser/agv_ws/install/canopen_tests:/home/vboxuser/agv_ws/install/canopen_ros2_controllers:/home/vboxuser/agv_ws/install/canopen_ros2_control:/home/vboxuser/agv_ws/install/canopen:/home/vboxuser/agv_ws/install/canopen_402_driver:/home/vboxuser/agv_ws/install/canopen_proxy_driver:/home/vboxuser/agv_ws/install/canopen_master_driver:/home/vboxuser/agv_ws/install/canopen_fake_slaves:/home/vboxuser/agv_ws/install/canopen_base_driver:/home/vboxuser/agv_ws/install/canopen_core:/home/vboxuser/agv_ws/install/lely_core_libraries:/home/vboxuser/agv_ws/install/canopen_interfaces:/home/vboxuser/agv_ws/install/agv_py:/home/vboxuser/agv_ws/install/agv_controllers:/home/vboxuser/agv_ws/install/communication:/home/vboxuser/agv_ws/install/canopen_utils:/home/vboxuser/agv_ws/install/agv_py_functions:/home/vboxuser/bumperbot_ws/install/bumperbot_py_examples:/home/vboxuser/ros2_ws/install/my_py_pkg:/opt/ros/humble:/home/vboxuser/agv_ws/install/agv_controller:/home/vboxuser/agv_ws/install/agv:/home/vboxuser/bumperbot_ws/install/bumperbot_cpp_examples:/home/vboxuser/bumperbot_ws/install/bumperbot_msgs:/home/vboxuser/bumperbot_ws/install/bumperbot_description:/home/vboxuser/bumperbot_ws/install/bumperbot_controller:/home/vboxuser/ros2_ws/install/my_simulation /usr/bin/cmake --install /home/vboxuser/agv_ws/build/agv_controller
[5.060s] Level 1:colcon.colcon_core.environment:checking '/home/vboxuser/agv_ws/install/agv_controller' for CMake module files
[5.061s] Level 1:colcon.colcon_core.environment:checking '/home/vboxuser/agv_ws/install/agv_controller' for CMake config files
[5.062s] Level 1:colcon.colcon_core.shell:create_environment_hook('agv_controller', 'cmake_prefix_path')
[5.089s] INFO:colcon.colcon_core.shell:Creating environment hook '/home/vboxuser/agv_ws/install/agv_controller/share/agv_controller/hook/cmake_prefix_path.ps1'
[5.090s] INFO:colcon.colcon_core.shell:Creating environment descriptor '/home/vboxuser/agv_ws/install/agv_controller/share/agv_controller/hook/cmake_prefix_path.dsv'
[5.090s] INFO:colcon.colcon_core.shell:Creating environment hook '/home/vboxuser/agv_ws/install/agv_controller/share/agv_controller/hook/cmake_prefix_path.sh'
[5.091s] Level 1:colcon.colcon_core.environment:checking '/home/vboxuser/agv_ws/install/agv_controller/lib'
[5.091s] Level 1:colcon.colcon_core.environment:checking '/home/vboxuser/agv_ws/install/agv_controller/bin'
[5.091s] Level 1:colcon.colcon_core.environment:checking '/home/vboxuser/agv_ws/install/agv_controller/lib/pkgconfig/agv_controller.pc'
[5.092s] Level 1:colcon.colcon_core.environment:checking '/home/vboxuser/agv_ws/install/agv_controller/lib/python3.10/site-packages'
[5.092s] Level 1:colcon.colcon_core.environment:checking '/home/vboxuser/agv_ws/install/agv_controller/bin'
[5.118s] INFO:colcon.colcon_core.shell:Creating package script '/home/vboxuser/agv_ws/install/agv_controller/share/agv_controller/package.ps1'
[5.119s] INFO:colcon.colcon_core.shell:Creating package descriptor '/home/vboxuser/agv_ws/install/agv_controller/share/agv_controller/package.dsv'
[5.119s] INFO:colcon.colcon_core.shell:Creating package script '/home/vboxuser/agv_ws/install/agv_controller/share/agv_controller/package.sh'
[5.120s] INFO:colcon.colcon_core.shell:Creating package script '/home/vboxuser/agv_ws/install/agv_controller/share/agv_controller/package.bash'
[5.120s] INFO:colcon.colcon_core.shell:Creating package script '/home/vboxuser/agv_ws/install/agv_controller/share/agv_controller/package.zsh'
[5.121s] Level 1:colcon.colcon_core.environment:create_file_with_runtime_dependencies(/home/vboxuser/agv_ws/install/agv_controller/share/colcon-core/packages/agv_controller)
[5.164s] Level 1:colcon.colcon_core.environment:create_environment_scripts_only(agv)
[5.192s] Level 1:colcon.colcon_core.environment:checking '/home/vboxuser/agv_ws/install/agv' for CMake module files
[5.193s] Level 1:colcon.colcon_core.environment:checking '/home/vboxuser/agv_ws/install/agv' for CMake config files
[5.194s] Level 1:colcon.colcon_core.shell:create_environment_hook('agv', 'cmake_prefix_path')
[5.221s] INFO:colcon.colcon_core.shell:Creating environment hook '/home/vboxuser/agv_ws/install/agv/share/agv/hook/cmake_prefix_path.ps1'
[5.222s] INFO:colcon.colcon_core.shell:Creating environment descriptor '/home/vboxuser/agv_ws/install/agv/share/agv/hook/cmake_prefix_path.dsv'
[5.222s] INFO:colcon.colcon_core.shell:Creating environment hook '/home/vboxuser/agv_ws/install/agv/share/agv/hook/cmake_prefix_path.sh'
[5.223s] Level 1:colcon.colcon_core.environment:checking '/home/vboxuser/agv_ws/install/agv/lib'
[5.223s] Level 1:colcon.colcon_core.environment:checking '/home/vboxuser/agv_ws/install/agv/bin'
[5.223s] Level 1:colcon.colcon_core.environment:checking '/home/vboxuser/agv_ws/install/agv/lib/pkgconfig/agv.pc'
[5.224s] Level 1:colcon.colcon_core.environment:checking '/home/vboxuser/agv_ws/install/agv/lib/python3.10/site-packages'
[5.224s] Level 1:colcon.colcon_core.shell:create_environment_hook('agv', 'pythonpath')
[5.258s] INFO:colcon.colcon_core.shell:Creating environment hook '/home/vboxuser/agv_ws/install/agv/share/agv/hook/pythonpath.ps1'
[5.260s] INFO:colcon.colcon_core.shell:Creating environment descriptor '/home/vboxuser/agv_ws/install/agv/share/agv/hook/pythonpath.dsv'
[5.260s] INFO:colcon.colcon_core.shell:Creating environment hook '/home/vboxuser/agv_ws/install/agv/share/agv/hook/pythonpath.sh'
[5.261s] Level 1:colcon.colcon_core.environment:checking '/home/vboxuser/agv_ws/install/agv/bin'
[5.293s] INFO:colcon.colcon_core.shell:Creating package script '/home/vboxuser/agv_ws/install/agv/share/agv/package.ps1'
[5.294s] INFO:colcon.colcon_core.shell:Creating package descriptor '/home/vboxuser/agv_ws/install/agv/share/agv/package.dsv'
[5.296s] INFO:colcon.colcon_core.shell:Creating package script '/home/vboxuser/agv_ws/install/agv/share/agv/package.sh'
[5.297s] INFO:colcon.colcon_core.shell:Creating package script '/home/vboxuser/agv_ws/install/agv/share/agv/package.bash'
[5.298s] INFO:colcon.colcon_core.shell:Creating package script '/home/vboxuser/agv_ws/install/agv/share/agv/package.zsh'
[5.299s] Level 1:colcon.colcon_core.environment:create_file_with_runtime_dependencies(/home/vboxuser/agv_ws/install/agv/share/colcon-core/packages/agv)
[5.301s] INFO:colcon.colcon_ros.task.ament_cmake.build:Building ROS package in '/home/vboxuser/agv_ws/src/my_simulation' with build type 'ament_cmake'
[5.301s] INFO:colcon.colcon_cmake.task.cmake.build:Building CMake package in '/home/vboxuser/agv_ws/src/my_simulation'
[5.332s] INFO:colcon.colcon_core.shell:Skip shell extension 'powershell' for command environment: Not usable outside of PowerShell
[5.332s] DEBUG:colcon.colcon_core.shell:Skip shell extension 'dsv' for command environment
[5.526s] Level 1:colcon.colcon_core.environment:create_environment_scripts_only(agv_controller)
[5.553s] Level 1:colcon.colcon_core.environment:checking '/home/vboxuser/agv_ws/install/agv_controller' for CMake module files
[5.554s] Level 1:colcon.colcon_core.environment:checking '/home/vboxuser/agv_ws/install/agv_controller' for CMake config files
[5.557s] Level 1:colcon.colcon_core.shell:create_environment_hook('agv_controller', 'cmake_prefix_path')
[5.599s] INFO:colcon.colcon_core.shell:Creating environment hook '/home/vboxuser/agv_ws/install/agv_controller/share/agv_controller/hook/cmake_prefix_path.ps1'
[5.601s] INFO:colcon.colcon_core.shell:Creating environment descriptor '/home/vboxuser/agv_ws/install/agv_controller/share/agv_controller/hook/cmake_prefix_path.dsv'
[5.603s] INFO:colcon.colcon_core.shell:Creating environment hook '/home/vboxuser/agv_ws/install/agv_controller/share/agv_controller/hook/cmake_prefix_path.sh'
[5.605s] Level 1:colcon.colcon_core.environment:checking '/home/vboxuser/agv_ws/install/agv_controller/lib'
[5.605s] Level 1:colcon.colcon_core.environment:checking '/home/vboxuser/agv_ws/install/agv_controller/bin'
[5.606s] Level 1:colcon.colcon_core.environment:checking '/home/vboxuser/agv_ws/install/agv_controller/lib/pkgconfig/agv_controller.pc'
[5.607s] Level 1:colcon.colcon_core.environment:checking '/home/vboxuser/agv_ws/install/agv_controller/lib/python3.10/site-packages'
[5.608s] Level 1:colcon.colcon_core.environment:checking '/home/vboxuser/agv_ws/install/agv_controller/bin'
[5.638s] INFO:colcon.colcon_core.shell:Creating package script '/home/vboxuser/agv_ws/install/agv_controller/share/agv_controller/package.ps1'
[5.640s] INFO:colcon.colcon_core.shell:Creating package descriptor '/home/vboxuser/agv_ws/install/agv_controller/share/agv_controller/package.dsv'
[5.642s] INFO:colcon.colcon_core.shell:Creating package script '/home/vboxuser/agv_ws/install/agv_controller/share/agv_controller/package.sh'
[5.644s] INFO:colcon.colcon_core.shell:Creating package script '/home/vboxuser/agv_ws/install/agv_controller/share/agv_controller/package.bash'
[5.645s] INFO:colcon.colcon_core.shell:Creating package script '/home/vboxuser/agv_ws/install/agv_controller/share/agv_controller/package.zsh'
[5.646s] Level 1:colcon.colcon_core.environment:create_file_with_runtime_dependencies(/home/vboxuser/agv_ws/install/agv_controller/share/colcon-core/packages/agv_controller)
[5.672s] DEBUG:colcon.colcon_core.event_handler.log_command:Invoking command in '/home/vboxuser/agv_ws/build/my_simulation': CMAKE_PREFIX_PATH=/home/vboxuser/agv_ws/install/my_simulation:/home/vboxuser/agv_ws/install/canopen_tests:/home/vboxuser/agv_ws/install/canopen_ros2_controllers:/home/vboxuser/agv_ws/install/canopen_ros2_control:/home/vboxuser/agv_ws/install/canopen:/home/vboxuser/agv_ws/install/canopen_402_driver:/home/vboxuser/agv_ws/install/canopen_proxy_driver:/home/vboxuser/agv_ws/install/canopen_master_driver:/home/vboxuser/agv_ws/install/canopen_fake_slaves:/home/vboxuser/agv_ws/install/canopen_base_driver:/home/vboxuser/agv_ws/install/canopen_core:/home/vboxuser/agv_ws/install/lely_core_libraries:/home/vboxuser/agv_ws/install/canopen_interfaces:/home/vboxuser/agv_ws/install/agv_py:/home/vboxuser/agv_ws/install/agv_controllers:/home/vboxuser/agv_ws/install/communication:/home/vboxuser/agv_ws/install/canopen_utils:/home/vboxuser/agv_ws/install/agv_py_functions:/home/vboxuser/bumperbot_ws/install/bumperbot_py_examples:/home/vboxuser/ros2_ws/install/my_py_pkg:/opt/ros/humble:/home/vboxuser/agv_ws/install/agv_controller:/home/vboxuser/agv_ws/install/agv:/home/vboxuser/bumperbot_ws/install/bumperbot_cpp_examples:/home/vboxuser/bumperbot_ws/install/bumperbot_msgs:/home/vboxuser/bumperbot_ws/install/bumperbot_description:/home/vboxuser/bumperbot_ws/install/bumperbot_controller:/home/vboxuser/ros2_ws/install/my_simulation /usr/bin/cmake --build /home/vboxuser/agv_ws/build/my_simulation -- -j4 -l4
[5.723s] DEBUG:colcon.colcon_core.event_handler.log_command:Invoking command in '/home/vboxuser/agv_ws/src/agv_py_functions': PYTHONPATH=/home/vboxuser/agv_ws/build/agv_py_functions/prefix_override:/home/vboxuser/agv_ws/install/agv_py_functions/lib/python3.10/site-packages:${PYTHONPATH} /usr/bin/python3 setup.py egg_info --egg-base ../../build/agv_py_functions build --build-base /home/vboxuser/agv_ws/build/agv_py_functions/build install --record /home/vboxuser/agv_ws/build/agv_py_functions/install.log --single-version-externally-managed
[5.738s] DEBUG:colcon.colcon_core.event_handler.log_command:Invoking command in '/home/vboxuser/agv_ws/src/communication': PYTHONPATH=/home/vboxuser/agv_ws/build/communication/prefix_override:/home/vboxuser/agv_ws/install/communication/lib/python3.10/site-packages:${PYTHONPATH} /usr/bin/python3 setup.py egg_info --egg-base ../../build/communication build --build-base /home/vboxuser/agv_ws/build/communication/build install --record /home/vboxuser/agv_ws/build/communication/install.log --single-version-externally-managed
[5.796s] DEBUG:colcon.colcon_core.event_handler.log_command:Invoked command in '/home/vboxuser/agv_ws/build/my_simulation' returned '0': CMAKE_PREFIX_PATH=/home/vboxuser/agv_ws/install/my_simulation:/home/vboxuser/agv_ws/install/canopen_tests:/home/vboxuser/agv_ws/install/canopen_ros2_controllers:/home/vboxuser/agv_ws/install/canopen_ros2_control:/home/vboxuser/agv_ws/install/canopen:/home/vboxuser/agv_ws/install/canopen_402_driver:/home/vboxuser/agv_ws/install/canopen_proxy_driver:/home/vboxuser/agv_ws/install/canopen_master_driver:/home/vboxuser/agv_ws/install/canopen_fake_slaves:/home/vboxuser/agv_ws/install/canopen_base_driver:/home/vboxuser/agv_ws/install/canopen_core:/home/vboxuser/agv_ws/install/lely_core_libraries:/home/vboxuser/agv_ws/install/canopen_interfaces:/home/vboxuser/agv_ws/install/agv_py:/home/vboxuser/agv_ws/install/agv_controllers:/home/vboxuser/agv_ws/install/communication:/home/vboxuser/agv_ws/install/canopen_utils:/home/vboxuser/agv_ws/install/agv_py_functions:/home/vboxuser/bumperbot_ws/install/bumperbot_py_examples:/home/vboxuser/ros2_ws/install/my_py_pkg:/opt/ros/humble:/home/vboxuser/agv_ws/install/agv_controller:/home/vboxuser/agv_ws/install/agv:/home/vboxuser/bumperbot_ws/install/bumperbot_cpp_examples:/home/vboxuser/bumperbot_ws/install/bumperbot_msgs:/home/vboxuser/bumperbot_ws/install/bumperbot_description:/home/vboxuser/bumperbot_ws/install/bumperbot_controller:/home/vboxuser/ros2_ws/install/my_simulation /usr/bin/cmake --build /home/vboxuser/agv_ws/build/my_simulation -- -j4 -l4
[5.861s] DEBUG:colcon.colcon_core.event_handler.log_command:Invoking command in '/home/vboxuser/agv_ws/build/my_simulation': CMAKE_PREFIX_PATH=/home/vboxuser/agv_ws/install/my_simulation:/home/vboxuser/agv_ws/install/canopen_tests:/home/vboxuser/agv_ws/install/canopen_ros2_controllers:/home/vboxuser/agv_ws/install/canopen_ros2_control:/home/vboxuser/agv_ws/install/canopen:/home/vboxuser/agv_ws/install/canopen_402_driver:/home/vboxuser/agv_ws/install/canopen_proxy_driver:/home/vboxuser/agv_ws/install/canopen_master_driver:/home/vboxuser/agv_ws/install/canopen_fake_slaves:/home/vboxuser/agv_ws/install/canopen_base_driver:/home/vboxuser/agv_ws/install/canopen_core:/home/vboxuser/agv_ws/install/lely_core_libraries:/home/vboxuser/agv_ws/install/canopen_interfaces:/home/vboxuser/agv_ws/install/agv_py:/home/vboxuser/agv_ws/install/agv_controllers:/home/vboxuser/agv_ws/install/communication:/home/vboxuser/agv_ws/install/canopen_utils:/home/vboxuser/agv_ws/install/agv_py_functions:/home/vboxuser/bumperbot_ws/install/bumperbot_py_examples:/home/vboxuser/ros2_ws/install/my_py_pkg:/opt/ros/humble:/home/vboxuser/agv_ws/install/agv_controller:/home/vboxuser/agv_ws/install/agv:/home/vboxuser/bumperbot_ws/install/bumperbot_cpp_examples:/home/vboxuser/bumperbot_ws/install/bumperbot_msgs:/home/vboxuser/bumperbot_ws/install/bumperbot_description:/home/vboxuser/bumperbot_ws/install/bumperbot_controller:/home/vboxuser/ros2_ws/install/my_simulation /usr/bin/cmake --install /home/vboxuser/agv_ws/build/my_simulation
[5.903s] Level 1:colcon.colcon_core.environment:create_environment_scripts_only(my_simulation)
[5.908s] DEBUG:colcon.colcon_core.event_handler.log_command:Invoked command in '/home/vboxuser/agv_ws/build/my_simulation' returned '0': CMAKE_PREFIX_PATH=/home/vboxuser/agv_ws/install/my_simulation:/home/vboxuser/agv_ws/install/canopen_tests:/home/vboxuser/agv_ws/install/canopen_ros2_controllers:/home/vboxuser/agv_ws/install/canopen_ros2_control:/home/vboxuser/agv_ws/install/canopen:/home/vboxuser/agv_ws/install/canopen_402_driver:/home/vboxuser/agv_ws/install/canopen_proxy_driver:/home/vboxuser/agv_ws/install/canopen_master_driver:/home/vboxuser/agv_ws/install/canopen_fake_slaves:/home/vboxuser/agv_ws/install/canopen_base_driver:/home/vboxuser/agv_ws/install/canopen_core:/home/vboxuser/agv_ws/install/lely_core_libraries:/home/vboxuser/agv_ws/install/canopen_interfaces:/home/vboxuser/agv_ws/install/agv_py:/home/vboxuser/agv_ws/install/agv_controllers:/home/vboxuser/agv_ws/install/communication:/home/vboxuser/agv_ws/install/canopen_utils:/home/vboxuser/agv_ws/install/agv_py_functions:/home/vboxuser/bumperbot_ws/install/bumperbot_py_examples:/home/vboxuser/ros2_ws/install/my_py_pkg:/opt/ros/humble:/home/vboxuser/agv_ws/install/agv_controller:/home/vboxuser/agv_ws/install/agv:/home/vboxuser/bumperbot_ws/install/bumperbot_cpp_examples:/home/vboxuser/bumperbot_ws/install/bumperbot_msgs:/home/vboxuser/bumperbot_ws/install/bumperbot_description:/home/vboxuser/bumperbot_ws/install/bumperbot_controller:/home/vboxuser/ros2_ws/install/my_simulation /usr/bin/cmake --install /home/vboxuser/agv_ws/build/my_simulation
[5.943s] Level 1:colcon.colcon_core.environment:checking '/home/vboxuser/agv_ws/install/my_simulation' for CMake module files
[5.944s] Level 1:colcon.colcon_core.environment:checking '/home/vboxuser/agv_ws/install/my_simulation' for CMake config files
[5.945s] Level 1:colcon.colcon_core.shell:create_environment_hook('my_simulation', 'cmake_prefix_path')
[5.990s] INFO:colcon.colcon_core.shell:Creating environment hook '/home/vboxuser/agv_ws/install/my_simulation/share/my_simulation/hook/cmake_prefix_path.ps1'
[5.992s] INFO:colcon.colcon_core.shell:Creating environment descriptor '/home/vboxuser/agv_ws/install/my_simulation/share/my_simulation/hook/cmake_prefix_path.dsv'
[5.992s] INFO:colcon.colcon_core.shell:Creating environment hook '/home/vboxuser/agv_ws/install/my_simulation/share/my_simulation/hook/cmake_prefix_path.sh'
[5.995s] Level 1:colcon.colcon_core.environment:checking '/home/vboxuser/agv_ws/install/my_simulation/bin'
[5.996s] Level 1:colcon.colcon_core.environment:checking '/home/vboxuser/agv_ws/install/my_simulation/lib/pkgconfig/my_simulation.pc'
[5.996s] Level 1:colcon.colcon_core.environment:checking '/home/vboxuser/agv_ws/install/my_simulation/lib/python3.10/site-packages'
[5.997s] Level 1:colcon.colcon_core.environment:checking '/home/vboxuser/agv_ws/install/my_simulation/bin'
[6.027s] INFO:colcon.colcon_core.shell:Creating package script '/home/vboxuser/agv_ws/install/my_simulation/share/my_simulation/package.ps1'
[6.028s] INFO:colcon.colcon_core.shell:Creating package descriptor '/home/vboxuser/agv_ws/install/my_simulation/share/my_simulation/package.dsv'
[6.029s] INFO:colcon.colcon_core.shell:Creating package script '/home/vboxuser/agv_ws/install/my_simulation/share/my_simulation/package.sh'
[6.029s] INFO:colcon.colcon_core.shell:Creating package script '/home/vboxuser/agv_ws/install/my_simulation/share/my_simulation/package.bash'
[6.030s] INFO:colcon.colcon_core.shell:Creating package script '/home/vboxuser/agv_ws/install/my_simulation/share/my_simulation/package.zsh'
[6.030s] Level 1:colcon.colcon_core.environment:create_file_with_runtime_dependencies(/home/vboxuser/agv_ws/install/my_simulation/share/colcon-core/packages/my_simulation)
[6.267s] Level 1:colcon.colcon_core.environment:create_environment_scripts_only(my_simulation)
[6.324s] Level 1:colcon.colcon_core.environment:checking '/home/vboxuser/agv_ws/install/my_simulation' for CMake module files
[6.324s] Level 1:colcon.colcon_core.environment:checking '/home/vboxuser/agv_ws/install/my_simulation' for CMake config files
[6.325s] Level 1:colcon.colcon_core.shell:create_environment_hook('my_simulation', 'cmake_prefix_path')
[6.356s] INFO:colcon.colcon_core.shell:Creating environment hook '/home/vboxuser/agv_ws/install/my_simulation/share/my_simulation/hook/cmake_prefix_path.ps1'
[6.357s] INFO:colcon.colcon_core.shell:Creating environment descriptor '/home/vboxuser/agv_ws/install/my_simulation/share/my_simulation/hook/cmake_prefix_path.dsv'
[6.358s] INFO:colcon.colcon_core.shell:Creating environment hook '/home/vboxuser/agv_ws/install/my_simulation/share/my_simulation/hook/cmake_prefix_path.sh'
[6.358s] Level 1:colcon.colcon_core.environment:checking '/home/vboxuser/agv_ws/install/my_simulation/bin'
[6.360s] Level 1:colcon.colcon_core.environment:checking '/home/vboxuser/agv_ws/install/my_simulation/lib/pkgconfig/my_simulation.pc'
[6.361s] Level 1:colcon.colcon_core.environment:checking '/home/vboxuser/agv_ws/install/my_simulation/lib/python3.10/site-packages'
[6.361s] Level 1:colcon.colcon_core.environment:checking '/home/vboxuser/agv_ws/install/my_simulation/bin'
[6.398s] INFO:colcon.colcon_core.shell:Creating package script '/home/vboxuser/agv_ws/install/my_simulation/share/my_simulation/package.ps1'
[6.404s] INFO:colcon.colcon_core.shell:Creating package descriptor '/home/vboxuser/agv_ws/install/my_simulation/share/my_simulation/package.dsv'
[6.405s] INFO:colcon.colcon_core.shell:Creating package script '/home/vboxuser/agv_ws/install/my_simulation/share/my_simulation/package.sh'
[6.405s] INFO:colcon.colcon_core.shell:Creating package script '/home/vboxuser/agv_ws/install/my_simulation/share/my_simulation/package.bash'
[6.406s] INFO:colcon.colcon_core.shell:Creating package script '/home/vboxuser/agv_ws/install/my_simulation/share/my_simulation/package.zsh'
[6.409s] Level 1:colcon.colcon_core.environment:create_file_with_runtime_dependencies(/home/vboxuser/agv_ws/install/my_simulation/share/colcon-core/packages/my_simulation)
[6.678s] DEBUG:colcon.colcon_core.event_handler.log_command:Invoked command in '/home/vboxuser/agv_ws/src/communication' returned '0': PYTHONPATH=/home/vboxuser/agv_ws/build/communication/prefix_override:/home/vboxuser/agv_ws/install/communication/lib/python3.10/site-packages:${PYTHONPATH} /usr/bin/python3 setup.py egg_info --egg-base ../../build/communication build --build-base /home/vboxuser/agv_ws/build/communication/build install --record /home/vboxuser/agv_ws/build/communication/install.log --single-version-externally-managed
[6.709s] Level 1:colcon.colcon_core.environment:checking '/home/vboxuser/agv_ws/install/communication' for CMake module files
[6.710s] Level 1:colcon.colcon_core.environment:checking '/home/vboxuser/agv_ws/install/communication' for CMake config files
[6.711s] Level 1:colcon.colcon_core.environment:checking '/home/vboxuser/agv_ws/install/communication/lib'
[6.711s] Level 1:colcon.colcon_core.environment:checking '/home/vboxuser/agv_ws/install/communication/bin'
[6.711s] Level 1:colcon.colcon_core.environment:checking '/home/vboxuser/agv_ws/install/communication/lib/pkgconfig/communication.pc'
[6.712s] Level 1:colcon.colcon_core.environment:checking '/home/vboxuser/agv_ws/install/communication/lib/python3.10/site-packages'
[6.712s] Level 1:colcon.colcon_core.shell:create_environment_hook('communication', 'pythonpath')
[6.740s] INFO:colcon.colcon_core.shell:Creating environment hook '/home/vboxuser/agv_ws/install/communication/share/communication/hook/pythonpath.ps1'
[6.741s] INFO:colcon.colcon_core.shell:Creating environment descriptor '/home/vboxuser/agv_ws/install/communication/share/communication/hook/pythonpath.dsv'
[6.741s] INFO:colcon.colcon_core.shell:Creating environment hook '/home/vboxuser/agv_ws/install/communication/share/communication/hook/pythonpath.sh'
[6.742s] Level 1:colcon.colcon_core.environment:checking '/home/vboxuser/agv_ws/install/communication/bin'
[6.742s] Level 1:colcon.colcon_core.environment:create_environment_scripts_only(communication)
[6.777s] INFO:colcon.colcon_core.shell:Creating package script '/home/vboxuser/agv_ws/install/communication/share/communication/package.ps1'
[6.778s] INFO:colcon.colcon_core.shell:Creating package descriptor '/home/vboxuser/agv_ws/install/communication/share/communication/package.dsv'
[6.778s] INFO:colcon.colcon_core.shell:Creating package script '/home/vboxuser/agv_ws/install/communication/share/communication/package.sh'
[6.779s] INFO:colcon.colcon_core.shell:Creating package script '/home/vboxuser/agv_ws/install/communication/share/communication/package.bash'
[6.780s] INFO:colcon.colcon_core.shell:Creating package script '/home/vboxuser/agv_ws/install/communication/share/communication/package.zsh'
[6.780s] Level 1:colcon.colcon_core.environment:create_file_with_runtime_dependencies(/home/vboxuser/agv_ws/install/communication/share/colcon-core/packages/communication)
[6.786s] DEBUG:colcon.colcon_core.event_handler.log_command:Invoked command in '/home/vboxuser/agv_ws/src/agv_py_functions' returned '0': PYTHONPATH=/home/vboxuser/agv_ws/build/agv_py_functions/prefix_override:/home/vboxuser/agv_ws/install/agv_py_functions/lib/python3.10/site-packages:${PYTHONPATH} /usr/bin/python3 setup.py egg_info --egg-base ../../build/agv_py_functions build --build-base /home/vboxuser/agv_ws/build/agv_py_functions/build install --record /home/vboxuser/agv_ws/build/agv_py_functions/install.log --single-version-externally-managed
[6.815s] Level 1:colcon.colcon_core.environment:checking '/home/vboxuser/agv_ws/install/agv_py_functions' for CMake module files
[6.816s] Level 1:colcon.colcon_core.environment:checking '/home/vboxuser/agv_ws/install/agv_py_functions' for CMake config files
[6.816s] Level 1:colcon.colcon_core.environment:checking '/home/vboxuser/agv_ws/install/agv_py_functions/lib'
[6.816s] Level 1:colcon.colcon_core.environment:checking '/home/vboxuser/agv_ws/install/agv_py_functions/bin'
[6.817s] Level 1:colcon.colcon_core.environment:checking '/home/vboxuser/agv_ws/install/agv_py_functions/lib/pkgconfig/agv_py_functions.pc'
[6.817s] Level 1:colcon.colcon_core.environment:checking '/home/vboxuser/agv_ws/install/agv_py_functions/lib/python3.10/site-packages'
[6.817s] Level 1:colcon.colcon_core.shell:create_environment_hook('agv_py_functions', 'pythonpath')
[6.855s] INFO:colcon.colcon_core.shell:Creating environment hook '/home/vboxuser/agv_ws/install/agv_py_functions/share/agv_py_functions/hook/pythonpath.ps1'
[6.857s] INFO:colcon.colcon_core.shell:Creating environment descriptor '/home/vboxuser/agv_ws/install/agv_py_functions/share/agv_py_functions/hook/pythonpath.dsv'
[6.857s] INFO:colcon.colcon_core.shell:Creating environment hook '/home/vboxuser/agv_ws/install/agv_py_functions/share/agv_py_functions/hook/pythonpath.sh'
[6.859s] Level 1:colcon.colcon_core.environment:checking '/home/vboxuser/agv_ws/install/agv_py_functions/bin'
[6.859s] Level 1:colcon.colcon_core.environment:create_environment_scripts_only(agv_py_functions)
[6.890s] INFO:colcon.colcon_core.shell:Creating package script '/home/vboxuser/agv_ws/install/agv_py_functions/share/agv_py_functions/package.ps1'
[6.891s] INFO:colcon.colcon_core.shell:Creating package descriptor '/home/vboxuser/agv_ws/install/agv_py_functions/share/agv_py_functions/package.dsv'
[6.892s] INFO:colcon.colcon_core.shell:Creating package script '/home/vboxuser/agv_ws/install/agv_py_functions/share/agv_py_functions/package.sh'
[6.892s] INFO:colcon.colcon_core.shell:Creating package script '/home/vboxuser/agv_ws/install/agv_py_functions/share/agv_py_functions/package.bash'
[6.893s] INFO:colcon.colcon_core.shell:Creating package script '/home/vboxuser/agv_ws/install/agv_py_functions/share/agv_py_functions/package.zsh'
[6.893s] Level 1:colcon.colcon_core.environment:create_file_with_runtime_dependencies(/home/vboxuser/agv_ws/install/agv_py_functions/share/colcon-core/packages/agv_py_functions)
[6.893s] DEBUG:colcon.colcon_parallel_executor.executor.parallel:closing loop
[6.894s] DEBUG:colcon.colcon_parallel_executor.executor.parallel:loop closed
[6.894s] DEBUG:colcon.colcon_parallel_executor.executor.parallel:run_until_complete finished with '0'
[6.894s] DEBUG:colcon.colcon_core.event_reactor:joining thread
[6.951s] INFO:colcon.colcon_core.plugin_system:Skipping extension 'colcon_notification.desktop_notification.terminal_notifier': Not used on non-Darwin systems
[6.952s] INFO:colcon.colcon_core.plugin_system:Skipping extension 'colcon_notification.desktop_notification.win32': Not used on non-Windows systems
[6.952s] INFO:colcon.colcon_notification.desktop_notification:Sending desktop notification using 'notify2'
[6.973s] DEBUG:colcon.colcon_core.event_reactor:joined thread
[7.000s] INFO:colcon.colcon_core.shell:Creating prefix script '/home/vboxuser/agv_ws/install/local_setup.ps1'
[7.001s] INFO:colcon.colcon_core.shell:Creating prefix util module '/home/vboxuser/agv_ws/install/_local_setup_util_ps1.py'
[7.004s] INFO:colcon.colcon_core.shell:Creating prefix chain script '/home/vboxuser/agv_ws/install/setup.ps1'
[7.039s] INFO:colcon.colcon_core.shell:Creating prefix script '/home/vboxuser/agv_ws/install/local_setup.sh'
[7.041s] INFO:colcon.colcon_core.shell:Creating prefix util module '/home/vboxuser/agv_ws/install/_local_setup_util_sh.py'
[7.042s] INFO:colcon.colcon_core.shell:Creating prefix chain script '/home/vboxuser/agv_ws/install/setup.sh'
[7.072s] INFO:colcon.colcon_core.shell:Creating prefix script '/home/vboxuser/agv_ws/install/local_setup.bash'
[7.073s] INFO:colcon.colcon_core.shell:Creating prefix chain script '/home/vboxuser/agv_ws/install/setup.bash'
[7.105s] INFO:colcon.colcon_core.shell:Creating prefix script '/home/vboxuser/agv_ws/install/local_setup.zsh'
[7.107s] INFO:colcon.colcon_core.shell:Creating prefix chain script '/home/vboxuser/agv_ws/install/setup.zsh'
