[1.655s] Invoking command in '/home/vboxuser/agv_ws/src/agv_py_functions': PYTHONPATH=/home/vboxuser/agv_ws/build/agv_py_functions/prefix_override:/home/vboxuser/agv_ws/install/agv_py_functions/lib/python3.10/site-packages:${PYTHONPATH} /usr/bin/python3 -W ignore:setup.py install is deprecated setup.py egg_info --egg-base ../../build/agv_py_functions build --build-base /home/vboxuser/agv_ws/build/agv_py_functions/build install --record /home/vboxuser/agv_ws/build/agv_py_functions/install.log --single-version-externally-managed install_data
[2.223s] running egg_info
[2.225s] writing ../../build/agv_py_functions/agv_py_functions.egg-info/PKG-INFO
[2.226s] writing dependency_links to ../../build/agv_py_functions/agv_py_functions.egg-info/dependency_links.txt
[2.227s] writing entry points to ../../build/agv_py_functions/agv_py_functions.egg-info/entry_points.txt
[2.228s] writing requirements to ../../build/agv_py_functions/agv_py_functions.egg-info/requires.txt
[2.228s] writing top-level names to ../../build/agv_py_functions/agv_py_functions.egg-info/top_level.txt
[2.235s] reading manifest file '../../build/agv_py_functions/agv_py_functions.egg-info/SOURCES.txt'
[2.245s] writing manifest file '../../build/agv_py_functions/agv_py_functions.egg-info/SOURCES.txt'
[2.245s] running build
[2.246s] running build_py
[2.247s] copying agv_py_functions/wheel_speed_server_can.py -> /home/vboxuser/agv_ws/build/agv_py_functions/build/lib/agv_py_functions
[2.249s] running install
[2.251s] running install_lib
[2.254s] copying /home/vboxuser/agv_ws/build/agv_py_functions/build/lib/agv_py_functions/wheel_speed_server_can.py -> /home/vboxuser/agv_ws/install/agv_py_functions/lib/python3.10/site-packages/agv_py_functions
[2.257s] byte-compiling /home/vboxuser/agv_ws/install/agv_py_functions/lib/python3.10/site-packages/agv_py_functions/wheel_speed_server_can.py to wheel_speed_server_can.cpython-310.pyc
[2.259s] running install_data
[2.260s] running install_egg_info
[2.271s] removing '/home/vboxuser/agv_ws/install/agv_py_functions/lib/python3.10/site-packages/agv_py_functions-0.0.0-py3.10.egg-info' (and everything under it)
[2.271s] Copying ../../build/agv_py_functions/agv_py_functions.egg-info to /home/vboxuser/agv_ws/install/agv_py_functions/lib/python3.10/site-packages/agv_py_functions-0.0.0-py3.10.egg-info
[2.272s] running install_scripts
[2.336s] Installing canbus_velocity_publisher script to /home/vboxuser/agv_ws/install/agv_py_functions/lib/agv_py_functions
[2.336s] Installing simple_parameter script to /home/vboxuser/agv_ws/install/agv_py_functions/lib/agv_py_functions
[2.336s] Installing simple_publisher script to /home/vboxuser/agv_ws/install/agv_py_functions/lib/agv_py_functions
[2.337s] Installing simple_subscriber script to /home/vboxuser/agv_ws/install/agv_py_functions/lib/agv_py_functions
[2.337s] Installing speed_service_client script to /home/vboxuser/agv_ws/install/agv_py_functions/lib/agv_py_functions
[2.337s] Installing speed_service_client_can script to /home/vboxuser/agv_ws/install/agv_py_functions/lib/agv_py_functions
[2.338s] Installing velocity_input script to /home/vboxuser/agv_ws/install/agv_py_functions/lib/agv_py_functions
[2.338s] Installing wheel_speed_node script to /home/vboxuser/agv_ws/install/agv_py_functions/lib/agv_py_functions
[2.338s] Installing wheel_speed_pub script to /home/vboxuser/agv_ws/install/agv_py_functions/lib/agv_py_functions
[2.338s] Installing wheel_speed_publisher script to /home/vboxuser/agv_ws/install/agv_py_functions/lib/agv_py_functions
[2.338s] Installing wheel_speed_server script to /home/vboxuser/agv_ws/install/agv_py_functions/lib/agv_py_functions
[2.339s] Installing wheel_speed_server_can script to /home/vboxuser/agv_ws/install/agv_py_functions/lib/agv_py_functions
[2.340s] writing list of installed files to '/home/vboxuser/agv_ws/build/agv_py_functions/install.log'
[2.391s] Invoked command in '/home/vboxuser/agv_ws/src/agv_py_functions' returned '0': PYTHONPATH=/home/vboxuser/agv_ws/build/agv_py_functions/prefix_override:/home/vboxuser/agv_ws/install/agv_py_functions/lib/python3.10/site-packages:${PYTHONPATH} /usr/bin/python3 -W ignore:setup.py install is deprecated setup.py egg_info --egg-base ../../build/agv_py_functions build --build-base /home/vboxuser/agv_ws/build/agv_py_functions/build install --record /home/vboxuser/agv_ws/build/agv_py_functions/install.log --single-version-externally-managed install_data
