[0.192s] Invoking command in '/home/vboxuser/agv_ws/build/canopen_fake_slaves': AMENT_PREFIX_PATH=/home/vboxuser/agv_ws/install/lely_core_libraries:${AMENT_PREFIX_PATH} CMAKE_PREFIX_PATH=/home/vboxuser/agv_ws/install/lely_core_libraries:/home/vboxuser/bumperbot_ws/install/bumperbot_cpp_examples:/home/vboxuser/bumperbot_ws/install/bumperbot_msgs:/home/vboxuser/bumperbot_ws/install/bumperbot_description:/home/vboxuser/bumperbot_ws/install/bumperbot_controller:/home/vboxuser/ros2_ws/install/my_simulation:/home/vboxuser/bumperbot_ws/install/bumperbot_py_examples:/home/vboxuser/ros2_ws/install/my_py_pkg:/opt/ros/humble LD_LIBRARY_PATH=/home/vboxuser/agv_ws/install/lely_core_libraries/lib:${LD_LIBRARY_PATH} PATH=/home/vboxuser/agv_ws/install/lely_core_libraries/bin:${PATH} PYTHONPATH=/home/vboxuser/agv_ws/install/lely_core_libraries/local/lib/python3.10/dist-packages:/home/vboxuser/agv_ws/install/lely_core_libraries/lib/python3.10/site-packages:${PYTHONPATH} /usr/bin/cmake --build /home/vboxuser/agv_ws/build/canopen_fake_slaves -- -j4 -l4
[0.234s] -- Found ament_cmake: 1.3.6 (/opt/ros/humble/share/ament_cmake/cmake)
[0.561s] -- Found lely_core_libraries: 0.2.7 (/home/vboxuser/agv_ws/install/lely_core_libraries/share/lely_core_libraries/cmake)
[0.568s] -- Found lifecycle_msgs: 1.2.1 (/opt/ros/humble/share/lifecycle_msgs/cmake)
[0.645s] -- Found rosidl_generator_c: 3.1.5 (/opt/ros/humble/share/rosidl_generator_c/cmake)
[0.653s] -- Found rosidl_adapter: 3.1.5 (/opt/ros/humble/share/rosidl_adapter/cmake)
[0.666s] -- Found rosidl_generator_cpp: 3.1.5 (/opt/ros/humble/share/rosidl_generator_cpp/cmake)
[0.692s] -- Using all available rosidl_typesupport_c: rosidl_typesupport_fastrtps_c;rosidl_typesupport_introspection_c
[0.731s] -- Using all available rosidl_typesupport_cpp: rosidl_typesupport_fastrtps_cpp;rosidl_typesupport_introspection_cpp
[0.766s] -- Found rclcpp: 16.0.7 (/opt/ros/humble/share/rclcpp/cmake)
[0.977s] -- Found rmw_implementation_cmake: 6.1.1 (/opt/ros/humble/share/rmw_implementation_cmake/cmake)
[0.983s] -- Found rmw_fastrtps_cpp: 6.2.5 (/opt/ros/humble/share/rmw_fastrtps_cpp/cmake)
[1.249s] -- Using RMW implementation 'rmw_fastrtps_cpp' as default
[1.651s] -- Found rclcpp_lifecycle: 16.0.7 (/opt/ros/humble/share/rclcpp_lifecycle/cmake)
[1.705s] -- Found ament_lint_auto: 0.12.9 (/opt/ros/humble/share/ament_lint_auto/cmake)
[1.845s] -- Configuring done
[1.881s] -- Generating done
[1.885s] -- Build files have been written to: /home/vboxuser/agv_ws/build/canopen_fake_slaves
[1.933s] [35m[1mConsolidate compiler generated dependencies of target basic_slave_node[0m
[1.945s] [35m[1mConsolidate compiler generated dependencies of target cia402_slave_node[0m
[1.980s] [ 20%] [32mBuilding CXX object CMakeFiles/basic_slave_node.dir/src/basic_slave.cpp.o[0m
[1.990s] [ 40%] [32mBuilding CXX object CMakeFiles/cia402_slave_node.dir/src/motion_generator.cpp.o[0m
[1.992s] [ 60%] [32mBuilding CXX object CMakeFiles/cia402_slave_node.dir/src/cia402_slave.cpp.o[0m
[17.024s] [ 80%] [32m[1mLinking CXX executable cia402_slave_node[0m
[17.086s] [100%] [32m[1mLinking CXX executable basic_slave_node[0m
[18.056s] [100%] Built target basic_slave_node
[18.130s] [100%] Built target cia402_slave_node
[18.195s] Invoked command in '/home/vboxuser/agv_ws/build/canopen_fake_slaves' returned '0': AMENT_PREFIX_PATH=/home/vboxuser/agv_ws/install/lely_core_libraries:${AMENT_PREFIX_PATH} CMAKE_PREFIX_PATH=/home/vboxuser/agv_ws/install/lely_core_libraries:/home/vboxuser/bumperbot_ws/install/bumperbot_cpp_examples:/home/vboxuser/bumperbot_ws/install/bumperbot_msgs:/home/vboxuser/bumperbot_ws/install/bumperbot_description:/home/vboxuser/bumperbot_ws/install/bumperbot_controller:/home/vboxuser/ros2_ws/install/my_simulation:/home/vboxuser/bumperbot_ws/install/bumperbot_py_examples:/home/vboxuser/ros2_ws/install/my_py_pkg:/opt/ros/humble LD_LIBRARY_PATH=/home/vboxuser/agv_ws/install/lely_core_libraries/lib:${LD_LIBRARY_PATH} PATH=/home/vboxuser/agv_ws/install/lely_core_libraries/bin:${PATH} PYTHONPATH=/home/vboxuser/agv_ws/install/lely_core_libraries/local/lib/python3.10/dist-packages:/home/vboxuser/agv_ws/install/lely_core_libraries/lib/python3.10/site-packages:${PYTHONPATH} /usr/bin/cmake --build /home/vboxuser/agv_ws/build/canopen_fake_slaves -- -j4 -l4
[18.468s] Invoking command in '/home/vboxuser/agv_ws/build/canopen_fake_slaves': AMENT_PREFIX_PATH=/home/vboxuser/agv_ws/install/lely_core_libraries:${AMENT_PREFIX_PATH} CMAKE_PREFIX_PATH=/home/vboxuser/agv_ws/install/lely_core_libraries:/home/vboxuser/bumperbot_ws/install/bumperbot_cpp_examples:/home/vboxuser/bumperbot_ws/install/bumperbot_msgs:/home/vboxuser/bumperbot_ws/install/bumperbot_description:/home/vboxuser/bumperbot_ws/install/bumperbot_controller:/home/vboxuser/ros2_ws/install/my_simulation:/home/vboxuser/bumperbot_ws/install/bumperbot_py_examples:/home/vboxuser/ros2_ws/install/my_py_pkg:/opt/ros/humble LD_LIBRARY_PATH=/home/vboxuser/agv_ws/install/lely_core_libraries/lib:${LD_LIBRARY_PATH} PATH=/home/vboxuser/agv_ws/install/lely_core_libraries/bin:${PATH} PYTHONPATH=/home/vboxuser/agv_ws/install/lely_core_libraries/local/lib/python3.10/dist-packages:/home/vboxuser/agv_ws/install/lely_core_libraries/lib/python3.10/site-packages:${PYTHONPATH} /usr/bin/cmake --install /home/vboxuser/agv_ws/build/canopen_fake_slaves
[18.512s] -- Install configuration: ""
[18.516s] -- Installing: /home/vboxuser/agv_ws/install/canopen_fake_slaves/lib/canopen_fake_slaves/basic_slave_node
[18.520s] -- Set runtime path of "/home/vboxuser/agv_ws/install/canopen_fake_slaves/lib/canopen_fake_slaves/basic_slave_node" to ""
[18.523s] -- Installing: /home/vboxuser/agv_ws/install/canopen_fake_slaves/lib/canopen_fake_slaves/cia402_slave_node
[18.526s] -- Set runtime path of "/home/vboxuser/agv_ws/install/canopen_fake_slaves/lib/canopen_fake_slaves/cia402_slave_node" to ""
[18.538s] -- Up-to-date: /home/vboxuser/agv_ws/install/canopen_fake_slaves/share/canopen_fake_slaves/launch/
[18.539s] -- Installing: /home/vboxuser/agv_ws/install/canopen_fake_slaves/share/canopen_fake_slaves/launch//cia402_slave.launch.py
[18.539s] -- Installing: /home/vboxuser/agv_ws/install/canopen_fake_slaves/share/canopen_fake_slaves/launch//basic_slave.launch.py
[18.539s] -- Up-to-date: /home/vboxuser/agv_ws/install/canopen_fake_slaves/share/canopen_fake_slaves/config/
[18.539s] -- Installing: /home/vboxuser/agv_ws/install/canopen_fake_slaves/share/canopen_fake_slaves/config//cia402_slave.eds
[18.539s] -- Installing: /home/vboxuser/agv_ws/install/canopen_fake_slaves/share/canopen_fake_slaves/config//simple_slave.eds
[18.539s] -- Up-to-date: /home/vboxuser/agv_ws/install/canopen_fake_slaves/share/ament_index/resource_index/package_run_dependencies/canopen_fake_slaves
[18.540s] -- Installing: /home/vboxuser/agv_ws/install/canopen_fake_slaves/share/ament_index/resource_index/parent_prefix_path/canopen_fake_slaves
[18.540s] -- Up-to-date: /home/vboxuser/agv_ws/install/canopen_fake_slaves/share/canopen_fake_slaves/environment/ament_prefix_path.sh
[18.540s] -- Installing: /home/vboxuser/agv_ws/install/canopen_fake_slaves/share/canopen_fake_slaves/environment/ament_prefix_path.dsv
[18.541s] -- Up-to-date: /home/vboxuser/agv_ws/install/canopen_fake_slaves/share/canopen_fake_slaves/environment/path.sh
[18.542s] -- Installing: /home/vboxuser/agv_ws/install/canopen_fake_slaves/share/canopen_fake_slaves/environment/path.dsv
[18.542s] -- Up-to-date: /home/vboxuser/agv_ws/install/canopen_fake_slaves/share/canopen_fake_slaves/local_setup.bash
[18.542s] -- Up-to-date: /home/vboxuser/agv_ws/install/canopen_fake_slaves/share/canopen_fake_slaves/local_setup.sh
[18.543s] -- Up-to-date: /home/vboxuser/agv_ws/install/canopen_fake_slaves/share/canopen_fake_slaves/local_setup.zsh
[18.543s] -- Installing: /home/vboxuser/agv_ws/install/canopen_fake_slaves/share/canopen_fake_slaves/local_setup.dsv
[18.546s] -- Installing: /home/vboxuser/agv_ws/install/canopen_fake_slaves/share/canopen_fake_slaves/package.dsv
[18.546s] -- Up-to-date: /home/vboxuser/agv_ws/install/canopen_fake_slaves/share/ament_index/resource_index/packages/canopen_fake_slaves
[18.546s] -- Up-to-date: /home/vboxuser/agv_ws/install/canopen_fake_slaves/share/canopen_fake_slaves/cmake/ament_cmake_export_dependencies-extras.cmake
[18.546s] -- Installing: /home/vboxuser/agv_ws/install/canopen_fake_slaves/share/canopen_fake_slaves/cmake/canopen_fake_slavesConfig.cmake
[18.546s] -- Installing: /home/vboxuser/agv_ws/install/canopen_fake_slaves/share/canopen_fake_slaves/cmake/canopen_fake_slavesConfig-version.cmake
[18.546s] -- Installing: /home/vboxuser/agv_ws/install/canopen_fake_slaves/share/canopen_fake_slaves/package.xml
[18.548s] Invoked command in '/home/vboxuser/agv_ws/build/canopen_fake_slaves' returned '0': AMENT_PREFIX_PATH=/home/vboxuser/agv_ws/install/lely_core_libraries:${AMENT_PREFIX_PATH} CMAKE_PREFIX_PATH=/home/vboxuser/agv_ws/install/lely_core_libraries:/home/vboxuser/bumperbot_ws/install/bumperbot_cpp_examples:/home/vboxuser/bumperbot_ws/install/bumperbot_msgs:/home/vboxuser/bumperbot_ws/install/bumperbot_description:/home/vboxuser/bumperbot_ws/install/bumperbot_controller:/home/vboxuser/ros2_ws/install/my_simulation:/home/vboxuser/bumperbot_ws/install/bumperbot_py_examples:/home/vboxuser/ros2_ws/install/my_py_pkg:/opt/ros/humble LD_LIBRARY_PATH=/home/vboxuser/agv_ws/install/lely_core_libraries/lib:${LD_LIBRARY_PATH} PATH=/home/vboxuser/agv_ws/install/lely_core_libraries/bin:${PATH} PYTHONPATH=/home/vboxuser/agv_ws/install/lely_core_libraries/local/lib/python3.10/dist-packages:/home/vboxuser/agv_ws/install/lely_core_libraries/lib/python3.10/site-packages:${PYTHONPATH} /usr/bin/cmake --install /home/vboxuser/agv_ws/build/canopen_fake_slaves
