[1.271s] Invoking command in '/home/vboxuser/agv_ws/src/movement': AMENT_PREFIX_PATH=/home/vboxuser/agv_ws/install/agv_msgs:${AMENT_PREFIX_PATH} CMAKE_PREFIX_PATH=/home/vboxuser/agv_ws/install/agv_msgs:${CMAKE_PREFIX_PATH} LD_LIBRARY_PATH=/home/vboxuser/agv_ws/install/agv_msgs/lib:${LD_LIBRARY_PATH} PYTHONPATH=/home/vboxuser/agv_ws/build/movement/prefix_override:/home/vboxuser/agv_ws/install/movement/lib/python3.10/site-packages:/home/vboxuser/agv_ws/install/agv_msgs/local/lib/python3.10/dist-packages:${PYTHONPATH} /usr/bin/python3 -W ignore:setup.py install is deprecated setup.py egg_info --egg-base ../../build/movement build --build-base /home/vboxuser/agv_ws/build/movement/build install --record /home/vboxuser/agv_ws/build/movement/install.log --single-version-externally-managed install_data
[1.768s] running egg_info
[1.769s] writing ../../build/movement/movement.egg-info/PKG-INFO
[1.769s] writing dependency_links to ../../build/movement/movement.egg-info/dependency_links.txt
[1.770s] writing entry points to ../../build/movement/movement.egg-info/entry_points.txt
[1.770s] writing requirements to ../../build/movement/movement.egg-info/requires.txt
[1.770s] writing top-level names to ../../build/movement/movement.egg-info/top_level.txt
[1.773s] reading manifest file '../../build/movement/movement.egg-info/SOURCES.txt'
[1.776s] writing manifest file '../../build/movement/movement.egg-info/SOURCES.txt'
[1.776s] running build
[1.776s] running build_py
[1.777s] running install
[1.778s] running install_lib
[1.780s] running install_data
[1.780s] running install_egg_info
[1.782s] removing '/home/vboxuser/agv_ws/install/movement/lib/python3.10/site-packages/movement-0.0.0-py3.10.egg-info' (and everything under it)
[1.783s] Copying ../../build/movement/movement.egg-info to /home/vboxuser/agv_ws/install/movement/lib/python3.10/site-packages/movement-0.0.0-py3.10.egg-info
[1.784s] running install_scripts
[1.818s] Installing command_publisher_client script to /home/vboxuser/agv_ws/install/movement/lib/movement
[1.818s] Installing speed_plotter script to /home/vboxuser/agv_ws/install/movement/lib/movement
[1.818s] Installing wheel_controller_server script to /home/vboxuser/agv_ws/install/movement/lib/movement
[1.819s] Installing wheel_controller_server_pid script to /home/vboxuser/agv_ws/install/movement/lib/movement
[1.819s] writing list of installed files to '/home/vboxuser/agv_ws/build/movement/install.log'
[1.858s] Invoked command in '/home/vboxuser/agv_ws/src/movement' returned '0': AMENT_PREFIX_PATH=/home/vboxuser/agv_ws/install/agv_msgs:${AMENT_PREFIX_PATH} CMAKE_PREFIX_PATH=/home/vboxuser/agv_ws/install/agv_msgs:${CMAKE_PREFIX_PATH} LD_LIBRARY_PATH=/home/vboxuser/agv_ws/install/agv_msgs/lib:${LD_LIBRARY_PATH} PYTHONPATH=/home/vboxuser/agv_ws/build/movement/prefix_override:/home/vboxuser/agv_ws/install/movement/lib/python3.10/site-packages:/home/vboxuser/agv_ws/install/agv_msgs/local/lib/python3.10/dist-packages:${PYTHONPATH} /usr/bin/python3 -W ignore:setup.py install is deprecated setup.py egg_info --egg-base ../../build/movement build --build-base /home/vboxuser/agv_ws/build/movement/build install --record /home/vboxuser/agv_ws/build/movement/install.log --single-version-externally-managed install_data
