[1.357s] Invoking command in '/home/vboxuser/agv_ws/src/movement': PYTHONPATH=/home/vboxuser/agv_ws/build/movement/prefix_override:/home/vboxuser/agv_ws/install/movement/lib/python3.10/site-packages:${PYTHONPATH} /usr/bin/python3 -W ignore:setup.py install is deprecated setup.py egg_info --egg-base ../../build/movement build --build-base /home/vboxuser/agv_ws/build/movement/build install --record /home/vboxuser/agv_ws/build/movement/install.log --single-version-externally-managed install_data
[1.883s] running egg_info
[1.884s] writing ../../build/movement/movement.egg-info/PKG-INFO
[1.884s] writing dependency_links to ../../build/movement/movement.egg-info/dependency_links.txt
[1.884s] writing entry points to ../../build/movement/movement.egg-info/entry_points.txt
[1.885s] writing requirements to ../../build/movement/movement.egg-info/requires.txt
[1.885s] writing top-level names to ../../build/movement/movement.egg-info/top_level.txt
[1.889s] reading manifest file '../../build/movement/movement.egg-info/SOURCES.txt'
[1.891s] writing manifest file '../../build/movement/movement.egg-info/SOURCES.txt'
[1.891s] running build
[1.891s] running build_py
[1.891s] copying movement/wheel_controller_server.py -> /home/vboxuser/agv_ws/build/movement/build/lib/movement
[1.892s] copying movement/command_publisher_client.py -> /home/vboxuser/agv_ws/build/movement/build/lib/movement
[1.892s] running install
[1.893s] running install_lib
[1.896s] copying /home/vboxuser/agv_ws/build/movement/build/lib/movement/wheel_controller_server.py -> /home/vboxuser/agv_ws/install/movement/lib/python3.10/site-packages/movement
[1.896s] copying /home/vboxuser/agv_ws/build/movement/build/lib/movement/command_publisher_client.py -> /home/vboxuser/agv_ws/install/movement/lib/python3.10/site-packages/movement
[1.896s] byte-compiling /home/vboxuser/agv_ws/install/movement/lib/python3.10/site-packages/movement/wheel_controller_server.py to wheel_controller_server.cpython-310.pyc
[1.897s] byte-compiling /home/vboxuser/agv_ws/install/movement/lib/python3.10/site-packages/movement/command_publisher_client.py to command_publisher_client.cpython-310.pyc
[1.898s] running install_data
[1.898s] running install_egg_info
[1.901s] removing '/home/vboxuser/agv_ws/install/movement/lib/python3.10/site-packages/movement-0.0.0-py3.10.egg-info' (and everything under it)
[1.901s] Copying ../../build/movement/movement.egg-info to /home/vboxuser/agv_ws/install/movement/lib/python3.10/site-packages/movement-0.0.0-py3.10.egg-info
[1.902s] running install_scripts
[1.936s] Installing command_publisher_client script to /home/vboxuser/agv_ws/install/movement/lib/movement
[1.936s] Installing wheel_controller_server script to /home/vboxuser/agv_ws/install/movement/lib/movement
[1.937s] writing list of installed files to '/home/vboxuser/agv_ws/build/movement/install.log'
[1.981s] Invoked command in '/home/vboxuser/agv_ws/src/movement' returned '0': PYTHONPATH=/home/vboxuser/agv_ws/build/movement/prefix_override:/home/vboxuser/agv_ws/install/movement/lib/python3.10/site-packages:${PYTHONPATH} /usr/bin/python3 -W ignore:setup.py install is deprecated setup.py egg_info --egg-base ../../build/movement build --build-base /home/vboxuser/agv_ws/build/movement/build install --record /home/vboxuser/agv_ws/build/movement/install.log --single-version-externally-managed install_data
