[0.181s] DEBUG:colcon:Command line arguments: ['/usr/bin/colcon', 'build', '--packages-select', 'wheel_control']
[0.181s] DEBUG:colcon:Parsed command line arguments: Namespace(log_base=None, log_level=None, verb_name='build', build_base='build', install_base='install', merge_install=False, symlink_install=False, test_result_base=None, continue_on_error=False, executor='parallel', parallel_workers=4, event_handlers=None, ignore_user_meta=False, metas=['./colcon.meta'], base_paths=['.'], packages_ignore=None, packages_ignore_regex=None, paths=None, packages_up_to=None, packages_up_to_regex=None, packages_above=None, packages_above_and_dependencies=None, packages_above_depth=None, packages_select_by_dep=None, packages_skip_by_dep=None, packages_skip_up_to=None, packages_select_build_failed=False, packages_skip_build_finished=False, packages_select_test_failures=False, packages_skip_test_passed=False, packages_select=['wheel_control'], packages_skip=None, packages_select_regex=None, packages_skip_regex=None, packages_start=None, packages_end=None, allow_overriding=[], cmake_args=None, cmake_target=None, cmake_target_skip_unavailable=False, cmake_clean_cache=False, cmake_clean_first=False, cmake_force_configure=False, ament_cmake_args=None, catkin_cmake_args=None, catkin_skip_building_tests=False, verb_parser=<colcon_defaults.argument_parser.defaults.DefaultArgumentsDecorator object at 0x79d4061a0550>, verb_extension=<colcon_core.verb.build.BuildVerb object at 0x79d40639a3b0>, main=<bound method BuildVerb.main of <colcon_core.verb.build.BuildVerb object at 0x79d40639a3b0>>)
[0.521s] Level 1:colcon.colcon_core.package_discovery:discover_packages(colcon_meta) check parameters
[0.522s] Level 1:colcon.colcon_core.package_discovery:discover_packages(recursive) check parameters
[0.522s] Level 1:colcon.colcon_core.package_discovery:discover_packages(ignore) check parameters
[0.522s] Level 1:colcon.colcon_core.package_discovery:discover_packages(path) check parameters
[0.522s] Level 1:colcon.colcon_core.package_discovery:discover_packages(colcon_meta) discover
[0.522s] Level 1:colcon.colcon_core.package_discovery:discover_packages(recursive) discover
[0.522s] INFO:colcon.colcon_core.package_discovery:Crawling recursively for packages in '/home/vboxuser/agv_ws'
[0.522s] Level 1:colcon.colcon_core.package_identification:_identify(.) by extensions ['ignore', 'ignore_ament_install']
[0.522s] Level 1:colcon.colcon_core.package_identification:_identify(.) by extension 'ignore'
[0.522s] Level 1:colcon.colcon_core.package_identification:_identify(.) by extension 'ignore_ament_install'
[0.522s] Level 1:colcon.colcon_core.package_identification:_identify(.) by extensions ['colcon_pkg']
[0.522s] Level 1:colcon.colcon_core.package_identification:_identify(.) by extension 'colcon_pkg'
[0.522s] Level 1:colcon.colcon_core.package_identification:_identify(.) by extensions ['colcon_meta']
[0.522s] Level 1:colcon.colcon_core.package_identification:_identify(.) by extension 'colcon_meta'
[0.522s] Level 1:colcon.colcon_core.package_identification:_identify(.) by extensions ['ros']
[0.523s] Level 1:colcon.colcon_core.package_identification:_identify(.) by extension 'ros'
[0.542s] Level 1:colcon.colcon_core.package_identification:_identify(.) by extensions ['cmake', 'python']
[0.542s] Level 1:colcon.colcon_core.package_identification:_identify(.) by extension 'cmake'
[0.542s] Level 1:colcon.colcon_core.package_identification:_identify(.) by extension 'python'
[0.542s] Level 1:colcon.colcon_core.package_identification:_identify(.) by extensions ['python_setup_py']
[0.542s] Level 1:colcon.colcon_core.package_identification:_identify(.) by extension 'python_setup_py'
[0.542s] Level 1:colcon.colcon_core.package_identification:_identify(build) by extensions ['ignore', 'ignore_ament_install']
[0.542s] Level 1:colcon.colcon_core.package_identification:_identify(build) by extension 'ignore'
[0.542s] Level 1:colcon.colcon_core.package_identification:_identify(build) ignored
[0.543s] Level 1:colcon.colcon_core.package_identification:_identify(install) by extensions ['ignore', 'ignore_ament_install']
[0.543s] Level 1:colcon.colcon_core.package_identification:_identify(install) by extension 'ignore'
[0.543s] Level 1:colcon.colcon_core.package_identification:_identify(install) ignored
[0.543s] Level 1:colcon.colcon_core.package_identification:_identify(log) by extensions ['ignore', 'ignore_ament_install']
[0.543s] Level 1:colcon.colcon_core.package_identification:_identify(log) by extension 'ignore'
[0.543s] Level 1:colcon.colcon_core.package_identification:_identify(log) ignored
[0.543s] Level 1:colcon.colcon_core.package_identification:_identify(src) by extensions ['ignore', 'ignore_ament_install']
[0.544s] Level 1:colcon.colcon_core.package_identification:_identify(src) by extension 'ignore'
[0.544s] Level 1:colcon.colcon_core.package_identification:_identify(src) by extension 'ignore_ament_install'
[0.544s] Level 1:colcon.colcon_core.package_identification:_identify(src) by extensions ['colcon_pkg']
[0.544s] Level 1:colcon.colcon_core.package_identification:_identify(src) by extension 'colcon_pkg'
[0.544s] Level 1:colcon.colcon_core.package_identification:_identify(src) by extensions ['colcon_meta']
[0.544s] Level 1:colcon.colcon_core.package_identification:_identify(src) by extension 'colcon_meta'
[0.544s] Level 1:colcon.colcon_core.package_identification:_identify(src) by extensions ['ros']
[0.544s] Level 1:colcon.colcon_core.package_identification:_identify(src) by extension 'ros'
[0.544s] Level 1:colcon.colcon_core.package_identification:_identify(src) by extensions ['cmake', 'python']
[0.544s] Level 1:colcon.colcon_core.package_identification:_identify(src) by extension 'cmake'
[0.544s] Level 1:colcon.colcon_core.package_identification:_identify(src) by extension 'python'
[0.544s] Level 1:colcon.colcon_core.package_identification:_identify(src) by extensions ['python_setup_py']
[0.544s] Level 1:colcon.colcon_core.package_identification:_identify(src) by extension 'python_setup_py'
[0.545s] Level 1:colcon.colcon_core.package_identification:_identify(src/agv) by extensions ['ignore', 'ignore_ament_install']
[0.545s] Level 1:colcon.colcon_core.package_identification:_identify(src/agv) by extension 'ignore'
[0.545s] Level 1:colcon.colcon_core.package_identification:_identify(src/agv) by extension 'ignore_ament_install'
[0.545s] Level 1:colcon.colcon_core.package_identification:_identify(src/agv) by extensions ['colcon_pkg']
[0.545s] Level 1:colcon.colcon_core.package_identification:_identify(src/agv) by extension 'colcon_pkg'
[0.545s] Level 1:colcon.colcon_core.package_identification:_identify(src/agv) by extensions ['colcon_meta']
[0.545s] Level 1:colcon.colcon_core.package_identification:_identify(src/agv) by extension 'colcon_meta'
[0.545s] Level 1:colcon.colcon_core.package_identification:_identify(src/agv) by extensions ['ros']
[0.545s] Level 1:colcon.colcon_core.package_identification:_identify(src/agv) by extension 'ros'
[0.549s] DEBUG:colcon.colcon_core.package_identification:Package 'src/agv' with type 'ros.ament_cmake' and name 'agv'
[0.549s] Level 1:colcon.colcon_core.package_identification:_identify(src/agv_controller) by extensions ['ignore', 'ignore_ament_install']
[0.549s] Level 1:colcon.colcon_core.package_identification:_identify(src/agv_controller) by extension 'ignore'
[0.549s] Level 1:colcon.colcon_core.package_identification:_identify(src/agv_controller) by extension 'ignore_ament_install'
[0.549s] Level 1:colcon.colcon_core.package_identification:_identify(src/agv_controller) by extensions ['colcon_pkg']
[0.549s] Level 1:colcon.colcon_core.package_identification:_identify(src/agv_controller) by extension 'colcon_pkg'
[0.549s] Level 1:colcon.colcon_core.package_identification:_identify(src/agv_controller) by extensions ['colcon_meta']
[0.549s] Level 1:colcon.colcon_core.package_identification:_identify(src/agv_controller) by extension 'colcon_meta'
[0.549s] Level 1:colcon.colcon_core.package_identification:_identify(src/agv_controller) by extensions ['ros']
[0.550s] Level 1:colcon.colcon_core.package_identification:_identify(src/agv_controller) by extension 'ros'
[0.551s] DEBUG:colcon.colcon_core.package_identification:Package 'src/agv_controller' with type 'ros.ament_cmake' and name 'agv_controller'
[0.551s] Level 1:colcon.colcon_core.package_identification:_identify(src/agv_msgs) by extensions ['ignore', 'ignore_ament_install']
[0.551s] Level 1:colcon.colcon_core.package_identification:_identify(src/agv_msgs) by extension 'ignore'
[0.551s] Level 1:colcon.colcon_core.package_identification:_identify(src/agv_msgs) by extension 'ignore_ament_install'
[0.551s] Level 1:colcon.colcon_core.package_identification:_identify(src/agv_msgs) by extensions ['colcon_pkg']
[0.551s] Level 1:colcon.colcon_core.package_identification:_identify(src/agv_msgs) by extension 'colcon_pkg'
[0.551s] Level 1:colcon.colcon_core.package_identification:_identify(src/agv_msgs) by extensions ['colcon_meta']
[0.551s] Level 1:colcon.colcon_core.package_identification:_identify(src/agv_msgs) by extension 'colcon_meta'
[0.551s] Level 1:colcon.colcon_core.package_identification:_identify(src/agv_msgs) by extensions ['ros']
[0.552s] Level 1:colcon.colcon_core.package_identification:_identify(src/agv_msgs) by extension 'ros'
[0.552s] DEBUG:colcon.colcon_core.package_identification:Package 'src/agv_msgs' with type 'ros.ament_cmake' and name 'agv_msgs'
[0.553s] Level 1:colcon.colcon_core.package_identification:_identify(src/agv_py_functions) by extensions ['ignore', 'ignore_ament_install']
[0.553s] Level 1:colcon.colcon_core.package_identification:_identify(src/agv_py_functions) by extension 'ignore'
[0.553s] Level 1:colcon.colcon_core.package_identification:_identify(src/agv_py_functions) by extension 'ignore_ament_install'
[0.553s] Level 1:colcon.colcon_core.package_identification:_identify(src/agv_py_functions) by extensions ['colcon_pkg']
[0.553s] Level 1:colcon.colcon_core.package_identification:_identify(src/agv_py_functions) by extension 'colcon_pkg'
[0.553s] Level 1:colcon.colcon_core.package_identification:_identify(src/agv_py_functions) by extensions ['colcon_meta']
[0.553s] Level 1:colcon.colcon_core.package_identification:_identify(src/agv_py_functions) by extension 'colcon_meta'
[0.553s] Level 1:colcon.colcon_core.package_identification:_identify(src/agv_py_functions) by extensions ['ros']
[0.553s] Level 1:colcon.colcon_core.package_identification:_identify(src/agv_py_functions) by extension 'ros'
[0.554s] DEBUG:colcon.colcon_core.package_identification:Package 'src/agv_py_functions' with type 'ros.ament_python' and name 'agv_py_functions'
[0.554s] Level 1:colcon.colcon_core.package_identification:_identify(src/build) by extensions ['ignore', 'ignore_ament_install']
[0.554s] Level 1:colcon.colcon_core.package_identification:_identify(src/build) by extension 'ignore'
[0.555s] Level 1:colcon.colcon_core.package_identification:_identify(src/build) ignored
[0.555s] Level 1:colcon.colcon_core.package_identification:_identify(src/canopen_kinco3) by extensions ['ignore', 'ignore_ament_install']
[0.555s] Level 1:colcon.colcon_core.package_identification:_identify(src/canopen_kinco3) by extension 'ignore'
[0.555s] Level 1:colcon.colcon_core.package_identification:_identify(src/canopen_kinco3) by extension 'ignore_ament_install'
[0.555s] Level 1:colcon.colcon_core.package_identification:_identify(src/canopen_kinco3) by extensions ['colcon_pkg']
[0.555s] Level 1:colcon.colcon_core.package_identification:_identify(src/canopen_kinco3) by extension 'colcon_pkg'
[0.555s] Level 1:colcon.colcon_core.package_identification:_identify(src/canopen_kinco3) by extensions ['colcon_meta']
[0.555s] Level 1:colcon.colcon_core.package_identification:_identify(src/canopen_kinco3) by extension 'colcon_meta'
[0.555s] Level 1:colcon.colcon_core.package_identification:_identify(src/canopen_kinco3) by extensions ['ros']
[0.555s] Level 1:colcon.colcon_core.package_identification:_identify(src/canopen_kinco3) by extension 'ros'
[0.556s] DEBUG:colcon.colcon_core.package_identification:Package 'src/canopen_kinco3' with type 'ros.ament_cmake' and name 'canopen_kinco3'
[0.556s] Level 1:colcon.colcon_core.package_identification:_identify(src/communication) by extensions ['ignore', 'ignore_ament_install']
[0.557s] Level 1:colcon.colcon_core.package_identification:_identify(src/communication) by extension 'ignore'
[0.557s] Level 1:colcon.colcon_core.package_identification:_identify(src/communication) by extension 'ignore_ament_install'
[0.557s] Level 1:colcon.colcon_core.package_identification:_identify(src/communication) by extensions ['colcon_pkg']
[0.557s] Level 1:colcon.colcon_core.package_identification:_identify(src/communication) by extension 'colcon_pkg'
[0.557s] Level 1:colcon.colcon_core.package_identification:_identify(src/communication) by extensions ['colcon_meta']
[0.557s] Level 1:colcon.colcon_core.package_identification:_identify(src/communication) by extension 'colcon_meta'
[0.557s] Level 1:colcon.colcon_core.package_identification:_identify(src/communication) by extensions ['ros']
[0.557s] Level 1:colcon.colcon_core.package_identification:_identify(src/communication) by extension 'ros'
[0.559s] DEBUG:colcon.colcon_core.package_identification:Package 'src/communication' with type 'ros.ament_python' and name 'communication'
[0.559s] Level 1:colcon.colcon_core.package_identification:_identify(src/install) by extensions ['ignore', 'ignore_ament_install']
[0.559s] Level 1:colcon.colcon_core.package_identification:_identify(src/install) by extension 'ignore'
[0.559s] Level 1:colcon.colcon_core.package_identification:_identify(src/install) ignored
[0.559s] Level 1:colcon.colcon_core.package_identification:_identify(src/log) by extensions ['ignore', 'ignore_ament_install']
[0.559s] Level 1:colcon.colcon_core.package_identification:_identify(src/log) by extension 'ignore'
[0.559s] Level 1:colcon.colcon_core.package_identification:_identify(src/log) ignored
[0.560s] Level 1:colcon.colcon_core.package_identification:_identify(src/my_simulation) by extensions ['ignore', 'ignore_ament_install']
[0.560s] Level 1:colcon.colcon_core.package_identification:_identify(src/my_simulation) by extension 'ignore'
[0.560s] Level 1:colcon.colcon_core.package_identification:_identify(src/my_simulation) by extension 'ignore_ament_install'
[0.560s] Level 1:colcon.colcon_core.package_identification:_identify(src/my_simulation) by extensions ['colcon_pkg']
[0.560s] Level 1:colcon.colcon_core.package_identification:_identify(src/my_simulation) by extension 'colcon_pkg'
[0.560s] Level 1:colcon.colcon_core.package_identification:_identify(src/my_simulation) by extensions ['colcon_meta']
[0.560s] Level 1:colcon.colcon_core.package_identification:_identify(src/my_simulation) by extension 'colcon_meta'
[0.560s] Level 1:colcon.colcon_core.package_identification:_identify(src/my_simulation) by extensions ['ros']
[0.560s] Level 1:colcon.colcon_core.package_identification:_identify(src/my_simulation) by extension 'ros'
[0.561s] DEBUG:colcon.colcon_core.package_identification:Package 'src/my_simulation' with type 'ros.ament_cmake' and name 'my_simulation'
[0.561s] Level 1:colcon.colcon_core.package_identification:_identify(src/pgv100-ros2) by extensions ['ignore', 'ignore_ament_install']
[0.561s] Level 1:colcon.colcon_core.package_identification:_identify(src/pgv100-ros2) by extension 'ignore'
[0.561s] Level 1:colcon.colcon_core.package_identification:_identify(src/pgv100-ros2) by extension 'ignore_ament_install'
[0.561s] Level 1:colcon.colcon_core.package_identification:_identify(src/pgv100-ros2) by extensions ['colcon_pkg']
[0.561s] Level 1:colcon.colcon_core.package_identification:_identify(src/pgv100-ros2) by extension 'colcon_pkg'
[0.561s] Level 1:colcon.colcon_core.package_identification:_identify(src/pgv100-ros2) by extensions ['colcon_meta']
[0.561s] Level 1:colcon.colcon_core.package_identification:_identify(src/pgv100-ros2) by extension 'colcon_meta'
[0.561s] Level 1:colcon.colcon_core.package_identification:_identify(src/pgv100-ros2) by extensions ['ros']
[0.561s] Level 1:colcon.colcon_core.package_identification:_identify(src/pgv100-ros2) by extension 'ros'
[0.562s] DEBUG:colcon.colcon_core.package_identification:Package 'src/pgv100-ros2' with type 'ros.ament_cmake' and name 'pgv100'
[0.562s] Level 1:colcon.colcon_core.package_identification:_identify(src/ros2_canopen) by extensions ['ignore', 'ignore_ament_install']
[0.563s] Level 1:colcon.colcon_core.package_identification:_identify(src/ros2_canopen) by extension 'ignore'
[0.563s] Level 1:colcon.colcon_core.package_identification:_identify(src/ros2_canopen) by extension 'ignore_ament_install'
[0.563s] Level 1:colcon.colcon_core.package_identification:_identify(src/ros2_canopen) by extensions ['colcon_pkg']
[0.563s] Level 1:colcon.colcon_core.package_identification:_identify(src/ros2_canopen) by extension 'colcon_pkg'
[0.563s] Level 1:colcon.colcon_core.package_identification:_identify(src/ros2_canopen) by extensions ['colcon_meta']
[0.563s] Level 1:colcon.colcon_core.package_identification:_identify(src/ros2_canopen) by extension 'colcon_meta'
[0.563s] Level 1:colcon.colcon_core.package_identification:_identify(src/ros2_canopen) by extensions ['ros']
[0.563s] Level 1:colcon.colcon_core.package_identification:_identify(src/ros2_canopen) by extension 'ros'
[0.563s] Level 1:colcon.colcon_core.package_identification:_identify(src/ros2_canopen) by extensions ['cmake', 'python']
[0.563s] Level 1:colcon.colcon_core.package_identification:_identify(src/ros2_canopen) by extension 'cmake'
[0.563s] Level 1:colcon.colcon_core.package_identification:_identify(src/ros2_canopen) by extension 'python'
[0.563s] Level 1:colcon.colcon_core.package_identification:_identify(src/ros2_canopen) by extensions ['python_setup_py']
[0.563s] Level 1:colcon.colcon_core.package_identification:_identify(src/ros2_canopen) by extension 'python_setup_py'
[0.563s] Level 1:colcon.colcon_core.package_identification:_identify(src/ros2_canopen/canopen) by extensions ['ignore', 'ignore_ament_install']
[0.564s] Level 1:colcon.colcon_core.package_identification:_identify(src/ros2_canopen/canopen) by extension 'ignore'
[0.564s] Level 1:colcon.colcon_core.package_identification:_identify(src/ros2_canopen/canopen) by extension 'ignore_ament_install'
[0.564s] Level 1:colcon.colcon_core.package_identification:_identify(src/ros2_canopen/canopen) by extensions ['colcon_pkg']
[0.564s] Level 1:colcon.colcon_core.package_identification:_identify(src/ros2_canopen/canopen) by extension 'colcon_pkg'
[0.564s] Level 1:colcon.colcon_core.package_identification:_identify(src/ros2_canopen/canopen) by extensions ['colcon_meta']
[0.564s] Level 1:colcon.colcon_core.package_identification:_identify(src/ros2_canopen/canopen) by extension 'colcon_meta'
[0.564s] Level 1:colcon.colcon_core.package_identification:_identify(src/ros2_canopen/canopen) by extensions ['ros']
[0.564s] Level 1:colcon.colcon_core.package_identification:_identify(src/ros2_canopen/canopen) by extension 'ros'
[0.565s] DEBUG:colcon.colcon_core.package_identification:Package 'src/ros2_canopen/canopen' with type 'ros.ament_cmake' and name 'canopen'
[0.565s] Level 1:colcon.colcon_core.package_identification:_identify(src/ros2_canopen/canopen_402_driver) by extensions ['ignore', 'ignore_ament_install']
[0.565s] Level 1:colcon.colcon_core.package_identification:_identify(src/ros2_canopen/canopen_402_driver) by extension 'ignore'
[0.565s] Level 1:colcon.colcon_core.package_identification:_identify(src/ros2_canopen/canopen_402_driver) by extension 'ignore_ament_install'
[0.565s] Level 1:colcon.colcon_core.package_identification:_identify(src/ros2_canopen/canopen_402_driver) by extensions ['colcon_pkg']
[0.565s] Level 1:colcon.colcon_core.package_identification:_identify(src/ros2_canopen/canopen_402_driver) by extension 'colcon_pkg'
[0.565s] Level 1:colcon.colcon_core.package_identification:_identify(src/ros2_canopen/canopen_402_driver) by extensions ['colcon_meta']
[0.565s] Level 1:colcon.colcon_core.package_identification:_identify(src/ros2_canopen/canopen_402_driver) by extension 'colcon_meta'
[0.565s] Level 1:colcon.colcon_core.package_identification:_identify(src/ros2_canopen/canopen_402_driver) by extensions ['ros']
[0.566s] Level 1:colcon.colcon_core.package_identification:_identify(src/ros2_canopen/canopen_402_driver) by extension 'ros'
[0.575s] DEBUG:colcon.colcon_core.package_identification:Package 'src/ros2_canopen/canopen_402_driver' with type 'ros.ament_cmake' and name 'canopen_402_driver'
[0.575s] Level 1:colcon.colcon_core.package_identification:_identify(src/ros2_canopen/canopen_base_driver) by extensions ['ignore', 'ignore_ament_install']
[0.575s] Level 1:colcon.colcon_core.package_identification:_identify(src/ros2_canopen/canopen_base_driver) by extension 'ignore'
[0.575s] Level 1:colcon.colcon_core.package_identification:_identify(src/ros2_canopen/canopen_base_driver) by extension 'ignore_ament_install'
[0.575s] Level 1:colcon.colcon_core.package_identification:_identify(src/ros2_canopen/canopen_base_driver) by extensions ['colcon_pkg']
[0.575s] Level 1:colcon.colcon_core.package_identification:_identify(src/ros2_canopen/canopen_base_driver) by extension 'colcon_pkg'
[0.575s] Level 1:colcon.colcon_core.package_identification:_identify(src/ros2_canopen/canopen_base_driver) by extensions ['colcon_meta']
[0.575s] Level 1:colcon.colcon_core.package_identification:_identify(src/ros2_canopen/canopen_base_driver) by extension 'colcon_meta'
[0.575s] Level 1:colcon.colcon_core.package_identification:_identify(src/ros2_canopen/canopen_base_driver) by extensions ['ros']
[0.576s] Level 1:colcon.colcon_core.package_identification:_identify(src/ros2_canopen/canopen_base_driver) by extension 'ros'
[0.578s] DEBUG:colcon.colcon_core.package_identification:Package 'src/ros2_canopen/canopen_base_driver' with type 'ros.ament_cmake' and name 'canopen_base_driver'
[0.578s] Level 1:colcon.colcon_core.package_identification:_identify(src/ros2_canopen/canopen_core) by extensions ['ignore', 'ignore_ament_install']
[0.578s] Level 1:colcon.colcon_core.package_identification:_identify(src/ros2_canopen/canopen_core) by extension 'ignore'
[0.578s] Level 1:colcon.colcon_core.package_identification:_identify(src/ros2_canopen/canopen_core) by extension 'ignore_ament_install'
[0.578s] Level 1:colcon.colcon_core.package_identification:_identify(src/ros2_canopen/canopen_core) by extensions ['colcon_pkg']
[0.579s] Level 1:colcon.colcon_core.package_identification:_identify(src/ros2_canopen/canopen_core) by extension 'colcon_pkg'
[0.579s] Level 1:colcon.colcon_core.package_identification:_identify(src/ros2_canopen/canopen_core) by extensions ['colcon_meta']
[0.579s] Level 1:colcon.colcon_core.package_identification:_identify(src/ros2_canopen/canopen_core) by extension 'colcon_meta'
[0.579s] Level 1:colcon.colcon_core.package_identification:_identify(src/ros2_canopen/canopen_core) by extensions ['ros']
[0.579s] Level 1:colcon.colcon_core.package_identification:_identify(src/ros2_canopen/canopen_core) by extension 'ros'
[0.581s] DEBUG:colcon.colcon_core.package_identification:Package 'src/ros2_canopen/canopen_core' with type 'ros.ament_cmake' and name 'canopen_core'
[0.581s] Level 1:colcon.colcon_core.package_identification:_identify(src/ros2_canopen/canopen_fake_slaves) by extensions ['ignore', 'ignore_ament_install']
[0.581s] Level 1:colcon.colcon_core.package_identification:_identify(src/ros2_canopen/canopen_fake_slaves) by extension 'ignore'
[0.581s] Level 1:colcon.colcon_core.package_identification:_identify(src/ros2_canopen/canopen_fake_slaves) by extension 'ignore_ament_install'
[0.581s] Level 1:colcon.colcon_core.package_identification:_identify(src/ros2_canopen/canopen_fake_slaves) by extensions ['colcon_pkg']
[0.581s] Level 1:colcon.colcon_core.package_identification:_identify(src/ros2_canopen/canopen_fake_slaves) by extension 'colcon_pkg'
[0.581s] Level 1:colcon.colcon_core.package_identification:_identify(src/ros2_canopen/canopen_fake_slaves) by extensions ['colcon_meta']
[0.581s] Level 1:colcon.colcon_core.package_identification:_identify(src/ros2_canopen/canopen_fake_slaves) by extension 'colcon_meta'
[0.582s] Level 1:colcon.colcon_core.package_identification:_identify(src/ros2_canopen/canopen_fake_slaves) by extensions ['ros']
[0.582s] Level 1:colcon.colcon_core.package_identification:_identify(src/ros2_canopen/canopen_fake_slaves) by extension 'ros'
[0.583s] DEBUG:colcon.colcon_core.package_identification:Package 'src/ros2_canopen/canopen_fake_slaves' with type 'ros.ament_cmake' and name 'canopen_fake_slaves'
[0.583s] Level 1:colcon.colcon_core.package_identification:_identify(src/ros2_canopen/canopen_interfaces) by extensions ['ignore', 'ignore_ament_install']
[0.583s] Level 1:colcon.colcon_core.package_identification:_identify(src/ros2_canopen/canopen_interfaces) by extension 'ignore'
[0.583s] Level 1:colcon.colcon_core.package_identification:_identify(src/ros2_canopen/canopen_interfaces) by extension 'ignore_ament_install'
[0.583s] Level 1:colcon.colcon_core.package_identification:_identify(src/ros2_canopen/canopen_interfaces) by extensions ['colcon_pkg']
[0.583s] Level 1:colcon.colcon_core.package_identification:_identify(src/ros2_canopen/canopen_interfaces) by extension 'colcon_pkg'
[0.583s] Level 1:colcon.colcon_core.package_identification:_identify(src/ros2_canopen/canopen_interfaces) by extensions ['colcon_meta']
[0.583s] Level 1:colcon.colcon_core.package_identification:_identify(src/ros2_canopen/canopen_interfaces) by extension 'colcon_meta'
[0.584s] Level 1:colcon.colcon_core.package_identification:_identify(src/ros2_canopen/canopen_interfaces) by extensions ['ros']
[0.584s] Level 1:colcon.colcon_core.package_identification:_identify(src/ros2_canopen/canopen_interfaces) by extension 'ros'
[0.584s] DEBUG:colcon.colcon_core.package_identification:Package 'src/ros2_canopen/canopen_interfaces' with type 'ros.ament_cmake' and name 'canopen_interfaces'
[0.585s] Level 1:colcon.colcon_core.package_identification:_identify(src/ros2_canopen/canopen_master_driver) by extensions ['ignore', 'ignore_ament_install']
[0.585s] Level 1:colcon.colcon_core.package_identification:_identify(src/ros2_canopen/canopen_master_driver) by extension 'ignore'
[0.585s] Level 1:colcon.colcon_core.package_identification:_identify(src/ros2_canopen/canopen_master_driver) by extension 'ignore_ament_install'
[0.585s] Level 1:colcon.colcon_core.package_identification:_identify(src/ros2_canopen/canopen_master_driver) by extensions ['colcon_pkg']
[0.585s] Level 1:colcon.colcon_core.package_identification:_identify(src/ros2_canopen/canopen_master_driver) by extension 'colcon_pkg'
[0.585s] Level 1:colcon.colcon_core.package_identification:_identify(src/ros2_canopen/canopen_master_driver) by extensions ['colcon_meta']
[0.585s] Level 1:colcon.colcon_core.package_identification:_identify(src/ros2_canopen/canopen_master_driver) by extension 'colcon_meta'
[0.585s] Level 1:colcon.colcon_core.package_identification:_identify(src/ros2_canopen/canopen_master_driver) by extensions ['ros']
[0.585s] Level 1:colcon.colcon_core.package_identification:_identify(src/ros2_canopen/canopen_master_driver) by extension 'ros'
[0.599s] DEBUG:colcon.colcon_core.package_identification:Package 'src/ros2_canopen/canopen_master_driver' with type 'ros.ament_cmake' and name 'canopen_master_driver'
[0.599s] Level 1:colcon.colcon_core.package_identification:_identify(src/ros2_canopen/canopen_proxy_driver) by extensions ['ignore', 'ignore_ament_install']
[0.599s] Level 1:colcon.colcon_core.package_identification:_identify(src/ros2_canopen/canopen_proxy_driver) by extension 'ignore'
[0.599s] Level 1:colcon.colcon_core.package_identification:_identify(src/ros2_canopen/canopen_proxy_driver) by extension 'ignore_ament_install'
[0.599s] Level 1:colcon.colcon_core.package_identification:_identify(src/ros2_canopen/canopen_proxy_driver) by extensions ['colcon_pkg']
[0.599s] Level 1:colcon.colcon_core.package_identification:_identify(src/ros2_canopen/canopen_proxy_driver) by extension 'colcon_pkg'
[0.599s] Level 1:colcon.colcon_core.package_identification:_identify(src/ros2_canopen/canopen_proxy_driver) by extensions ['colcon_meta']
[0.599s] Level 1:colcon.colcon_core.package_identification:_identify(src/ros2_canopen/canopen_proxy_driver) by extension 'colcon_meta'
[0.599s] Level 1:colcon.colcon_core.package_identification:_identify(src/ros2_canopen/canopen_proxy_driver) by extensions ['ros']
[0.599s] Level 1:colcon.colcon_core.package_identification:_identify(src/ros2_canopen/canopen_proxy_driver) by extension 'ros'
[0.601s] DEBUG:colcon.colcon_core.package_identification:Package 'src/ros2_canopen/canopen_proxy_driver' with type 'ros.ament_cmake' and name 'canopen_proxy_driver'
[0.602s] Level 1:colcon.colcon_core.package_identification:_identify(src/ros2_canopen/canopen_ros2_control) by extensions ['ignore', 'ignore_ament_install']
[0.602s] Level 1:colcon.colcon_core.package_identification:_identify(src/ros2_canopen/canopen_ros2_control) by extension 'ignore'
[0.602s] Level 1:colcon.colcon_core.package_identification:_identify(src/ros2_canopen/canopen_ros2_control) by extension 'ignore_ament_install'
[0.602s] Level 1:colcon.colcon_core.package_identification:_identify(src/ros2_canopen/canopen_ros2_control) by extensions ['colcon_pkg']
[0.602s] Level 1:colcon.colcon_core.package_identification:_identify(src/ros2_canopen/canopen_ros2_control) by extension 'colcon_pkg'
[0.602s] Level 1:colcon.colcon_core.package_identification:_identify(src/ros2_canopen/canopen_ros2_control) by extensions ['colcon_meta']
[0.602s] Level 1:colcon.colcon_core.package_identification:_identify(src/ros2_canopen/canopen_ros2_control) by extension 'colcon_meta'
[0.602s] Level 1:colcon.colcon_core.package_identification:_identify(src/ros2_canopen/canopen_ros2_control) by extensions ['ros']
[0.602s] Level 1:colcon.colcon_core.package_identification:_identify(src/ros2_canopen/canopen_ros2_control) by extension 'ros'
[0.604s] DEBUG:colcon.colcon_core.package_identification:Package 'src/ros2_canopen/canopen_ros2_control' with type 'ros.ament_cmake' and name 'canopen_ros2_control'
[0.604s] Level 1:colcon.colcon_core.package_identification:_identify(src/ros2_canopen/canopen_ros2_controllers) by extensions ['ignore', 'ignore_ament_install']
[0.605s] Level 1:colcon.colcon_core.package_identification:_identify(src/ros2_canopen/canopen_ros2_controllers) by extension 'ignore'
[0.605s] Level 1:colcon.colcon_core.package_identification:_identify(src/ros2_canopen/canopen_ros2_controllers) by extension 'ignore_ament_install'
[0.605s] Level 1:colcon.colcon_core.package_identification:_identify(src/ros2_canopen/canopen_ros2_controllers) by extensions ['colcon_pkg']
[0.605s] Level 1:colcon.colcon_core.package_identification:_identify(src/ros2_canopen/canopen_ros2_controllers) by extension 'colcon_pkg'
[0.605s] Level 1:colcon.colcon_core.package_identification:_identify(src/ros2_canopen/canopen_ros2_controllers) by extensions ['colcon_meta']
[0.605s] Level 1:colcon.colcon_core.package_identification:_identify(src/ros2_canopen/canopen_ros2_controllers) by extension 'colcon_meta'
[0.605s] Level 1:colcon.colcon_core.package_identification:_identify(src/ros2_canopen/canopen_ros2_controllers) by extensions ['ros']
[0.605s] Level 1:colcon.colcon_core.package_identification:_identify(src/ros2_canopen/canopen_ros2_controllers) by extension 'ros'
[0.608s] DEBUG:colcon.colcon_core.package_identification:Package 'src/ros2_canopen/canopen_ros2_controllers' with type 'ros.ament_cmake' and name 'canopen_ros2_controllers'
[0.608s] Level 1:colcon.colcon_core.package_identification:_identify(src/ros2_canopen/canopen_tests) by extensions ['ignore', 'ignore_ament_install']
[0.608s] Level 1:colcon.colcon_core.package_identification:_identify(src/ros2_canopen/canopen_tests) by extension 'ignore'
[0.608s] Level 1:colcon.colcon_core.package_identification:_identify(src/ros2_canopen/canopen_tests) by extension 'ignore_ament_install'
[0.609s] Level 1:colcon.colcon_core.package_identification:_identify(src/ros2_canopen/canopen_tests) by extensions ['colcon_pkg']
[0.609s] Level 1:colcon.colcon_core.package_identification:_identify(src/ros2_canopen/canopen_tests) by extension 'colcon_pkg'
[0.609s] Level 1:colcon.colcon_core.package_identification:_identify(src/ros2_canopen/canopen_tests) by extensions ['colcon_meta']
[0.609s] Level 1:colcon.colcon_core.package_identification:_identify(src/ros2_canopen/canopen_tests) by extension 'colcon_meta'
[0.609s] Level 1:colcon.colcon_core.package_identification:_identify(src/ros2_canopen/canopen_tests) by extensions ['ros']
[0.609s] Level 1:colcon.colcon_core.package_identification:_identify(src/ros2_canopen/canopen_tests) by extension 'ros'
[0.610s] DEBUG:colcon.colcon_core.package_identification:Package 'src/ros2_canopen/canopen_tests' with type 'ros.ament_cmake' and name 'canopen_tests'
[0.610s] Level 1:colcon.colcon_core.package_identification:_identify(src/ros2_canopen/canopen_utils) by extensions ['ignore', 'ignore_ament_install']
[0.610s] Level 1:colcon.colcon_core.package_identification:_identify(src/ros2_canopen/canopen_utils) by extension 'ignore'
[0.610s] Level 1:colcon.colcon_core.package_identification:_identify(src/ros2_canopen/canopen_utils) by extension 'ignore_ament_install'
[0.610s] Level 1:colcon.colcon_core.package_identification:_identify(src/ros2_canopen/canopen_utils) by extensions ['colcon_pkg']
[0.610s] Level 1:colcon.colcon_core.package_identification:_identify(src/ros2_canopen/canopen_utils) by extension 'colcon_pkg'
[0.610s] Level 1:colcon.colcon_core.package_identification:_identify(src/ros2_canopen/canopen_utils) by extensions ['colcon_meta']
[0.610s] Level 1:colcon.colcon_core.package_identification:_identify(src/ros2_canopen/canopen_utils) by extension 'colcon_meta'
[0.611s] Level 1:colcon.colcon_core.package_identification:_identify(src/ros2_canopen/canopen_utils) by extensions ['ros']
[0.611s] Level 1:colcon.colcon_core.package_identification:_identify(src/ros2_canopen/canopen_utils) by extension 'ros'
[0.612s] DEBUG:colcon.colcon_core.package_identification:Package 'src/ros2_canopen/canopen_utils' with type 'ros.ament_python' and name 'canopen_utils'
[0.612s] Level 1:colcon.colcon_core.package_identification:_identify(src/ros2_canopen/lely_core_libraries) by extensions ['ignore', 'ignore_ament_install']
[0.612s] Level 1:colcon.colcon_core.package_identification:_identify(src/ros2_canopen/lely_core_libraries) by extension 'ignore'
[0.612s] Level 1:colcon.colcon_core.package_identification:_identify(src/ros2_canopen/lely_core_libraries) by extension 'ignore_ament_install'
[0.612s] Level 1:colcon.colcon_core.package_identification:_identify(src/ros2_canopen/lely_core_libraries) by extensions ['colcon_pkg']
[0.612s] Level 1:colcon.colcon_core.package_identification:_identify(src/ros2_canopen/lely_core_libraries) by extension 'colcon_pkg'
[0.612s] Level 1:colcon.colcon_core.package_identification:_identify(src/ros2_canopen/lely_core_libraries) by extensions ['colcon_meta']
[0.612s] Level 1:colcon.colcon_core.package_identification:_identify(src/ros2_canopen/lely_core_libraries) by extension 'colcon_meta'
[0.613s] Level 1:colcon.colcon_core.package_identification:_identify(src/ros2_canopen/lely_core_libraries) by extensions ['ros']
[0.613s] Level 1:colcon.colcon_core.package_identification:_identify(src/ros2_canopen/lely_core_libraries) by extension 'ros'
[0.613s] DEBUG:colcon.colcon_core.package_identification:Package 'src/ros2_canopen/lely_core_libraries' with type 'ros.ament_cmake' and name 'lely_core_libraries'
[0.614s] Level 1:colcon.colcon_core.package_identification:_identify(src/wheel_control) by extensions ['ignore', 'ignore_ament_install']
[0.614s] Level 1:colcon.colcon_core.package_identification:_identify(src/wheel_control) by extension 'ignore'
[0.614s] Level 1:colcon.colcon_core.package_identification:_identify(src/wheel_control) by extension 'ignore_ament_install'
[0.614s] Level 1:colcon.colcon_core.package_identification:_identify(src/wheel_control) by extensions ['colcon_pkg']
[0.614s] Level 1:colcon.colcon_core.package_identification:_identify(src/wheel_control) by extension 'colcon_pkg'
[0.614s] Level 1:colcon.colcon_core.package_identification:_identify(src/wheel_control) by extensions ['colcon_meta']
[0.614s] Level 1:colcon.colcon_core.package_identification:_identify(src/wheel_control) by extension 'colcon_meta'
[0.614s] Level 1:colcon.colcon_core.package_identification:_identify(src/wheel_control) by extensions ['ros']
[0.614s] Level 1:colcon.colcon_core.package_identification:_identify(src/wheel_control) by extension 'ros'
[0.615s] DEBUG:colcon.colcon_core.package_identification:Package 'src/wheel_control' with type 'ros.ament_cmake' and name 'wheel_control'
[0.615s] Level 1:colcon.colcon_core.package_discovery:discover_packages(recursive) using defaults
[0.615s] Level 1:colcon.colcon_core.package_discovery:discover_packages(ignore) discover
[0.615s] Level 1:colcon.colcon_core.package_discovery:discover_packages(ignore) using defaults
[0.615s] Level 1:colcon.colcon_core.package_discovery:discover_packages(path) discover
[0.615s] Level 1:colcon.colcon_core.package_discovery:discover_packages(path) using defaults
[0.658s] INFO:colcon.colcon_core.package_selection:Skipping not selected package 'agv' in 'src/agv'
[0.658s] INFO:colcon.colcon_core.package_selection:Skipping not selected package 'agv_controller' in 'src/agv_controller'
[0.658s] INFO:colcon.colcon_core.package_selection:Skipping not selected package 'agv_msgs' in 'src/agv_msgs'
[0.658s] INFO:colcon.colcon_core.package_selection:Skipping not selected package 'agv_py_functions' in 'src/agv_py_functions'
[0.658s] INFO:colcon.colcon_core.package_selection:Skipping not selected package 'canopen_interfaces' in 'src/ros2_canopen/canopen_interfaces'
[0.658s] INFO:colcon.colcon_core.package_selection:Skipping not selected package 'communication' in 'src/communication'
[0.658s] INFO:colcon.colcon_core.package_selection:Skipping not selected package 'lely_core_libraries' in 'src/ros2_canopen/lely_core_libraries'
[0.658s] INFO:colcon.colcon_core.package_selection:Skipping not selected package 'my_simulation' in 'src/my_simulation'
[0.658s] INFO:colcon.colcon_core.package_selection:Skipping not selected package 'pgv100' in 'src/pgv100-ros2'
[0.658s] INFO:colcon.colcon_core.package_selection:Skipping not selected package 'canopen_core' in 'src/ros2_canopen/canopen_core'
[0.658s] INFO:colcon.colcon_core.package_selection:Skipping not selected package 'canopen_fake_slaves' in 'src/ros2_canopen/canopen_fake_slaves'
[0.658s] INFO:colcon.colcon_core.package_selection:Skipping not selected package 'canopen_utils' in 'src/ros2_canopen/canopen_utils'
[0.658s] INFO:colcon.colcon_core.package_selection:Skipping not selected package 'canopen_base_driver' in 'src/ros2_canopen/canopen_base_driver'
[0.658s] INFO:colcon.colcon_core.package_selection:Skipping not selected package 'canopen_master_driver' in 'src/ros2_canopen/canopen_master_driver'
[0.658s] INFO:colcon.colcon_core.package_selection:Skipping not selected package 'canopen_proxy_driver' in 'src/ros2_canopen/canopen_proxy_driver'
[0.658s] INFO:colcon.colcon_core.package_selection:Skipping not selected package 'canopen_402_driver' in 'src/ros2_canopen/canopen_402_driver'
[0.658s] INFO:colcon.colcon_core.package_selection:Skipping not selected package 'canopen' in 'src/ros2_canopen/canopen'
[0.659s] INFO:colcon.colcon_core.package_selection:Skipping not selected package 'canopen_ros2_control' in 'src/ros2_canopen/canopen_ros2_control'
[0.659s] INFO:colcon.colcon_core.package_selection:Skipping not selected package 'canopen_ros2_controllers' in 'src/ros2_canopen/canopen_ros2_controllers'
[0.659s] INFO:colcon.colcon_core.package_selection:Skipping not selected package 'canopen_kinco3' in 'src/canopen_kinco3'
[0.659s] INFO:colcon.colcon_core.package_selection:Skipping not selected package 'canopen_tests' in 'src/ros2_canopen/canopen_tests'
[0.659s] Level 1:colcon.colcon_core.package_discovery:discover_packages(prefix_path) check parameters
[0.659s] Level 1:colcon.colcon_core.package_discovery:discover_packages(prefix_path) discover
[0.662s] DEBUG:colcon.colcon_installed_package_information.package_discovery:Found 5 installed packages in /home/vboxuser/bumperbot_ws/install
[0.663s] DEBUG:colcon.colcon_installed_package_information.package_discovery:Found 2 installed packages in /home/vboxuser/ros2_ws/install
[0.666s] DEBUG:colcon.colcon_installed_package_information.package_discovery:Found 329 installed packages in /opt/ros/humble
[0.670s] Level 1:colcon.colcon_core.package_discovery:discover_packages(prefix_path) using defaults
[0.762s] Level 5:colcon.colcon_core.verb:set package 'wheel_control' build argument 'cmake_args' from command line to 'None'
[0.762s] Level 5:colcon.colcon_core.verb:set package 'wheel_control' build argument 'cmake_target' from command line to 'None'
[0.762s] Level 5:colcon.colcon_core.verb:set package 'wheel_control' build argument 'cmake_target_skip_unavailable' from command line to 'False'
[0.762s] Level 5:colcon.colcon_core.verb:set package 'wheel_control' build argument 'cmake_clean_cache' from command line to 'False'
[0.762s] Level 5:colcon.colcon_core.verb:set package 'wheel_control' build argument 'cmake_clean_first' from command line to 'False'
[0.762s] Level 5:colcon.colcon_core.verb:set package 'wheel_control' build argument 'cmake_force_configure' from command line to 'False'
[0.762s] Level 5:colcon.colcon_core.verb:set package 'wheel_control' build argument 'ament_cmake_args' from command line to 'None'
[0.762s] Level 5:colcon.colcon_core.verb:set package 'wheel_control' build argument 'catkin_cmake_args' from command line to 'None'
[0.762s] Level 5:colcon.colcon_core.verb:set package 'wheel_control' build argument 'catkin_skip_building_tests' from command line to 'False'
[0.763s] DEBUG:colcon.colcon_core.verb:Building package 'wheel_control' with the following arguments: {'ament_cmake_args': None, 'build_base': '/home/vboxuser/agv_ws/build/wheel_control', 'catkin_cmake_args': None, 'catkin_skip_building_tests': False, 'cmake_args': None, 'cmake_clean_cache': False, 'cmake_clean_first': False, 'cmake_force_configure': False, 'cmake_target': None, 'cmake_target_skip_unavailable': False, 'install_base': '/home/vboxuser/agv_ws/install/wheel_control', 'merge_install': False, 'path': '/home/vboxuser/agv_ws/src/wheel_control', 'symlink_install': False, 'test_result_base': None}
[0.763s] INFO:colcon.colcon_core.executor:Executing jobs using 'parallel' executor
[0.766s] DEBUG:colcon.colcon_parallel_executor.executor.parallel:run_until_complete
[0.766s] INFO:colcon.colcon_ros.task.ament_cmake.build:Building ROS package in '/home/vboxuser/agv_ws/src/wheel_control' with build type 'ament_cmake'
[0.766s] INFO:colcon.colcon_cmake.task.cmake.build:Building CMake package in '/home/vboxuser/agv_ws/src/wheel_control'
[0.769s] INFO:colcon.colcon_core.plugin_system:Skipping extension 'colcon_core.shell.bat': Not used on non-Windows systems
[0.769s] INFO:colcon.colcon_core.shell:Skip shell extension 'powershell' for command environment: Not usable outside of PowerShell
[0.769s] DEBUG:colcon.colcon_core.shell:Skip shell extension 'dsv' for command environment
[0.783s] DEBUG:colcon.colcon_core.event_handler.log_command:Invoking command in '/home/vboxuser/agv_ws/build/wheel_control': CMAKE_PREFIX_PATH=${CMAKE_PREFIX_PATH}:/home/vboxuser/bumperbot_ws/install/bumperbot_py_examples:/home/vboxuser/ros2_ws/install/my_py_pkg:/opt/ros/humble /usr/bin/cmake --build /home/vboxuser/agv_ws/build/wheel_control -- -j4 -l4
[0.852s] DEBUG:colcon.colcon_core.event_handler.log_command:Invoked command in '/home/vboxuser/agv_ws/build/wheel_control' returned '2': CMAKE_PREFIX_PATH=${CMAKE_PREFIX_PATH}:/home/vboxuser/bumperbot_ws/install/bumperbot_py_examples:/home/vboxuser/ros2_ws/install/my_py_pkg:/opt/ros/humble /usr/bin/cmake --build /home/vboxuser/agv_ws/build/wheel_control -- -j4 -l4
[0.881s] Level 1:colcon.colcon_core.environment:create_environment_scripts_only(wheel_control)
[0.885s] Level 1:colcon.colcon_core.environment:checking '/home/vboxuser/agv_ws/install/wheel_control' for CMake module files
[0.886s] Level 1:colcon.colcon_core.environment:checking '/home/vboxuser/agv_ws/install/wheel_control' for CMake config files
[0.886s] Level 1:colcon.colcon_core.shell:create_environment_hook('wheel_control', 'cmake_prefix_path')
[0.887s] INFO:colcon.colcon_core.shell:Creating environment hook '/home/vboxuser/agv_ws/install/wheel_control/share/wheel_control/hook/cmake_prefix_path.ps1'
[0.888s] INFO:colcon.colcon_core.shell:Creating environment descriptor '/home/vboxuser/agv_ws/install/wheel_control/share/wheel_control/hook/cmake_prefix_path.dsv'
[0.889s] INFO:colcon.colcon_core.shell:Creating environment hook '/home/vboxuser/agv_ws/install/wheel_control/share/wheel_control/hook/cmake_prefix_path.sh'
[0.891s] Level 1:colcon.colcon_core.environment:checking '/home/vboxuser/agv_ws/install/wheel_control/bin'
[0.892s] Level 1:colcon.colcon_core.environment:checking '/home/vboxuser/agv_ws/install/wheel_control/lib/pkgconfig/wheel_control.pc'
[0.893s] Level 1:colcon.colcon_core.environment:checking '/home/vboxuser/agv_ws/install/wheel_control/lib/python3.10/site-packages'
[0.893s] Level 1:colcon.colcon_core.environment:checking '/home/vboxuser/agv_ws/install/wheel_control/bin'
[0.894s] INFO:colcon.colcon_core.shell:Creating package script '/home/vboxuser/agv_ws/install/wheel_control/share/wheel_control/package.ps1'
[0.896s] INFO:colcon.colcon_core.shell:Creating package descriptor '/home/vboxuser/agv_ws/install/wheel_control/share/wheel_control/package.dsv'
[0.897s] INFO:colcon.colcon_core.shell:Creating package script '/home/vboxuser/agv_ws/install/wheel_control/share/wheel_control/package.sh'
[0.898s] INFO:colcon.colcon_core.shell:Creating package script '/home/vboxuser/agv_ws/install/wheel_control/share/wheel_control/package.bash'
[0.901s] INFO:colcon.colcon_core.shell:Creating package script '/home/vboxuser/agv_ws/install/wheel_control/share/wheel_control/package.zsh'
[0.904s] Level 1:colcon.colcon_core.environment:create_file_with_runtime_dependencies(/home/vboxuser/agv_ws/install/wheel_control/share/colcon-core/packages/wheel_control)
[0.916s] DEBUG:colcon.colcon_parallel_executor.executor.parallel:closing loop
[0.916s] DEBUG:colcon.colcon_parallel_executor.executor.parallel:loop closed
[0.916s] DEBUG:colcon.colcon_parallel_executor.executor.parallel:run_until_complete finished with '2'
[0.916s] DEBUG:colcon.colcon_core.event_reactor:joining thread
[0.923s] INFO:colcon.colcon_core.plugin_system:Skipping extension 'colcon_notification.desktop_notification.terminal_notifier': Not used on non-Darwin systems
[0.923s] INFO:colcon.colcon_core.plugin_system:Skipping extension 'colcon_notification.desktop_notification.win32': Not used on non-Windows systems
[0.923s] INFO:colcon.colcon_notification.desktop_notification:Sending desktop notification using 'notify2'
[0.947s] DEBUG:colcon.colcon_core.event_reactor:joined thread
[0.948s] INFO:colcon.colcon_core.shell:Creating prefix script '/home/vboxuser/agv_ws/install/local_setup.ps1'
[0.949s] INFO:colcon.colcon_core.shell:Creating prefix util module '/home/vboxuser/agv_ws/install/_local_setup_util_ps1.py'
[0.952s] INFO:colcon.colcon_core.shell:Creating prefix chain script '/home/vboxuser/agv_ws/install/setup.ps1'
[0.955s] INFO:colcon.colcon_core.shell:Creating prefix script '/home/vboxuser/agv_ws/install/local_setup.sh'
[0.956s] INFO:colcon.colcon_core.shell:Creating prefix util module '/home/vboxuser/agv_ws/install/_local_setup_util_sh.py'
[0.956s] INFO:colcon.colcon_core.shell:Creating prefix chain script '/home/vboxuser/agv_ws/install/setup.sh'
[0.959s] INFO:colcon.colcon_core.shell:Creating prefix script '/home/vboxuser/agv_ws/install/local_setup.bash'
[0.960s] INFO:colcon.colcon_core.shell:Creating prefix chain script '/home/vboxuser/agv_ws/install/setup.bash'
[0.963s] INFO:colcon.colcon_core.shell:Creating prefix script '/home/vboxuser/agv_ws/install/local_setup.zsh'
[0.963s] INFO:colcon.colcon_core.shell:Creating prefix chain script '/home/vboxuser/agv_ws/install/setup.zsh'
