[0.508s] Invoking command in '/home/vboxuser/agv_ws/build/agv_controller': /usr/bin/cmake /home/vboxuser/agv_ws/src/agv_controller -DCATKIN_INSTALL_INTO_PREFIX_ROOT=0 -DCMAKE_INSTALL_PREFIX=/home/vboxuser/agv_ws/install/agv_controller
[1.161s] -- Configuring incomplete, errors occurred!
[1.162s] See also "/home/vboxuser/agv_ws/build/agv_controller/CMakeFiles/CMakeOutput.log".
[1.162s] [31mCMake Error at CMakeLists.txt:4 (find_package):
[1.162s]   By not providing "Findcatkin.cmake" in CMAKE_MODULE_PATH this project has
[1.162s]   asked CMake to find a package configuration file provided by "catkin", but
[1.163s]   CMake did not find one.
[1.163s] 
[1.163s]   Could not find a package configuration file provided by "catkin" with any
[1.163s]   of the following names:
[1.163s] 
[1.163s]     catkinConfig.cmake
[1.163s]     catkin-config.cmake
[1.163s] 
[1.164s]   Add the installation prefix of "catkin" to CMAKE_PREFIX_PATH or set
[1.165s]   "catkin_DIR" to a directory containing one of the above files.  If "catkin"
[1.165s]   provides a separate development package or SDK, be sure it has been
[1.166s]   installed.
[1.166s] 
[1.166s] [0m
[1.170s] Invoked command in '/home/vboxuser/agv_ws/build/agv_controller' returned '1': /usr/bin/cmake /home/vboxuser/agv_ws/src/agv_controller -DCATKIN_INSTALL_INTO_PREFIX_ROOT=0 -DCMAKE_INSTALL_PREFIX=/home/vboxuser/agv_ws/install/agv_controller
