[2.981s] Invoking command in '/home/vboxuser/agv_ws/src/agv_py_functions': PYTHONPATH=/home/vboxuser/agv_ws/build/agv_py_functions/prefix_override:/home/vboxuser/agv_ws/install/agv_py_functions/lib/python3.10/site-packages:${PYTHONPATH} /usr/bin/python3 setup.py egg_info --egg-base ../../build/agv_py_functions build --build-base /home/vboxuser/agv_ws/build/agv_py_functions/build install --record /home/vboxuser/agv_ws/build/agv_py_functions/install.log --single-version-externally-managed
[3.546s] running egg_info
[3.546s] writing ../../build/agv_py_functions/agv_py_functions.egg-info/PKG-INFO
[3.547s] writing dependency_links to ../../build/agv_py_functions/agv_py_functions.egg-info/dependency_links.txt
[3.547s] writing entry points to ../../build/agv_py_functions/agv_py_functions.egg-info/entry_points.txt
[3.547s] writing requirements to ../../build/agv_py_functions/agv_py_functions.egg-info/requires.txt
[3.547s] writing top-level names to ../../build/agv_py_functions/agv_py_functions.egg-info/top_level.txt
[3.554s] reading manifest file '../../build/agv_py_functions/agv_py_functions.egg-info/SOURCES.txt'
[3.554s] writing manifest file '../../build/agv_py_functions/agv_py_functions.egg-info/SOURCES.txt'
[3.554s] running build
[3.554s] running build_py
[3.555s] running install
[3.555s] running install_lib
[3.561s] running install_data
[3.561s] running install_egg_info
[3.561s] removing '/home/vboxuser/agv_ws/install/agv_py_functions/lib/python3.10/site-packages/agv_py_functions-0.0.0-py3.10.egg-info' (and everything under it)
[3.562s] Copying ../../build/agv_py_functions/agv_py_functions.egg-info to /home/vboxuser/agv_ws/install/agv_py_functions/lib/python3.10/site-packages/agv_py_functions-0.0.0-py3.10.egg-info
[3.562s] running install_scripts
[3.606s] Installing simple_parameter script to /home/vboxuser/agv_ws/install/agv_py_functions/lib/agv_py_functions
[3.607s] Installing simple_publisher script to /home/vboxuser/agv_ws/install/agv_py_functions/lib/agv_py_functions
[3.613s] Installing simple_subscriber script to /home/vboxuser/agv_ws/install/agv_py_functions/lib/agv_py_functions
[3.613s] writing list of installed files to '/home/vboxuser/agv_ws/build/agv_py_functions/install.log'
[3.670s] Invoked command in '/home/vboxuser/agv_ws/src/agv_py_functions' returned '0': PYTHONPATH=/home/vboxuser/agv_ws/build/agv_py_functions/prefix_override:/home/vboxuser/agv_ws/install/agv_py_functions/lib/python3.10/site-packages:${PYTHONPATH} /usr/bin/python3 setup.py egg_info --egg-base ../../build/agv_py_functions build --build-base /home/vboxuser/agv_ws/build/agv_py_functions/build install --record /home/vboxuser/agv_ws/build/agv_py_functions/install.log --single-version-externally-managed
