[0.052s] Invoking command in '/home/vboxuser/agv_ws/build/agv': CMAKE_PREFIX_PATH=${CMAKE_PREFIX_PATH}:/home/vboxuser/bumperbot_ws/install/bumperbot_py_examples:/home/vboxuser/ros2_ws/install/my_py_pkg:/opt/ros/humble /usr/bin/cmake --build /home/vboxuser/agv_ws/build/agv -- -j4 -l4
[0.200s] Invoked command in '/home/vboxuser/agv_ws/build/agv' returned '0': CMAKE_PREFIX_PATH=${CMAKE_PREFIX_PATH}:/home/vboxuser/bumperbot_ws/install/bumperbot_py_examples:/home/vboxuser/ros2_ws/install/my_py_pkg:/opt/ros/humble /usr/bin/cmake --build /home/vboxuser/agv_ws/build/agv -- -j4 -l4
[0.325s] Invoking command in '/home/vboxuser/agv_ws/build/agv': CMAKE_PREFIX_PATH=${CMAKE_PREFIX_PATH}:/home/vboxuser/bumperbot_ws/install/bumperbot_py_examples:/home/vboxuser/ros2_ws/install/my_py_pkg:/opt/ros/humble /usr/bin/cmake --install /home/vboxuser/agv_ws/build/agv
[0.342s] -- Install configuration: ""
[0.347s] -- Up-to-date: /home/vboxuser/agv_ws/install/agv/share/agv/meshes
[0.348s] -- Up-to-date: /home/vboxuser/agv_ws/install/agv/share/agv/meshes/WheelLeft.stl
[0.348s] -- Up-to-date: /home/vboxuser/agv_ws/install/agv/share/agv/meshes/wheel_left_link.stl
[0.349s] -- Up-to-date: /home/vboxuser/agv_ws/install/agv/share/agv/meshes/MainBody.stl
[0.350s] -- Up-to-date: /home/vboxuser/agv_ws/install/agv/share/agv/meshes/ring.stl
[0.350s] -- Up-to-date: /home/vboxuser/agv_ws/install/agv/share/agv/meshes/WheelRight.stl
[0.350s] -- Up-to-date: /home/vboxuser/agv_ws/install/agv/share/agv/meshes/Platform.stl
[0.350s] -- Up-to-date: /home/vboxuser/agv_ws/install/agv/share/agv/meshes/imu_link.STL
[0.350s] -- Up-to-date: /home/vboxuser/agv_ws/install/agv/share/agv/meshes/wheel_right_link.STL
[0.350s] -- Up-to-date: /home/vboxuser/agv_ws/install/agv/share/agv/meshes/old
[0.352s] -- Up-to-date: /home/vboxuser/agv_ws/install/agv/share/agv/meshes/old/caster_front_link.STL
[0.352s] -- Up-to-date: /home/vboxuser/agv_ws/install/agv/share/agv/meshes/old/Camera.stl
[0.352s] -- Up-to-date: /home/vboxuser/agv_ws/install/agv/share/agv/meshes/old/caster_rear_link.STL
[0.352s] -- Up-to-date: /home/vboxuser/agv_ws/install/agv/share/agv/meshes/old/Cartwheel.stl
[0.353s] -- Up-to-date: /home/vboxuser/agv_ws/install/agv/share/agv/meshes/old/Part7.stl
[0.353s] -- Up-to-date: /home/vboxuser/agv_ws/install/agv/share/agv/meshes/old/base_link.STL
[0.353s] -- Up-to-date: /home/vboxuser/agv_ws/install/agv/share/agv/urdf
[0.353s] -- Up-to-date: /home/vboxuser/agv_ws/install/agv/share/agv/urdf/agv.urdf.xacro
[0.353s] -- Up-to-date: /home/vboxuser/agv_ws/install/agv/share/agv/urdf/tria;.xml
[0.354s] -- Up-to-date: /home/vboxuser/agv_ws/install/agv/share/agv/urdf/agv_gazebo.xacro
[0.354s] -- Up-to-date: /home/vboxuser/agv_ws/install/agv/share/agv/launch
[0.358s] -- Up-to-date: /home/vboxuser/agv_ws/install/agv/share/agv/launch/gazebo.launch.py
[0.358s] -- Up-to-date: /home/vboxuser/agv_ws/install/agv/share/agv/launch/display.launch.py
[0.358s] -- Up-to-date: /home/vboxuser/agv_ws/install/agv/share/agv/rviz
[0.360s] -- Up-to-date: /home/vboxuser/agv_ws/install/agv/share/agv/rviz/default.rviz
[0.362s] -- Up-to-date: /home/vboxuser/agv_ws/install/agv/share/ament_index/resource_index/package_run_dependencies/agv
[0.363s] -- Up-to-date: /home/vboxuser/agv_ws/install/agv/share/ament_index/resource_index/parent_prefix_path/agv
[0.364s] -- Up-to-date: /home/vboxuser/agv_ws/install/agv/share/agv/environment/ament_prefix_path.sh
[0.364s] -- Up-to-date: /home/vboxuser/agv_ws/install/agv/share/agv/environment/ament_prefix_path.dsv
[0.365s] -- Up-to-date: /home/vboxuser/agv_ws/install/agv/share/agv/environment/path.sh
[0.365s] -- Up-to-date: /home/vboxuser/agv_ws/install/agv/share/agv/environment/path.dsv
[0.365s] -- Up-to-date: /home/vboxuser/agv_ws/install/agv/share/agv/local_setup.bash
[0.365s] -- Up-to-date: /home/vboxuser/agv_ws/install/agv/share/agv/local_setup.sh
[0.366s] -- Up-to-date: /home/vboxuser/agv_ws/install/agv/share/agv/local_setup.zsh
[0.366s] -- Up-to-date: /home/vboxuser/agv_ws/install/agv/share/agv/local_setup.dsv
[0.366s] -- Installing: /home/vboxuser/agv_ws/install/agv/share/agv/package.dsv
[0.366s] -- Up-to-date: /home/vboxuser/agv_ws/install/agv/share/ament_index/resource_index/packages/agv
[0.370s] -- Up-to-date: /home/vboxuser/agv_ws/install/agv/share/agv/cmake/agvConfig.cmake
[0.370s] -- Up-to-date: /home/vboxuser/agv_ws/install/agv/share/agv/cmake/agvConfig-version.cmake
[0.370s] -- Up-to-date: /home/vboxuser/agv_ws/install/agv/share/agv/package.xml
[0.373s] Invoked command in '/home/vboxuser/agv_ws/build/agv' returned '0': CMAKE_PREFIX_PATH=${CMAKE_PREFIX_PATH}:/home/vboxuser/bumperbot_ws/install/bumperbot_py_examples:/home/vboxuser/ros2_ws/install/my_py_pkg:/opt/ros/humble /usr/bin/cmake --install /home/vboxuser/agv_ws/build/agv
