[1.751s] DEBUG:colcon:Command line arguments: ['/usr/bin/colcon', 'build']
[1.751s] DEBUG:colcon:Parsed command line arguments: Namespace(log_base=None, log_level=None, verb_name='build', build_base='build', install_base='install', merge_install=False, symlink_install=False, test_result_base=None, continue_on_error=False, executor='parallel', parallel_workers=4, event_handlers=None, ignore_user_meta=False, metas=['./colcon.meta'], base_paths=['.'], packages_ignore=None, packages_ignore_regex=None, paths=None, packages_up_to=None, packages_up_to_regex=None, packages_above=None, packages_above_and_dependencies=None, packages_above_depth=None, packages_select_by_dep=None, packages_skip_by_dep=None, packages_skip_up_to=None, packages_select_build_failed=False, packages_skip_build_finished=False, packages_select_test_failures=False, packages_skip_test_passed=False, packages_select=None, packages_skip=None, packages_select_regex=None, packages_skip_regex=None, packages_start=None, packages_end=None, allow_overriding=[], cmake_args=None, cmake_target=None, cmake_target_skip_unavailable=False, cmake_clean_cache=False, cmake_clean_first=False, cmake_force_configure=False, ament_cmake_args=None, catkin_cmake_args=None, catkin_skip_building_tests=False, verb_parser=<colcon_defaults.argument_parser.defaults.DefaultArgumentsDecorator object at 0x7f47ebb81bd0>, verb_extension=<colcon_core.verb.build.BuildVerb object at 0x7f47ebb829e0>, main=<bound method BuildVerb.main of <colcon_core.verb.build.BuildVerb object at 0x7f47ebb829e0>>)
[1.822s] Level 1:colcon.colcon_core.package_discovery:discover_packages(colcon_meta) check parameters
[1.822s] Level 1:colcon.colcon_core.package_discovery:discover_packages(recursive) check parameters
[1.822s] Level 1:colcon.colcon_core.package_discovery:discover_packages(ignore) check parameters
[1.822s] Level 1:colcon.colcon_core.package_discovery:discover_packages(path) check parameters
[1.823s] Level 1:colcon.colcon_core.package_discovery:discover_packages(colcon_meta) discover
[1.823s] Level 1:colcon.colcon_core.package_discovery:discover_packages(recursive) discover
[1.823s] INFO:colcon.colcon_core.package_discovery:Crawling recursively for packages in '/home/vboxuser/agv_ws'
[1.823s] Level 1:colcon.colcon_core.package_identification:_identify(.) by extensions ['ignore', 'ignore_ament_install']
[1.823s] Level 1:colcon.colcon_core.package_identification:_identify(.) by extension 'ignore'
[1.823s] Level 1:colcon.colcon_core.package_identification:_identify(.) by extension 'ignore_ament_install'
[1.823s] Level 1:colcon.colcon_core.package_identification:_identify(.) by extensions ['colcon_pkg']
[1.823s] Level 1:colcon.colcon_core.package_identification:_identify(.) by extension 'colcon_pkg'
[1.823s] Level 1:colcon.colcon_core.package_identification:_identify(.) by extensions ['colcon_meta']
[1.823s] Level 1:colcon.colcon_core.package_identification:_identify(.) by extension 'colcon_meta'
[1.823s] Level 1:colcon.colcon_core.package_identification:_identify(.) by extensions ['ros']
[1.823s] Level 1:colcon.colcon_core.package_identification:_identify(.) by extension 'ros'
[1.842s] Level 1:colcon.colcon_core.package_identification:_identify(.) by extensions ['cmake', 'python']
[1.842s] Level 1:colcon.colcon_core.package_identification:_identify(.) by extension 'cmake'
[1.842s] Level 1:colcon.colcon_core.package_identification:_identify(.) by extension 'python'
[1.842s] Level 1:colcon.colcon_core.package_identification:_identify(.) by extensions ['python_setup_py']
[1.842s] Level 1:colcon.colcon_core.package_identification:_identify(.) by extension 'python_setup_py'
[1.843s] Level 1:colcon.colcon_core.package_identification:_identify(build) by extensions ['ignore', 'ignore_ament_install']
[1.843s] Level 1:colcon.colcon_core.package_identification:_identify(build) by extension 'ignore'
[1.843s] Level 1:colcon.colcon_core.package_identification:_identify(build) ignored
[1.843s] Level 1:colcon.colcon_core.package_identification:_identify(install) by extensions ['ignore', 'ignore_ament_install']
[1.843s] Level 1:colcon.colcon_core.package_identification:_identify(install) by extension 'ignore'
[1.843s] Level 1:colcon.colcon_core.package_identification:_identify(install) ignored
[1.843s] Level 1:colcon.colcon_core.package_identification:_identify(log) by extensions ['ignore', 'ignore_ament_install']
[1.843s] Level 1:colcon.colcon_core.package_identification:_identify(log) by extension 'ignore'
[1.843s] Level 1:colcon.colcon_core.package_identification:_identify(log) ignored
[1.844s] Level 1:colcon.colcon_core.package_identification:_identify(src) by extensions ['ignore', 'ignore_ament_install']
[1.844s] Level 1:colcon.colcon_core.package_identification:_identify(src) by extension 'ignore'
[1.844s] Level 1:colcon.colcon_core.package_identification:_identify(src) by extension 'ignore_ament_install'
[1.844s] Level 1:colcon.colcon_core.package_identification:_identify(src) by extensions ['colcon_pkg']
[1.844s] Level 1:colcon.colcon_core.package_identification:_identify(src) by extension 'colcon_pkg'
[1.844s] Level 1:colcon.colcon_core.package_identification:_identify(src) by extensions ['colcon_meta']
[1.844s] Level 1:colcon.colcon_core.package_identification:_identify(src) by extension 'colcon_meta'
[1.844s] Level 1:colcon.colcon_core.package_identification:_identify(src) by extensions ['ros']
[1.844s] Level 1:colcon.colcon_core.package_identification:_identify(src) by extension 'ros'
[1.844s] Level 1:colcon.colcon_core.package_identification:_identify(src) by extensions ['cmake', 'python']
[1.844s] Level 1:colcon.colcon_core.package_identification:_identify(src) by extension 'cmake'
[1.844s] Level 1:colcon.colcon_core.package_identification:_identify(src) by extension 'python'
[1.844s] Level 1:colcon.colcon_core.package_identification:_identify(src) by extensions ['python_setup_py']
[1.844s] Level 1:colcon.colcon_core.package_identification:_identify(src) by extension 'python_setup_py'
[1.845s] Level 1:colcon.colcon_core.package_identification:_identify(src/agv) by extensions ['ignore', 'ignore_ament_install']
[1.845s] Level 1:colcon.colcon_core.package_identification:_identify(src/agv) by extension 'ignore'
[1.845s] Level 1:colcon.colcon_core.package_identification:_identify(src/agv) by extension 'ignore_ament_install'
[1.845s] Level 1:colcon.colcon_core.package_identification:_identify(src/agv) by extensions ['colcon_pkg']
[1.845s] Level 1:colcon.colcon_core.package_identification:_identify(src/agv) by extension 'colcon_pkg'
[1.845s] Level 1:colcon.colcon_core.package_identification:_identify(src/agv) by extensions ['colcon_meta']
[1.845s] Level 1:colcon.colcon_core.package_identification:_identify(src/agv) by extension 'colcon_meta'
[1.845s] Level 1:colcon.colcon_core.package_identification:_identify(src/agv) by extensions ['ros']
[1.845s] Level 1:colcon.colcon_core.package_identification:_identify(src/agv) by extension 'ros'
[1.849s] DEBUG:colcon.colcon_core.package_identification:Package 'src/agv' with type 'ros.ament_cmake' and name 'agv'
[1.849s] Level 1:colcon.colcon_core.package_identification:_identify(src/agv_py_functions) by extensions ['ignore', 'ignore_ament_install']
[1.849s] Level 1:colcon.colcon_core.package_identification:_identify(src/agv_py_functions) by extension 'ignore'
[1.849s] Level 1:colcon.colcon_core.package_identification:_identify(src/agv_py_functions) by extension 'ignore_ament_install'
[1.849s] Level 1:colcon.colcon_core.package_identification:_identify(src/agv_py_functions) by extensions ['colcon_pkg']
[1.849s] Level 1:colcon.colcon_core.package_identification:_identify(src/agv_py_functions) by extension 'colcon_pkg'
[1.849s] Level 1:colcon.colcon_core.package_identification:_identify(src/agv_py_functions) by extensions ['colcon_meta']
[1.849s] Level 1:colcon.colcon_core.package_identification:_identify(src/agv_py_functions) by extension 'colcon_meta'
[1.849s] Level 1:colcon.colcon_core.package_identification:_identify(src/agv_py_functions) by extensions ['ros']
[1.850s] Level 1:colcon.colcon_core.package_identification:_identify(src/agv_py_functions) by extension 'ros'
[1.850s] DEBUG:colcon.colcon_core.package_identification:Package 'src/agv_py_functions' with type 'ros.ament_python' and name 'agv_py_functions'
[1.850s] Level 1:colcon.colcon_core.package_discovery:discover_packages(recursive) using defaults
[1.850s] Level 1:colcon.colcon_core.package_discovery:discover_packages(ignore) discover
[1.850s] Level 1:colcon.colcon_core.package_discovery:discover_packages(ignore) using defaults
[1.851s] Level 1:colcon.colcon_core.package_discovery:discover_packages(path) discover
[1.851s] Level 1:colcon.colcon_core.package_discovery:discover_packages(path) using defaults
[1.999s] Level 1:colcon.colcon_core.package_discovery:discover_packages(prefix_path) check parameters
[1.999s] Level 1:colcon.colcon_core.package_discovery:discover_packages(prefix_path) discover
[2.055s] DEBUG:colcon.colcon_installed_package_information.package_discovery:Found 2 installed packages in /home/vboxuser/agv_ws/install
[2.080s] DEBUG:colcon.colcon_installed_package_information.package_discovery:Found 1 installed packages in /home/vboxuser/install
[2.104s] DEBUG:colcon.colcon_installed_package_information.package_discovery:Found 1 installed packages in /home/vboxuser/ros2_ws/install
[2.130s] DEBUG:colcon.colcon_installed_package_information.package_discovery:Found 329 installed packages in /opt/ros/humble
[2.134s] Level 1:colcon.colcon_core.package_discovery:discover_packages(prefix_path) using defaults
[2.323s] Level 5:colcon.colcon_core.verb:set package 'agv' build argument 'cmake_args' from command line to 'None'
[2.323s] Level 5:colcon.colcon_core.verb:set package 'agv' build argument 'cmake_target' from command line to 'None'
[2.323s] Level 5:colcon.colcon_core.verb:set package 'agv' build argument 'cmake_target_skip_unavailable' from command line to 'False'
[2.323s] Level 5:colcon.colcon_core.verb:set package 'agv' build argument 'cmake_clean_cache' from command line to 'False'
[2.323s] Level 5:colcon.colcon_core.verb:set package 'agv' build argument 'cmake_clean_first' from command line to 'False'
[2.323s] Level 5:colcon.colcon_core.verb:set package 'agv' build argument 'cmake_force_configure' from command line to 'False'
[2.323s] Level 5:colcon.colcon_core.verb:set package 'agv' build argument 'ament_cmake_args' from command line to 'None'
[2.323s] Level 5:colcon.colcon_core.verb:set package 'agv' build argument 'catkin_cmake_args' from command line to 'None'
[2.323s] Level 5:colcon.colcon_core.verb:set package 'agv' build argument 'catkin_skip_building_tests' from command line to 'False'
[2.323s] DEBUG:colcon.colcon_core.verb:Building package 'agv' with the following arguments: {'ament_cmake_args': None, 'build_base': '/home/vboxuser/agv_ws/build/agv', 'catkin_cmake_args': None, 'catkin_skip_building_tests': False, 'cmake_args': None, 'cmake_clean_cache': False, 'cmake_clean_first': False, 'cmake_force_configure': False, 'cmake_target': None, 'cmake_target_skip_unavailable': False, 'install_base': '/home/vboxuser/agv_ws/install/agv', 'merge_install': False, 'path': '/home/vboxuser/agv_ws/src/agv', 'symlink_install': False, 'test_result_base': None}
[2.349s] Level 5:colcon.colcon_core.verb:set package 'agv_py_functions' build argument 'cmake_args' from command line to 'None'
[2.349s] Level 5:colcon.colcon_core.verb:set package 'agv_py_functions' build argument 'cmake_target' from command line to 'None'
[2.349s] Level 5:colcon.colcon_core.verb:set package 'agv_py_functions' build argument 'cmake_target_skip_unavailable' from command line to 'False'
[2.349s] Level 5:colcon.colcon_core.verb:set package 'agv_py_functions' build argument 'cmake_clean_cache' from command line to 'False'
[2.349s] Level 5:colcon.colcon_core.verb:set package 'agv_py_functions' build argument 'cmake_clean_first' from command line to 'False'
[2.349s] Level 5:colcon.colcon_core.verb:set package 'agv_py_functions' build argument 'cmake_force_configure' from command line to 'False'
[2.349s] Level 5:colcon.colcon_core.verb:set package 'agv_py_functions' build argument 'ament_cmake_args' from command line to 'None'
[2.349s] Level 5:colcon.colcon_core.verb:set package 'agv_py_functions' build argument 'catkin_cmake_args' from command line to 'None'
[2.349s] Level 5:colcon.colcon_core.verb:set package 'agv_py_functions' build argument 'catkin_skip_building_tests' from command line to 'False'
[2.349s] DEBUG:colcon.colcon_core.verb:Building package 'agv_py_functions' with the following arguments: {'ament_cmake_args': None, 'build_base': '/home/vboxuser/agv_ws/build/agv_py_functions', 'catkin_cmake_args': None, 'catkin_skip_building_tests': False, 'cmake_args': None, 'cmake_clean_cache': False, 'cmake_clean_first': False, 'cmake_force_configure': False, 'cmake_target': None, 'cmake_target_skip_unavailable': False, 'install_base': '/home/vboxuser/agv_ws/install/agv_py_functions', 'merge_install': False, 'path': '/home/vboxuser/agv_ws/src/agv_py_functions', 'symlink_install': False, 'test_result_base': None}
[2.374s] INFO:colcon.colcon_core.executor:Executing jobs using 'parallel' executor
[2.400s] DEBUG:colcon.colcon_parallel_executor.executor.parallel:run_until_complete
[2.400s] INFO:colcon.colcon_ros.task.ament_cmake.build:Building ROS package in '/home/vboxuser/agv_ws/src/agv' with build type 'ament_cmake'
[2.400s] INFO:colcon.colcon_cmake.task.cmake.build:Building CMake package in '/home/vboxuser/agv_ws/src/agv'
[2.432s] INFO:colcon.colcon_core.plugin_system:Skipping extension 'colcon_core.shell.bat': Not used on non-Windows systems
[2.432s] INFO:colcon.colcon_core.shell:Skip shell extension 'powershell' for command environment: Not usable outside of PowerShell
[2.433s] DEBUG:colcon.colcon_core.shell:Skip shell extension 'dsv' for command environment
[2.587s] INFO:colcon.colcon_ros.task.ament_python.build:Building ROS package in '/home/vboxuser/agv_ws/src/agv_py_functions' with build type 'ament_python'
[2.587s] Level 1:colcon.colcon_core.shell:create_environment_hook('agv_py_functions', 'ament_prefix_path')
[2.613s] INFO:colcon.colcon_core.shell:Creating environment hook '/home/vboxuser/agv_ws/install/agv_py_functions/share/agv_py_functions/hook/ament_prefix_path.ps1'
[2.614s] INFO:colcon.colcon_core.shell:Creating environment descriptor '/home/vboxuser/agv_ws/install/agv_py_functions/share/agv_py_functions/hook/ament_prefix_path.dsv'
[2.615s] INFO:colcon.colcon_core.shell:Creating environment hook '/home/vboxuser/agv_ws/install/agv_py_functions/share/agv_py_functions/hook/ament_prefix_path.sh'
[2.650s] INFO:colcon.colcon_core.shell:Skip shell extension 'powershell' for command environment: Not usable outside of PowerShell
[2.650s] DEBUG:colcon.colcon_core.shell:Skip shell extension 'dsv' for command environment
[2.808s] DEBUG:colcon.colcon_core.event_handler.log_command:Invoking command in '/home/vboxuser/agv_ws/build/agv': CMAKE_PREFIX_PATH=${CMAKE_PREFIX_PATH}:/home/vboxuser/install/my_py_pkg:/home/vboxuser/ros2_ws/install/my_py_pkg:/opt/ros/humble /usr/bin/cmake --build /home/vboxuser/agv_ws/build/agv -- -j4 -l4
[3.339s] INFO:colcon.colcon_core.task.python.build:Building Python package in '/home/vboxuser/agv_ws/src/agv_py_functions'
[3.367s] INFO:colcon.colcon_core.shell:Skip shell extension 'powershell' for command environment: Not usable outside of PowerShell
[3.367s] DEBUG:colcon.colcon_core.shell:Skip shell extension 'dsv' for command environment
[3.518s] DEBUG:colcon.colcon_core.event_handler.log_command:Invoked command in '/home/vboxuser/agv_ws/build/agv' returned '0': CMAKE_PREFIX_PATH=${CMAKE_PREFIX_PATH}:/home/vboxuser/install/my_py_pkg:/home/vboxuser/ros2_ws/install/my_py_pkg:/opt/ros/humble /usr/bin/cmake --build /home/vboxuser/agv_ws/build/agv -- -j4 -l4
[3.575s] DEBUG:colcon.colcon_core.event_handler.log_command:Invoking command in '/home/vboxuser/agv_ws/build/agv': CMAKE_PREFIX_PATH=${CMAKE_PREFIX_PATH}:/home/vboxuser/install/my_py_pkg:/home/vboxuser/ros2_ws/install/my_py_pkg:/opt/ros/humble /usr/bin/cmake --install /home/vboxuser/agv_ws/build/agv
[3.591s] Level 1:colcon.colcon_core.environment:create_environment_scripts_only(agv)
[3.598s] DEBUG:colcon.colcon_core.event_handler.log_command:Invoked command in '/home/vboxuser/agv_ws/build/agv' returned '0': CMAKE_PREFIX_PATH=${CMAKE_PREFIX_PATH}:/home/vboxuser/install/my_py_pkg:/home/vboxuser/ros2_ws/install/my_py_pkg:/opt/ros/humble /usr/bin/cmake --install /home/vboxuser/agv_ws/build/agv
[3.620s] Level 1:colcon.colcon_core.environment:checking '/home/vboxuser/agv_ws/install/agv' for CMake module files
[3.621s] Level 1:colcon.colcon_core.environment:checking '/home/vboxuser/agv_ws/install/agv' for CMake config files
[3.621s] Level 1:colcon.colcon_core.shell:create_environment_hook('agv', 'cmake_prefix_path')
[3.646s] INFO:colcon.colcon_core.shell:Creating environment hook '/home/vboxuser/agv_ws/install/agv/share/agv/hook/cmake_prefix_path.ps1'
[3.647s] INFO:colcon.colcon_core.shell:Creating environment descriptor '/home/vboxuser/agv_ws/install/agv/share/agv/hook/cmake_prefix_path.dsv'
[3.647s] INFO:colcon.colcon_core.shell:Creating environment hook '/home/vboxuser/agv_ws/install/agv/share/agv/hook/cmake_prefix_path.sh'
[3.648s] Level 1:colcon.colcon_core.environment:checking '/home/vboxuser/agv_ws/install/agv/lib'
[3.648s] Level 1:colcon.colcon_core.environment:checking '/home/vboxuser/agv_ws/install/agv/bin'
[3.648s] Level 1:colcon.colcon_core.environment:checking '/home/vboxuser/agv_ws/install/agv/lib/pkgconfig/agv.pc'
[3.649s] Level 1:colcon.colcon_core.environment:checking '/home/vboxuser/agv_ws/install/agv/lib/python3.10/site-packages'
[3.649s] Level 1:colcon.colcon_core.shell:create_environment_hook('agv', 'pythonpath')
[3.678s] INFO:colcon.colcon_core.shell:Creating environment hook '/home/vboxuser/agv_ws/install/agv/share/agv/hook/pythonpath.ps1'
[3.679s] INFO:colcon.colcon_core.shell:Creating environment descriptor '/home/vboxuser/agv_ws/install/agv/share/agv/hook/pythonpath.dsv'
[3.681s] INFO:colcon.colcon_core.shell:Creating environment hook '/home/vboxuser/agv_ws/install/agv/share/agv/hook/pythonpath.sh'
[3.682s] Level 1:colcon.colcon_core.environment:checking '/home/vboxuser/agv_ws/install/agv/bin'
[3.706s] INFO:colcon.colcon_core.shell:Creating package script '/home/vboxuser/agv_ws/install/agv/share/agv/package.ps1'
[3.708s] INFO:colcon.colcon_core.shell:Creating package descriptor '/home/vboxuser/agv_ws/install/agv/share/agv/package.dsv'
[3.709s] INFO:colcon.colcon_core.shell:Creating package script '/home/vboxuser/agv_ws/install/agv/share/agv/package.sh'
[3.710s] INFO:colcon.colcon_core.shell:Creating package script '/home/vboxuser/agv_ws/install/agv/share/agv/package.bash'
[3.711s] INFO:colcon.colcon_core.shell:Creating package script '/home/vboxuser/agv_ws/install/agv/share/agv/package.zsh'
[3.713s] Level 1:colcon.colcon_core.environment:create_file_with_runtime_dependencies(/home/vboxuser/agv_ws/install/agv/share/colcon-core/packages/agv)
[3.768s] Level 1:colcon.colcon_core.environment:create_environment_scripts_only(agv)
[3.797s] Level 1:colcon.colcon_core.environment:checking '/home/vboxuser/agv_ws/install/agv' for CMake module files
[3.798s] Level 1:colcon.colcon_core.environment:checking '/home/vboxuser/agv_ws/install/agv' for CMake config files
[3.799s] Level 1:colcon.colcon_core.shell:create_environment_hook('agv', 'cmake_prefix_path')
[3.824s] INFO:colcon.colcon_core.shell:Creating environment hook '/home/vboxuser/agv_ws/install/agv/share/agv/hook/cmake_prefix_path.ps1'
[3.826s] INFO:colcon.colcon_core.shell:Creating environment descriptor '/home/vboxuser/agv_ws/install/agv/share/agv/hook/cmake_prefix_path.dsv'
[3.827s] INFO:colcon.colcon_core.shell:Creating environment hook '/home/vboxuser/agv_ws/install/agv/share/agv/hook/cmake_prefix_path.sh'
[3.828s] Level 1:colcon.colcon_core.environment:checking '/home/vboxuser/agv_ws/install/agv/lib'
[3.829s] Level 1:colcon.colcon_core.environment:checking '/home/vboxuser/agv_ws/install/agv/bin'
[3.829s] Level 1:colcon.colcon_core.environment:checking '/home/vboxuser/agv_ws/install/agv/lib/pkgconfig/agv.pc'
[3.830s] Level 1:colcon.colcon_core.environment:checking '/home/vboxuser/agv_ws/install/agv/lib/python3.10/site-packages'
[3.830s] Level 1:colcon.colcon_core.shell:create_environment_hook('agv', 'pythonpath')
[3.883s] INFO:colcon.colcon_core.shell:Creating environment hook '/home/vboxuser/agv_ws/install/agv/share/agv/hook/pythonpath.ps1'
[3.885s] INFO:colcon.colcon_core.shell:Creating environment descriptor '/home/vboxuser/agv_ws/install/agv/share/agv/hook/pythonpath.dsv'
[3.886s] INFO:colcon.colcon_core.shell:Creating environment hook '/home/vboxuser/agv_ws/install/agv/share/agv/hook/pythonpath.sh'
[3.888s] Level 1:colcon.colcon_core.environment:checking '/home/vboxuser/agv_ws/install/agv/bin'
[3.919s] INFO:colcon.colcon_core.shell:Creating package script '/home/vboxuser/agv_ws/install/agv/share/agv/package.ps1'
[3.921s] INFO:colcon.colcon_core.shell:Creating package descriptor '/home/vboxuser/agv_ws/install/agv/share/agv/package.dsv'
[3.923s] INFO:colcon.colcon_core.shell:Creating package script '/home/vboxuser/agv_ws/install/agv/share/agv/package.sh'
[3.924s] INFO:colcon.colcon_core.shell:Creating package script '/home/vboxuser/agv_ws/install/agv/share/agv/package.bash'
[3.925s] INFO:colcon.colcon_core.shell:Creating package script '/home/vboxuser/agv_ws/install/agv/share/agv/package.zsh'
[3.926s] Level 1:colcon.colcon_core.environment:create_file_with_runtime_dependencies(/home/vboxuser/agv_ws/install/agv/share/colcon-core/packages/agv)
[4.583s] DEBUG:colcon.colcon_core.event_handler.log_command:Invoking command in '/home/vboxuser/agv_ws/src/agv_py_functions': PYTHONPATH=/home/vboxuser/agv_ws/build/agv_py_functions/prefix_override:/home/vboxuser/agv_ws/install/agv_py_functions/lib/python3.10/site-packages:${PYTHONPATH} /usr/bin/python3 setup.py egg_info --egg-base ../../build/agv_py_functions build --build-base /home/vboxuser/agv_ws/build/agv_py_functions/build install --record /home/vboxuser/agv_ws/build/agv_py_functions/install.log --single-version-externally-managed
[5.154s] DEBUG:colcon.colcon_core.event_handler.log_command:Invoked command in '/home/vboxuser/agv_ws/src/agv_py_functions' returned '0': PYTHONPATH=/home/vboxuser/agv_ws/build/agv_py_functions/prefix_override:/home/vboxuser/agv_ws/install/agv_py_functions/lib/python3.10/site-packages:${PYTHONPATH} /usr/bin/python3 setup.py egg_info --egg-base ../../build/agv_py_functions build --build-base /home/vboxuser/agv_ws/build/agv_py_functions/build install --record /home/vboxuser/agv_ws/build/agv_py_functions/install.log --single-version-externally-managed
[5.184s] Level 1:colcon.colcon_core.environment:checking '/home/vboxuser/agv_ws/install/agv_py_functions' for CMake module files
[5.185s] Level 1:colcon.colcon_core.environment:checking '/home/vboxuser/agv_ws/install/agv_py_functions' for CMake config files
[5.185s] Level 1:colcon.colcon_core.environment:checking '/home/vboxuser/agv_ws/install/agv_py_functions/lib'
[5.186s] Level 1:colcon.colcon_core.environment:checking '/home/vboxuser/agv_ws/install/agv_py_functions/bin'
[5.186s] Level 1:colcon.colcon_core.environment:checking '/home/vboxuser/agv_ws/install/agv_py_functions/lib/pkgconfig/agv_py_functions.pc'
[5.186s] Level 1:colcon.colcon_core.environment:checking '/home/vboxuser/agv_ws/install/agv_py_functions/lib/python3.10/site-packages'
[5.186s] Level 1:colcon.colcon_core.shell:create_environment_hook('agv_py_functions', 'pythonpath')
[5.211s] INFO:colcon.colcon_core.shell:Creating environment hook '/home/vboxuser/agv_ws/install/agv_py_functions/share/agv_py_functions/hook/pythonpath.ps1'
[5.212s] INFO:colcon.colcon_core.shell:Creating environment descriptor '/home/vboxuser/agv_ws/install/agv_py_functions/share/agv_py_functions/hook/pythonpath.dsv'
[5.213s] INFO:colcon.colcon_core.shell:Creating environment hook '/home/vboxuser/agv_ws/install/agv_py_functions/share/agv_py_functions/hook/pythonpath.sh'
[5.213s] Level 1:colcon.colcon_core.environment:checking '/home/vboxuser/agv_ws/install/agv_py_functions/bin'
[5.214s] Level 1:colcon.colcon_core.environment:create_environment_scripts_only(agv_py_functions)
[5.239s] INFO:colcon.colcon_core.shell:Creating package script '/home/vboxuser/agv_ws/install/agv_py_functions/share/agv_py_functions/package.ps1'
[5.239s] INFO:colcon.colcon_core.shell:Creating package descriptor '/home/vboxuser/agv_ws/install/agv_py_functions/share/agv_py_functions/package.dsv'
[5.240s] INFO:colcon.colcon_core.shell:Creating package script '/home/vboxuser/agv_ws/install/agv_py_functions/share/agv_py_functions/package.sh'
[5.241s] INFO:colcon.colcon_core.shell:Creating package script '/home/vboxuser/agv_ws/install/agv_py_functions/share/agv_py_functions/package.bash'
[5.241s] INFO:colcon.colcon_core.shell:Creating package script '/home/vboxuser/agv_ws/install/agv_py_functions/share/agv_py_functions/package.zsh'
[5.241s] Level 1:colcon.colcon_core.environment:create_file_with_runtime_dependencies(/home/vboxuser/agv_ws/install/agv_py_functions/share/colcon-core/packages/agv_py_functions)
[5.242s] DEBUG:colcon.colcon_parallel_executor.executor.parallel:closing loop
[5.242s] DEBUG:colcon.colcon_parallel_executor.executor.parallel:loop closed
[5.242s] DEBUG:colcon.colcon_parallel_executor.executor.parallel:run_until_complete finished with '0'
[5.242s] DEBUG:colcon.colcon_core.event_reactor:joining thread
[5.280s] INFO:colcon.colcon_core.plugin_system:Skipping extension 'colcon_notification.desktop_notification.terminal_notifier': Not used on non-Darwin systems
[5.280s] INFO:colcon.colcon_core.plugin_system:Skipping extension 'colcon_notification.desktop_notification.win32': Not used on non-Windows systems
[5.280s] INFO:colcon.colcon_notification.desktop_notification:Sending desktop notification using 'notify2'
[5.302s] DEBUG:colcon.colcon_core.event_reactor:joined thread
[5.328s] INFO:colcon.colcon_core.shell:Creating prefix script '/home/vboxuser/agv_ws/install/local_setup.ps1'
[5.330s] INFO:colcon.colcon_core.shell:Creating prefix util module '/home/vboxuser/agv_ws/install/_local_setup_util_ps1.py'
[5.333s] INFO:colcon.colcon_core.shell:Creating prefix chain script '/home/vboxuser/agv_ws/install/setup.ps1'
[5.369s] INFO:colcon.colcon_core.shell:Creating prefix script '/home/vboxuser/agv_ws/install/local_setup.sh'
[5.371s] INFO:colcon.colcon_core.shell:Creating prefix util module '/home/vboxuser/agv_ws/install/_local_setup_util_sh.py'
[5.372s] INFO:colcon.colcon_core.shell:Creating prefix chain script '/home/vboxuser/agv_ws/install/setup.sh'
[5.405s] INFO:colcon.colcon_core.shell:Creating prefix script '/home/vboxuser/agv_ws/install/local_setup.bash'
[5.406s] INFO:colcon.colcon_core.shell:Creating prefix chain script '/home/vboxuser/agv_ws/install/setup.bash'
[5.440s] INFO:colcon.colcon_core.shell:Creating prefix script '/home/vboxuser/agv_ws/install/local_setup.zsh'
[5.441s] INFO:colcon.colcon_core.shell:Creating prefix chain script '/home/vboxuser/agv_ws/install/setup.zsh'
