[0.606s] Invoking command in '/home/vboxuser/agv_ws/build/lely_core_libraries': CMAKE_PREFIX_PATH=${CMAKE_PREFIX_PATH}:/home/vboxuser/install/my_py_pkg:/home/vboxuser/install/agv_py_functions:/home/vboxuser/bumperbot_ws/install/bumperbot_py_examples:/home/vboxuser/ros2_ws/install/my_py_pkg:/opt/ros/humble /usr/bin/cmake --build /home/vboxuser/agv_ws/build/lely_core_libraries -- -j4 -l4
[0.721s] [ 12%] [34m[1mPerforming update step for 'upstr_lely_core_libraries'[0m
[0.756s] [ 12%] Built target ament_cmake_python_copy_cogen
[0.777s] [ 12%] Built target ament_cmake_python_copy_cogen_setup
[0.780s] HEAD is now at 7824cbb2 release v2.3.2
[0.787s] Checking patch configure.ac...
[0.788s] Checking patch python/dcf-tools/Makefile.am...
[0.788s] Applied patch configure.ac cleanly.
[0.788s] Applied patch python/dcf-tools/Makefile.am cleanly.
[0.821s] [ 25%] [34m[1mNo patch step for 'upstr_lely_core_libraries'[0m
[0.932s] [ 37%] [34m[1mPerforming configure step for 'upstr_lely_core_libraries'[0m
[2.050s] running install_scripts
[2.130s] running egg_info
[2.130s] writing cogen.egg-info/PKG-INFO
[2.131s] writing dependency_links to cogen.egg-info/dependency_links.txt
[2.131s] writing entry points to cogen.egg-info/entry_points.txt
[2.131s] writing top-level names to cogen.egg-info/top_level.txt
[2.134s] reading manifest file 'cogen.egg-info/SOURCES.txt'
[2.136s] writing manifest file 'cogen.egg-info/SOURCES.txt'
[2.142s] Installing cogen script to scripts
[2.216s] [ 37%] Built target ament_cmake_python_build_cogen_scripts
[2.230s] running egg_info
[2.232s] writing cogen.egg-info/PKG-INFO
[2.233s] writing dependency_links to cogen.egg-info/dependency_links.txt
[2.233s] writing entry points to cogen.egg-info/entry_points.txt
[2.234s] writing top-level names to cogen.egg-info/top_level.txt
[2.235s] reading manifest file 'cogen.egg-info/SOURCES.txt'
[2.237s] writing manifest file 'cogen.egg-info/SOURCES.txt'
[2.343s] [ 37%] Built target ament_cmake_python_build_cogen_egg
[12.029s] configure.ac:17: warning: The macro `AC_PROG_CC_STDC' is obsolete.
[12.029s] configure.ac:17: You should run autoupdate.
[12.029s] ./lib/autoconf/c.m4:1666: AC_PROG_CC_STDC is expanded from...
[12.029s] configure.ac:17: the top level
[12.029s] configure.ac:81: warning: $as_echo is obsolete; use AS_ECHO(["message"]) instead
[12.029s] lib/m4sugar/m4sh.m4:692: _AS_IF_ELSE is expanded from...
[12.030s] lib/m4sugar/m4sh.m4:699: AS_IF is expanded from...
[12.030s] ./lib/autoconf/general.m4:2249: AC_CACHE_VAL is expanded from...
[12.030s] ./lib/autoconf/general.m4:2270: AC_CACHE_CHECK is expanded from...
[12.030s] m4/ax_pthread.m4:88: AX_PTHREAD is expanded from...
[12.030s] lib/m4sugar/m4sh.m4:699: AS_IF is expanded from...
[12.030s] configure.ac:81: the top level
[12.031s] configure.ac:434: warning: AC_CHECK_HEADERS($ixxat_header): you should use literals
[12.031s] ./lib/autoconf/headers.m4:217: AC_CHECK_HEADERS is expanded from...
[12.031s] lib/m4sugar/m4sh.m4:699: AS_IF is expanded from...
[12.031s] lib/m4sugar/m4sh.m4:699: AS_IF is expanded from...
[12.031s] configure.ac:434: the top level
[15.511s] checking build system type... x86_64-pc-linux-gnu
[15.511s] checking host system type... x86_64-pc-linux-gnu
[15.511s] checking target system type... x86_64-pc-linux-gnu
[15.531s] checking for a BSD-compatible install... /usr/bin/install -c
[15.536s] checking whether build environment is sane... yes
[15.553s] checking for a race-free mkdir -p... /usr/bin/mkdir -p
[15.554s] checking for gawk... no
[15.555s] checking for mawk... mawk
[15.570s] checking whether make sets $(MAKE)... yes
[15.587s] checking whether make supports nested variables... yes
[15.599s] checking whether to enable maintainer-specific portions of Makefiles... yes
[15.600s] checking whether make supports nested variables... (cached) yes
[15.606s] checking for a sed that does not truncate output... /usr/bin/sed
[15.607s] checking whether to build with code coverage support... no
[15.609s] checking for valgrind... no
[15.630s] checking whether make supports the include directive... yes (GNU style)
[15.632s] checking for gcc... gcc
[15.778s] checking whether the C compiler works... yes
[15.779s] checking for C compiler default output file name... a.out
[15.835s] checking for suffix of executables... 
[15.916s] checking whether we are cross compiling... no
[15.949s] checking for suffix of object files... o
[15.979s] checking whether the compiler supports GNU C... yes
[16.016s] checking whether gcc accepts -g... yes
[16.133s] checking for gcc option to enable C11 features... none needed
[16.187s] checking whether gcc understands -c and -o together... yes
[16.262s] checking dependency style of gcc... gcc3
[16.287s] checking for stdio.h... yes
[16.342s] checking for stdlib.h... yes
[16.403s] checking for string.h... yes
[16.451s] checking for inttypes.h... yes
[16.501s] checking for stdint.h... yes
[16.542s] checking for strings.h... yes
[16.600s] checking for sys/stat.h... yes
[16.642s] checking for sys/types.h... yes
[16.702s] checking for unistd.h... yes
[16.759s] checking for wchar.h... yes
[16.818s] checking for minix/config.h... no
[16.885s] checking whether it is safe to define __EXTENSIONS__... yes
[16.931s] checking whether _XOPEN_SOURCE should be defined... no
[16.934s] checking for g++... g++
[17.060s] checking whether the compiler supports GNU C++... yes
[17.092s] checking whether g++ accepts -g... yes
[17.270s] checking for g++ option to enable C++11 features... none needed
[17.333s] checking dependency style of g++... gcc3
[17.407s] checking whether g++ supports C++11 features with -std=gnu++11... yes
[17.466s] checking how to print strings... printf
[17.467s] checking for a sed that does not truncate output... (cached) /usr/bin/sed
[17.472s] checking for grep that handles long lines and -e... /usr/bin/grep
[17.475s] checking for egrep... /usr/bin/grep -E
[17.478s] checking for fgrep... /usr/bin/grep -F
[17.486s] checking for ld used by gcc... /usr/bin/ld
[17.496s] checking if the linker (/usr/bin/ld) is GNU ld... yes
[17.502s] checking for BSD- or MS-compatible name lister (nm)... /usr/bin/nm -B
[17.535s] checking the name lister (/usr/bin/nm -B) interface... BSD nm
[17.537s] checking whether ln -s works... yes
[17.546s] checking the maximum length of command line arguments... 1572864
[17.552s] checking how to convert x86_64-pc-linux-gnu file names to x86_64-pc-linux-gnu format... func_convert_file_noop
[17.553s] checking how to convert x86_64-pc-linux-gnu file names to toolchain format... func_convert_file_noop
[17.554s] checking for /usr/bin/ld option to reload object files... -r
[17.555s] checking for objdump... objdump
[17.556s] checking how to recognize dependent libraries... pass_all
[17.560s] checking for dlltool... no
[17.561s] checking how to associate runtime and link libraries... printf %s\n
[17.561s] checking for ar... ar
[17.607s] checking for archiver @FILE support... @
[17.608s] checking for strip... strip
[17.611s] checking for ranlib... ranlib
[17.741s] checking command to parse /usr/bin/nm -B output from gcc object... ok
[17.744s] checking for sysroot... no
[17.753s] checking for a working dd... /usr/bin/dd
[17.759s] checking how to truncate binary pipes... /usr/bin/dd bs=4096 count=1
[17.789s] checking for mt... mt
[17.796s] checking if mt is a manifest tool... no
[17.888s] checking for dlfcn.h... yes
[17.903s] checking for objdir... .libs
[18.036s] checking if gcc supports -fno-rtti -fno-exceptions... no
[18.036s] checking for gcc option to produce PIC... -fPIC -DPIC
[18.064s] checking if gcc PIC flag -fPIC -DPIC works... yes
[18.263s] checking if gcc static flag -static works... yes
[18.318s] checking if gcc supports -c -o file.o... yes
[18.318s] checking if gcc supports -c -o file.o... (cached) yes
[18.336s] checking whether the gcc linker (/usr/bin/ld -m elf_x86_64) supports shared libraries... yes
[18.379s] checking whether -lc should be explicitly linked in... no
[18.475s] checking dynamic linker characteristics... GNU/Linux ld.so
[18.477s] checking how to hardcode library paths into programs... immediate
[18.487s] checking whether stripping libraries is possible... yes
[18.488s] checking if libtool supports shared libraries... yes
[18.488s] checking whether to build shared libraries... yes
[18.488s] checking whether to build static libraries... no
[18.543s] checking how to run the C++ preprocessor... g++ -std=gnu++11 -E
[18.698s] checking for ld used by g++ -std=gnu++11... /usr/bin/ld -m elf_x86_64
[18.702s] checking if the linker (/usr/bin/ld -m elf_x86_64) is GNU ld... yes
[18.722s] checking whether the g++ -std=gnu++11 linker (/usr/bin/ld -m elf_x86_64) supports shared libraries... yes
[18.849s] checking for g++ -std=gnu++11 option to produce PIC... -fPIC -DPIC
[18.886s] checking if g++ -std=gnu++11 PIC flag -fPIC -DPIC works... yes
[19.038s] checking if g++ -std=gnu++11 static flag -static works... yes
[19.081s] checking if g++ -std=gnu++11 supports -c -o file.o... yes
[19.081s] checking if g++ -std=gnu++11 supports -c -o file.o... (cached) yes
[19.081s] checking whether the g++ -std=gnu++11 linker (/usr/bin/ld -m elf_x86_64) supports shared libraries... yes
[19.089s] checking dynamic linker characteristics... (cached) GNU/Linux ld.so
[19.090s] checking how to hardcode library paths into programs... immediate
[19.091s] checking for windres... no
[19.205s] checking for timer_create in -lrt... yes
[19.248s] checking how to run the C preprocessor... gcc -E
[19.310s] checking whether gcc is Clang... no
[19.393s] checking whether pthreads work with -pthread... yes
[19.461s] checking for joinable pthread attribute... PTHREAD_CREATE_JOINABLE
[19.462s] checking whether more special flags are required for pthreads... no
[19.535s] checking for PTHREAD_PRIO_INHERIT... yes
[19.539s] checking for pkg-config... /usr/bin/pkg-config
[19.547s] checking pkg-config is at least version 0.9.0... yes
[19.555s] checking for cpputest >= 4... no
[19.607s] checking for valgrind/valgrind.h... no
[19.688s] checking for linux/can.h... yes
[19.769s] checking for linux/can/error.h... yes
[19.795s] checking for bluetooth/bluetooth.h... no
[19.828s] checking for bluetooth/rfcomm.h... no
[19.998s] checking for library containing str2ba... no
[20.089s] checking for ifaddrs.h... yes
[20.176s] checking for linux/can/netlink.h... yes
[20.266s] checking for linux/can/raw.h... yes
[20.375s] checking for linux/rtnetlink.h... yes
[20.470s] checking for sys/epoll.h... yes
[20.559s] checking for sys/ioctl.h... yes
[20.598s] checking for a Python interpreter with version >= 3.3... python3
[20.598s] checking for python3... /usr/bin/python3
[20.636s] checking for python3 version... 3.10
[20.682s] checking for python3 platform... linux
[20.683s] checking for GNU default python3 prefix... ${prefix}
[20.683s] checking for GNU default python3 exec_prefix... ${exec_prefix}
[20.747s] checking for python3 script directory (pythondir)... ${PYTHON_PREFIX}/lib/python3.10/site-packages
[20.804s] checking for python3 extension module directory (pyexecdir)... ${PYTHON_EXEC_PREFIX}/lib/python3.10/site-packages
[20.805s] checking for gawk... (cached) mawk
[20.862s] checking that generated files are newer than configure... done
[20.866s] configure: creating ./config.status
[22.256s] config.status: creating doc/Doxyfile
[22.297s] config.status: creating doc/Makefile
[22.324s] config.status: creating include/Makefile
[22.359s] config.status: creating pkgconfig/liblely-can.pc
[22.385s] config.status: creating pkgconfig/liblely-co.pc
[22.411s] config.status: creating pkgconfig/liblely-coapp.pc
[22.454s] config.status: creating pkgconfig/liblely-ev.pc
[22.487s] config.status: creating pkgconfig/liblely-io.pc
[22.516s] config.status: creating pkgconfig/liblely-io2.pc
[22.549s] config.status: creating pkgconfig/liblely-libc.pc
[22.577s] config.status: creating pkgconfig/liblely-libc_rt.pc
[22.602s] config.status: creating pkgconfig/liblely-tap.pc
[22.632s] config.status: creating pkgconfig/liblely-util.pc
[22.661s] config.status: creating pkgconfig/Makefile
[22.687s] config.status: creating python/can/Makefile
[22.715s] config.status: creating python/dcf-tools/Makefile
[22.749s] config.status: creating python/io/Makefile
[22.776s] config.status: creating python/Makefile
[22.803s] config.status: creating src/can/Makefile
[22.839s] config.status: creating src/co/Makefile
[22.868s] config.status: creating src/co/version.rc
[22.901s] config.status: creating src/coapp/Makefile
[22.937s] config.status: creating src/coapp/version.rc
[22.965s] config.status: creating src/ev/Makefile
[22.997s] config.status: creating src/ev/version.rc
[23.026s] config.status: creating src/io/Makefile
[23.061s] config.status: creating src/io2/Makefile
[23.091s] config.status: creating src/io2/version.rc
[23.118s] config.status: creating src/libc/Makefile
[23.153s] config.status: creating src/libc/version.rc
[23.185s] config.status: creating src/tap/Makefile
[23.214s] config.status: creating src/tap/version.rc
[23.260s] config.status: creating src/util/Makefile
[23.292s] config.status: creating src/util/version.rc
[23.319s] config.status: creating src/Makefile
[23.353s] config.status: creating tools/Makefile
[23.381s] config.status: creating tools/version.dcf2c.rc
[23.415s] config.status: creating test/co-nmt-master.dcf
[23.452s] config.status: creating test/Makefile
[23.483s] config.status: creating unit-tests/Makefile
[23.518s] config.status: creating exec-wrapper.sh
[23.544s] config.status: creating lcov-wrapper.sh
[23.565s] config.status: creating Makefile
[23.585s] config.status: creating config.h
[23.590s] config.status: config.h is unchanged
[23.594s] config.status: executing depfiles commands
[23.977s] config.status: executing libtool commands
[24.103s] [ 50%] [34m[1mPerforming build step for 'upstr_lely_core_libraries'[0m
[24.681s] config.status: creating config.h
[24.687s] config.status: config.h is unchanged
[24.709s] Making all in doc
[24.714s] Making all in include
[24.724s] Making all in src
[24.745s] Making all in libc
[24.781s] Making all in tap
[24.792s] Making all in util
[24.862s] Making all in can
[24.888s] Making all in co
[24.939s] Making all in io
[24.981s] Making all in ev
[25.005s] Making all in io2
[25.061s] Making all in coapp
[25.120s] Making all in python
[25.133s] Making all in dcf-tools
[25.143s] Making all in pkgconfig
[25.176s] [ 62%] [34m[1mNo install step for 'upstr_lely_core_libraries'[0m
[25.220s] [ 75%] [34m[1mCompleted 'upstr_lely_core_libraries'[0m
[25.276s] [100%] Built target upstr_lely_core_libraries
[25.295s] Invoked command in '/home/vboxuser/agv_ws/build/lely_core_libraries' returned '0': CMAKE_PREFIX_PATH=${CMAKE_PREFIX_PATH}:/home/vboxuser/install/my_py_pkg:/home/vboxuser/install/agv_py_functions:/home/vboxuser/bumperbot_ws/install/bumperbot_py_examples:/home/vboxuser/ros2_ws/install/my_py_pkg:/opt/ros/humble /usr/bin/cmake --build /home/vboxuser/agv_ws/build/lely_core_libraries -- -j4 -l4
[25.332s] Invoking command in '/home/vboxuser/agv_ws/build/lely_core_libraries': CMAKE_PREFIX_PATH=${CMAKE_PREFIX_PATH}:/home/vboxuser/install/my_py_pkg:/home/vboxuser/install/agv_py_functions:/home/vboxuser/bumperbot_ws/install/bumperbot_py_examples:/home/vboxuser/ros2_ws/install/my_py_pkg:/opt/ros/humble /usr/bin/cmake --install /home/vboxuser/agv_ws/build/lely_core_libraries
[25.349s] -- Install configuration: ""
[25.359s] Making install in doc
[25.363s] gmake[1]: Entering directory '/home/vboxuser/agv_ws/build/lely_core_libraries/build/doc'
[25.367s] gmake[2]: Entering directory '/home/vboxuser/agv_ws/build/lely_core_libraries/build/doc'
[25.367s] gmake[2]: Nothing to be done for 'install-exec-am'.
[25.367s] gmake[2]: Nothing to be done for 'install-data-am'.
[25.367s] gmake[2]: Leaving directory '/home/vboxuser/agv_ws/build/lely_core_libraries/build/doc'
[25.368s] gmake[1]: Leaving directory '/home/vboxuser/agv_ws/build/lely_core_libraries/build/doc'
[25.373s] Making install in include
[25.384s] gmake[1]: Entering directory '/home/vboxuser/agv_ws/build/lely_core_libraries/build/include'
[25.390s] gmake[2]: Entering directory '/home/vboxuser/agv_ws/build/lely_core_libraries/build/include'
[25.391s] gmake[2]: Nothing to be done for 'install-exec-am'.
[25.397s]  /usr/bin/mkdir -p '/home/vboxuser/agv_ws/install/lely_core_libraries/include'
[25.407s]  /usr/bin/mkdir -p '/home/vboxuser/agv_ws/install/lely_core_libraries/include/lely/co'
[25.409s]  /usr/bin/install -c -m 644  /home/vboxuser/agv_ws/build/lely_core_libraries/upstream/include/lely/co/co.h /home/vboxuser/agv_ws/build/lely_core_libraries/upstream/include/lely/co/crc.h /home/vboxuser/agv_ws/build/lely_core_libraries/upstream/include/lely/co/csdo.h /home/vboxuser/agv_ws/build/lely_core_libraries/upstream/include/lely/co/csdo.hpp /home/vboxuser/agv_ws/build/lely_core_libraries/upstream/include/lely/co/dcf.h /home/vboxuser/agv_ws/build/lely_core_libraries/upstream/include/lely/co/dcf.hpp /home/vboxuser/agv_ws/build/lely_core_libraries/upstream/include/lely/co/dev.h /home/vboxuser/agv_ws/build/lely_core_libraries/upstream/include/lely/co/dev.hpp /home/vboxuser/agv_ws/build/lely_core_libraries/upstream/include/lely/co/emcy.h /home/vboxuser/agv_ws/build/lely_core_libraries/upstream/include/lely/co/emcy.hpp /home/vboxuser/agv_ws/build/lely_core_libraries/upstream/include/lely/co/gw.h /home/vboxuser/agv_ws/build/lely_core_libraries/upstream/include/lely/co/gw.hpp /home/vboxuser/agv_ws/build/lely_core_libraries/upstream/include/lely/co/gw_txt.h /home/vboxuser/agv_ws/build/lely_core_libraries/upstream/include/lely/co/gw_txt.hpp /home/vboxuser/agv_ws/build/lely_core_libraries/upstream/include/lely/co/lss.h /home/vboxuser/agv_ws/build/lely_core_libraries/upstream/include/lely/co/lss.hpp /home/vboxuser/agv_ws/build/lely_core_libraries/upstream/include/lely/co/nmt.h /home/vboxuser/agv_ws/build/lely_core_libraries/upstream/include/lely/co/nmt.hpp /home/vboxuser/agv_ws/build/lely_core_libraries/upstream/include/lely/co/obj.h /home/vboxuser/agv_ws/build/lely_core_libraries/upstream/include/lely/co/obj.hpp /home/vboxuser/agv_ws/build/lely_core_libraries/upstream/include/lely/co/pdo.h /home/vboxuser/agv_ws/build/lely_core_libraries/upstream/include/lely/co/rpdo.h /home/vboxuser/agv_ws/build/lely_core_libraries/upstream/include/lely/co/rpdo.hpp /home/vboxuser/agv_ws/build/lely_core_libraries/upstream/include/lely/co/sdev.h /home/vboxuser/agv_ws/build/lely_core_libraries/upstream/include/lely/co/sdev.hpp /home/vboxuser/agv_ws/build/lely_core_libraries/upstream/include/lely/co/sdo.h /home/vboxuser/agv_ws/build/lely_core_libraries/upstream/include/lely/co/ssdo.h /home/vboxuser/agv_ws/build/lely_core_libraries/upstream/include/lely/co/ssdo.hpp /home/vboxuser/agv_ws/build/lely_core_libraries/upstream/include/lely/co/sync.h /home/vboxuser/agv_ws/build/lely_core_libraries/upstream/include/lely/co/sync.hpp /home/vboxuser/agv_ws/build/lely_core_libraries/upstream/include/lely/co/time.h /home/vboxuser/agv_ws/build/lely_core_libraries/upstream/include/lely/co/time.hpp /home/vboxuser/agv_ws/build/lely_core_libraries/upstream/include/lely/co/tpdo.h /home/vboxuser/agv_ws/build/lely_core_libraries/upstream/include/lely/co/tpdo.hpp /home/vboxuser/agv_ws/build/lely_core_libraries/upstream/include/lely/co/type.h /home/vboxuser/agv_ws/build/lely_core_libraries/upstream/include/lely/co/type.hpp /home/vboxuser/agv_ws/build/lely_core_libraries/upstream/include/lely/co/val.h /home/vboxuser/agv_ws/build/lely_core_libraries/upstream/include/lely/co/val.hpp /home/vboxuser/agv_ws/build/lely_core_libraries/upstream/include/lely/co/wtm.h /home/vboxuser/agv_ws/build/lely_core_libraries/upstream/include/lely/co/wtm.hpp '/home/vboxuser/agv_ws/install/lely_core_libraries/include/lely/co'
[25.429s]  /usr/bin/mkdir -p '/home/vboxuser/agv_ws/install/lely_core_libraries/include/lely/io2/posix'
[25.430s]  /usr/bin/install -c -m 644  /home/vboxuser/agv_ws/build/lely_core_libraries/upstream/include/lely/io2/posix/poll.h /home/vboxuser/agv_ws/build/lely_core_libraries/upstream/include/lely/io2/posix/poll.hpp '/home/vboxuser/agv_ws/install/lely_core_libraries/include/lely/io2/posix'
[25.434s]  /usr/bin/mkdir -p '/home/vboxuser/agv_ws/install/lely_core_libraries/include/lely/can'
[25.436s]  /usr/bin/install -c -m 644  /home/vboxuser/agv_ws/build/lely_core_libraries/upstream/include/lely/can/buf.h /home/vboxuser/agv_ws/build/lely_core_libraries/upstream/include/lely/can/buf.hpp /home/vboxuser/agv_ws/build/lely_core_libraries/upstream/include/lely/can/err.h /home/vboxuser/agv_ws/build/lely_core_libraries/upstream/include/lely/can/msg.h /home/vboxuser/agv_ws/build/lely_core_libraries/upstream/include/lely/can/net.h /home/vboxuser/agv_ws/build/lely_core_libraries/upstream/include/lely/can/net.hpp /home/vboxuser/agv_ws/build/lely_core_libraries/upstream/include/lely/can/socket.h '/home/vboxuser/agv_ws/install/lely_core_libraries/include/lely/can'
[25.448s]  /usr/bin/mkdir -p '/home/vboxuser/agv_ws/install/lely_core_libraries/include/lely/ev'
[25.451s]  /usr/bin/install -c -m 644  /home/vboxuser/agv_ws/build/lely_core_libraries/upstream/include/lely/ev/co_task.hpp /home/vboxuser/agv_ws/build/lely_core_libraries/upstream/include/lely/ev/ev.h /home/vboxuser/agv_ws/build/lely_core_libraries/upstream/include/lely/ev/exec.h /home/vboxuser/agv_ws/build/lely_core_libraries/upstream/include/lely/ev/exec.hpp /home/vboxuser/agv_ws/build/lely_core_libraries/upstream/include/lely/ev/fiber_exec.h /home/vboxuser/agv_ws/build/lely_core_libraries/upstream/include/lely/ev/fiber_exec.hpp /home/vboxuser/agv_ws/build/lely_core_libraries/upstream/include/lely/ev/future.h /home/vboxuser/agv_ws/build/lely_core_libraries/upstream/include/lely/ev/future.hpp /home/vboxuser/agv_ws/build/lely_core_libraries/upstream/include/lely/ev/loop.h /home/vboxuser/agv_ws/build/lely_core_libraries/upstream/include/lely/ev/loop.hpp /home/vboxuser/agv_ws/build/lely_core_libraries/upstream/include/lely/ev/poll.h /home/vboxuser/agv_ws/build/lely_core_libraries/upstream/include/lely/ev/poll.hpp /home/vboxuser/agv_ws/build/lely_core_libraries/upstream/include/lely/ev/std_exec.h /home/vboxuser/agv_ws/build/lely_core_libraries/upstream/include/lely/ev/strand.h /home/vboxuser/agv_ws/build/lely_core_libraries/upstream/include/lely/ev/strand.hpp /home/vboxuser/agv_ws/build/lely_core_libraries/upstream/include/lely/ev/task.h /home/vboxuser/agv_ws/build/lely_core_libraries/upstream/include/lely/ev/task.hpp /home/vboxuser/agv_ws/build/lely_core_libraries/upstream/include/lely/ev/thrd_loop.h /home/vboxuser/agv_ws/build/lely_core_libraries/upstream/include/lely/ev/thrd_loop.hpp '/home/vboxuser/agv_ws/install/lely_core_libraries/include/lely/ev'
[25.463s]  /usr/bin/mkdir -p '/home/vboxuser/agv_ws/install/lely_core_libraries/include/lely/co/def'
[25.465s]  /usr/bin/install -c -m 644  /home/vboxuser/agv_ws/build/lely_core_libraries/upstream/include/lely/co/def/array.def /home/vboxuser/agv_ws/build/lely_core_libraries/upstream/include/lely/co/def/basic.def /home/vboxuser/agv_ws/build/lely_core_libraries/upstream/include/lely/co/def/cxx.def /home/vboxuser/agv_ws/build/lely_core_libraries/upstream/include/lely/co/def/time.def /home/vboxuser/agv_ws/build/lely_core_libraries/upstream/include/lely/co/def/type.def '/home/vboxuser/agv_ws/install/lely_core_libraries/include/lely/co/def'
[25.470s]  /usr/bin/mkdir -p '/home/vboxuser/agv_ws/install/lely_core_libraries/include/lely'
[25.473s]  /usr/bin/install -c -m 644  /home/vboxuser/agv_ws/build/lely_core_libraries/upstream/include/lely/features.h '/home/vboxuser/agv_ws/install/lely_core_libraries/include/lely'
[25.476s]  /usr/bin/mkdir -p '/home/vboxuser/agv_ws/install/lely_core_libraries/include/lely/io'
[25.478s]  /usr/bin/install -c -m 644  /home/vboxuser/agv_ws/build/lely_core_libraries/upstream/include/lely/io/addr.h /home/vboxuser/agv_ws/build/lely_core_libraries/upstream/include/lely/io/attr.h /home/vboxuser/agv_ws/build/lely_core_libraries/upstream/include/lely/io/can.h /home/vboxuser/agv_ws/build/lely_core_libraries/upstream/include/lely/io/can.hpp /home/vboxuser/agv_ws/build/lely_core_libraries/upstream/include/lely/io/file.h /home/vboxuser/agv_ws/build/lely_core_libraries/upstream/include/lely/io/file.hpp /home/vboxuser/agv_ws/build/lely_core_libraries/upstream/include/lely/io/if.h /home/vboxuser/agv_ws/build/lely_core_libraries/upstream/include/lely/io/io.h /home/vboxuser/agv_ws/build/lely_core_libraries/upstream/include/lely/io/io.hpp /home/vboxuser/agv_ws/build/lely_core_libraries/upstream/include/lely/io/pipe.h /home/vboxuser/agv_ws/build/lely_core_libraries/upstream/include/lely/io/pipe.hpp /home/vboxuser/agv_ws/build/lely_core_libraries/upstream/include/lely/io/poll.h /home/vboxuser/agv_ws/build/lely_core_libraries/upstream/include/lely/io/poll.hpp /home/vboxuser/agv_ws/build/lely_core_libraries/upstream/include/lely/io/serial.h /home/vboxuser/agv_ws/build/lely_core_libraries/upstream/include/lely/io/serial.hpp /home/vboxuser/agv_ws/build/lely_core_libraries/upstream/include/lely/io/sock.h /home/vboxuser/agv_ws/build/lely_core_libraries/upstream/include/lely/io/sock.hpp '/home/vboxuser/agv_ws/install/lely_core_libraries/include/lely/io'
[25.489s]  /usr/bin/mkdir -p '/home/vboxuser/agv_ws/install/lely_core_libraries/include/lely/util/def'
[25.491s]  /usr/bin/install -c -m 644  /home/vboxuser/agv_ws/build/lely_core_libraries/upstream/include/lely/util/def/type.def '/home/vboxuser/agv_ws/install/lely_core_libraries/include/lely/util/def'
[25.494s]  /usr/bin/mkdir -p '/home/vboxuser/agv_ws/install/lely_core_libraries/include/lely/co/detail'
[25.496s]  /usr/bin/install -c -m 644  /home/vboxuser/agv_ws/build/lely_core_libraries/upstream/include/lely/co/detail/dev.h /home/vboxuser/agv_ws/build/lely_core_libraries/upstream/include/lely/co/detail/obj.h '/home/vboxuser/agv_ws/install/lely_core_libraries/include/lely/co/detail'
[25.499s]  /usr/bin/mkdir -p '/home/vboxuser/agv_ws/install/lely_core_libraries/include/lely/io2/can'
[25.501s]  /usr/bin/install -c -m 644  /home/vboxuser/agv_ws/build/lely_core_libraries/upstream/include/lely/io2/can/err.h /home/vboxuser/agv_ws/build/lely_core_libraries/upstream/include/lely/io2/can/err.hpp /home/vboxuser/agv_ws/build/lely_core_libraries/upstream/include/lely/io2/can/msg.h /home/vboxuser/agv_ws/build/lely_core_libraries/upstream/include/lely/io2/can/msg.hpp '/home/vboxuser/agv_ws/install/lely_core_libraries/include/lely/io2/can'
[25.507s]  /usr/bin/mkdir -p '/home/vboxuser/agv_ws/install/lely_core_libraries/include/lely/coapp'
[25.509s]  /usr/bin/install -c -m 644  /home/vboxuser/agv_ws/build/lely_core_libraries/upstream/include/lely/coapp/type_traits.hpp /home/vboxuser/agv_ws/build/lely_core_libraries/upstream/include/lely/coapp/device.hpp /home/vboxuser/agv_ws/build/lely_core_libraries/upstream/include/lely/coapp/driver.hpp /home/vboxuser/agv_ws/build/lely_core_libraries/upstream/include/lely/coapp/fiber_driver.hpp /home/vboxuser/agv_ws/build/lely_core_libraries/upstream/include/lely/coapp/logical_driver.hpp /home/vboxuser/agv_ws/build/lely_core_libraries/upstream/include/lely/coapp/loop_driver.hpp /home/vboxuser/agv_ws/build/lely_core_libraries/upstream/include/lely/coapp/lss_master.hpp /home/vboxuser/agv_ws/build/lely_core_libraries/upstream/include/lely/coapp/master.hpp /home/vboxuser/agv_ws/build/lely_core_libraries/upstream/include/lely/coapp/node.hpp /home/vboxuser/agv_ws/build/lely_core_libraries/upstream/include/lely/coapp/sdo.hpp /home/vboxuser/agv_ws/build/lely_core_libraries/upstream/include/lely/coapp/sdo_error.hpp /home/vboxuser/agv_ws/build/lely_core_libraries/upstream/include/lely/coapp/slave.hpp '/home/vboxuser/agv_ws/install/lely_core_libraries/include/lely/coapp'
[25.522s]  /usr/bin/mkdir -p '/home/vboxuser/agv_ws/install/lely_core_libraries/include/lely/io2'
[25.525s]  /usr/bin/install -c -m 644  /home/vboxuser/agv_ws/build/lely_core_libraries/upstream/include/lely/io2/can.h /home/vboxuser/agv_ws/build/lely_core_libraries/upstream/include/lely/io2/can.hpp /home/vboxuser/agv_ws/build/lely_core_libraries/upstream/include/lely/io2/can_net.h /home/vboxuser/agv_ws/build/lely_core_libraries/upstream/include/lely/io2/can_net.hpp /home/vboxuser/agv_ws/build/lely_core_libraries/upstream/include/lely/io2/can_rt.h /home/vboxuser/agv_ws/build/lely_core_libraries/upstream/include/lely/io2/can_rt.hpp /home/vboxuser/agv_ws/build/lely_core_libraries/upstream/include/lely/io2/clock.h /home/vboxuser/agv_ws/build/lely_core_libraries/upstream/include/lely/io2/clock.hpp /home/vboxuser/agv_ws/build/lely_core_libraries/upstream/include/lely/io2/co_can.hpp /home/vboxuser/agv_ws/build/lely_core_libraries/upstream/include/lely/io2/co_can_rt.hpp /home/vboxuser/agv_ws/build/lely_core_libraries/upstream/include/lely/io2/co_sigset.hpp /home/vboxuser/agv_ws/build/lely_core_libraries/upstream/include/lely/io2/co_timer.hpp /home/vboxuser/agv_ws/build/lely_core_libraries/upstream/include/lely/io2/co_tqueue.hpp /home/vboxuser/agv_ws/build/lely_core_libraries/upstream/include/lely/io2/ctx.h /home/vboxuser/agv_ws/build/lely_core_libraries/upstream/include/lely/io2/ctx.hpp /home/vboxuser/agv_ws/build/lely_core_libraries/upstream/include/lely/io2/dev.h /home/vboxuser/agv_ws/build/lely_core_libraries/upstream/include/lely/io2/dev.hpp /home/vboxuser/agv_ws/build/lely_core_libraries/upstream/include/lely/io2/event.h /home/vboxuser/agv_ws/build/lely_core_libraries/upstream/include/lely/io2/event.hpp /home/vboxuser/agv_ws/build/lely_core_libraries/upstream/include/lely/io2/io2.h /home/vboxuser/agv_ws/build/lely_core_libraries/upstream/include/lely/io2/sigset.h /home/vboxuser/agv_ws/build/lely_core_libraries/upstream/include/lely/io2/sigset.hpp /home/vboxuser/agv_ws/build/lely_core_libraries/upstream/include/lely/io2/timer.h /home/vboxuser/agv_ws/build/lely_core_libraries/upstream/include/lely/io2/timer.hpp /home/vboxuser/agv_ws/build/lely_core_libraries/upstream/include/lely/io2/tqueue.h /home/vboxuser/agv_ws/build/lely_core_libraries/upstream/include/lely/io2/tqueue.hpp /home/vboxuser/agv_ws/build/lely_core_libraries/upstream/include/lely/io2/vcan.h /home/vboxuser/agv_ws/build/lely_core_libraries/upstream/include/lely/io2/vcan.hpp '/home/vboxuser/agv_ws/install/lely_core_libraries/include/lely/io2'
[25.548s]  /usr/bin/mkdir -p '/home/vboxuser/agv_ws/install/lely_core_libraries/include/lely/io2/linux'
[25.551s]  /usr/bin/install -c -m 644  /home/vboxuser/agv_ws/build/lely_core_libraries/upstream/include/lely/io2/linux/can.h /home/vboxuser/agv_ws/build/lely_core_libraries/upstream/include/lely/io2/linux/can.hpp '/home/vboxuser/agv_ws/install/lely_core_libraries/include/lely/io2/linux'
[25.557s]  /usr/bin/mkdir -p '/home/vboxuser/agv_ws/install/lely_core_libraries/include/lely/libc/sys'
[25.558s]  /usr/bin/install -c -m 644  /home/vboxuser/agv_ws/build/lely_core_libraries/upstream/include/lely/libc/sys/types.h '/home/vboxuser/agv_ws/install/lely_core_libraries/include/lely/libc/sys'
[25.562s]  /usr/bin/mkdir -p '/home/vboxuser/agv_ws/install/lely_core_libraries/include/lely/io2/user'
[25.564s]  /usr/bin/install -c -m 644  /home/vboxuser/agv_ws/build/lely_core_libraries/upstream/include/lely/io2/user/can.h /home/vboxuser/agv_ws/build/lely_core_libraries/upstream/include/lely/io2/user/can.hpp /home/vboxuser/agv_ws/build/lely_core_libraries/upstream/include/lely/io2/user/timer.h /home/vboxuser/agv_ws/build/lely_core_libraries/upstream/include/lely/io2/user/timer.hpp '/home/vboxuser/agv_ws/install/lely_core_libraries/include/lely/io2/user'
[25.569s]  /usr/bin/mkdir -p '/home/vboxuser/agv_ws/install/lely_core_libraries/include/lely/io2/sys'
[25.572s]  /usr/bin/install -c -m 644  /home/vboxuser/agv_ws/build/lely_core_libraries/upstream/include/lely/io2/sys/clock.h /home/vboxuser/agv_ws/build/lely_core_libraries/upstream/include/lely/io2/sys/clock.hpp /home/vboxuser/agv_ws/build/lely_core_libraries/upstream/include/lely/io2/sys/io.h /home/vboxuser/agv_ws/build/lely_core_libraries/upstream/include/lely/io2/sys/io.hpp /home/vboxuser/agv_ws/build/lely_core_libraries/upstream/include/lely/io2/sys/sigset.h /home/vboxuser/agv_ws/build/lely_core_libraries/upstream/include/lely/io2/sys/sigset.hpp /home/vboxuser/agv_ws/build/lely_core_libraries/upstream/include/lely/io2/sys/timer.h /home/vboxuser/agv_ws/build/lely_core_libraries/upstream/include/lely/io2/sys/timer.hpp '/home/vboxuser/agv_ws/install/lely_core_libraries/include/lely/io2/sys'
[25.578s]  /usr/bin/mkdir -p '/home/vboxuser/agv_ws/install/lely_core_libraries/include/lely/tap'
[25.580s]  /usr/bin/install -c -m 644  /home/vboxuser/agv_ws/build/lely_core_libraries/upstream/include/lely/tap/tap.h '/home/vboxuser/agv_ws/install/lely_core_libraries/include/lely/tap'
[25.585s]  /usr/bin/mkdir -p '/home/vboxuser/agv_ws/install/lely_core_libraries/include/lely/util'
[25.587s]  /usr/bin/install -c -m 644  /home/vboxuser/agv_ws/build/lely_core_libraries/upstream/include/lely/util/bimap.h /home/vboxuser/agv_ws/build/lely_core_libraries/upstream/include/lely/util/coroutine.h /home/vboxuser/agv_ws/build/lely_core_libraries/upstream/include/lely/util/coroutine.hpp /home/vboxuser/agv_ws/build/lely_core_libraries/upstream/include/lely/util/mkjmp.h /home/vboxuser/agv_ws/build/lely_core_libraries/upstream/include/lely/util/sllist.h /home/vboxuser/agv_ws/build/lely_core_libraries/upstream/include/lely/util/spscring.h /home/vboxuser/agv_ws/build/lely_core_libraries/upstream/include/lely/util/bits.h /home/vboxuser/agv_ws/build/lely_core_libraries/upstream/include/lely/util/bitset.h /home/vboxuser/agv_ws/build/lely_core_libraries/upstream/include/lely/util/c_call.hpp /home/vboxuser/agv_ws/build/lely_core_libraries/upstream/include/lely/util/c_type.hpp /home/vboxuser/agv_ws/build/lely_core_libraries/upstream/include/lely/util/chrono.hpp /home/vboxuser/agv_ws/build/lely_core_libraries/upstream/include/lely/util/cmp.h /home/vboxuser/agv_ws/build/lely_core_libraries/upstream/include/lely/util/config.h /home/vboxuser/agv_ws/build/lely_core_libraries/upstream/include/lely/util/daemon.h /home/vboxuser/agv_ws/build/lely_core_libraries/upstream/include/lely/util/diag.h /home/vboxuser/agv_ws/build/lely_core_libraries/upstream/include/lely/util/dllist.h /home/vboxuser/agv_ws/build/lely_core_libraries/upstream/include/lely/util/endian.h /home/vboxuser/agv_ws/build/lely_core_libraries/upstream/include/lely/util/errnum.h /home/vboxuser/agv_ws/build/lely_core_libraries/upstream/include/lely/util/error.hpp /home/vboxuser/agv_ws/build/lely_core_libraries/upstream/include/lely/util/exception.hpp /home/vboxuser/agv_ws/build/lely_core_libraries/upstream/include/lely/util/fiber.h /home/vboxuser/agv_ws/build/lely_core_libraries/upstream/include/lely/util/fiber.hpp /home/vboxuser/agv_ws/build/lely_core_libraries/upstream/include/lely/util/float.h /home/vboxuser/agv_ws/build/lely_core_libraries/upstream/include/lely/util/frbuf.h /home/vboxuser/agv_ws/build/lely_core_libraries/upstream/include/lely/util/fwbuf.h /home/vboxuser/agv_ws/build/lely_core_libraries/upstream/include/lely/util/invoker.hpp /home/vboxuser/agv_ws/build/lely_core_libraries/upstream/include/lely/util/lex.h /home/vboxuser/agv_ws/build/lely_core_libraries/upstream/include/lely/util/membuf.h /home/vboxuser/agv_ws/build/lely_core_libraries/upstream/include/lely/util/mutex.hpp /home/vboxuser/agv_ws/build/lely_core_libraries/upstream/include/lely/util/pheap.h /home/vboxuser/agv_ws/build/lely_core_libraries/upstream/include/lely/util/print.h /home/vboxuser/agv_ws/build/lely_core_libraries/upstream/include/lely/util/rbtree.h /home/vboxuser/agv_ws/build/lely_core_libraries/upstream/include/lely/util/result.hpp /home/vboxuser/agv_ws/build/lely_core_libraries/upstream/include/lely/util/stop.h /home/vboxuser/agv_ws/build/lely_core_libraries/upstream/include/lely/util/stop.hpp /home/vboxuser/agv_ws/build/lely_core_libraries/upstream/include/lely/util/time.h /home/vboxuser/agv_ws/build/lely_core_libraries/upstream/include/lely/util/ustring.h /home/vboxuser/agv_ws/build/lely_core_libraries/upstream/include/lely/util/util.h '/home/vboxuser/agv_ws/install/lely_core_libraries/include/lely/util'
[25.609s]  /usr/bin/mkdir -p '/home/vboxuser/agv_ws/install/lely_core_libraries/include/lely/libc'
[25.611s]  /usr/bin/install -c -m 644  /home/vboxuser/agv_ws/build/lely_core_libraries/upstream/include/lely/libc/chrono.hpp /home/vboxuser/agv_ws/build/lely_core_libraries/upstream/include/lely/libc/functional.hpp /home/vboxuser/agv_ws/build/lely_core_libraries/upstream/include/lely/libc/stdatomic.h /home/vboxuser/agv_ws/build/lely_core_libraries/upstream/include/lely/libc/stddef.h /home/vboxuser/agv_ws/build/lely_core_libraries/upstream/include/lely/libc/stdint.h /home/vboxuser/agv_ws/build/lely_core_libraries/upstream/include/lely/libc/stdio.h /home/vboxuser/agv_ws/build/lely_core_libraries/upstream/include/lely/libc/stdlib.h /home/vboxuser/agv_ws/build/lely_core_libraries/upstream/include/lely/libc/string.h /home/vboxuser/agv_ws/build/lely_core_libraries/upstream/include/lely/libc/strings.h /home/vboxuser/agv_ws/build/lely_core_libraries/upstream/include/lely/libc/threads.h /home/vboxuser/agv_ws/build/lely_core_libraries/upstream/include/lely/libc/time.h /home/vboxuser/agv_ws/build/lely_core_libraries/upstream/include/lely/libc/type_traits.hpp /home/vboxuser/agv_ws/build/lely_core_libraries/upstream/include/lely/libc/uchar.h /home/vboxuser/agv_ws/build/lely_core_libraries/upstream/include/lely/libc/unistd.h /home/vboxuser/agv_ws/build/lely_core_libraries/upstream/include/lely/libc/utility.hpp '/home/vboxuser/agv_ws/install/lely_core_libraries/include/lely/libc'
[25.620s] gmake[2]: Leaving directory '/home/vboxuser/agv_ws/build/lely_core_libraries/build/include'
[25.621s] gmake[1]: Leaving directory '/home/vboxuser/agv_ws/build/lely_core_libraries/build/include'
[25.621s] Making install in src
[25.626s] gmake[1]: Entering directory '/home/vboxuser/agv_ws/build/lely_core_libraries/build/src'
[25.632s] Making install in libc
[25.651s] gmake[2]: Entering directory '/home/vboxuser/agv_ws/build/lely_core_libraries/build/src/libc'
[25.668s] gmake[3]: Entering directory '/home/vboxuser/agv_ws/build/lely_core_libraries/build/src/libc'
[25.670s]  /usr/bin/mkdir -p '/home/vboxuser/agv_ws/install/lely_core_libraries/lib'
[25.673s]  /bin/bash ../../libtool   --mode=install /usr/bin/install -c   liblely-libc.la '/home/vboxuser/agv_ws/install/lely_core_libraries/lib'
[25.700s] libtool: install: /usr/bin/install -c .libs/liblely-libc.so.2.3.2 /home/vboxuser/agv_ws/install/lely_core_libraries/lib/liblely-libc.so.2.3.2
[25.703s] libtool: install: (cd /home/vboxuser/agv_ws/install/lely_core_libraries/lib && { ln -s -f liblely-libc.so.2.3.2 liblely-libc.so.2 || { rm -f liblely-libc.so.2 && ln -s liblely-libc.so.2.3.2 liblely-libc.so.2; }; })
[25.709s] libtool: install: (cd /home/vboxuser/agv_ws/install/lely_core_libraries/lib && { ln -s -f liblely-libc.so.2.3.2 liblely-libc.so || { rm -f liblely-libc.so && ln -s liblely-libc.so.2.3.2 liblely-libc.so; }; })
[25.712s] libtool: install: /usr/bin/install -c .libs/liblely-libc.lai /home/vboxuser/agv_ws/install/lely_core_libraries/lib/liblely-libc.la
[25.762s] libtool: finish: PATH="/opt/ros/humble/bin:/usr/local/sbin:/usr/local/bin:/usr/sbin:/usr/bin:/sbin:/bin:/usr/games:/usr/local/games:/snap/bin:/snap/bin:/sbin" ldconfig -n /home/vboxuser/agv_ws/install/lely_core_libraries/lib
[25.786s] ----------------------------------------------------------------------
[25.786s] Libraries have been installed in:
[25.786s]    /home/vboxuser/agv_ws/install/lely_core_libraries/lib
[25.786s] 
[25.787s] If you ever happen to want to link against installed libraries
[25.787s] in a given directory, LIBDIR, you must either use libtool, and
[25.787s] specify the full pathname of the library, or use the '-LLIBDIR'
[25.787s] flag during linking and do at least one of the following:
[25.787s]    - add LIBDIR to the 'LD_LIBRARY_PATH' environment variable
[25.787s]      during execution
[25.787s]    - add LIBDIR to the 'LD_RUN_PATH' environment variable
[25.787s]      during linking
[25.787s]    - use the '-Wl,-rpath -Wl,LIBDIR' linker flag
[25.788s]    - have your system administrator add LIBDIR to '/etc/ld.so.conf'
[25.788s] 
[25.788s] See any operating system documentation about shared libraries for
[25.788s] more information, such as the ld(1) and ld.so(8) manual pages.
[25.788s] ----------------------------------------------------------------------
[25.793s] gmake[3]: Leaving directory '/home/vboxuser/agv_ws/build/lely_core_libraries/build/src/libc'
[25.794s] gmake[2]: Leaving directory '/home/vboxuser/agv_ws/build/lely_core_libraries/build/src/libc'
[25.800s] Making install in tap
[25.808s] gmake[2]: Entering directory '/home/vboxuser/agv_ws/build/lely_core_libraries/build/src/tap'
[25.821s] gmake[3]: Entering directory '/home/vboxuser/agv_ws/build/lely_core_libraries/build/src/tap'
[25.823s]  /usr/bin/mkdir -p '/home/vboxuser/agv_ws/install/lely_core_libraries/lib'
[25.825s]  /bin/bash ../../libtool   --mode=install /usr/bin/install -c   liblely-tap.la '/home/vboxuser/agv_ws/install/lely_core_libraries/lib'
[25.872s] libtool: warning: relinking 'liblely-tap.la'
[25.875s] libtool: install: (cd /home/vboxuser/agv_ws/build/lely_core_libraries/build/src/tap; /bin/bash "/home/vboxuser/agv_ws/build/lely_core_libraries/build/libtool"  --silent --tag CC --mode=relink gcc -pthread -g -O2 -Wall -Wextra -pedantic -Werror -Wno-static-in-inline -no-undefined -version-number 2:3:2 -Wl,--as-needed -o liblely-tap.la -rpath /home/vboxuser/agv_ws/install/lely_core_libraries/lib liblely_tap_la-tap.lo ../../src/libc/liblely-libc.la )
[26.034s] libtool: install: /usr/bin/install -c .libs/liblely-tap.so.2.3.2T /home/vboxuser/agv_ws/install/lely_core_libraries/lib/liblely-tap.so.2.3.2
[26.038s] libtool: install: (cd /home/vboxuser/agv_ws/install/lely_core_libraries/lib && { ln -s -f liblely-tap.so.2.3.2 liblely-tap.so.2 || { rm -f liblely-tap.so.2 && ln -s liblely-tap.so.2.3.2 liblely-tap.so.2; }; })
[26.041s] libtool: install: (cd /home/vboxuser/agv_ws/install/lely_core_libraries/lib && { ln -s -f liblely-tap.so.2.3.2 liblely-tap.so || { rm -f liblely-tap.so && ln -s liblely-tap.so.2.3.2 liblely-tap.so; }; })
[26.042s] libtool: install: /usr/bin/install -c .libs/liblely-tap.lai /home/vboxuser/agv_ws/install/lely_core_libraries/lib/liblely-tap.la
[26.096s] libtool: finish: PATH="/opt/ros/humble/bin:/usr/local/sbin:/usr/local/bin:/usr/sbin:/usr/bin:/sbin:/bin:/usr/games:/usr/local/games:/snap/bin:/snap/bin:/sbin" ldconfig -n /home/vboxuser/agv_ws/install/lely_core_libraries/lib
[26.099s] ----------------------------------------------------------------------
[26.099s] Libraries have been installed in:
[26.099s]    /home/vboxuser/agv_ws/install/lely_core_libraries/lib
[26.099s] 
[26.099s] If you ever happen to want to link against installed libraries
[26.099s] in a given directory, LIBDIR, you must either use libtool, and
[26.099s] specify the full pathname of the library, or use the '-LLIBDIR'
[26.099s] flag during linking and do at least one of the following:
[26.100s]    - add LIBDIR to the 'LD_LIBRARY_PATH' environment variable
[26.100s]      during execution
[26.100s]    - add LIBDIR to the 'LD_RUN_PATH' environment variable
[26.100s]      during linking
[26.100s]    - use the '-Wl,-rpath -Wl,LIBDIR' linker flag
[26.100s]    - have your system administrator add LIBDIR to '/etc/ld.so.conf'
[26.100s] 
[26.101s] See any operating system documentation about shared libraries for
[26.101s] more information, such as the ld(1) and ld.so(8) manual pages.
[26.101s] ----------------------------------------------------------------------
[26.104s] gmake[3]: Leaving directory '/home/vboxuser/agv_ws/build/lely_core_libraries/build/src/tap'
[26.105s] gmake[2]: Leaving directory '/home/vboxuser/agv_ws/build/lely_core_libraries/build/src/tap'
[26.105s] Making install in util
[26.171s] gmake[2]: Entering directory '/home/vboxuser/agv_ws/build/lely_core_libraries/build/src/util'
[26.231s] gmake[3]: Entering directory '/home/vboxuser/agv_ws/build/lely_core_libraries/build/src/util'
[26.233s]  /usr/bin/mkdir -p '/home/vboxuser/agv_ws/install/lely_core_libraries/lib'
[26.235s]  /bin/bash ../../libtool   --mode=install /usr/bin/install -c   liblely-util.la '/home/vboxuser/agv_ws/install/lely_core_libraries/lib'
[26.290s] libtool: warning: relinking 'liblely-util.la'
[26.295s] libtool: install: (cd /home/vboxuser/agv_ws/build/lely_core_libraries/build/src/util; /bin/bash "/home/vboxuser/agv_ws/build/lely_core_libraries/build/libtool"  --silent --tag CXX --mode=relink g++ -std=gnu++11 -g -O2 -Wall -Wextra -pedantic -Werror -no-undefined -version-number 2:3:2 -Wl,--as-needed -o liblely-util.la -rpath /home/vboxuser/agv_ws/install/lely_core_libraries/lib liblely_util_la-bimap.lo liblely_util_la-mkjmp.lo liblely_util_la-sllist.lo liblely_util_la-spscring.lo liblely_util_la-bits.lo liblely_util_la-bitset.lo liblely_util_la-cmp.lo liblely_util_la-config.lo liblely_util_la-config_ini.lo liblely_util_la-daemon.lo liblely_util_la-diag.lo liblely_util_la-dllist.lo liblely_util_la-endian.lo liblely_util_la-errnum.lo liblely_util_la-exception.lo liblely_util_la-fiber.lo liblely_util_la-frbuf.lo liblely_util_la-fwbuf.lo liblely_util_la-lex.lo liblely_util_la-membuf.lo liblely_util_la-pheap.lo liblely_util_la-print.lo liblely_util_la-rbtree.lo liblely_util_la-stop.lo liblely_util_la-time.lo liblely_util_la-ustring.lo ../../src/libc/liblely-libc.la -lm )
[26.614s] libtool: install: /usr/bin/install -c .libs/liblely-util.so.2.3.2T /home/vboxuser/agv_ws/install/lely_core_libraries/lib/liblely-util.so.2.3.2
[26.617s] libtool: install: (cd /home/vboxuser/agv_ws/install/lely_core_libraries/lib && { ln -s -f liblely-util.so.2.3.2 liblely-util.so.2 || { rm -f liblely-util.so.2 && ln -s liblely-util.so.2.3.2 liblely-util.so.2; }; })
[26.620s] libtool: install: (cd /home/vboxuser/agv_ws/install/lely_core_libraries/lib && { ln -s -f liblely-util.so.2.3.2 liblely-util.so || { rm -f liblely-util.so && ln -s liblely-util.so.2.3.2 liblely-util.so; }; })
[26.623s] libtool: install: /usr/bin/install -c .libs/liblely-util.lai /home/vboxuser/agv_ws/install/lely_core_libraries/lib/liblely-util.la
[26.678s] libtool: finish: PATH="/opt/ros/humble/bin:/usr/local/sbin:/usr/local/bin:/usr/sbin:/usr/bin:/sbin:/bin:/usr/games:/usr/local/games:/snap/bin:/snap/bin:/sbin" ldconfig -n /home/vboxuser/agv_ws/install/lely_core_libraries/lib
[26.683s] ----------------------------------------------------------------------
[26.683s] Libraries have been installed in:
[26.684s]    /home/vboxuser/agv_ws/install/lely_core_libraries/lib
[26.685s] 
[26.685s] If you ever happen to want to link against installed libraries
[26.685s] in a given directory, LIBDIR, you must either use libtool, and
[26.685s] specify the full pathname of the library, or use the '-LLIBDIR'
[26.685s] flag during linking and do at least one of the following:
[26.685s]    - add LIBDIR to the 'LD_LIBRARY_PATH' environment variable
[26.686s]      during execution
[26.686s]    - add LIBDIR to the 'LD_RUN_PATH' environment variable
[26.686s]      during linking
[26.686s]    - use the '-Wl,-rpath -Wl,LIBDIR' linker flag
[26.686s]    - have your system administrator add LIBDIR to '/etc/ld.so.conf'
[26.686s] 
[26.686s] See any operating system documentation about shared libraries for
[26.686s] more information, such as the ld(1) and ld.so(8) manual pages.
[26.687s] ----------------------------------------------------------------------
[26.691s] gmake[3]: Leaving directory '/home/vboxuser/agv_ws/build/lely_core_libraries/build/src/util'
[26.691s] gmake[2]: Leaving directory '/home/vboxuser/agv_ws/build/lely_core_libraries/build/src/util'
[26.692s] Making install in can
[26.724s] gmake[2]: Entering directory '/home/vboxuser/agv_ws/build/lely_core_libraries/build/src/can'
[26.744s] gmake[3]: Entering directory '/home/vboxuser/agv_ws/build/lely_core_libraries/build/src/can'
[26.746s]  /usr/bin/mkdir -p '/home/vboxuser/agv_ws/install/lely_core_libraries/lib'
[26.748s]  /bin/bash ../../libtool   --mode=install /usr/bin/install -c   liblely-can.la '/home/vboxuser/agv_ws/install/lely_core_libraries/lib'
[26.792s] libtool: warning: relinking 'liblely-can.la'
[26.798s] libtool: install: (cd /home/vboxuser/agv_ws/build/lely_core_libraries/build/src/can; /bin/bash "/home/vboxuser/agv_ws/build/lely_core_libraries/build/libtool"  --silent --tag CC --mode=relink gcc -pthread -g -O2 -Wall -Wextra -pedantic -Werror -Wno-static-in-inline -no-undefined -version-number 1:9:2 -Wl,--as-needed -o liblely-can.la -rpath /home/vboxuser/agv_ws/install/lely_core_libraries/lib liblely_can_la-buf.lo liblely_can_la-msg.lo liblely_can_la-net.lo liblely_can_la-socket.lo ../../src/libc/liblely-libc.la ../../src/util/liblely-util.la )
[26.997s] libtool: install: /usr/bin/install -c .libs/liblely-can.so.1.9.2T /home/vboxuser/agv_ws/install/lely_core_libraries/lib/liblely-can.so.1.9.2
[27.003s] libtool: install: (cd /home/vboxuser/agv_ws/install/lely_core_libraries/lib && { ln -s -f liblely-can.so.1.9.2 liblely-can.so.1 || { rm -f liblely-can.so.1 && ln -s liblely-can.so.1.9.2 liblely-can.so.1; }; })
[27.009s] libtool: install: (cd /home/vboxuser/agv_ws/install/lely_core_libraries/lib && { ln -s -f liblely-can.so.1.9.2 liblely-can.so || { rm -f liblely-can.so && ln -s liblely-can.so.1.9.2 liblely-can.so; }; })
[27.013s] libtool: install: /usr/bin/install -c .libs/liblely-can.lai /home/vboxuser/agv_ws/install/lely_core_libraries/lib/liblely-can.la
[27.062s] libtool: finish: PATH="/opt/ros/humble/bin:/usr/local/sbin:/usr/local/bin:/usr/sbin:/usr/bin:/sbin:/bin:/usr/games:/usr/local/games:/snap/bin:/snap/bin:/sbin" ldconfig -n /home/vboxuser/agv_ws/install/lely_core_libraries/lib
[27.066s] ----------------------------------------------------------------------
[27.066s] Libraries have been installed in:
[27.066s]    /home/vboxuser/agv_ws/install/lely_core_libraries/lib
[27.067s] 
[27.067s] If you ever happen to want to link against installed libraries
[27.067s] in a given directory, LIBDIR, you must either use libtool, and
[27.067s] specify the full pathname of the library, or use the '-LLIBDIR'
[27.067s] flag during linking and do at least one of the following:
[27.067s]    - add LIBDIR to the 'LD_LIBRARY_PATH' environment variable
[27.067s]      during execution
[27.067s]    - add LIBDIR to the 'LD_RUN_PATH' environment variable
[27.068s]      during linking
[27.068s]    - use the '-Wl,-rpath -Wl,LIBDIR' linker flag
[27.068s]    - have your system administrator add LIBDIR to '/etc/ld.so.conf'
[27.068s] 
[27.068s] See any operating system documentation about shared libraries for
[27.068s] more information, such as the ld(1) and ld.so(8) manual pages.
[27.069s] ----------------------------------------------------------------------
[27.072s] gmake[3]: Leaving directory '/home/vboxuser/agv_ws/build/lely_core_libraries/build/src/can'
[27.079s] gmake[2]: Leaving directory '/home/vboxuser/agv_ws/build/lely_core_libraries/build/src/can'
[27.079s] Making install in co
[27.114s] gmake[2]: Entering directory '/home/vboxuser/agv_ws/build/lely_core_libraries/build/src/co'
[27.152s] gmake[3]: Entering directory '/home/vboxuser/agv_ws/build/lely_core_libraries/build/src/co'
[27.155s]  /usr/bin/mkdir -p '/home/vboxuser/agv_ws/install/lely_core_libraries/lib'
[27.157s]  /bin/bash ../../libtool   --mode=install /usr/bin/install -c   liblely-co.la '/home/vboxuser/agv_ws/install/lely_core_libraries/lib'
[27.208s] libtool: warning: relinking 'liblely-co.la'
[27.215s] libtool: install: (cd /home/vboxuser/agv_ws/build/lely_core_libraries/build/src/co; /bin/bash "/home/vboxuser/agv_ws/build/lely_core_libraries/build/libtool"  --silent --tag CC --mode=relink gcc -pthread -g -O2 -Wall -Wextra -pedantic -Werror -Wno-static-in-inline -no-undefined -version-number 2:3:2 -Wl,--as-needed -o liblely-co.la -rpath /home/vboxuser/agv_ws/install/lely_core_libraries/lib liblely_co_la-crc.lo liblely_co_la-csdo.lo liblely_co_la-dcf.lo liblely_co_la-dev.lo liblely_co_la-emcy.lo liblely_co_la-gw.lo liblely_co_la-gw_txt.lo liblely_co_la-lss.lo liblely_co_la-nmt.lo liblely_co_la-nmt_boot.lo liblely_co_la-nmt_cfg.lo liblely_co_la-nmt_hb.lo liblely_co_la-nmt_srv.lo liblely_co_la-obj.lo liblely_co_la-pdo.lo liblely_co_la-rpdo.lo liblely_co_la-sdev.lo liblely_co_la-sdo.lo liblely_co_la-ssdo.lo liblely_co_la-sync.lo liblely_co_la-time.lo liblely_co_la-tpdo.lo liblely_co_la-type.lo liblely_co_la-val.lo liblely_co_la-wtm.lo ../../src/libc/liblely-libc.la ../../src/util/liblely-util.la ../../src/can/liblely-can.la )
[27.559s] libtool: install: /usr/bin/install -c .libs/liblely-co.so.2.3.2T /home/vboxuser/agv_ws/install/lely_core_libraries/lib/liblely-co.so.2.3.2
[27.567s] libtool: install: (cd /home/vboxuser/agv_ws/install/lely_core_libraries/lib && { ln -s -f liblely-co.so.2.3.2 liblely-co.so.2 || { rm -f liblely-co.so.2 && ln -s liblely-co.so.2.3.2 liblely-co.so.2; }; })
[27.573s] libtool: install: (cd /home/vboxuser/agv_ws/install/lely_core_libraries/lib && { ln -s -f liblely-co.so.2.3.2 liblely-co.so || { rm -f liblely-co.so && ln -s liblely-co.so.2.3.2 liblely-co.so; }; })
[27.577s] libtool: install: /usr/bin/install -c .libs/liblely-co.lai /home/vboxuser/agv_ws/install/lely_core_libraries/lib/liblely-co.la
[27.628s] libtool: finish: PATH="/opt/ros/humble/bin:/usr/local/sbin:/usr/local/bin:/usr/sbin:/usr/bin:/sbin:/bin:/usr/games:/usr/local/games:/snap/bin:/snap/bin:/sbin" ldconfig -n /home/vboxuser/agv_ws/install/lely_core_libraries/lib
[27.631s] ----------------------------------------------------------------------
[27.633s] Libraries have been installed in:
[27.634s]    /home/vboxuser/agv_ws/install/lely_core_libraries/lib
[27.634s] 
[27.635s] If you ever happen to want to link against installed libraries
[27.638s] in a given directory, LIBDIR, you must either use libtool, and
[27.638s] specify the full pathname of the library, or use the '-LLIBDIR'
[27.639s] flag during linking and do at least one of the following:
[27.639s]    - add LIBDIR to the 'LD_LIBRARY_PATH' environment variable
[27.639s]      during execution
[27.639s]    - add LIBDIR to the 'LD_RUN_PATH' environment variable
[27.639s]      during linking
[27.639s]    - use the '-Wl,-rpath -Wl,LIBDIR' linker flag
[27.639s]    - have your system administrator add LIBDIR to '/etc/ld.so.conf'
[27.640s] 
[27.640s] See any operating system documentation about shared libraries for
[27.640s] more information, such as the ld(1) and ld.so(8) manual pages.
[27.640s] ----------------------------------------------------------------------
[27.641s] gmake[3]: Leaving directory '/home/vboxuser/agv_ws/build/lely_core_libraries/build/src/co'
[27.641s] gmake[2]: Leaving directory '/home/vboxuser/agv_ws/build/lely_core_libraries/build/src/co'
[27.642s] Making install in io
[27.681s] gmake[2]: Entering directory '/home/vboxuser/agv_ws/build/lely_core_libraries/build/src/io'
[27.723s] gmake[3]: Entering directory '/home/vboxuser/agv_ws/build/lely_core_libraries/build/src/io'
[27.725s]  /usr/bin/mkdir -p '/home/vboxuser/agv_ws/install/lely_core_libraries/lib'
[27.727s]  /bin/bash ../../libtool   --mode=install /usr/bin/install -c   liblely-io.la '/home/vboxuser/agv_ws/install/lely_core_libraries/lib'
[27.778s] libtool: warning: relinking 'liblely-io.la'
[27.784s] libtool: install: (cd /home/vboxuser/agv_ws/build/lely_core_libraries/build/src/io; /bin/bash "/home/vboxuser/agv_ws/build/lely_core_libraries/build/libtool"  --silent --tag CC --mode=relink gcc -pthread -g -O2 -Wall -Wextra -pedantic -Werror -Wno-static-in-inline -no-undefined -version-number 1:9:2 -Wl,--as-needed -o liblely-io.la -rpath /home/vboxuser/agv_ws/install/lely_core_libraries/lib liblely_io_la-addr.lo liblely_io_la-attr.lo liblely_io_la-can.lo liblely_io_la-file.lo liblely_io_la-handle.lo liblely_io_la-if.lo liblely_io_la-io.lo liblely_io_la-pipe.lo liblely_io_la-poll.lo liblely_io_la-rtnl.lo liblely_io_la-serial.lo liblely_io_la-sock.lo ../../src/libc/liblely-libc.la ../../src/util/liblely-util.la ../../src/can/liblely-can.la )
[28.062s] libtool: install: /usr/bin/install -c .libs/liblely-io.so.1.9.2T /home/vboxuser/agv_ws/install/lely_core_libraries/lib/liblely-io.so.1.9.2
[28.067s] libtool: install: (cd /home/vboxuser/agv_ws/install/lely_core_libraries/lib && { ln -s -f liblely-io.so.1.9.2 liblely-io.so.1 || { rm -f liblely-io.so.1 && ln -s liblely-io.so.1.9.2 liblely-io.so.1; }; })
[28.070s] libtool: install: (cd /home/vboxuser/agv_ws/install/lely_core_libraries/lib && { ln -s -f liblely-io.so.1.9.2 liblely-io.so || { rm -f liblely-io.so && ln -s liblely-io.so.1.9.2 liblely-io.so; }; })
[28.073s] libtool: install: /usr/bin/install -c .libs/liblely-io.lai /home/vboxuser/agv_ws/install/lely_core_libraries/lib/liblely-io.la
[28.122s] libtool: finish: PATH="/opt/ros/humble/bin:/usr/local/sbin:/usr/local/bin:/usr/sbin:/usr/bin:/sbin:/bin:/usr/games:/usr/local/games:/snap/bin:/snap/bin:/sbin" ldconfig -n /home/vboxuser/agv_ws/install/lely_core_libraries/lib
[28.125s] ----------------------------------------------------------------------
[28.125s] Libraries have been installed in:
[28.125s]    /home/vboxuser/agv_ws/install/lely_core_libraries/lib
[28.125s] 
[28.125s] If you ever happen to want to link against installed libraries
[28.125s] in a given directory, LIBDIR, you must either use libtool, and
[28.126s] specify the full pathname of the library, or use the '-LLIBDIR'
[28.126s] flag during linking and do at least one of the following:
[28.126s]    - add LIBDIR to the 'LD_LIBRARY_PATH' environment variable
[28.126s]      during execution
[28.126s]    - add LIBDIR to the 'LD_RUN_PATH' environment variable
[28.126s]      during linking
[28.126s]    - use the '-Wl,-rpath -Wl,LIBDIR' linker flag
[28.126s]    - have your system administrator add LIBDIR to '/etc/ld.so.conf'
[28.126s] 
[28.127s] See any operating system documentation about shared libraries for
[28.127s] more information, such as the ld(1) and ld.so(8) manual pages.
[28.127s] ----------------------------------------------------------------------
[28.134s] gmake[3]: Leaving directory '/home/vboxuser/agv_ws/build/lely_core_libraries/build/src/io'
[28.136s] gmake[2]: Leaving directory '/home/vboxuser/agv_ws/build/lely_core_libraries/build/src/io'
[28.136s] Making install in ev
[28.159s] gmake[2]: Entering directory '/home/vboxuser/agv_ws/build/lely_core_libraries/build/src/ev'
[28.184s] gmake[3]: Entering directory '/home/vboxuser/agv_ws/build/lely_core_libraries/build/src/ev'
[28.186s]  /usr/bin/mkdir -p '/home/vboxuser/agv_ws/install/lely_core_libraries/lib'
[28.189s]  /bin/bash ../../libtool   --mode=install /usr/bin/install -c   liblely-ev.la '/home/vboxuser/agv_ws/install/lely_core_libraries/lib'
[28.235s] libtool: warning: relinking 'liblely-ev.la'
[28.240s] libtool: install: (cd /home/vboxuser/agv_ws/build/lely_core_libraries/build/src/ev; /bin/bash "/home/vboxuser/agv_ws/build/lely_core_libraries/build/libtool"  --silent --tag CC --mode=relink gcc -pthread -g -O2 -Wall -Wextra -pedantic -Werror -Wno-static-in-inline -no-undefined -version-number 2:3:2 -Wl,--as-needed -o liblely-ev.la -rpath /home/vboxuser/agv_ws/install/lely_core_libraries/lib liblely_ev_la-exec.lo liblely_ev_la-fiber_exec.lo liblely_ev_la-future.lo liblely_ev_la-loop.lo liblely_ev_la-poll.lo liblely_ev_la-std_exec.lo liblely_ev_la-strand.lo liblely_ev_la-task.lo liblely_ev_la-thrd_loop.lo ../../src/libc/liblely-libc.la ../../src/util/liblely-util.la )
[28.453s] libtool: install: /usr/bin/install -c .libs/liblely-ev.so.2.3.2T /home/vboxuser/agv_ws/install/lely_core_libraries/lib/liblely-ev.so.2.3.2
[28.456s] libtool: install: (cd /home/vboxuser/agv_ws/install/lely_core_libraries/lib && { ln -s -f liblely-ev.so.2.3.2 liblely-ev.so.2 || { rm -f liblely-ev.so.2 && ln -s liblely-ev.so.2.3.2 liblely-ev.so.2; }; })
[28.459s] libtool: install: (cd /home/vboxuser/agv_ws/install/lely_core_libraries/lib && { ln -s -f liblely-ev.so.2.3.2 liblely-ev.so || { rm -f liblely-ev.so && ln -s liblely-ev.so.2.3.2 liblely-ev.so; }; })
[28.462s] libtool: install: /usr/bin/install -c .libs/liblely-ev.lai /home/vboxuser/agv_ws/install/lely_core_libraries/lib/liblely-ev.la
[28.511s] libtool: finish: PATH="/opt/ros/humble/bin:/usr/local/sbin:/usr/local/bin:/usr/sbin:/usr/bin:/sbin:/bin:/usr/games:/usr/local/games:/snap/bin:/snap/bin:/sbin" ldconfig -n /home/vboxuser/agv_ws/install/lely_core_libraries/lib
[28.515s] ----------------------------------------------------------------------
[28.515s] Libraries have been installed in:
[28.516s]    /home/vboxuser/agv_ws/install/lely_core_libraries/lib
[28.516s] 
[28.516s] If you ever happen to want to link against installed libraries
[28.516s] in a given directory, LIBDIR, you must either use libtool, and
[28.516s] specify the full pathname of the library, or use the '-LLIBDIR'
[28.516s] flag during linking and do at least one of the following:
[28.516s]    - add LIBDIR to the 'LD_LIBRARY_PATH' environment variable
[28.516s]      during execution
[28.517s]    - add LIBDIR to the 'LD_RUN_PATH' environment variable
[28.517s]      during linking
[28.517s]    - use the '-Wl,-rpath -Wl,LIBDIR' linker flag
[28.517s]    - have your system administrator add LIBDIR to '/etc/ld.so.conf'
[28.517s] 
[28.517s] See any operating system documentation about shared libraries for
[28.517s] more information, such as the ld(1) and ld.so(8) manual pages.
[28.517s] ----------------------------------------------------------------------
[28.523s] gmake[3]: Leaving directory '/home/vboxuser/agv_ws/build/lely_core_libraries/build/src/ev'
[28.523s] gmake[2]: Leaving directory '/home/vboxuser/agv_ws/build/lely_core_libraries/build/src/ev'
[28.523s] Making install in io2
[28.568s] gmake[2]: Entering directory '/home/vboxuser/agv_ws/build/lely_core_libraries/build/src/io2'
[28.613s] gmake[3]: Entering directory '/home/vboxuser/agv_ws/build/lely_core_libraries/build/src/io2'
[28.615s]  /usr/bin/mkdir -p '/home/vboxuser/agv_ws/install/lely_core_libraries/lib'
[28.620s]  /bin/bash ../../libtool   --mode=install /usr/bin/install -c   liblely-io2.la '/home/vboxuser/agv_ws/install/lely_core_libraries/lib'
[28.678s] libtool: warning: relinking 'liblely-io2.la'
[28.679s] libtool: install: (cd /home/vboxuser/agv_ws/build/lely_core_libraries/build/src/io2; /bin/bash "/home/vboxuser/agv_ws/build/lely_core_libraries/build/libtool"  --silent --tag CC --mode=relink gcc -pthread -g -O2 -Wall -Wextra -pedantic -Werror -Wno-static-in-inline -no-undefined -version-number 2:3:2 -Wl,--as-needed -o liblely-io2.la -rpath /home/vboxuser/agv_ws/install/lely_core_libraries/lib can/liblely_io2_la-msg.lo linux/liblely_io2_la-can_chan.lo linux/liblely_io2_la-can_ctrl.lo linux/liblely_io2_la-poll.lo linux/liblely_io2_la-timer.lo posix/liblely_io2_la-fd.lo posix/liblely_io2_la-io.lo posix/liblely_io2_la-sigset.lo sys/liblely_io2_la-clock.lo sys/liblely_io2_la-io.lo user/liblely_io2_la-can.lo user/liblely_io2_la-timer.lo liblely_io2_la-can.lo liblely_io2_la-can_net.lo liblely_io2_la-can_rt.lo liblely_io2_la-clock.lo liblely_io2_la-ctx.lo liblely_io2_la-dev.lo liblely_io2_la-sigset.lo liblely_io2_la-timer.lo liblely_io2_la-tqueue.lo liblely_io2_la-vcan.lo ../../src/libc/liblely-libc.la ../../src/util/liblely-util.la ../../src/can/liblely-can.la ../../src/ev/liblely-ev.la -lrt )
[29.006s] libtool: install: /usr/bin/install -c .libs/liblely-io2.so.2.3.2T /home/vboxuser/agv_ws/install/lely_core_libraries/lib/liblely-io2.so.2.3.2
[29.009s] libtool: install: (cd /home/vboxuser/agv_ws/install/lely_core_libraries/lib && { ln -s -f liblely-io2.so.2.3.2 liblely-io2.so.2 || { rm -f liblely-io2.so.2 && ln -s liblely-io2.so.2.3.2 liblely-io2.so.2; }; })
[29.012s] libtool: install: (cd /home/vboxuser/agv_ws/install/lely_core_libraries/lib && { ln -s -f liblely-io2.so.2.3.2 liblely-io2.so || { rm -f liblely-io2.so && ln -s liblely-io2.so.2.3.2 liblely-io2.so; }; })
[29.014s] libtool: install: /usr/bin/install -c .libs/liblely-io2.lai /home/vboxuser/agv_ws/install/lely_core_libraries/lib/liblely-io2.la
[29.060s] libtool: finish: PATH="/opt/ros/humble/bin:/usr/local/sbin:/usr/local/bin:/usr/sbin:/usr/bin:/sbin:/bin:/usr/games:/usr/local/games:/snap/bin:/snap/bin:/sbin" ldconfig -n /home/vboxuser/agv_ws/install/lely_core_libraries/lib
[29.063s] ----------------------------------------------------------------------
[29.064s] Libraries have been installed in:
[29.064s]    /home/vboxuser/agv_ws/install/lely_core_libraries/lib
[29.064s] 
[29.064s] If you ever happen to want to link against installed libraries
[29.064s] in a given directory, LIBDIR, you must either use libtool, and
[29.064s] specify the full pathname of the library, or use the '-LLIBDIR'
[29.065s] flag during linking and do at least one of the following:
[29.065s]    - add LIBDIR to the 'LD_LIBRARY_PATH' environment variable
[29.065s]      during execution
[29.065s]    - add LIBDIR to the 'LD_RUN_PATH' environment variable
[29.065s]      during linking
[29.065s]    - use the '-Wl,-rpath -Wl,LIBDIR' linker flag
[29.065s]    - have your system administrator add LIBDIR to '/etc/ld.so.conf'
[29.065s] 
[29.065s] See any operating system documentation about shared libraries for
[29.065s] more information, such as the ld(1) and ld.so(8) manual pages.
[29.066s] ----------------------------------------------------------------------
[29.079s] gmake[3]: Leaving directory '/home/vboxuser/agv_ws/build/lely_core_libraries/build/src/io2'
[29.079s] gmake[2]: Leaving directory '/home/vboxuser/agv_ws/build/lely_core_libraries/build/src/io2'
[29.080s] Making install in coapp
[29.131s] gmake[2]: Entering directory '/home/vboxuser/agv_ws/build/lely_core_libraries/build/src/coapp'
[29.183s] gmake[3]: Entering directory '/home/vboxuser/agv_ws/build/lely_core_libraries/build/src/coapp'
[29.186s]  /usr/bin/mkdir -p '/home/vboxuser/agv_ws/install/lely_core_libraries/lib'
[29.187s]  /bin/bash ../../libtool   --mode=install /usr/bin/install -c   liblely-coapp.la '/home/vboxuser/agv_ws/install/lely_core_libraries/lib'
[29.224s] libtool: warning: relinking 'liblely-coapp.la'
[29.227s] libtool: install: (cd /home/vboxuser/agv_ws/build/lely_core_libraries/build/src/coapp; /bin/bash "/home/vboxuser/agv_ws/build/lely_core_libraries/build/libtool"  --silent --tag CXX --mode=relink g++ -std=gnu++11 -g -O2 -Wall -Wextra -pedantic -Werror -no-undefined -version-number 2:3:2 -Wl,--as-needed -o liblely-coapp.la -rpath /home/vboxuser/agv_ws/install/lely_core_libraries/lib liblely_coapp_la-device.lo liblely_coapp_la-driver.lo liblely_coapp_la-fiber_driver.lo liblely_coapp_la-logical_driver.lo liblely_coapp_la-loop_driver.lo liblely_coapp_la-lss_master.lo liblely_coapp_la-master.lo liblely_coapp_la-node.lo liblely_coapp_la-sdo.lo liblely_coapp_la-sdo_error.lo liblely_coapp_la-slave.lo liblely_coapp_la-type_traits.lo ../../src/libc/liblely-libc.la ../../src/util/liblely-util.la ../../src/can/liblely-can.la ../../src/ev/liblely-ev.la ../../src/io2/liblely-io2.la ../../src/co/liblely-co.la )
[29.938s] libtool: install: /usr/bin/install -c .libs/liblely-coapp.so.2.3.2T /home/vboxuser/agv_ws/install/lely_core_libraries/lib/liblely-coapp.so.2.3.2
[29.947s] libtool: install: (cd /home/vboxuser/agv_ws/install/lely_core_libraries/lib && { ln -s -f liblely-coapp.so.2.3.2 liblely-coapp.so.2 || { rm -f liblely-coapp.so.2 && ln -s liblely-coapp.so.2.3.2 liblely-coapp.so.2; }; })
[29.950s] libtool: install: (cd /home/vboxuser/agv_ws/install/lely_core_libraries/lib && { ln -s -f liblely-coapp.so.2.3.2 liblely-coapp.so || { rm -f liblely-coapp.so && ln -s liblely-coapp.so.2.3.2 liblely-coapp.so; }; })
[29.953s] libtool: install: /usr/bin/install -c .libs/liblely-coapp.lai /home/vboxuser/agv_ws/install/lely_core_libraries/lib/liblely-coapp.la
[30.001s] libtool: finish: PATH="/opt/ros/humble/bin:/usr/local/sbin:/usr/local/bin:/usr/sbin:/usr/bin:/sbin:/bin:/usr/games:/usr/local/games:/snap/bin:/snap/bin:/sbin" ldconfig -n /home/vboxuser/agv_ws/install/lely_core_libraries/lib
[30.013s] ----------------------------------------------------------------------
[30.013s] Libraries have been installed in:
[30.013s]    /home/vboxuser/agv_ws/install/lely_core_libraries/lib
[30.013s] 
[30.014s] If you ever happen to want to link against installed libraries
[30.014s] in a given directory, LIBDIR, you must either use libtool, and
[30.014s] specify the full pathname of the library, or use the '-LLIBDIR'
[30.014s] flag during linking and do at least one of the following:
[30.014s]    - add LIBDIR to the 'LD_LIBRARY_PATH' environment variable
[30.014s]      during execution
[30.014s]    - add LIBDIR to the 'LD_RUN_PATH' environment variable
[30.015s]      during linking
[30.015s]    - use the '-Wl,-rpath -Wl,LIBDIR' linker flag
[30.015s]    - have your system administrator add LIBDIR to '/etc/ld.so.conf'
[30.015s] 
[30.015s] See any operating system documentation about shared libraries for
[30.015s] more information, such as the ld(1) and ld.so(8) manual pages.
[30.016s] ----------------------------------------------------------------------
[30.023s] gmake[3]: Leaving directory '/home/vboxuser/agv_ws/build/lely_core_libraries/build/src/coapp'
[30.024s] gmake[2]: Leaving directory '/home/vboxuser/agv_ws/build/lely_core_libraries/build/src/coapp'
[30.027s] gmake[2]: Entering directory '/home/vboxuser/agv_ws/build/lely_core_libraries/build/src'
[30.031s] gmake[3]: Entering directory '/home/vboxuser/agv_ws/build/lely_core_libraries/build/src'
[30.031s] gmake[3]: Nothing to be done for 'install-exec-am'.
[30.032s] gmake[3]: Nothing to be done for 'install-data-am'.
[30.032s] gmake[3]: Leaving directory '/home/vboxuser/agv_ws/build/lely_core_libraries/build/src'
[30.032s] gmake[2]: Leaving directory '/home/vboxuser/agv_ws/build/lely_core_libraries/build/src'
[30.034s] gmake[1]: Leaving directory '/home/vboxuser/agv_ws/build/lely_core_libraries/build/src'
[30.035s] Making install in python
[30.038s] gmake[1]: Entering directory '/home/vboxuser/agv_ws/build/lely_core_libraries/build/python'
[30.044s] Making install in dcf-tools
[30.047s] gmake[2]: Entering directory '/home/vboxuser/agv_ws/build/lely_core_libraries/build/python/dcf-tools'
[30.052s] gmake[3]: Entering directory '/home/vboxuser/agv_ws/build/lely_core_libraries/build/python/dcf-tools'
[30.576s] running egg_info
[30.578s] writing dcf_tools.egg-info/PKG-INFO
[30.579s] writing dependency_links to dcf_tools.egg-info/dependency_links.txt
[30.580s] writing entry points to dcf_tools.egg-info/entry_points.txt
[30.581s] writing requirements to dcf_tools.egg-info/requires.txt
[30.582s] writing top-level names to dcf_tools.egg-info/top_level.txt
[30.587s] reading manifest file 'dcf_tools.egg-info/SOURCES.txt'
[30.589s] writing manifest file 'dcf_tools.egg-info/SOURCES.txt'
[30.589s] running build
[30.589s] running build_py
[30.592s] running install
[30.593s] running install_lib
[30.596s] running install_egg_info
[30.598s] removing '/home/vboxuser/agv_ws/install/lely_core_libraries/lib/python3.10/site-packages/dcf_tools-2.3.2-py3.10.egg-info' (and everything under it)
[30.605s] Copying dcf_tools.egg-info to /home/vboxuser/agv_ws/install/lely_core_libraries/lib/python3.10/site-packages/dcf_tools-2.3.2-py3.10.egg-info
[30.606s] running install_scripts
[30.647s] Installing dcf2dev script to /home/vboxuser/agv_ws/install/lely_core_libraries/bin/
[30.648s] Installing dcfchk script to /home/vboxuser/agv_ws/install/lely_core_libraries/bin/
[30.648s] Installing dcfgen script to /home/vboxuser/agv_ws/install/lely_core_libraries/bin/
[30.650s] writing list of installed files to 'install.log'
[30.697s] gmake[3]: Nothing to be done for 'install-data-am'.
[30.697s] gmake[3]: Leaving directory '/home/vboxuser/agv_ws/build/lely_core_libraries/build/python/dcf-tools'
[30.697s] gmake[2]: Leaving directory '/home/vboxuser/agv_ws/build/lely_core_libraries/build/python/dcf-tools'
[30.701s] gmake[2]: Entering directory '/home/vboxuser/agv_ws/build/lely_core_libraries/build/python'
[30.705s] gmake[3]: Entering directory '/home/vboxuser/agv_ws/build/lely_core_libraries/build/python'
[30.706s] gmake[3]: Nothing to be done for 'install-exec-am'.
[30.706s] gmake[3]: Nothing to be done for 'install-data-am'.
[30.706s] gmake[3]: Leaving directory '/home/vboxuser/agv_ws/build/lely_core_libraries/build/python'
[30.706s] gmake[2]: Leaving directory '/home/vboxuser/agv_ws/build/lely_core_libraries/build/python'
[30.707s] gmake[1]: Leaving directory '/home/vboxuser/agv_ws/build/lely_core_libraries/build/python'
[30.707s] Making install in pkgconfig
[30.712s] gmake[1]: Entering directory '/home/vboxuser/agv_ws/build/lely_core_libraries/build/pkgconfig'
[30.715s] gmake[2]: Entering directory '/home/vboxuser/agv_ws/build/lely_core_libraries/build/pkgconfig'
[30.716s] gmake[2]: Nothing to be done for 'install-exec-am'.
[30.718s]  /usr/bin/mkdir -p '/home/vboxuser/agv_ws/install/lely_core_libraries/lib/pkgconfig'
[30.722s]  /usr/bin/install -c -m 644 liblely-can.pc liblely-co.pc liblely-coapp.pc liblely-ev.pc liblely-io.pc liblely-io2.pc liblely-libc.pc liblely-libc_rt.pc liblely-tap.pc liblely-util.pc '/home/vboxuser/agv_ws/install/lely_core_libraries/lib/pkgconfig'
[30.728s] gmake[2]: Leaving directory '/home/vboxuser/agv_ws/build/lely_core_libraries/build/pkgconfig'
[30.728s] gmake[1]: Leaving directory '/home/vboxuser/agv_ws/build/lely_core_libraries/build/pkgconfig'
[30.729s] gmake[1]: Entering directory '/home/vboxuser/agv_ws/build/lely_core_libraries/build'
[30.738s] gmake[2]: Entering directory '/home/vboxuser/agv_ws/build/lely_core_libraries/build'
[30.738s] gmake[2]: Nothing to be done for 'install-exec-am'.
[30.738s] gmake[2]: Nothing to be done for 'install-data-am'.
[30.738s] gmake[2]: Leaving directory '/home/vboxuser/agv_ws/build/lely_core_libraries/build'
[30.738s] gmake[1]: Leaving directory '/home/vboxuser/agv_ws/build/lely_core_libraries/build'
[30.739s] -- Up-to-date: /home/vboxuser/agv_ws/install/lely_core_libraries/share/lely_core_libraries/cmake
[30.739s] -- Up-to-date: /home/vboxuser/agv_ws/install/lely_core_libraries/share/lely_core_libraries/cmake/lely_core_libraries-extras.cmake
[30.739s] -- Up-to-date: /home/vboxuser/agv_ws/install/lely_core_libraries/share/lely_core_libraries/environment/pythonpath.sh
[30.740s] -- Up-to-date: /home/vboxuser/agv_ws/install/lely_core_libraries/share/lely_core_libraries/environment/pythonpath.dsv
[30.740s] -- Up-to-date: /home/vboxuser/agv_ws/install/lely_core_libraries/local/lib/python3.10/dist-packages/cogen-0.2.7-py3.10.egg-info
[30.740s] -- Installing: /home/vboxuser/agv_ws/install/lely_core_libraries/local/lib/python3.10/dist-packages/cogen-0.2.7-py3.10.egg-info/entry_points.txt
[30.740s] -- Installing: /home/vboxuser/agv_ws/install/lely_core_libraries/local/lib/python3.10/dist-packages/cogen-0.2.7-py3.10.egg-info/SOURCES.txt
[30.741s] -- Installing: /home/vboxuser/agv_ws/install/lely_core_libraries/local/lib/python3.10/dist-packages/cogen-0.2.7-py3.10.egg-info/dependency_links.txt
[30.741s] -- Installing: /home/vboxuser/agv_ws/install/lely_core_libraries/local/lib/python3.10/dist-packages/cogen-0.2.7-py3.10.egg-info/PKG-INFO
[30.741s] -- Installing: /home/vboxuser/agv_ws/install/lely_core_libraries/local/lib/python3.10/dist-packages/cogen-0.2.7-py3.10.egg-info/top_level.txt
[30.741s] -- Up-to-date: /home/vboxuser/agv_ws/install/lely_core_libraries/lib/cogen/
[30.741s] -- Installing: /home/vboxuser/agv_ws/install/lely_core_libraries/lib/cogen//cogen
[30.742s] -- Up-to-date: /home/vboxuser/agv_ws/install/lely_core_libraries/local/lib/python3.10/dist-packages/cogen
[30.742s] -- Up-to-date: /home/vboxuser/agv_ws/install/lely_core_libraries/local/lib/python3.10/dist-packages/cogen/cogen.py
[30.742s] -- Up-to-date: /home/vboxuser/agv_ws/install/lely_core_libraries/local/lib/python3.10/dist-packages/cogen/__init__.py
[30.810s] Listing '/home/vboxuser/agv_ws/install/lely_core_libraries/local/lib/python3.10/dist-packages/cogen'...
[30.828s] -- Up-to-date: /home/vboxuser/agv_ws/install/lely_core_libraries/bin/
[30.830s] -- Installing: /home/vboxuser/agv_ws/install/lely_core_libraries/bin//cogen
[30.830s] -- Up-to-date: /home/vboxuser/agv_ws/install/lely_core_libraries/share/lely_core_libraries/environment/library_path.sh
[30.831s] -- Up-to-date: /home/vboxuser/agv_ws/install/lely_core_libraries/share/lely_core_libraries/environment/library_path.dsv
[30.831s] -- Up-to-date: /home/vboxuser/agv_ws/install/lely_core_libraries/share/ament_index/resource_index/package_run_dependencies/lely_core_libraries
[30.831s] -- Up-to-date: /home/vboxuser/agv_ws/install/lely_core_libraries/share/ament_index/resource_index/parent_prefix_path/lely_core_libraries
[30.833s] -- Up-to-date: /home/vboxuser/agv_ws/install/lely_core_libraries/share/lely_core_libraries/environment/ament_prefix_path.sh
[30.833s] -- Up-to-date: /home/vboxuser/agv_ws/install/lely_core_libraries/share/lely_core_libraries/environment/ament_prefix_path.dsv
[30.833s] -- Up-to-date: /home/vboxuser/agv_ws/install/lely_core_libraries/share/lely_core_libraries/environment/path.sh
[30.834s] -- Up-to-date: /home/vboxuser/agv_ws/install/lely_core_libraries/share/lely_core_libraries/environment/path.dsv
[30.834s] -- Up-to-date: /home/vboxuser/agv_ws/install/lely_core_libraries/share/lely_core_libraries/local_setup.bash
[30.834s] -- Up-to-date: /home/vboxuser/agv_ws/install/lely_core_libraries/share/lely_core_libraries/local_setup.sh
[30.834s] -- Up-to-date: /home/vboxuser/agv_ws/install/lely_core_libraries/share/lely_core_libraries/local_setup.zsh
[30.835s] -- Up-to-date: /home/vboxuser/agv_ws/install/lely_core_libraries/share/lely_core_libraries/local_setup.dsv
[30.835s] -- Installing: /home/vboxuser/agv_ws/install/lely_core_libraries/share/lely_core_libraries/package.dsv
[30.847s] -- Up-to-date: /home/vboxuser/agv_ws/install/lely_core_libraries/share/ament_index/resource_index/packages/lely_core_libraries
[30.848s] -- Up-to-date: /home/vboxuser/agv_ws/install/lely_core_libraries/share/lely_core_libraries/cmake/lely_core_libraries-extras.cmake
[30.848s] -- Up-to-date: /home/vboxuser/agv_ws/install/lely_core_libraries/share/lely_core_libraries/cmake/ament_cmake_export_include_directories-extras.cmake
[30.848s] -- Up-to-date: /home/vboxuser/agv_ws/install/lely_core_libraries/share/lely_core_libraries/cmake/ament_cmake_export_libraries-extras.cmake
[30.849s] -- Up-to-date: /home/vboxuser/agv_ws/install/lely_core_libraries/share/lely_core_libraries/cmake/lely_core_librariesConfig.cmake
[30.849s] -- Up-to-date: /home/vboxuser/agv_ws/install/lely_core_libraries/share/lely_core_libraries/cmake/lely_core_librariesConfig-version.cmake
[30.849s] -- Up-to-date: /home/vboxuser/agv_ws/install/lely_core_libraries/share/lely_core_libraries/package.xml
[30.852s] Invoked command in '/home/vboxuser/agv_ws/build/lely_core_libraries' returned '0': CMAKE_PREFIX_PATH=${CMAKE_PREFIX_PATH}:/home/vboxuser/install/my_py_pkg:/home/vboxuser/install/agv_py_functions:/home/vboxuser/bumperbot_ws/install/bumperbot_py_examples:/home/vboxuser/ros2_ws/install/my_py_pkg:/opt/ros/humble /usr/bin/cmake --install /home/vboxuser/agv_ws/build/lely_core_libraries
