[0.048s] Invoking command in '/home/vboxuser/agv_ws/build/agv_msgs': CMAKE_PREFIX_PATH=/home/vboxuser/agv_ws/install/wheel_control:/home/vboxuser/agv_ws/install/pgv100:/home/vboxuser/agv_ws/install/panda_rviz_viewer:/home/vboxuser/agv_ws/install/panda_canopen:/home/vboxuser/agv_ws/install/my_simulation:/home/vboxuser/agv_ws/install/canopen_tests:/home/vboxuser/agv_ws/install/canopen_ros2_controllers:/home/vboxuser/agv_ws/install/canopen_ros2_control:/home/vboxuser/agv_ws/install/canopen_robot_control_example:/home/vboxuser/agv_ws/install/canopen_kinco3:/home/vboxuser/agv_ws/install/canopen_kinco2:/home/vboxuser/agv_ws/install/canopen_kinco:/home/vboxuser/agv_ws/install/canopen:/home/vboxuser/agv_ws/install/canopen_402_driver:/home/vboxuser/agv_ws/install/canopen_proxy_driver:/home/vboxuser/agv_ws/install/canopen_master_driver:/home/vboxuser/agv_ws/install/canopen_fake_slaves:/home/vboxuser/agv_ws/install/canopen_base_driver:/home/vboxuser/agv_ws/install/canopen_core:/home/vboxuser/agv_ws/install/lely_core_libraries:/home/vboxuser/agv_ws/install/canopen_interfaces:/home/vboxuser/agv_ws/install/agv_py:/home/vboxuser/agv_ws/install/agv_msgs:/home/vboxuser/agv_ws/install/agv_controllers:/home/vboxuser/agv_ws/install/odometry:/home/vboxuser/agv_ws/install/movement:/home/vboxuser/agv_ws/install/communication:/home/vboxuser/agv_ws/install/canopen_utils:/home/vboxuser/agv_ws/install/agv_py_functions:/home/vboxuser/bumperbot_ws/install/bumperbot_py_examples:/home/vboxuser/ros2_ws/install/my_py_pkg:/opt/ros/humble:/home/vboxuser/agv_ws/install/agv_controller:/home/vboxuser/agv_ws/install/agv:/home/vboxuser/bumperbot_ws/install/bumperbot_cpp_examples:/home/vboxuser/bumperbot_ws/install/bumperbot_msgs:/home/vboxuser/bumperbot_ws/install/bumperbot_description:/home/vboxuser/bumperbot_ws/install/bumperbot_controller:/home/vboxuser/ros2_ws/install/my_simulation /usr/bin/cmake --build /home/vboxuser/agv_ws/build/agv_msgs -- -j4 -l4
[0.262s] -- Found ament_cmake: 1.3.8 (/opt/ros/humble/share/ament_cmake/cmake)
[0.593s] -- Found std_msgs: 4.2.3 (/opt/ros/humble/share/std_msgs/cmake)
[0.688s] -- Found rosidl_generator_c: 3.1.5 (/opt/ros/humble/share/rosidl_generator_c/cmake)
[0.696s] -- Found rosidl_adapter: 3.1.5 (/opt/ros/humble/share/rosidl_adapter/cmake)
[0.714s] -- Found rosidl_generator_cpp: 3.1.5 (/opt/ros/humble/share/rosidl_generator_cpp/cmake)
[0.764s] -- Using all available rosidl_typesupport_c: rosidl_typesupport_fastrtps_c;rosidl_typesupport_introspection_c
[0.811s] -- Using all available rosidl_typesupport_cpp: rosidl_typesupport_fastrtps_cpp;rosidl_typesupport_introspection_cpp
[0.965s] -- Found geometry_msgs: 4.2.3 (/opt/ros/humble/share/geometry_msgs/cmake)
[1.079s] -- Found rosidl_default_generators: 1.2.0 (/opt/ros/humble/share/rosidl_default_generators/cmake)
[1.744s] -- Found ament_cmake_ros: 0.10.0 (/opt/ros/humble/share/ament_cmake_ros/cmake)
[2.651s] -- Using all available rosidl_typesupport_c: rosidl_typesupport_fastrtps_c;rosidl_typesupport_introspection_c
[3.008s] -- Using all available rosidl_typesupport_cpp: rosidl_typesupport_fastrtps_cpp;rosidl_typesupport_introspection_cpp
[3.063s] -- Found python_cmake_module: 0.10.0 (/opt/ros/humble/share/python_cmake_module/cmake)
[3.115s] -- Using PYTHON_EXECUTABLE: /usr/bin/python3
[3.115s] -- Using PYTHON_INCLUDE_DIRS: /usr/include/python3.10
[3.115s] -- Using PYTHON_LIBRARIES: /usr/lib/x86_64-linux-gnu/libpython3.10.so
[3.252s] -- Found ament_lint_auto: 0.12.10 (/opt/ros/humble/share/ament_lint_auto/cmake)
[3.288s] -- Configuring done
[3.441s] -- Generating done
[3.447s] -- Build files have been written to: /home/vboxuser/agv_ws/build/agv_msgs
[3.505s] [35m[1mConsolidate compiler generated dependencies of target agv_msgs__rosidl_generator_c[0m
[3.521s] [  2%] Built target agv_msgs__cpp
[3.527s] [  5%] [32mBuilding C object CMakeFiles/agv_msgs__rosidl_generator_c.dir/rosidl_generator_c/agv_msgs/srv/detail/move__functions.c.o[0m
[3.529s] [  7%] [32mBuilding C object CMakeFiles/agv_msgs__rosidl_generator_c.dir/rosidl_generator_c/agv_msgs/srv/detail/set_wheel_speed__functions.c.o[0m
[3.547s] [35m[1mConsolidate compiler generated dependencies of target agv_msgs__rosidl_typesupport_fastrtps_cpp[0m
[3.558s] [  7%] Built target ament_cmake_python_copy_agv_msgs
[3.581s] [ 10%] [32mBuilding CXX object CMakeFiles/agv_msgs__rosidl_typesupport_fastrtps_cpp.dir/rosidl_typesupport_fastrtps_cpp/agv_msgs/srv/detail/dds_fastrtps/set_wheel_speed__type_support.cpp.o[0m
[3.590s] [35m[1mConsolidate compiler generated dependencies of target agv_msgs__rosidl_typesupport_introspection_cpp[0m
[3.624s] [ 12%] [32mBuilding CXX object CMakeFiles/agv_msgs__rosidl_typesupport_introspection_cpp.dir/rosidl_typesupport_introspection_cpp/agv_msgs/srv/detail/set_wheel_speed__type_support.cpp.o[0m
[3.822s] [ 17%] [32m[1mLinking C shared library libagv_msgs__rosidl_generator_c.so[0m
[3.822s] [ 17%] [32mBuilding CXX object CMakeFiles/agv_msgs__rosidl_typesupport_introspection_cpp.dir/rosidl_typesupport_introspection_cpp/agv_msgs/srv/detail/move__type_support.cpp.o[0m
[3.956s] [ 20%] Built target agv_msgs__rosidl_generator_c
[3.981s] [35m[1mConsolidate compiler generated dependencies of target agv_msgs__rosidl_typesupport_cpp[0m
[4.006s] [ 23%] [32mBuilding CXX object CMakeFiles/agv_msgs__rosidl_typesupport_cpp.dir/rosidl_typesupport_cpp/agv_msgs/srv/set_wheel_speed__type_support.cpp.o[0m
[4.502s] [ 28%] [32m[1mLinking CXX shared library libagv_msgs__rosidl_typesupport_introspection_cpp.so[0m
[4.503s] [ 28%] [32mBuilding CXX object CMakeFiles/agv_msgs__rosidl_typesupport_cpp.dir/rosidl_typesupport_cpp/agv_msgs/srv/move__type_support.cpp.o[0m
[4.521s] [35m[1mConsolidate compiler generated dependencies of target agv_msgs__rosidl_typesupport_fastrtps_c[0m
[4.552s] [ 30%] [32mBuilding CXX object CMakeFiles/agv_msgs__rosidl_typesupport_fastrtps_c.dir/rosidl_typesupport_fastrtps_c/agv_msgs/srv/detail/set_wheel_speed__type_support_c.cpp.o[0m
[4.574s] [ 33%] [32mBuilding CXX object CMakeFiles/agv_msgs__rosidl_typesupport_fastrtps_cpp.dir/rosidl_typesupport_fastrtps_cpp/agv_msgs/srv/detail/dds_fastrtps/move__type_support.cpp.o[0m
[4.642s] [ 35%] Built target agv_msgs__rosidl_typesupport_introspection_cpp
[4.973s] [ 38%] [32m[1mLinking CXX shared library libagv_msgs__rosidl_typesupport_cpp.so[0m
[5.065s] [ 41%] Built target agv_msgs__rosidl_typesupport_cpp
[5.085s] [ 43%] [32mBuilding CXX object CMakeFiles/agv_msgs__rosidl_typesupport_fastrtps_c.dir/rosidl_typesupport_fastrtps_c/agv_msgs/srv/detail/move__type_support_c.cpp.o[0m
[5.242s] [35m[1mConsolidate compiler generated dependencies of target agv_msgs__rosidl_typesupport_introspection_c[0m
[5.250s] running egg_info
[5.251s] writing agv_msgs.egg-info/PKG-INFO
[5.252s] writing dependency_links to agv_msgs.egg-info/dependency_links.txt
[5.252s] writing top-level names to agv_msgs.egg-info/top_level.txt
[5.256s] reading manifest file 'agv_msgs.egg-info/SOURCES.txt'
[5.260s] writing manifest file 'agv_msgs.egg-info/SOURCES.txt'
[5.276s] [ 46%] [32mBuilding C object CMakeFiles/agv_msgs__rosidl_typesupport_introspection_c.dir/rosidl_typesupport_introspection_c/agv_msgs/srv/detail/set_wheel_speed__type_support.c.o[0m
[5.322s] [ 46%] Built target ament_cmake_python_build_agv_msgs_egg
[5.342s] [35m[1mConsolidate compiler generated dependencies of target agv_msgs__rosidl_typesupport_c[0m
[5.348s] [ 48%] [32mBuilding C object CMakeFiles/agv_msgs__rosidl_typesupport_introspection_c.dir/rosidl_typesupport_introspection_c/agv_msgs/srv/detail/move__type_support.c.o[0m
[5.359s] [ 51%] [32m[1mLinking CXX shared library libagv_msgs__rosidl_typesupport_fastrtps_cpp.so[0m
[5.361s] [ 53%] [32mBuilding CXX object CMakeFiles/agv_msgs__rosidl_typesupport_c.dir/rosidl_typesupport_c/agv_msgs/srv/set_wheel_speed__type_support.cpp.o[0m
[5.423s] [ 56%] [32mBuilding CXX object CMakeFiles/agv_msgs__rosidl_typesupport_c.dir/rosidl_typesupport_c/agv_msgs/srv/move__type_support.cpp.o[0m
[5.429s] [ 58%] [32m[1mLinking C shared library libagv_msgs__rosidl_typesupport_introspection_c.so[0m
[5.492s] [ 61%] [32m[1mLinking CXX shared library libagv_msgs__rosidl_typesupport_c.so[0m
[5.501s] [ 64%] Built target agv_msgs__rosidl_typesupport_introspection_c
[5.533s] [ 66%] Built target agv_msgs__rosidl_typesupport_fastrtps_cpp
[5.574s] [ 69%] Built target agv_msgs__rosidl_typesupport_c
[5.721s] [ 71%] [32m[1mLinking CXX shared library libagv_msgs__rosidl_typesupport_fastrtps_c.so[0m
[5.859s] [ 74%] Built target agv_msgs__rosidl_typesupport_fastrtps_c
[5.901s] [ 74%] Built target agv_msgs
[5.934s] [ 76%] Built target agv_msgs__py
[5.953s] [35m[1mConsolidate compiler generated dependencies of target agv_msgs__rosidl_generator_py[0m
[5.977s] [ 82%] [32mBuilding C object CMakeFiles/agv_msgs__rosidl_generator_py.dir/rosidl_generator_py/agv_msgs/srv/_set_wheel_speed_s.c.o[0m
[5.977s] [ 82%] [32mBuilding C object CMakeFiles/agv_msgs__rosidl_generator_py.dir/rosidl_generator_py/agv_msgs/srv/_move_s.c.o[0m
[6.238s] [ 84%] [32m[1mLinking C shared library rosidl_generator_py/agv_msgs/libagv_msgs__rosidl_generator_py.so[0m
[6.319s] [ 84%] Built target agv_msgs__rosidl_generator_py
[6.340s] [35m[1mConsolidate compiler generated dependencies of target agv_msgs__rosidl_typesupport_fastrtps_c__pyext[0m
[6.340s] [35m[1mConsolidate compiler generated dependencies of target agv_msgs__rosidl_typesupport_c__pyext[0m
[6.341s] [35m[1mConsolidate compiler generated dependencies of target agv_msgs__rosidl_typesupport_introspection_c__pyext[0m
[6.363s] [ 89%] [32mBuilding C object CMakeFiles/agv_msgs__rosidl_typesupport_c__pyext.dir/rosidl_generator_py/agv_msgs/_agv_msgs_s.ep.rosidl_typesupport_c.c.o[0m
[6.364s] [ 89%] [32mBuilding C object CMakeFiles/agv_msgs__rosidl_typesupport_fastrtps_c__pyext.dir/rosidl_generator_py/agv_msgs/_agv_msgs_s.ep.rosidl_typesupport_fastrtps_c.c.o[0m
[6.364s] [ 92%] [32mBuilding C object CMakeFiles/agv_msgs__rosidl_typesupport_introspection_c__pyext.dir/rosidl_generator_py/agv_msgs/_agv_msgs_s.ep.rosidl_typesupport_introspection_c.c.o[0m
[6.556s] [ 94%] [32m[1mLinking C shared library rosidl_generator_py/agv_msgs/agv_msgs_s__rosidl_typesupport_c.cpython-310-x86_64-linux-gnu.so[0m
[6.577s] [ 97%] [32m[1mLinking C shared library rosidl_generator_py/agv_msgs/agv_msgs_s__rosidl_typesupport_fastrtps_c.cpython-310-x86_64-linux-gnu.so[0m
[6.582s] [100%] [32m[1mLinking C shared library rosidl_generator_py/agv_msgs/agv_msgs_s__rosidl_typesupport_introspection_c.cpython-310-x86_64-linux-gnu.so[0m
[6.636s] [100%] Built target agv_msgs__rosidl_typesupport_c__pyext
[6.651s] [100%] Built target agv_msgs__rosidl_typesupport_fastrtps_c__pyext
[6.653s] [100%] Built target agv_msgs__rosidl_typesupport_introspection_c__pyext
[6.671s] Invoked command in '/home/vboxuser/agv_ws/build/agv_msgs' returned '0': CMAKE_PREFIX_PATH=/home/vboxuser/agv_ws/install/wheel_control:/home/vboxuser/agv_ws/install/pgv100:/home/vboxuser/agv_ws/install/panda_rviz_viewer:/home/vboxuser/agv_ws/install/panda_canopen:/home/vboxuser/agv_ws/install/my_simulation:/home/vboxuser/agv_ws/install/canopen_tests:/home/vboxuser/agv_ws/install/canopen_ros2_controllers:/home/vboxuser/agv_ws/install/canopen_ros2_control:/home/vboxuser/agv_ws/install/canopen_robot_control_example:/home/vboxuser/agv_ws/install/canopen_kinco3:/home/vboxuser/agv_ws/install/canopen_kinco2:/home/vboxuser/agv_ws/install/canopen_kinco:/home/vboxuser/agv_ws/install/canopen:/home/vboxuser/agv_ws/install/canopen_402_driver:/home/vboxuser/agv_ws/install/canopen_proxy_driver:/home/vboxuser/agv_ws/install/canopen_master_driver:/home/vboxuser/agv_ws/install/canopen_fake_slaves:/home/vboxuser/agv_ws/install/canopen_base_driver:/home/vboxuser/agv_ws/install/canopen_core:/home/vboxuser/agv_ws/install/lely_core_libraries:/home/vboxuser/agv_ws/install/canopen_interfaces:/home/vboxuser/agv_ws/install/agv_py:/home/vboxuser/agv_ws/install/agv_msgs:/home/vboxuser/agv_ws/install/agv_controllers:/home/vboxuser/agv_ws/install/odometry:/home/vboxuser/agv_ws/install/movement:/home/vboxuser/agv_ws/install/communication:/home/vboxuser/agv_ws/install/canopen_utils:/home/vboxuser/agv_ws/install/agv_py_functions:/home/vboxuser/bumperbot_ws/install/bumperbot_py_examples:/home/vboxuser/ros2_ws/install/my_py_pkg:/opt/ros/humble:/home/vboxuser/agv_ws/install/agv_controller:/home/vboxuser/agv_ws/install/agv:/home/vboxuser/bumperbot_ws/install/bumperbot_cpp_examples:/home/vboxuser/bumperbot_ws/install/bumperbot_msgs:/home/vboxuser/bumperbot_ws/install/bumperbot_description:/home/vboxuser/bumperbot_ws/install/bumperbot_controller:/home/vboxuser/ros2_ws/install/my_simulation /usr/bin/cmake --build /home/vboxuser/agv_ws/build/agv_msgs -- -j4 -l4
[6.841s] Invoking command in '/home/vboxuser/agv_ws/build/agv_msgs': CMAKE_PREFIX_PATH=/home/vboxuser/agv_ws/install/wheel_control:/home/vboxuser/agv_ws/install/pgv100:/home/vboxuser/agv_ws/install/panda_rviz_viewer:/home/vboxuser/agv_ws/install/panda_canopen:/home/vboxuser/agv_ws/install/my_simulation:/home/vboxuser/agv_ws/install/canopen_tests:/home/vboxuser/agv_ws/install/canopen_ros2_controllers:/home/vboxuser/agv_ws/install/canopen_ros2_control:/home/vboxuser/agv_ws/install/canopen_robot_control_example:/home/vboxuser/agv_ws/install/canopen_kinco3:/home/vboxuser/agv_ws/install/canopen_kinco2:/home/vboxuser/agv_ws/install/canopen_kinco:/home/vboxuser/agv_ws/install/canopen:/home/vboxuser/agv_ws/install/canopen_402_driver:/home/vboxuser/agv_ws/install/canopen_proxy_driver:/home/vboxuser/agv_ws/install/canopen_master_driver:/home/vboxuser/agv_ws/install/canopen_fake_slaves:/home/vboxuser/agv_ws/install/canopen_base_driver:/home/vboxuser/agv_ws/install/canopen_core:/home/vboxuser/agv_ws/install/lely_core_libraries:/home/vboxuser/agv_ws/install/canopen_interfaces:/home/vboxuser/agv_ws/install/agv_py:/home/vboxuser/agv_ws/install/agv_msgs:/home/vboxuser/agv_ws/install/agv_controllers:/home/vboxuser/agv_ws/install/odometry:/home/vboxuser/agv_ws/install/movement:/home/vboxuser/agv_ws/install/communication:/home/vboxuser/agv_ws/install/canopen_utils:/home/vboxuser/agv_ws/install/agv_py_functions:/home/vboxuser/bumperbot_ws/install/bumperbot_py_examples:/home/vboxuser/ros2_ws/install/my_py_pkg:/opt/ros/humble:/home/vboxuser/agv_ws/install/agv_controller:/home/vboxuser/agv_ws/install/agv:/home/vboxuser/bumperbot_ws/install/bumperbot_cpp_examples:/home/vboxuser/bumperbot_ws/install/bumperbot_msgs:/home/vboxuser/bumperbot_ws/install/bumperbot_description:/home/vboxuser/bumperbot_ws/install/bumperbot_controller:/home/vboxuser/ros2_ws/install/my_simulation /usr/bin/cmake --install /home/vboxuser/agv_ws/build/agv_msgs
[6.853s] -- Install configuration: ""
[6.858s] -- Up-to-date: /home/vboxuser/agv_ws/install/agv_msgs/share/ament_index/resource_index/rosidl_interfaces/agv_msgs
[6.859s] -- Up-to-date: /home/vboxuser/agv_ws/install/agv_msgs/include/agv_msgs/agv_msgs
[6.860s] -- Up-to-date: /home/vboxuser/agv_ws/install/agv_msgs/include/agv_msgs/agv_msgs/srv
[6.861s] -- Up-to-date: /home/vboxuser/agv_ws/install/agv_msgs/include/agv_msgs/agv_msgs/srv/move.h
[6.861s] -- Up-to-date: /home/vboxuser/agv_ws/install/agv_msgs/include/agv_msgs/agv_msgs/srv/set_wheel_speed.h
[6.861s] -- Up-to-date: /home/vboxuser/agv_ws/install/agv_msgs/include/agv_msgs/agv_msgs/srv/detail
[6.861s] -- Up-to-date: /home/vboxuser/agv_ws/install/agv_msgs/include/agv_msgs/agv_msgs/srv/detail/move__struct.h
[6.862s] -- Up-to-date: /home/vboxuser/agv_ws/install/agv_msgs/include/agv_msgs/agv_msgs/srv/detail/move__functions.c
[6.862s] -- Up-to-date: /home/vboxuser/agv_ws/install/agv_msgs/include/agv_msgs/agv_msgs/srv/detail/move__functions.h
[6.862s] -- Up-to-date: /home/vboxuser/agv_ws/install/agv_msgs/include/agv_msgs/agv_msgs/srv/detail/set_wheel_speed__functions.c
[6.862s] -- Up-to-date: /home/vboxuser/agv_ws/install/agv_msgs/include/agv_msgs/agv_msgs/srv/detail/set_wheel_speed__functions.h
[6.862s] -- Up-to-date: /home/vboxuser/agv_ws/install/agv_msgs/include/agv_msgs/agv_msgs/srv/detail/set_wheel_speed__type_support.h
[6.862s] -- Up-to-date: /home/vboxuser/agv_ws/install/agv_msgs/include/agv_msgs/agv_msgs/srv/detail/move__type_support.h
[6.862s] -- Up-to-date: /home/vboxuser/agv_ws/install/agv_msgs/include/agv_msgs/agv_msgs/srv/detail/set_wheel_speed__struct.h
[6.863s] -- Up-to-date: /home/vboxuser/agv_ws/install/agv_msgs/include/agv_msgs/agv_msgs/msg
[6.863s] -- Up-to-date: /home/vboxuser/agv_ws/install/agv_msgs/include/agv_msgs/agv_msgs/msg/rosidl_generator_c__visibility_control.h
[6.863s] -- Up-to-date: /home/vboxuser/agv_ws/install/agv_msgs/include/agv_msgs/agv_msgs/action
[6.863s] -- Up-to-date: /home/vboxuser/agv_ws/install/agv_msgs/include/agv_msgs/agv_msgs/action/move.h
[6.863s] -- Up-to-date: /home/vboxuser/agv_ws/install/agv_msgs/include/agv_msgs/agv_msgs/action/detail
[6.864s] -- Up-to-date: /home/vboxuser/agv_ws/install/agv_msgs/include/agv_msgs/agv_msgs/action/detail/move__struct.h
[6.864s] -- Up-to-date: /home/vboxuser/agv_ws/install/agv_msgs/include/agv_msgs/agv_msgs/action/detail/move__functions.c
[6.865s] -- Up-to-date: /home/vboxuser/agv_ws/install/agv_msgs/include/agv_msgs/agv_msgs/action/detail/move__functions.h
[6.865s] -- Up-to-date: /home/vboxuser/agv_ws/install/agv_msgs/include/agv_msgs/agv_msgs/action/detail/move__type_support.h
[6.865s] -- Up-to-date: /home/vboxuser/agv_ws/install/agv_msgs/share/agv_msgs/environment/library_path.sh
[6.865s] -- Installing: /home/vboxuser/agv_ws/install/agv_msgs/share/agv_msgs/environment/library_path.dsv
[6.868s] -- Installing: /home/vboxuser/agv_ws/install/agv_msgs/lib/libagv_msgs__rosidl_generator_c.so
[6.869s] -- Set runtime path of "/home/vboxuser/agv_ws/install/agv_msgs/lib/libagv_msgs__rosidl_generator_c.so" to ""
[6.869s] -- Up-to-date: /home/vboxuser/agv_ws/install/agv_msgs/include/agv_msgs/agv_msgs
[6.869s] -- Up-to-date: /home/vboxuser/agv_ws/install/agv_msgs/include/agv_msgs/agv_msgs/srv
[6.869s] -- Up-to-date: /home/vboxuser/agv_ws/install/agv_msgs/include/agv_msgs/agv_msgs/srv/detail
[6.869s] -- Up-to-date: /home/vboxuser/agv_ws/install/agv_msgs/include/agv_msgs/agv_msgs/srv/detail/move__rosidl_typesupport_fastrtps_c.h
[6.869s] -- Up-to-date: /home/vboxuser/agv_ws/install/agv_msgs/include/agv_msgs/agv_msgs/srv/detail/set_wheel_speed__rosidl_typesupport_fastrtps_c.h
[6.870s] -- Up-to-date: /home/vboxuser/agv_ws/install/agv_msgs/include/agv_msgs/agv_msgs/msg
[6.870s] -- Up-to-date: /home/vboxuser/agv_ws/install/agv_msgs/include/agv_msgs/agv_msgs/msg/rosidl_typesupport_fastrtps_c__visibility_control.h
[6.874s] -- Installing: /home/vboxuser/agv_ws/install/agv_msgs/lib/libagv_msgs__rosidl_typesupport_fastrtps_c.so
[6.874s] -- Set runtime path of "/home/vboxuser/agv_ws/install/agv_msgs/lib/libagv_msgs__rosidl_typesupport_fastrtps_c.so" to ""
[6.875s] -- Up-to-date: /home/vboxuser/agv_ws/install/agv_msgs/include/agv_msgs/agv_msgs
[6.875s] -- Up-to-date: /home/vboxuser/agv_ws/install/agv_msgs/include/agv_msgs/agv_msgs/srv
[6.875s] -- Up-to-date: /home/vboxuser/agv_ws/install/agv_msgs/include/agv_msgs/agv_msgs/srv/move.hpp
[6.875s] -- Up-to-date: /home/vboxuser/agv_ws/install/agv_msgs/include/agv_msgs/agv_msgs/srv/set_wheel_speed.hpp
[6.875s] -- Up-to-date: /home/vboxuser/agv_ws/install/agv_msgs/include/agv_msgs/agv_msgs/srv/detail
[6.876s] -- Up-to-date: /home/vboxuser/agv_ws/install/agv_msgs/include/agv_msgs/agv_msgs/srv/detail/move__struct.hpp
[6.876s] -- Up-to-date: /home/vboxuser/agv_ws/install/agv_msgs/include/agv_msgs/agv_msgs/srv/detail/set_wheel_speed__builder.hpp
[6.877s] -- Up-to-date: /home/vboxuser/agv_ws/install/agv_msgs/include/agv_msgs/agv_msgs/srv/detail/set_wheel_speed__struct.hpp
[6.877s] -- Up-to-date: /home/vboxuser/agv_ws/install/agv_msgs/include/agv_msgs/agv_msgs/srv/detail/move__builder.hpp
[6.877s] -- Up-to-date: /home/vboxuser/agv_ws/install/agv_msgs/include/agv_msgs/agv_msgs/srv/detail/set_wheel_speed__traits.hpp
[6.877s] -- Up-to-date: /home/vboxuser/agv_ws/install/agv_msgs/include/agv_msgs/agv_msgs/srv/detail/move__traits.hpp
[6.877s] -- Up-to-date: /home/vboxuser/agv_ws/install/agv_msgs/include/agv_msgs/agv_msgs/action
[6.877s] -- Up-to-date: /home/vboxuser/agv_ws/install/agv_msgs/include/agv_msgs/agv_msgs/action/move.hpp
[6.878s] -- Up-to-date: /home/vboxuser/agv_ws/install/agv_msgs/include/agv_msgs/agv_msgs/action/detail
[6.878s] -- Up-to-date: /home/vboxuser/agv_ws/install/agv_msgs/include/agv_msgs/agv_msgs/action/detail/move__struct.hpp
[6.878s] -- Up-to-date: /home/vboxuser/agv_ws/install/agv_msgs/include/agv_msgs/agv_msgs/action/detail/move__builder.hpp
[6.878s] -- Up-to-date: /home/vboxuser/agv_ws/install/agv_msgs/include/agv_msgs/agv_msgs/action/detail/move__traits.hpp
[6.879s] -- Up-to-date: /home/vboxuser/agv_ws/install/agv_msgs/include/agv_msgs/agv_msgs
[6.879s] -- Up-to-date: /home/vboxuser/agv_ws/install/agv_msgs/include/agv_msgs/agv_msgs/srv
[6.879s] -- Up-to-date: /home/vboxuser/agv_ws/install/agv_msgs/include/agv_msgs/agv_msgs/srv/detail
[6.879s] -- Up-to-date: /home/vboxuser/agv_ws/install/agv_msgs/include/agv_msgs/agv_msgs/srv/detail/set_wheel_speed__rosidl_typesupport_fastrtps_cpp.hpp
[6.879s] -- Up-to-date: /home/vboxuser/agv_ws/install/agv_msgs/include/agv_msgs/agv_msgs/srv/detail/move__rosidl_typesupport_fastrtps_cpp.hpp
[6.880s] -- Up-to-date: /home/vboxuser/agv_ws/install/agv_msgs/include/agv_msgs/agv_msgs/srv/detail/dds_fastrtps
[6.880s] -- Up-to-date: /home/vboxuser/agv_ws/install/agv_msgs/include/agv_msgs/agv_msgs/msg
[6.880s] -- Up-to-date: /home/vboxuser/agv_ws/install/agv_msgs/include/agv_msgs/agv_msgs/msg/rosidl_typesupport_fastrtps_cpp__visibility_control.h
[6.880s] -- Up-to-date: /home/vboxuser/agv_ws/install/agv_msgs/include/agv_msgs/agv_msgs/action
[6.880s] -- Up-to-date: /home/vboxuser/agv_ws/install/agv_msgs/include/agv_msgs/agv_msgs/action/detail
[6.880s] -- Up-to-date: /home/vboxuser/agv_ws/install/agv_msgs/include/agv_msgs/agv_msgs/action/detail/move__rosidl_typesupport_fastrtps_cpp.hpp
[6.880s] -- Up-to-date: /home/vboxuser/agv_ws/install/agv_msgs/include/agv_msgs/agv_msgs/action/detail/dds_fastrtps
[6.881s] -- Installing: /home/vboxuser/agv_ws/install/agv_msgs/lib/libagv_msgs__rosidl_typesupport_fastrtps_cpp.so
[6.882s] -- Set runtime path of "/home/vboxuser/agv_ws/install/agv_msgs/lib/libagv_msgs__rosidl_typesupport_fastrtps_cpp.so" to ""
[6.882s] -- Up-to-date: /home/vboxuser/agv_ws/install/agv_msgs/include/agv_msgs/agv_msgs
[6.882s] -- Up-to-date: /home/vboxuser/agv_ws/install/agv_msgs/include/agv_msgs/agv_msgs/srv
[6.882s] -- Up-to-date: /home/vboxuser/agv_ws/install/agv_msgs/include/agv_msgs/agv_msgs/srv/detail
[6.882s] -- Up-to-date: /home/vboxuser/agv_ws/install/agv_msgs/include/agv_msgs/agv_msgs/srv/detail/set_wheel_speed__type_support.c
[6.883s] -- Up-to-date: /home/vboxuser/agv_ws/install/agv_msgs/include/agv_msgs/agv_msgs/srv/detail/set_wheel_speed__rosidl_typesupport_introspection_c.h
[6.883s] -- Up-to-date: /home/vboxuser/agv_ws/install/agv_msgs/include/agv_msgs/agv_msgs/srv/detail/move__type_support.c
[6.883s] -- Up-to-date: /home/vboxuser/agv_ws/install/agv_msgs/include/agv_msgs/agv_msgs/srv/detail/move__rosidl_typesupport_introspection_c.h
[6.883s] -- Up-to-date: /home/vboxuser/agv_ws/install/agv_msgs/include/agv_msgs/agv_msgs/msg
[6.883s] -- Up-to-date: /home/vboxuser/agv_ws/install/agv_msgs/include/agv_msgs/agv_msgs/msg/rosidl_typesupport_introspection_c__visibility_control.h
[6.884s] -- Installing: /home/vboxuser/agv_ws/install/agv_msgs/lib/libagv_msgs__rosidl_typesupport_introspection_c.so
[6.885s] -- Set runtime path of "/home/vboxuser/agv_ws/install/agv_msgs/lib/libagv_msgs__rosidl_typesupport_introspection_c.so" to ""
[6.887s] -- Installing: /home/vboxuser/agv_ws/install/agv_msgs/lib/libagv_msgs__rosidl_typesupport_c.so
[6.887s] -- Set runtime path of "/home/vboxuser/agv_ws/install/agv_msgs/lib/libagv_msgs__rosidl_typesupport_c.so" to ""
[6.887s] -- Up-to-date: /home/vboxuser/agv_ws/install/agv_msgs/include/agv_msgs/agv_msgs
[6.888s] -- Up-to-date: /home/vboxuser/agv_ws/install/agv_msgs/include/agv_msgs/agv_msgs/srv
[6.888s] -- Up-to-date: /home/vboxuser/agv_ws/install/agv_msgs/include/agv_msgs/agv_msgs/srv/detail
[6.888s] -- Up-to-date: /home/vboxuser/agv_ws/install/agv_msgs/include/agv_msgs/agv_msgs/srv/detail/set_wheel_speed__type_support.cpp
[6.888s] -- Up-to-date: /home/vboxuser/agv_ws/install/agv_msgs/include/agv_msgs/agv_msgs/srv/detail/move__rosidl_typesupport_introspection_cpp.hpp
[6.888s] -- Up-to-date: /home/vboxuser/agv_ws/install/agv_msgs/include/agv_msgs/agv_msgs/srv/detail/set_wheel_speed__rosidl_typesupport_introspection_cpp.hpp
[6.888s] -- Up-to-date: /home/vboxuser/agv_ws/install/agv_msgs/include/agv_msgs/agv_msgs/srv/detail/move__type_support.cpp
[6.888s] -- Up-to-date: /home/vboxuser/agv_ws/install/agv_msgs/include/agv_msgs/agv_msgs/action
[6.889s] -- Up-to-date: /home/vboxuser/agv_ws/install/agv_msgs/include/agv_msgs/agv_msgs/action/detail
[6.889s] -- Up-to-date: /home/vboxuser/agv_ws/install/agv_msgs/include/agv_msgs/agv_msgs/action/detail/move__rosidl_typesupport_introspection_cpp.hpp
[6.889s] -- Up-to-date: /home/vboxuser/agv_ws/install/agv_msgs/include/agv_msgs/agv_msgs/action/detail/move__type_support.cpp
[6.891s] -- Installing: /home/vboxuser/agv_ws/install/agv_msgs/lib/libagv_msgs__rosidl_typesupport_introspection_cpp.so
[6.891s] -- Set runtime path of "/home/vboxuser/agv_ws/install/agv_msgs/lib/libagv_msgs__rosidl_typesupport_introspection_cpp.so" to ""
[6.894s] -- Installing: /home/vboxuser/agv_ws/install/agv_msgs/lib/libagv_msgs__rosidl_typesupport_cpp.so
[6.895s] -- Set runtime path of "/home/vboxuser/agv_ws/install/agv_msgs/lib/libagv_msgs__rosidl_typesupport_cpp.so" to ""
[6.895s] -- Up-to-date: /home/vboxuser/agv_ws/install/agv_msgs/share/agv_msgs/environment/pythonpath.sh
[6.896s] -- Installing: /home/vboxuser/agv_ws/install/agv_msgs/share/agv_msgs/environment/pythonpath.dsv
[6.896s] -- Up-to-date: /home/vboxuser/agv_ws/install/agv_msgs/local/lib/python3.10/dist-packages/agv_msgs-0.0.0-py3.10.egg-info
[6.896s] -- Installing: /home/vboxuser/agv_ws/install/agv_msgs/local/lib/python3.10/dist-packages/agv_msgs-0.0.0-py3.10.egg-info/SOURCES.txt
[6.896s] -- Installing: /home/vboxuser/agv_ws/install/agv_msgs/local/lib/python3.10/dist-packages/agv_msgs-0.0.0-py3.10.egg-info/dependency_links.txt
[6.896s] -- Installing: /home/vboxuser/agv_ws/install/agv_msgs/local/lib/python3.10/dist-packages/agv_msgs-0.0.0-py3.10.egg-info/PKG-INFO
[6.897s] -- Installing: /home/vboxuser/agv_ws/install/agv_msgs/local/lib/python3.10/dist-packages/agv_msgs-0.0.0-py3.10.egg-info/top_level.txt
[6.897s] -- Up-to-date: /home/vboxuser/agv_ws/install/agv_msgs/local/lib/python3.10/dist-packages/agv_msgs
[6.897s] -- Up-to-date: /home/vboxuser/agv_ws/install/agv_msgs/local/lib/python3.10/dist-packages/agv_msgs/_agv_msgs_s.ep.rosidl_typesupport_fastrtps_c.c
[6.897s] -- Up-to-date: /home/vboxuser/agv_ws/install/agv_msgs/local/lib/python3.10/dist-packages/agv_msgs/_agv_msgs_s.ep.rosidl_typesupport_introspection_c.c
[6.898s] -- Up-to-date: /home/vboxuser/agv_ws/install/agv_msgs/local/lib/python3.10/dist-packages/agv_msgs/srv
[6.898s] -- Up-to-date: /home/vboxuser/agv_ws/install/agv_msgs/local/lib/python3.10/dist-packages/agv_msgs/srv/_move.py
[6.898s] -- Up-to-date: /home/vboxuser/agv_ws/install/agv_msgs/local/lib/python3.10/dist-packages/agv_msgs/srv/_move_s.c
[6.898s] -- Up-to-date: /home/vboxuser/agv_ws/install/agv_msgs/local/lib/python3.10/dist-packages/agv_msgs/srv/_set_wheel_speed.py
[6.898s] -- Up-to-date: /home/vboxuser/agv_ws/install/agv_msgs/local/lib/python3.10/dist-packages/agv_msgs/srv/__init__.py
[6.898s] -- Up-to-date: /home/vboxuser/agv_ws/install/agv_msgs/local/lib/python3.10/dist-packages/agv_msgs/srv/_set_wheel_speed_s.c
[6.898s] -- Up-to-date: /home/vboxuser/agv_ws/install/agv_msgs/local/lib/python3.10/dist-packages/agv_msgs/_agv_msgs_s.ep.rosidl_typesupport_c.c
[6.899s] -- Installing: /home/vboxuser/agv_ws/install/agv_msgs/local/lib/python3.10/dist-packages/agv_msgs/agv_msgs_s__rosidl_typesupport_fastrtps_c.cpython-310-x86_64-linux-gnu.so
[6.899s] -- Installing: /home/vboxuser/agv_ws/install/agv_msgs/local/lib/python3.10/dist-packages/agv_msgs/agv_msgs_s__rosidl_typesupport_introspection_c.cpython-310-x86_64-linux-gnu.so
[6.899s] -- Installing: /home/vboxuser/agv_ws/install/agv_msgs/local/lib/python3.10/dist-packages/agv_msgs/agv_msgs_s__rosidl_typesupport_c.cpython-310-x86_64-linux-gnu.so
[6.899s] -- Installing: /home/vboxuser/agv_ws/install/agv_msgs/local/lib/python3.10/dist-packages/agv_msgs/__init__.py
[6.899s] -- Installing: /home/vboxuser/agv_ws/install/agv_msgs/local/lib/python3.10/dist-packages/agv_msgs/libagv_msgs__rosidl_generator_py.so
[6.979s] Listing '/home/vboxuser/agv_ws/install/agv_msgs/local/lib/python3.10/dist-packages/agv_msgs'...
[6.979s] Compiling '/home/vboxuser/agv_ws/install/agv_msgs/local/lib/python3.10/dist-packages/agv_msgs/__init__.py'...
[6.979s] Listing '/home/vboxuser/agv_ws/install/agv_msgs/local/lib/python3.10/dist-packages/agv_msgs/srv'...
[6.994s] -- Installing: /home/vboxuser/agv_ws/install/agv_msgs/local/lib/python3.10/dist-packages/agv_msgs/agv_msgs_s__rosidl_typesupport_fastrtps_c.cpython-310-x86_64-linux-gnu.so
[6.995s] -- Set runtime path of "/home/vboxuser/agv_ws/install/agv_msgs/local/lib/python3.10/dist-packages/agv_msgs/agv_msgs_s__rosidl_typesupport_fastrtps_c.cpython-310-x86_64-linux-gnu.so" to ""
[6.995s] -- Installing: /home/vboxuser/agv_ws/install/agv_msgs/local/lib/python3.10/dist-packages/agv_msgs/agv_msgs_s__rosidl_typesupport_introspection_c.cpython-310-x86_64-linux-gnu.so
[6.997s] -- Set runtime path of "/home/vboxuser/agv_ws/install/agv_msgs/local/lib/python3.10/dist-packages/agv_msgs/agv_msgs_s__rosidl_typesupport_introspection_c.cpython-310-x86_64-linux-gnu.so" to ""
[6.997s] -- Installing: /home/vboxuser/agv_ws/install/agv_msgs/local/lib/python3.10/dist-packages/agv_msgs/agv_msgs_s__rosidl_typesupport_c.cpython-310-x86_64-linux-gnu.so
[6.997s] -- Set runtime path of "/home/vboxuser/agv_ws/install/agv_msgs/local/lib/python3.10/dist-packages/agv_msgs/agv_msgs_s__rosidl_typesupport_c.cpython-310-x86_64-linux-gnu.so" to ""
[6.999s] -- Installing: /home/vboxuser/agv_ws/install/agv_msgs/lib/libagv_msgs__rosidl_generator_py.so
[7.000s] -- Set runtime path of "/home/vboxuser/agv_ws/install/agv_msgs/lib/libagv_msgs__rosidl_generator_py.so" to ""
[7.001s] -- Up-to-date: /home/vboxuser/agv_ws/install/agv_msgs/share/agv_msgs/srv/SetWheelSpeed.idl
[7.001s] -- Up-to-date: /home/vboxuser/agv_ws/install/agv_msgs/share/agv_msgs/srv/Move.idl
[7.002s] -- Up-to-date: /home/vboxuser/agv_ws/install/agv_msgs/share/agv_msgs/srv/SetWheelSpeed.srv
[7.002s] -- Up-to-date: /home/vboxuser/agv_ws/install/agv_msgs/share/agv_msgs/srv/SetWheelSpeed_Request.msg
[7.002s] -- Up-to-date: /home/vboxuser/agv_ws/install/agv_msgs/share/agv_msgs/srv/SetWheelSpeed_Response.msg
[7.003s] -- Installing: /home/vboxuser/agv_ws/install/agv_msgs/share/agv_msgs/srv/Move.srv
[7.003s] -- Up-to-date: /home/vboxuser/agv_ws/install/agv_msgs/share/agv_msgs/srv/Move_Request.msg
[7.003s] -- Up-to-date: /home/vboxuser/agv_ws/install/agv_msgs/share/agv_msgs/srv/Move_Response.msg
[7.003s] -- Up-to-date: /home/vboxuser/agv_ws/install/agv_msgs/share/ament_index/resource_index/package_run_dependencies/agv_msgs
[7.003s] -- Installing: /home/vboxuser/agv_ws/install/agv_msgs/share/ament_index/resource_index/parent_prefix_path/agv_msgs
[7.004s] -- Up-to-date: /home/vboxuser/agv_ws/install/agv_msgs/share/agv_msgs/environment/ament_prefix_path.sh
[7.004s] -- Installing: /home/vboxuser/agv_ws/install/agv_msgs/share/agv_msgs/environment/ament_prefix_path.dsv
[7.004s] -- Up-to-date: /home/vboxuser/agv_ws/install/agv_msgs/share/agv_msgs/environment/path.sh
[7.004s] -- Installing: /home/vboxuser/agv_ws/install/agv_msgs/share/agv_msgs/environment/path.dsv
[7.004s] -- Up-to-date: /home/vboxuser/agv_ws/install/agv_msgs/share/agv_msgs/local_setup.bash
[7.004s] -- Up-to-date: /home/vboxuser/agv_ws/install/agv_msgs/share/agv_msgs/local_setup.sh
[7.005s] -- Up-to-date: /home/vboxuser/agv_ws/install/agv_msgs/share/agv_msgs/local_setup.zsh
[7.005s] -- Installing: /home/vboxuser/agv_ws/install/agv_msgs/share/agv_msgs/local_setup.dsv
[7.005s] -- Installing: /home/vboxuser/agv_ws/install/agv_msgs/share/agv_msgs/package.dsv
[7.005s] -- Up-to-date: /home/vboxuser/agv_ws/install/agv_msgs/share/ament_index/resource_index/packages/agv_msgs
[7.005s] -- Up-to-date: /home/vboxuser/agv_ws/install/agv_msgs/share/agv_msgs/cmake/export_agv_msgs__rosidl_generator_cExport.cmake
[7.006s] -- Up-to-date: /home/vboxuser/agv_ws/install/agv_msgs/share/agv_msgs/cmake/export_agv_msgs__rosidl_generator_cExport-noconfig.cmake
[7.006s] -- Up-to-date: /home/vboxuser/agv_ws/install/agv_msgs/share/agv_msgs/cmake/export_agv_msgs__rosidl_typesupport_fastrtps_cExport.cmake
[7.006s] -- Up-to-date: /home/vboxuser/agv_ws/install/agv_msgs/share/agv_msgs/cmake/export_agv_msgs__rosidl_typesupport_fastrtps_cExport-noconfig.cmake
[7.007s] -- Up-to-date: /home/vboxuser/agv_ws/install/agv_msgs/share/agv_msgs/cmake/export_agv_msgs__rosidl_generator_cppExport.cmake
[7.008s] -- Up-to-date: /home/vboxuser/agv_ws/install/agv_msgs/share/agv_msgs/cmake/export_agv_msgs__rosidl_typesupport_fastrtps_cppExport.cmake
[7.008s] -- Up-to-date: /home/vboxuser/agv_ws/install/agv_msgs/share/agv_msgs/cmake/export_agv_msgs__rosidl_typesupport_fastrtps_cppExport-noconfig.cmake
[7.008s] -- Up-to-date: /home/vboxuser/agv_ws/install/agv_msgs/share/agv_msgs/cmake/agv_msgs__rosidl_typesupport_introspection_cExport.cmake
[7.009s] -- Up-to-date: /home/vboxuser/agv_ws/install/agv_msgs/share/agv_msgs/cmake/agv_msgs__rosidl_typesupport_introspection_cExport-noconfig.cmake
[7.009s] -- Up-to-date: /home/vboxuser/agv_ws/install/agv_msgs/share/agv_msgs/cmake/agv_msgs__rosidl_typesupport_cExport.cmake
[7.010s] -- Up-to-date: /home/vboxuser/agv_ws/install/agv_msgs/share/agv_msgs/cmake/agv_msgs__rosidl_typesupport_cExport-noconfig.cmake
[7.011s] -- Up-to-date: /home/vboxuser/agv_ws/install/agv_msgs/share/agv_msgs/cmake/agv_msgs__rosidl_typesupport_introspection_cppExport.cmake
[7.011s] -- Up-to-date: /home/vboxuser/agv_ws/install/agv_msgs/share/agv_msgs/cmake/agv_msgs__rosidl_typesupport_introspection_cppExport-noconfig.cmake
[7.012s] -- Up-to-date: /home/vboxuser/agv_ws/install/agv_msgs/share/agv_msgs/cmake/agv_msgs__rosidl_typesupport_cppExport.cmake
[7.012s] -- Up-to-date: /home/vboxuser/agv_ws/install/agv_msgs/share/agv_msgs/cmake/agv_msgs__rosidl_typesupport_cppExport-noconfig.cmake
[7.013s] -- Up-to-date: /home/vboxuser/agv_ws/install/agv_msgs/share/agv_msgs/cmake/export_agv_msgs__rosidl_generator_pyExport.cmake
[7.013s] -- Up-to-date: /home/vboxuser/agv_ws/install/agv_msgs/share/agv_msgs/cmake/export_agv_msgs__rosidl_generator_pyExport-noconfig.cmake
[7.013s] -- Up-to-date: /home/vboxuser/agv_ws/install/agv_msgs/share/agv_msgs/cmake/rosidl_cmake-extras.cmake
[7.013s] -- Up-to-date: /home/vboxuser/agv_ws/install/agv_msgs/share/agv_msgs/cmake/ament_cmake_export_dependencies-extras.cmake
[7.014s] -- Up-to-date: /home/vboxuser/agv_ws/install/agv_msgs/share/agv_msgs/cmake/ament_cmake_export_include_directories-extras.cmake
[7.014s] -- Up-to-date: /home/vboxuser/agv_ws/install/agv_msgs/share/agv_msgs/cmake/ament_cmake_export_libraries-extras.cmake
[7.014s] -- Up-to-date: /home/vboxuser/agv_ws/install/agv_msgs/share/agv_msgs/cmake/ament_cmake_export_targets-extras.cmake
[7.014s] -- Up-to-date: /home/vboxuser/agv_ws/install/agv_msgs/share/agv_msgs/cmake/rosidl_cmake_export_typesupport_targets-extras.cmake
[7.014s] -- Up-to-date: /home/vboxuser/agv_ws/install/agv_msgs/share/agv_msgs/cmake/rosidl_cmake_export_typesupport_libraries-extras.cmake
[7.014s] -- Up-to-date: /home/vboxuser/agv_ws/install/agv_msgs/share/agv_msgs/cmake/agv_msgsConfig.cmake
[7.014s] -- Up-to-date: /home/vboxuser/agv_ws/install/agv_msgs/share/agv_msgs/cmake/agv_msgsConfig-version.cmake
[7.014s] -- Up-to-date: /home/vboxuser/agv_ws/install/agv_msgs/share/agv_msgs/package.xml
[7.017s] Invoked command in '/home/vboxuser/agv_ws/build/agv_msgs' returned '0': CMAKE_PREFIX_PATH=/home/vboxuser/agv_ws/install/wheel_control:/home/vboxuser/agv_ws/install/pgv100:/home/vboxuser/agv_ws/install/panda_rviz_viewer:/home/vboxuser/agv_ws/install/panda_canopen:/home/vboxuser/agv_ws/install/my_simulation:/home/vboxuser/agv_ws/install/canopen_tests:/home/vboxuser/agv_ws/install/canopen_ros2_controllers:/home/vboxuser/agv_ws/install/canopen_ros2_control:/home/vboxuser/agv_ws/install/canopen_robot_control_example:/home/vboxuser/agv_ws/install/canopen_kinco3:/home/vboxuser/agv_ws/install/canopen_kinco2:/home/vboxuser/agv_ws/install/canopen_kinco:/home/vboxuser/agv_ws/install/canopen:/home/vboxuser/agv_ws/install/canopen_402_driver:/home/vboxuser/agv_ws/install/canopen_proxy_driver:/home/vboxuser/agv_ws/install/canopen_master_driver:/home/vboxuser/agv_ws/install/canopen_fake_slaves:/home/vboxuser/agv_ws/install/canopen_base_driver:/home/vboxuser/agv_ws/install/canopen_core:/home/vboxuser/agv_ws/install/lely_core_libraries:/home/vboxuser/agv_ws/install/canopen_interfaces:/home/vboxuser/agv_ws/install/agv_py:/home/vboxuser/agv_ws/install/agv_msgs:/home/vboxuser/agv_ws/install/agv_controllers:/home/vboxuser/agv_ws/install/odometry:/home/vboxuser/agv_ws/install/movement:/home/vboxuser/agv_ws/install/communication:/home/vboxuser/agv_ws/install/canopen_utils:/home/vboxuser/agv_ws/install/agv_py_functions:/home/vboxuser/bumperbot_ws/install/bumperbot_py_examples:/home/vboxuser/ros2_ws/install/my_py_pkg:/opt/ros/humble:/home/vboxuser/agv_ws/install/agv_controller:/home/vboxuser/agv_ws/install/agv:/home/vboxuser/bumperbot_ws/install/bumperbot_cpp_examples:/home/vboxuser/bumperbot_ws/install/bumperbot_msgs:/home/vboxuser/bumperbot_ws/install/bumperbot_description:/home/vboxuser/bumperbot_ws/install/bumperbot_controller:/home/vboxuser/ros2_ws/install/my_simulation /usr/bin/cmake --install /home/vboxuser/agv_ws/build/agv_msgs
