[0.019s] Invoking command in '/home/vboxuser/agv_ws/build/agv_msgs': CMAKE_PREFIX_PATH=${CMAKE_PREFIX_PATH}:/home/vboxuser/bumperbot_ws/install/bumperbot_py_examples:/home/vboxuser/ros2_ws/install/my_py_pkg:/opt/ros/humble /usr/bin/cmake --build /home/vboxuser/agv_ws/build/agv_msgs -- -j4 -l4
[0.104s] [35m[1mConsolidate compiler generated dependencies of target agv_msgs__rosidl_generator_c[0m
[0.115s] [  2%] Built target agv_msgs__cpp
[0.136s] [ 12%] Built target agv_msgs__rosidl_generator_c
[0.138s] [ 12%] Built target ament_cmake_python_copy_agv_msgs
[0.140s] [35m[1mConsolidate compiler generated dependencies of target agv_msgs__rosidl_typesupport_fastrtps_cpp[0m
[0.159s] [35m[1mConsolidate compiler generated dependencies of target agv_msgs__rosidl_typesupport_introspection_cpp[0m
[0.169s] [35m[1mConsolidate compiler generated dependencies of target agv_msgs__rosidl_typesupport_cpp[0m
[0.169s] [35m[1mConsolidate compiler generated dependencies of target agv_msgs__rosidl_typesupport_fastrtps_c[0m
[0.189s] [ 23%] Built target agv_msgs__rosidl_typesupport_fastrtps_cpp
[0.191s] [ 33%] Built target agv_msgs__rosidl_typesupport_introspection_cpp
[0.192s] [ 53%] Built target agv_msgs__rosidl_typesupport_fastrtps_c
[0.192s] [ 53%] Built target agv_msgs__rosidl_typesupport_cpp
[0.208s] [35m[1mConsolidate compiler generated dependencies of target agv_msgs__rosidl_typesupport_c[0m
[0.209s] [35m[1mConsolidate compiler generated dependencies of target agv_msgs__rosidl_typesupport_introspection_c[0m
[0.227s] [ 69%] Built target agv_msgs__rosidl_typesupport_c
[0.228s] [ 74%] Built target agv_msgs__rosidl_typesupport_introspection_c
[0.267s] [ 74%] Built target agv_msgs
[0.297s] [ 76%] Built target agv_msgs__py
[0.318s] [35m[1mConsolidate compiler generated dependencies of target agv_msgs__rosidl_generator_py[0m
[0.350s] [ 84%] Built target agv_msgs__rosidl_generator_py
[0.371s] [35m[1mConsolidate compiler generated dependencies of target agv_msgs__rosidl_typesupport_introspection_c__pyext[0m
[0.372s] [35m[1mConsolidate compiler generated dependencies of target agv_msgs__rosidl_typesupport_c__pyext[0m
[0.372s] [35m[1mConsolidate compiler generated dependencies of target agv_msgs__rosidl_typesupport_fastrtps_c__pyext[0m
[0.392s] [100%] Built target agv_msgs__rosidl_typesupport_introspection_c__pyext
[0.393s] [100%] Built target agv_msgs__rosidl_typesupport_c__pyext
[0.393s] [100%] Built target agv_msgs__rosidl_typesupport_fastrtps_c__pyext
[0.702s] running egg_info
[0.703s] writing agv_msgs.egg-info/PKG-INFO
[0.703s] writing dependency_links to agv_msgs.egg-info/dependency_links.txt
[0.704s] writing top-level names to agv_msgs.egg-info/top_level.txt
[0.707s] reading manifest file 'agv_msgs.egg-info/SOURCES.txt'
[0.709s] writing manifest file 'agv_msgs.egg-info/SOURCES.txt'
[0.751s] [100%] Built target ament_cmake_python_build_agv_msgs_egg
[0.769s] Invoked command in '/home/vboxuser/agv_ws/build/agv_msgs' returned '0': CMAKE_PREFIX_PATH=${CMAKE_PREFIX_PATH}:/home/vboxuser/bumperbot_ws/install/bumperbot_py_examples:/home/vboxuser/ros2_ws/install/my_py_pkg:/opt/ros/humble /usr/bin/cmake --build /home/vboxuser/agv_ws/build/agv_msgs -- -j4 -l4
[0.910s] Invoking command in '/home/vboxuser/agv_ws/build/agv_msgs': CMAKE_PREFIX_PATH=${CMAKE_PREFIX_PATH}:/home/vboxuser/bumperbot_ws/install/bumperbot_py_examples:/home/vboxuser/ros2_ws/install/my_py_pkg:/opt/ros/humble /usr/bin/cmake --install /home/vboxuser/agv_ws/build/agv_msgs
[0.921s] -- Install configuration: ""
[0.922s] -- Up-to-date: /home/vboxuser/agv_ws/install/agv_msgs/share/ament_index/resource_index/rosidl_interfaces/agv_msgs
[0.922s] -- Up-to-date: /home/vboxuser/agv_ws/install/agv_msgs/include/agv_msgs/agv_msgs
[0.922s] -- Up-to-date: /home/vboxuser/agv_ws/install/agv_msgs/include/agv_msgs/agv_msgs/srv
[0.923s] -- Up-to-date: /home/vboxuser/agv_ws/install/agv_msgs/include/agv_msgs/agv_msgs/srv/move.h
[0.923s] -- Up-to-date: /home/vboxuser/agv_ws/install/agv_msgs/include/agv_msgs/agv_msgs/srv/set_wheel_speed.h
[0.923s] -- Up-to-date: /home/vboxuser/agv_ws/install/agv_msgs/include/agv_msgs/agv_msgs/srv/detail
[0.924s] -- Up-to-date: /home/vboxuser/agv_ws/install/agv_msgs/include/agv_msgs/agv_msgs/srv/detail/move__struct.h
[0.924s] -- Up-to-date: /home/vboxuser/agv_ws/install/agv_msgs/include/agv_msgs/agv_msgs/srv/detail/move__functions.c
[0.924s] -- Up-to-date: /home/vboxuser/agv_ws/install/agv_msgs/include/agv_msgs/agv_msgs/srv/detail/move__functions.h
[0.924s] -- Up-to-date: /home/vboxuser/agv_ws/install/agv_msgs/include/agv_msgs/agv_msgs/srv/detail/set_wheel_speed__functions.c
[0.924s] -- Up-to-date: /home/vboxuser/agv_ws/install/agv_msgs/include/agv_msgs/agv_msgs/srv/detail/set_wheel_speed__functions.h
[0.925s] -- Up-to-date: /home/vboxuser/agv_ws/install/agv_msgs/include/agv_msgs/agv_msgs/srv/detail/set_wheel_speed__type_support.h
[0.925s] -- Up-to-date: /home/vboxuser/agv_ws/install/agv_msgs/include/agv_msgs/agv_msgs/srv/detail/move__type_support.h
[0.925s] -- Up-to-date: /home/vboxuser/agv_ws/install/agv_msgs/include/agv_msgs/agv_msgs/srv/detail/set_wheel_speed__struct.h
[0.925s] -- Up-to-date: /home/vboxuser/agv_ws/install/agv_msgs/include/agv_msgs/agv_msgs/msg
[0.925s] -- Up-to-date: /home/vboxuser/agv_ws/install/agv_msgs/include/agv_msgs/agv_msgs/msg/rosidl_generator_c__visibility_control.h
[0.925s] -- Up-to-date: /home/vboxuser/agv_ws/install/agv_msgs/include/agv_msgs/agv_msgs/action
[0.925s] -- Up-to-date: /home/vboxuser/agv_ws/install/agv_msgs/include/agv_msgs/agv_msgs/action/move.h
[0.926s] -- Up-to-date: /home/vboxuser/agv_ws/install/agv_msgs/include/agv_msgs/agv_msgs/action/detail
[0.926s] -- Up-to-date: /home/vboxuser/agv_ws/install/agv_msgs/include/agv_msgs/agv_msgs/action/detail/move__struct.h
[0.926s] -- Up-to-date: /home/vboxuser/agv_ws/install/agv_msgs/include/agv_msgs/agv_msgs/action/detail/move__functions.c
[0.926s] -- Up-to-date: /home/vboxuser/agv_ws/install/agv_msgs/include/agv_msgs/agv_msgs/action/detail/move__functions.h
[0.926s] -- Up-to-date: /home/vboxuser/agv_ws/install/agv_msgs/include/agv_msgs/agv_msgs/action/detail/move__type_support.h
[0.927s] -- Up-to-date: /home/vboxuser/agv_ws/install/agv_msgs/share/agv_msgs/environment/library_path.sh
[0.927s] -- Up-to-date: /home/vboxuser/agv_ws/install/agv_msgs/share/agv_msgs/environment/library_path.dsv
[0.927s] -- Up-to-date: /home/vboxuser/agv_ws/install/agv_msgs/lib/libagv_msgs__rosidl_generator_c.so
[0.927s] -- Up-to-date: /home/vboxuser/agv_ws/install/agv_msgs/include/agv_msgs/agv_msgs
[0.927s] -- Up-to-date: /home/vboxuser/agv_ws/install/agv_msgs/include/agv_msgs/agv_msgs/srv
[0.927s] -- Up-to-date: /home/vboxuser/agv_ws/install/agv_msgs/include/agv_msgs/agv_msgs/srv/detail
[0.928s] -- Up-to-date: /home/vboxuser/agv_ws/install/agv_msgs/include/agv_msgs/agv_msgs/srv/detail/move__rosidl_typesupport_fastrtps_c.h
[0.928s] -- Up-to-date: /home/vboxuser/agv_ws/install/agv_msgs/include/agv_msgs/agv_msgs/srv/detail/set_wheel_speed__rosidl_typesupport_fastrtps_c.h
[0.928s] -- Up-to-date: /home/vboxuser/agv_ws/install/agv_msgs/include/agv_msgs/agv_msgs/msg
[0.928s] -- Up-to-date: /home/vboxuser/agv_ws/install/agv_msgs/include/agv_msgs/agv_msgs/msg/rosidl_typesupport_fastrtps_c__visibility_control.h
[0.930s] -- Up-to-date: /home/vboxuser/agv_ws/install/agv_msgs/lib/libagv_msgs__rosidl_typesupport_fastrtps_c.so
[0.930s] -- Up-to-date: /home/vboxuser/agv_ws/install/agv_msgs/include/agv_msgs/agv_msgs
[0.930s] -- Up-to-date: /home/vboxuser/agv_ws/install/agv_msgs/include/agv_msgs/agv_msgs/srv
[0.930s] -- Up-to-date: /home/vboxuser/agv_ws/install/agv_msgs/include/agv_msgs/agv_msgs/srv/move.hpp
[0.935s] -- Up-to-date: /home/vboxuser/agv_ws/install/agv_msgs/include/agv_msgs/agv_msgs/srv/set_wheel_speed.hpp
[0.936s] -- Up-to-date: /home/vboxuser/agv_ws/install/agv_msgs/include/agv_msgs/agv_msgs/srv/detail
[0.936s] -- Up-to-date: /home/vboxuser/agv_ws/install/agv_msgs/include/agv_msgs/agv_msgs/srv/detail/move__struct.hpp
[0.936s] -- Up-to-date: /home/vboxuser/agv_ws/install/agv_msgs/include/agv_msgs/agv_msgs/srv/detail/set_wheel_speed__builder.hpp
[0.936s] -- Up-to-date: /home/vboxuser/agv_ws/install/agv_msgs/include/agv_msgs/agv_msgs/srv/detail/set_wheel_speed__struct.hpp
[0.936s] -- Up-to-date: /home/vboxuser/agv_ws/install/agv_msgs/include/agv_msgs/agv_msgs/srv/detail/move__builder.hpp
[0.936s] -- Up-to-date: /home/vboxuser/agv_ws/install/agv_msgs/include/agv_msgs/agv_msgs/srv/detail/set_wheel_speed__traits.hpp
[0.936s] -- Up-to-date: /home/vboxuser/agv_ws/install/agv_msgs/include/agv_msgs/agv_msgs/srv/detail/move__traits.hpp
[0.936s] -- Up-to-date: /home/vboxuser/agv_ws/install/agv_msgs/include/agv_msgs/agv_msgs/action
[0.937s] -- Up-to-date: /home/vboxuser/agv_ws/install/agv_msgs/include/agv_msgs/agv_msgs/action/move.hpp
[0.937s] -- Up-to-date: /home/vboxuser/agv_ws/install/agv_msgs/include/agv_msgs/agv_msgs/action/detail
[0.937s] -- Up-to-date: /home/vboxuser/agv_ws/install/agv_msgs/include/agv_msgs/agv_msgs/action/detail/move__struct.hpp
[0.937s] -- Up-to-date: /home/vboxuser/agv_ws/install/agv_msgs/include/agv_msgs/agv_msgs/action/detail/move__builder.hpp
[0.937s] -- Up-to-date: /home/vboxuser/agv_ws/install/agv_msgs/include/agv_msgs/agv_msgs/action/detail/move__traits.hpp
[0.937s] -- Up-to-date: /home/vboxuser/agv_ws/install/agv_msgs/include/agv_msgs/agv_msgs
[0.937s] -- Up-to-date: /home/vboxuser/agv_ws/install/agv_msgs/include/agv_msgs/agv_msgs/srv
[0.937s] -- Up-to-date: /home/vboxuser/agv_ws/install/agv_msgs/include/agv_msgs/agv_msgs/srv/detail
[0.937s] -- Up-to-date: /home/vboxuser/agv_ws/install/agv_msgs/include/agv_msgs/agv_msgs/srv/detail/set_wheel_speed__rosidl_typesupport_fastrtps_cpp.hpp
[0.938s] -- Up-to-date: /home/vboxuser/agv_ws/install/agv_msgs/include/agv_msgs/agv_msgs/srv/detail/move__rosidl_typesupport_fastrtps_cpp.hpp
[0.938s] -- Up-to-date: /home/vboxuser/agv_ws/install/agv_msgs/include/agv_msgs/agv_msgs/srv/detail/dds_fastrtps
[0.938s] -- Up-to-date: /home/vboxuser/agv_ws/install/agv_msgs/include/agv_msgs/agv_msgs/msg
[0.938s] -- Up-to-date: /home/vboxuser/agv_ws/install/agv_msgs/include/agv_msgs/agv_msgs/msg/rosidl_typesupport_fastrtps_cpp__visibility_control.h
[0.938s] -- Up-to-date: /home/vboxuser/agv_ws/install/agv_msgs/include/agv_msgs/agv_msgs/action
[0.939s] -- Up-to-date: /home/vboxuser/agv_ws/install/agv_msgs/include/agv_msgs/agv_msgs/action/detail
[0.939s] -- Up-to-date: /home/vboxuser/agv_ws/install/agv_msgs/include/agv_msgs/agv_msgs/action/detail/move__rosidl_typesupport_fastrtps_cpp.hpp
[0.939s] -- Up-to-date: /home/vboxuser/agv_ws/install/agv_msgs/include/agv_msgs/agv_msgs/action/detail/dds_fastrtps
[0.939s] -- Up-to-date: /home/vboxuser/agv_ws/install/agv_msgs/lib/libagv_msgs__rosidl_typesupport_fastrtps_cpp.so
[0.939s] -- Up-to-date: /home/vboxuser/agv_ws/install/agv_msgs/include/agv_msgs/agv_msgs
[0.939s] -- Up-to-date: /home/vboxuser/agv_ws/install/agv_msgs/include/agv_msgs/agv_msgs/srv
[0.939s] -- Up-to-date: /home/vboxuser/agv_ws/install/agv_msgs/include/agv_msgs/agv_msgs/srv/detail
[0.939s] -- Up-to-date: /home/vboxuser/agv_ws/install/agv_msgs/include/agv_msgs/agv_msgs/srv/detail/set_wheel_speed__type_support.c
[0.939s] -- Up-to-date: /home/vboxuser/agv_ws/install/agv_msgs/include/agv_msgs/agv_msgs/srv/detail/set_wheel_speed__rosidl_typesupport_introspection_c.h
[0.940s] -- Up-to-date: /home/vboxuser/agv_ws/install/agv_msgs/include/agv_msgs/agv_msgs/srv/detail/move__type_support.c
[0.940s] -- Up-to-date: /home/vboxuser/agv_ws/install/agv_msgs/include/agv_msgs/agv_msgs/srv/detail/move__rosidl_typesupport_introspection_c.h
[0.941s] -- Up-to-date: /home/vboxuser/agv_ws/install/agv_msgs/include/agv_msgs/agv_msgs/msg
[0.941s] -- Up-to-date: /home/vboxuser/agv_ws/install/agv_msgs/include/agv_msgs/agv_msgs/msg/rosidl_typesupport_introspection_c__visibility_control.h
[0.941s] -- Up-to-date: /home/vboxuser/agv_ws/install/agv_msgs/lib/libagv_msgs__rosidl_typesupport_introspection_c.so
[0.941s] -- Up-to-date: /home/vboxuser/agv_ws/install/agv_msgs/lib/libagv_msgs__rosidl_typesupport_c.so
[0.941s] -- Up-to-date: /home/vboxuser/agv_ws/install/agv_msgs/include/agv_msgs/agv_msgs
[0.941s] -- Up-to-date: /home/vboxuser/agv_ws/install/agv_msgs/include/agv_msgs/agv_msgs/srv
[0.942s] -- Up-to-date: /home/vboxuser/agv_ws/install/agv_msgs/include/agv_msgs/agv_msgs/srv/detail
[0.942s] -- Up-to-date: /home/vboxuser/agv_ws/install/agv_msgs/include/agv_msgs/agv_msgs/srv/detail/set_wheel_speed__type_support.cpp
[0.942s] -- Up-to-date: /home/vboxuser/agv_ws/install/agv_msgs/include/agv_msgs/agv_msgs/srv/detail/move__rosidl_typesupport_introspection_cpp.hpp
[0.942s] -- Up-to-date: /home/vboxuser/agv_ws/install/agv_msgs/include/agv_msgs/agv_msgs/srv/detail/set_wheel_speed__rosidl_typesupport_introspection_cpp.hpp
[0.943s] -- Up-to-date: /home/vboxuser/agv_ws/install/agv_msgs/include/agv_msgs/agv_msgs/srv/detail/move__type_support.cpp
[0.943s] -- Up-to-date: /home/vboxuser/agv_ws/install/agv_msgs/include/agv_msgs/agv_msgs/action
[0.943s] -- Up-to-date: /home/vboxuser/agv_ws/install/agv_msgs/include/agv_msgs/agv_msgs/action/detail
[0.943s] -- Up-to-date: /home/vboxuser/agv_ws/install/agv_msgs/include/agv_msgs/agv_msgs/action/detail/move__rosidl_typesupport_introspection_cpp.hpp
[0.944s] -- Up-to-date: /home/vboxuser/agv_ws/install/agv_msgs/include/agv_msgs/agv_msgs/action/detail/move__type_support.cpp
[0.944s] -- Up-to-date: /home/vboxuser/agv_ws/install/agv_msgs/lib/libagv_msgs__rosidl_typesupport_introspection_cpp.so
[0.944s] -- Up-to-date: /home/vboxuser/agv_ws/install/agv_msgs/lib/libagv_msgs__rosidl_typesupport_cpp.so
[0.944s] -- Up-to-date: /home/vboxuser/agv_ws/install/agv_msgs/share/agv_msgs/environment/pythonpath.sh
[0.945s] -- Up-to-date: /home/vboxuser/agv_ws/install/agv_msgs/share/agv_msgs/environment/pythonpath.dsv
[0.945s] -- Up-to-date: /home/vboxuser/agv_ws/install/agv_msgs/local/lib/python3.10/dist-packages/agv_msgs-0.0.0-py3.10.egg-info
[0.945s] -- Installing: /home/vboxuser/agv_ws/install/agv_msgs/local/lib/python3.10/dist-packages/agv_msgs-0.0.0-py3.10.egg-info/SOURCES.txt
[0.945s] -- Installing: /home/vboxuser/agv_ws/install/agv_msgs/local/lib/python3.10/dist-packages/agv_msgs-0.0.0-py3.10.egg-info/dependency_links.txt
[0.945s] -- Installing: /home/vboxuser/agv_ws/install/agv_msgs/local/lib/python3.10/dist-packages/agv_msgs-0.0.0-py3.10.egg-info/PKG-INFO
[0.945s] -- Installing: /home/vboxuser/agv_ws/install/agv_msgs/local/lib/python3.10/dist-packages/agv_msgs-0.0.0-py3.10.egg-info/top_level.txt
[0.945s] -- Up-to-date: /home/vboxuser/agv_ws/install/agv_msgs/local/lib/python3.10/dist-packages/agv_msgs
[0.945s] -- Up-to-date: /home/vboxuser/agv_ws/install/agv_msgs/local/lib/python3.10/dist-packages/agv_msgs/_agv_msgs_s.ep.rosidl_typesupport_fastrtps_c.c
[0.946s] -- Up-to-date: /home/vboxuser/agv_ws/install/agv_msgs/local/lib/python3.10/dist-packages/agv_msgs/_agv_msgs_s.ep.rosidl_typesupport_introspection_c.c
[0.946s] -- Up-to-date: /home/vboxuser/agv_ws/install/agv_msgs/local/lib/python3.10/dist-packages/agv_msgs/srv
[0.946s] -- Up-to-date: /home/vboxuser/agv_ws/install/agv_msgs/local/lib/python3.10/dist-packages/agv_msgs/srv/_move.py
[0.946s] -- Up-to-date: /home/vboxuser/agv_ws/install/agv_msgs/local/lib/python3.10/dist-packages/agv_msgs/srv/_move_s.c
[0.946s] -- Up-to-date: /home/vboxuser/agv_ws/install/agv_msgs/local/lib/python3.10/dist-packages/agv_msgs/srv/_set_wheel_speed.py
[0.946s] -- Up-to-date: /home/vboxuser/agv_ws/install/agv_msgs/local/lib/python3.10/dist-packages/agv_msgs/srv/__init__.py
[0.946s] -- Up-to-date: /home/vboxuser/agv_ws/install/agv_msgs/local/lib/python3.10/dist-packages/agv_msgs/srv/_set_wheel_speed_s.c
[0.946s] -- Up-to-date: /home/vboxuser/agv_ws/install/agv_msgs/local/lib/python3.10/dist-packages/agv_msgs/_agv_msgs_s.ep.rosidl_typesupport_c.c
[0.947s] -- Up-to-date: /home/vboxuser/agv_ws/install/agv_msgs/local/lib/python3.10/dist-packages/agv_msgs/agv_msgs_s__rosidl_typesupport_fastrtps_c.cpython-310-x86_64-linux-gnu.so
[0.947s] -- Up-to-date: /home/vboxuser/agv_ws/install/agv_msgs/local/lib/python3.10/dist-packages/agv_msgs/agv_msgs_s__rosidl_typesupport_introspection_c.cpython-310-x86_64-linux-gnu.so
[0.947s] -- Up-to-date: /home/vboxuser/agv_ws/install/agv_msgs/local/lib/python3.10/dist-packages/agv_msgs/agv_msgs_s__rosidl_typesupport_c.cpython-310-x86_64-linux-gnu.so
[0.947s] -- Up-to-date: /home/vboxuser/agv_ws/install/agv_msgs/local/lib/python3.10/dist-packages/agv_msgs/__init__.py
[0.947s] -- Up-to-date: /home/vboxuser/agv_ws/install/agv_msgs/local/lib/python3.10/dist-packages/agv_msgs/libagv_msgs__rosidl_generator_py.so
[0.992s] Listing '/home/vboxuser/agv_ws/install/agv_msgs/local/lib/python3.10/dist-packages/agv_msgs'...
[0.992s] Listing '/home/vboxuser/agv_ws/install/agv_msgs/local/lib/python3.10/dist-packages/agv_msgs/srv'...
[0.998s] -- Up-to-date: /home/vboxuser/agv_ws/install/agv_msgs/local/lib/python3.10/dist-packages/agv_msgs/agv_msgs_s__rosidl_typesupport_fastrtps_c.cpython-310-x86_64-linux-gnu.so
[0.999s] -- Up-to-date: /home/vboxuser/agv_ws/install/agv_msgs/local/lib/python3.10/dist-packages/agv_msgs/agv_msgs_s__rosidl_typesupport_introspection_c.cpython-310-x86_64-linux-gnu.so
[0.999s] -- Up-to-date: /home/vboxuser/agv_ws/install/agv_msgs/local/lib/python3.10/dist-packages/agv_msgs/agv_msgs_s__rosidl_typesupport_c.cpython-310-x86_64-linux-gnu.so
[1.000s] -- Up-to-date: /home/vboxuser/agv_ws/install/agv_msgs/lib/libagv_msgs__rosidl_generator_py.so
[1.000s] -- Up-to-date: /home/vboxuser/agv_ws/install/agv_msgs/share/agv_msgs/srv/SetWheelSpeed.idl
[1.001s] -- Up-to-date: /home/vboxuser/agv_ws/install/agv_msgs/share/agv_msgs/srv/Move.idl
[1.001s] -- Up-to-date: /home/vboxuser/agv_ws/install/agv_msgs/share/agv_msgs/srv/SetWheelSpeed.srv
[1.002s] -- Up-to-date: /home/vboxuser/agv_ws/install/agv_msgs/share/agv_msgs/srv/SetWheelSpeed_Request.msg
[1.002s] -- Up-to-date: /home/vboxuser/agv_ws/install/agv_msgs/share/agv_msgs/srv/SetWheelSpeed_Response.msg
[1.002s] -- Up-to-date: /home/vboxuser/agv_ws/install/agv_msgs/share/agv_msgs/srv/Move.srv
[1.002s] -- Up-to-date: /home/vboxuser/agv_ws/install/agv_msgs/share/agv_msgs/srv/Move_Request.msg
[1.003s] -- Up-to-date: /home/vboxuser/agv_ws/install/agv_msgs/share/agv_msgs/srv/Move_Response.msg
[1.003s] -- Up-to-date: /home/vboxuser/agv_ws/install/agv_msgs/share/ament_index/resource_index/package_run_dependencies/agv_msgs
[1.003s] -- Up-to-date: /home/vboxuser/agv_ws/install/agv_msgs/share/ament_index/resource_index/parent_prefix_path/agv_msgs
[1.003s] -- Up-to-date: /home/vboxuser/agv_ws/install/agv_msgs/share/agv_msgs/environment/ament_prefix_path.sh
[1.003s] -- Up-to-date: /home/vboxuser/agv_ws/install/agv_msgs/share/agv_msgs/environment/ament_prefix_path.dsv
[1.004s] -- Up-to-date: /home/vboxuser/agv_ws/install/agv_msgs/share/agv_msgs/environment/path.sh
[1.004s] -- Up-to-date: /home/vboxuser/agv_ws/install/agv_msgs/share/agv_msgs/environment/path.dsv
[1.004s] -- Up-to-date: /home/vboxuser/agv_ws/install/agv_msgs/share/agv_msgs/local_setup.bash
[1.004s] -- Up-to-date: /home/vboxuser/agv_ws/install/agv_msgs/share/agv_msgs/local_setup.sh
[1.005s] -- Up-to-date: /home/vboxuser/agv_ws/install/agv_msgs/share/agv_msgs/local_setup.zsh
[1.005s] -- Up-to-date: /home/vboxuser/agv_ws/install/agv_msgs/share/agv_msgs/local_setup.dsv
[1.005s] -- Installing: /home/vboxuser/agv_ws/install/agv_msgs/share/agv_msgs/package.dsv
[1.005s] -- Up-to-date: /home/vboxuser/agv_ws/install/agv_msgs/share/ament_index/resource_index/packages/agv_msgs
[1.005s] -- Up-to-date: /home/vboxuser/agv_ws/install/agv_msgs/share/agv_msgs/cmake/export_agv_msgs__rosidl_generator_cExport.cmake
[1.005s] -- Up-to-date: /home/vboxuser/agv_ws/install/agv_msgs/share/agv_msgs/cmake/export_agv_msgs__rosidl_generator_cExport-noconfig.cmake
[1.005s] -- Up-to-date: /home/vboxuser/agv_ws/install/agv_msgs/share/agv_msgs/cmake/export_agv_msgs__rosidl_typesupport_fastrtps_cExport.cmake
[1.005s] -- Up-to-date: /home/vboxuser/agv_ws/install/agv_msgs/share/agv_msgs/cmake/export_agv_msgs__rosidl_typesupport_fastrtps_cExport-noconfig.cmake
[1.006s] -- Up-to-date: /home/vboxuser/agv_ws/install/agv_msgs/share/agv_msgs/cmake/export_agv_msgs__rosidl_generator_cppExport.cmake
[1.006s] -- Up-to-date: /home/vboxuser/agv_ws/install/agv_msgs/share/agv_msgs/cmake/export_agv_msgs__rosidl_typesupport_fastrtps_cppExport.cmake
[1.006s] -- Up-to-date: /home/vboxuser/agv_ws/install/agv_msgs/share/agv_msgs/cmake/export_agv_msgs__rosidl_typesupport_fastrtps_cppExport-noconfig.cmake
[1.006s] -- Up-to-date: /home/vboxuser/agv_ws/install/agv_msgs/share/agv_msgs/cmake/agv_msgs__rosidl_typesupport_introspection_cExport.cmake
[1.006s] -- Up-to-date: /home/vboxuser/agv_ws/install/agv_msgs/share/agv_msgs/cmake/agv_msgs__rosidl_typesupport_introspection_cExport-noconfig.cmake
[1.006s] -- Up-to-date: /home/vboxuser/agv_ws/install/agv_msgs/share/agv_msgs/cmake/agv_msgs__rosidl_typesupport_cExport.cmake
[1.006s] -- Up-to-date: /home/vboxuser/agv_ws/install/agv_msgs/share/agv_msgs/cmake/agv_msgs__rosidl_typesupport_cExport-noconfig.cmake
[1.006s] -- Up-to-date: /home/vboxuser/agv_ws/install/agv_msgs/share/agv_msgs/cmake/agv_msgs__rosidl_typesupport_introspection_cppExport.cmake
[1.006s] -- Up-to-date: /home/vboxuser/agv_ws/install/agv_msgs/share/agv_msgs/cmake/agv_msgs__rosidl_typesupport_introspection_cppExport-noconfig.cmake
[1.007s] -- Up-to-date: /home/vboxuser/agv_ws/install/agv_msgs/share/agv_msgs/cmake/agv_msgs__rosidl_typesupport_cppExport.cmake
[1.008s] -- Up-to-date: /home/vboxuser/agv_ws/install/agv_msgs/share/agv_msgs/cmake/agv_msgs__rosidl_typesupport_cppExport-noconfig.cmake
[1.008s] -- Up-to-date: /home/vboxuser/agv_ws/install/agv_msgs/share/agv_msgs/cmake/export_agv_msgs__rosidl_generator_pyExport.cmake
[1.008s] -- Up-to-date: /home/vboxuser/agv_ws/install/agv_msgs/share/agv_msgs/cmake/export_agv_msgs__rosidl_generator_pyExport-noconfig.cmake
[1.009s] -- Up-to-date: /home/vboxuser/agv_ws/install/agv_msgs/share/agv_msgs/cmake/rosidl_cmake-extras.cmake
[1.009s] -- Up-to-date: /home/vboxuser/agv_ws/install/agv_msgs/share/agv_msgs/cmake/ament_cmake_export_dependencies-extras.cmake
[1.009s] -- Up-to-date: /home/vboxuser/agv_ws/install/agv_msgs/share/agv_msgs/cmake/ament_cmake_export_include_directories-extras.cmake
[1.009s] -- Up-to-date: /home/vboxuser/agv_ws/install/agv_msgs/share/agv_msgs/cmake/ament_cmake_export_libraries-extras.cmake
[1.010s] -- Up-to-date: /home/vboxuser/agv_ws/install/agv_msgs/share/agv_msgs/cmake/ament_cmake_export_targets-extras.cmake
[1.010s] -- Up-to-date: /home/vboxuser/agv_ws/install/agv_msgs/share/agv_msgs/cmake/rosidl_cmake_export_typesupport_targets-extras.cmake
[1.010s] -- Up-to-date: /home/vboxuser/agv_ws/install/agv_msgs/share/agv_msgs/cmake/rosidl_cmake_export_typesupport_libraries-extras.cmake
[1.010s] -- Up-to-date: /home/vboxuser/agv_ws/install/agv_msgs/share/agv_msgs/cmake/agv_msgsConfig.cmake
[1.010s] -- Up-to-date: /home/vboxuser/agv_ws/install/agv_msgs/share/agv_msgs/cmake/agv_msgsConfig-version.cmake
[1.010s] -- Up-to-date: /home/vboxuser/agv_ws/install/agv_msgs/share/agv_msgs/package.xml
[1.010s] Invoked command in '/home/vboxuser/agv_ws/build/agv_msgs' returned '0': CMAKE_PREFIX_PATH=${CMAKE_PREFIX_PATH}:/home/vboxuser/bumperbot_ws/install/bumperbot_py_examples:/home/vboxuser/ros2_ws/install/my_py_pkg:/opt/ros/humble /usr/bin/cmake --install /home/vboxuser/agv_ws/build/agv_msgs
