[1.624s] Invoking command in '/home/vboxuser/agv_ws/src/movement': CMAKE_PREFIX_PATH=/home/vboxuser/agv_ws/install/agv_msgs:/home/vboxuser/agv_ws/install/wheel_control:/home/vboxuser/agv_ws/install/pgv100:/home/vboxuser/agv_ws/install/panda_rviz_viewer:/home/vboxuser/agv_ws/install/panda_canopen:/home/vboxuser/agv_ws/install/my_simulation:/home/vboxuser/agv_ws/install/canopen_tests:/home/vboxuser/agv_ws/install/canopen_ros2_controllers:/home/vboxuser/agv_ws/install/canopen_ros2_control:/home/vboxuser/agv_ws/install/canopen_robot_control_example:/home/vboxuser/agv_ws/install/canopen_kinco3:/home/vboxuser/agv_ws/install/canopen_kinco2:/home/vboxuser/agv_ws/install/canopen_kinco:/home/vboxuser/agv_ws/install/canopen:/home/vboxuser/agv_ws/install/canopen_402_driver:/home/vboxuser/agv_ws/install/canopen_proxy_driver:/home/vboxuser/agv_ws/install/canopen_master_driver:/home/vboxuser/agv_ws/install/canopen_fake_slaves:/home/vboxuser/agv_ws/install/canopen_base_driver:/home/vboxuser/agv_ws/install/canopen_core:/home/vboxuser/agv_ws/install/lely_core_libraries:/home/vboxuser/agv_ws/install/canopen_interfaces:/home/vboxuser/agv_ws/install/agv_py:/home/vboxuser/agv_ws/install/agv_controllers:/home/vboxuser/agv_ws/install/agv_controller:/home/vboxuser/agv_ws/install/agv:/home/vboxuser/bumperbot_ws/install/bumperbot_cpp_examples:/home/vboxuser/bumperbot_ws/install/bumperbot_msgs:/home/vboxuser/bumperbot_ws/install/bumperbot_description:/home/vboxuser/bumperbot_ws/install/bumperbot_controller:/home/vboxuser/ros2_ws/install/my_simulation LD_LIBRARY_PATH=/home/vboxuser/agv_ws/install/agv_msgs/lib:/home/vboxuser/agv_ws/install/pgv100/lib:/home/vboxuser/agv_ws/install/canopen_ros2_controllers/lib:/home/vboxuser/agv_ws/install/canopen_ros2_control/lib:/home/vboxuser/agv_ws/install/canopen_402_driver/lib:/home/vboxuser/agv_ws/install/canopen_proxy_driver/lib:/home/vboxuser/agv_ws/install/canopen_master_driver/lib:/home/vboxuser/agv_ws/install/canopen_base_driver/lib:/home/vboxuser/agv_ws/install/canopen_core/lib:/home/vboxuser/agv_ws/install/lely_core_libraries/lib:/home/vboxuser/agv_ws/install/canopen_interfaces/lib:/home/vboxuser/bumperbot_ws/install/bumperbot_msgs/lib:/usr/lib/x86_64-linux-gnu/gazebo-11/plugins:/opt/ros/humble/opt/rviz_ogre_vendor/lib:/opt/ros/humble/lib/x86_64-linux-gnu:/opt/ros/humble/lib PYTHONPATH=/home/vboxuser/agv_ws/build/movement/prefix_override:/home/vboxuser/agv_ws/install/movement/lib/python3.10/site-packages:${PYTHONPATH} /usr/bin/python3 -W ignore:setup.py install is deprecated setup.py egg_info --egg-base ../../build/movement build --build-base /home/vboxuser/agv_ws/build/movement/build install --record /home/vboxuser/agv_ws/build/movement/install.log --single-version-externally-managed install_data
[2.158s] running egg_info
[2.160s] writing ../../build/movement/movement.egg-info/PKG-INFO
[2.165s] writing dependency_links to ../../build/movement/movement.egg-info/dependency_links.txt
[2.165s] writing entry points to ../../build/movement/movement.egg-info/entry_points.txt
[2.165s] writing requirements to ../../build/movement/movement.egg-info/requires.txt
[2.166s] writing top-level names to ../../build/movement/movement.egg-info/top_level.txt
[2.171s] reading manifest file '../../build/movement/movement.egg-info/SOURCES.txt'
[2.175s] writing manifest file '../../build/movement/movement.egg-info/SOURCES.txt'
[2.175s] running build
[2.176s] running build_py
[2.178s] copying movement/wheel_correction_server_6.7.24.py -> /home/vboxuser/agv_ws/build/movement/build/lib/movement
[2.179s] copying movement/wheel_correction_server.py -> /home/vboxuser/agv_ws/build/movement/build/lib/movement
[2.179s] copying movement/qr_input.py -> /home/vboxuser/agv_ws/build/movement/build/lib/movement
[2.181s] copying movement/spin_motor.py -> /home/vboxuser/agv_ws/build/movement/build/lib/movement
[2.181s] copying movement/wheel_controller_server.py -> /home/vboxuser/agv_ws/build/movement/build/lib/movement
[2.184s] running install
[2.185s] running install_lib
[2.186s] copying /home/vboxuser/agv_ws/build/movement/build/lib/movement/wheel_correction_server_6.7.24.py -> /home/vboxuser/agv_ws/install/movement/lib/python3.10/site-packages/movement
[2.186s] copying /home/vboxuser/agv_ws/build/movement/build/lib/movement/wheel_correction_server.py -> /home/vboxuser/agv_ws/install/movement/lib/python3.10/site-packages/movement
[2.187s] copying /home/vboxuser/agv_ws/build/movement/build/lib/movement/qr_input.py -> /home/vboxuser/agv_ws/install/movement/lib/python3.10/site-packages/movement
[2.187s] copying /home/vboxuser/agv_ws/build/movement/build/lib/movement/spin_motor.py -> /home/vboxuser/agv_ws/install/movement/lib/python3.10/site-packages/movement
[2.188s] copying /home/vboxuser/agv_ws/build/movement/build/lib/movement/wheel_controller_server.py -> /home/vboxuser/agv_ws/install/movement/lib/python3.10/site-packages/movement
[2.190s] byte-compiling /home/vboxuser/agv_ws/install/movement/lib/python3.10/site-packages/movement/wheel_correction_server_6.7.24.py to wheel_correction_server_6.7.24.cpython-310.pyc
[2.194s] byte-compiling /home/vboxuser/agv_ws/install/movement/lib/python3.10/site-packages/movement/wheel_correction_server.py to wheel_correction_server.cpython-310.pyc
[2.197s] byte-compiling /home/vboxuser/agv_ws/install/movement/lib/python3.10/site-packages/movement/qr_input.py to qr_input.cpython-310.pyc
[2.198s] byte-compiling /home/vboxuser/agv_ws/install/movement/lib/python3.10/site-packages/movement/spin_motor.py to spin_motor.cpython-310.pyc
[2.199s] byte-compiling /home/vboxuser/agv_ws/install/movement/lib/python3.10/site-packages/movement/wheel_controller_server.py to wheel_controller_server.cpython-310.pyc
[2.203s] running install_data
[2.203s] running install_egg_info
[2.207s] removing '/home/vboxuser/agv_ws/install/movement/lib/python3.10/site-packages/movement-0.0.0-py3.10.egg-info' (and everything under it)
[2.207s] Copying ../../build/movement/movement.egg-info to /home/vboxuser/agv_ws/install/movement/lib/python3.10/site-packages/movement-0.0.0-py3.10.egg-info
[2.209s] running install_scripts
[2.245s] Installing PGV_Scan_node script to /home/vboxuser/agv_ws/install/movement/lib/movement
[2.245s] Installing calibration script to /home/vboxuser/agv_ws/install/movement/lib/movement
[2.246s] Installing command_publisher_client script to /home/vboxuser/agv_ws/install/movement/lib/movement
[2.246s] Installing path_visualizer script to /home/vboxuser/agv_ws/install/movement/lib/movement
[2.246s] Installing pgv_input script to /home/vboxuser/agv_ws/install/movement/lib/movement
[2.247s] Installing speed_plotter script to /home/vboxuser/agv_ws/install/movement/lib/movement
[2.247s] Installing speed_plotter_time script to /home/vboxuser/agv_ws/install/movement/lib/movement
[2.247s] Installing spin_motor script to /home/vboxuser/agv_ws/install/movement/lib/movement
[2.248s] Installing wheel_controller_server script to /home/vboxuser/agv_ws/install/movement/lib/movement
[2.248s] Installing wheel_controller_server_pid script to /home/vboxuser/agv_ws/install/movement/lib/movement
[2.248s] Installing wheel_correction_server script to /home/vboxuser/agv_ws/install/movement/lib/movement
[2.252s] Installing wheel_speed_compare script to /home/vboxuser/agv_ws/install/movement/lib/movement
[2.252s] writing list of installed files to '/home/vboxuser/agv_ws/build/movement/install.log'
[2.296s] Invoked command in '/home/vboxuser/agv_ws/src/movement' returned '0': CMAKE_PREFIX_PATH=/home/vboxuser/agv_ws/install/agv_msgs:/home/vboxuser/agv_ws/install/wheel_control:/home/vboxuser/agv_ws/install/pgv100:/home/vboxuser/agv_ws/install/panda_rviz_viewer:/home/vboxuser/agv_ws/install/panda_canopen:/home/vboxuser/agv_ws/install/my_simulation:/home/vboxuser/agv_ws/install/canopen_tests:/home/vboxuser/agv_ws/install/canopen_ros2_controllers:/home/vboxuser/agv_ws/install/canopen_ros2_control:/home/vboxuser/agv_ws/install/canopen_robot_control_example:/home/vboxuser/agv_ws/install/canopen_kinco3:/home/vboxuser/agv_ws/install/canopen_kinco2:/home/vboxuser/agv_ws/install/canopen_kinco:/home/vboxuser/agv_ws/install/canopen:/home/vboxuser/agv_ws/install/canopen_402_driver:/home/vboxuser/agv_ws/install/canopen_proxy_driver:/home/vboxuser/agv_ws/install/canopen_master_driver:/home/vboxuser/agv_ws/install/canopen_fake_slaves:/home/vboxuser/agv_ws/install/canopen_base_driver:/home/vboxuser/agv_ws/install/canopen_core:/home/vboxuser/agv_ws/install/lely_core_libraries:/home/vboxuser/agv_ws/install/canopen_interfaces:/home/vboxuser/agv_ws/install/agv_py:/home/vboxuser/agv_ws/install/agv_controllers:/home/vboxuser/agv_ws/install/agv_controller:/home/vboxuser/agv_ws/install/agv:/home/vboxuser/bumperbot_ws/install/bumperbot_cpp_examples:/home/vboxuser/bumperbot_ws/install/bumperbot_msgs:/home/vboxuser/bumperbot_ws/install/bumperbot_description:/home/vboxuser/bumperbot_ws/install/bumperbot_controller:/home/vboxuser/ros2_ws/install/my_simulation LD_LIBRARY_PATH=/home/vboxuser/agv_ws/install/agv_msgs/lib:/home/vboxuser/agv_ws/install/pgv100/lib:/home/vboxuser/agv_ws/install/canopen_ros2_controllers/lib:/home/vboxuser/agv_ws/install/canopen_ros2_control/lib:/home/vboxuser/agv_ws/install/canopen_402_driver/lib:/home/vboxuser/agv_ws/install/canopen_proxy_driver/lib:/home/vboxuser/agv_ws/install/canopen_master_driver/lib:/home/vboxuser/agv_ws/install/canopen_base_driver/lib:/home/vboxuser/agv_ws/install/canopen_core/lib:/home/vboxuser/agv_ws/install/lely_core_libraries/lib:/home/vboxuser/agv_ws/install/canopen_interfaces/lib:/home/vboxuser/bumperbot_ws/install/bumperbot_msgs/lib:/usr/lib/x86_64-linux-gnu/gazebo-11/plugins:/opt/ros/humble/opt/rviz_ogre_vendor/lib:/opt/ros/humble/lib/x86_64-linux-gnu:/opt/ros/humble/lib PYTHONPATH=/home/vboxuser/agv_ws/build/movement/prefix_override:/home/vboxuser/agv_ws/install/movement/lib/python3.10/site-packages:${PYTHONPATH} /usr/bin/python3 -W ignore:setup.py install is deprecated setup.py egg_info --egg-base ../../build/movement build --build-base /home/vboxuser/agv_ws/build/movement/build install --record /home/vboxuser/agv_ws/build/movement/install.log --single-version-externally-managed install_data
