[0.026s] Invoking command in '/home/vboxuser/agv_ws/build/agv_controller': CMAKE_PREFIX_PATH=/home/vboxuser/agv_ws/install/wheel_control:/home/vboxuser/agv_ws/install/pgv100:/home/vboxuser/agv_ws/install/panda_rviz_viewer:/home/vboxuser/agv_ws/install/panda_canopen:/home/vboxuser/agv_ws/install/my_simulation:/home/vboxuser/agv_ws/install/canopen_tests:/home/vboxuser/agv_ws/install/canopen_ros2_controllers:/home/vboxuser/agv_ws/install/canopen_ros2_control:/home/vboxuser/agv_ws/install/canopen_robot_control_example:/home/vboxuser/agv_ws/install/canopen_kinco3:/home/vboxuser/agv_ws/install/canopen_kinco2:/home/vboxuser/agv_ws/install/canopen_kinco:/home/vboxuser/agv_ws/install/canopen:/home/vboxuser/agv_ws/install/canopen_402_driver:/home/vboxuser/agv_ws/install/canopen_proxy_driver:/home/vboxuser/agv_ws/install/canopen_master_driver:/home/vboxuser/agv_ws/install/canopen_fake_slaves:/home/vboxuser/agv_ws/install/canopen_base_driver:/home/vboxuser/agv_ws/install/canopen_core:/home/vboxuser/agv_ws/install/lely_core_libraries:/home/vboxuser/agv_ws/install/canopen_interfaces:/home/vboxuser/agv_ws/install/agv_py:/home/vboxuser/agv_ws/install/agv_msgs:/home/vboxuser/agv_ws/install/agv_controllers:/home/vboxuser/agv_ws/install/odometry:/home/vboxuser/agv_ws/install/communication:/home/vboxuser/agv_ws/install/canopen_utils:/home/vboxuser/agv_ws/install/agv_py_functions:/home/vboxuser/bumperbot_ws/install/bumperbot_py_examples:/home/vboxuser/ros2_ws/install/my_py_pkg:/opt/ros/humble:/home/vboxuser/agv_ws/install/agv_controller:/home/vboxuser/agv_ws/install/agv:/home/vboxuser/bumperbot_ws/install/bumperbot_cpp_examples:/home/vboxuser/bumperbot_ws/install/bumperbot_msgs:/home/vboxuser/bumperbot_ws/install/bumperbot_description:/home/vboxuser/bumperbot_ws/install/bumperbot_controller:/home/vboxuser/ros2_ws/install/my_simulation /usr/bin/cmake --build /home/vboxuser/agv_ws/build/agv_controller -- -j4 -l4
[0.077s] -- Found ament_cmake: 1.3.8 (/opt/ros/humble/share/ament_cmake/cmake)
[0.348s] -- Found rclpy: 3.3.12 (/opt/ros/humble/share/rclpy/cmake)
[0.349s] -- Found std_msgs: 4.2.3 (/opt/ros/humble/share/std_msgs/cmake)
[0.400s] -- Found rosidl_generator_c: 3.1.5 (/opt/ros/humble/share/rosidl_generator_c/cmake)
[0.407s] -- Found rosidl_adapter: 3.1.5 (/opt/ros/humble/share/rosidl_adapter/cmake)
[0.419s] -- Found rosidl_generator_cpp: 3.1.5 (/opt/ros/humble/share/rosidl_generator_cpp/cmake)
[0.447s] -- Using all available rosidl_typesupport_c: rosidl_typesupport_fastrtps_c;rosidl_typesupport_introspection_c
[0.484s] -- Using all available rosidl_typesupport_cpp: rosidl_typesupport_fastrtps_cpp;rosidl_typesupport_introspection_cpp
[0.618s] -- Found geometry_msgs: 4.2.3 (/opt/ros/humble/share/geometry_msgs/cmake)
[0.715s] -- Found action_msgs: 1.2.1 (/opt/ros/humble/share/action_msgs/cmake)
[0.848s] -- Found rosidl_default_generators: 1.2.0 (/opt/ros/humble/share/rosidl_default_generators/cmake)
[1.259s] [31mCMake Error at /opt/ros/humble/share/rosidl_cmake/cmake/rosidl_generate_interfaces.cmake:229 (message):
[1.259s]   Packages installing interfaces must include
[1.259s]   '<member_of_group>rosidl_interface_packages</member_of_group>' in their
[1.259s]   package.xml
[1.259s] Call Stack (most recent call first):
[1.259s]   CMakeLists.txt:18 (rosidl_generate_interfaces)
[1.259s] 
[1.260s] [0m
[1.260s] -- Configuring incomplete, errors occurred!
[1.260s] See also "/home/vboxuser/agv_ws/build/agv_controller/CMakeFiles/CMakeOutput.log".
[1.269s] gmake: *** [Makefile:226: cmake_check_build_system] Error 1
[1.271s] Invoked command in '/home/vboxuser/agv_ws/build/agv_controller' returned '2': CMAKE_PREFIX_PATH=/home/vboxuser/agv_ws/install/wheel_control:/home/vboxuser/agv_ws/install/pgv100:/home/vboxuser/agv_ws/install/panda_rviz_viewer:/home/vboxuser/agv_ws/install/panda_canopen:/home/vboxuser/agv_ws/install/my_simulation:/home/vboxuser/agv_ws/install/canopen_tests:/home/vboxuser/agv_ws/install/canopen_ros2_controllers:/home/vboxuser/agv_ws/install/canopen_ros2_control:/home/vboxuser/agv_ws/install/canopen_robot_control_example:/home/vboxuser/agv_ws/install/canopen_kinco3:/home/vboxuser/agv_ws/install/canopen_kinco2:/home/vboxuser/agv_ws/install/canopen_kinco:/home/vboxuser/agv_ws/install/canopen:/home/vboxuser/agv_ws/install/canopen_402_driver:/home/vboxuser/agv_ws/install/canopen_proxy_driver:/home/vboxuser/agv_ws/install/canopen_master_driver:/home/vboxuser/agv_ws/install/canopen_fake_slaves:/home/vboxuser/agv_ws/install/canopen_base_driver:/home/vboxuser/agv_ws/install/canopen_core:/home/vboxuser/agv_ws/install/lely_core_libraries:/home/vboxuser/agv_ws/install/canopen_interfaces:/home/vboxuser/agv_ws/install/agv_py:/home/vboxuser/agv_ws/install/agv_msgs:/home/vboxuser/agv_ws/install/agv_controllers:/home/vboxuser/agv_ws/install/odometry:/home/vboxuser/agv_ws/install/communication:/home/vboxuser/agv_ws/install/canopen_utils:/home/vboxuser/agv_ws/install/agv_py_functions:/home/vboxuser/bumperbot_ws/install/bumperbot_py_examples:/home/vboxuser/ros2_ws/install/my_py_pkg:/opt/ros/humble:/home/vboxuser/agv_ws/install/agv_controller:/home/vboxuser/agv_ws/install/agv:/home/vboxuser/bumperbot_ws/install/bumperbot_cpp_examples:/home/vboxuser/bumperbot_ws/install/bumperbot_msgs:/home/vboxuser/bumperbot_ws/install/bumperbot_description:/home/vboxuser/bumperbot_ws/install/bumperbot_controller:/home/vboxuser/ros2_ws/install/my_simulation /usr/bin/cmake --build /home/vboxuser/agv_ws/build/agv_controller -- -j4 -l4
