[1.263s] Invoking command in '/home/vboxuser/agv_ws/src/agv_py_functions': PYTHONPATH=/home/vboxuser/agv_ws/build/agv_py_functions/prefix_override:/home/vboxuser/agv_ws/install/agv_py_functions/lib/python3.10/site-packages:${PYTHONPATH} /usr/bin/python3 -W ignore:setup.py install is deprecated setup.py egg_info --egg-base ../../build/agv_py_functions build --build-base /home/vboxuser/agv_ws/build/agv_py_functions/build install --record /home/vboxuser/agv_ws/build/agv_py_functions/install.log --single-version-externally-managed install_data
[1.752s] running egg_info
[1.753s] writing ../../build/agv_py_functions/agv_py_functions.egg-info/PKG-INFO
[1.754s] writing dependency_links to ../../build/agv_py_functions/agv_py_functions.egg-info/dependency_links.txt
[1.754s] writing entry points to ../../build/agv_py_functions/agv_py_functions.egg-info/entry_points.txt
[1.755s] writing requirements to ../../build/agv_py_functions/agv_py_functions.egg-info/requires.txt
[1.755s] writing top-level names to ../../build/agv_py_functions/agv_py_functions.egg-info/top_level.txt
[1.758s] reading manifest file '../../build/agv_py_functions/agv_py_functions.egg-info/SOURCES.txt'
[1.760s] writing manifest file '../../build/agv_py_functions/agv_py_functions.egg-info/SOURCES.txt'
[1.761s] running build
[1.763s] running build_py
[1.763s] copying agv_py_functions/speed_service_client_can.py -> /home/vboxuser/agv_ws/build/agv_py_functions/build/lib/agv_py_functions
[1.763s] running install
[1.764s] running install_lib
[1.765s] copying /home/vboxuser/agv_ws/build/agv_py_functions/build/lib/agv_py_functions/speed_service_client_can.py -> /home/vboxuser/agv_ws/install/agv_py_functions/lib/python3.10/site-packages/agv_py_functions
[1.766s] byte-compiling /home/vboxuser/agv_ws/install/agv_py_functions/lib/python3.10/site-packages/agv_py_functions/speed_service_client_can.py to speed_service_client_can.cpython-310.pyc
[1.767s] running install_data
[1.768s] running install_egg_info
[1.770s] removing '/home/vboxuser/agv_ws/install/agv_py_functions/lib/python3.10/site-packages/agv_py_functions-0.0.0-py3.10.egg-info' (and everything under it)
[1.771s] Copying ../../build/agv_py_functions/agv_py_functions.egg-info to /home/vboxuser/agv_ws/install/agv_py_functions/lib/python3.10/site-packages/agv_py_functions-0.0.0-py3.10.egg-info
[1.772s] running install_scripts
[1.809s] Installing canbus_velocity_publisher script to /home/vboxuser/agv_ws/install/agv_py_functions/lib/agv_py_functions
[1.809s] Installing simple_parameter script to /home/vboxuser/agv_ws/install/agv_py_functions/lib/agv_py_functions
[1.810s] Installing simple_publisher script to /home/vboxuser/agv_ws/install/agv_py_functions/lib/agv_py_functions
[1.810s] Installing simple_subscriber script to /home/vboxuser/agv_ws/install/agv_py_functions/lib/agv_py_functions
[1.810s] Installing speed_service_client script to /home/vboxuser/agv_ws/install/agv_py_functions/lib/agv_py_functions
[1.810s] Installing speed_service_client_can script to /home/vboxuser/agv_ws/install/agv_py_functions/lib/agv_py_functions
[1.811s] Installing velocity_input script to /home/vboxuser/agv_ws/install/agv_py_functions/lib/agv_py_functions
[1.811s] Installing wheel_speed_node script to /home/vboxuser/agv_ws/install/agv_py_functions/lib/agv_py_functions
[1.811s] Installing wheel_speed_pub script to /home/vboxuser/agv_ws/install/agv_py_functions/lib/agv_py_functions
[1.812s] Installing wheel_speed_publisher script to /home/vboxuser/agv_ws/install/agv_py_functions/lib/agv_py_functions
[1.812s] Installing wheel_speed_server script to /home/vboxuser/agv_ws/install/agv_py_functions/lib/agv_py_functions
[1.812s] Installing wheel_speed_server_can script to /home/vboxuser/agv_ws/install/agv_py_functions/lib/agv_py_functions
[1.813s] writing list of installed files to '/home/vboxuser/agv_ws/build/agv_py_functions/install.log'
[1.856s] Invoked command in '/home/vboxuser/agv_ws/src/agv_py_functions' returned '0': PYTHONPATH=/home/vboxuser/agv_ws/build/agv_py_functions/prefix_override:/home/vboxuser/agv_ws/install/agv_py_functions/lib/python3.10/site-packages:${PYTHONPATH} /usr/bin/python3 -W ignore:setup.py install is deprecated setup.py egg_info --egg-base ../../build/agv_py_functions build --build-base /home/vboxuser/agv_ws/build/agv_py_functions/build install --record /home/vboxuser/agv_ws/build/agv_py_functions/install.log --single-version-externally-managed install_data
