[0.802s] Invoking command in '/home/vboxuser/agv_ws/build/canopen_interfaces': CMAKE_PREFIX_PATH=${CMAKE_PREFIX_PATH}:/home/vboxuser/bumperbot_ws/install/bumperbot_py_examples:/home/vboxuser/ros2_ws/install/my_py_pkg:/opt/ros/humble /usr/bin/cmake --build /home/vboxuser/agv_ws/build/canopen_interfaces -- -j4 -l4
[0.977s] -- Found ament_cmake: 1.3.6 (/opt/ros/humble/share/ament_cmake/cmake)
[1.454s] -- Found rosidl_default_generators: 1.2.0 (/opt/ros/humble/share/rosidl_default_generators/cmake)
[1.476s] -- Using all available rosidl_typesupport_c: rosidl_typesupport_fastrtps_c;rosidl_typesupport_introspection_c
[1.488s] -- Found rosidl_adapter: 3.1.5 (/opt/ros/humble/share/rosidl_adapter/cmake)
[1.652s] -- Using all available rosidl_typesupport_cpp: rosidl_typesupport_fastrtps_cpp;rosidl_typesupport_introspection_cpp
[3.216s] -- Found ament_cmake_ros: 0.10.0 (/opt/ros/humble/share/ament_cmake_ros/cmake)
[3.918s] -- Using all available rosidl_typesupport_c: rosidl_typesupport_fastrtps_c;rosidl_typesupport_introspection_c
[4.641s] -- Using all available rosidl_typesupport_cpp: rosidl_typesupport_fastrtps_cpp;rosidl_typesupport_introspection_cpp
[4.713s] -- Found python_cmake_module: 0.10.0 (/opt/ros/humble/share/python_cmake_module/cmake)
[4.781s] -- Using PYTHON_EXECUTABLE: /usr/bin/python3
[4.782s] -- Using PYTHON_INCLUDE_DIRS: /usr/include/python3.10
[4.782s] -- Using PYTHON_LIBRARIES: /usr/lib/x86_64-linux-gnu/libpython3.10.so
[4.831s] -- Found ament_lint_auto: 0.12.9 (/opt/ros/humble/share/ament_lint_auto/cmake)
[4.877s] -- Added test 'copyright' to check source files copyright and LICENSE
[4.882s] -- Added test 'lint_cmake' to check CMake code style
[4.884s] -- Added test 'xmllint' to check XML markup files
[4.889s] -- Configuring done
[5.079s] -- Generating done
[5.085s] -- Build files have been written to: /home/vboxuser/agv_ws/build/canopen_interfaces
[5.123s] [35m[1mConsolidate compiler generated dependencies of target canopen_interfaces__rosidl_generator_c[0m
[5.139s] [  1%] Built target canopen_interfaces__cpp
[5.169s] [ 12%] Built target canopen_interfaces__rosidl_generator_c
[5.213s] [35m[1mConsolidate compiler generated dependencies of target canopen_interfaces__rosidl_typesupport_cpp[0m
[5.234s] [35m[1mConsolidate compiler generated dependencies of target canopen_interfaces__rosidl_typesupport_fastrtps_cpp[0m
[5.245s] [ 12%] Built target ament_cmake_python_copy_canopen_interfaces
[5.245s] [35m[1mConsolidate compiler generated dependencies of target canopen_interfaces__rosidl_typesupport_introspection_cpp[0m
[5.284s] [ 24%] Built target canopen_interfaces__rosidl_typesupport_cpp
[5.290s] [ 35%] Built target canopen_interfaces__rosidl_typesupport_introspection_cpp
[5.294s] [35m[1mConsolidate compiler generated dependencies of target canopen_interfaces__rosidl_typesupport_fastrtps_c[0m
[5.305s] [35m[1mConsolidate compiler generated dependencies of target canopen_interfaces__rosidl_typesupport_introspection_c[0m
[5.314s] [ 47%] Built target canopen_interfaces__rosidl_typesupport_fastrtps_cpp
[5.322s] [35m[1mConsolidate compiler generated dependencies of target canopen_interfaces__rosidl_typesupport_c[0m
[5.336s] [ 58%] Built target canopen_interfaces__rosidl_typesupport_introspection_c
[5.357s] [ 70%] Built target canopen_interfaces__rosidl_typesupport_fastrtps_c
[5.367s] [ 82%] Built target canopen_interfaces__rosidl_typesupport_c
[5.406s] [ 82%] Built target canopen_interfaces
[5.497s] [ 83%] Built target canopen_interfaces__py
[5.521s] [35m[1mConsolidate compiler generated dependencies of target canopen_interfaces__rosidl_generator_py[0m
[5.582s] [ 93%] Built target canopen_interfaces__rosidl_generator_py
[5.610s] [35m[1mConsolidate compiler generated dependencies of target canopen_interfaces__rosidl_typesupport_introspection_c__pyext[0m
[5.614s] [35m[1mConsolidate compiler generated dependencies of target canopen_interfaces__rosidl_typesupport_fastrtps_c__pyext[0m
[5.640s] [ 95%] Built target canopen_interfaces__rosidl_typesupport_introspection_c__pyext
[5.649s] [35m[1mConsolidate compiler generated dependencies of target canopen_interfaces__rosidl_typesupport_c__pyext[0m
[5.653s] [ 97%] Built target canopen_interfaces__rosidl_typesupport_fastrtps_c__pyext
[5.693s] [100%] Built target canopen_interfaces__rosidl_typesupport_c__pyext
[5.971s] running egg_info
[5.974s] writing canopen_interfaces.egg-info/PKG-INFO
[5.980s] writing dependency_links to canopen_interfaces.egg-info/dependency_links.txt
[5.981s] writing top-level names to canopen_interfaces.egg-info/top_level.txt
[5.985s] reading manifest file 'canopen_interfaces.egg-info/SOURCES.txt'
[5.987s] writing manifest file 'canopen_interfaces.egg-info/SOURCES.txt'
[6.055s] [100%] Built target ament_cmake_python_build_canopen_interfaces_egg
[6.083s] Invoked command in '/home/vboxuser/agv_ws/build/canopen_interfaces' returned '0': CMAKE_PREFIX_PATH=${CMAKE_PREFIX_PATH}:/home/vboxuser/bumperbot_ws/install/bumperbot_py_examples:/home/vboxuser/ros2_ws/install/my_py_pkg:/opt/ros/humble /usr/bin/cmake --build /home/vboxuser/agv_ws/build/canopen_interfaces -- -j4 -l4
[6.553s] Invoking command in '/home/vboxuser/agv_ws/build/canopen_interfaces': CMAKE_PREFIX_PATH=${CMAKE_PREFIX_PATH}:/home/vboxuser/bumperbot_ws/install/bumperbot_py_examples:/home/vboxuser/ros2_ws/install/my_py_pkg:/opt/ros/humble /usr/bin/cmake --install /home/vboxuser/agv_ws/build/canopen_interfaces
[6.561s] -- Install configuration: ""
[6.563s] -- Up-to-date: /home/vboxuser/agv_ws/install/canopen_interfaces/share/ament_index/resource_index/rosidl_interfaces/canopen_interfaces
[6.564s] -- Up-to-date: /home/vboxuser/agv_ws/install/canopen_interfaces/include/canopen_interfaces/canopen_interfaces
[6.565s] -- Up-to-date: /home/vboxuser/agv_ws/install/canopen_interfaces/include/canopen_interfaces/canopen_interfaces/srv
[6.566s] -- Up-to-date: /home/vboxuser/agv_ws/install/canopen_interfaces/include/canopen_interfaces/canopen_interfaces/srv/co_read_id.h
[6.567s] -- Up-to-date: /home/vboxuser/agv_ws/install/canopen_interfaces/include/canopen_interfaces/canopen_interfaces/srv/co_write_id.h
[6.567s] -- Up-to-date: /home/vboxuser/agv_ws/install/canopen_interfaces/include/canopen_interfaces/canopen_interfaces/srv/co_read.h
[6.567s] -- Up-to-date: /home/vboxuser/agv_ws/install/canopen_interfaces/include/canopen_interfaces/canopen_interfaces/srv/co_write.h
[6.567s] -- Up-to-date: /home/vboxuser/agv_ws/install/canopen_interfaces/include/canopen_interfaces/canopen_interfaces/srv/co_heartbeat_id.h
[6.568s] -- Up-to-date: /home/vboxuser/agv_ws/install/canopen_interfaces/include/canopen_interfaces/canopen_interfaces/srv/co_target_double.h
[6.568s] -- Up-to-date: /home/vboxuser/agv_ws/install/canopen_interfaces/include/canopen_interfaces/canopen_interfaces/srv/co_node.h
[6.568s] -- Up-to-date: /home/vboxuser/agv_ws/install/canopen_interfaces/include/canopen_interfaces/canopen_interfaces/srv/detail
[6.568s] -- Up-to-date: /home/vboxuser/agv_ws/install/canopen_interfaces/include/canopen_interfaces/canopen_interfaces/srv/detail/co_node__struct.h
[6.572s] -- Up-to-date: /home/vboxuser/agv_ws/install/canopen_interfaces/include/canopen_interfaces/canopen_interfaces/srv/detail/co_target_double__struct.h
[6.572s] -- Up-to-date: /home/vboxuser/agv_ws/install/canopen_interfaces/include/canopen_interfaces/canopen_interfaces/srv/detail/co_heartbeat_id__type_support.h
[6.573s] -- Up-to-date: /home/vboxuser/agv_ws/install/canopen_interfaces/include/canopen_interfaces/canopen_interfaces/srv/detail/co_node__type_support.h
[6.573s] -- Up-to-date: /home/vboxuser/agv_ws/install/canopen_interfaces/include/canopen_interfaces/canopen_interfaces/srv/detail/co_write_id__functions.c
[6.573s] -- Up-to-date: /home/vboxuser/agv_ws/install/canopen_interfaces/include/canopen_interfaces/canopen_interfaces/srv/detail/co_heartbeat_id__functions.h
[6.573s] -- Up-to-date: /home/vboxuser/agv_ws/install/canopen_interfaces/include/canopen_interfaces/canopen_interfaces/srv/detail/co_write_id__functions.h
[6.576s] -- Up-to-date: /home/vboxuser/agv_ws/install/canopen_interfaces/include/canopen_interfaces/canopen_interfaces/srv/detail/co_write_id__type_support.h
[6.580s] -- Up-to-date: /home/vboxuser/agv_ws/install/canopen_interfaces/include/canopen_interfaces/canopen_interfaces/srv/detail/co_heartbeat_id__struct.h
[6.581s] -- Up-to-date: /home/vboxuser/agv_ws/install/canopen_interfaces/include/canopen_interfaces/canopen_interfaces/srv/detail/co_read_id__struct.h
[6.581s] -- Up-to-date: /home/vboxuser/agv_ws/install/canopen_interfaces/include/canopen_interfaces/canopen_interfaces/srv/detail/co_write__struct.h
[6.581s] -- Up-to-date: /home/vboxuser/agv_ws/install/canopen_interfaces/include/canopen_interfaces/canopen_interfaces/srv/detail/co_nmt_id__functions.h
[6.582s] -- Up-to-date: /home/vboxuser/agv_ws/install/canopen_interfaces/include/canopen_interfaces/canopen_interfaces/srv/detail/co_target_double__functions.h
[6.582s] -- Up-to-date: /home/vboxuser/agv_ws/install/canopen_interfaces/include/canopen_interfaces/canopen_interfaces/srv/detail/co_read_id__functions.h
[6.584s] -- Up-to-date: /home/vboxuser/agv_ws/install/canopen_interfaces/include/canopen_interfaces/canopen_interfaces/srv/detail/co_write__functions.h
[6.584s] -- Up-to-date: /home/vboxuser/agv_ws/install/canopen_interfaces/include/canopen_interfaces/canopen_interfaces/srv/detail/co_target_double__functions.c
[6.584s] -- Up-to-date: /home/vboxuser/agv_ws/install/canopen_interfaces/include/canopen_interfaces/canopen_interfaces/srv/detail/co_read__type_support.h
[6.584s] -- Up-to-date: /home/vboxuser/agv_ws/install/canopen_interfaces/include/canopen_interfaces/canopen_interfaces/srv/detail/co_write__type_support.h
[6.584s] -- Up-to-date: /home/vboxuser/agv_ws/install/canopen_interfaces/include/canopen_interfaces/canopen_interfaces/srv/detail/co_read__struct.h
[6.585s] -- Up-to-date: /home/vboxuser/agv_ws/install/canopen_interfaces/include/canopen_interfaces/canopen_interfaces/srv/detail/co_nmt_id__struct.h
[6.586s] -- Up-to-date: /home/vboxuser/agv_ws/install/canopen_interfaces/include/canopen_interfaces/canopen_interfaces/srv/detail/co_read_id__type_support.h
[6.586s] -- Up-to-date: /home/vboxuser/agv_ws/install/canopen_interfaces/include/canopen_interfaces/canopen_interfaces/srv/detail/co_nmt_id__functions.c
[6.586s] -- Up-to-date: /home/vboxuser/agv_ws/install/canopen_interfaces/include/canopen_interfaces/canopen_interfaces/srv/detail/co_read_id__functions.c
[6.586s] -- Up-to-date: /home/vboxuser/agv_ws/install/canopen_interfaces/include/canopen_interfaces/canopen_interfaces/srv/detail/co_nmt_id__type_support.h
[6.586s] -- Up-to-date: /home/vboxuser/agv_ws/install/canopen_interfaces/include/canopen_interfaces/canopen_interfaces/srv/detail/co_read__functions.h
[6.587s] -- Up-to-date: /home/vboxuser/agv_ws/install/canopen_interfaces/include/canopen_interfaces/canopen_interfaces/srv/detail/co_write__functions.c
[6.587s] -- Up-to-date: /home/vboxuser/agv_ws/install/canopen_interfaces/include/canopen_interfaces/canopen_interfaces/srv/detail/co_read__functions.c
[6.587s] -- Up-to-date: /home/vboxuser/agv_ws/install/canopen_interfaces/include/canopen_interfaces/canopen_interfaces/srv/detail/co_write_id__struct.h
[6.587s] -- Up-to-date: /home/vboxuser/agv_ws/install/canopen_interfaces/include/canopen_interfaces/canopen_interfaces/srv/detail/co_heartbeat_id__functions.c
[6.587s] -- Up-to-date: /home/vboxuser/agv_ws/install/canopen_interfaces/include/canopen_interfaces/canopen_interfaces/srv/detail/co_node__functions.c
[6.587s] -- Up-to-date: /home/vboxuser/agv_ws/install/canopen_interfaces/include/canopen_interfaces/canopen_interfaces/srv/detail/co_node__functions.h
[6.587s] -- Up-to-date: /home/vboxuser/agv_ws/install/canopen_interfaces/include/canopen_interfaces/canopen_interfaces/srv/detail/co_target_double__type_support.h
[6.587s] -- Up-to-date: /home/vboxuser/agv_ws/install/canopen_interfaces/include/canopen_interfaces/canopen_interfaces/srv/co_nmt_id.h
[6.587s] -- Up-to-date: /home/vboxuser/agv_ws/install/canopen_interfaces/include/canopen_interfaces/canopen_interfaces/msg
[6.588s] -- Up-to-date: /home/vboxuser/agv_ws/install/canopen_interfaces/include/canopen_interfaces/canopen_interfaces/msg/rosidl_generator_c__visibility_control.h
[6.588s] -- Up-to-date: /home/vboxuser/agv_ws/install/canopen_interfaces/include/canopen_interfaces/canopen_interfaces/msg/detail
[6.588s] -- Up-to-date: /home/vboxuser/agv_ws/install/canopen_interfaces/include/canopen_interfaces/canopen_interfaces/msg/detail/co_data__functions.h
[6.588s] -- Up-to-date: /home/vboxuser/agv_ws/install/canopen_interfaces/include/canopen_interfaces/canopen_interfaces/msg/detail/co_data__functions.c
[6.589s] -- Up-to-date: /home/vboxuser/agv_ws/install/canopen_interfaces/include/canopen_interfaces/canopen_interfaces/msg/detail/co_data__type_support.h
[6.589s] -- Up-to-date: /home/vboxuser/agv_ws/install/canopen_interfaces/include/canopen_interfaces/canopen_interfaces/msg/detail/co_data__struct.h
[6.589s] -- Up-to-date: /home/vboxuser/agv_ws/install/canopen_interfaces/include/canopen_interfaces/canopen_interfaces/msg/co_data.h
[6.590s] -- Up-to-date: /home/vboxuser/agv_ws/install/canopen_interfaces/share/canopen_interfaces/environment/library_path.sh
[6.590s] -- Installing: /home/vboxuser/agv_ws/install/canopen_interfaces/share/canopen_interfaces/environment/library_path.dsv
[6.590s] -- Up-to-date: /home/vboxuser/agv_ws/install/canopen_interfaces/lib/libcanopen_interfaces__rosidl_generator_c.so
[6.590s] -- Up-to-date: /home/vboxuser/agv_ws/install/canopen_interfaces/include/canopen_interfaces/canopen_interfaces
[6.590s] -- Up-to-date: /home/vboxuser/agv_ws/install/canopen_interfaces/include/canopen_interfaces/canopen_interfaces/srv
[6.590s] -- Up-to-date: /home/vboxuser/agv_ws/install/canopen_interfaces/include/canopen_interfaces/canopen_interfaces/srv/detail
[6.590s] -- Up-to-date: /home/vboxuser/agv_ws/install/canopen_interfaces/include/canopen_interfaces/canopen_interfaces/srv/detail/co_nmt_id__rosidl_typesupport_fastrtps_c.h
[6.591s] -- Up-to-date: /home/vboxuser/agv_ws/install/canopen_interfaces/include/canopen_interfaces/canopen_interfaces/srv/detail/co_node__rosidl_typesupport_fastrtps_c.h
[6.591s] -- Up-to-date: /home/vboxuser/agv_ws/install/canopen_interfaces/include/canopen_interfaces/canopen_interfaces/srv/detail/co_write__rosidl_typesupport_fastrtps_c.h
[6.591s] -- Up-to-date: /home/vboxuser/agv_ws/install/canopen_interfaces/include/canopen_interfaces/canopen_interfaces/srv/detail/co_read__rosidl_typesupport_fastrtps_c.h
[6.591s] -- Up-to-date: /home/vboxuser/agv_ws/install/canopen_interfaces/include/canopen_interfaces/canopen_interfaces/srv/detail/co_write_id__rosidl_typesupport_fastrtps_c.h
[6.591s] -- Up-to-date: /home/vboxuser/agv_ws/install/canopen_interfaces/include/canopen_interfaces/canopen_interfaces/srv/detail/co_target_double__rosidl_typesupport_fastrtps_c.h
[6.591s] -- Up-to-date: /home/vboxuser/agv_ws/install/canopen_interfaces/include/canopen_interfaces/canopen_interfaces/srv/detail/co_heartbeat_id__rosidl_typesupport_fastrtps_c.h
[6.591s] -- Up-to-date: /home/vboxuser/agv_ws/install/canopen_interfaces/include/canopen_interfaces/canopen_interfaces/srv/detail/co_read_id__rosidl_typesupport_fastrtps_c.h
[6.591s] -- Up-to-date: /home/vboxuser/agv_ws/install/canopen_interfaces/include/canopen_interfaces/canopen_interfaces/msg
[6.591s] -- Up-to-date: /home/vboxuser/agv_ws/install/canopen_interfaces/include/canopen_interfaces/canopen_interfaces/msg/rosidl_typesupport_fastrtps_c__visibility_control.h
[6.591s] -- Up-to-date: /home/vboxuser/agv_ws/install/canopen_interfaces/include/canopen_interfaces/canopen_interfaces/msg/detail
[6.592s] -- Up-to-date: /home/vboxuser/agv_ws/install/canopen_interfaces/include/canopen_interfaces/canopen_interfaces/msg/detail/co_data__rosidl_typesupport_fastrtps_c.h
[6.592s] -- Up-to-date: /home/vboxuser/agv_ws/install/canopen_interfaces/lib/libcanopen_interfaces__rosidl_typesupport_fastrtps_c.so
[6.592s] -- Up-to-date: /home/vboxuser/agv_ws/install/canopen_interfaces/include/canopen_interfaces/canopen_interfaces
[6.592s] -- Up-to-date: /home/vboxuser/agv_ws/install/canopen_interfaces/include/canopen_interfaces/canopen_interfaces/srv
[6.592s] -- Up-to-date: /home/vboxuser/agv_ws/install/canopen_interfaces/include/canopen_interfaces/canopen_interfaces/srv/detail
[6.593s] -- Up-to-date: /home/vboxuser/agv_ws/install/canopen_interfaces/include/canopen_interfaces/canopen_interfaces/srv/detail/co_heartbeat_id__rosidl_typesupport_introspection_c.h
[6.593s] -- Up-to-date: /home/vboxuser/agv_ws/install/canopen_interfaces/include/canopen_interfaces/canopen_interfaces/srv/detail/co_write_id__type_support.c
[6.593s] -- Up-to-date: /home/vboxuser/agv_ws/install/canopen_interfaces/include/canopen_interfaces/canopen_interfaces/srv/detail/co_read_id__rosidl_typesupport_introspection_c.h
[6.593s] -- Up-to-date: /home/vboxuser/agv_ws/install/canopen_interfaces/include/canopen_interfaces/canopen_interfaces/srv/detail/co_read__rosidl_typesupport_introspection_c.h
[6.593s] -- Up-to-date: /home/vboxuser/agv_ws/install/canopen_interfaces/include/canopen_interfaces/canopen_interfaces/srv/detail/co_nmt_id__type_support.c
[6.594s] -- Up-to-date: /home/vboxuser/agv_ws/install/canopen_interfaces/include/canopen_interfaces/canopen_interfaces/srv/detail/co_target_double__rosidl_typesupport_introspection_c.h
[6.594s] -- Up-to-date: /home/vboxuser/agv_ws/install/canopen_interfaces/include/canopen_interfaces/canopen_interfaces/srv/detail/co_nmt_id__rosidl_typesupport_introspection_c.h
[6.594s] -- Up-to-date: /home/vboxuser/agv_ws/install/canopen_interfaces/include/canopen_interfaces/canopen_interfaces/srv/detail/co_write__rosidl_typesupport_introspection_c.h
[6.594s] -- Up-to-date: /home/vboxuser/agv_ws/install/canopen_interfaces/include/canopen_interfaces/canopen_interfaces/srv/detail/co_read__type_support.c
[6.594s] -- Up-to-date: /home/vboxuser/agv_ws/install/canopen_interfaces/include/canopen_interfaces/canopen_interfaces/srv/detail/co_node__type_support.c
[6.594s] -- Up-to-date: /home/vboxuser/agv_ws/install/canopen_interfaces/include/canopen_interfaces/canopen_interfaces/srv/detail/co_node__rosidl_typesupport_introspection_c.h
[6.594s] -- Up-to-date: /home/vboxuser/agv_ws/install/canopen_interfaces/include/canopen_interfaces/canopen_interfaces/srv/detail/co_write__type_support.c
[6.594s] -- Up-to-date: /home/vboxuser/agv_ws/install/canopen_interfaces/include/canopen_interfaces/canopen_interfaces/srv/detail/co_read_id__type_support.c
[6.594s] -- Up-to-date: /home/vboxuser/agv_ws/install/canopen_interfaces/include/canopen_interfaces/canopen_interfaces/srv/detail/co_target_double__type_support.c
[6.594s] -- Up-to-date: /home/vboxuser/agv_ws/install/canopen_interfaces/include/canopen_interfaces/canopen_interfaces/srv/detail/co_heartbeat_id__type_support.c
[6.594s] -- Up-to-date: /home/vboxuser/agv_ws/install/canopen_interfaces/include/canopen_interfaces/canopen_interfaces/srv/detail/co_write_id__rosidl_typesupport_introspection_c.h
[6.594s] -- Up-to-date: /home/vboxuser/agv_ws/install/canopen_interfaces/include/canopen_interfaces/canopen_interfaces/msg
[6.594s] -- Up-to-date: /home/vboxuser/agv_ws/install/canopen_interfaces/include/canopen_interfaces/canopen_interfaces/msg/rosidl_typesupport_introspection_c__visibility_control.h
[6.595s] -- Up-to-date: /home/vboxuser/agv_ws/install/canopen_interfaces/include/canopen_interfaces/canopen_interfaces/msg/detail
[6.595s] -- Up-to-date: /home/vboxuser/agv_ws/install/canopen_interfaces/include/canopen_interfaces/canopen_interfaces/msg/detail/co_data__rosidl_typesupport_introspection_c.h
[6.595s] -- Up-to-date: /home/vboxuser/agv_ws/install/canopen_interfaces/include/canopen_interfaces/canopen_interfaces/msg/detail/co_data__type_support.c
[6.595s] -- Up-to-date: /home/vboxuser/agv_ws/install/canopen_interfaces/lib/libcanopen_interfaces__rosidl_typesupport_introspection_c.so
[6.595s] -- Up-to-date: /home/vboxuser/agv_ws/install/canopen_interfaces/lib/libcanopen_interfaces__rosidl_typesupport_c.so
[6.595s] -- Up-to-date: /home/vboxuser/agv_ws/install/canopen_interfaces/include/canopen_interfaces/canopen_interfaces
[6.596s] -- Up-to-date: /home/vboxuser/agv_ws/install/canopen_interfaces/include/canopen_interfaces/canopen_interfaces/srv
[6.596s] -- Up-to-date: /home/vboxuser/agv_ws/install/canopen_interfaces/include/canopen_interfaces/canopen_interfaces/srv/co_node.hpp
[6.596s] -- Up-to-date: /home/vboxuser/agv_ws/install/canopen_interfaces/include/canopen_interfaces/canopen_interfaces/srv/co_read.hpp
[6.596s] -- Up-to-date: /home/vboxuser/agv_ws/install/canopen_interfaces/include/canopen_interfaces/canopen_interfaces/srv/co_target_double.hpp
[6.596s] -- Up-to-date: /home/vboxuser/agv_ws/install/canopen_interfaces/include/canopen_interfaces/canopen_interfaces/srv/co_write.hpp
[6.597s] -- Up-to-date: /home/vboxuser/agv_ws/install/canopen_interfaces/include/canopen_interfaces/canopen_interfaces/srv/co_nmt_id.hpp
[6.597s] -- Up-to-date: /home/vboxuser/agv_ws/install/canopen_interfaces/include/canopen_interfaces/canopen_interfaces/srv/co_write_id.hpp
[6.597s] -- Up-to-date: /home/vboxuser/agv_ws/install/canopen_interfaces/include/canopen_interfaces/canopen_interfaces/srv/co_read_id.hpp
[6.597s] -- Up-to-date: /home/vboxuser/agv_ws/install/canopen_interfaces/include/canopen_interfaces/canopen_interfaces/srv/co_heartbeat_id.hpp
[6.597s] -- Up-to-date: /home/vboxuser/agv_ws/install/canopen_interfaces/include/canopen_interfaces/canopen_interfaces/srv/detail
[6.597s] -- Up-to-date: /home/vboxuser/agv_ws/install/canopen_interfaces/include/canopen_interfaces/canopen_interfaces/srv/detail/co_heartbeat_id__struct.hpp
[6.597s] -- Up-to-date: /home/vboxuser/agv_ws/install/canopen_interfaces/include/canopen_interfaces/canopen_interfaces/srv/detail/co_node__struct.hpp
[6.597s] -- Up-to-date: /home/vboxuser/agv_ws/install/canopen_interfaces/include/canopen_interfaces/canopen_interfaces/srv/detail/co_read_id__struct.hpp
[6.597s] -- Up-to-date: /home/vboxuser/agv_ws/install/canopen_interfaces/include/canopen_interfaces/canopen_interfaces/srv/detail/co_write__traits.hpp
[6.598s] -- Up-to-date: /home/vboxuser/agv_ws/install/canopen_interfaces/include/canopen_interfaces/canopen_interfaces/srv/detail/co_nmt_id__builder.hpp
[6.598s] -- Up-to-date: /home/vboxuser/agv_ws/install/canopen_interfaces/include/canopen_interfaces/canopen_interfaces/srv/detail/co_write_id__struct.hpp
[6.598s] -- Up-to-date: /home/vboxuser/agv_ws/install/canopen_interfaces/include/canopen_interfaces/canopen_interfaces/srv/detail/co_write_id__builder.hpp
[6.598s] -- Up-to-date: /home/vboxuser/agv_ws/install/canopen_interfaces/include/canopen_interfaces/canopen_interfaces/srv/detail/co_target_double__traits.hpp
[6.598s] -- Up-to-date: /home/vboxuser/agv_ws/install/canopen_interfaces/include/canopen_interfaces/canopen_interfaces/srv/detail/co_read__builder.hpp
[6.598s] -- Up-to-date: /home/vboxuser/agv_ws/install/canopen_interfaces/include/canopen_interfaces/canopen_interfaces/srv/detail/co_read__traits.hpp
[6.598s] -- Up-to-date: /home/vboxuser/agv_ws/install/canopen_interfaces/include/canopen_interfaces/canopen_interfaces/srv/detail/co_read_id__builder.hpp
[6.599s] -- Up-to-date: /home/vboxuser/agv_ws/install/canopen_interfaces/include/canopen_interfaces/canopen_interfaces/srv/detail/co_node__builder.hpp
[6.599s] -- Up-to-date: /home/vboxuser/agv_ws/install/canopen_interfaces/include/canopen_interfaces/canopen_interfaces/srv/detail/co_write__struct.hpp
[6.599s] -- Up-to-date: /home/vboxuser/agv_ws/install/canopen_interfaces/include/canopen_interfaces/canopen_interfaces/srv/detail/co_target_double__struct.hpp
[6.599s] -- Up-to-date: /home/vboxuser/agv_ws/install/canopen_interfaces/include/canopen_interfaces/canopen_interfaces/srv/detail/co_write__builder.hpp
[6.599s] -- Up-to-date: /home/vboxuser/agv_ws/install/canopen_interfaces/include/canopen_interfaces/canopen_interfaces/srv/detail/co_target_double__builder.hpp
[6.599s] -- Up-to-date: /home/vboxuser/agv_ws/install/canopen_interfaces/include/canopen_interfaces/canopen_interfaces/srv/detail/co_read__struct.hpp
[6.599s] -- Up-to-date: /home/vboxuser/agv_ws/install/canopen_interfaces/include/canopen_interfaces/canopen_interfaces/srv/detail/co_nmt_id__traits.hpp
[6.599s] -- Up-to-date: /home/vboxuser/agv_ws/install/canopen_interfaces/include/canopen_interfaces/canopen_interfaces/srv/detail/co_node__traits.hpp
[6.600s] -- Up-to-date: /home/vboxuser/agv_ws/install/canopen_interfaces/include/canopen_interfaces/canopen_interfaces/srv/detail/co_read_id__traits.hpp
[6.600s] -- Up-to-date: /home/vboxuser/agv_ws/install/canopen_interfaces/include/canopen_interfaces/canopen_interfaces/srv/detail/co_write_id__traits.hpp
[6.600s] -- Up-to-date: /home/vboxuser/agv_ws/install/canopen_interfaces/include/canopen_interfaces/canopen_interfaces/srv/detail/co_heartbeat_id__builder.hpp
[6.600s] -- Up-to-date: /home/vboxuser/agv_ws/install/canopen_interfaces/include/canopen_interfaces/canopen_interfaces/srv/detail/co_nmt_id__struct.hpp
[6.600s] -- Up-to-date: /home/vboxuser/agv_ws/install/canopen_interfaces/include/canopen_interfaces/canopen_interfaces/srv/detail/co_heartbeat_id__traits.hpp
[6.600s] -- Up-to-date: /home/vboxuser/agv_ws/install/canopen_interfaces/include/canopen_interfaces/canopen_interfaces/msg
[6.600s] -- Up-to-date: /home/vboxuser/agv_ws/install/canopen_interfaces/include/canopen_interfaces/canopen_interfaces/msg/co_data.hpp
[6.600s] -- Up-to-date: /home/vboxuser/agv_ws/install/canopen_interfaces/include/canopen_interfaces/canopen_interfaces/msg/detail
[6.601s] -- Up-to-date: /home/vboxuser/agv_ws/install/canopen_interfaces/include/canopen_interfaces/canopen_interfaces/msg/detail/co_data__builder.hpp
[6.601s] -- Up-to-date: /home/vboxuser/agv_ws/install/canopen_interfaces/include/canopen_interfaces/canopen_interfaces/msg/detail/co_data__struct.hpp
[6.601s] -- Up-to-date: /home/vboxuser/agv_ws/install/canopen_interfaces/include/canopen_interfaces/canopen_interfaces/msg/detail/co_data__traits.hpp
[6.601s] -- Up-to-date: /home/vboxuser/agv_ws/install/canopen_interfaces/include/canopen_interfaces/canopen_interfaces
[6.601s] -- Up-to-date: /home/vboxuser/agv_ws/install/canopen_interfaces/include/canopen_interfaces/canopen_interfaces/srv
[6.601s] -- Up-to-date: /home/vboxuser/agv_ws/install/canopen_interfaces/include/canopen_interfaces/canopen_interfaces/srv/detail
[6.601s] -- Up-to-date: /home/vboxuser/agv_ws/install/canopen_interfaces/include/canopen_interfaces/canopen_interfaces/srv/detail/co_target_double__rosidl_typesupport_fastrtps_cpp.hpp
[6.601s] -- Up-to-date: /home/vboxuser/agv_ws/install/canopen_interfaces/include/canopen_interfaces/canopen_interfaces/srv/detail/co_heartbeat_id__rosidl_typesupport_fastrtps_cpp.hpp
[6.601s] -- Up-to-date: /home/vboxuser/agv_ws/install/canopen_interfaces/include/canopen_interfaces/canopen_interfaces/srv/detail/co_nmt_id__rosidl_typesupport_fastrtps_cpp.hpp
[6.602s] -- Up-to-date: /home/vboxuser/agv_ws/install/canopen_interfaces/include/canopen_interfaces/canopen_interfaces/srv/detail/co_read_id__rosidl_typesupport_fastrtps_cpp.hpp
[6.602s] -- Up-to-date: /home/vboxuser/agv_ws/install/canopen_interfaces/include/canopen_interfaces/canopen_interfaces/srv/detail/co_node__rosidl_typesupport_fastrtps_cpp.hpp
[6.602s] -- Up-to-date: /home/vboxuser/agv_ws/install/canopen_interfaces/include/canopen_interfaces/canopen_interfaces/srv/detail/co_write_id__rosidl_typesupport_fastrtps_cpp.hpp
[6.602s] -- Up-to-date: /home/vboxuser/agv_ws/install/canopen_interfaces/include/canopen_interfaces/canopen_interfaces/srv/detail/co_write__rosidl_typesupport_fastrtps_cpp.hpp
[6.602s] -- Up-to-date: /home/vboxuser/agv_ws/install/canopen_interfaces/include/canopen_interfaces/canopen_interfaces/srv/detail/co_read__rosidl_typesupport_fastrtps_cpp.hpp
[6.602s] -- Up-to-date: /home/vboxuser/agv_ws/install/canopen_interfaces/include/canopen_interfaces/canopen_interfaces/srv/detail/dds_fastrtps
[6.602s] -- Up-to-date: /home/vboxuser/agv_ws/install/canopen_interfaces/include/canopen_interfaces/canopen_interfaces/msg
[6.602s] -- Up-to-date: /home/vboxuser/agv_ws/install/canopen_interfaces/include/canopen_interfaces/canopen_interfaces/msg/rosidl_typesupport_fastrtps_cpp__visibility_control.h
[6.602s] -- Up-to-date: /home/vboxuser/agv_ws/install/canopen_interfaces/include/canopen_interfaces/canopen_interfaces/msg/detail
[6.603s] -- Up-to-date: /home/vboxuser/agv_ws/install/canopen_interfaces/include/canopen_interfaces/canopen_interfaces/msg/detail/co_data__rosidl_typesupport_fastrtps_cpp.hpp
[6.603s] -- Up-to-date: /home/vboxuser/agv_ws/install/canopen_interfaces/include/canopen_interfaces/canopen_interfaces/msg/detail/dds_fastrtps
[6.603s] -- Up-to-date: /home/vboxuser/agv_ws/install/canopen_interfaces/lib/libcanopen_interfaces__rosidl_typesupport_fastrtps_cpp.so
[6.603s] -- Up-to-date: /home/vboxuser/agv_ws/install/canopen_interfaces/include/canopen_interfaces/canopen_interfaces
[6.603s] -- Up-to-date: /home/vboxuser/agv_ws/install/canopen_interfaces/include/canopen_interfaces/canopen_interfaces/srv
[6.603s] -- Up-to-date: /home/vboxuser/agv_ws/install/canopen_interfaces/include/canopen_interfaces/canopen_interfaces/srv/detail
[6.603s] -- Up-to-date: /home/vboxuser/agv_ws/install/canopen_interfaces/include/canopen_interfaces/canopen_interfaces/srv/detail/co_nmt_id__type_support.cpp
[6.603s] -- Up-to-date: /home/vboxuser/agv_ws/install/canopen_interfaces/include/canopen_interfaces/canopen_interfaces/srv/detail/co_write_id__rosidl_typesupport_introspection_cpp.hpp
[6.604s] -- Up-to-date: /home/vboxuser/agv_ws/install/canopen_interfaces/include/canopen_interfaces/canopen_interfaces/srv/detail/co_nmt_id__rosidl_typesupport_introspection_cpp.hpp
[6.604s] -- Up-to-date: /home/vboxuser/agv_ws/install/canopen_interfaces/include/canopen_interfaces/canopen_interfaces/srv/detail/co_write__type_support.cpp
[6.604s] -- Up-to-date: /home/vboxuser/agv_ws/install/canopen_interfaces/include/canopen_interfaces/canopen_interfaces/srv/detail/co_read_id__type_support.cpp
[6.604s] -- Up-to-date: /home/vboxuser/agv_ws/install/canopen_interfaces/include/canopen_interfaces/canopen_interfaces/srv/detail/co_write_id__type_support.cpp
[6.604s] -- Up-to-date: /home/vboxuser/agv_ws/install/canopen_interfaces/include/canopen_interfaces/canopen_interfaces/srv/detail/co_read_id__rosidl_typesupport_introspection_cpp.hpp
[6.605s] -- Up-to-date: /home/vboxuser/agv_ws/install/canopen_interfaces/include/canopen_interfaces/canopen_interfaces/srv/detail/co_target_double__type_support.cpp
[6.605s] -- Up-to-date: /home/vboxuser/agv_ws/install/canopen_interfaces/include/canopen_interfaces/canopen_interfaces/srv/detail/co_target_double__rosidl_typesupport_introspection_cpp.hpp
[6.605s] -- Up-to-date: /home/vboxuser/agv_ws/install/canopen_interfaces/include/canopen_interfaces/canopen_interfaces/srv/detail/co_heartbeat_id__type_support.cpp
[6.605s] -- Up-to-date: /home/vboxuser/agv_ws/install/canopen_interfaces/include/canopen_interfaces/canopen_interfaces/srv/detail/co_read__type_support.cpp
[6.605s] -- Up-to-date: /home/vboxuser/agv_ws/install/canopen_interfaces/include/canopen_interfaces/canopen_interfaces/srv/detail/co_node__rosidl_typesupport_introspection_cpp.hpp
[6.605s] -- Up-to-date: /home/vboxuser/agv_ws/install/canopen_interfaces/include/canopen_interfaces/canopen_interfaces/srv/detail/co_write__rosidl_typesupport_introspection_cpp.hpp
[6.605s] -- Up-to-date: /home/vboxuser/agv_ws/install/canopen_interfaces/include/canopen_interfaces/canopen_interfaces/srv/detail/co_heartbeat_id__rosidl_typesupport_introspection_cpp.hpp
[6.605s] -- Up-to-date: /home/vboxuser/agv_ws/install/canopen_interfaces/include/canopen_interfaces/canopen_interfaces/srv/detail/co_read__rosidl_typesupport_introspection_cpp.hpp
[6.605s] -- Up-to-date: /home/vboxuser/agv_ws/install/canopen_interfaces/include/canopen_interfaces/canopen_interfaces/srv/detail/co_node__type_support.cpp
[6.606s] -- Up-to-date: /home/vboxuser/agv_ws/install/canopen_interfaces/include/canopen_interfaces/canopen_interfaces/msg
[6.606s] -- Up-to-date: /home/vboxuser/agv_ws/install/canopen_interfaces/include/canopen_interfaces/canopen_interfaces/msg/detail
[6.606s] -- Up-to-date: /home/vboxuser/agv_ws/install/canopen_interfaces/include/canopen_interfaces/canopen_interfaces/msg/detail/co_data__type_support.cpp
[6.606s] -- Up-to-date: /home/vboxuser/agv_ws/install/canopen_interfaces/include/canopen_interfaces/canopen_interfaces/msg/detail/co_data__rosidl_typesupport_introspection_cpp.hpp
[6.606s] -- Up-to-date: /home/vboxuser/agv_ws/install/canopen_interfaces/lib/libcanopen_interfaces__rosidl_typesupport_introspection_cpp.so
[6.606s] -- Up-to-date: /home/vboxuser/agv_ws/install/canopen_interfaces/lib/libcanopen_interfaces__rosidl_typesupport_cpp.so
[6.607s] -- Up-to-date: /home/vboxuser/agv_ws/install/canopen_interfaces/share/canopen_interfaces/environment/pythonpath.sh
[6.607s] -- Installing: /home/vboxuser/agv_ws/install/canopen_interfaces/share/canopen_interfaces/environment/pythonpath.dsv
[6.607s] -- Installing: /home/vboxuser/agv_ws/install/canopen_interfaces/local/lib/python3.10/dist-packages/canopen_interfaces-0.2.7-py3.10.egg-info
[6.607s] -- Installing: /home/vboxuser/agv_ws/install/canopen_interfaces/local/lib/python3.10/dist-packages/canopen_interfaces-0.2.7-py3.10.egg-info/SOURCES.txt
[6.607s] -- Installing: /home/vboxuser/agv_ws/install/canopen_interfaces/local/lib/python3.10/dist-packages/canopen_interfaces-0.2.7-py3.10.egg-info/dependency_links.txt
[6.607s] -- Installing: /home/vboxuser/agv_ws/install/canopen_interfaces/local/lib/python3.10/dist-packages/canopen_interfaces-0.2.7-py3.10.egg-info/PKG-INFO
[6.612s] -- Installing: /home/vboxuser/agv_ws/install/canopen_interfaces/local/lib/python3.10/dist-packages/canopen_interfaces-0.2.7-py3.10.egg-info/top_level.txt
[6.613s] -- Up-to-date: /home/vboxuser/agv_ws/install/canopen_interfaces/local/lib/python3.10/dist-packages/canopen_interfaces
[6.613s] -- Up-to-date: /home/vboxuser/agv_ws/install/canopen_interfaces/local/lib/python3.10/dist-packages/canopen_interfaces/srv
[6.613s] -- Up-to-date: /home/vboxuser/agv_ws/install/canopen_interfaces/local/lib/python3.10/dist-packages/canopen_interfaces/srv/_co_heartbeat_id.py
[6.613s] -- Up-to-date: /home/vboxuser/agv_ws/install/canopen_interfaces/local/lib/python3.10/dist-packages/canopen_interfaces/srv/_co_read.py
[6.613s] -- Up-to-date: /home/vboxuser/agv_ws/install/canopen_interfaces/local/lib/python3.10/dist-packages/canopen_interfaces/srv/_co_heartbeat_id_s.c
[6.613s] -- Up-to-date: /home/vboxuser/agv_ws/install/canopen_interfaces/local/lib/python3.10/dist-packages/canopen_interfaces/srv/_co_nmt_id.py
[6.614s] -- Up-to-date: /home/vboxuser/agv_ws/install/canopen_interfaces/local/lib/python3.10/dist-packages/canopen_interfaces/srv/_co_node_s.c
[6.614s] -- Up-to-date: /home/vboxuser/agv_ws/install/canopen_interfaces/local/lib/python3.10/dist-packages/canopen_interfaces/srv/_co_target_double_s.c
[6.614s] -- Up-to-date: /home/vboxuser/agv_ws/install/canopen_interfaces/local/lib/python3.10/dist-packages/canopen_interfaces/srv/_co_read_s.c
[6.614s] -- Up-to-date: /home/vboxuser/agv_ws/install/canopen_interfaces/local/lib/python3.10/dist-packages/canopen_interfaces/srv/_co_read_id_s.c
[6.614s] -- Up-to-date: /home/vboxuser/agv_ws/install/canopen_interfaces/local/lib/python3.10/dist-packages/canopen_interfaces/srv/__init__.py
[6.614s] -- Up-to-date: /home/vboxuser/agv_ws/install/canopen_interfaces/local/lib/python3.10/dist-packages/canopen_interfaces/srv/_co_nmt_id_s.c
[6.615s] -- Up-to-date: /home/vboxuser/agv_ws/install/canopen_interfaces/local/lib/python3.10/dist-packages/canopen_interfaces/srv/_co_node.py
[6.615s] -- Up-to-date: /home/vboxuser/agv_ws/install/canopen_interfaces/local/lib/python3.10/dist-packages/canopen_interfaces/srv/_co_write_id.py
[6.615s] -- Up-to-date: /home/vboxuser/agv_ws/install/canopen_interfaces/local/lib/python3.10/dist-packages/canopen_interfaces/srv/_co_write_s.c
[6.615s] -- Up-to-date: /home/vboxuser/agv_ws/install/canopen_interfaces/local/lib/python3.10/dist-packages/canopen_interfaces/srv/_co_write.py
[6.615s] -- Up-to-date: /home/vboxuser/agv_ws/install/canopen_interfaces/local/lib/python3.10/dist-packages/canopen_interfaces/srv/_co_read_id.py
[6.615s] -- Up-to-date: /home/vboxuser/agv_ws/install/canopen_interfaces/local/lib/python3.10/dist-packages/canopen_interfaces/srv/_co_target_double.py
[6.616s] -- Up-to-date: /home/vboxuser/agv_ws/install/canopen_interfaces/local/lib/python3.10/dist-packages/canopen_interfaces/srv/_co_write_id_s.c
[6.616s] -- Up-to-date: /home/vboxuser/agv_ws/install/canopen_interfaces/local/lib/python3.10/dist-packages/canopen_interfaces/_canopen_interfaces_s.ep.rosidl_typesupport_introspection_c.c
[6.616s] -- Up-to-date: /home/vboxuser/agv_ws/install/canopen_interfaces/local/lib/python3.10/dist-packages/canopen_interfaces/_canopen_interfaces_s.ep.rosidl_typesupport_fastrtps_c.c
[6.617s] -- Up-to-date: /home/vboxuser/agv_ws/install/canopen_interfaces/local/lib/python3.10/dist-packages/canopen_interfaces/_canopen_interfaces_s.ep.rosidl_typesupport_c.c
[6.617s] -- Up-to-date: /home/vboxuser/agv_ws/install/canopen_interfaces/local/lib/python3.10/dist-packages/canopen_interfaces/libcanopen_interfaces__rosidl_generator_py.so
[6.617s] -- Installing: /home/vboxuser/agv_ws/install/canopen_interfaces/local/lib/python3.10/dist-packages/canopen_interfaces/__init__.py
[6.618s] -- Up-to-date: /home/vboxuser/agv_ws/install/canopen_interfaces/local/lib/python3.10/dist-packages/canopen_interfaces/msg
[6.618s] -- Up-to-date: /home/vboxuser/agv_ws/install/canopen_interfaces/local/lib/python3.10/dist-packages/canopen_interfaces/msg/_co_data_s.c
[6.618s] -- Up-to-date: /home/vboxuser/agv_ws/install/canopen_interfaces/local/lib/python3.10/dist-packages/canopen_interfaces/msg/__init__.py
[6.622s] -- Up-to-date: /home/vboxuser/agv_ws/install/canopen_interfaces/local/lib/python3.10/dist-packages/canopen_interfaces/msg/_co_data.py
[6.622s] -- Up-to-date: /home/vboxuser/agv_ws/install/canopen_interfaces/local/lib/python3.10/dist-packages/canopen_interfaces/canopen_interfaces_s__rosidl_typesupport_c.cpython-310-x86_64-linux-gnu.so
[6.622s] -- Up-to-date: /home/vboxuser/agv_ws/install/canopen_interfaces/local/lib/python3.10/dist-packages/canopen_interfaces/canopen_interfaces_s__rosidl_typesupport_introspection_c.cpython-310-x86_64-linux-gnu.so
[6.622s] -- Up-to-date: /home/vboxuser/agv_ws/install/canopen_interfaces/local/lib/python3.10/dist-packages/canopen_interfaces/canopen_interfaces_s__rosidl_typesupport_fastrtps_c.cpython-310-x86_64-linux-gnu.so
[6.684s] Listing '/home/vboxuser/agv_ws/install/canopen_interfaces/local/lib/python3.10/dist-packages/canopen_interfaces'...
[6.684s] Compiling '/home/vboxuser/agv_ws/install/canopen_interfaces/local/lib/python3.10/dist-packages/canopen_interfaces/__init__.py'...
[6.684s] Listing '/home/vboxuser/agv_ws/install/canopen_interfaces/local/lib/python3.10/dist-packages/canopen_interfaces/msg'...
[6.684s] Listing '/home/vboxuser/agv_ws/install/canopen_interfaces/local/lib/python3.10/dist-packages/canopen_interfaces/srv'...
[6.694s] -- Up-to-date: /home/vboxuser/agv_ws/install/canopen_interfaces/local/lib/python3.10/dist-packages/canopen_interfaces/canopen_interfaces_s__rosidl_typesupport_fastrtps_c.cpython-310-x86_64-linux-gnu.so
[6.695s] -- Up-to-date: /home/vboxuser/agv_ws/install/canopen_interfaces/local/lib/python3.10/dist-packages/canopen_interfaces/canopen_interfaces_s__rosidl_typesupport_introspection_c.cpython-310-x86_64-linux-gnu.so
[6.698s] -- Up-to-date: /home/vboxuser/agv_ws/install/canopen_interfaces/local/lib/python3.10/dist-packages/canopen_interfaces/canopen_interfaces_s__rosidl_typesupport_c.cpython-310-x86_64-linux-gnu.so
[6.699s] -- Up-to-date: /home/vboxuser/agv_ws/install/canopen_interfaces/lib/libcanopen_interfaces__rosidl_generator_py.so
[6.699s] -- Up-to-date: /home/vboxuser/agv_ws/install/canopen_interfaces/share/canopen_interfaces/srv/COHeartbeatID.idl
[6.699s] -- Up-to-date: /home/vboxuser/agv_ws/install/canopen_interfaces/share/canopen_interfaces/srv/CONmtID.idl
[6.699s] -- Up-to-date: /home/vboxuser/agv_ws/install/canopen_interfaces/share/canopen_interfaces/srv/CORead.idl
[6.699s] -- Up-to-date: /home/vboxuser/agv_ws/install/canopen_interfaces/share/canopen_interfaces/srv/COReadID.idl
[6.700s] -- Up-to-date: /home/vboxuser/agv_ws/install/canopen_interfaces/share/canopen_interfaces/srv/COWrite.idl
[6.700s] -- Up-to-date: /home/vboxuser/agv_ws/install/canopen_interfaces/share/canopen_interfaces/srv/COWriteID.idl
[6.700s] -- Up-to-date: /home/vboxuser/agv_ws/install/canopen_interfaces/share/canopen_interfaces/srv/COTargetDouble.idl
[6.700s] -- Up-to-date: /home/vboxuser/agv_ws/install/canopen_interfaces/share/canopen_interfaces/srv/CONode.idl
[6.700s] -- Up-to-date: /home/vboxuser/agv_ws/install/canopen_interfaces/share/canopen_interfaces/msg/COData.idl
[6.700s] -- Installing: /home/vboxuser/agv_ws/install/canopen_interfaces/share/canopen_interfaces/srv/COHeartbeatID.srv
[6.701s] -- Up-to-date: /home/vboxuser/agv_ws/install/canopen_interfaces/share/canopen_interfaces/srv/COHeartbeatID_Request.msg
[6.701s] -- Up-to-date: /home/vboxuser/agv_ws/install/canopen_interfaces/share/canopen_interfaces/srv/COHeartbeatID_Response.msg
[6.701s] -- Installing: /home/vboxuser/agv_ws/install/canopen_interfaces/share/canopen_interfaces/srv/CONmtID.srv
[6.701s] -- Up-to-date: /home/vboxuser/agv_ws/install/canopen_interfaces/share/canopen_interfaces/srv/CONmtID_Request.msg
[6.701s] -- Up-to-date: /home/vboxuser/agv_ws/install/canopen_interfaces/share/canopen_interfaces/srv/CONmtID_Response.msg
[6.701s] -- Installing: /home/vboxuser/agv_ws/install/canopen_interfaces/share/canopen_interfaces/srv/CORead.srv
[6.701s] -- Up-to-date: /home/vboxuser/agv_ws/install/canopen_interfaces/share/canopen_interfaces/srv/CORead_Request.msg
[6.701s] -- Up-to-date: /home/vboxuser/agv_ws/install/canopen_interfaces/share/canopen_interfaces/srv/CORead_Response.msg
[6.702s] -- Installing: /home/vboxuser/agv_ws/install/canopen_interfaces/share/canopen_interfaces/srv/COReadID.srv
[6.702s] -- Up-to-date: /home/vboxuser/agv_ws/install/canopen_interfaces/share/canopen_interfaces/srv/COReadID_Request.msg
[6.702s] -- Up-to-date: /home/vboxuser/agv_ws/install/canopen_interfaces/share/canopen_interfaces/srv/COReadID_Response.msg
[6.702s] -- Installing: /home/vboxuser/agv_ws/install/canopen_interfaces/share/canopen_interfaces/srv/COWrite.srv
[6.702s] -- Up-to-date: /home/vboxuser/agv_ws/install/canopen_interfaces/share/canopen_interfaces/srv/COWrite_Request.msg
[6.702s] -- Up-to-date: /home/vboxuser/agv_ws/install/canopen_interfaces/share/canopen_interfaces/srv/COWrite_Response.msg
[6.702s] -- Installing: /home/vboxuser/agv_ws/install/canopen_interfaces/share/canopen_interfaces/srv/COWriteID.srv
[6.702s] -- Up-to-date: /home/vboxuser/agv_ws/install/canopen_interfaces/share/canopen_interfaces/srv/COWriteID_Request.msg
[6.702s] -- Up-to-date: /home/vboxuser/agv_ws/install/canopen_interfaces/share/canopen_interfaces/srv/COWriteID_Response.msg
[6.703s] -- Installing: /home/vboxuser/agv_ws/install/canopen_interfaces/share/canopen_interfaces/srv/COTargetDouble.srv
[6.703s] -- Up-to-date: /home/vboxuser/agv_ws/install/canopen_interfaces/share/canopen_interfaces/srv/COTargetDouble_Request.msg
[6.703s] -- Up-to-date: /home/vboxuser/agv_ws/install/canopen_interfaces/share/canopen_interfaces/srv/COTargetDouble_Response.msg
[6.703s] -- Installing: /home/vboxuser/agv_ws/install/canopen_interfaces/share/canopen_interfaces/srv/CONode.srv
[6.703s] -- Up-to-date: /home/vboxuser/agv_ws/install/canopen_interfaces/share/canopen_interfaces/srv/CONode_Request.msg
[6.703s] -- Up-to-date: /home/vboxuser/agv_ws/install/canopen_interfaces/share/canopen_interfaces/srv/CONode_Response.msg
[6.703s] -- Installing: /home/vboxuser/agv_ws/install/canopen_interfaces/share/canopen_interfaces/msg/COData.msg
[6.703s] -- Up-to-date: /home/vboxuser/agv_ws/install/canopen_interfaces/share/ament_index/resource_index/package_run_dependencies/canopen_interfaces
[6.703s] -- Installing: /home/vboxuser/agv_ws/install/canopen_interfaces/share/ament_index/resource_index/parent_prefix_path/canopen_interfaces
[6.704s] -- Up-to-date: /home/vboxuser/agv_ws/install/canopen_interfaces/share/canopen_interfaces/environment/ament_prefix_path.sh
[6.704s] -- Installing: /home/vboxuser/agv_ws/install/canopen_interfaces/share/canopen_interfaces/environment/ament_prefix_path.dsv
[6.705s] -- Up-to-date: /home/vboxuser/agv_ws/install/canopen_interfaces/share/canopen_interfaces/environment/path.sh
[6.705s] -- Installing: /home/vboxuser/agv_ws/install/canopen_interfaces/share/canopen_interfaces/environment/path.dsv
[6.705s] -- Up-to-date: /home/vboxuser/agv_ws/install/canopen_interfaces/share/canopen_interfaces/local_setup.bash
[6.705s] -- Up-to-date: /home/vboxuser/agv_ws/install/canopen_interfaces/share/canopen_interfaces/local_setup.sh
[6.705s] -- Up-to-date: /home/vboxuser/agv_ws/install/canopen_interfaces/share/canopen_interfaces/local_setup.zsh
[6.705s] -- Installing: /home/vboxuser/agv_ws/install/canopen_interfaces/share/canopen_interfaces/local_setup.dsv
[6.706s] -- Installing: /home/vboxuser/agv_ws/install/canopen_interfaces/share/canopen_interfaces/package.dsv
[6.706s] -- Up-to-date: /home/vboxuser/agv_ws/install/canopen_interfaces/share/ament_index/resource_index/packages/canopen_interfaces
[6.706s] -- Up-to-date: /home/vboxuser/agv_ws/install/canopen_interfaces/share/canopen_interfaces/cmake/export_canopen_interfaces__rosidl_generator_cExport.cmake
[6.707s] -- Up-to-date: /home/vboxuser/agv_ws/install/canopen_interfaces/share/canopen_interfaces/cmake/export_canopen_interfaces__rosidl_generator_cExport-noconfig.cmake
[6.707s] -- Up-to-date: /home/vboxuser/agv_ws/install/canopen_interfaces/share/canopen_interfaces/cmake/export_canopen_interfaces__rosidl_typesupport_fastrtps_cExport.cmake
[6.708s] -- Up-to-date: /home/vboxuser/agv_ws/install/canopen_interfaces/share/canopen_interfaces/cmake/export_canopen_interfaces__rosidl_typesupport_fastrtps_cExport-noconfig.cmake
[6.708s] -- Up-to-date: /home/vboxuser/agv_ws/install/canopen_interfaces/share/canopen_interfaces/cmake/canopen_interfaces__rosidl_typesupport_introspection_cExport.cmake
[6.708s] -- Up-to-date: /home/vboxuser/agv_ws/install/canopen_interfaces/share/canopen_interfaces/cmake/canopen_interfaces__rosidl_typesupport_introspection_cExport-noconfig.cmake
[6.708s] -- Up-to-date: /home/vboxuser/agv_ws/install/canopen_interfaces/share/canopen_interfaces/cmake/canopen_interfaces__rosidl_typesupport_cExport.cmake
[6.708s] -- Up-to-date: /home/vboxuser/agv_ws/install/canopen_interfaces/share/canopen_interfaces/cmake/canopen_interfaces__rosidl_typesupport_cExport-noconfig.cmake
[6.709s] -- Up-to-date: /home/vboxuser/agv_ws/install/canopen_interfaces/share/canopen_interfaces/cmake/export_canopen_interfaces__rosidl_generator_cppExport.cmake
[6.709s] -- Up-to-date: /home/vboxuser/agv_ws/install/canopen_interfaces/share/canopen_interfaces/cmake/export_canopen_interfaces__rosidl_typesupport_fastrtps_cppExport.cmake
[6.709s] -- Up-to-date: /home/vboxuser/agv_ws/install/canopen_interfaces/share/canopen_interfaces/cmake/export_canopen_interfaces__rosidl_typesupport_fastrtps_cppExport-noconfig.cmake
[6.710s] -- Up-to-date: /home/vboxuser/agv_ws/install/canopen_interfaces/share/canopen_interfaces/cmake/canopen_interfaces__rosidl_typesupport_introspection_cppExport.cmake
[6.710s] -- Up-to-date: /home/vboxuser/agv_ws/install/canopen_interfaces/share/canopen_interfaces/cmake/canopen_interfaces__rosidl_typesupport_introspection_cppExport-noconfig.cmake
[6.710s] -- Up-to-date: /home/vboxuser/agv_ws/install/canopen_interfaces/share/canopen_interfaces/cmake/canopen_interfaces__rosidl_typesupport_cppExport.cmake
[6.710s] -- Up-to-date: /home/vboxuser/agv_ws/install/canopen_interfaces/share/canopen_interfaces/cmake/canopen_interfaces__rosidl_typesupport_cppExport-noconfig.cmake
[6.711s] -- Up-to-date: /home/vboxuser/agv_ws/install/canopen_interfaces/share/canopen_interfaces/cmake/export_canopen_interfaces__rosidl_generator_pyExport.cmake
[6.711s] -- Up-to-date: /home/vboxuser/agv_ws/install/canopen_interfaces/share/canopen_interfaces/cmake/export_canopen_interfaces__rosidl_generator_pyExport-noconfig.cmake
[6.711s] -- Up-to-date: /home/vboxuser/agv_ws/install/canopen_interfaces/share/canopen_interfaces/cmake/rosidl_cmake-extras.cmake
[6.711s] -- Up-to-date: /home/vboxuser/agv_ws/install/canopen_interfaces/share/canopen_interfaces/cmake/ament_cmake_export_include_directories-extras.cmake
[6.711s] -- Up-to-date: /home/vboxuser/agv_ws/install/canopen_interfaces/share/canopen_interfaces/cmake/ament_cmake_export_libraries-extras.cmake
[6.712s] -- Up-to-date: /home/vboxuser/agv_ws/install/canopen_interfaces/share/canopen_interfaces/cmake/ament_cmake_export_targets-extras.cmake
[6.712s] -- Up-to-date: /home/vboxuser/agv_ws/install/canopen_interfaces/share/canopen_interfaces/cmake/rosidl_cmake_export_typesupport_targets-extras.cmake
[6.712s] -- Up-to-date: /home/vboxuser/agv_ws/install/canopen_interfaces/share/canopen_interfaces/cmake/ament_cmake_export_dependencies-extras.cmake
[6.712s] -- Up-to-date: /home/vboxuser/agv_ws/install/canopen_interfaces/share/canopen_interfaces/cmake/rosidl_cmake_export_typesupport_libraries-extras.cmake
[6.712s] -- Installing: /home/vboxuser/agv_ws/install/canopen_interfaces/share/canopen_interfaces/cmake/canopen_interfacesConfig.cmake
[6.712s] -- Installing: /home/vboxuser/agv_ws/install/canopen_interfaces/share/canopen_interfaces/cmake/canopen_interfacesConfig-version.cmake
[6.713s] -- Installing: /home/vboxuser/agv_ws/install/canopen_interfaces/share/canopen_interfaces/package.xml
[6.721s] Invoked command in '/home/vboxuser/agv_ws/build/canopen_interfaces' returned '0': CMAKE_PREFIX_PATH=${CMAKE_PREFIX_PATH}:/home/vboxuser/bumperbot_ws/install/bumperbot_py_examples:/home/vboxuser/ros2_ws/install/my_py_pkg:/opt/ros/humble /usr/bin/cmake --install /home/vboxuser/agv_ws/build/canopen_interfaces
