[0.040s] Invoking command in '/home/vboxuser/agv_ws/build/pgv100': CMAKE_PREFIX_PATH=/home/vboxuser/agv_ws/install/pgv100:/home/vboxuser/agv_ws/install/panda_rviz_viewer:/home/vboxuser/agv_ws/install/panda_canopen:/home/vboxuser/agv_ws/install/my_simulation:/home/vboxuser/agv_ws/install/canopen_tests:/home/vboxuser/agv_ws/install/canopen_ros2_controllers:/home/vboxuser/agv_ws/install/canopen_ros2_control:/home/vboxuser/agv_ws/install/canopen_robot_control_example:/home/vboxuser/agv_ws/install/canopen_kinco3:/home/vboxuser/agv_ws/install/canopen_kinco2:/home/vboxuser/agv_ws/install/canopen_kinco:/home/vboxuser/agv_ws/install/canopen:/home/vboxuser/agv_ws/install/canopen_402_driver:/home/vboxuser/agv_ws/install/canopen_proxy_driver:/home/vboxuser/agv_ws/install/canopen_master_driver:/home/vboxuser/agv_ws/install/canopen_fake_slaves:/home/vboxuser/agv_ws/install/canopen_base_driver:/home/vboxuser/agv_ws/install/canopen_core:/home/vboxuser/agv_ws/install/lely_core_libraries:/home/vboxuser/agv_ws/install/canopen_interfaces:/home/vboxuser/agv_ws/install/agv_py:/home/vboxuser/agv_ws/install/agv_controllers:/home/vboxuser/agv_ws/install/communication:/home/vboxuser/agv_ws/install/canopen_utils:/home/vboxuser/agv_ws/install/agv_py_functions:/home/vboxuser/bumperbot_ws/install/bumperbot_py_examples:/home/vboxuser/ros2_ws/install/my_py_pkg:/opt/ros/humble:/home/vboxuser/agv_ws/install/agv_controller:/home/vboxuser/agv_ws/install/agv:/home/vboxuser/bumperbot_ws/install/bumperbot_cpp_examples:/home/vboxuser/bumperbot_ws/install/bumperbot_msgs:/home/vboxuser/bumperbot_ws/install/bumperbot_description:/home/vboxuser/bumperbot_ws/install/bumperbot_controller:/home/vboxuser/ros2_ws/install/my_simulation /usr/bin/cmake --build /home/vboxuser/agv_ws/build/pgv100 -- -j4 -l4
[0.180s] [  2%] Built target pgv100__cpp
[0.195s] [ 12%] Built target pgv100__rosidl_generator_c
[0.199s] [ 12%] Built target ament_cmake_python_copy_pgv100
[0.274s] [ 21%] Built target pgv100__rosidl_typesupport_fastrtps_c
[0.275s] [ 31%] Built target pgv100__rosidl_typesupport_introspection_cpp
[0.284s] [ 41%] Built target pgv100__rosidl_typesupport_fastrtps_cpp
[0.288s] [ 51%] Built target pgv100__rosidl_typesupport_cpp
[0.330s] [ 60%] Built target pgv100__rosidl_typesupport_c
[0.347s] [ 70%] Built target pgv100__rosidl_typesupport_introspection_c
[0.431s] [ 75%] Built target pgv-100
[0.448s] [ 75%] Built target pgv100
[0.491s] [ 78%] Built target pgv100__py
[0.538s] [ 85%] Built target pgv100__rosidl_generator_py
[0.593s] [ 90%] Built target pgv100__rosidl_typesupport_introspection_c__pyext
[0.621s] [ 95%] Built target pgv100__rosidl_typesupport_c__pyext
[0.634s] [100%] Built target pgv100__rosidl_typesupport_fastrtps_c__pyext
[0.952s] running egg_info
[0.953s] writing pgv100.egg-info/PKG-INFO
[0.953s] writing dependency_links to pgv100.egg-info/dependency_links.txt
[0.954s] writing top-level names to pgv100.egg-info/top_level.txt
[0.958s] reading manifest file 'pgv100.egg-info/SOURCES.txt'
[0.960s] writing manifest file 'pgv100.egg-info/SOURCES.txt'
[0.999s] [100%] Built target ament_cmake_python_build_pgv100_egg
[1.019s] Invoked command in '/home/vboxuser/agv_ws/build/pgv100' returned '0': CMAKE_PREFIX_PATH=/home/vboxuser/agv_ws/install/pgv100:/home/vboxuser/agv_ws/install/panda_rviz_viewer:/home/vboxuser/agv_ws/install/panda_canopen:/home/vboxuser/agv_ws/install/my_simulation:/home/vboxuser/agv_ws/install/canopen_tests:/home/vboxuser/agv_ws/install/canopen_ros2_controllers:/home/vboxuser/agv_ws/install/canopen_ros2_control:/home/vboxuser/agv_ws/install/canopen_robot_control_example:/home/vboxuser/agv_ws/install/canopen_kinco3:/home/vboxuser/agv_ws/install/canopen_kinco2:/home/vboxuser/agv_ws/install/canopen_kinco:/home/vboxuser/agv_ws/install/canopen:/home/vboxuser/agv_ws/install/canopen_402_driver:/home/vboxuser/agv_ws/install/canopen_proxy_driver:/home/vboxuser/agv_ws/install/canopen_master_driver:/home/vboxuser/agv_ws/install/canopen_fake_slaves:/home/vboxuser/agv_ws/install/canopen_base_driver:/home/vboxuser/agv_ws/install/canopen_core:/home/vboxuser/agv_ws/install/lely_core_libraries:/home/vboxuser/agv_ws/install/canopen_interfaces:/home/vboxuser/agv_ws/install/agv_py:/home/vboxuser/agv_ws/install/agv_controllers:/home/vboxuser/agv_ws/install/communication:/home/vboxuser/agv_ws/install/canopen_utils:/home/vboxuser/agv_ws/install/agv_py_functions:/home/vboxuser/bumperbot_ws/install/bumperbot_py_examples:/home/vboxuser/ros2_ws/install/my_py_pkg:/opt/ros/humble:/home/vboxuser/agv_ws/install/agv_controller:/home/vboxuser/agv_ws/install/agv:/home/vboxuser/bumperbot_ws/install/bumperbot_cpp_examples:/home/vboxuser/bumperbot_ws/install/bumperbot_msgs:/home/vboxuser/bumperbot_ws/install/bumperbot_description:/home/vboxuser/bumperbot_ws/install/bumperbot_controller:/home/vboxuser/ros2_ws/install/my_simulation /usr/bin/cmake --build /home/vboxuser/agv_ws/build/pgv100 -- -j4 -l4
[1.197s] Invoking command in '/home/vboxuser/agv_ws/build/pgv100': CMAKE_PREFIX_PATH=/home/vboxuser/agv_ws/install/pgv100:/home/vboxuser/agv_ws/install/panda_rviz_viewer:/home/vboxuser/agv_ws/install/panda_canopen:/home/vboxuser/agv_ws/install/my_simulation:/home/vboxuser/agv_ws/install/canopen_tests:/home/vboxuser/agv_ws/install/canopen_ros2_controllers:/home/vboxuser/agv_ws/install/canopen_ros2_control:/home/vboxuser/agv_ws/install/canopen_robot_control_example:/home/vboxuser/agv_ws/install/canopen_kinco3:/home/vboxuser/agv_ws/install/canopen_kinco2:/home/vboxuser/agv_ws/install/canopen_kinco:/home/vboxuser/agv_ws/install/canopen:/home/vboxuser/agv_ws/install/canopen_402_driver:/home/vboxuser/agv_ws/install/canopen_proxy_driver:/home/vboxuser/agv_ws/install/canopen_master_driver:/home/vboxuser/agv_ws/install/canopen_fake_slaves:/home/vboxuser/agv_ws/install/canopen_base_driver:/home/vboxuser/agv_ws/install/canopen_core:/home/vboxuser/agv_ws/install/lely_core_libraries:/home/vboxuser/agv_ws/install/canopen_interfaces:/home/vboxuser/agv_ws/install/agv_py:/home/vboxuser/agv_ws/install/agv_controllers:/home/vboxuser/agv_ws/install/communication:/home/vboxuser/agv_ws/install/canopen_utils:/home/vboxuser/agv_ws/install/agv_py_functions:/home/vboxuser/bumperbot_ws/install/bumperbot_py_examples:/home/vboxuser/ros2_ws/install/my_py_pkg:/opt/ros/humble:/home/vboxuser/agv_ws/install/agv_controller:/home/vboxuser/agv_ws/install/agv:/home/vboxuser/bumperbot_ws/install/bumperbot_cpp_examples:/home/vboxuser/bumperbot_ws/install/bumperbot_msgs:/home/vboxuser/bumperbot_ws/install/bumperbot_description:/home/vboxuser/bumperbot_ws/install/bumperbot_controller:/home/vboxuser/ros2_ws/install/my_simulation /usr/bin/cmake --install /home/vboxuser/agv_ws/build/pgv100
[1.209s] -- Install configuration: ""
[1.210s] -- Up-to-date: /home/vboxuser/agv_ws/install/pgv100/share/ament_index/resource_index/rosidl_interfaces/pgv100
[1.210s] -- Up-to-date: /home/vboxuser/agv_ws/install/pgv100/include/pgv100/pgv100
[1.210s] -- Up-to-date: /home/vboxuser/agv_ws/install/pgv100/include/pgv100/pgv100/msg
[1.210s] -- Up-to-date: /home/vboxuser/agv_ws/install/pgv100/include/pgv100/pgv100/msg/pgv_scan.h
[1.210s] -- Up-to-date: /home/vboxuser/agv_ws/install/pgv100/include/pgv100/pgv100/msg/rosidl_generator_c__visibility_control.h
[1.211s] -- Up-to-date: /home/vboxuser/agv_ws/install/pgv100/include/pgv100/pgv100/msg/pgv_command.h
[1.211s] -- Up-to-date: /home/vboxuser/agv_ws/install/pgv100/include/pgv100/pgv100/msg/detail
[1.211s] -- Up-to-date: /home/vboxuser/agv_ws/install/pgv100/include/pgv100/pgv100/msg/detail/pgv_command__functions.h
[1.211s] -- Up-to-date: /home/vboxuser/agv_ws/install/pgv100/include/pgv100/pgv100/msg/detail/pgv_scan__functions.h
[1.211s] -- Up-to-date: /home/vboxuser/agv_ws/install/pgv100/include/pgv100/pgv100/msg/detail/pgv_command__type_support.h
[1.211s] -- Up-to-date: /home/vboxuser/agv_ws/install/pgv100/include/pgv100/pgv100/msg/detail/pgv_scan__functions.c
[1.212s] -- Up-to-date: /home/vboxuser/agv_ws/install/pgv100/include/pgv100/pgv100/msg/detail/pgv_scan__type_support.h
[1.212s] -- Up-to-date: /home/vboxuser/agv_ws/install/pgv100/include/pgv100/pgv100/msg/detail/pgv_command__functions.c
[1.212s] -- Up-to-date: /home/vboxuser/agv_ws/install/pgv100/include/pgv100/pgv100/msg/detail/pgv_command__struct.h
[1.212s] -- Up-to-date: /home/vboxuser/agv_ws/install/pgv100/include/pgv100/pgv100/msg/detail/pgv_scan__struct.h
[1.212s] -- Up-to-date: /home/vboxuser/agv_ws/install/pgv100/share/pgv100/environment/library_path.sh
[1.212s] -- Up-to-date: /home/vboxuser/agv_ws/install/pgv100/share/pgv100/environment/library_path.dsv
[1.213s] -- Up-to-date: /home/vboxuser/agv_ws/install/pgv100/lib/libpgv100__rosidl_generator_c.so
[1.213s] -- Up-to-date: /home/vboxuser/agv_ws/install/pgv100/include/pgv100/pgv100
[1.213s] -- Up-to-date: /home/vboxuser/agv_ws/install/pgv100/include/pgv100/pgv100/msg
[1.213s] -- Up-to-date: /home/vboxuser/agv_ws/install/pgv100/include/pgv100/pgv100/msg/rosidl_typesupport_fastrtps_c__visibility_control.h
[1.213s] -- Up-to-date: /home/vboxuser/agv_ws/install/pgv100/include/pgv100/pgv100/msg/detail
[1.213s] -- Up-to-date: /home/vboxuser/agv_ws/install/pgv100/include/pgv100/pgv100/msg/detail/pgv_scan__rosidl_typesupport_fastrtps_c.h
[1.213s] -- Up-to-date: /home/vboxuser/agv_ws/install/pgv100/include/pgv100/pgv100/msg/detail/pgv_command__rosidl_typesupport_fastrtps_c.h
[1.214s] -- Up-to-date: /home/vboxuser/agv_ws/install/pgv100/lib/libpgv100__rosidl_typesupport_fastrtps_c.so
[1.214s] -- Up-to-date: /home/vboxuser/agv_ws/install/pgv100/include/pgv100/pgv100
[1.214s] -- Up-to-date: /home/vboxuser/agv_ws/install/pgv100/include/pgv100/pgv100/msg
[1.214s] -- Up-to-date: /home/vboxuser/agv_ws/install/pgv100/include/pgv100/pgv100/msg/pgv_command.hpp
[1.214s] -- Up-to-date: /home/vboxuser/agv_ws/install/pgv100/include/pgv100/pgv100/msg/pgv_scan.hpp
[1.214s] -- Up-to-date: /home/vboxuser/agv_ws/install/pgv100/include/pgv100/pgv100/msg/detail
[1.214s] -- Up-to-date: /home/vboxuser/agv_ws/install/pgv100/include/pgv100/pgv100/msg/detail/pgv_command__builder.hpp
[1.215s] -- Up-to-date: /home/vboxuser/agv_ws/install/pgv100/include/pgv100/pgv100/msg/detail/pgv_scan__traits.hpp
[1.215s] -- Up-to-date: /home/vboxuser/agv_ws/install/pgv100/include/pgv100/pgv100/msg/detail/pgv_scan__builder.hpp
[1.215s] -- Up-to-date: /home/vboxuser/agv_ws/install/pgv100/include/pgv100/pgv100/msg/detail/pgv_command__struct.hpp
[1.215s] -- Up-to-date: /home/vboxuser/agv_ws/install/pgv100/include/pgv100/pgv100/msg/detail/pgv_scan__struct.hpp
[1.215s] -- Up-to-date: /home/vboxuser/agv_ws/install/pgv100/include/pgv100/pgv100/msg/detail/pgv_command__traits.hpp
[1.215s] -- Up-to-date: /home/vboxuser/agv_ws/install/pgv100/include/pgv100/pgv100
[1.215s] -- Up-to-date: /home/vboxuser/agv_ws/install/pgv100/include/pgv100/pgv100/msg
[1.215s] -- Up-to-date: /home/vboxuser/agv_ws/install/pgv100/include/pgv100/pgv100/msg/rosidl_typesupport_fastrtps_cpp__visibility_control.h
[1.216s] -- Up-to-date: /home/vboxuser/agv_ws/install/pgv100/include/pgv100/pgv100/msg/detail
[1.216s] -- Up-to-date: /home/vboxuser/agv_ws/install/pgv100/include/pgv100/pgv100/msg/detail/pgv_command__rosidl_typesupport_fastrtps_cpp.hpp
[1.216s] -- Up-to-date: /home/vboxuser/agv_ws/install/pgv100/include/pgv100/pgv100/msg/detail/pgv_scan__rosidl_typesupport_fastrtps_cpp.hpp
[1.216s] -- Up-to-date: /home/vboxuser/agv_ws/install/pgv100/include/pgv100/pgv100/msg/detail/dds_fastrtps
[1.216s] -- Up-to-date: /home/vboxuser/agv_ws/install/pgv100/lib/libpgv100__rosidl_typesupport_fastrtps_cpp.so
[1.216s] -- Up-to-date: /home/vboxuser/agv_ws/install/pgv100/include/pgv100/pgv100
[1.216s] -- Up-to-date: /home/vboxuser/agv_ws/install/pgv100/include/pgv100/pgv100/msg
[1.216s] -- Up-to-date: /home/vboxuser/agv_ws/install/pgv100/include/pgv100/pgv100/msg/rosidl_typesupport_introspection_c__visibility_control.h
[1.216s] -- Up-to-date: /home/vboxuser/agv_ws/install/pgv100/include/pgv100/pgv100/msg/detail
[1.216s] -- Up-to-date: /home/vboxuser/agv_ws/install/pgv100/include/pgv100/pgv100/msg/detail/pgv_scan__rosidl_typesupport_introspection_c.h
[1.217s] -- Up-to-date: /home/vboxuser/agv_ws/install/pgv100/include/pgv100/pgv100/msg/detail/pgv_command__rosidl_typesupport_introspection_c.h
[1.217s] -- Up-to-date: /home/vboxuser/agv_ws/install/pgv100/include/pgv100/pgv100/msg/detail/pgv_scan__type_support.c
[1.217s] -- Up-to-date: /home/vboxuser/agv_ws/install/pgv100/include/pgv100/pgv100/msg/detail/pgv_command__type_support.c
[1.217s] -- Up-to-date: /home/vboxuser/agv_ws/install/pgv100/lib/libpgv100__rosidl_typesupport_introspection_c.so
[1.217s] -- Up-to-date: /home/vboxuser/agv_ws/install/pgv100/lib/libpgv100__rosidl_typesupport_c.so
[1.219s] -- Up-to-date: /home/vboxuser/agv_ws/install/pgv100/include/pgv100/pgv100
[1.219s] -- Up-to-date: /home/vboxuser/agv_ws/install/pgv100/include/pgv100/pgv100/msg
[1.220s] -- Up-to-date: /home/vboxuser/agv_ws/install/pgv100/include/pgv100/pgv100/msg/detail
[1.220s] -- Up-to-date: /home/vboxuser/agv_ws/install/pgv100/include/pgv100/pgv100/msg/detail/pgv_scan__type_support.cpp
[1.220s] -- Up-to-date: /home/vboxuser/agv_ws/install/pgv100/include/pgv100/pgv100/msg/detail/pgv_command__rosidl_typesupport_introspection_cpp.hpp
[1.220s] -- Up-to-date: /home/vboxuser/agv_ws/install/pgv100/include/pgv100/pgv100/msg/detail/pgv_command__type_support.cpp
[1.221s] -- Up-to-date: /home/vboxuser/agv_ws/install/pgv100/include/pgv100/pgv100/msg/detail/pgv_scan__rosidl_typesupport_introspection_cpp.hpp
[1.222s] -- Up-to-date: /home/vboxuser/agv_ws/install/pgv100/lib/libpgv100__rosidl_typesupport_introspection_cpp.so
[1.222s] -- Up-to-date: /home/vboxuser/agv_ws/install/pgv100/lib/libpgv100__rosidl_typesupport_cpp.so
[1.222s] -- Up-to-date: /home/vboxuser/agv_ws/install/pgv100/share/pgv100/environment/pythonpath.sh
[1.223s] -- Up-to-date: /home/vboxuser/agv_ws/install/pgv100/share/pgv100/environment/pythonpath.dsv
[1.223s] -- Up-to-date: /home/vboxuser/agv_ws/install/pgv100/local/lib/python3.10/dist-packages/pgv100-0.0.0-py3.10.egg-info
[1.224s] -- Installing: /home/vboxuser/agv_ws/install/pgv100/local/lib/python3.10/dist-packages/pgv100-0.0.0-py3.10.egg-info/SOURCES.txt
[1.224s] -- Installing: /home/vboxuser/agv_ws/install/pgv100/local/lib/python3.10/dist-packages/pgv100-0.0.0-py3.10.egg-info/dependency_links.txt
[1.224s] -- Installing: /home/vboxuser/agv_ws/install/pgv100/local/lib/python3.10/dist-packages/pgv100-0.0.0-py3.10.egg-info/PKG-INFO
[1.224s] -- Installing: /home/vboxuser/agv_ws/install/pgv100/local/lib/python3.10/dist-packages/pgv100-0.0.0-py3.10.egg-info/top_level.txt
[1.224s] -- Up-to-date: /home/vboxuser/agv_ws/install/pgv100/local/lib/python3.10/dist-packages/pgv100
[1.224s] -- Up-to-date: /home/vboxuser/agv_ws/install/pgv100/local/lib/python3.10/dist-packages/pgv100/pgv100_s__rosidl_typesupport_introspection_c.cpython-310-x86_64-linux-gnu.so
[1.224s] -- Up-to-date: /home/vboxuser/agv_ws/install/pgv100/local/lib/python3.10/dist-packages/pgv100/_pgv100_s.ep.rosidl_typesupport_fastrtps_c.c
[1.225s] -- Up-to-date: /home/vboxuser/agv_ws/install/pgv100/local/lib/python3.10/dist-packages/pgv100/pgv100_s__rosidl_typesupport_c.cpython-310-x86_64-linux-gnu.so
[1.225s] -- Up-to-date: /home/vboxuser/agv_ws/install/pgv100/local/lib/python3.10/dist-packages/pgv100/libpgv100__rosidl_generator_py.so
[1.225s] -- Up-to-date: /home/vboxuser/agv_ws/install/pgv100/local/lib/python3.10/dist-packages/pgv100/_pgv100_s.ep.rosidl_typesupport_c.c
[1.225s] -- Up-to-date: /home/vboxuser/agv_ws/install/pgv100/local/lib/python3.10/dist-packages/pgv100/_pgv100_s.ep.rosidl_typesupport_introspection_c.c
[1.225s] -- Up-to-date: /home/vboxuser/agv_ws/install/pgv100/local/lib/python3.10/dist-packages/pgv100/pgv100_s__rosidl_typesupport_fastrtps_c.cpython-310-x86_64-linux-gnu.so
[1.225s] -- Up-to-date: /home/vboxuser/agv_ws/install/pgv100/local/lib/python3.10/dist-packages/pgv100/__init__.py
[1.226s] -- Up-to-date: /home/vboxuser/agv_ws/install/pgv100/local/lib/python3.10/dist-packages/pgv100/msg
[1.226s] -- Up-to-date: /home/vboxuser/agv_ws/install/pgv100/local/lib/python3.10/dist-packages/pgv100/msg/_pgv_command_s.c
[1.226s] -- Up-to-date: /home/vboxuser/agv_ws/install/pgv100/local/lib/python3.10/dist-packages/pgv100/msg/_pgv_command.py
[1.226s] -- Up-to-date: /home/vboxuser/agv_ws/install/pgv100/local/lib/python3.10/dist-packages/pgv100/msg/_pgv_scan_s.c
[1.227s] -- Up-to-date: /home/vboxuser/agv_ws/install/pgv100/local/lib/python3.10/dist-packages/pgv100/msg/_pgv_scan.py
[1.227s] -- Up-to-date: /home/vboxuser/agv_ws/install/pgv100/local/lib/python3.10/dist-packages/pgv100/msg/__init__.py
[1.290s] Listing '/home/vboxuser/agv_ws/install/pgv100/local/lib/python3.10/dist-packages/pgv100'...
[1.290s] Listing '/home/vboxuser/agv_ws/install/pgv100/local/lib/python3.10/dist-packages/pgv100/msg'...
[1.300s] -- Up-to-date: /home/vboxuser/agv_ws/install/pgv100/local/lib/python3.10/dist-packages/pgv100/pgv100_s__rosidl_typesupport_fastrtps_c.cpython-310-x86_64-linux-gnu.so
[1.300s] -- Up-to-date: /home/vboxuser/agv_ws/install/pgv100/local/lib/python3.10/dist-packages/pgv100/pgv100_s__rosidl_typesupport_introspection_c.cpython-310-x86_64-linux-gnu.so
[1.300s] -- Up-to-date: /home/vboxuser/agv_ws/install/pgv100/local/lib/python3.10/dist-packages/pgv100/pgv100_s__rosidl_typesupport_c.cpython-310-x86_64-linux-gnu.so
[1.300s] -- Up-to-date: /home/vboxuser/agv_ws/install/pgv100/lib/libpgv100__rosidl_generator_py.so
[1.301s] -- Up-to-date: /home/vboxuser/agv_ws/install/pgv100/share/pgv100/msg/PGVCommand.idl
[1.301s] -- Up-to-date: /home/vboxuser/agv_ws/install/pgv100/share/pgv100/msg/PGVScan.idl
[1.301s] -- Up-to-date: /home/vboxuser/agv_ws/install/pgv100/share/pgv100/msg/PGVCommand.msg
[1.301s] -- Up-to-date: /home/vboxuser/agv_ws/install/pgv100/share/pgv100/msg/PGVScan.msg
[1.301s] -- Up-to-date: /home/vboxuser/agv_ws/install/pgv100/lib/pgv100/pgv-100
[1.301s] -- Up-to-date: /home/vboxuser/agv_ws/install/pgv100/share/pgv100//launch
[1.301s] -- Up-to-date: /home/vboxuser/agv_ws/install/pgv100/share/pgv100//launch/pgv-100.launch.py
[1.301s] -- Up-to-date: /home/vboxuser/agv_ws/install/pgv100/share/pgv100//config
[1.304s] -- Up-to-date: /home/vboxuser/agv_ws/install/pgv100/share/pgv100//config/config.yaml.ori
[1.305s] -- Up-to-date: /home/vboxuser/agv_ws/install/pgv100/share/pgv100//config/config.yaml
[1.305s] -- Up-to-date: /home/vboxuser/agv_ws/install/pgv100/share/ament_index/resource_index/package_run_dependencies/pgv100
[1.305s] -- Up-to-date: /home/vboxuser/agv_ws/install/pgv100/share/ament_index/resource_index/parent_prefix_path/pgv100
[1.305s] -- Up-to-date: /home/vboxuser/agv_ws/install/pgv100/share/pgv100/environment/ament_prefix_path.sh
[1.305s] -- Up-to-date: /home/vboxuser/agv_ws/install/pgv100/share/pgv100/environment/ament_prefix_path.dsv
[1.305s] -- Up-to-date: /home/vboxuser/agv_ws/install/pgv100/share/pgv100/environment/path.sh
[1.305s] -- Up-to-date: /home/vboxuser/agv_ws/install/pgv100/share/pgv100/environment/path.dsv
[1.305s] -- Up-to-date: /home/vboxuser/agv_ws/install/pgv100/share/pgv100/local_setup.bash
[1.306s] -- Up-to-date: /home/vboxuser/agv_ws/install/pgv100/share/pgv100/local_setup.sh
[1.306s] -- Up-to-date: /home/vboxuser/agv_ws/install/pgv100/share/pgv100/local_setup.zsh
[1.306s] -- Up-to-date: /home/vboxuser/agv_ws/install/pgv100/share/pgv100/local_setup.dsv
[1.306s] -- Installing: /home/vboxuser/agv_ws/install/pgv100/share/pgv100/package.dsv
[1.306s] -- Up-to-date: /home/vboxuser/agv_ws/install/pgv100/share/ament_index/resource_index/packages/pgv100
[1.306s] -- Up-to-date: /home/vboxuser/agv_ws/install/pgv100/share/pgv100/cmake/export_pgv100__rosidl_generator_cExport.cmake
[1.306s] -- Up-to-date: /home/vboxuser/agv_ws/install/pgv100/share/pgv100/cmake/export_pgv100__rosidl_generator_cExport-noconfig.cmake
[1.306s] -- Up-to-date: /home/vboxuser/agv_ws/install/pgv100/share/pgv100/cmake/export_pgv100__rosidl_typesupport_fastrtps_cExport.cmake
[1.306s] -- Up-to-date: /home/vboxuser/agv_ws/install/pgv100/share/pgv100/cmake/export_pgv100__rosidl_typesupport_fastrtps_cExport-noconfig.cmake
[1.307s] -- Up-to-date: /home/vboxuser/agv_ws/install/pgv100/share/pgv100/cmake/export_pgv100__rosidl_generator_cppExport.cmake
[1.310s] -- Up-to-date: /home/vboxuser/agv_ws/install/pgv100/share/pgv100/cmake/export_pgv100__rosidl_typesupport_fastrtps_cppExport.cmake
[1.310s] -- Up-to-date: /home/vboxuser/agv_ws/install/pgv100/share/pgv100/cmake/export_pgv100__rosidl_typesupport_fastrtps_cppExport-noconfig.cmake
[1.310s] -- Up-to-date: /home/vboxuser/agv_ws/install/pgv100/share/pgv100/cmake/pgv100__rosidl_typesupport_introspection_cExport.cmake
[1.310s] -- Up-to-date: /home/vboxuser/agv_ws/install/pgv100/share/pgv100/cmake/pgv100__rosidl_typesupport_introspection_cExport-noconfig.cmake
[1.310s] -- Up-to-date: /home/vboxuser/agv_ws/install/pgv100/share/pgv100/cmake/pgv100__rosidl_typesupport_cExport.cmake
[1.310s] -- Up-to-date: /home/vboxuser/agv_ws/install/pgv100/share/pgv100/cmake/pgv100__rosidl_typesupport_cExport-noconfig.cmake
[1.311s] -- Up-to-date: /home/vboxuser/agv_ws/install/pgv100/share/pgv100/cmake/pgv100__rosidl_typesupport_introspection_cppExport.cmake
[1.312s] -- Up-to-date: /home/vboxuser/agv_ws/install/pgv100/share/pgv100/cmake/pgv100__rosidl_typesupport_introspection_cppExport-noconfig.cmake
[1.312s] -- Up-to-date: /home/vboxuser/agv_ws/install/pgv100/share/pgv100/cmake/pgv100__rosidl_typesupport_cppExport.cmake
[1.312s] -- Up-to-date: /home/vboxuser/agv_ws/install/pgv100/share/pgv100/cmake/pgv100__rosidl_typesupport_cppExport-noconfig.cmake
[1.315s] -- Up-to-date: /home/vboxuser/agv_ws/install/pgv100/share/pgv100/cmake/export_pgv100__rosidl_generator_pyExport.cmake
[1.316s] -- Up-to-date: /home/vboxuser/agv_ws/install/pgv100/share/pgv100/cmake/export_pgv100__rosidl_generator_pyExport-noconfig.cmake
[1.316s] -- Up-to-date: /home/vboxuser/agv_ws/install/pgv100/share/pgv100/cmake/rosidl_cmake-extras.cmake
[1.316s] -- Up-to-date: /home/vboxuser/agv_ws/install/pgv100/share/pgv100/cmake/ament_cmake_export_dependencies-extras.cmake
[1.316s] -- Up-to-date: /home/vboxuser/agv_ws/install/pgv100/share/pgv100/cmake/ament_cmake_export_include_directories-extras.cmake
[1.316s] -- Up-to-date: /home/vboxuser/agv_ws/install/pgv100/share/pgv100/cmake/ament_cmake_export_libraries-extras.cmake
[1.316s] -- Up-to-date: /home/vboxuser/agv_ws/install/pgv100/share/pgv100/cmake/ament_cmake_export_targets-extras.cmake
[1.316s] -- Up-to-date: /home/vboxuser/agv_ws/install/pgv100/share/pgv100/cmake/rosidl_cmake_export_typesupport_targets-extras.cmake
[1.317s] -- Up-to-date: /home/vboxuser/agv_ws/install/pgv100/share/pgv100/cmake/rosidl_cmake_export_typesupport_libraries-extras.cmake
[1.317s] -- Up-to-date: /home/vboxuser/agv_ws/install/pgv100/share/pgv100/cmake/pgv100Config.cmake
[1.317s] -- Up-to-date: /home/vboxuser/agv_ws/install/pgv100/share/pgv100/cmake/pgv100Config-version.cmake
[1.317s] -- Up-to-date: /home/vboxuser/agv_ws/install/pgv100/share/pgv100/package.xml
[1.322s] Invoked command in '/home/vboxuser/agv_ws/build/pgv100' returned '0': CMAKE_PREFIX_PATH=/home/vboxuser/agv_ws/install/pgv100:/home/vboxuser/agv_ws/install/panda_rviz_viewer:/home/vboxuser/agv_ws/install/panda_canopen:/home/vboxuser/agv_ws/install/my_simulation:/home/vboxuser/agv_ws/install/canopen_tests:/home/vboxuser/agv_ws/install/canopen_ros2_controllers:/home/vboxuser/agv_ws/install/canopen_ros2_control:/home/vboxuser/agv_ws/install/canopen_robot_control_example:/home/vboxuser/agv_ws/install/canopen_kinco3:/home/vboxuser/agv_ws/install/canopen_kinco2:/home/vboxuser/agv_ws/install/canopen_kinco:/home/vboxuser/agv_ws/install/canopen:/home/vboxuser/agv_ws/install/canopen_402_driver:/home/vboxuser/agv_ws/install/canopen_proxy_driver:/home/vboxuser/agv_ws/install/canopen_master_driver:/home/vboxuser/agv_ws/install/canopen_fake_slaves:/home/vboxuser/agv_ws/install/canopen_base_driver:/home/vboxuser/agv_ws/install/canopen_core:/home/vboxuser/agv_ws/install/lely_core_libraries:/home/vboxuser/agv_ws/install/canopen_interfaces:/home/vboxuser/agv_ws/install/agv_py:/home/vboxuser/agv_ws/install/agv_controllers:/home/vboxuser/agv_ws/install/communication:/home/vboxuser/agv_ws/install/canopen_utils:/home/vboxuser/agv_ws/install/agv_py_functions:/home/vboxuser/bumperbot_ws/install/bumperbot_py_examples:/home/vboxuser/ros2_ws/install/my_py_pkg:/opt/ros/humble:/home/vboxuser/agv_ws/install/agv_controller:/home/vboxuser/agv_ws/install/agv:/home/vboxuser/bumperbot_ws/install/bumperbot_cpp_examples:/home/vboxuser/bumperbot_ws/install/bumperbot_msgs:/home/vboxuser/bumperbot_ws/install/bumperbot_description:/home/vboxuser/bumperbot_ws/install/bumperbot_controller:/home/vboxuser/ros2_ws/install/my_simulation /usr/bin/cmake --install /home/vboxuser/agv_ws/build/pgv100
