running egg_info
creating ../../build/agv_py/agv_py.egg-info
writing ../../build/agv_py/agv_py.egg-info/PKG-INFO
writing dependency_links to ../../build/agv_py/agv_py.egg-info/dependency_links.txt
writing entry points to ../../build/agv_py/agv_py.egg-info/entry_points.txt
writing requirements to ../../build/agv_py/agv_py.egg-info/requires.txt
writing top-level names to ../../build/agv_py/agv_py.egg-info/top_level.txt
writing manifest file '../../build/agv_py/agv_py.egg-info/SOURCES.txt'
reading manifest file '../../build/agv_py/agv_py.egg-info/SOURCES.txt'
writing manifest file '../../build/agv_py/agv_py.egg-info/SOURCES.txt'
running build
running build_py
creating /home/vboxuser/agv_ws/build/agv_py/build
creating /home/vboxuser/agv_ws/build/agv_py/build/lib
creating /home/vboxuser/agv_ws/build/agv_py/build/lib/agv_py
copying agv_py/__init__.py -> /home/vboxuser/agv_ws/build/agv_py/build/lib/agv_py
running install
running install_lib
creating /home/vboxuser/agv_ws/install/agv_py/lib/python3.10/site-packages/agv_py
copying /home/vboxuser/agv_ws/build/agv_py/build/lib/agv_py/__init__.py -> /home/vboxuser/agv_ws/install/agv_py/lib/python3.10/site-packages/agv_py
byte-compiling /home/vboxuser/agv_ws/install/agv_py/lib/python3.10/site-packages/agv_py/__init__.py to __init__.cpython-310.pyc
running install_data
creating /home/vboxuser/agv_ws/install/agv_py/share/ament_index
creating /home/vboxuser/agv_ws/install/agv_py/share/ament_index/resource_index
creating /home/vboxuser/agv_ws/install/agv_py/share/ament_index/resource_index/packages
copying resource/agv_py -> /home/vboxuser/agv_ws/install/agv_py/share/ament_index/resource_index/packages
copying package.xml -> /home/vboxuser/agv_ws/install/agv_py/share/agv_py
running install_egg_info
Copying ../../build/agv_py/agv_py.egg-info to /home/vboxuser/agv_ws/install/agv_py/lib/python3.10/site-packages/agv_py-0.0.0-py3.10.egg-info
running install_scripts
writing list of installed files to '/home/vboxuser/agv_ws/build/agv_py/install.log'
