[1.743s] DEBUG:colcon:Command line arguments: ['/usr/bin/colcon', 'build']
[1.743s] DEBUG:colcon:Parsed command line arguments: Namespace(log_base=None, log_level=None, verb_name='build', build_base='build', install_base='install', merge_install=False, symlink_install=False, test_result_base=None, continue_on_error=False, executor='parallel', parallel_workers=4, event_handlers=None, ignore_user_meta=False, metas=['./colcon.meta'], base_paths=['.'], packages_ignore=None, packages_ignore_regex=None, paths=None, packages_up_to=None, packages_up_to_regex=None, packages_above=None, packages_above_and_dependencies=None, packages_above_depth=None, packages_select_by_dep=None, packages_skip_by_dep=None, packages_skip_up_to=None, packages_select_build_failed=False, packages_skip_build_finished=False, packages_select_test_failures=False, packages_skip_test_passed=False, packages_select=None, packages_skip=None, packages_select_regex=None, packages_skip_regex=None, packages_start=None, packages_end=None, allow_overriding=[], cmake_args=None, cmake_target=None, cmake_target_skip_unavailable=False, cmake_clean_cache=False, cmake_clean_first=False, cmake_force_configure=False, ament_cmake_args=None, catkin_cmake_args=None, catkin_skip_building_tests=False, verb_parser=<colcon_defaults.argument_parser.defaults.DefaultArgumentsDecorator object at 0x7fb378003e80>, verb_extension=<colcon_core.verb.build.BuildVerb object at 0x7fb378001210>, main=<bound method BuildVerb.main of <colcon_core.verb.build.BuildVerb object at 0x7fb378001210>>)
[1.818s] Level 1:colcon.colcon_core.package_discovery:discover_packages(colcon_meta) check parameters
[1.818s] Level 1:colcon.colcon_core.package_discovery:discover_packages(recursive) check parameters
[1.818s] Level 1:colcon.colcon_core.package_discovery:discover_packages(ignore) check parameters
[1.818s] Level 1:colcon.colcon_core.package_discovery:discover_packages(path) check parameters
[1.818s] Level 1:colcon.colcon_core.package_discovery:discover_packages(colcon_meta) discover
[1.818s] Level 1:colcon.colcon_core.package_discovery:discover_packages(recursive) discover
[1.818s] INFO:colcon.colcon_core.package_discovery:Crawling recursively for packages in '/home/vboxuser/agv_ws'
[1.818s] Level 1:colcon.colcon_core.package_identification:_identify(.) by extensions ['ignore', 'ignore_ament_install']
[1.818s] Level 1:colcon.colcon_core.package_identification:_identify(.) by extension 'ignore'
[1.819s] Level 1:colcon.colcon_core.package_identification:_identify(.) by extension 'ignore_ament_install'
[1.819s] Level 1:colcon.colcon_core.package_identification:_identify(.) by extensions ['colcon_pkg']
[1.819s] Level 1:colcon.colcon_core.package_identification:_identify(.) by extension 'colcon_pkg'
[1.819s] Level 1:colcon.colcon_core.package_identification:_identify(.) by extensions ['colcon_meta']
[1.819s] Level 1:colcon.colcon_core.package_identification:_identify(.) by extension 'colcon_meta'
[1.819s] Level 1:colcon.colcon_core.package_identification:_identify(.) by extensions ['ros']
[1.819s] Level 1:colcon.colcon_core.package_identification:_identify(.) by extension 'ros'
[1.837s] Level 1:colcon.colcon_core.package_identification:_identify(.) by extensions ['cmake', 'python']
[1.837s] Level 1:colcon.colcon_core.package_identification:_identify(.) by extension 'cmake'
[1.837s] Level 1:colcon.colcon_core.package_identification:_identify(.) by extension 'python'
[1.838s] Level 1:colcon.colcon_core.package_identification:_identify(.) by extensions ['python_setup_py']
[1.838s] Level 1:colcon.colcon_core.package_identification:_identify(.) by extension 'python_setup_py'
[1.838s] Level 1:colcon.colcon_core.package_identification:_identify(build) by extensions ['ignore', 'ignore_ament_install']
[1.838s] Level 1:colcon.colcon_core.package_identification:_identify(build) by extension 'ignore'
[1.838s] Level 1:colcon.colcon_core.package_identification:_identify(build) ignored
[1.838s] Level 1:colcon.colcon_core.package_identification:_identify(install) by extensions ['ignore', 'ignore_ament_install']
[1.838s] Level 1:colcon.colcon_core.package_identification:_identify(install) by extension 'ignore'
[1.838s] Level 1:colcon.colcon_core.package_identification:_identify(install) ignored
[1.839s] Level 1:colcon.colcon_core.package_identification:_identify(log) by extensions ['ignore', 'ignore_ament_install']
[1.839s] Level 1:colcon.colcon_core.package_identification:_identify(log) by extension 'ignore'
[1.839s] Level 1:colcon.colcon_core.package_identification:_identify(log) ignored
[1.839s] Level 1:colcon.colcon_core.package_identification:_identify(src) by extensions ['ignore', 'ignore_ament_install']
[1.839s] Level 1:colcon.colcon_core.package_identification:_identify(src) by extension 'ignore'
[1.839s] Level 1:colcon.colcon_core.package_identification:_identify(src) by extension 'ignore_ament_install'
[1.839s] Level 1:colcon.colcon_core.package_identification:_identify(src) by extensions ['colcon_pkg']
[1.839s] Level 1:colcon.colcon_core.package_identification:_identify(src) by extension 'colcon_pkg'
[1.839s] Level 1:colcon.colcon_core.package_identification:_identify(src) by extensions ['colcon_meta']
[1.840s] Level 1:colcon.colcon_core.package_identification:_identify(src) by extension 'colcon_meta'
[1.840s] Level 1:colcon.colcon_core.package_identification:_identify(src) by extensions ['ros']
[1.840s] Level 1:colcon.colcon_core.package_identification:_identify(src) by extension 'ros'
[1.840s] Level 1:colcon.colcon_core.package_identification:_identify(src) by extensions ['cmake', 'python']
[1.840s] Level 1:colcon.colcon_core.package_identification:_identify(src) by extension 'cmake'
[1.840s] Level 1:colcon.colcon_core.package_identification:_identify(src) by extension 'python'
[1.840s] Level 1:colcon.colcon_core.package_identification:_identify(src) by extensions ['python_setup_py']
[1.840s] Level 1:colcon.colcon_core.package_identification:_identify(src) by extension 'python_setup_py'
[1.840s] Level 1:colcon.colcon_core.package_identification:_identify(src/agv) by extensions ['ignore', 'ignore_ament_install']
[1.840s] Level 1:colcon.colcon_core.package_identification:_identify(src/agv) by extension 'ignore'
[1.840s] Level 1:colcon.colcon_core.package_identification:_identify(src/agv) by extension 'ignore_ament_install'
[1.840s] Level 1:colcon.colcon_core.package_identification:_identify(src/agv) by extensions ['colcon_pkg']
[1.840s] Level 1:colcon.colcon_core.package_identification:_identify(src/agv) by extension 'colcon_pkg'
[1.840s] Level 1:colcon.colcon_core.package_identification:_identify(src/agv) by extensions ['colcon_meta']
[1.840s] Level 1:colcon.colcon_core.package_identification:_identify(src/agv) by extension 'colcon_meta'
[1.841s] Level 1:colcon.colcon_core.package_identification:_identify(src/agv) by extensions ['ros']
[1.841s] Level 1:colcon.colcon_core.package_identification:_identify(src/agv) by extension 'ros'
[1.844s] DEBUG:colcon.colcon_core.package_identification:Package 'src/agv' with type 'ros.ament_cmake' and name 'agv'
[1.844s] Level 1:colcon.colcon_core.package_identification:_identify(src/agv_py_functions) by extensions ['ignore', 'ignore_ament_install']
[1.845s] Level 1:colcon.colcon_core.package_identification:_identify(src/agv_py_functions) by extension 'ignore'
[1.845s] Level 1:colcon.colcon_core.package_identification:_identify(src/agv_py_functions) by extension 'ignore_ament_install'
[1.845s] Level 1:colcon.colcon_core.package_identification:_identify(src/agv_py_functions) by extensions ['colcon_pkg']
[1.845s] Level 1:colcon.colcon_core.package_identification:_identify(src/agv_py_functions) by extension 'colcon_pkg'
[1.845s] Level 1:colcon.colcon_core.package_identification:_identify(src/agv_py_functions) by extensions ['colcon_meta']
[1.845s] Level 1:colcon.colcon_core.package_identification:_identify(src/agv_py_functions) by extension 'colcon_meta'
[1.845s] Level 1:colcon.colcon_core.package_identification:_identify(src/agv_py_functions) by extensions ['ros']
[1.845s] Level 1:colcon.colcon_core.package_identification:_identify(src/agv_py_functions) by extension 'ros'
[1.846s] DEBUG:colcon.colcon_core.package_identification:Package 'src/agv_py_functions' with type 'ros.ament_python' and name 'agv_py_functions'
[1.846s] Level 1:colcon.colcon_core.package_identification:_identify(src/my_simulation) by extensions ['ignore', 'ignore_ament_install']
[1.846s] Level 1:colcon.colcon_core.package_identification:_identify(src/my_simulation) by extension 'ignore'
[1.846s] Level 1:colcon.colcon_core.package_identification:_identify(src/my_simulation) by extension 'ignore_ament_install'
[1.846s] Level 1:colcon.colcon_core.package_identification:_identify(src/my_simulation) by extensions ['colcon_pkg']
[1.846s] Level 1:colcon.colcon_core.package_identification:_identify(src/my_simulation) by extension 'colcon_pkg'
[1.847s] Level 1:colcon.colcon_core.package_identification:_identify(src/my_simulation) by extensions ['colcon_meta']
[1.847s] Level 1:colcon.colcon_core.package_identification:_identify(src/my_simulation) by extension 'colcon_meta'
[1.847s] Level 1:colcon.colcon_core.package_identification:_identify(src/my_simulation) by extensions ['ros']
[1.847s] Level 1:colcon.colcon_core.package_identification:_identify(src/my_simulation) by extension 'ros'
[1.847s] DEBUG:colcon.colcon_core.package_identification:Package 'src/my_simulation' with type 'ros.ament_cmake' and name 'my_simulation'
[1.848s] Level 1:colcon.colcon_core.package_discovery:discover_packages(recursive) using defaults
[1.848s] Level 1:colcon.colcon_core.package_discovery:discover_packages(ignore) discover
[1.848s] Level 1:colcon.colcon_core.package_discovery:discover_packages(ignore) using defaults
[1.848s] Level 1:colcon.colcon_core.package_discovery:discover_packages(path) discover
[1.848s] Level 1:colcon.colcon_core.package_discovery:discover_packages(path) using defaults
[2.004s] Level 1:colcon.colcon_core.package_discovery:discover_packages(prefix_path) check parameters
[2.005s] Level 1:colcon.colcon_core.package_discovery:discover_packages(prefix_path) discover
[2.055s] DEBUG:colcon.colcon_installed_package_information.package_discovery:Found 5 installed packages in /home/vboxuser/agv_ws/install
[2.079s] DEBUG:colcon.colcon_installed_package_information.package_discovery:Found 2 installed packages in /home/vboxuser/ros2_ws/install
[2.105s] DEBUG:colcon.colcon_installed_package_information.package_discovery:Found 329 installed packages in /opt/ros/humble
[2.109s] Level 1:colcon.colcon_core.package_discovery:discover_packages(prefix_path) using defaults
[2.288s] Level 5:colcon.colcon_core.verb:set package 'agv' build argument 'cmake_args' from command line to 'None'
[2.288s] Level 5:colcon.colcon_core.verb:set package 'agv' build argument 'cmake_target' from command line to 'None'
[2.288s] Level 5:colcon.colcon_core.verb:set package 'agv' build argument 'cmake_target_skip_unavailable' from command line to 'False'
[2.288s] Level 5:colcon.colcon_core.verb:set package 'agv' build argument 'cmake_clean_cache' from command line to 'False'
[2.288s] Level 5:colcon.colcon_core.verb:set package 'agv' build argument 'cmake_clean_first' from command line to 'False'
[2.288s] Level 5:colcon.colcon_core.verb:set package 'agv' build argument 'cmake_force_configure' from command line to 'False'
[2.288s] Level 5:colcon.colcon_core.verb:set package 'agv' build argument 'ament_cmake_args' from command line to 'None'
[2.288s] Level 5:colcon.colcon_core.verb:set package 'agv' build argument 'catkin_cmake_args' from command line to 'None'
[2.288s] Level 5:colcon.colcon_core.verb:set package 'agv' build argument 'catkin_skip_building_tests' from command line to 'False'
[2.288s] DEBUG:colcon.colcon_core.verb:Building package 'agv' with the following arguments: {'ament_cmake_args': None, 'build_base': '/home/vboxuser/agv_ws/build/agv', 'catkin_cmake_args': None, 'catkin_skip_building_tests': False, 'cmake_args': None, 'cmake_clean_cache': False, 'cmake_clean_first': False, 'cmake_force_configure': False, 'cmake_target': None, 'cmake_target_skip_unavailable': False, 'install_base': '/home/vboxuser/agv_ws/install/agv', 'merge_install': False, 'path': '/home/vboxuser/agv_ws/src/agv', 'symlink_install': False, 'test_result_base': None}
[2.313s] Level 5:colcon.colcon_core.verb:set package 'agv_py_functions' build argument 'cmake_args' from command line to 'None'
[2.313s] Level 5:colcon.colcon_core.verb:set package 'agv_py_functions' build argument 'cmake_target' from command line to 'None'
[2.313s] Level 5:colcon.colcon_core.verb:set package 'agv_py_functions' build argument 'cmake_target_skip_unavailable' from command line to 'False'
[2.313s] Level 5:colcon.colcon_core.verb:set package 'agv_py_functions' build argument 'cmake_clean_cache' from command line to 'False'
[2.313s] Level 5:colcon.colcon_core.verb:set package 'agv_py_functions' build argument 'cmake_clean_first' from command line to 'False'
[2.313s] Level 5:colcon.colcon_core.verb:set package 'agv_py_functions' build argument 'cmake_force_configure' from command line to 'False'
[2.313s] Level 5:colcon.colcon_core.verb:set package 'agv_py_functions' build argument 'ament_cmake_args' from command line to 'None'
[2.313s] Level 5:colcon.colcon_core.verb:set package 'agv_py_functions' build argument 'catkin_cmake_args' from command line to 'None'
[2.313s] Level 5:colcon.colcon_core.verb:set package 'agv_py_functions' build argument 'catkin_skip_building_tests' from command line to 'False'
[2.313s] DEBUG:colcon.colcon_core.verb:Building package 'agv_py_functions' with the following arguments: {'ament_cmake_args': None, 'build_base': '/home/vboxuser/agv_ws/build/agv_py_functions', 'catkin_cmake_args': None, 'catkin_skip_building_tests': False, 'cmake_args': None, 'cmake_clean_cache': False, 'cmake_clean_first': False, 'cmake_force_configure': False, 'cmake_target': None, 'cmake_target_skip_unavailable': False, 'install_base': '/home/vboxuser/agv_ws/install/agv_py_functions', 'merge_install': False, 'path': '/home/vboxuser/agv_ws/src/agv_py_functions', 'symlink_install': False, 'test_result_base': None}
[2.341s] Level 5:colcon.colcon_core.verb:set package 'my_simulation' build argument 'cmake_args' from command line to 'None'
[2.341s] Level 5:colcon.colcon_core.verb:set package 'my_simulation' build argument 'cmake_target' from command line to 'None'
[2.341s] Level 5:colcon.colcon_core.verb:set package 'my_simulation' build argument 'cmake_target_skip_unavailable' from command line to 'False'
[2.341s] Level 5:colcon.colcon_core.verb:set package 'my_simulation' build argument 'cmake_clean_cache' from command line to 'False'
[2.341s] Level 5:colcon.colcon_core.verb:set package 'my_simulation' build argument 'cmake_clean_first' from command line to 'False'
[2.341s] Level 5:colcon.colcon_core.verb:set package 'my_simulation' build argument 'cmake_force_configure' from command line to 'False'
[2.341s] Level 5:colcon.colcon_core.verb:set package 'my_simulation' build argument 'ament_cmake_args' from command line to 'None'
[2.341s] Level 5:colcon.colcon_core.verb:set package 'my_simulation' build argument 'catkin_cmake_args' from command line to 'None'
[2.341s] Level 5:colcon.colcon_core.verb:set package 'my_simulation' build argument 'catkin_skip_building_tests' from command line to 'False'
[2.342s] DEBUG:colcon.colcon_core.verb:Building package 'my_simulation' with the following arguments: {'ament_cmake_args': None, 'build_base': '/home/vboxuser/agv_ws/build/my_simulation', 'catkin_cmake_args': None, 'catkin_skip_building_tests': False, 'cmake_args': None, 'cmake_clean_cache': False, 'cmake_clean_first': False, 'cmake_force_configure': False, 'cmake_target': None, 'cmake_target_skip_unavailable': False, 'install_base': '/home/vboxuser/agv_ws/install/my_simulation', 'merge_install': False, 'path': '/home/vboxuser/agv_ws/src/my_simulation', 'symlink_install': False, 'test_result_base': None}
[2.366s] INFO:colcon.colcon_core.executor:Executing jobs using 'parallel' executor
[2.392s] DEBUG:colcon.colcon_parallel_executor.executor.parallel:run_until_complete
[2.392s] INFO:colcon.colcon_ros.task.ament_cmake.build:Building ROS package in '/home/vboxuser/agv_ws/src/agv' with build type 'ament_cmake'
[2.392s] INFO:colcon.colcon_cmake.task.cmake.build:Building CMake package in '/home/vboxuser/agv_ws/src/agv'
[2.421s] INFO:colcon.colcon_core.plugin_system:Skipping extension 'colcon_core.shell.bat': Not used on non-Windows systems
[2.421s] INFO:colcon.colcon_core.shell:Skip shell extension 'powershell' for command environment: Not usable outside of PowerShell
[2.421s] DEBUG:colcon.colcon_core.shell:Skip shell extension 'dsv' for command environment
[2.536s] INFO:colcon.colcon_ros.task.ament_python.build:Building ROS package in '/home/vboxuser/agv_ws/src/agv_py_functions' with build type 'ament_python'
[2.536s] Level 1:colcon.colcon_core.shell:create_environment_hook('agv_py_functions', 'ament_prefix_path')
[2.566s] INFO:colcon.colcon_core.shell:Creating environment hook '/home/vboxuser/agv_ws/install/agv_py_functions/share/agv_py_functions/hook/ament_prefix_path.ps1'
[2.567s] INFO:colcon.colcon_core.shell:Creating environment descriptor '/home/vboxuser/agv_ws/install/agv_py_functions/share/agv_py_functions/hook/ament_prefix_path.dsv'
[2.568s] INFO:colcon.colcon_core.shell:Creating environment hook '/home/vboxuser/agv_ws/install/agv_py_functions/share/agv_py_functions/hook/ament_prefix_path.sh'
[2.599s] INFO:colcon.colcon_core.shell:Skip shell extension 'powershell' for command environment: Not usable outside of PowerShell
[2.599s] DEBUG:colcon.colcon_core.shell:Skip shell extension 'dsv' for command environment
[2.746s] INFO:colcon.colcon_ros.task.ament_cmake.build:Building ROS package in '/home/vboxuser/agv_ws/src/my_simulation' with build type 'ament_cmake'
[2.746s] INFO:colcon.colcon_cmake.task.cmake.build:Building CMake package in '/home/vboxuser/agv_ws/src/my_simulation'
[2.775s] INFO:colcon.colcon_core.shell:Skip shell extension 'powershell' for command environment: Not usable outside of PowerShell
[2.776s] DEBUG:colcon.colcon_core.shell:Skip shell extension 'dsv' for command environment
[2.913s] DEBUG:colcon.colcon_core.event_handler.log_command:Invoking command in '/home/vboxuser/agv_ws/build/agv': CMAKE_PREFIX_PATH=${CMAKE_PREFIX_PATH}:/home/vboxuser/agv_ws/install/agv_py_functions:/home/vboxuser/ros2_ws/install/my_py_pkg:/opt/ros/humble /usr/bin/cmake --build /home/vboxuser/agv_ws/build/agv -- -j4 -l4
[3.615s] INFO:colcon.colcon_core.task.python.build:Building Python package in '/home/vboxuser/agv_ws/src/agv_py_functions'
[3.652s] INFO:colcon.colcon_core.shell:Skip shell extension 'powershell' for command environment: Not usable outside of PowerShell
[3.652s] DEBUG:colcon.colcon_core.shell:Skip shell extension 'dsv' for command environment
[3.823s] DEBUG:colcon.colcon_core.event_handler.log_command:Invoking command in '/home/vboxuser/agv_ws/build/my_simulation': CMAKE_PREFIX_PATH=${CMAKE_PREFIX_PATH}:/home/vboxuser/agv_ws/install/agv_py_functions:/home/vboxuser/ros2_ws/install/my_py_pkg:/opt/ros/humble /usr/bin/cmake --build /home/vboxuser/agv_ws/build/my_simulation -- -j4 -l4
[3.826s] DEBUG:colcon.colcon_core.event_handler.log_command:Invoked command in '/home/vboxuser/agv_ws/build/agv' returned '0': CMAKE_PREFIX_PATH=${CMAKE_PREFIX_PATH}:/home/vboxuser/agv_ws/install/agv_py_functions:/home/vboxuser/ros2_ws/install/my_py_pkg:/opt/ros/humble /usr/bin/cmake --build /home/vboxuser/agv_ws/build/agv -- -j4 -l4
[3.921s] DEBUG:colcon.colcon_core.event_handler.log_command:Invoking command in '/home/vboxuser/agv_ws/build/agv': CMAKE_PREFIX_PATH=${CMAKE_PREFIX_PATH}:/home/vboxuser/agv_ws/install/agv_py_functions:/home/vboxuser/ros2_ws/install/my_py_pkg:/opt/ros/humble /usr/bin/cmake --install /home/vboxuser/agv_ws/build/agv
[3.924s] DEBUG:colcon.colcon_core.event_handler.log_command:Invoked command in '/home/vboxuser/agv_ws/build/my_simulation' returned '0': CMAKE_PREFIX_PATH=${CMAKE_PREFIX_PATH}:/home/vboxuser/agv_ws/install/agv_py_functions:/home/vboxuser/ros2_ws/install/my_py_pkg:/opt/ros/humble /usr/bin/cmake --build /home/vboxuser/agv_ws/build/my_simulation -- -j4 -l4
[3.939s] Level 1:colcon.colcon_core.environment:create_environment_scripts_only(agv)
[3.940s] DEBUG:colcon.colcon_core.event_handler.log_command:Invoked command in '/home/vboxuser/agv_ws/build/agv' returned '0': CMAKE_PREFIX_PATH=${CMAKE_PREFIX_PATH}:/home/vboxuser/agv_ws/install/agv_py_functions:/home/vboxuser/ros2_ws/install/my_py_pkg:/opt/ros/humble /usr/bin/cmake --install /home/vboxuser/agv_ws/build/agv
[3.988s] Level 1:colcon.colcon_core.environment:checking '/home/vboxuser/agv_ws/install/agv' for CMake module files
[3.989s] Level 1:colcon.colcon_core.environment:checking '/home/vboxuser/agv_ws/install/agv' for CMake config files
[3.989s] Level 1:colcon.colcon_core.shell:create_environment_hook('agv', 'cmake_prefix_path')
[4.040s] INFO:colcon.colcon_core.shell:Creating environment hook '/home/vboxuser/agv_ws/install/agv/share/agv/hook/cmake_prefix_path.ps1'
[4.041s] INFO:colcon.colcon_core.shell:Creating environment descriptor '/home/vboxuser/agv_ws/install/agv/share/agv/hook/cmake_prefix_path.dsv'
[4.047s] INFO:colcon.colcon_core.shell:Creating environment hook '/home/vboxuser/agv_ws/install/agv/share/agv/hook/cmake_prefix_path.sh'
[4.049s] Level 1:colcon.colcon_core.environment:checking '/home/vboxuser/agv_ws/install/agv/lib'
[4.049s] Level 1:colcon.colcon_core.environment:checking '/home/vboxuser/agv_ws/install/agv/bin'
[4.050s] Level 1:colcon.colcon_core.environment:checking '/home/vboxuser/agv_ws/install/agv/lib/pkgconfig/agv.pc'
[4.050s] Level 1:colcon.colcon_core.environment:checking '/home/vboxuser/agv_ws/install/agv/lib/python3.10/site-packages'
[4.050s] Level 1:colcon.colcon_core.shell:create_environment_hook('agv', 'pythonpath')
[4.104s] INFO:colcon.colcon_core.shell:Creating environment hook '/home/vboxuser/agv_ws/install/agv/share/agv/hook/pythonpath.ps1'
[4.105s] INFO:colcon.colcon_core.shell:Creating environment descriptor '/home/vboxuser/agv_ws/install/agv/share/agv/hook/pythonpath.dsv'
[4.106s] INFO:colcon.colcon_core.shell:Creating environment hook '/home/vboxuser/agv_ws/install/agv/share/agv/hook/pythonpath.sh'
[4.108s] Level 1:colcon.colcon_core.environment:checking '/home/vboxuser/agv_ws/install/agv/bin'
[4.135s] INFO:colcon.colcon_core.shell:Creating package script '/home/vboxuser/agv_ws/install/agv/share/agv/package.ps1'
[4.136s] INFO:colcon.colcon_core.shell:Creating package descriptor '/home/vboxuser/agv_ws/install/agv/share/agv/package.dsv'
[4.138s] INFO:colcon.colcon_core.shell:Creating package script '/home/vboxuser/agv_ws/install/agv/share/agv/package.sh'
[4.139s] INFO:colcon.colcon_core.shell:Creating package script '/home/vboxuser/agv_ws/install/agv/share/agv/package.bash'
[4.140s] INFO:colcon.colcon_core.shell:Creating package script '/home/vboxuser/agv_ws/install/agv/share/agv/package.zsh'
[4.142s] Level 1:colcon.colcon_core.environment:create_file_with_runtime_dependencies(/home/vboxuser/agv_ws/install/agv/share/colcon-core/packages/agv)
[4.146s] DEBUG:colcon.colcon_core.event_handler.log_command:Invoking command in '/home/vboxuser/agv_ws/build/my_simulation': CMAKE_PREFIX_PATH=${CMAKE_PREFIX_PATH}:/home/vboxuser/agv_ws/install/agv_py_functions:/home/vboxuser/ros2_ws/install/my_py_pkg:/opt/ros/humble /usr/bin/cmake --install /home/vboxuser/agv_ws/build/my_simulation
[4.166s] Level 1:colcon.colcon_core.environment:create_environment_scripts_only(my_simulation)
[4.167s] DEBUG:colcon.colcon_core.event_handler.log_command:Invoked command in '/home/vboxuser/agv_ws/build/my_simulation' returned '0': CMAKE_PREFIX_PATH=${CMAKE_PREFIX_PATH}:/home/vboxuser/agv_ws/install/agv_py_functions:/home/vboxuser/ros2_ws/install/my_py_pkg:/opt/ros/humble /usr/bin/cmake --install /home/vboxuser/agv_ws/build/my_simulation
[4.196s] Level 1:colcon.colcon_core.environment:checking '/home/vboxuser/agv_ws/install/my_simulation' for CMake module files
[4.196s] Level 1:colcon.colcon_core.environment:checking '/home/vboxuser/agv_ws/install/my_simulation' for CMake config files
[4.197s] Level 1:colcon.colcon_core.shell:create_environment_hook('my_simulation', 'cmake_prefix_path')
[4.223s] INFO:colcon.colcon_core.shell:Creating environment hook '/home/vboxuser/agv_ws/install/my_simulation/share/my_simulation/hook/cmake_prefix_path.ps1'
[4.223s] INFO:colcon.colcon_core.shell:Creating environment descriptor '/home/vboxuser/agv_ws/install/my_simulation/share/my_simulation/hook/cmake_prefix_path.dsv'
[4.224s] INFO:colcon.colcon_core.shell:Creating environment hook '/home/vboxuser/agv_ws/install/my_simulation/share/my_simulation/hook/cmake_prefix_path.sh'
[4.224s] Level 1:colcon.colcon_core.environment:checking '/home/vboxuser/agv_ws/install/my_simulation/bin'
[4.225s] Level 1:colcon.colcon_core.environment:checking '/home/vboxuser/agv_ws/install/my_simulation/lib/pkgconfig/my_simulation.pc'
[4.225s] Level 1:colcon.colcon_core.environment:checking '/home/vboxuser/agv_ws/install/my_simulation/lib/python3.10/site-packages'
[4.225s] Level 1:colcon.colcon_core.environment:checking '/home/vboxuser/agv_ws/install/my_simulation/bin'
[4.257s] INFO:colcon.colcon_core.shell:Creating package script '/home/vboxuser/agv_ws/install/my_simulation/share/my_simulation/package.ps1'
[4.258s] INFO:colcon.colcon_core.shell:Creating package descriptor '/home/vboxuser/agv_ws/install/my_simulation/share/my_simulation/package.dsv'
[4.259s] INFO:colcon.colcon_core.shell:Creating package script '/home/vboxuser/agv_ws/install/my_simulation/share/my_simulation/package.sh'
[4.259s] INFO:colcon.colcon_core.shell:Creating package script '/home/vboxuser/agv_ws/install/my_simulation/share/my_simulation/package.bash'
[4.260s] INFO:colcon.colcon_core.shell:Creating package script '/home/vboxuser/agv_ws/install/my_simulation/share/my_simulation/package.zsh'
[4.260s] Level 1:colcon.colcon_core.environment:create_file_with_runtime_dependencies(/home/vboxuser/agv_ws/install/my_simulation/share/colcon-core/packages/my_simulation)
[4.288s] Level 1:colcon.colcon_core.environment:create_environment_scripts_only(agv)
[4.313s] Level 1:colcon.colcon_core.environment:checking '/home/vboxuser/agv_ws/install/agv' for CMake module files
[4.314s] Level 1:colcon.colcon_core.environment:checking '/home/vboxuser/agv_ws/install/agv' for CMake config files
[4.315s] Level 1:colcon.colcon_core.shell:create_environment_hook('agv', 'cmake_prefix_path')
[4.344s] INFO:colcon.colcon_core.shell:Creating environment hook '/home/vboxuser/agv_ws/install/agv/share/agv/hook/cmake_prefix_path.ps1'
[4.344s] INFO:colcon.colcon_core.shell:Creating environment descriptor '/home/vboxuser/agv_ws/install/agv/share/agv/hook/cmake_prefix_path.dsv'
[4.345s] INFO:colcon.colcon_core.shell:Creating environment hook '/home/vboxuser/agv_ws/install/agv/share/agv/hook/cmake_prefix_path.sh'
[4.346s] Level 1:colcon.colcon_core.environment:checking '/home/vboxuser/agv_ws/install/agv/lib'
[4.346s] Level 1:colcon.colcon_core.environment:checking '/home/vboxuser/agv_ws/install/agv/bin'
[4.346s] Level 1:colcon.colcon_core.environment:checking '/home/vboxuser/agv_ws/install/agv/lib/pkgconfig/agv.pc'
[4.346s] Level 1:colcon.colcon_core.environment:checking '/home/vboxuser/agv_ws/install/agv/lib/python3.10/site-packages'
[4.347s] Level 1:colcon.colcon_core.shell:create_environment_hook('agv', 'pythonpath')
[4.388s] INFO:colcon.colcon_core.shell:Creating environment hook '/home/vboxuser/agv_ws/install/agv/share/agv/hook/pythonpath.ps1'
[4.389s] INFO:colcon.colcon_core.shell:Creating environment descriptor '/home/vboxuser/agv_ws/install/agv/share/agv/hook/pythonpath.dsv'
[4.390s] INFO:colcon.colcon_core.shell:Creating environment hook '/home/vboxuser/agv_ws/install/agv/share/agv/hook/pythonpath.sh'
[4.392s] Level 1:colcon.colcon_core.environment:checking '/home/vboxuser/agv_ws/install/agv/bin'
[4.421s] INFO:colcon.colcon_core.shell:Creating package script '/home/vboxuser/agv_ws/install/agv/share/agv/package.ps1'
[4.422s] INFO:colcon.colcon_core.shell:Creating package descriptor '/home/vboxuser/agv_ws/install/agv/share/agv/package.dsv'
[4.423s] INFO:colcon.colcon_core.shell:Creating package script '/home/vboxuser/agv_ws/install/agv/share/agv/package.sh'
[4.424s] INFO:colcon.colcon_core.shell:Creating package script '/home/vboxuser/agv_ws/install/agv/share/agv/package.bash'
[4.425s] INFO:colcon.colcon_core.shell:Creating package script '/home/vboxuser/agv_ws/install/agv/share/agv/package.zsh'
[4.425s] Level 1:colcon.colcon_core.environment:create_file_with_runtime_dependencies(/home/vboxuser/agv_ws/install/agv/share/colcon-core/packages/agv)
[4.456s] Level 1:colcon.colcon_core.environment:create_environment_scripts_only(my_simulation)
[4.484s] Level 1:colcon.colcon_core.environment:checking '/home/vboxuser/agv_ws/install/my_simulation' for CMake module files
[4.485s] Level 1:colcon.colcon_core.environment:checking '/home/vboxuser/agv_ws/install/my_simulation' for CMake config files
[4.486s] Level 1:colcon.colcon_core.shell:create_environment_hook('my_simulation', 'cmake_prefix_path')
[4.528s] INFO:colcon.colcon_core.shell:Creating environment hook '/home/vboxuser/agv_ws/install/my_simulation/share/my_simulation/hook/cmake_prefix_path.ps1'
[4.528s] INFO:colcon.colcon_core.shell:Creating environment descriptor '/home/vboxuser/agv_ws/install/my_simulation/share/my_simulation/hook/cmake_prefix_path.dsv'
[4.529s] INFO:colcon.colcon_core.shell:Creating environment hook '/home/vboxuser/agv_ws/install/my_simulation/share/my_simulation/hook/cmake_prefix_path.sh'
[4.530s] Level 1:colcon.colcon_core.environment:checking '/home/vboxuser/agv_ws/install/my_simulation/bin'
[4.530s] Level 1:colcon.colcon_core.environment:checking '/home/vboxuser/agv_ws/install/my_simulation/lib/pkgconfig/my_simulation.pc'
[4.531s] Level 1:colcon.colcon_core.environment:checking '/home/vboxuser/agv_ws/install/my_simulation/lib/python3.10/site-packages'
[4.531s] Level 1:colcon.colcon_core.environment:checking '/home/vboxuser/agv_ws/install/my_simulation/bin'
[4.572s] INFO:colcon.colcon_core.shell:Creating package script '/home/vboxuser/agv_ws/install/my_simulation/share/my_simulation/package.ps1'
[4.573s] INFO:colcon.colcon_core.shell:Creating package descriptor '/home/vboxuser/agv_ws/install/my_simulation/share/my_simulation/package.dsv'
[4.573s] INFO:colcon.colcon_core.shell:Creating package script '/home/vboxuser/agv_ws/install/my_simulation/share/my_simulation/package.sh'
[4.574s] INFO:colcon.colcon_core.shell:Creating package script '/home/vboxuser/agv_ws/install/my_simulation/share/my_simulation/package.bash'
[4.575s] INFO:colcon.colcon_core.shell:Creating package script '/home/vboxuser/agv_ws/install/my_simulation/share/my_simulation/package.zsh'
[4.576s] Level 1:colcon.colcon_core.environment:create_file_with_runtime_dependencies(/home/vboxuser/agv_ws/install/my_simulation/share/colcon-core/packages/my_simulation)
[4.709s] DEBUG:colcon.colcon_core.event_handler.log_command:Invoking command in '/home/vboxuser/agv_ws/src/agv_py_functions': PYTHONPATH=/home/vboxuser/agv_ws/build/agv_py_functions/prefix_override:/home/vboxuser/agv_ws/install/agv_py_functions/lib/python3.10/site-packages:${PYTHONPATH} /usr/bin/python3 setup.py egg_info --egg-base ../../build/agv_py_functions build --build-base /home/vboxuser/agv_ws/build/agv_py_functions/build install --record /home/vboxuser/agv_ws/build/agv_py_functions/install.log --single-version-externally-managed
[5.264s] DEBUG:colcon.colcon_core.event_handler.log_command:Invoked command in '/home/vboxuser/agv_ws/src/agv_py_functions' returned '0': PYTHONPATH=/home/vboxuser/agv_ws/build/agv_py_functions/prefix_override:/home/vboxuser/agv_ws/install/agv_py_functions/lib/python3.10/site-packages:${PYTHONPATH} /usr/bin/python3 setup.py egg_info --egg-base ../../build/agv_py_functions build --build-base /home/vboxuser/agv_ws/build/agv_py_functions/build install --record /home/vboxuser/agv_ws/build/agv_py_functions/install.log --single-version-externally-managed
[5.288s] Level 1:colcon.colcon_core.environment:checking '/home/vboxuser/agv_ws/install/agv_py_functions' for CMake module files
[5.289s] Level 1:colcon.colcon_core.environment:checking '/home/vboxuser/agv_ws/install/agv_py_functions' for CMake config files
[5.290s] Level 1:colcon.colcon_core.environment:checking '/home/vboxuser/agv_ws/install/agv_py_functions/lib'
[5.290s] Level 1:colcon.colcon_core.environment:checking '/home/vboxuser/agv_ws/install/agv_py_functions/bin'
[5.290s] Level 1:colcon.colcon_core.environment:checking '/home/vboxuser/agv_ws/install/agv_py_functions/lib/pkgconfig/agv_py_functions.pc'
[5.290s] Level 1:colcon.colcon_core.environment:checking '/home/vboxuser/agv_ws/install/agv_py_functions/lib/python3.10/site-packages'
[5.290s] Level 1:colcon.colcon_core.shell:create_environment_hook('agv_py_functions', 'pythonpath')
[5.317s] INFO:colcon.colcon_core.shell:Creating environment hook '/home/vboxuser/agv_ws/install/agv_py_functions/share/agv_py_functions/hook/pythonpath.ps1'
[5.318s] INFO:colcon.colcon_core.shell:Creating environment descriptor '/home/vboxuser/agv_ws/install/agv_py_functions/share/agv_py_functions/hook/pythonpath.dsv'
[5.319s] INFO:colcon.colcon_core.shell:Creating environment hook '/home/vboxuser/agv_ws/install/agv_py_functions/share/agv_py_functions/hook/pythonpath.sh'
[5.320s] Level 1:colcon.colcon_core.environment:checking '/home/vboxuser/agv_ws/install/agv_py_functions/bin'
[5.320s] Level 1:colcon.colcon_core.environment:create_environment_scripts_only(agv_py_functions)
[5.349s] INFO:colcon.colcon_core.shell:Creating package script '/home/vboxuser/agv_ws/install/agv_py_functions/share/agv_py_functions/package.ps1'
[5.350s] INFO:colcon.colcon_core.shell:Creating package descriptor '/home/vboxuser/agv_ws/install/agv_py_functions/share/agv_py_functions/package.dsv'
[5.351s] INFO:colcon.colcon_core.shell:Creating package script '/home/vboxuser/agv_ws/install/agv_py_functions/share/agv_py_functions/package.sh'
[5.351s] INFO:colcon.colcon_core.shell:Creating package script '/home/vboxuser/agv_ws/install/agv_py_functions/share/agv_py_functions/package.bash'
[5.352s] INFO:colcon.colcon_core.shell:Creating package script '/home/vboxuser/agv_ws/install/agv_py_functions/share/agv_py_functions/package.zsh'
[5.353s] Level 1:colcon.colcon_core.environment:create_file_with_runtime_dependencies(/home/vboxuser/agv_ws/install/agv_py_functions/share/colcon-core/packages/agv_py_functions)
[5.353s] DEBUG:colcon.colcon_parallel_executor.executor.parallel:closing loop
[5.354s] DEBUG:colcon.colcon_parallel_executor.executor.parallel:loop closed
[5.354s] DEBUG:colcon.colcon_parallel_executor.executor.parallel:run_until_complete finished with '0'
[5.354s] DEBUG:colcon.colcon_core.event_reactor:joining thread
[5.397s] INFO:colcon.colcon_core.plugin_system:Skipping extension 'colcon_notification.desktop_notification.terminal_notifier': Not used on non-Darwin systems
[5.397s] INFO:colcon.colcon_core.plugin_system:Skipping extension 'colcon_notification.desktop_notification.win32': Not used on non-Windows systems
[5.397s] INFO:colcon.colcon_notification.desktop_notification:Sending desktop notification using 'notify2'
[5.414s] DEBUG:colcon.colcon_core.event_reactor:joined thread
[5.440s] INFO:colcon.colcon_core.shell:Creating prefix script '/home/vboxuser/agv_ws/install/local_setup.ps1'
[5.443s] INFO:colcon.colcon_core.shell:Creating prefix util module '/home/vboxuser/agv_ws/install/_local_setup_util_ps1.py'
[5.447s] INFO:colcon.colcon_core.shell:Creating prefix chain script '/home/vboxuser/agv_ws/install/setup.ps1'
[5.475s] INFO:colcon.colcon_core.shell:Creating prefix script '/home/vboxuser/agv_ws/install/local_setup.sh'
[5.476s] INFO:colcon.colcon_core.shell:Creating prefix util module '/home/vboxuser/agv_ws/install/_local_setup_util_sh.py'
[5.477s] INFO:colcon.colcon_core.shell:Creating prefix chain script '/home/vboxuser/agv_ws/install/setup.sh'
[5.508s] INFO:colcon.colcon_core.shell:Creating prefix script '/home/vboxuser/agv_ws/install/local_setup.bash'
[5.509s] INFO:colcon.colcon_core.shell:Creating prefix chain script '/home/vboxuser/agv_ws/install/setup.bash'
[5.538s] INFO:colcon.colcon_core.shell:Creating prefix script '/home/vboxuser/agv_ws/install/local_setup.zsh'
[5.539s] INFO:colcon.colcon_core.shell:Creating prefix chain script '/home/vboxuser/agv_ws/install/setup.zsh'
