[0.248s] Invoking command in '/home/vboxuser/agv_ws/build/canopen_master_driver': CMAKE_PREFIX_PATH=/home/vboxuser/agv_ws/install/canopen_core:/home/vboxuser/agv_ws/install/lely_core_libraries:/home/vboxuser/agv_ws/install/canopen_interfaces:/home/vboxuser/agv_ws/install/my_simulation:/home/vboxuser/agv_ws/install/canopen_tests:/home/vboxuser/agv_ws/install/canopen_ros2_controllers:/home/vboxuser/agv_ws/install/canopen_ros2_control:/home/vboxuser/agv_ws/install/canopen:/home/vboxuser/agv_ws/install/canopen_402_driver:/home/vboxuser/agv_ws/install/canopen_proxy_driver:/home/vboxuser/agv_ws/install/canopen_master_driver:/home/vboxuser/agv_ws/install/canopen_fake_slaves:/home/vboxuser/agv_ws/install/canopen_base_driver:/home/vboxuser/agv_ws/install/agv_py:/home/vboxuser/agv_ws/install/agv_controllers:/home/vboxuser/agv_ws/install/communication:/home/vboxuser/agv_ws/install/canopen_utils:/home/vboxuser/agv_ws/install/agv_py_functions:/home/vboxuser/install/my_py_pkg:/home/vboxuser/install/agv_py_functions:/home/vboxuser/bumperbot_ws/install/bumperbot_py_examples:/home/vboxuser/ros2_ws/install/my_py_pkg:/opt/ros/humble:/home/vboxuser/agv_ws/install/agv_controller:/home/vboxuser/agv_ws/install/agv:/home/vboxuser/install/agv:/home/vboxuser/bumperbot_ws/install/bumperbot_cpp_examples:/home/vboxuser/bumperbot_ws/install/bumperbot_msgs:/home/vboxuser/bumperbot_ws/install/bumperbot_description:/home/vboxuser/bumperbot_ws/install/bumperbot_controller:/home/vboxuser/ros2_ws/install/my_simulation LD_LIBRARY_PATH=/home/vboxuser/agv_ws/install/canopen_core/lib:/home/vboxuser/agv_ws/install/lely_core_libraries/lib:/home/vboxuser/agv_ws/install/canopen_interfaces/lib:/home/vboxuser/agv_ws/install/canopen_ros2_controllers/lib:/home/vboxuser/agv_ws/install/canopen_ros2_control/lib:/home/vboxuser/agv_ws/install/canopen_402_driver/lib:/home/vboxuser/agv_ws/install/canopen_proxy_driver/lib:/home/vboxuser/agv_ws/install/canopen_master_driver/lib:/home/vboxuser/agv_ws/install/canopen_base_driver/lib:/home/vboxuser/bumperbot_ws/install/bumperbot_msgs/lib:/usr/lib/x86_64-linux-gnu/gazebo-11/plugins:/opt/ros/humble/opt/rviz_ogre_vendor/lib:/opt/ros/humble/lib/x86_64-linux-gnu:/opt/ros/humble/lib PYTHONPATH=/home/vboxuser/agv_ws/install/lely_core_libraries/lib/python3.10/site-packages:/home/vboxuser/agv_ws/install/lely_core_libraries/local/lib/python3.10/dist-packages:/home/vboxuser/agv_ws/install/communication/lib/python3.10/site-packages:/home/vboxuser/agv_ws/install/canopen_utils/lib/python3.10/site-packages:/home/vboxuser/agv_ws/install/canopen_interfaces/local/lib/python3.10/dist-packages:/home/vboxuser/agv_ws/install/agv_py_functions/lib/python3.10/site-packages:/home/vboxuser/agv_ws/install/agv_py/lib/python3.10/site-packages:/home/vboxuser/agv_ws/install/agv/lib/python3.10/site-packages:/home/vboxuser/install/my_py_pkg/lib/python3.10/site-packages:/home/vboxuser/install/agv_py_functions/lib/python3.10/site-packages:/home/vboxuser/bumperbot_ws/install/bumperbot_py_examples/lib/python3.10/site-packages:/home/vboxuser/bumperbot_ws/install/bumperbot_msgs/local/lib/python3.10/dist-packages:/home/vboxuser/bumperbot_ws/install/bumperbot_controller/local/lib/python3.10/dist-packages:/home/vboxuser/ros2_ws/install/my_py_pkg/lib/python3.10/site-packages:/opt/ros/humble/lib/python3.10/site-packages:/opt/ros/humble/local/lib/python3.10/dist-packages /usr/bin/cmake --build /home/vboxuser/agv_ws/build/canopen_master_driver -- -j4 -l4
[0.311s] -- Found ament_cmake: 1.3.6 (/opt/ros/humble/share/ament_cmake/cmake)
[0.652s] -- Found ament_cmake_ros: 0.10.0 (/opt/ros/humble/share/ament_cmake_ros/cmake)
[0.660s] -- Found canopen_core: 0.2.7 (/home/vboxuser/agv_ws/install/canopen_core/share/canopen_core/cmake)
[0.749s] -- Found rosidl_generator_c: 3.1.5 (/opt/ros/humble/share/rosidl_generator_c/cmake)
[0.756s] -- Found rosidl_adapter: 3.1.5 (/opt/ros/humble/share/rosidl_adapter/cmake)
[0.769s] -- Found rosidl_generator_cpp: 3.1.5 (/opt/ros/humble/share/rosidl_generator_cpp/cmake)
[0.797s] -- Using all available rosidl_typesupport_c: rosidl_typesupport_fastrtps_c;rosidl_typesupport_introspection_c
[0.848s] -- Using all available rosidl_typesupport_cpp: rosidl_typesupport_fastrtps_cpp;rosidl_typesupport_introspection_cpp
[1.114s] -- Found rmw_implementation_cmake: 6.1.1 (/opt/ros/humble/share/rmw_implementation_cmake/cmake)
[1.119s] -- Found rmw_fastrtps_cpp: 6.2.5 (/opt/ros/humble/share/rmw_fastrtps_cpp/cmake)
[1.374s] -- Using RMW implementation 'rmw_fastrtps_cpp' as default
[2.082s] -- Found gtest sources under '/opt/ros/humble/src/gtest_vendor': C++ tests using 'Google Test' will be built
[2.281s] -- Configuring done
[2.439s] -- Generating done
[2.446s] -- Build files have been written to: /home/vboxuser/agv_ws/build/canopen_master_driver
[2.511s] [35m[1mConsolidate compiler generated dependencies of target lely_master_bridge[0m
[2.571s] [  5%] [32mBuilding CXX object CMakeFiles/lely_master_bridge.dir/src/lely_master_bridge.cpp.o[0m
[9.366s] [ 11%] [32m[1mLinking CXX shared library liblely_master_bridge.so[0m
[9.669s] [ 11%] Built target lely_master_bridge
[9.692s] [35m[1mConsolidate compiler generated dependencies of target gtest_main[0m
[9.693s] [35m[1mConsolidate compiler generated dependencies of target gtest[0m
[9.715s] [ 22%] Built target gtest_main
[9.719s] [ 33%] Built target gtest
[9.737s] [35m[1mConsolidate compiler generated dependencies of target node_canopen_basic_master[0m
[9.794s] [ 38%] [32mBuilding CXX object CMakeFiles/node_canopen_basic_master.dir/src/node_interfaces/node_canopen_basic_master.cpp.o[0m
[24.917s] [ 44%] [32m[1mLinking CXX shared library libnode_canopen_basic_master.so[0m
[25.695s] [ 44%] Built target node_canopen_basic_master
[25.729s] [35m[1mConsolidate compiler generated dependencies of target lifecycle_master_driver[0m
[25.753s] [35m[1mConsolidate compiler generated dependencies of target master_driver[0m
[25.791s] [ 50%] [32mBuilding CXX object CMakeFiles/lifecycle_master_driver.dir/src/lifecycle_master_driver.cpp.o[0m
[25.815s] [ 55%] [32mBuilding CXX object CMakeFiles/master_driver.dir/src/master_driver.cpp.o[0m
[43.538s] [ 61%] [32m[1mLinking CXX shared library liblifecycle_master_driver.so[0m
[43.659s] [ 66%] [32m[1mLinking CXX shared library libmaster_driver.so[0m
[44.466s] [ 66%] Built target lifecycle_master_driver
[44.526s] [ 66%] Built target master_driver
[44.581s] [35m[1mConsolidate compiler generated dependencies of target test_node_canopen_basic_driver[0m
[44.654s] [ 72%] [32mBuilding CXX object test/CMakeFiles/test_node_canopen_basic_driver.dir/test_node_canopen_basic_master.cpp.o[0m
[58.380s] [ 77%] [32m[1mLinking CXX executable test_node_canopen_basic_driver[0m
[59.238s] [ 77%] Built target test_node_canopen_basic_driver
[59.273s] [35m[1mConsolidate compiler generated dependencies of target test_master_driver_component[0m
[59.349s] [ 83%] [32mBuilding CXX object test/CMakeFiles/test_master_driver_component.dir/test_master_driver_component.cpp.o[0m
[72.551s] [ 88%] [32m[1mLinking CXX executable test_master_driver_component[0m
[73.141s] [ 88%] Built target test_master_driver_component
[73.178s] [35m[1mConsolidate compiler generated dependencies of target test_node_canopen_basic_driver_ros[0m
[73.250s] [ 94%] [32mBuilding CXX object test/CMakeFiles/test_node_canopen_basic_driver_ros.dir/test_node_canopen_basic_master_ros.cpp.o[0m
[87.286s] [100%] [32m[1mLinking CXX executable test_node_canopen_basic_driver_ros[0m
[88.156s] [100%] Built target test_node_canopen_basic_driver_ros
[88.186s] Invoked command in '/home/vboxuser/agv_ws/build/canopen_master_driver' returned '0': CMAKE_PREFIX_PATH=/home/vboxuser/agv_ws/install/canopen_core:/home/vboxuser/agv_ws/install/lely_core_libraries:/home/vboxuser/agv_ws/install/canopen_interfaces:/home/vboxuser/agv_ws/install/my_simulation:/home/vboxuser/agv_ws/install/canopen_tests:/home/vboxuser/agv_ws/install/canopen_ros2_controllers:/home/vboxuser/agv_ws/install/canopen_ros2_control:/home/vboxuser/agv_ws/install/canopen:/home/vboxuser/agv_ws/install/canopen_402_driver:/home/vboxuser/agv_ws/install/canopen_proxy_driver:/home/vboxuser/agv_ws/install/canopen_master_driver:/home/vboxuser/agv_ws/install/canopen_fake_slaves:/home/vboxuser/agv_ws/install/canopen_base_driver:/home/vboxuser/agv_ws/install/agv_py:/home/vboxuser/agv_ws/install/agv_controllers:/home/vboxuser/agv_ws/install/communication:/home/vboxuser/agv_ws/install/canopen_utils:/home/vboxuser/agv_ws/install/agv_py_functions:/home/vboxuser/install/my_py_pkg:/home/vboxuser/install/agv_py_functions:/home/vboxuser/bumperbot_ws/install/bumperbot_py_examples:/home/vboxuser/ros2_ws/install/my_py_pkg:/opt/ros/humble:/home/vboxuser/agv_ws/install/agv_controller:/home/vboxuser/agv_ws/install/agv:/home/vboxuser/install/agv:/home/vboxuser/bumperbot_ws/install/bumperbot_cpp_examples:/home/vboxuser/bumperbot_ws/install/bumperbot_msgs:/home/vboxuser/bumperbot_ws/install/bumperbot_description:/home/vboxuser/bumperbot_ws/install/bumperbot_controller:/home/vboxuser/ros2_ws/install/my_simulation LD_LIBRARY_PATH=/home/vboxuser/agv_ws/install/canopen_core/lib:/home/vboxuser/agv_ws/install/lely_core_libraries/lib:/home/vboxuser/agv_ws/install/canopen_interfaces/lib:/home/vboxuser/agv_ws/install/canopen_ros2_controllers/lib:/home/vboxuser/agv_ws/install/canopen_ros2_control/lib:/home/vboxuser/agv_ws/install/canopen_402_driver/lib:/home/vboxuser/agv_ws/install/canopen_proxy_driver/lib:/home/vboxuser/agv_ws/install/canopen_master_driver/lib:/home/vboxuser/agv_ws/install/canopen_base_driver/lib:/home/vboxuser/bumperbot_ws/install/bumperbot_msgs/lib:/usr/lib/x86_64-linux-gnu/gazebo-11/plugins:/opt/ros/humble/opt/rviz_ogre_vendor/lib:/opt/ros/humble/lib/x86_64-linux-gnu:/opt/ros/humble/lib PYTHONPATH=/home/vboxuser/agv_ws/install/lely_core_libraries/lib/python3.10/site-packages:/home/vboxuser/agv_ws/install/lely_core_libraries/local/lib/python3.10/dist-packages:/home/vboxuser/agv_ws/install/communication/lib/python3.10/site-packages:/home/vboxuser/agv_ws/install/canopen_utils/lib/python3.10/site-packages:/home/vboxuser/agv_ws/install/canopen_interfaces/local/lib/python3.10/dist-packages:/home/vboxuser/agv_ws/install/agv_py_functions/lib/python3.10/site-packages:/home/vboxuser/agv_ws/install/agv_py/lib/python3.10/site-packages:/home/vboxuser/agv_ws/install/agv/lib/python3.10/site-packages:/home/vboxuser/install/my_py_pkg/lib/python3.10/site-packages:/home/vboxuser/install/agv_py_functions/lib/python3.10/site-packages:/home/vboxuser/bumperbot_ws/install/bumperbot_py_examples/lib/python3.10/site-packages:/home/vboxuser/bumperbot_ws/install/bumperbot_msgs/local/lib/python3.10/dist-packages:/home/vboxuser/bumperbot_ws/install/bumperbot_controller/local/lib/python3.10/dist-packages:/home/vboxuser/ros2_ws/install/my_py_pkg/lib/python3.10/site-packages:/opt/ros/humble/lib/python3.10/site-packages:/opt/ros/humble/local/lib/python3.10/dist-packages /usr/bin/cmake --build /home/vboxuser/agv_ws/build/canopen_master_driver -- -j4 -l4
[88.272s] Invoking command in '/home/vboxuser/agv_ws/build/canopen_master_driver': CMAKE_PREFIX_PATH=/home/vboxuser/agv_ws/install/canopen_core:/home/vboxuser/agv_ws/install/lely_core_libraries:/home/vboxuser/agv_ws/install/canopen_interfaces:/home/vboxuser/agv_ws/install/my_simulation:/home/vboxuser/agv_ws/install/canopen_tests:/home/vboxuser/agv_ws/install/canopen_ros2_controllers:/home/vboxuser/agv_ws/install/canopen_ros2_control:/home/vboxuser/agv_ws/install/canopen:/home/vboxuser/agv_ws/install/canopen_402_driver:/home/vboxuser/agv_ws/install/canopen_proxy_driver:/home/vboxuser/agv_ws/install/canopen_master_driver:/home/vboxuser/agv_ws/install/canopen_fake_slaves:/home/vboxuser/agv_ws/install/canopen_base_driver:/home/vboxuser/agv_ws/install/agv_py:/home/vboxuser/agv_ws/install/agv_controllers:/home/vboxuser/agv_ws/install/communication:/home/vboxuser/agv_ws/install/canopen_utils:/home/vboxuser/agv_ws/install/agv_py_functions:/home/vboxuser/install/my_py_pkg:/home/vboxuser/install/agv_py_functions:/home/vboxuser/bumperbot_ws/install/bumperbot_py_examples:/home/vboxuser/ros2_ws/install/my_py_pkg:/opt/ros/humble:/home/vboxuser/agv_ws/install/agv_controller:/home/vboxuser/agv_ws/install/agv:/home/vboxuser/install/agv:/home/vboxuser/bumperbot_ws/install/bumperbot_cpp_examples:/home/vboxuser/bumperbot_ws/install/bumperbot_msgs:/home/vboxuser/bumperbot_ws/install/bumperbot_description:/home/vboxuser/bumperbot_ws/install/bumperbot_controller:/home/vboxuser/ros2_ws/install/my_simulation LD_LIBRARY_PATH=/home/vboxuser/agv_ws/install/canopen_core/lib:/home/vboxuser/agv_ws/install/lely_core_libraries/lib:/home/vboxuser/agv_ws/install/canopen_interfaces/lib:/home/vboxuser/agv_ws/install/canopen_ros2_controllers/lib:/home/vboxuser/agv_ws/install/canopen_ros2_control/lib:/home/vboxuser/agv_ws/install/canopen_402_driver/lib:/home/vboxuser/agv_ws/install/canopen_proxy_driver/lib:/home/vboxuser/agv_ws/install/canopen_master_driver/lib:/home/vboxuser/agv_ws/install/canopen_base_driver/lib:/home/vboxuser/bumperbot_ws/install/bumperbot_msgs/lib:/usr/lib/x86_64-linux-gnu/gazebo-11/plugins:/opt/ros/humble/opt/rviz_ogre_vendor/lib:/opt/ros/humble/lib/x86_64-linux-gnu:/opt/ros/humble/lib PYTHONPATH=/home/vboxuser/agv_ws/install/lely_core_libraries/lib/python3.10/site-packages:/home/vboxuser/agv_ws/install/lely_core_libraries/local/lib/python3.10/dist-packages:/home/vboxuser/agv_ws/install/communication/lib/python3.10/site-packages:/home/vboxuser/agv_ws/install/canopen_utils/lib/python3.10/site-packages:/home/vboxuser/agv_ws/install/canopen_interfaces/local/lib/python3.10/dist-packages:/home/vboxuser/agv_ws/install/agv_py_functions/lib/python3.10/site-packages:/home/vboxuser/agv_ws/install/agv_py/lib/python3.10/site-packages:/home/vboxuser/agv_ws/install/agv/lib/python3.10/site-packages:/home/vboxuser/install/my_py_pkg/lib/python3.10/site-packages:/home/vboxuser/install/agv_py_functions/lib/python3.10/site-packages:/home/vboxuser/bumperbot_ws/install/bumperbot_py_examples/lib/python3.10/site-packages:/home/vboxuser/bumperbot_ws/install/bumperbot_msgs/local/lib/python3.10/dist-packages:/home/vboxuser/bumperbot_ws/install/bumperbot_controller/local/lib/python3.10/dist-packages:/home/vboxuser/ros2_ws/install/my_py_pkg/lib/python3.10/site-packages:/opt/ros/humble/lib/python3.10/site-packages:/opt/ros/humble/local/lib/python3.10/dist-packages /usr/bin/cmake --install /home/vboxuser/agv_ws/build/canopen_master_driver
[88.284s] -- Install configuration: ""
[88.285s] -- Up-to-date: /home/vboxuser/agv_ws/install/canopen_master_driver/include
[88.285s] -- Up-to-date: /home/vboxuser/agv_ws/install/canopen_master_driver/include/canopen_master_driver
[88.285s] -- Installing: /home/vboxuser/agv_ws/install/canopen_master_driver/include/canopen_master_driver/lifecycle_master_driver.hpp
[88.286s] -- Installing: /home/vboxuser/agv_ws/install/canopen_master_driver/include/canopen_master_driver/visibility_control.h
[88.286s] -- Up-to-date: /home/vboxuser/agv_ws/install/canopen_master_driver/include/canopen_master_driver/node_interfaces
[88.287s] -- Installing: /home/vboxuser/agv_ws/install/canopen_master_driver/include/canopen_master_driver/node_interfaces/node_canopen_basic_master_impl.hpp
[88.287s] -- Installing: /home/vboxuser/agv_ws/install/canopen_master_driver/include/canopen_master_driver/node_interfaces/node_canopen_basic_master.hpp
[88.287s] -- Installing: /home/vboxuser/agv_ws/install/canopen_master_driver/include/canopen_master_driver/master_driver.hpp
[88.287s] -- Installing: /home/vboxuser/agv_ws/install/canopen_master_driver/include/canopen_master_driver/lely_master_bridge.hpp
[88.289s] -- Installing: /home/vboxuser/agv_ws/install/canopen_master_driver/lib/liblifecycle_master_driver.so
[88.291s] -- Set runtime path of "/home/vboxuser/agv_ws/install/canopen_master_driver/lib/liblifecycle_master_driver.so" to ""
[88.292s] -- Installing: /home/vboxuser/agv_ws/install/canopen_master_driver/lib/libmaster_driver.so
[88.294s] -- Set runtime path of "/home/vboxuser/agv_ws/install/canopen_master_driver/lib/libmaster_driver.so" to ""
[88.295s] -- Installing: /home/vboxuser/agv_ws/install/canopen_master_driver/lib/libnode_canopen_basic_master.so
[88.299s] -- Set runtime path of "/home/vboxuser/agv_ws/install/canopen_master_driver/lib/libnode_canopen_basic_master.so" to ""
[88.301s] -- Installing: /home/vboxuser/agv_ws/install/canopen_master_driver/lib/liblely_master_bridge.so
[88.303s] -- Set runtime path of "/home/vboxuser/agv_ws/install/canopen_master_driver/lib/liblely_master_bridge.so" to ""
[88.303s] -- Up-to-date: /home/vboxuser/agv_ws/install/canopen_master_driver/share/canopen_master_driver/environment/library_path.sh
[88.303s] -- Installing: /home/vboxuser/agv_ws/install/canopen_master_driver/share/canopen_master_driver/environment/library_path.dsv
[88.305s] -- Up-to-date: /home/vboxuser/agv_ws/install/canopen_master_driver/share/ament_index/resource_index/package_run_dependencies/canopen_master_driver
[88.305s] -- Installing: /home/vboxuser/agv_ws/install/canopen_master_driver/share/ament_index/resource_index/parent_prefix_path/canopen_master_driver
[88.306s] -- Up-to-date: /home/vboxuser/agv_ws/install/canopen_master_driver/share/canopen_master_driver/environment/ament_prefix_path.sh
[88.306s] -- Installing: /home/vboxuser/agv_ws/install/canopen_master_driver/share/canopen_master_driver/environment/ament_prefix_path.dsv
[88.306s] -- Up-to-date: /home/vboxuser/agv_ws/install/canopen_master_driver/share/canopen_master_driver/environment/path.sh
[88.306s] -- Installing: /home/vboxuser/agv_ws/install/canopen_master_driver/share/canopen_master_driver/environment/path.dsv
[88.307s] -- Up-to-date: /home/vboxuser/agv_ws/install/canopen_master_driver/share/canopen_master_driver/local_setup.bash
[88.307s] -- Up-to-date: /home/vboxuser/agv_ws/install/canopen_master_driver/share/canopen_master_driver/local_setup.sh
[88.308s] -- Up-to-date: /home/vboxuser/agv_ws/install/canopen_master_driver/share/canopen_master_driver/local_setup.zsh
[88.308s] -- Installing: /home/vboxuser/agv_ws/install/canopen_master_driver/share/canopen_master_driver/local_setup.dsv
[88.308s] -- Installing: /home/vboxuser/agv_ws/install/canopen_master_driver/share/canopen_master_driver/package.dsv
[88.308s] -- Up-to-date: /home/vboxuser/agv_ws/install/canopen_master_driver/share/ament_index/resource_index/packages/canopen_master_driver
[88.309s] -- Up-to-date: /home/vboxuser/agv_ws/install/canopen_master_driver/share/ament_index/resource_index/rclcpp_components/canopen_master_driver
[88.310s] -- Up-to-date: /home/vboxuser/agv_ws/install/canopen_master_driver/share/canopen_master_driver/cmake/export_canopen_master_driverExport.cmake
[88.310s] -- Up-to-date: /home/vboxuser/agv_ws/install/canopen_master_driver/share/canopen_master_driver/cmake/export_canopen_master_driverExport-noconfig.cmake
[88.310s] -- Up-to-date: /home/vboxuser/agv_ws/install/canopen_master_driver/share/canopen_master_driver/cmake/ament_cmake_export_include_directories-extras.cmake
[88.311s] -- Up-to-date: /home/vboxuser/agv_ws/install/canopen_master_driver/share/canopen_master_driver/cmake/ament_cmake_export_libraries-extras.cmake
[88.311s] -- Up-to-date: /home/vboxuser/agv_ws/install/canopen_master_driver/share/canopen_master_driver/cmake/ament_cmake_export_targets-extras.cmake
[88.311s] -- Up-to-date: /home/vboxuser/agv_ws/install/canopen_master_driver/share/canopen_master_driver/cmake/ament_cmake_export_dependencies-extras.cmake
[88.311s] -- Up-to-date: /home/vboxuser/agv_ws/install/canopen_master_driver/share/canopen_master_driver/cmake/canopen_master_driverConfig.cmake
[88.311s] -- Up-to-date: /home/vboxuser/agv_ws/install/canopen_master_driver/share/canopen_master_driver/cmake/canopen_master_driverConfig-version.cmake
[88.311s] -- Installing: /home/vboxuser/agv_ws/install/canopen_master_driver/share/canopen_master_driver/package.xml
[88.315s] Invoked command in '/home/vboxuser/agv_ws/build/canopen_master_driver' returned '0': CMAKE_PREFIX_PATH=/home/vboxuser/agv_ws/install/canopen_core:/home/vboxuser/agv_ws/install/lely_core_libraries:/home/vboxuser/agv_ws/install/canopen_interfaces:/home/vboxuser/agv_ws/install/my_simulation:/home/vboxuser/agv_ws/install/canopen_tests:/home/vboxuser/agv_ws/install/canopen_ros2_controllers:/home/vboxuser/agv_ws/install/canopen_ros2_control:/home/vboxuser/agv_ws/install/canopen:/home/vboxuser/agv_ws/install/canopen_402_driver:/home/vboxuser/agv_ws/install/canopen_proxy_driver:/home/vboxuser/agv_ws/install/canopen_master_driver:/home/vboxuser/agv_ws/install/canopen_fake_slaves:/home/vboxuser/agv_ws/install/canopen_base_driver:/home/vboxuser/agv_ws/install/agv_py:/home/vboxuser/agv_ws/install/agv_controllers:/home/vboxuser/agv_ws/install/communication:/home/vboxuser/agv_ws/install/canopen_utils:/home/vboxuser/agv_ws/install/agv_py_functions:/home/vboxuser/install/my_py_pkg:/home/vboxuser/install/agv_py_functions:/home/vboxuser/bumperbot_ws/install/bumperbot_py_examples:/home/vboxuser/ros2_ws/install/my_py_pkg:/opt/ros/humble:/home/vboxuser/agv_ws/install/agv_controller:/home/vboxuser/agv_ws/install/agv:/home/vboxuser/install/agv:/home/vboxuser/bumperbot_ws/install/bumperbot_cpp_examples:/home/vboxuser/bumperbot_ws/install/bumperbot_msgs:/home/vboxuser/bumperbot_ws/install/bumperbot_description:/home/vboxuser/bumperbot_ws/install/bumperbot_controller:/home/vboxuser/ros2_ws/install/my_simulation LD_LIBRARY_PATH=/home/vboxuser/agv_ws/install/canopen_core/lib:/home/vboxuser/agv_ws/install/lely_core_libraries/lib:/home/vboxuser/agv_ws/install/canopen_interfaces/lib:/home/vboxuser/agv_ws/install/canopen_ros2_controllers/lib:/home/vboxuser/agv_ws/install/canopen_ros2_control/lib:/home/vboxuser/agv_ws/install/canopen_402_driver/lib:/home/vboxuser/agv_ws/install/canopen_proxy_driver/lib:/home/vboxuser/agv_ws/install/canopen_master_driver/lib:/home/vboxuser/agv_ws/install/canopen_base_driver/lib:/home/vboxuser/bumperbot_ws/install/bumperbot_msgs/lib:/usr/lib/x86_64-linux-gnu/gazebo-11/plugins:/opt/ros/humble/opt/rviz_ogre_vendor/lib:/opt/ros/humble/lib/x86_64-linux-gnu:/opt/ros/humble/lib PYTHONPATH=/home/vboxuser/agv_ws/install/lely_core_libraries/lib/python3.10/site-packages:/home/vboxuser/agv_ws/install/lely_core_libraries/local/lib/python3.10/dist-packages:/home/vboxuser/agv_ws/install/communication/lib/python3.10/site-packages:/home/vboxuser/agv_ws/install/canopen_utils/lib/python3.10/site-packages:/home/vboxuser/agv_ws/install/canopen_interfaces/local/lib/python3.10/dist-packages:/home/vboxuser/agv_ws/install/agv_py_functions/lib/python3.10/site-packages:/home/vboxuser/agv_ws/install/agv_py/lib/python3.10/site-packages:/home/vboxuser/agv_ws/install/agv/lib/python3.10/site-packages:/home/vboxuser/install/my_py_pkg/lib/python3.10/site-packages:/home/vboxuser/install/agv_py_functions/lib/python3.10/site-packages:/home/vboxuser/bumperbot_ws/install/bumperbot_py_examples/lib/python3.10/site-packages:/home/vboxuser/bumperbot_ws/install/bumperbot_msgs/local/lib/python3.10/dist-packages:/home/vboxuser/bumperbot_ws/install/bumperbot_controller/local/lib/python3.10/dist-packages:/home/vboxuser/ros2_ws/install/my_py_pkg/lib/python3.10/site-packages:/opt/ros/humble/lib/python3.10/site-packages:/opt/ros/humble/local/lib/python3.10/dist-packages /usr/bin/cmake --install /home/vboxuser/agv_ws/build/canopen_master_driver
