[1.502s] Invoking command in '/home/vboxuser/agv_ws/src/agv_py_functions': PYTHONPATH=/home/vboxuser/agv_ws/build/agv_py_functions/prefix_override:/home/vboxuser/agv_ws/install/agv_py_functions/lib/python3.10/site-packages:${PYTHONPATH} /usr/bin/python3 -W ignore:setup.py install is deprecated setup.py egg_info --egg-base ../../build/agv_py_functions build --build-base /home/vboxuser/agv_ws/build/agv_py_functions/build install --record /home/vboxuser/agv_ws/build/agv_py_functions/install.log --single-version-externally-managed install_data
[2.096s] running egg_info
[2.097s] writing ../../build/agv_py_functions/agv_py_functions.egg-info/PKG-INFO
[2.097s] writing dependency_links to ../../build/agv_py_functions/agv_py_functions.egg-info/dependency_links.txt
[2.097s] writing entry points to ../../build/agv_py_functions/agv_py_functions.egg-info/entry_points.txt
[2.098s] writing requirements to ../../build/agv_py_functions/agv_py_functions.egg-info/requires.txt
[2.098s] writing top-level names to ../../build/agv_py_functions/agv_py_functions.egg-info/top_level.txt
[2.101s] reading manifest file '../../build/agv_py_functions/agv_py_functions.egg-info/SOURCES.txt'
[2.103s] writing manifest file '../../build/agv_py_functions/agv_py_functions.egg-info/SOURCES.txt'
[2.104s] running build
[2.104s] running build_py
[2.105s] copying agv_py_functions/wheel_speed_server_can.py -> /home/vboxuser/agv_ws/build/agv_py_functions/build/lib/agv_py_functions
[2.106s] running install
[2.106s] running install_lib
[2.107s] copying /home/vboxuser/agv_ws/build/agv_py_functions/build/lib/agv_py_functions/wheel_speed_server_can.py -> /home/vboxuser/agv_ws/install/agv_py_functions/lib/python3.10/site-packages/agv_py_functions
[2.109s] byte-compiling /home/vboxuser/agv_ws/install/agv_py_functions/lib/python3.10/site-packages/agv_py_functions/wheel_speed_server_can.py to wheel_speed_server_can.cpython-310.pyc
[2.110s] running install_data
[2.110s] running install_egg_info
[2.113s] removing '/home/vboxuser/agv_ws/install/agv_py_functions/lib/python3.10/site-packages/agv_py_functions-0.0.0-py3.10.egg-info' (and everything under it)
[2.113s] Copying ../../build/agv_py_functions/agv_py_functions.egg-info to /home/vboxuser/agv_ws/install/agv_py_functions/lib/python3.10/site-packages/agv_py_functions-0.0.0-py3.10.egg-info
[2.115s] running install_scripts
[2.158s] Installing canbus_velocity_publisher script to /home/vboxuser/agv_ws/install/agv_py_functions/lib/agv_py_functions
[2.158s] Installing simple_parameter script to /home/vboxuser/agv_ws/install/agv_py_functions/lib/agv_py_functions
[2.158s] Installing simple_publisher script to /home/vboxuser/agv_ws/install/agv_py_functions/lib/agv_py_functions
[2.159s] Installing simple_subscriber script to /home/vboxuser/agv_ws/install/agv_py_functions/lib/agv_py_functions
[2.159s] Installing speed_service_client script to /home/vboxuser/agv_ws/install/agv_py_functions/lib/agv_py_functions
[2.159s] Installing speed_service_client_can script to /home/vboxuser/agv_ws/install/agv_py_functions/lib/agv_py_functions
[2.160s] Installing velocity_input script to /home/vboxuser/agv_ws/install/agv_py_functions/lib/agv_py_functions
[2.160s] Installing wheel_speed_node script to /home/vboxuser/agv_ws/install/agv_py_functions/lib/agv_py_functions
[2.161s] Installing wheel_speed_pub script to /home/vboxuser/agv_ws/install/agv_py_functions/lib/agv_py_functions
[2.162s] Installing wheel_speed_publisher script to /home/vboxuser/agv_ws/install/agv_py_functions/lib/agv_py_functions
[2.162s] Installing wheel_speed_server script to /home/vboxuser/agv_ws/install/agv_py_functions/lib/agv_py_functions
[2.162s] Installing wheel_speed_server_can script to /home/vboxuser/agv_ws/install/agv_py_functions/lib/agv_py_functions
[2.163s] writing list of installed files to '/home/vboxuser/agv_ws/build/agv_py_functions/install.log'
[2.203s] Invoked command in '/home/vboxuser/agv_ws/src/agv_py_functions' returned '0': PYTHONPATH=/home/vboxuser/agv_ws/build/agv_py_functions/prefix_override:/home/vboxuser/agv_ws/install/agv_py_functions/lib/python3.10/site-packages:${PYTHONPATH} /usr/bin/python3 -W ignore:setup.py install is deprecated setup.py egg_info --egg-base ../../build/agv_py_functions build --build-base /home/vboxuser/agv_ws/build/agv_py_functions/build install --record /home/vboxuser/agv_ws/build/agv_py_functions/install.log --single-version-externally-managed install_data
