[2.191s] Invoking command in '/home/vboxuser/agv_ws/src/agv_py_functions': PYTHONPATH=/home/vboxuser/agv_ws/build/agv_py_functions/prefix_override:/home/vboxuser/agv_ws/install/agv_py_functions/lib/python3.10/site-packages:${PYTHONPATH} /usr/bin/python3 -W ignore:setup.py install is deprecated setup.py egg_info --egg-base ../../build/agv_py_functions build --build-base /home/vboxuser/agv_ws/build/agv_py_functions/build install --record /home/vboxuser/agv_ws/build/agv_py_functions/install.log --single-version-externally-managed install_data
[2.754s] running egg_info
[2.755s] writing ../../build/agv_py_functions/agv_py_functions.egg-info/PKG-INFO
[2.755s] writing dependency_links to ../../build/agv_py_functions/agv_py_functions.egg-info/dependency_links.txt
[2.756s] writing entry points to ../../build/agv_py_functions/agv_py_functions.egg-info/entry_points.txt
[2.756s] writing requirements to ../../build/agv_py_functions/agv_py_functions.egg-info/requires.txt
[2.756s] writing top-level names to ../../build/agv_py_functions/agv_py_functions.egg-info/top_level.txt
[2.760s] reading manifest file '../../build/agv_py_functions/agv_py_functions.egg-info/SOURCES.txt'
[2.762s] writing manifest file '../../build/agv_py_functions/agv_py_functions.egg-info/SOURCES.txt'
[2.762s] running build
[2.762s] running build_py
[2.763s] copying agv_py_functions/wheel_speed_publisher.py -> /home/vboxuser/agv_ws/build/agv_py_functions/build/lib/agv_py_functions
[2.764s] running install
[2.764s] running install_lib
[2.766s] copying /home/vboxuser/agv_ws/build/agv_py_functions/build/lib/agv_py_functions/wheel_speed_publisher.py -> /home/vboxuser/agv_ws/install/agv_py_functions/lib/python3.10/site-packages/agv_py_functions
[2.767s] byte-compiling /home/vboxuser/agv_ws/install/agv_py_functions/lib/python3.10/site-packages/agv_py_functions/wheel_speed_publisher.py to wheel_speed_publisher.cpython-310.pyc
[2.768s] running install_data
[2.768s] running install_egg_info
[2.771s] removing '/home/vboxuser/agv_ws/install/agv_py_functions/lib/python3.10/site-packages/agv_py_functions-0.0.0-py3.10.egg-info' (and everything under it)
[2.771s] Copying ../../build/agv_py_functions/agv_py_functions.egg-info to /home/vboxuser/agv_ws/install/agv_py_functions/lib/python3.10/site-packages/agv_py_functions-0.0.0-py3.10.egg-info
[2.773s] running install_scripts
[2.816s] Installing canbus_velocity_publisher script to /home/vboxuser/agv_ws/install/agv_py_functions/lib/agv_py_functions
[2.817s] Installing simple_parameter script to /home/vboxuser/agv_ws/install/agv_py_functions/lib/agv_py_functions
[2.817s] Installing simple_publisher script to /home/vboxuser/agv_ws/install/agv_py_functions/lib/agv_py_functions
[2.817s] Installing simple_subscriber script to /home/vboxuser/agv_ws/install/agv_py_functions/lib/agv_py_functions
[2.818s] Installing velocity_input script to /home/vboxuser/agv_ws/install/agv_py_functions/lib/agv_py_functions
[2.818s] Installing wheel_speed_node script to /home/vboxuser/agv_ws/install/agv_py_functions/lib/agv_py_functions
[2.818s] Installing wheel_speed_publisher script to /home/vboxuser/agv_ws/install/agv_py_functions/lib/agv_py_functions
[2.818s] writing list of installed files to '/home/vboxuser/agv_ws/build/agv_py_functions/install.log'
[2.868s] Invoked command in '/home/vboxuser/agv_ws/src/agv_py_functions' returned '0': PYTHONPATH=/home/vboxuser/agv_ws/build/agv_py_functions/prefix_override:/home/vboxuser/agv_ws/install/agv_py_functions/lib/python3.10/site-packages:${PYTHONPATH} /usr/bin/python3 -W ignore:setup.py install is deprecated setup.py egg_info --egg-base ../../build/agv_py_functions build --build-base /home/vboxuser/agv_ws/build/agv_py_functions/build install --record /home/vboxuser/agv_ws/build/agv_py_functions/install.log --single-version-externally-managed install_data
