-- Install configuration: ""
-- Up-to-date: /home/vboxuser/agv_ws/install/agv_controller/share/agv_controller/config
-- Up-to-date: /home/vboxuser/agv_ws/install/agv_controller/share/agv_controller/config/agv_controller.yaml
-- Up-to-date: /home/vboxuser/agv_ws/install/agv_controller/share/agv_controller/launch
-- Up-to-date: /home/vboxuser/agv_ws/install/agv_controller/share/agv_controller/launch/controller.launch.py
-- Up-to-date: /home/vboxuser/agv_ws/install/agv_controller/lib/agv_controller/simple_controller.py
-- Up-to-date: /home/vboxuser/agv_ws/install/agv_controller/share/ament_index/resource_index/package_run_dependencies/agv_controller
-- Up-to-date: /home/vboxuser/agv_ws/install/agv_controller/share/ament_index/resource_index/parent_prefix_path/agv_controller
-- Installing: /home/vboxuser/agv_ws/install/agv_controller/share/agv_controller/environment/ament_prefix_path.sh
-- Up-to-date: /home/vboxuser/agv_ws/install/agv_controller/share/agv_controller/environment/ament_prefix_path.dsv
-- Installing: /home/vboxuser/agv_ws/install/agv_controller/share/agv_controller/environment/path.sh
-- Up-to-date: /home/vboxuser/agv_ws/install/agv_controller/share/agv_controller/environment/path.dsv
-- Up-to-date: /home/vboxuser/agv_ws/install/agv_controller/share/agv_controller/local_setup.bash
-- Up-to-date: /home/vboxuser/agv_ws/install/agv_controller/share/agv_controller/local_setup.sh
-- Up-to-date: /home/vboxuser/agv_ws/install/agv_controller/share/agv_controller/local_setup.zsh
-- Up-to-date: /home/vboxuser/agv_ws/install/agv_controller/share/agv_controller/local_setup.dsv
-- Installing: /home/vboxuser/agv_ws/install/agv_controller/share/agv_controller/package.dsv
-- Up-to-date: /home/vboxuser/agv_ws/install/agv_controller/share/ament_index/resource_index/packages/agv_controller
-- Up-to-date: /home/vboxuser/agv_ws/install/agv_controller/share/agv_controller/cmake/agv_controllerConfig.cmake
-- Up-to-date: /home/vboxuser/agv_ws/install/agv_controller/share/agv_controller/cmake/agv_controllerConfig-version.cmake
-- Up-to-date: /home/vboxuser/agv_ws/install/agv_controller/share/agv_controller/package.xml
