[0.062s] Invoking command in '/home/vboxuser/agv_ws/build/canopen_interfaces': CMAKE_PREFIX_PATH=/home/vboxuser/agv_ws/install/wheel_control:/home/vboxuser/agv_ws/install/pgv100:/home/vboxuser/agv_ws/install/panda_rviz_viewer:/home/vboxuser/agv_ws/install/panda_canopen:/home/vboxuser/agv_ws/install/my_simulation:/home/vboxuser/agv_ws/install/canopen_tests:/home/vboxuser/agv_ws/install/canopen_ros2_controllers:/home/vboxuser/agv_ws/install/canopen_ros2_control:/home/vboxuser/agv_ws/install/canopen_robot_control_example:/home/vboxuser/agv_ws/install/canopen_kinco3:/home/vboxuser/agv_ws/install/canopen_kinco2:/home/vboxuser/agv_ws/install/canopen_kinco:/home/vboxuser/agv_ws/install/canopen:/home/vboxuser/agv_ws/install/canopen_402_driver:/home/vboxuser/agv_ws/install/canopen_proxy_driver:/home/vboxuser/agv_ws/install/canopen_master_driver:/home/vboxuser/agv_ws/install/canopen_fake_slaves:/home/vboxuser/agv_ws/install/canopen_base_driver:/home/vboxuser/agv_ws/install/canopen_core:/home/vboxuser/agv_ws/install/lely_core_libraries:/home/vboxuser/agv_ws/install/canopen_interfaces:/home/vboxuser/agv_ws/install/agv_py:/home/vboxuser/agv_ws/install/agv_msgs:/home/vboxuser/agv_ws/install/agv_controllers:/home/vboxuser/agv_ws/install/communication:/home/vboxuser/agv_ws/install/canopen_utils:/home/vboxuser/agv_ws/install/agv_py_functions:/home/vboxuser/bumperbot_ws/install/bumperbot_py_examples:/home/vboxuser/ros2_ws/install/my_py_pkg:/opt/ros/humble:/home/vboxuser/agv_ws/install/agv_controller:/home/vboxuser/agv_ws/install/agv:/home/vboxuser/bumperbot_ws/install/bumperbot_cpp_examples:/home/vboxuser/bumperbot_ws/install/bumperbot_msgs:/home/vboxuser/bumperbot_ws/install/bumperbot_description:/home/vboxuser/bumperbot_ws/install/bumperbot_controller:/home/vboxuser/ros2_ws/install/my_simulation /usr/bin/cmake --build /home/vboxuser/agv_ws/build/canopen_interfaces -- -j4 -l4
[0.194s] [  1%] Built target canopen_interfaces__cpp
[0.218s] [ 12%] Built target canopen_interfaces__rosidl_generator_c
[0.270s] [ 12%] Built target ament_cmake_python_copy_canopen_interfaces
[0.290s] [ 24%] Built target canopen_interfaces__rosidl_typesupport_cpp
[0.301s] [ 35%] Built target canopen_interfaces__rosidl_typesupport_fastrtps_cpp
[0.363s] [ 47%] Built target canopen_interfaces__rosidl_typesupport_introspection_cpp
[0.364s] [ 58%] Built target canopen_interfaces__rosidl_typesupport_fastrtps_c
[0.383s] [ 70%] Built target canopen_interfaces__rosidl_typesupport_introspection_c
[0.442s] [ 82%] Built target canopen_interfaces__rosidl_typesupport_c
[0.512s] [ 82%] Built target canopen_interfaces
[0.631s] [ 83%] Built target canopen_interfaces__py
[0.740s] [ 93%] Built target canopen_interfaces__rosidl_generator_py
[0.844s] [ 95%] Built target canopen_interfaces__rosidl_typesupport_introspection_c__pyext
[0.852s] [ 97%] Built target canopen_interfaces__rosidl_typesupport_c__pyext
[0.885s] [100%] Built target canopen_interfaces__rosidl_typesupport_fastrtps_c__pyext
[1.357s] running egg_info
[1.358s] writing canopen_interfaces.egg-info/PKG-INFO
[1.359s] writing dependency_links to canopen_interfaces.egg-info/dependency_links.txt
[1.360s] writing top-level names to canopen_interfaces.egg-info/top_level.txt
[1.366s] reading manifest file 'canopen_interfaces.egg-info/SOURCES.txt'
[1.368s] writing manifest file 'canopen_interfaces.egg-info/SOURCES.txt'
[1.411s] [100%] Built target ament_cmake_python_build_canopen_interfaces_egg
[1.533s] Invoked command in '/home/vboxuser/agv_ws/build/canopen_interfaces' returned '0': CMAKE_PREFIX_PATH=/home/vboxuser/agv_ws/install/wheel_control:/home/vboxuser/agv_ws/install/pgv100:/home/vboxuser/agv_ws/install/panda_rviz_viewer:/home/vboxuser/agv_ws/install/panda_canopen:/home/vboxuser/agv_ws/install/my_simulation:/home/vboxuser/agv_ws/install/canopen_tests:/home/vboxuser/agv_ws/install/canopen_ros2_controllers:/home/vboxuser/agv_ws/install/canopen_ros2_control:/home/vboxuser/agv_ws/install/canopen_robot_control_example:/home/vboxuser/agv_ws/install/canopen_kinco3:/home/vboxuser/agv_ws/install/canopen_kinco2:/home/vboxuser/agv_ws/install/canopen_kinco:/home/vboxuser/agv_ws/install/canopen:/home/vboxuser/agv_ws/install/canopen_402_driver:/home/vboxuser/agv_ws/install/canopen_proxy_driver:/home/vboxuser/agv_ws/install/canopen_master_driver:/home/vboxuser/agv_ws/install/canopen_fake_slaves:/home/vboxuser/agv_ws/install/canopen_base_driver:/home/vboxuser/agv_ws/install/canopen_core:/home/vboxuser/agv_ws/install/lely_core_libraries:/home/vboxuser/agv_ws/install/canopen_interfaces:/home/vboxuser/agv_ws/install/agv_py:/home/vboxuser/agv_ws/install/agv_msgs:/home/vboxuser/agv_ws/install/agv_controllers:/home/vboxuser/agv_ws/install/communication:/home/vboxuser/agv_ws/install/canopen_utils:/home/vboxuser/agv_ws/install/agv_py_functions:/home/vboxuser/bumperbot_ws/install/bumperbot_py_examples:/home/vboxuser/ros2_ws/install/my_py_pkg:/opt/ros/humble:/home/vboxuser/agv_ws/install/agv_controller:/home/vboxuser/agv_ws/install/agv:/home/vboxuser/bumperbot_ws/install/bumperbot_cpp_examples:/home/vboxuser/bumperbot_ws/install/bumperbot_msgs:/home/vboxuser/bumperbot_ws/install/bumperbot_description:/home/vboxuser/bumperbot_ws/install/bumperbot_controller:/home/vboxuser/ros2_ws/install/my_simulation /usr/bin/cmake --build /home/vboxuser/agv_ws/build/canopen_interfaces -- -j4 -l4
[1.995s] Invoking command in '/home/vboxuser/agv_ws/build/canopen_interfaces': CMAKE_PREFIX_PATH=/home/vboxuser/agv_ws/install/wheel_control:/home/vboxuser/agv_ws/install/pgv100:/home/vboxuser/agv_ws/install/panda_rviz_viewer:/home/vboxuser/agv_ws/install/panda_canopen:/home/vboxuser/agv_ws/install/my_simulation:/home/vboxuser/agv_ws/install/canopen_tests:/home/vboxuser/agv_ws/install/canopen_ros2_controllers:/home/vboxuser/agv_ws/install/canopen_ros2_control:/home/vboxuser/agv_ws/install/canopen_robot_control_example:/home/vboxuser/agv_ws/install/canopen_kinco3:/home/vboxuser/agv_ws/install/canopen_kinco2:/home/vboxuser/agv_ws/install/canopen_kinco:/home/vboxuser/agv_ws/install/canopen:/home/vboxuser/agv_ws/install/canopen_402_driver:/home/vboxuser/agv_ws/install/canopen_proxy_driver:/home/vboxuser/agv_ws/install/canopen_master_driver:/home/vboxuser/agv_ws/install/canopen_fake_slaves:/home/vboxuser/agv_ws/install/canopen_base_driver:/home/vboxuser/agv_ws/install/canopen_core:/home/vboxuser/agv_ws/install/lely_core_libraries:/home/vboxuser/agv_ws/install/canopen_interfaces:/home/vboxuser/agv_ws/install/agv_py:/home/vboxuser/agv_ws/install/agv_msgs:/home/vboxuser/agv_ws/install/agv_controllers:/home/vboxuser/agv_ws/install/communication:/home/vboxuser/agv_ws/install/canopen_utils:/home/vboxuser/agv_ws/install/agv_py_functions:/home/vboxuser/bumperbot_ws/install/bumperbot_py_examples:/home/vboxuser/ros2_ws/install/my_py_pkg:/opt/ros/humble:/home/vboxuser/agv_ws/install/agv_controller:/home/vboxuser/agv_ws/install/agv:/home/vboxuser/bumperbot_ws/install/bumperbot_cpp_examples:/home/vboxuser/bumperbot_ws/install/bumperbot_msgs:/home/vboxuser/bumperbot_ws/install/bumperbot_description:/home/vboxuser/bumperbot_ws/install/bumperbot_controller:/home/vboxuser/ros2_ws/install/my_simulation /usr/bin/cmake --install /home/vboxuser/agv_ws/build/canopen_interfaces
[2.010s] -- Install configuration: ""
[2.010s] -- Up-to-date: /home/vboxuser/agv_ws/install/canopen_interfaces/share/ament_index/resource_index/rosidl_interfaces/canopen_interfaces
[2.011s] -- Up-to-date: /home/vboxuser/agv_ws/install/canopen_interfaces/include/canopen_interfaces/canopen_interfaces
[2.011s] -- Up-to-date: /home/vboxuser/agv_ws/install/canopen_interfaces/include/canopen_interfaces/canopen_interfaces/srv
[2.011s] -- Up-to-date: /home/vboxuser/agv_ws/install/canopen_interfaces/include/canopen_interfaces/canopen_interfaces/srv/co_read_id.h
[2.012s] -- Up-to-date: /home/vboxuser/agv_ws/install/canopen_interfaces/include/canopen_interfaces/canopen_interfaces/srv/co_write_id.h
[2.012s] -- Up-to-date: /home/vboxuser/agv_ws/install/canopen_interfaces/include/canopen_interfaces/canopen_interfaces/srv/co_read.h
[2.012s] -- Up-to-date: /home/vboxuser/agv_ws/install/canopen_interfaces/include/canopen_interfaces/canopen_interfaces/srv/co_write.h
[2.012s] -- Up-to-date: /home/vboxuser/agv_ws/install/canopen_interfaces/include/canopen_interfaces/canopen_interfaces/srv/co_heartbeat_id.h
[2.012s] -- Up-to-date: /home/vboxuser/agv_ws/install/canopen_interfaces/include/canopen_interfaces/canopen_interfaces/srv/co_target_double.h
[2.013s] -- Up-to-date: /home/vboxuser/agv_ws/install/canopen_interfaces/include/canopen_interfaces/canopen_interfaces/srv/co_node.h
[2.013s] -- Up-to-date: /home/vboxuser/agv_ws/install/canopen_interfaces/include/canopen_interfaces/canopen_interfaces/srv/detail
[2.013s] -- Up-to-date: /home/vboxuser/agv_ws/install/canopen_interfaces/include/canopen_interfaces/canopen_interfaces/srv/detail/co_node__struct.h
[2.013s] -- Up-to-date: /home/vboxuser/agv_ws/install/canopen_interfaces/include/canopen_interfaces/canopen_interfaces/srv/detail/co_target_double__struct.h
[2.013s] -- Up-to-date: /home/vboxuser/agv_ws/install/canopen_interfaces/include/canopen_interfaces/canopen_interfaces/srv/detail/co_heartbeat_id__type_support.h
[2.014s] -- Up-to-date: /home/vboxuser/agv_ws/install/canopen_interfaces/include/canopen_interfaces/canopen_interfaces/srv/detail/co_node__type_support.h
[2.014s] -- Up-to-date: /home/vboxuser/agv_ws/install/canopen_interfaces/include/canopen_interfaces/canopen_interfaces/srv/detail/co_write_id__functions.c
[2.014s] -- Up-to-date: /home/vboxuser/agv_ws/install/canopen_interfaces/include/canopen_interfaces/canopen_interfaces/srv/detail/co_heartbeat_id__functions.h
[2.014s] -- Up-to-date: /home/vboxuser/agv_ws/install/canopen_interfaces/include/canopen_interfaces/canopen_interfaces/srv/detail/co_write_id__functions.h
[2.015s] -- Up-to-date: /home/vboxuser/agv_ws/install/canopen_interfaces/include/canopen_interfaces/canopen_interfaces/srv/detail/co_write_id__type_support.h
[2.015s] -- Up-to-date: /home/vboxuser/agv_ws/install/canopen_interfaces/include/canopen_interfaces/canopen_interfaces/srv/detail/co_heartbeat_id__struct.h
[2.015s] -- Up-to-date: /home/vboxuser/agv_ws/install/canopen_interfaces/include/canopen_interfaces/canopen_interfaces/srv/detail/co_read_id__struct.h
[2.016s] -- Up-to-date: /home/vboxuser/agv_ws/install/canopen_interfaces/include/canopen_interfaces/canopen_interfaces/srv/detail/co_write__struct.h
[2.016s] -- Up-to-date: /home/vboxuser/agv_ws/install/canopen_interfaces/include/canopen_interfaces/canopen_interfaces/srv/detail/co_nmt_id__functions.h
[2.016s] -- Up-to-date: /home/vboxuser/agv_ws/install/canopen_interfaces/include/canopen_interfaces/canopen_interfaces/srv/detail/co_target_double__functions.h
[2.016s] -- Up-to-date: /home/vboxuser/agv_ws/install/canopen_interfaces/include/canopen_interfaces/canopen_interfaces/srv/detail/co_read_id__functions.h
[2.016s] -- Up-to-date: /home/vboxuser/agv_ws/install/canopen_interfaces/include/canopen_interfaces/canopen_interfaces/srv/detail/co_write__functions.h
[2.017s] -- Up-to-date: /home/vboxuser/agv_ws/install/canopen_interfaces/include/canopen_interfaces/canopen_interfaces/srv/detail/co_target_double__functions.c
[2.017s] -- Up-to-date: /home/vboxuser/agv_ws/install/canopen_interfaces/include/canopen_interfaces/canopen_interfaces/srv/detail/co_read__type_support.h
[2.017s] -- Up-to-date: /home/vboxuser/agv_ws/install/canopen_interfaces/include/canopen_interfaces/canopen_interfaces/srv/detail/co_write__type_support.h
[2.017s] -- Up-to-date: /home/vboxuser/agv_ws/install/canopen_interfaces/include/canopen_interfaces/canopen_interfaces/srv/detail/co_read__struct.h
[2.017s] -- Up-to-date: /home/vboxuser/agv_ws/install/canopen_interfaces/include/canopen_interfaces/canopen_interfaces/srv/detail/co_nmt_id__struct.h
[2.018s] -- Up-to-date: /home/vboxuser/agv_ws/install/canopen_interfaces/include/canopen_interfaces/canopen_interfaces/srv/detail/co_read_id__type_support.h
[2.018s] -- Up-to-date: /home/vboxuser/agv_ws/install/canopen_interfaces/include/canopen_interfaces/canopen_interfaces/srv/detail/co_nmt_id__functions.c
[2.018s] -- Up-to-date: /home/vboxuser/agv_ws/install/canopen_interfaces/include/canopen_interfaces/canopen_interfaces/srv/detail/co_read_id__functions.c
[2.018s] -- Up-to-date: /home/vboxuser/agv_ws/install/canopen_interfaces/include/canopen_interfaces/canopen_interfaces/srv/detail/co_nmt_id__type_support.h
[2.018s] -- Up-to-date: /home/vboxuser/agv_ws/install/canopen_interfaces/include/canopen_interfaces/canopen_interfaces/srv/detail/co_read__functions.h
[2.019s] -- Up-to-date: /home/vboxuser/agv_ws/install/canopen_interfaces/include/canopen_interfaces/canopen_interfaces/srv/detail/co_write__functions.c
[2.019s] -- Up-to-date: /home/vboxuser/agv_ws/install/canopen_interfaces/include/canopen_interfaces/canopen_interfaces/srv/detail/co_read__functions.c
[2.019s] -- Up-to-date: /home/vboxuser/agv_ws/install/canopen_interfaces/include/canopen_interfaces/canopen_interfaces/srv/detail/co_write_id__struct.h
[2.019s] -- Up-to-date: /home/vboxuser/agv_ws/install/canopen_interfaces/include/canopen_interfaces/canopen_interfaces/srv/detail/co_heartbeat_id__functions.c
[2.020s] -- Up-to-date: /home/vboxuser/agv_ws/install/canopen_interfaces/include/canopen_interfaces/canopen_interfaces/srv/detail/co_node__functions.c
[2.020s] -- Up-to-date: /home/vboxuser/agv_ws/install/canopen_interfaces/include/canopen_interfaces/canopen_interfaces/srv/detail/co_node__functions.h
[2.020s] -- Up-to-date: /home/vboxuser/agv_ws/install/canopen_interfaces/include/canopen_interfaces/canopen_interfaces/srv/detail/co_target_double__type_support.h
[2.021s] -- Up-to-date: /home/vboxuser/agv_ws/install/canopen_interfaces/include/canopen_interfaces/canopen_interfaces/srv/co_nmt_id.h
[2.023s] -- Up-to-date: /home/vboxuser/agv_ws/install/canopen_interfaces/include/canopen_interfaces/canopen_interfaces/msg
[2.050s] -- Up-to-date: /home/vboxuser/agv_ws/install/canopen_interfaces/include/canopen_interfaces/canopen_interfaces/msg/rosidl_generator_c__visibility_control.h
[2.051s] -- Up-to-date: /home/vboxuser/agv_ws/install/canopen_interfaces/include/canopen_interfaces/canopen_interfaces/msg/detail
[2.051s] -- Up-to-date: /home/vboxuser/agv_ws/install/canopen_interfaces/include/canopen_interfaces/canopen_interfaces/msg/detail/co_data__functions.h
[2.051s] -- Up-to-date: /home/vboxuser/agv_ws/install/canopen_interfaces/include/canopen_interfaces/canopen_interfaces/msg/detail/co_data__functions.c
[2.052s] -- Up-to-date: /home/vboxuser/agv_ws/install/canopen_interfaces/include/canopen_interfaces/canopen_interfaces/msg/detail/co_data__type_support.h
[2.052s] -- Up-to-date: /home/vboxuser/agv_ws/install/canopen_interfaces/include/canopen_interfaces/canopen_interfaces/msg/detail/co_data__struct.h
[2.052s] -- Up-to-date: /home/vboxuser/agv_ws/install/canopen_interfaces/include/canopen_interfaces/canopen_interfaces/msg/co_data.h
[2.052s] -- Up-to-date: /home/vboxuser/agv_ws/install/canopen_interfaces/share/canopen_interfaces/environment/library_path.sh
[2.052s] -- Up-to-date: /home/vboxuser/agv_ws/install/canopen_interfaces/share/canopen_interfaces/environment/library_path.dsv
[2.052s] -- Up-to-date: /home/vboxuser/agv_ws/install/canopen_interfaces/lib/libcanopen_interfaces__rosidl_generator_c.so
[2.054s] -- Up-to-date: /home/vboxuser/agv_ws/install/canopen_interfaces/include/canopen_interfaces/canopen_interfaces
[2.054s] -- Up-to-date: /home/vboxuser/agv_ws/install/canopen_interfaces/include/canopen_interfaces/canopen_interfaces/srv
[2.054s] -- Up-to-date: /home/vboxuser/agv_ws/install/canopen_interfaces/include/canopen_interfaces/canopen_interfaces/srv/detail
[2.054s] -- Up-to-date: /home/vboxuser/agv_ws/install/canopen_interfaces/include/canopen_interfaces/canopen_interfaces/srv/detail/co_nmt_id__rosidl_typesupport_fastrtps_c.h
[2.054s] -- Up-to-date: /home/vboxuser/agv_ws/install/canopen_interfaces/include/canopen_interfaces/canopen_interfaces/srv/detail/co_node__rosidl_typesupport_fastrtps_c.h
[2.054s] -- Up-to-date: /home/vboxuser/agv_ws/install/canopen_interfaces/include/canopen_interfaces/canopen_interfaces/srv/detail/co_write__rosidl_typesupport_fastrtps_c.h
[2.054s] -- Up-to-date: /home/vboxuser/agv_ws/install/canopen_interfaces/include/canopen_interfaces/canopen_interfaces/srv/detail/co_read__rosidl_typesupport_fastrtps_c.h
[2.055s] -- Up-to-date: /home/vboxuser/agv_ws/install/canopen_interfaces/include/canopen_interfaces/canopen_interfaces/srv/detail/co_write_id__rosidl_typesupport_fastrtps_c.h
[2.055s] -- Up-to-date: /home/vboxuser/agv_ws/install/canopen_interfaces/include/canopen_interfaces/canopen_interfaces/srv/detail/co_target_double__rosidl_typesupport_fastrtps_c.h
[2.055s] -- Up-to-date: /home/vboxuser/agv_ws/install/canopen_interfaces/include/canopen_interfaces/canopen_interfaces/srv/detail/co_heartbeat_id__rosidl_typesupport_fastrtps_c.h
[2.055s] -- Up-to-date: /home/vboxuser/agv_ws/install/canopen_interfaces/include/canopen_interfaces/canopen_interfaces/srv/detail/co_read_id__rosidl_typesupport_fastrtps_c.h
[2.055s] -- Up-to-date: /home/vboxuser/agv_ws/install/canopen_interfaces/include/canopen_interfaces/canopen_interfaces/msg
[2.055s] -- Up-to-date: /home/vboxuser/agv_ws/install/canopen_interfaces/include/canopen_interfaces/canopen_interfaces/msg/rosidl_typesupport_fastrtps_c__visibility_control.h
[2.055s] -- Up-to-date: /home/vboxuser/agv_ws/install/canopen_interfaces/include/canopen_interfaces/canopen_interfaces/msg/detail
[2.056s] -- Up-to-date: /home/vboxuser/agv_ws/install/canopen_interfaces/include/canopen_interfaces/canopen_interfaces/msg/detail/co_data__rosidl_typesupport_fastrtps_c.h
[2.056s] -- Up-to-date: /home/vboxuser/agv_ws/install/canopen_interfaces/lib/libcanopen_interfaces__rosidl_typesupport_fastrtps_c.so
[2.056s] -- Up-to-date: /home/vboxuser/agv_ws/install/canopen_interfaces/include/canopen_interfaces/canopen_interfaces
[2.056s] -- Up-to-date: /home/vboxuser/agv_ws/install/canopen_interfaces/include/canopen_interfaces/canopen_interfaces/srv
[2.056s] -- Up-to-date: /home/vboxuser/agv_ws/install/canopen_interfaces/include/canopen_interfaces/canopen_interfaces/srv/detail
[2.056s] -- Up-to-date: /home/vboxuser/agv_ws/install/canopen_interfaces/include/canopen_interfaces/canopen_interfaces/srv/detail/co_heartbeat_id__rosidl_typesupport_introspection_c.h
[2.056s] -- Up-to-date: /home/vboxuser/agv_ws/install/canopen_interfaces/include/canopen_interfaces/canopen_interfaces/srv/detail/co_write_id__type_support.c
[2.056s] -- Up-to-date: /home/vboxuser/agv_ws/install/canopen_interfaces/include/canopen_interfaces/canopen_interfaces/srv/detail/co_read_id__rosidl_typesupport_introspection_c.h
[2.056s] -- Up-to-date: /home/vboxuser/agv_ws/install/canopen_interfaces/include/canopen_interfaces/canopen_interfaces/srv/detail/co_read__rosidl_typesupport_introspection_c.h
[2.056s] -- Up-to-date: /home/vboxuser/agv_ws/install/canopen_interfaces/include/canopen_interfaces/canopen_interfaces/srv/detail/co_nmt_id__type_support.c
[2.057s] -- Up-to-date: /home/vboxuser/agv_ws/install/canopen_interfaces/include/canopen_interfaces/canopen_interfaces/srv/detail/co_target_double__rosidl_typesupport_introspection_c.h
[2.057s] -- Up-to-date: /home/vboxuser/agv_ws/install/canopen_interfaces/include/canopen_interfaces/canopen_interfaces/srv/detail/co_nmt_id__rosidl_typesupport_introspection_c.h
[2.057s] -- Up-to-date: /home/vboxuser/agv_ws/install/canopen_interfaces/include/canopen_interfaces/canopen_interfaces/srv/detail/co_write__rosidl_typesupport_introspection_c.h
[2.057s] -- Up-to-date: /home/vboxuser/agv_ws/install/canopen_interfaces/include/canopen_interfaces/canopen_interfaces/srv/detail/co_read__type_support.c
[2.057s] -- Up-to-date: /home/vboxuser/agv_ws/install/canopen_interfaces/include/canopen_interfaces/canopen_interfaces/srv/detail/co_node__type_support.c
[2.057s] -- Up-to-date: /home/vboxuser/agv_ws/install/canopen_interfaces/include/canopen_interfaces/canopen_interfaces/srv/detail/co_node__rosidl_typesupport_introspection_c.h
[2.057s] -- Up-to-date: /home/vboxuser/agv_ws/install/canopen_interfaces/include/canopen_interfaces/canopen_interfaces/srv/detail/co_write__type_support.c
[2.057s] -- Up-to-date: /home/vboxuser/agv_ws/install/canopen_interfaces/include/canopen_interfaces/canopen_interfaces/srv/detail/co_read_id__type_support.c
[2.057s] -- Up-to-date: /home/vboxuser/agv_ws/install/canopen_interfaces/include/canopen_interfaces/canopen_interfaces/srv/detail/co_target_double__type_support.c
[2.058s] -- Up-to-date: /home/vboxuser/agv_ws/install/canopen_interfaces/include/canopen_interfaces/canopen_interfaces/srv/detail/co_heartbeat_id__type_support.c
[2.058s] -- Up-to-date: /home/vboxuser/agv_ws/install/canopen_interfaces/include/canopen_interfaces/canopen_interfaces/srv/detail/co_write_id__rosidl_typesupport_introspection_c.h
[2.058s] -- Up-to-date: /home/vboxuser/agv_ws/install/canopen_interfaces/include/canopen_interfaces/canopen_interfaces/msg
[2.058s] -- Up-to-date: /home/vboxuser/agv_ws/install/canopen_interfaces/include/canopen_interfaces/canopen_interfaces/msg/rosidl_typesupport_introspection_c__visibility_control.h
[2.058s] -- Up-to-date: /home/vboxuser/agv_ws/install/canopen_interfaces/include/canopen_interfaces/canopen_interfaces/msg/detail
[2.058s] -- Up-to-date: /home/vboxuser/agv_ws/install/canopen_interfaces/include/canopen_interfaces/canopen_interfaces/msg/detail/co_data__rosidl_typesupport_introspection_c.h
[2.058s] -- Up-to-date: /home/vboxuser/agv_ws/install/canopen_interfaces/include/canopen_interfaces/canopen_interfaces/msg/detail/co_data__type_support.c
[2.059s] -- Up-to-date: /home/vboxuser/agv_ws/install/canopen_interfaces/lib/libcanopen_interfaces__rosidl_typesupport_introspection_c.so
[2.066s] -- Up-to-date: /home/vboxuser/agv_ws/install/canopen_interfaces/lib/libcanopen_interfaces__rosidl_typesupport_c.so
[2.067s] -- Up-to-date: /home/vboxuser/agv_ws/install/canopen_interfaces/include/canopen_interfaces/canopen_interfaces
[2.067s] -- Up-to-date: /home/vboxuser/agv_ws/install/canopen_interfaces/include/canopen_interfaces/canopen_interfaces/srv
[2.067s] -- Up-to-date: /home/vboxuser/agv_ws/install/canopen_interfaces/include/canopen_interfaces/canopen_interfaces/srv/co_node.hpp
[2.067s] -- Up-to-date: /home/vboxuser/agv_ws/install/canopen_interfaces/include/canopen_interfaces/canopen_interfaces/srv/co_read.hpp
[2.067s] -- Up-to-date: /home/vboxuser/agv_ws/install/canopen_interfaces/include/canopen_interfaces/canopen_interfaces/srv/co_target_double.hpp
[2.068s] -- Up-to-date: /home/vboxuser/agv_ws/install/canopen_interfaces/include/canopen_interfaces/canopen_interfaces/srv/co_write.hpp
[2.068s] -- Up-to-date: /home/vboxuser/agv_ws/install/canopen_interfaces/include/canopen_interfaces/canopen_interfaces/srv/co_nmt_id.hpp
[2.068s] -- Up-to-date: /home/vboxuser/agv_ws/install/canopen_interfaces/include/canopen_interfaces/canopen_interfaces/srv/co_write_id.hpp
[2.068s] -- Up-to-date: /home/vboxuser/agv_ws/install/canopen_interfaces/include/canopen_interfaces/canopen_interfaces/srv/co_read_id.hpp
[2.068s] -- Up-to-date: /home/vboxuser/agv_ws/install/canopen_interfaces/include/canopen_interfaces/canopen_interfaces/srv/co_heartbeat_id.hpp
[2.068s] -- Up-to-date: /home/vboxuser/agv_ws/install/canopen_interfaces/include/canopen_interfaces/canopen_interfaces/srv/detail
[2.068s] -- Up-to-date: /home/vboxuser/agv_ws/install/canopen_interfaces/include/canopen_interfaces/canopen_interfaces/srv/detail/co_heartbeat_id__struct.hpp
[2.069s] -- Up-to-date: /home/vboxuser/agv_ws/install/canopen_interfaces/include/canopen_interfaces/canopen_interfaces/srv/detail/co_node__struct.hpp
[2.069s] -- Up-to-date: /home/vboxuser/agv_ws/install/canopen_interfaces/include/canopen_interfaces/canopen_interfaces/srv/detail/co_read_id__struct.hpp
[2.069s] -- Up-to-date: /home/vboxuser/agv_ws/install/canopen_interfaces/include/canopen_interfaces/canopen_interfaces/srv/detail/co_write__traits.hpp
[2.069s] -- Up-to-date: /home/vboxuser/agv_ws/install/canopen_interfaces/include/canopen_interfaces/canopen_interfaces/srv/detail/co_nmt_id__builder.hpp
[2.069s] -- Up-to-date: /home/vboxuser/agv_ws/install/canopen_interfaces/include/canopen_interfaces/canopen_interfaces/srv/detail/co_write_id__struct.hpp
[2.069s] -- Up-to-date: /home/vboxuser/agv_ws/install/canopen_interfaces/include/canopen_interfaces/canopen_interfaces/srv/detail/co_write_id__builder.hpp
[2.069s] -- Up-to-date: /home/vboxuser/agv_ws/install/canopen_interfaces/include/canopen_interfaces/canopen_interfaces/srv/detail/co_target_double__traits.hpp
[2.070s] -- Up-to-date: /home/vboxuser/agv_ws/install/canopen_interfaces/include/canopen_interfaces/canopen_interfaces/srv/detail/co_read__builder.hpp
[2.070s] -- Up-to-date: /home/vboxuser/agv_ws/install/canopen_interfaces/include/canopen_interfaces/canopen_interfaces/srv/detail/co_read__traits.hpp
[2.070s] -- Up-to-date: /home/vboxuser/agv_ws/install/canopen_interfaces/include/canopen_interfaces/canopen_interfaces/srv/detail/co_read_id__builder.hpp
[2.070s] -- Up-to-date: /home/vboxuser/agv_ws/install/canopen_interfaces/include/canopen_interfaces/canopen_interfaces/srv/detail/co_node__builder.hpp
[2.070s] -- Up-to-date: /home/vboxuser/agv_ws/install/canopen_interfaces/include/canopen_interfaces/canopen_interfaces/srv/detail/co_write__struct.hpp
[2.070s] -- Up-to-date: /home/vboxuser/agv_ws/install/canopen_interfaces/include/canopen_interfaces/canopen_interfaces/srv/detail/co_target_double__struct.hpp
[2.070s] -- Up-to-date: /home/vboxuser/agv_ws/install/canopen_interfaces/include/canopen_interfaces/canopen_interfaces/srv/detail/co_write__builder.hpp
[2.071s] -- Up-to-date: /home/vboxuser/agv_ws/install/canopen_interfaces/include/canopen_interfaces/canopen_interfaces/srv/detail/co_target_double__builder.hpp
[2.071s] -- Up-to-date: /home/vboxuser/agv_ws/install/canopen_interfaces/include/canopen_interfaces/canopen_interfaces/srv/detail/co_read__struct.hpp
[2.071s] -- Up-to-date: /home/vboxuser/agv_ws/install/canopen_interfaces/include/canopen_interfaces/canopen_interfaces/srv/detail/co_nmt_id__traits.hpp
[2.071s] -- Up-to-date: /home/vboxuser/agv_ws/install/canopen_interfaces/include/canopen_interfaces/canopen_interfaces/srv/detail/co_node__traits.hpp
[2.071s] -- Up-to-date: /home/vboxuser/agv_ws/install/canopen_interfaces/include/canopen_interfaces/canopen_interfaces/srv/detail/co_read_id__traits.hpp
[2.071s] -- Up-to-date: /home/vboxuser/agv_ws/install/canopen_interfaces/include/canopen_interfaces/canopen_interfaces/srv/detail/co_write_id__traits.hpp
[2.072s] -- Up-to-date: /home/vboxuser/agv_ws/install/canopen_interfaces/include/canopen_interfaces/canopen_interfaces/srv/detail/co_heartbeat_id__builder.hpp
[2.072s] -- Up-to-date: /home/vboxuser/agv_ws/install/canopen_interfaces/include/canopen_interfaces/canopen_interfaces/srv/detail/co_nmt_id__struct.hpp
[2.072s] -- Up-to-date: /home/vboxuser/agv_ws/install/canopen_interfaces/include/canopen_interfaces/canopen_interfaces/srv/detail/co_heartbeat_id__traits.hpp
[2.072s] -- Up-to-date: /home/vboxuser/agv_ws/install/canopen_interfaces/include/canopen_interfaces/canopen_interfaces/msg
[2.072s] -- Up-to-date: /home/vboxuser/agv_ws/install/canopen_interfaces/include/canopen_interfaces/canopen_interfaces/msg/co_data.hpp
[2.072s] -- Up-to-date: /home/vboxuser/agv_ws/install/canopen_interfaces/include/canopen_interfaces/canopen_interfaces/msg/detail
[2.072s] -- Up-to-date: /home/vboxuser/agv_ws/install/canopen_interfaces/include/canopen_interfaces/canopen_interfaces/msg/detail/co_data__builder.hpp
[2.073s] -- Up-to-date: /home/vboxuser/agv_ws/install/canopen_interfaces/include/canopen_interfaces/canopen_interfaces/msg/detail/co_data__struct.hpp
[2.073s] -- Up-to-date: /home/vboxuser/agv_ws/install/canopen_interfaces/include/canopen_interfaces/canopen_interfaces/msg/detail/co_data__traits.hpp
[2.073s] -- Up-to-date: /home/vboxuser/agv_ws/install/canopen_interfaces/include/canopen_interfaces/canopen_interfaces
[2.073s] -- Up-to-date: /home/vboxuser/agv_ws/install/canopen_interfaces/include/canopen_interfaces/canopen_interfaces/srv
[2.073s] -- Up-to-date: /home/vboxuser/agv_ws/install/canopen_interfaces/include/canopen_interfaces/canopen_interfaces/srv/detail
[2.079s] -- Up-to-date: /home/vboxuser/agv_ws/install/canopen_interfaces/include/canopen_interfaces/canopen_interfaces/srv/detail/co_target_double__rosidl_typesupport_fastrtps_cpp.hpp
[2.079s] -- Up-to-date: /home/vboxuser/agv_ws/install/canopen_interfaces/include/canopen_interfaces/canopen_interfaces/srv/detail/co_heartbeat_id__rosidl_typesupport_fastrtps_cpp.hpp
[2.079s] -- Up-to-date: /home/vboxuser/agv_ws/install/canopen_interfaces/include/canopen_interfaces/canopen_interfaces/srv/detail/co_nmt_id__rosidl_typesupport_fastrtps_cpp.hpp
[2.079s] -- Up-to-date: /home/vboxuser/agv_ws/install/canopen_interfaces/include/canopen_interfaces/canopen_interfaces/srv/detail/co_read_id__rosidl_typesupport_fastrtps_cpp.hpp
[2.079s] -- Up-to-date: /home/vboxuser/agv_ws/install/canopen_interfaces/include/canopen_interfaces/canopen_interfaces/srv/detail/co_node__rosidl_typesupport_fastrtps_cpp.hpp
[2.080s] -- Up-to-date: /home/vboxuser/agv_ws/install/canopen_interfaces/include/canopen_interfaces/canopen_interfaces/srv/detail/co_write_id__rosidl_typesupport_fastrtps_cpp.hpp
[2.080s] -- Up-to-date: /home/vboxuser/agv_ws/install/canopen_interfaces/include/canopen_interfaces/canopen_interfaces/srv/detail/co_write__rosidl_typesupport_fastrtps_cpp.hpp
[2.080s] -- Up-to-date: /home/vboxuser/agv_ws/install/canopen_interfaces/include/canopen_interfaces/canopen_interfaces/srv/detail/co_read__rosidl_typesupport_fastrtps_cpp.hpp
[2.080s] -- Up-to-date: /home/vboxuser/agv_ws/install/canopen_interfaces/include/canopen_interfaces/canopen_interfaces/srv/detail/dds_fastrtps
[2.080s] -- Up-to-date: /home/vboxuser/agv_ws/install/canopen_interfaces/include/canopen_interfaces/canopen_interfaces/msg
[2.080s] -- Up-to-date: /home/vboxuser/agv_ws/install/canopen_interfaces/include/canopen_interfaces/canopen_interfaces/msg/rosidl_typesupport_fastrtps_cpp__visibility_control.h
[2.080s] -- Up-to-date: /home/vboxuser/agv_ws/install/canopen_interfaces/include/canopen_interfaces/canopen_interfaces/msg/detail
[2.080s] -- Up-to-date: /home/vboxuser/agv_ws/install/canopen_interfaces/include/canopen_interfaces/canopen_interfaces/msg/detail/co_data__rosidl_typesupport_fastrtps_cpp.hpp
[2.080s] -- Up-to-date: /home/vboxuser/agv_ws/install/canopen_interfaces/include/canopen_interfaces/canopen_interfaces/msg/detail/dds_fastrtps
[2.080s] -- Up-to-date: /home/vboxuser/agv_ws/install/canopen_interfaces/lib/libcanopen_interfaces__rosidl_typesupport_fastrtps_cpp.so
[2.081s] -- Up-to-date: /home/vboxuser/agv_ws/install/canopen_interfaces/include/canopen_interfaces/canopen_interfaces
[2.081s] -- Up-to-date: /home/vboxuser/agv_ws/install/canopen_interfaces/include/canopen_interfaces/canopen_interfaces/srv
[2.081s] -- Up-to-date: /home/vboxuser/agv_ws/install/canopen_interfaces/include/canopen_interfaces/canopen_interfaces/srv/detail
[2.081s] -- Up-to-date: /home/vboxuser/agv_ws/install/canopen_interfaces/include/canopen_interfaces/canopen_interfaces/srv/detail/co_nmt_id__type_support.cpp
[2.081s] -- Up-to-date: /home/vboxuser/agv_ws/install/canopen_interfaces/include/canopen_interfaces/canopen_interfaces/srv/detail/co_write_id__rosidl_typesupport_introspection_cpp.hpp
[2.081s] -- Up-to-date: /home/vboxuser/agv_ws/install/canopen_interfaces/include/canopen_interfaces/canopen_interfaces/srv/detail/co_nmt_id__rosidl_typesupport_introspection_cpp.hpp
[2.081s] -- Up-to-date: /home/vboxuser/agv_ws/install/canopen_interfaces/include/canopen_interfaces/canopen_interfaces/srv/detail/co_write__type_support.cpp
[2.081s] -- Up-to-date: /home/vboxuser/agv_ws/install/canopen_interfaces/include/canopen_interfaces/canopen_interfaces/srv/detail/co_read_id__type_support.cpp
[2.081s] -- Up-to-date: /home/vboxuser/agv_ws/install/canopen_interfaces/include/canopen_interfaces/canopen_interfaces/srv/detail/co_write_id__type_support.cpp
[2.082s] -- Up-to-date: /home/vboxuser/agv_ws/install/canopen_interfaces/include/canopen_interfaces/canopen_interfaces/srv/detail/co_read_id__rosidl_typesupport_introspection_cpp.hpp
[2.082s] -- Up-to-date: /home/vboxuser/agv_ws/install/canopen_interfaces/include/canopen_interfaces/canopen_interfaces/srv/detail/co_target_double__type_support.cpp
[2.082s] -- Up-to-date: /home/vboxuser/agv_ws/install/canopen_interfaces/include/canopen_interfaces/canopen_interfaces/srv/detail/co_target_double__rosidl_typesupport_introspection_cpp.hpp
[2.082s] -- Up-to-date: /home/vboxuser/agv_ws/install/canopen_interfaces/include/canopen_interfaces/canopen_interfaces/srv/detail/co_heartbeat_id__type_support.cpp
[2.082s] -- Up-to-date: /home/vboxuser/agv_ws/install/canopen_interfaces/include/canopen_interfaces/canopen_interfaces/srv/detail/co_read__type_support.cpp
[2.082s] -- Up-to-date: /home/vboxuser/agv_ws/install/canopen_interfaces/include/canopen_interfaces/canopen_interfaces/srv/detail/co_node__rosidl_typesupport_introspection_cpp.hpp
[2.082s] -- Up-to-date: /home/vboxuser/agv_ws/install/canopen_interfaces/include/canopen_interfaces/canopen_interfaces/srv/detail/co_write__rosidl_typesupport_introspection_cpp.hpp
[2.082s] -- Up-to-date: /home/vboxuser/agv_ws/install/canopen_interfaces/include/canopen_interfaces/canopen_interfaces/srv/detail/co_heartbeat_id__rosidl_typesupport_introspection_cpp.hpp
[2.082s] -- Up-to-date: /home/vboxuser/agv_ws/install/canopen_interfaces/include/canopen_interfaces/canopen_interfaces/srv/detail/co_read__rosidl_typesupport_introspection_cpp.hpp
[2.082s] -- Up-to-date: /home/vboxuser/agv_ws/install/canopen_interfaces/include/canopen_interfaces/canopen_interfaces/srv/detail/co_node__type_support.cpp
[2.083s] -- Up-to-date: /home/vboxuser/agv_ws/install/canopen_interfaces/include/canopen_interfaces/canopen_interfaces/msg
[2.083s] -- Up-to-date: /home/vboxuser/agv_ws/install/canopen_interfaces/include/canopen_interfaces/canopen_interfaces/msg/detail
[2.083s] -- Up-to-date: /home/vboxuser/agv_ws/install/canopen_interfaces/include/canopen_interfaces/canopen_interfaces/msg/detail/co_data__type_support.cpp
[2.083s] -- Up-to-date: /home/vboxuser/agv_ws/install/canopen_interfaces/include/canopen_interfaces/canopen_interfaces/msg/detail/co_data__rosidl_typesupport_introspection_cpp.hpp
[2.083s] -- Up-to-date: /home/vboxuser/agv_ws/install/canopen_interfaces/lib/libcanopen_interfaces__rosidl_typesupport_introspection_cpp.so
[2.083s] -- Up-to-date: /home/vboxuser/agv_ws/install/canopen_interfaces/lib/libcanopen_interfaces__rosidl_typesupport_cpp.so
[2.083s] -- Up-to-date: /home/vboxuser/agv_ws/install/canopen_interfaces/share/canopen_interfaces/environment/pythonpath.sh
[2.083s] -- Up-to-date: /home/vboxuser/agv_ws/install/canopen_interfaces/share/canopen_interfaces/environment/pythonpath.dsv
[2.084s] -- Up-to-date: /home/vboxuser/agv_ws/install/canopen_interfaces/local/lib/python3.10/dist-packages/canopen_interfaces-0.2.7-py3.10.egg-info
[2.084s] -- Installing: /home/vboxuser/agv_ws/install/canopen_interfaces/local/lib/python3.10/dist-packages/canopen_interfaces-0.2.7-py3.10.egg-info/SOURCES.txt
[2.084s] -- Installing: /home/vboxuser/agv_ws/install/canopen_interfaces/local/lib/python3.10/dist-packages/canopen_interfaces-0.2.7-py3.10.egg-info/dependency_links.txt
[2.084s] -- Installing: /home/vboxuser/agv_ws/install/canopen_interfaces/local/lib/python3.10/dist-packages/canopen_interfaces-0.2.7-py3.10.egg-info/PKG-INFO
[2.084s] -- Installing: /home/vboxuser/agv_ws/install/canopen_interfaces/local/lib/python3.10/dist-packages/canopen_interfaces-0.2.7-py3.10.egg-info/top_level.txt
[2.084s] -- Up-to-date: /home/vboxuser/agv_ws/install/canopen_interfaces/local/lib/python3.10/dist-packages/canopen_interfaces
[2.084s] -- Up-to-date: /home/vboxuser/agv_ws/install/canopen_interfaces/local/lib/python3.10/dist-packages/canopen_interfaces/srv
[2.084s] -- Up-to-date: /home/vboxuser/agv_ws/install/canopen_interfaces/local/lib/python3.10/dist-packages/canopen_interfaces/srv/_co_heartbeat_id.py
[2.084s] -- Up-to-date: /home/vboxuser/agv_ws/install/canopen_interfaces/local/lib/python3.10/dist-packages/canopen_interfaces/srv/_co_read.py
[2.084s] -- Up-to-date: /home/vboxuser/agv_ws/install/canopen_interfaces/local/lib/python3.10/dist-packages/canopen_interfaces/srv/_co_heartbeat_id_s.c
[2.085s] -- Up-to-date: /home/vboxuser/agv_ws/install/canopen_interfaces/local/lib/python3.10/dist-packages/canopen_interfaces/srv/_co_nmt_id.py
[2.085s] -- Up-to-date: /home/vboxuser/agv_ws/install/canopen_interfaces/local/lib/python3.10/dist-packages/canopen_interfaces/srv/_co_node_s.c
[2.085s] -- Up-to-date: /home/vboxuser/agv_ws/install/canopen_interfaces/local/lib/python3.10/dist-packages/canopen_interfaces/srv/_co_target_double_s.c
[2.085s] -- Up-to-date: /home/vboxuser/agv_ws/install/canopen_interfaces/local/lib/python3.10/dist-packages/canopen_interfaces/srv/_co_read_s.c
[2.085s] -- Up-to-date: /home/vboxuser/agv_ws/install/canopen_interfaces/local/lib/python3.10/dist-packages/canopen_interfaces/srv/_co_read_id_s.c
[2.085s] -- Up-to-date: /home/vboxuser/agv_ws/install/canopen_interfaces/local/lib/python3.10/dist-packages/canopen_interfaces/srv/__init__.py
[2.085s] -- Up-to-date: /home/vboxuser/agv_ws/install/canopen_interfaces/local/lib/python3.10/dist-packages/canopen_interfaces/srv/_co_nmt_id_s.c
[2.085s] -- Up-to-date: /home/vboxuser/agv_ws/install/canopen_interfaces/local/lib/python3.10/dist-packages/canopen_interfaces/srv/_co_node.py
[2.085s] -- Up-to-date: /home/vboxuser/agv_ws/install/canopen_interfaces/local/lib/python3.10/dist-packages/canopen_interfaces/srv/_co_write_id.py
[2.086s] -- Up-to-date: /home/vboxuser/agv_ws/install/canopen_interfaces/local/lib/python3.10/dist-packages/canopen_interfaces/srv/_co_write_s.c
[2.086s] -- Up-to-date: /home/vboxuser/agv_ws/install/canopen_interfaces/local/lib/python3.10/dist-packages/canopen_interfaces/srv/_co_write.py
[2.086s] -- Up-to-date: /home/vboxuser/agv_ws/install/canopen_interfaces/local/lib/python3.10/dist-packages/canopen_interfaces/srv/_co_read_id.py
[2.086s] -- Up-to-date: /home/vboxuser/agv_ws/install/canopen_interfaces/local/lib/python3.10/dist-packages/canopen_interfaces/srv/_co_target_double.py
[2.086s] -- Up-to-date: /home/vboxuser/agv_ws/install/canopen_interfaces/local/lib/python3.10/dist-packages/canopen_interfaces/srv/_co_write_id_s.c
[2.086s] -- Up-to-date: /home/vboxuser/agv_ws/install/canopen_interfaces/local/lib/python3.10/dist-packages/canopen_interfaces/_canopen_interfaces_s.ep.rosidl_typesupport_introspection_c.c
[2.086s] -- Up-to-date: /home/vboxuser/agv_ws/install/canopen_interfaces/local/lib/python3.10/dist-packages/canopen_interfaces/_canopen_interfaces_s.ep.rosidl_typesupport_fastrtps_c.c
[2.086s] -- Up-to-date: /home/vboxuser/agv_ws/install/canopen_interfaces/local/lib/python3.10/dist-packages/canopen_interfaces/_canopen_interfaces_s.ep.rosidl_typesupport_c.c
[2.086s] -- Up-to-date: /home/vboxuser/agv_ws/install/canopen_interfaces/local/lib/python3.10/dist-packages/canopen_interfaces/libcanopen_interfaces__rosidl_generator_py.so
[2.087s] -- Up-to-date: /home/vboxuser/agv_ws/install/canopen_interfaces/local/lib/python3.10/dist-packages/canopen_interfaces/__init__.py
[2.087s] -- Up-to-date: /home/vboxuser/agv_ws/install/canopen_interfaces/local/lib/python3.10/dist-packages/canopen_interfaces/msg
[2.087s] -- Up-to-date: /home/vboxuser/agv_ws/install/canopen_interfaces/local/lib/python3.10/dist-packages/canopen_interfaces/msg/_co_data_s.c
[2.087s] -- Up-to-date: /home/vboxuser/agv_ws/install/canopen_interfaces/local/lib/python3.10/dist-packages/canopen_interfaces/msg/__init__.py
[2.087s] -- Up-to-date: /home/vboxuser/agv_ws/install/canopen_interfaces/local/lib/python3.10/dist-packages/canopen_interfaces/msg/_co_data.py
[2.087s] -- Up-to-date: /home/vboxuser/agv_ws/install/canopen_interfaces/local/lib/python3.10/dist-packages/canopen_interfaces/canopen_interfaces_s__rosidl_typesupport_c.cpython-310-x86_64-linux-gnu.so
[2.087s] -- Up-to-date: /home/vboxuser/agv_ws/install/canopen_interfaces/local/lib/python3.10/dist-packages/canopen_interfaces/canopen_interfaces_s__rosidl_typesupport_introspection_c.cpython-310-x86_64-linux-gnu.so
[2.087s] -- Up-to-date: /home/vboxuser/agv_ws/install/canopen_interfaces/local/lib/python3.10/dist-packages/canopen_interfaces/canopen_interfaces_s__rosidl_typesupport_fastrtps_c.cpython-310-x86_64-linux-gnu.so
[2.118s] Listing '/home/vboxuser/agv_ws/install/canopen_interfaces/local/lib/python3.10/dist-packages/canopen_interfaces'...
[2.118s] Listing '/home/vboxuser/agv_ws/install/canopen_interfaces/local/lib/python3.10/dist-packages/canopen_interfaces/msg'...
[2.118s] Listing '/home/vboxuser/agv_ws/install/canopen_interfaces/local/lib/python3.10/dist-packages/canopen_interfaces/srv'...
[2.128s] -- Up-to-date: /home/vboxuser/agv_ws/install/canopen_interfaces/local/lib/python3.10/dist-packages/canopen_interfaces/canopen_interfaces_s__rosidl_typesupport_fastrtps_c.cpython-310-x86_64-linux-gnu.so
[2.129s] -- Up-to-date: /home/vboxuser/agv_ws/install/canopen_interfaces/local/lib/python3.10/dist-packages/canopen_interfaces/canopen_interfaces_s__rosidl_typesupport_introspection_c.cpython-310-x86_64-linux-gnu.so
[2.129s] -- Up-to-date: /home/vboxuser/agv_ws/install/canopen_interfaces/local/lib/python3.10/dist-packages/canopen_interfaces/canopen_interfaces_s__rosidl_typesupport_c.cpython-310-x86_64-linux-gnu.so
[2.132s] -- Up-to-date: /home/vboxuser/agv_ws/install/canopen_interfaces/lib/libcanopen_interfaces__rosidl_generator_py.so
[2.133s] -- Up-to-date: /home/vboxuser/agv_ws/install/canopen_interfaces/share/canopen_interfaces/srv/COHeartbeatID.idl
[2.133s] -- Up-to-date: /home/vboxuser/agv_ws/install/canopen_interfaces/share/canopen_interfaces/srv/CONmtID.idl
[2.133s] -- Up-to-date: /home/vboxuser/agv_ws/install/canopen_interfaces/share/canopen_interfaces/srv/CORead.idl
[2.133s] -- Up-to-date: /home/vboxuser/agv_ws/install/canopen_interfaces/share/canopen_interfaces/srv/COReadID.idl
[2.133s] -- Up-to-date: /home/vboxuser/agv_ws/install/canopen_interfaces/share/canopen_interfaces/srv/COWrite.idl
[2.134s] -- Up-to-date: /home/vboxuser/agv_ws/install/canopen_interfaces/share/canopen_interfaces/srv/COWriteID.idl
[2.134s] -- Up-to-date: /home/vboxuser/agv_ws/install/canopen_interfaces/share/canopen_interfaces/srv/COTargetDouble.idl
[2.134s] -- Up-to-date: /home/vboxuser/agv_ws/install/canopen_interfaces/share/canopen_interfaces/srv/CONode.idl
[2.134s] -- Up-to-date: /home/vboxuser/agv_ws/install/canopen_interfaces/share/canopen_interfaces/msg/COData.idl
[2.135s] -- Up-to-date: /home/vboxuser/agv_ws/install/canopen_interfaces/share/canopen_interfaces/srv/COHeartbeatID.srv
[2.135s] -- Up-to-date: /home/vboxuser/agv_ws/install/canopen_interfaces/share/canopen_interfaces/srv/COHeartbeatID_Request.msg
[2.135s] -- Up-to-date: /home/vboxuser/agv_ws/install/canopen_interfaces/share/canopen_interfaces/srv/COHeartbeatID_Response.msg
[2.135s] -- Up-to-date: /home/vboxuser/agv_ws/install/canopen_interfaces/share/canopen_interfaces/srv/CONmtID.srv
[2.136s] -- Up-to-date: /home/vboxuser/agv_ws/install/canopen_interfaces/share/canopen_interfaces/srv/CONmtID_Request.msg
[2.136s] -- Up-to-date: /home/vboxuser/agv_ws/install/canopen_interfaces/share/canopen_interfaces/srv/CONmtID_Response.msg
[2.137s] -- Up-to-date: /home/vboxuser/agv_ws/install/canopen_interfaces/share/canopen_interfaces/srv/CORead.srv
[2.137s] -- Up-to-date: /home/vboxuser/agv_ws/install/canopen_interfaces/share/canopen_interfaces/srv/CORead_Request.msg
[2.137s] -- Up-to-date: /home/vboxuser/agv_ws/install/canopen_interfaces/share/canopen_interfaces/srv/CORead_Response.msg
[2.137s] -- Up-to-date: /home/vboxuser/agv_ws/install/canopen_interfaces/share/canopen_interfaces/srv/COReadID.srv
[2.137s] -- Up-to-date: /home/vboxuser/agv_ws/install/canopen_interfaces/share/canopen_interfaces/srv/COReadID_Request.msg
[2.138s] -- Up-to-date: /home/vboxuser/agv_ws/install/canopen_interfaces/share/canopen_interfaces/srv/COReadID_Response.msg
[2.138s] -- Up-to-date: /home/vboxuser/agv_ws/install/canopen_interfaces/share/canopen_interfaces/srv/COWrite.srv
[2.138s] -- Up-to-date: /home/vboxuser/agv_ws/install/canopen_interfaces/share/canopen_interfaces/srv/COWrite_Request.msg
[2.138s] -- Up-to-date: /home/vboxuser/agv_ws/install/canopen_interfaces/share/canopen_interfaces/srv/COWrite_Response.msg
[2.138s] -- Up-to-date: /home/vboxuser/agv_ws/install/canopen_interfaces/share/canopen_interfaces/srv/COWriteID.srv
[2.138s] -- Up-to-date: /home/vboxuser/agv_ws/install/canopen_interfaces/share/canopen_interfaces/srv/COWriteID_Request.msg
[2.139s] -- Up-to-date: /home/vboxuser/agv_ws/install/canopen_interfaces/share/canopen_interfaces/srv/COWriteID_Response.msg
[2.139s] -- Up-to-date: /home/vboxuser/agv_ws/install/canopen_interfaces/share/canopen_interfaces/srv/COTargetDouble.srv
[2.139s] -- Up-to-date: /home/vboxuser/agv_ws/install/canopen_interfaces/share/canopen_interfaces/srv/COTargetDouble_Request.msg
[2.139s] -- Up-to-date: /home/vboxuser/agv_ws/install/canopen_interfaces/share/canopen_interfaces/srv/COTargetDouble_Response.msg
[2.139s] -- Up-to-date: /home/vboxuser/agv_ws/install/canopen_interfaces/share/canopen_interfaces/srv/CONode.srv
[2.139s] -- Up-to-date: /home/vboxuser/agv_ws/install/canopen_interfaces/share/canopen_interfaces/srv/CONode_Request.msg
[2.140s] -- Up-to-date: /home/vboxuser/agv_ws/install/canopen_interfaces/share/canopen_interfaces/srv/CONode_Response.msg
[2.140s] -- Up-to-date: /home/vboxuser/agv_ws/install/canopen_interfaces/share/canopen_interfaces/msg/COData.msg
[2.143s] -- Up-to-date: /home/vboxuser/agv_ws/install/canopen_interfaces/share/ament_index/resource_index/package_run_dependencies/canopen_interfaces
[2.143s] -- Up-to-date: /home/vboxuser/agv_ws/install/canopen_interfaces/share/ament_index/resource_index/parent_prefix_path/canopen_interfaces
[2.144s] -- Up-to-date: /home/vboxuser/agv_ws/install/canopen_interfaces/share/canopen_interfaces/environment/ament_prefix_path.sh
[2.144s] -- Up-to-date: /home/vboxuser/agv_ws/install/canopen_interfaces/share/canopen_interfaces/environment/ament_prefix_path.dsv
[2.144s] -- Up-to-date: /home/vboxuser/agv_ws/install/canopen_interfaces/share/canopen_interfaces/environment/path.sh
[2.144s] -- Up-to-date: /home/vboxuser/agv_ws/install/canopen_interfaces/share/canopen_interfaces/environment/path.dsv
[2.144s] -- Up-to-date: /home/vboxuser/agv_ws/install/canopen_interfaces/share/canopen_interfaces/local_setup.bash
[2.144s] -- Up-to-date: /home/vboxuser/agv_ws/install/canopen_interfaces/share/canopen_interfaces/local_setup.sh
[2.144s] -- Up-to-date: /home/vboxuser/agv_ws/install/canopen_interfaces/share/canopen_interfaces/local_setup.zsh
[2.144s] -- Up-to-date: /home/vboxuser/agv_ws/install/canopen_interfaces/share/canopen_interfaces/local_setup.dsv
[2.145s] -- Installing: /home/vboxuser/agv_ws/install/canopen_interfaces/share/canopen_interfaces/package.dsv
[2.145s] -- Up-to-date: /home/vboxuser/agv_ws/install/canopen_interfaces/share/ament_index/resource_index/packages/canopen_interfaces
[2.145s] -- Up-to-date: /home/vboxuser/agv_ws/install/canopen_interfaces/share/canopen_interfaces/cmake/export_canopen_interfaces__rosidl_generator_cExport.cmake
[2.145s] -- Up-to-date: /home/vboxuser/agv_ws/install/canopen_interfaces/share/canopen_interfaces/cmake/export_canopen_interfaces__rosidl_generator_cExport-noconfig.cmake
[2.145s] -- Up-to-date: /home/vboxuser/agv_ws/install/canopen_interfaces/share/canopen_interfaces/cmake/export_canopen_interfaces__rosidl_typesupport_fastrtps_cExport.cmake
[2.145s] -- Up-to-date: /home/vboxuser/agv_ws/install/canopen_interfaces/share/canopen_interfaces/cmake/export_canopen_interfaces__rosidl_typesupport_fastrtps_cExport-noconfig.cmake
[2.145s] -- Up-to-date: /home/vboxuser/agv_ws/install/canopen_interfaces/share/canopen_interfaces/cmake/canopen_interfaces__rosidl_typesupport_introspection_cExport.cmake
[2.145s] -- Up-to-date: /home/vboxuser/agv_ws/install/canopen_interfaces/share/canopen_interfaces/cmake/canopen_interfaces__rosidl_typesupport_introspection_cExport-noconfig.cmake
[2.146s] -- Up-to-date: /home/vboxuser/agv_ws/install/canopen_interfaces/share/canopen_interfaces/cmake/canopen_interfaces__rosidl_typesupport_cExport.cmake
[2.146s] -- Up-to-date: /home/vboxuser/agv_ws/install/canopen_interfaces/share/canopen_interfaces/cmake/canopen_interfaces__rosidl_typesupport_cExport-noconfig.cmake
[2.146s] -- Up-to-date: /home/vboxuser/agv_ws/install/canopen_interfaces/share/canopen_interfaces/cmake/export_canopen_interfaces__rosidl_generator_cppExport.cmake
[2.146s] -- Up-to-date: /home/vboxuser/agv_ws/install/canopen_interfaces/share/canopen_interfaces/cmake/export_canopen_interfaces__rosidl_typesupport_fastrtps_cppExport.cmake
[2.146s] -- Up-to-date: /home/vboxuser/agv_ws/install/canopen_interfaces/share/canopen_interfaces/cmake/export_canopen_interfaces__rosidl_typesupport_fastrtps_cppExport-noconfig.cmake
[2.146s] -- Up-to-date: /home/vboxuser/agv_ws/install/canopen_interfaces/share/canopen_interfaces/cmake/canopen_interfaces__rosidl_typesupport_introspection_cppExport.cmake
[2.146s] -- Up-to-date: /home/vboxuser/agv_ws/install/canopen_interfaces/share/canopen_interfaces/cmake/canopen_interfaces__rosidl_typesupport_introspection_cppExport-noconfig.cmake
[2.147s] -- Up-to-date: /home/vboxuser/agv_ws/install/canopen_interfaces/share/canopen_interfaces/cmake/canopen_interfaces__rosidl_typesupport_cppExport.cmake
[2.147s] -- Up-to-date: /home/vboxuser/agv_ws/install/canopen_interfaces/share/canopen_interfaces/cmake/canopen_interfaces__rosidl_typesupport_cppExport-noconfig.cmake
[2.147s] -- Up-to-date: /home/vboxuser/agv_ws/install/canopen_interfaces/share/canopen_interfaces/cmake/export_canopen_interfaces__rosidl_generator_pyExport.cmake
[2.147s] -- Up-to-date: /home/vboxuser/agv_ws/install/canopen_interfaces/share/canopen_interfaces/cmake/export_canopen_interfaces__rosidl_generator_pyExport-noconfig.cmake
[2.147s] -- Up-to-date: /home/vboxuser/agv_ws/install/canopen_interfaces/share/canopen_interfaces/cmake/rosidl_cmake-extras.cmake
[2.147s] -- Up-to-date: /home/vboxuser/agv_ws/install/canopen_interfaces/share/canopen_interfaces/cmake/ament_cmake_export_include_directories-extras.cmake
[2.147s] -- Up-to-date: /home/vboxuser/agv_ws/install/canopen_interfaces/share/canopen_interfaces/cmake/ament_cmake_export_libraries-extras.cmake
[2.148s] -- Up-to-date: /home/vboxuser/agv_ws/install/canopen_interfaces/share/canopen_interfaces/cmake/ament_cmake_export_targets-extras.cmake
[2.148s] -- Up-to-date: /home/vboxuser/agv_ws/install/canopen_interfaces/share/canopen_interfaces/cmake/rosidl_cmake_export_typesupport_targets-extras.cmake
[2.148s] -- Up-to-date: /home/vboxuser/agv_ws/install/canopen_interfaces/share/canopen_interfaces/cmake/ament_cmake_export_dependencies-extras.cmake
[2.148s] -- Up-to-date: /home/vboxuser/agv_ws/install/canopen_interfaces/share/canopen_interfaces/cmake/rosidl_cmake_export_typesupport_libraries-extras.cmake
[2.148s] -- Up-to-date: /home/vboxuser/agv_ws/install/canopen_interfaces/share/canopen_interfaces/cmake/canopen_interfacesConfig.cmake
[2.148s] -- Up-to-date: /home/vboxuser/agv_ws/install/canopen_interfaces/share/canopen_interfaces/cmake/canopen_interfacesConfig-version.cmake
[2.148s] -- Up-to-date: /home/vboxuser/agv_ws/install/canopen_interfaces/share/canopen_interfaces/package.xml
[2.149s] Invoked command in '/home/vboxuser/agv_ws/build/canopen_interfaces' returned '0': CMAKE_PREFIX_PATH=/home/vboxuser/agv_ws/install/wheel_control:/home/vboxuser/agv_ws/install/pgv100:/home/vboxuser/agv_ws/install/panda_rviz_viewer:/home/vboxuser/agv_ws/install/panda_canopen:/home/vboxuser/agv_ws/install/my_simulation:/home/vboxuser/agv_ws/install/canopen_tests:/home/vboxuser/agv_ws/install/canopen_ros2_controllers:/home/vboxuser/agv_ws/install/canopen_ros2_control:/home/vboxuser/agv_ws/install/canopen_robot_control_example:/home/vboxuser/agv_ws/install/canopen_kinco3:/home/vboxuser/agv_ws/install/canopen_kinco2:/home/vboxuser/agv_ws/install/canopen_kinco:/home/vboxuser/agv_ws/install/canopen:/home/vboxuser/agv_ws/install/canopen_402_driver:/home/vboxuser/agv_ws/install/canopen_proxy_driver:/home/vboxuser/agv_ws/install/canopen_master_driver:/home/vboxuser/agv_ws/install/canopen_fake_slaves:/home/vboxuser/agv_ws/install/canopen_base_driver:/home/vboxuser/agv_ws/install/canopen_core:/home/vboxuser/agv_ws/install/lely_core_libraries:/home/vboxuser/agv_ws/install/canopen_interfaces:/home/vboxuser/agv_ws/install/agv_py:/home/vboxuser/agv_ws/install/agv_msgs:/home/vboxuser/agv_ws/install/agv_controllers:/home/vboxuser/agv_ws/install/communication:/home/vboxuser/agv_ws/install/canopen_utils:/home/vboxuser/agv_ws/install/agv_py_functions:/home/vboxuser/bumperbot_ws/install/bumperbot_py_examples:/home/vboxuser/ros2_ws/install/my_py_pkg:/opt/ros/humble:/home/vboxuser/agv_ws/install/agv_controller:/home/vboxuser/agv_ws/install/agv:/home/vboxuser/bumperbot_ws/install/bumperbot_cpp_examples:/home/vboxuser/bumperbot_ws/install/bumperbot_msgs:/home/vboxuser/bumperbot_ws/install/bumperbot_description:/home/vboxuser/bumperbot_ws/install/bumperbot_controller:/home/vboxuser/ros2_ws/install/my_simulation /usr/bin/cmake --install /home/vboxuser/agv_ws/build/canopen_interfaces
