-- Install configuration: ""
-- Up-to-date: /home/vboxuser/agv_ws/install/agv/share/agv/meshes
-- Up-to-date: /home/vboxuser/agv_ws/install/agv/share/agv/meshes/MainBody_1.STL
-- Up-to-date: /home/vboxuser/agv_ws/install/agv/share/agv/meshes/caster_front_link.STL
-- Installing: /home/vboxuser/agv_ws/install/agv/share/agv/meshes/wheel_left_link.stl
-- Up-to-date: /home/vboxuser/agv_ws/install/agv/share/agv/meshes/Camera.stl
-- Up-to-date: /home/vboxuser/agv_ws/install/agv/share/agv/meshes/Cartwheel.STL
-- Up-to-date: /home/vboxuser/agv_ws/install/agv/share/agv/meshes/ring.stl
-- Up-to-date: /home/vboxuser/agv_ws/install/agv/share/agv/meshes/caster_rear_link.STL
-- Up-to-date: /home/vboxuser/agv_ws/install/agv/share/agv/meshes/Part7.stl
-- Up-to-date: /home/vboxuser/agv_ws/install/agv/share/agv/meshes/base_link.STL
-- Up-to-date: /home/vboxuser/agv_ws/install/agv/share/agv/meshes/Platform.stl
-- Up-to-date: /home/vboxuser/agv_ws/install/agv/share/agv/meshes/imu_link.STL
-- Up-to-date: /home/vboxuser/agv_ws/install/agv/share/agv/meshes/wheel_right_link.STL
-- Up-to-date: /home/vboxuser/agv_ws/install/agv/share/agv/meshes/WheelLeft.STL
-- Up-to-date: /home/vboxuser/agv_ws/install/agv/share/agv/urdf
-- Installing: /home/vboxuser/agv_ws/install/agv/share/agv/urdf/agv.urdf.xacro
-- Up-to-date: /home/vboxuser/agv_ws/install/agv/share/agv/urdf/agv_gazebo.xacro
-- Up-to-date: /home/vboxuser/agv_ws/install/agv/share/agv/launch
-- Up-to-date: /home/vboxuser/agv_ws/install/agv/share/agv/launch/gazebo.launch.py
-- Up-to-date: /home/vboxuser/agv_ws/install/agv/share/agv/launch/display.launch.py
-- Up-to-date: /home/vboxuser/agv_ws/install/agv/share/agv/rviz
-- Up-to-date: /home/vboxuser/agv_ws/install/agv/share/agv/rviz/default.rviz
-- Up-to-date: /home/vboxuser/agv_ws/install/agv/share/ament_index/resource_index/package_run_dependencies/agv
-- Up-to-date: /home/vboxuser/agv_ws/install/agv/share/ament_index/resource_index/parent_prefix_path/agv
-- Up-to-date: /home/vboxuser/agv_ws/install/agv/share/agv/environment/ament_prefix_path.sh
-- Up-to-date: /home/vboxuser/agv_ws/install/agv/share/agv/environment/ament_prefix_path.dsv
-- Up-to-date: /home/vboxuser/agv_ws/install/agv/share/agv/environment/path.sh
-- Up-to-date: /home/vboxuser/agv_ws/install/agv/share/agv/environment/path.dsv
-- Up-to-date: /home/vboxuser/agv_ws/install/agv/share/agv/local_setup.bash
-- Up-to-date: /home/vboxuser/agv_ws/install/agv/share/agv/local_setup.sh
-- Up-to-date: /home/vboxuser/agv_ws/install/agv/share/agv/local_setup.zsh
-- Up-to-date: /home/vboxuser/agv_ws/install/agv/share/agv/local_setup.dsv
-- Installing: /home/vboxuser/agv_ws/install/agv/share/agv/package.dsv
-- Up-to-date: /home/vboxuser/agv_ws/install/agv/share/ament_index/resource_index/packages/agv
-- Up-to-date: /home/vboxuser/agv_ws/install/agv/share/agv/cmake/agvConfig.cmake
-- Up-to-date: /home/vboxuser/agv_ws/install/agv/share/agv/cmake/agvConfig-version.cmake
-- Up-to-date: /home/vboxuser/agv_ws/install/agv/share/agv/package.xml
