[0.491s] Invoking command in '/home/vboxuser/agv_ws/build/agv_controllers': CMAKE_PREFIX_PATH=${CMAKE_PREFIX_PATH}:/home/vboxuser/bumperbot_ws/install/bumperbot_py_examples:/home/vboxuser/ros2_ws/install/my_py_pkg:/opt/ros/humble /usr/bin/cmake --build /home/vboxuser/agv_ws/build/agv_controllers -- -j4 -l4
[1.188s] Invoked command in '/home/vboxuser/agv_ws/build/agv_controllers' returned '0': CMAKE_PREFIX_PATH=${CMAKE_PREFIX_PATH}:/home/vboxuser/bumperbot_ws/install/bumperbot_py_examples:/home/vboxuser/ros2_ws/install/my_py_pkg:/opt/ros/humble /usr/bin/cmake --build /home/vboxuser/agv_ws/build/agv_controllers -- -j4 -l4
[1.239s] Invoking command in '/home/vboxuser/agv_ws/build/agv_controllers': CMAKE_PREFIX_PATH=${CMAKE_PREFIX_PATH}:/home/vboxuser/bumperbot_ws/install/bumperbot_py_examples:/home/vboxuser/ros2_ws/install/my_py_pkg:/opt/ros/humble /usr/bin/cmake --install /home/vboxuser/agv_ws/build/agv_controllers
[1.251s] -- Install configuration: ""
[1.252s] -- Up-to-date: /home/vboxuser/agv_ws/install/agv_controllers/share/ament_index/resource_index/package_run_dependencies/agv_controllers
[1.252s] -- Up-to-date: /home/vboxuser/agv_ws/install/agv_controllers/share/ament_index/resource_index/parent_prefix_path/agv_controllers
[1.252s] -- Up-to-date: /home/vboxuser/agv_ws/install/agv_controllers/share/agv_controllers/environment/ament_prefix_path.sh
[1.253s] -- Up-to-date: /home/vboxuser/agv_ws/install/agv_controllers/share/agv_controllers/environment/ament_prefix_path.dsv
[1.253s] -- Up-to-date: /home/vboxuser/agv_ws/install/agv_controllers/share/agv_controllers/environment/path.sh
[1.255s] -- Up-to-date: /home/vboxuser/agv_ws/install/agv_controllers/share/agv_controllers/environment/path.dsv
[1.255s] -- Up-to-date: /home/vboxuser/agv_ws/install/agv_controllers/share/agv_controllers/local_setup.bash
[1.256s] -- Up-to-date: /home/vboxuser/agv_ws/install/agv_controllers/share/agv_controllers/local_setup.sh
[1.256s] -- Up-to-date: /home/vboxuser/agv_ws/install/agv_controllers/share/agv_controllers/local_setup.zsh
[1.256s] -- Up-to-date: /home/vboxuser/agv_ws/install/agv_controllers/share/agv_controllers/local_setup.dsv
[1.256s] -- Installing: /home/vboxuser/agv_ws/install/agv_controllers/share/agv_controllers/package.dsv
[1.259s] -- Up-to-date: /home/vboxuser/agv_ws/install/agv_controllers/share/ament_index/resource_index/packages/agv_controllers
[1.259s] -- Up-to-date: /home/vboxuser/agv_ws/install/agv_controllers/share/agv_controllers/cmake/agv_controllersConfig.cmake
[1.260s] -- Up-to-date: /home/vboxuser/agv_ws/install/agv_controllers/share/agv_controllers/cmake/agv_controllersConfig-version.cmake
[1.260s] -- Up-to-date: /home/vboxuser/agv_ws/install/agv_controllers/share/agv_controllers/package.xml
[1.272s] Invoked command in '/home/vboxuser/agv_ws/build/agv_controllers' returned '0': CMAKE_PREFIX_PATH=${CMAKE_PREFIX_PATH}:/home/vboxuser/bumperbot_ws/install/bumperbot_py_examples:/home/vboxuser/ros2_ws/install/my_py_pkg:/opt/ros/humble /usr/bin/cmake --install /home/vboxuser/agv_ws/build/agv_controllers
