[0.308s] Invoking command in '/home/vboxuser/agv_ws/build/agv': CMAKE_PREFIX_PATH=/home/vboxuser/ros2_ws/install/my_py_pkg:/opt/ros/humble /usr/bin/cmake --build /home/vboxuser/agv_ws/build/agv -- -j4 -l4
[0.381s] -- Found ament_cmake: 1.3.6 (/opt/ros/humble/share/ament_cmake/cmake)
[0.759s] -- Found ament_lint_auto: 0.12.9 (/opt/ros/humble/share/ament_lint_auto/cmake)
[0.955s] -- Added test 'flake8' to check Python code syntax and style conventions
[0.956s] -- Added test 'lint_cmake' to check CMake code style
[0.957s] -- Added test 'pep257' to check Python code against some of the docstring style conventions in PEP 257
[0.965s] -- Added test 'xmllint' to check XML markup files
[0.969s] -- Configuring done
[0.978s] -- Generating done
[0.979s] -- Build files have been written to: /home/vboxuser/agv_ws/build/agv
[1.175s] Invoked command in '/home/vboxuser/agv_ws/build/agv' returned '0': CMAKE_PREFIX_PATH=/home/vboxuser/ros2_ws/install/my_py_pkg:/opt/ros/humble /usr/bin/cmake --build /home/vboxuser/agv_ws/build/agv -- -j4 -l4
[1.259s] Invoking command in '/home/vboxuser/agv_ws/build/agv': CMAKE_PREFIX_PATH=/home/vboxuser/ros2_ws/install/my_py_pkg:/opt/ros/humble /usr/bin/cmake --install /home/vboxuser/agv_ws/build/agv
[1.276s] -- Install configuration: ""
[1.276s] -- Up-to-date: /home/vboxuser/agv_ws/install/agv/share/agv/meshes
[1.276s] -- Up-to-date: /home/vboxuser/agv_ws/install/agv/share/agv/meshes/caster_front_link.STL
[1.276s] -- Up-to-date: /home/vboxuser/agv_ws/install/agv/share/agv/meshes/caster_rear_link.STL
[1.276s] -- Up-to-date: /home/vboxuser/agv_ws/install/agv/share/agv/meshes/base_link.STL
[1.277s] -- Up-to-date: /home/vboxuser/agv_ws/install/agv/share/agv/meshes/imu_link.STL
[1.277s] -- Up-to-date: /home/vboxuser/agv_ws/install/agv/share/agv/meshes/wheel_right_link.STL
[1.277s] -- Up-to-date: /home/vboxuser/agv_ws/install/agv/share/agv/meshes/wheel_left_link.STL
[1.277s] -- Up-to-date: /home/vboxuser/agv_ws/install/agv/share/agv/urdf
[1.277s] -- Installing: /home/vboxuser/agv_ws/install/agv/share/agv/urdf/agv.urdf.xacro
[1.277s] -- Installing: /home/vboxuser/agv_ws/install/agv/share/agv/urdf/agv_gazebo.xacro
[1.277s] -- Installing: /home/vboxuser/agv_ws/install/agv/share/agv/launch
[1.277s] -- Installing: /home/vboxuser/agv_ws/install/agv/share/agv/launch/gazebo.launch.py
[1.278s] -- Installing: /home/vboxuser/agv_ws/install/agv/share/agv/launch/display.launch.py
[1.278s] -- Installing: /home/vboxuser/agv_ws/install/agv/share/agv/rviz
[1.278s] -- Installing: /home/vboxuser/agv_ws/install/agv/share/agv/rviz/default.rviz
[1.278s] -- Installing: /home/vboxuser/agv_ws/install/agv/share/ament_index/resource_index/package_run_dependencies/agv
[1.279s] -- Installing: /home/vboxuser/agv_ws/install/agv/share/ament_index/resource_index/parent_prefix_path/agv
[1.279s] -- Up-to-date: /home/vboxuser/agv_ws/install/agv/share/agv/environment/ament_prefix_path.sh
[1.279s] -- Installing: /home/vboxuser/agv_ws/install/agv/share/agv/environment/ament_prefix_path.dsv
[1.280s] -- Up-to-date: /home/vboxuser/agv_ws/install/agv/share/agv/environment/path.sh
[1.280s] -- Installing: /home/vboxuser/agv_ws/install/agv/share/agv/environment/path.dsv
[1.281s] -- Up-to-date: /home/vboxuser/agv_ws/install/agv/share/agv/local_setup.bash
[1.281s] -- Up-to-date: /home/vboxuser/agv_ws/install/agv/share/agv/local_setup.sh
[1.281s] -- Up-to-date: /home/vboxuser/agv_ws/install/agv/share/agv/local_setup.zsh
[1.281s] -- Installing: /home/vboxuser/agv_ws/install/agv/share/agv/local_setup.dsv
[1.282s] -- Installing: /home/vboxuser/agv_ws/install/agv/share/agv/package.dsv
[1.282s] -- Up-to-date: /home/vboxuser/agv_ws/install/agv/share/ament_index/resource_index/packages/agv
[1.282s] -- Up-to-date: /home/vboxuser/agv_ws/install/agv/share/agv/cmake/agvConfig.cmake
[1.283s] -- Up-to-date: /home/vboxuser/agv_ws/install/agv/share/agv/cmake/agvConfig-version.cmake
[1.283s] -- Installing: /home/vboxuser/agv_ws/install/agv/share/agv/package.xml
[1.301s] Invoked command in '/home/vboxuser/agv_ws/build/agv' returned '0': CMAKE_PREFIX_PATH=/home/vboxuser/ros2_ws/install/my_py_pkg:/opt/ros/humble /usr/bin/cmake --install /home/vboxuser/agv_ws/build/agv
