[2.745s] Invoking command in '/home/vboxuser/agv_ws/src/communication': PYTHONPATH=/home/vboxuser/agv_ws/build/communication/prefix_override:/home/vboxuser/agv_ws/install/communication/lib/python3.10/site-packages:${PYTHONPATH} /usr/bin/python3 setup.py egg_info --egg-base ../../build/communication build --build-base /home/vboxuser/agv_ws/build/communication/build install --record /home/vboxuser/agv_ws/build/communication/install.log --single-version-externally-managed
[3.416s] running egg_info
[3.417s] writing ../../build/communication/communication.egg-info/PKG-INFO
[3.418s] writing dependency_links to ../../build/communication/communication.egg-info/dependency_links.txt
[3.418s] writing entry points to ../../build/communication/communication.egg-info/entry_points.txt
[3.418s] writing requirements to ../../build/communication/communication.egg-info/requires.txt
[3.418s] writing top-level names to ../../build/communication/communication.egg-info/top_level.txt
[3.422s] reading manifest file '../../build/communication/communication.egg-info/SOURCES.txt'
[3.424s] writing manifest file '../../build/communication/communication.egg-info/SOURCES.txt'
[3.424s] running build
[3.424s] running build_py
[3.424s] running install
[3.425s] running install_lib
[3.428s] running install_data
[3.432s] running install_egg_info
[3.437s] removing '/home/vboxuser/agv_ws/install/communication/lib/python3.10/site-packages/communication-0.0.0-py3.10.egg-info' (and everything under it)
[3.437s] Copying ../../build/communication/communication.egg-info to /home/vboxuser/agv_ws/install/communication/lib/python3.10/site-packages/communication-0.0.0-py3.10.egg-info
[3.437s] running install_scripts
[3.502s] writing list of installed files to '/home/vboxuser/agv_ws/build/communication/install.log'
[3.572s] Invoked command in '/home/vboxuser/agv_ws/src/communication' returned '0': PYTHONPATH=/home/vboxuser/agv_ws/build/communication/prefix_override:/home/vboxuser/agv_ws/install/communication/lib/python3.10/site-packages:${PYTHONPATH} /usr/bin/python3 setup.py egg_info --egg-base ../../build/communication build --build-base /home/vboxuser/agv_ws/build/communication/build install --record /home/vboxuser/agv_ws/build/communication/install.log --single-version-externally-managed
