[0.104s] Invoking command in '/home/vboxuser/agv_ws/build/lely_core_libraries': CMAKE_PREFIX_PATH=/home/vboxuser/agv_ws/install/pgv100:/home/vboxuser/agv_ws/install/panda_rviz_viewer:/home/vboxuser/agv_ws/install/panda_canopen:/home/vboxuser/agv_ws/install/my_simulation:/home/vboxuser/agv_ws/install/canopen_tests:/home/vboxuser/agv_ws/install/canopen_ros2_controllers:/home/vboxuser/agv_ws/install/canopen_ros2_control:/home/vboxuser/agv_ws/install/canopen_robot_control_example:/home/vboxuser/agv_ws/install/canopen_kinco3:/home/vboxuser/agv_ws/install/canopen_kinco2:/home/vboxuser/agv_ws/install/canopen_kinco:/home/vboxuser/agv_ws/install/canopen:/home/vboxuser/agv_ws/install/canopen_402_driver:/home/vboxuser/agv_ws/install/canopen_proxy_driver:/home/vboxuser/agv_ws/install/canopen_master_driver:/home/vboxuser/agv_ws/install/canopen_fake_slaves:/home/vboxuser/agv_ws/install/canopen_base_driver:/home/vboxuser/agv_ws/install/canopen_core:/home/vboxuser/agv_ws/install/lely_core_libraries:/home/vboxuser/agv_ws/install/canopen_interfaces:/home/vboxuser/agv_ws/install/agv_py:/home/vboxuser/agv_ws/install/agv_controllers:/home/vboxuser/agv_ws/install/communication:/home/vboxuser/agv_ws/install/canopen_utils:/home/vboxuser/agv_ws/install/agv_py_functions:/home/vboxuser/bumperbot_ws/install/bumperbot_py_examples:/home/vboxuser/ros2_ws/install/my_py_pkg:/opt/ros/humble:/home/vboxuser/agv_ws/install/agv_controller:/home/vboxuser/agv_ws/install/agv:/home/vboxuser/bumperbot_ws/install/bumperbot_cpp_examples:/home/vboxuser/bumperbot_ws/install/bumperbot_msgs:/home/vboxuser/bumperbot_ws/install/bumperbot_description:/home/vboxuser/bumperbot_ws/install/bumperbot_controller:/home/vboxuser/ros2_ws/install/my_simulation /usr/bin/cmake --build /home/vboxuser/agv_ws/build/lely_core_libraries -- -j4 -l4
[0.356s] [ 12%] [34m[1mPerforming update step for 'upstr_lely_core_libraries'[0m
[0.462s] HEAD is now at 7824cbb2 release v2.3.2
[0.463s] Checking patch configure.ac...
[0.465s] Checking patch python/dcf-tools/Makefile.am...
[0.465s] Applied patch configure.ac cleanly.
[0.465s] Applied patch python/dcf-tools/Makefile.am cleanly.
[0.501s] [ 25%] [34m[1mNo patch step for 'upstr_lely_core_libraries'[0m
[0.571s] [ 37%] [34m[1mPerforming configure step for 'upstr_lely_core_libraries'[0m
[12.564s] configure.ac:17: warning: The macro `AC_PROG_CC_STDC' is obsolete.
[12.564s] configure.ac:17: You should run autoupdate.
[12.564s] ./lib/autoconf/c.m4:1666: AC_PROG_CC_STDC is expanded from...
[12.564s] configure.ac:17: the top level
[12.564s] configure.ac:81: warning: $as_echo is obsolete; use AS_ECHO(["message"]) instead
[12.565s] lib/m4sugar/m4sh.m4:692: _AS_IF_ELSE is expanded from...
[12.565s] lib/m4sugar/m4sh.m4:699: AS_IF is expanded from...
[12.565s] ./lib/autoconf/general.m4:2249: AC_CACHE_VAL is expanded from...
[12.565s] ./lib/autoconf/general.m4:2270: AC_CACHE_CHECK is expanded from...
[12.565s] m4/ax_pthread.m4:88: AX_PTHREAD is expanded from...
[12.565s] lib/m4sugar/m4sh.m4:699: AS_IF is expanded from...
[12.565s] configure.ac:81: the top level
[12.565s] configure.ac:434: warning: AC_CHECK_HEADERS($ixxat_header): you should use literals
[12.566s] ./lib/autoconf/headers.m4:217: AC_CHECK_HEADERS is expanded from...
[12.566s] lib/m4sugar/m4sh.m4:699: AS_IF is expanded from...
[12.566s] lib/m4sugar/m4sh.m4:699: AS_IF is expanded from...
[12.566s] configure.ac:434: the top level
[16.689s] checking build system type... x86_64-pc-linux-gnu
[16.689s] checking host system type... x86_64-pc-linux-gnu
[16.690s] checking target system type... x86_64-pc-linux-gnu
[16.715s] checking for a BSD-compatible install... /usr/bin/install -c
[16.723s] checking whether build environment is sane... yes
[16.746s] checking for a race-free mkdir -p... /usr/bin/mkdir -p
[16.746s] checking for gawk... no
[16.746s] checking for mawk... mawk
[16.776s] checking whether make sets $(MAKE)... yes
[16.797s] checking whether make supports nested variables... yes
[16.805s] checking whether to enable maintainer-specific portions of Makefiles... yes
[16.805s] checking whether make supports nested variables... (cached) yes
[16.814s] checking for a sed that does not truncate output... /usr/bin/sed
[16.816s] checking whether to build with code coverage support... no
[16.818s] checking for valgrind... no
[16.847s] checking whether make supports the include directive... yes (GNU style)
[16.848s] checking for gcc... gcc
[17.058s] checking whether the C compiler works... yes
[17.058s] checking for C compiler default output file name... a.out
[17.138s] checking for suffix of executables... 
[17.256s] checking whether we are cross compiling... no
[17.302s] checking for suffix of object files... o
[17.339s] checking whether the compiler supports GNU C... yes
[17.377s] checking whether gcc accepts -g... yes
[17.515s] checking for gcc option to enable C11 features... none needed
[17.569s] checking whether gcc understands -c and -o together... yes
[17.648s] checking dependency style of gcc... gcc3
[17.700s] checking for stdio.h... yes
[17.766s] checking for stdlib.h... yes
[17.828s] checking for string.h... yes
[17.887s] checking for inttypes.h... yes
[17.945s] checking for stdint.h... yes
[18.003s] checking for strings.h... yes
[18.073s] checking for sys/stat.h... yes
[18.135s] checking for sys/types.h... yes
[18.224s] checking for unistd.h... yes
[18.289s] checking for wchar.h... yes
[18.357s] checking for minix/config.h... no
[18.429s] checking whether it is safe to define __EXTENSIONS__... yes
[18.487s] checking whether _XOPEN_SOURCE should be defined... no
[18.490s] checking for g++... g++
[18.645s] checking whether the compiler supports GNU C++... yes
[18.684s] checking whether g++ accepts -g... yes
[18.895s] checking for g++ option to enable C++11 features... none needed
[18.972s] checking dependency style of g++... gcc3
[19.061s] checking whether g++ supports C++11 features with -std=gnu++11... yes
[19.144s] checking how to print strings... printf
[19.144s] checking for a sed that does not truncate output... (cached) /usr/bin/sed
[19.151s] checking for grep that handles long lines and -e... /usr/bin/grep
[19.156s] checking for egrep... /usr/bin/grep -E
[19.157s] checking for fgrep... /usr/bin/grep -F
[19.170s] checking for ld used by gcc... /usr/bin/ld
[19.175s] checking if the linker (/usr/bin/ld) is GNU ld... yes
[19.185s] checking for BSD- or MS-compatible name lister (nm)... /usr/bin/nm -B
[19.235s] checking the name lister (/usr/bin/nm -B) interface... BSD nm
[19.235s] checking whether ln -s works... yes
[19.245s] checking the maximum length of command line arguments... 1572864
[19.256s] checking how to convert x86_64-pc-linux-gnu file names to x86_64-pc-linux-gnu format... func_convert_file_noop
[19.257s] checking how to convert x86_64-pc-linux-gnu file names to toolchain format... func_convert_file_noop
[19.257s] checking for /usr/bin/ld option to reload object files... -r
[19.258s] checking for objdump... objdump
[19.259s] checking how to recognize dependent libraries... pass_all
[19.260s] checking for dlltool... no
[19.260s] checking how to associate runtime and link libraries... printf %s\n
[19.261s] checking for ar... ar
[19.330s] checking for archiver @FILE support... @
[19.330s] checking for strip... strip
[19.331s] checking for ranlib... ranlib
[19.506s] checking command to parse /usr/bin/nm -B output from gcc object... ok
[19.509s] checking for sysroot... no
[19.520s] checking for a working dd... /usr/bin/dd
[19.533s] checking how to truncate binary pipes... /usr/bin/dd bs=4096 count=1
[19.576s] checking for mt... mt
[19.591s] checking if mt is a manifest tool... no
[19.722s] checking for dlfcn.h... yes
[19.730s] checking for objdir... .libs
[19.931s] checking if gcc supports -fno-rtti -fno-exceptions... no
[19.931s] checking for gcc option to produce PIC... -fPIC -DPIC
[19.976s] checking if gcc PIC flag -fPIC -DPIC works... yes
[20.228s] checking if gcc static flag -static works... yes
[20.296s] checking if gcc supports -c -o file.o... yes
[20.297s] checking if gcc supports -c -o file.o... (cached) yes
[20.323s] checking whether the gcc linker (/usr/bin/ld -m elf_x86_64) supports shared libraries... yes
[20.363s] checking whether -lc should be explicitly linked in... no
[20.499s] checking dynamic linker characteristics... GNU/Linux ld.so
[20.499s] checking how to hardcode library paths into programs... immediate
[20.505s] checking whether stripping libraries is possible... yes
[20.505s] checking if libtool supports shared libraries... yes
[20.505s] checking whether to build shared libraries... yes
[20.505s] checking whether to build static libraries... no
[20.580s] checking how to run the C++ preprocessor... g++ -std=gnu++11 -E
[20.821s] checking for ld used by g++ -std=gnu++11... /usr/bin/ld -m elf_x86_64
[20.823s] checking if the linker (/usr/bin/ld -m elf_x86_64) is GNU ld... yes
[20.852s] checking whether the g++ -std=gnu++11 linker (/usr/bin/ld -m elf_x86_64) supports shared libraries... yes
[21.025s] checking for g++ -std=gnu++11 option to produce PIC... -fPIC -DPIC
[21.079s] checking if g++ -std=gnu++11 PIC flag -fPIC -DPIC works... yes
[21.288s] checking if g++ -std=gnu++11 static flag -static works... yes
[21.352s] checking if g++ -std=gnu++11 supports -c -o file.o... yes
[21.352s] checking if g++ -std=gnu++11 supports -c -o file.o... (cached) yes
[21.352s] checking whether the g++ -std=gnu++11 linker (/usr/bin/ld -m elf_x86_64) supports shared libraries... yes
[21.364s] checking dynamic linker characteristics... (cached) GNU/Linux ld.so
[21.364s] checking how to hardcode library paths into programs... immediate
[21.366s] checking for windres... no
[21.535s] checking for timer_create in -lrt... yes
[21.603s] checking how to run the C preprocessor... gcc -E
[21.686s] checking whether gcc is Clang... no
[21.810s] checking whether pthreads work with -pthread... yes
[21.905s] checking for joinable pthread attribute... PTHREAD_CREATE_JOINABLE
[21.905s] checking whether more special flags are required for pthreads... no
[21.982s] checking for PTHREAD_PRIO_INHERIT... yes
[21.989s] checking for pkg-config... /usr/bin/pkg-config
[22.000s] checking pkg-config is at least version 0.9.0... yes
[22.011s] checking for cpputest >= 4... no
[22.107s] checking for valgrind/valgrind.h... no
[22.224s] checking for linux/can.h... yes
[22.327s] checking for linux/can/error.h... yes
[22.369s] checking for bluetooth/bluetooth.h... no
[22.398s] checking for bluetooth/rfcomm.h... no
[22.633s] checking for library containing str2ba... no
[22.758s] checking for ifaddrs.h... yes
[22.852s] checking for linux/can/netlink.h... yes
[22.951s] checking for linux/can/raw.h... yes
[23.100s] checking for linux/rtnetlink.h... yes
[23.196s] checking for sys/epoll.h... yes
[23.309s] checking for sys/ioctl.h... yes
[23.361s] checking for a Python interpreter with version >= 3.3... python3
[23.361s] checking for python3... /usr/bin/python3
[23.408s] checking for python3 version... 3.10
[23.462s] checking for python3 platform... linux
[23.463s] checking for GNU default python3 prefix... ${prefix}
[23.463s] checking for GNU default python3 exec_prefix... ${exec_prefix}
[23.549s] checking for python3 script directory (pythondir)... ${PYTHON_PREFIX}/lib/python3.10/site-packages
[23.639s] checking for python3 extension module directory (pyexecdir)... ${PYTHON_EXEC_PREFIX}/lib/python3.10/site-packages
[23.640s] checking for gawk... (cached) mawk
[23.736s] checking that generated files are newer than configure... done
[23.738s] configure: creating ./config.status
[26.012s] config.status: creating doc/Doxyfile
[26.075s] config.status: creating doc/Makefile
[26.124s] config.status: creating include/Makefile
[26.172s] config.status: creating pkgconfig/liblely-can.pc
[26.213s] config.status: creating pkgconfig/liblely-co.pc
[26.266s] config.status: creating pkgconfig/liblely-coapp.pc
[26.321s] config.status: creating pkgconfig/liblely-ev.pc
[26.373s] config.status: creating pkgconfig/liblely-io.pc
[26.421s] config.status: creating pkgconfig/liblely-io2.pc
[26.481s] config.status: creating pkgconfig/liblely-libc.pc
[26.535s] config.status: creating pkgconfig/liblely-libc_rt.pc
[26.585s] config.status: creating pkgconfig/liblely-tap.pc
[26.637s] config.status: creating pkgconfig/liblely-util.pc
[26.676s] config.status: creating pkgconfig/Makefile
[26.734s] config.status: creating python/can/Makefile
[26.780s] config.status: creating python/dcf-tools/Makefile
[26.828s] config.status: creating python/io/Makefile
[26.887s] config.status: creating python/Makefile
[26.949s] config.status: creating src/can/Makefile
[27.004s] config.status: creating src/co/Makefile
[27.055s] config.status: creating src/co/version.rc
[27.125s] config.status: creating src/coapp/Makefile
[27.167s] config.status: creating src/coapp/version.rc
[27.214s] config.status: creating src/ev/Makefile
[27.261s] config.status: creating src/ev/version.rc
[27.300s] config.status: creating src/io/Makefile
[27.345s] config.status: creating src/io2/Makefile
[27.395s] config.status: creating src/io2/version.rc
[27.446s] config.status: creating src/libc/Makefile
[27.493s] config.status: creating src/libc/version.rc
[27.540s] config.status: creating src/tap/Makefile
[27.597s] config.status: creating src/tap/version.rc
[27.661s] config.status: creating src/util/Makefile
[27.709s] config.status: creating src/util/version.rc
[27.746s] config.status: creating src/Makefile
[27.790s] config.status: creating tools/Makefile
[27.845s] config.status: creating tools/version.dcf2c.rc
[27.889s] config.status: creating test/co-nmt-master.dcf
[27.941s] config.status: creating test/Makefile
[27.994s] config.status: creating unit-tests/Makefile
[28.039s] config.status: creating exec-wrapper.sh
[28.078s] config.status: creating lcov-wrapper.sh
[28.111s] config.status: creating Makefile
[28.151s] config.status: creating config.h
[28.161s] config.status: config.h is unchanged
[28.167s] config.status: executing depfiles commands
[28.827s] config.status: executing libtool commands
[29.015s] [ 50%] [34m[1mPerforming build step for 'upstr_lely_core_libraries'[0m
[29.868s] config.status: creating config.h
[29.881s] config.status: config.h is unchanged
[29.919s] Making all in doc
[29.929s] Making all in include
[29.942s] Making all in src
[29.965s] Making all in libc
[30.019s] Making all in tap
[30.039s] Making all in util
[30.128s] Making all in can
[30.152s] Making all in co
[30.215s] Making all in io
[30.265s] Making all in ev
[30.299s] Making all in io2
[30.357s] Making all in coapp
[30.433s] Making all in python
[30.455s] Making all in dcf-tools
[30.463s] Making all in pkgconfig
[30.520s] [ 62%] [34m[1mNo install step for 'upstr_lely_core_libraries'[0m
[30.578s] [ 75%] [34m[1mCompleted 'upstr_lely_core_libraries'[0m
[30.655s] [100%] Built target upstr_lely_core_libraries
[30.727s] [100%] Built target ament_cmake_python_copy_cogen
[30.798s] [100%] Built target ament_cmake_python_copy_cogen_setup
[31.476s] running egg_info
[31.477s] writing cogen.egg-info/PKG-INFO
[31.477s] writing dependency_links to cogen.egg-info/dependency_links.txt
[31.478s] writing entry points to cogen.egg-info/entry_points.txt
[31.478s] writing top-level names to cogen.egg-info/top_level.txt
[31.483s] reading manifest file 'cogen.egg-info/SOURCES.txt'
[31.484s] writing manifest file 'cogen.egg-info/SOURCES.txt'
[31.548s] [100%] Built target ament_cmake_python_build_cogen_egg
[32.220s] running install_scripts
[32.277s] running egg_info
[32.279s] writing cogen.egg-info/PKG-INFO
[32.280s] writing dependency_links to cogen.egg-info/dependency_links.txt
[32.280s] writing entry points to cogen.egg-info/entry_points.txt
[32.280s] writing top-level names to cogen.egg-info/top_level.txt
[32.285s] reading manifest file 'cogen.egg-info/SOURCES.txt'
[32.286s] writing manifest file 'cogen.egg-info/SOURCES.txt'
[32.289s] Installing cogen script to scripts
[32.377s] [100%] Built target ament_cmake_python_build_cogen_scripts
[32.396s] Invoked command in '/home/vboxuser/agv_ws/build/lely_core_libraries' returned '0': CMAKE_PREFIX_PATH=/home/vboxuser/agv_ws/install/pgv100:/home/vboxuser/agv_ws/install/panda_rviz_viewer:/home/vboxuser/agv_ws/install/panda_canopen:/home/vboxuser/agv_ws/install/my_simulation:/home/vboxuser/agv_ws/install/canopen_tests:/home/vboxuser/agv_ws/install/canopen_ros2_controllers:/home/vboxuser/agv_ws/install/canopen_ros2_control:/home/vboxuser/agv_ws/install/canopen_robot_control_example:/home/vboxuser/agv_ws/install/canopen_kinco3:/home/vboxuser/agv_ws/install/canopen_kinco2:/home/vboxuser/agv_ws/install/canopen_kinco:/home/vboxuser/agv_ws/install/canopen:/home/vboxuser/agv_ws/install/canopen_402_driver:/home/vboxuser/agv_ws/install/canopen_proxy_driver:/home/vboxuser/agv_ws/install/canopen_master_driver:/home/vboxuser/agv_ws/install/canopen_fake_slaves:/home/vboxuser/agv_ws/install/canopen_base_driver:/home/vboxuser/agv_ws/install/canopen_core:/home/vboxuser/agv_ws/install/lely_core_libraries:/home/vboxuser/agv_ws/install/canopen_interfaces:/home/vboxuser/agv_ws/install/agv_py:/home/vboxuser/agv_ws/install/agv_controllers:/home/vboxuser/agv_ws/install/communication:/home/vboxuser/agv_ws/install/canopen_utils:/home/vboxuser/agv_ws/install/agv_py_functions:/home/vboxuser/bumperbot_ws/install/bumperbot_py_examples:/home/vboxuser/ros2_ws/install/my_py_pkg:/opt/ros/humble:/home/vboxuser/agv_ws/install/agv_controller:/home/vboxuser/agv_ws/install/agv:/home/vboxuser/bumperbot_ws/install/bumperbot_cpp_examples:/home/vboxuser/bumperbot_ws/install/bumperbot_msgs:/home/vboxuser/bumperbot_ws/install/bumperbot_description:/home/vboxuser/bumperbot_ws/install/bumperbot_controller:/home/vboxuser/ros2_ws/install/my_simulation /usr/bin/cmake --build /home/vboxuser/agv_ws/build/lely_core_libraries -- -j4 -l4
[32.481s] Invoking command in '/home/vboxuser/agv_ws/build/lely_core_libraries': CMAKE_PREFIX_PATH=/home/vboxuser/agv_ws/install/pgv100:/home/vboxuser/agv_ws/install/panda_rviz_viewer:/home/vboxuser/agv_ws/install/panda_canopen:/home/vboxuser/agv_ws/install/my_simulation:/home/vboxuser/agv_ws/install/canopen_tests:/home/vboxuser/agv_ws/install/canopen_ros2_controllers:/home/vboxuser/agv_ws/install/canopen_ros2_control:/home/vboxuser/agv_ws/install/canopen_robot_control_example:/home/vboxuser/agv_ws/install/canopen_kinco3:/home/vboxuser/agv_ws/install/canopen_kinco2:/home/vboxuser/agv_ws/install/canopen_kinco:/home/vboxuser/agv_ws/install/canopen:/home/vboxuser/agv_ws/install/canopen_402_driver:/home/vboxuser/agv_ws/install/canopen_proxy_driver:/home/vboxuser/agv_ws/install/canopen_master_driver:/home/vboxuser/agv_ws/install/canopen_fake_slaves:/home/vboxuser/agv_ws/install/canopen_base_driver:/home/vboxuser/agv_ws/install/canopen_core:/home/vboxuser/agv_ws/install/lely_core_libraries:/home/vboxuser/agv_ws/install/canopen_interfaces:/home/vboxuser/agv_ws/install/agv_py:/home/vboxuser/agv_ws/install/agv_controllers:/home/vboxuser/agv_ws/install/communication:/home/vboxuser/agv_ws/install/canopen_utils:/home/vboxuser/agv_ws/install/agv_py_functions:/home/vboxuser/bumperbot_ws/install/bumperbot_py_examples:/home/vboxuser/ros2_ws/install/my_py_pkg:/opt/ros/humble:/home/vboxuser/agv_ws/install/agv_controller:/home/vboxuser/agv_ws/install/agv:/home/vboxuser/bumperbot_ws/install/bumperbot_cpp_examples:/home/vboxuser/bumperbot_ws/install/bumperbot_msgs:/home/vboxuser/bumperbot_ws/install/bumperbot_description:/home/vboxuser/bumperbot_ws/install/bumperbot_controller:/home/vboxuser/ros2_ws/install/my_simulation /usr/bin/cmake --install /home/vboxuser/agv_ws/build/lely_core_libraries
[32.494s] -- Install configuration: ""
[32.517s] Making install in doc
[32.527s] gmake[1]: Entering directory '/home/vboxuser/agv_ws/build/lely_core_libraries/build/doc'
[32.536s] gmake[2]: Entering directory '/home/vboxuser/agv_ws/build/lely_core_libraries/build/doc'
[32.537s] gmake[2]: Nothing to be done for 'install-exec-am'.
[32.537s] gmake[2]: Nothing to be done for 'install-data-am'.
[32.537s] gmake[2]: Leaving directory '/home/vboxuser/agv_ws/build/lely_core_libraries/build/doc'
[32.537s] gmake[1]: Leaving directory '/home/vboxuser/agv_ws/build/lely_core_libraries/build/doc'
[32.537s] Making install in include
[32.552s] gmake[1]: Entering directory '/home/vboxuser/agv_ws/build/lely_core_libraries/build/include'
[32.556s] gmake[2]: Entering directory '/home/vboxuser/agv_ws/build/lely_core_libraries/build/include'
[32.562s] gmake[2]: Nothing to be done for 'install-exec-am'.
[32.568s]  /usr/bin/mkdir -p '/home/vboxuser/agv_ws/install/lely_core_libraries/include'
[32.598s]  /usr/bin/mkdir -p '/home/vboxuser/agv_ws/install/lely_core_libraries/include/lely/co'
[32.603s]  /usr/bin/install -c -m 644  /home/vboxuser/agv_ws/build/lely_core_libraries/upstream/include/lely/co/co.h /home/vboxuser/agv_ws/build/lely_core_libraries/upstream/include/lely/co/crc.h /home/vboxuser/agv_ws/build/lely_core_libraries/upstream/include/lely/co/csdo.h /home/vboxuser/agv_ws/build/lely_core_libraries/upstream/include/lely/co/csdo.hpp /home/vboxuser/agv_ws/build/lely_core_libraries/upstream/include/lely/co/dcf.h /home/vboxuser/agv_ws/build/lely_core_libraries/upstream/include/lely/co/dcf.hpp /home/vboxuser/agv_ws/build/lely_core_libraries/upstream/include/lely/co/dev.h /home/vboxuser/agv_ws/build/lely_core_libraries/upstream/include/lely/co/dev.hpp /home/vboxuser/agv_ws/build/lely_core_libraries/upstream/include/lely/co/emcy.h /home/vboxuser/agv_ws/build/lely_core_libraries/upstream/include/lely/co/emcy.hpp /home/vboxuser/agv_ws/build/lely_core_libraries/upstream/include/lely/co/gw.h /home/vboxuser/agv_ws/build/lely_core_libraries/upstream/include/lely/co/gw.hpp /home/vboxuser/agv_ws/build/lely_core_libraries/upstream/include/lely/co/gw_txt.h /home/vboxuser/agv_ws/build/lely_core_libraries/upstream/include/lely/co/gw_txt.hpp /home/vboxuser/agv_ws/build/lely_core_libraries/upstream/include/lely/co/lss.h /home/vboxuser/agv_ws/build/lely_core_libraries/upstream/include/lely/co/lss.hpp /home/vboxuser/agv_ws/build/lely_core_libraries/upstream/include/lely/co/nmt.h /home/vboxuser/agv_ws/build/lely_core_libraries/upstream/include/lely/co/nmt.hpp /home/vboxuser/agv_ws/build/lely_core_libraries/upstream/include/lely/co/obj.h /home/vboxuser/agv_ws/build/lely_core_libraries/upstream/include/lely/co/obj.hpp /home/vboxuser/agv_ws/build/lely_core_libraries/upstream/include/lely/co/pdo.h /home/vboxuser/agv_ws/build/lely_core_libraries/upstream/include/lely/co/rpdo.h /home/vboxuser/agv_ws/build/lely_core_libraries/upstream/include/lely/co/rpdo.hpp /home/vboxuser/agv_ws/build/lely_core_libraries/upstream/include/lely/co/sdev.h /home/vboxuser/agv_ws/build/lely_core_libraries/upstream/include/lely/co/sdev.hpp /home/vboxuser/agv_ws/build/lely_core_libraries/upstream/include/lely/co/sdo.h /home/vboxuser/agv_ws/build/lely_core_libraries/upstream/include/lely/co/ssdo.h /home/vboxuser/agv_ws/build/lely_core_libraries/upstream/include/lely/co/ssdo.hpp /home/vboxuser/agv_ws/build/lely_core_libraries/upstream/include/lely/co/sync.h /home/vboxuser/agv_ws/build/lely_core_libraries/upstream/include/lely/co/sync.hpp /home/vboxuser/agv_ws/build/lely_core_libraries/upstream/include/lely/co/time.h /home/vboxuser/agv_ws/build/lely_core_libraries/upstream/include/lely/co/time.hpp /home/vboxuser/agv_ws/build/lely_core_libraries/upstream/include/lely/co/tpdo.h /home/vboxuser/agv_ws/build/lely_core_libraries/upstream/include/lely/co/tpdo.hpp /home/vboxuser/agv_ws/build/lely_core_libraries/upstream/include/lely/co/type.h /home/vboxuser/agv_ws/build/lely_core_libraries/upstream/include/lely/co/type.hpp /home/vboxuser/agv_ws/build/lely_core_libraries/upstream/include/lely/co/val.h /home/vboxuser/agv_ws/build/lely_core_libraries/upstream/include/lely/co/val.hpp /home/vboxuser/agv_ws/build/lely_core_libraries/upstream/include/lely/co/wtm.h /home/vboxuser/agv_ws/build/lely_core_libraries/upstream/include/lely/co/wtm.hpp '/home/vboxuser/agv_ws/install/lely_core_libraries/include/lely/co'
[32.626s]  /usr/bin/mkdir -p '/home/vboxuser/agv_ws/install/lely_core_libraries/include/lely/io2/posix'
[32.636s]  /usr/bin/install -c -m 644  /home/vboxuser/agv_ws/build/lely_core_libraries/upstream/include/lely/io2/posix/poll.h /home/vboxuser/agv_ws/build/lely_core_libraries/upstream/include/lely/io2/posix/poll.hpp '/home/vboxuser/agv_ws/install/lely_core_libraries/include/lely/io2/posix'
[32.646s]  /usr/bin/mkdir -p '/home/vboxuser/agv_ws/install/lely_core_libraries/include/lely/can'
[32.647s]  /usr/bin/install -c -m 644  /home/vboxuser/agv_ws/build/lely_core_libraries/upstream/include/lely/can/buf.h /home/vboxuser/agv_ws/build/lely_core_libraries/upstream/include/lely/can/buf.hpp /home/vboxuser/agv_ws/build/lely_core_libraries/upstream/include/lely/can/err.h /home/vboxuser/agv_ws/build/lely_core_libraries/upstream/include/lely/can/msg.h /home/vboxuser/agv_ws/build/lely_core_libraries/upstream/include/lely/can/net.h /home/vboxuser/agv_ws/build/lely_core_libraries/upstream/include/lely/can/net.hpp /home/vboxuser/agv_ws/build/lely_core_libraries/upstream/include/lely/can/socket.h '/home/vboxuser/agv_ws/install/lely_core_libraries/include/lely/can'
[32.654s]  /usr/bin/mkdir -p '/home/vboxuser/agv_ws/install/lely_core_libraries/include/lely/ev'
[32.656s]  /usr/bin/install -c -m 644  /home/vboxuser/agv_ws/build/lely_core_libraries/upstream/include/lely/ev/co_task.hpp /home/vboxuser/agv_ws/build/lely_core_libraries/upstream/include/lely/ev/ev.h /home/vboxuser/agv_ws/build/lely_core_libraries/upstream/include/lely/ev/exec.h /home/vboxuser/agv_ws/build/lely_core_libraries/upstream/include/lely/ev/exec.hpp /home/vboxuser/agv_ws/build/lely_core_libraries/upstream/include/lely/ev/fiber_exec.h /home/vboxuser/agv_ws/build/lely_core_libraries/upstream/include/lely/ev/fiber_exec.hpp /home/vboxuser/agv_ws/build/lely_core_libraries/upstream/include/lely/ev/future.h /home/vboxuser/agv_ws/build/lely_core_libraries/upstream/include/lely/ev/future.hpp /home/vboxuser/agv_ws/build/lely_core_libraries/upstream/include/lely/ev/loop.h /home/vboxuser/agv_ws/build/lely_core_libraries/upstream/include/lely/ev/loop.hpp /home/vboxuser/agv_ws/build/lely_core_libraries/upstream/include/lely/ev/poll.h /home/vboxuser/agv_ws/build/lely_core_libraries/upstream/include/lely/ev/poll.hpp /home/vboxuser/agv_ws/build/lely_core_libraries/upstream/include/lely/ev/std_exec.h /home/vboxuser/agv_ws/build/lely_core_libraries/upstream/include/lely/ev/strand.h /home/vboxuser/agv_ws/build/lely_core_libraries/upstream/include/lely/ev/strand.hpp /home/vboxuser/agv_ws/build/lely_core_libraries/upstream/include/lely/ev/task.h /home/vboxuser/agv_ws/build/lely_core_libraries/upstream/include/lely/ev/task.hpp /home/vboxuser/agv_ws/build/lely_core_libraries/upstream/include/lely/ev/thrd_loop.h /home/vboxuser/agv_ws/build/lely_core_libraries/upstream/include/lely/ev/thrd_loop.hpp '/home/vboxuser/agv_ws/install/lely_core_libraries/include/lely/ev'
[32.668s]  /usr/bin/mkdir -p '/home/vboxuser/agv_ws/install/lely_core_libraries/include/lely/co/def'
[32.670s]  /usr/bin/install -c -m 644  /home/vboxuser/agv_ws/build/lely_core_libraries/upstream/include/lely/co/def/array.def /home/vboxuser/agv_ws/build/lely_core_libraries/upstream/include/lely/co/def/basic.def /home/vboxuser/agv_ws/build/lely_core_libraries/upstream/include/lely/co/def/cxx.def /home/vboxuser/agv_ws/build/lely_core_libraries/upstream/include/lely/co/def/time.def /home/vboxuser/agv_ws/build/lely_core_libraries/upstream/include/lely/co/def/type.def '/home/vboxuser/agv_ws/install/lely_core_libraries/include/lely/co/def'
[32.678s]  /usr/bin/mkdir -p '/home/vboxuser/agv_ws/install/lely_core_libraries/include/lely'
[32.684s]  /usr/bin/install -c -m 644  /home/vboxuser/agv_ws/build/lely_core_libraries/upstream/include/lely/features.h '/home/vboxuser/agv_ws/install/lely_core_libraries/include/lely'
[32.690s]  /usr/bin/mkdir -p '/home/vboxuser/agv_ws/install/lely_core_libraries/include/lely/io'
[32.692s]  /usr/bin/install -c -m 644  /home/vboxuser/agv_ws/build/lely_core_libraries/upstream/include/lely/io/addr.h /home/vboxuser/agv_ws/build/lely_core_libraries/upstream/include/lely/io/attr.h /home/vboxuser/agv_ws/build/lely_core_libraries/upstream/include/lely/io/can.h /home/vboxuser/agv_ws/build/lely_core_libraries/upstream/include/lely/io/can.hpp /home/vboxuser/agv_ws/build/lely_core_libraries/upstream/include/lely/io/file.h /home/vboxuser/agv_ws/build/lely_core_libraries/upstream/include/lely/io/file.hpp /home/vboxuser/agv_ws/build/lely_core_libraries/upstream/include/lely/io/if.h /home/vboxuser/agv_ws/build/lely_core_libraries/upstream/include/lely/io/io.h /home/vboxuser/agv_ws/build/lely_core_libraries/upstream/include/lely/io/io.hpp /home/vboxuser/agv_ws/build/lely_core_libraries/upstream/include/lely/io/pipe.h /home/vboxuser/agv_ws/build/lely_core_libraries/upstream/include/lely/io/pipe.hpp /home/vboxuser/agv_ws/build/lely_core_libraries/upstream/include/lely/io/poll.h /home/vboxuser/agv_ws/build/lely_core_libraries/upstream/include/lely/io/poll.hpp /home/vboxuser/agv_ws/build/lely_core_libraries/upstream/include/lely/io/serial.h /home/vboxuser/agv_ws/build/lely_core_libraries/upstream/include/lely/io/serial.hpp /home/vboxuser/agv_ws/build/lely_core_libraries/upstream/include/lely/io/sock.h /home/vboxuser/agv_ws/build/lely_core_libraries/upstream/include/lely/io/sock.hpp '/home/vboxuser/agv_ws/install/lely_core_libraries/include/lely/io'
[32.700s]  /usr/bin/mkdir -p '/home/vboxuser/agv_ws/install/lely_core_libraries/include/lely/util/def'
[32.703s]  /usr/bin/install -c -m 644  /home/vboxuser/agv_ws/build/lely_core_libraries/upstream/include/lely/util/def/type.def '/home/vboxuser/agv_ws/install/lely_core_libraries/include/lely/util/def'
[32.707s]  /usr/bin/mkdir -p '/home/vboxuser/agv_ws/install/lely_core_libraries/include/lely/co/detail'
[32.709s]  /usr/bin/install -c -m 644  /home/vboxuser/agv_ws/build/lely_core_libraries/upstream/include/lely/co/detail/dev.h /home/vboxuser/agv_ws/build/lely_core_libraries/upstream/include/lely/co/detail/obj.h '/home/vboxuser/agv_ws/install/lely_core_libraries/include/lely/co/detail'
[32.716s]  /usr/bin/mkdir -p '/home/vboxuser/agv_ws/install/lely_core_libraries/include/lely/io2/can'
[32.719s]  /usr/bin/install -c -m 644  /home/vboxuser/agv_ws/build/lely_core_libraries/upstream/include/lely/io2/can/err.h /home/vboxuser/agv_ws/build/lely_core_libraries/upstream/include/lely/io2/can/err.hpp /home/vboxuser/agv_ws/build/lely_core_libraries/upstream/include/lely/io2/can/msg.h /home/vboxuser/agv_ws/build/lely_core_libraries/upstream/include/lely/io2/can/msg.hpp '/home/vboxuser/agv_ws/install/lely_core_libraries/include/lely/io2/can'
[32.725s]  /usr/bin/mkdir -p '/home/vboxuser/agv_ws/install/lely_core_libraries/include/lely/coapp'
[32.731s]  /usr/bin/install -c -m 644  /home/vboxuser/agv_ws/build/lely_core_libraries/upstream/include/lely/coapp/type_traits.hpp /home/vboxuser/agv_ws/build/lely_core_libraries/upstream/include/lely/coapp/device.hpp /home/vboxuser/agv_ws/build/lely_core_libraries/upstream/include/lely/coapp/driver.hpp /home/vboxuser/agv_ws/build/lely_core_libraries/upstream/include/lely/coapp/fiber_driver.hpp /home/vboxuser/agv_ws/build/lely_core_libraries/upstream/include/lely/coapp/logical_driver.hpp /home/vboxuser/agv_ws/build/lely_core_libraries/upstream/include/lely/coapp/loop_driver.hpp /home/vboxuser/agv_ws/build/lely_core_libraries/upstream/include/lely/coapp/lss_master.hpp /home/vboxuser/agv_ws/build/lely_core_libraries/upstream/include/lely/coapp/master.hpp /home/vboxuser/agv_ws/build/lely_core_libraries/upstream/include/lely/coapp/node.hpp /home/vboxuser/agv_ws/build/lely_core_libraries/upstream/include/lely/coapp/sdo.hpp /home/vboxuser/agv_ws/build/lely_core_libraries/upstream/include/lely/coapp/sdo_error.hpp /home/vboxuser/agv_ws/build/lely_core_libraries/upstream/include/lely/coapp/slave.hpp '/home/vboxuser/agv_ws/install/lely_core_libraries/include/lely/coapp'
[32.749s]  /usr/bin/mkdir -p '/home/vboxuser/agv_ws/install/lely_core_libraries/include/lely/io2'
[32.753s]  /usr/bin/install -c -m 644  /home/vboxuser/agv_ws/build/lely_core_libraries/upstream/include/lely/io2/can.h /home/vboxuser/agv_ws/build/lely_core_libraries/upstream/include/lely/io2/can.hpp /home/vboxuser/agv_ws/build/lely_core_libraries/upstream/include/lely/io2/can_net.h /home/vboxuser/agv_ws/build/lely_core_libraries/upstream/include/lely/io2/can_net.hpp /home/vboxuser/agv_ws/build/lely_core_libraries/upstream/include/lely/io2/can_rt.h /home/vboxuser/agv_ws/build/lely_core_libraries/upstream/include/lely/io2/can_rt.hpp /home/vboxuser/agv_ws/build/lely_core_libraries/upstream/include/lely/io2/clock.h /home/vboxuser/agv_ws/build/lely_core_libraries/upstream/include/lely/io2/clock.hpp /home/vboxuser/agv_ws/build/lely_core_libraries/upstream/include/lely/io2/co_can.hpp /home/vboxuser/agv_ws/build/lely_core_libraries/upstream/include/lely/io2/co_can_rt.hpp /home/vboxuser/agv_ws/build/lely_core_libraries/upstream/include/lely/io2/co_sigset.hpp /home/vboxuser/agv_ws/build/lely_core_libraries/upstream/include/lely/io2/co_timer.hpp /home/vboxuser/agv_ws/build/lely_core_libraries/upstream/include/lely/io2/co_tqueue.hpp /home/vboxuser/agv_ws/build/lely_core_libraries/upstream/include/lely/io2/ctx.h /home/vboxuser/agv_ws/build/lely_core_libraries/upstream/include/lely/io2/ctx.hpp /home/vboxuser/agv_ws/build/lely_core_libraries/upstream/include/lely/io2/dev.h /home/vboxuser/agv_ws/build/lely_core_libraries/upstream/include/lely/io2/dev.hpp /home/vboxuser/agv_ws/build/lely_core_libraries/upstream/include/lely/io2/event.h /home/vboxuser/agv_ws/build/lely_core_libraries/upstream/include/lely/io2/event.hpp /home/vboxuser/agv_ws/build/lely_core_libraries/upstream/include/lely/io2/io2.h /home/vboxuser/agv_ws/build/lely_core_libraries/upstream/include/lely/io2/sigset.h /home/vboxuser/agv_ws/build/lely_core_libraries/upstream/include/lely/io2/sigset.hpp /home/vboxuser/agv_ws/build/lely_core_libraries/upstream/include/lely/io2/timer.h /home/vboxuser/agv_ws/build/lely_core_libraries/upstream/include/lely/io2/timer.hpp /home/vboxuser/agv_ws/build/lely_core_libraries/upstream/include/lely/io2/tqueue.h /home/vboxuser/agv_ws/build/lely_core_libraries/upstream/include/lely/io2/tqueue.hpp /home/vboxuser/agv_ws/build/lely_core_libraries/upstream/include/lely/io2/vcan.h /home/vboxuser/agv_ws/build/lely_core_libraries/upstream/include/lely/io2/vcan.hpp '/home/vboxuser/agv_ws/install/lely_core_libraries/include/lely/io2'
[32.765s]  /usr/bin/mkdir -p '/home/vboxuser/agv_ws/install/lely_core_libraries/include/lely/io2/linux'
[32.767s]  /usr/bin/install -c -m 644  /home/vboxuser/agv_ws/build/lely_core_libraries/upstream/include/lely/io2/linux/can.h /home/vboxuser/agv_ws/build/lely_core_libraries/upstream/include/lely/io2/linux/can.hpp '/home/vboxuser/agv_ws/install/lely_core_libraries/include/lely/io2/linux'
[32.773s]  /usr/bin/mkdir -p '/home/vboxuser/agv_ws/install/lely_core_libraries/include/lely/libc/sys'
[32.775s]  /usr/bin/install -c -m 644  /home/vboxuser/agv_ws/build/lely_core_libraries/upstream/include/lely/libc/sys/types.h '/home/vboxuser/agv_ws/install/lely_core_libraries/include/lely/libc/sys'
[32.781s]  /usr/bin/mkdir -p '/home/vboxuser/agv_ws/install/lely_core_libraries/include/lely/io2/user'
[32.782s]  /usr/bin/install -c -m 644  /home/vboxuser/agv_ws/build/lely_core_libraries/upstream/include/lely/io2/user/can.h /home/vboxuser/agv_ws/build/lely_core_libraries/upstream/include/lely/io2/user/can.hpp /home/vboxuser/agv_ws/build/lely_core_libraries/upstream/include/lely/io2/user/timer.h /home/vboxuser/agv_ws/build/lely_core_libraries/upstream/include/lely/io2/user/timer.hpp '/home/vboxuser/agv_ws/install/lely_core_libraries/include/lely/io2/user'
[32.787s]  /usr/bin/mkdir -p '/home/vboxuser/agv_ws/install/lely_core_libraries/include/lely/io2/sys'
[32.789s]  /usr/bin/install -c -m 644  /home/vboxuser/agv_ws/build/lely_core_libraries/upstream/include/lely/io2/sys/clock.h /home/vboxuser/agv_ws/build/lely_core_libraries/upstream/include/lely/io2/sys/clock.hpp /home/vboxuser/agv_ws/build/lely_core_libraries/upstream/include/lely/io2/sys/io.h /home/vboxuser/agv_ws/build/lely_core_libraries/upstream/include/lely/io2/sys/io.hpp /home/vboxuser/agv_ws/build/lely_core_libraries/upstream/include/lely/io2/sys/sigset.h /home/vboxuser/agv_ws/build/lely_core_libraries/upstream/include/lely/io2/sys/sigset.hpp /home/vboxuser/agv_ws/build/lely_core_libraries/upstream/include/lely/io2/sys/timer.h /home/vboxuser/agv_ws/build/lely_core_libraries/upstream/include/lely/io2/sys/timer.hpp '/home/vboxuser/agv_ws/install/lely_core_libraries/include/lely/io2/sys'
[32.795s]  /usr/bin/mkdir -p '/home/vboxuser/agv_ws/install/lely_core_libraries/include/lely/tap'
[32.797s]  /usr/bin/install -c -m 644  /home/vboxuser/agv_ws/build/lely_core_libraries/upstream/include/lely/tap/tap.h '/home/vboxuser/agv_ws/install/lely_core_libraries/include/lely/tap'
[32.811s]  /usr/bin/mkdir -p '/home/vboxuser/agv_ws/install/lely_core_libraries/include/lely/util'
[32.813s]  /usr/bin/install -c -m 644  /home/vboxuser/agv_ws/build/lely_core_libraries/upstream/include/lely/util/bimap.h /home/vboxuser/agv_ws/build/lely_core_libraries/upstream/include/lely/util/coroutine.h /home/vboxuser/agv_ws/build/lely_core_libraries/upstream/include/lely/util/coroutine.hpp /home/vboxuser/agv_ws/build/lely_core_libraries/upstream/include/lely/util/mkjmp.h /home/vboxuser/agv_ws/build/lely_core_libraries/upstream/include/lely/util/sllist.h /home/vboxuser/agv_ws/build/lely_core_libraries/upstream/include/lely/util/spscring.h /home/vboxuser/agv_ws/build/lely_core_libraries/upstream/include/lely/util/bits.h /home/vboxuser/agv_ws/build/lely_core_libraries/upstream/include/lely/util/bitset.h /home/vboxuser/agv_ws/build/lely_core_libraries/upstream/include/lely/util/c_call.hpp /home/vboxuser/agv_ws/build/lely_core_libraries/upstream/include/lely/util/c_type.hpp /home/vboxuser/agv_ws/build/lely_core_libraries/upstream/include/lely/util/chrono.hpp /home/vboxuser/agv_ws/build/lely_core_libraries/upstream/include/lely/util/cmp.h /home/vboxuser/agv_ws/build/lely_core_libraries/upstream/include/lely/util/config.h /home/vboxuser/agv_ws/build/lely_core_libraries/upstream/include/lely/util/daemon.h /home/vboxuser/agv_ws/build/lely_core_libraries/upstream/include/lely/util/diag.h /home/vboxuser/agv_ws/build/lely_core_libraries/upstream/include/lely/util/dllist.h /home/vboxuser/agv_ws/build/lely_core_libraries/upstream/include/lely/util/endian.h /home/vboxuser/agv_ws/build/lely_core_libraries/upstream/include/lely/util/errnum.h /home/vboxuser/agv_ws/build/lely_core_libraries/upstream/include/lely/util/error.hpp /home/vboxuser/agv_ws/build/lely_core_libraries/upstream/include/lely/util/exception.hpp /home/vboxuser/agv_ws/build/lely_core_libraries/upstream/include/lely/util/fiber.h /home/vboxuser/agv_ws/build/lely_core_libraries/upstream/include/lely/util/fiber.hpp /home/vboxuser/agv_ws/build/lely_core_libraries/upstream/include/lely/util/float.h /home/vboxuser/agv_ws/build/lely_core_libraries/upstream/include/lely/util/frbuf.h /home/vboxuser/agv_ws/build/lely_core_libraries/upstream/include/lely/util/fwbuf.h /home/vboxuser/agv_ws/build/lely_core_libraries/upstream/include/lely/util/invoker.hpp /home/vboxuser/agv_ws/build/lely_core_libraries/upstream/include/lely/util/lex.h /home/vboxuser/agv_ws/build/lely_core_libraries/upstream/include/lely/util/membuf.h /home/vboxuser/agv_ws/build/lely_core_libraries/upstream/include/lely/util/mutex.hpp /home/vboxuser/agv_ws/build/lely_core_libraries/upstream/include/lely/util/pheap.h /home/vboxuser/agv_ws/build/lely_core_libraries/upstream/include/lely/util/print.h /home/vboxuser/agv_ws/build/lely_core_libraries/upstream/include/lely/util/rbtree.h /home/vboxuser/agv_ws/build/lely_core_libraries/upstream/include/lely/util/result.hpp /home/vboxuser/agv_ws/build/lely_core_libraries/upstream/include/lely/util/stop.h /home/vboxuser/agv_ws/build/lely_core_libraries/upstream/include/lely/util/stop.hpp /home/vboxuser/agv_ws/build/lely_core_libraries/upstream/include/lely/util/time.h /home/vboxuser/agv_ws/build/lely_core_libraries/upstream/include/lely/util/ustring.h /home/vboxuser/agv_ws/build/lely_core_libraries/upstream/include/lely/util/util.h '/home/vboxuser/agv_ws/install/lely_core_libraries/include/lely/util'
[32.835s]  /usr/bin/mkdir -p '/home/vboxuser/agv_ws/install/lely_core_libraries/include/lely/libc'
[32.836s]  /usr/bin/install -c -m 644  /home/vboxuser/agv_ws/build/lely_core_libraries/upstream/include/lely/libc/chrono.hpp /home/vboxuser/agv_ws/build/lely_core_libraries/upstream/include/lely/libc/functional.hpp /home/vboxuser/agv_ws/build/lely_core_libraries/upstream/include/lely/libc/stdatomic.h /home/vboxuser/agv_ws/build/lely_core_libraries/upstream/include/lely/libc/stddef.h /home/vboxuser/agv_ws/build/lely_core_libraries/upstream/include/lely/libc/stdint.h /home/vboxuser/agv_ws/build/lely_core_libraries/upstream/include/lely/libc/stdio.h /home/vboxuser/agv_ws/build/lely_core_libraries/upstream/include/lely/libc/stdlib.h /home/vboxuser/agv_ws/build/lely_core_libraries/upstream/include/lely/libc/string.h /home/vboxuser/agv_ws/build/lely_core_libraries/upstream/include/lely/libc/strings.h /home/vboxuser/agv_ws/build/lely_core_libraries/upstream/include/lely/libc/threads.h /home/vboxuser/agv_ws/build/lely_core_libraries/upstream/include/lely/libc/time.h /home/vboxuser/agv_ws/build/lely_core_libraries/upstream/include/lely/libc/type_traits.hpp /home/vboxuser/agv_ws/build/lely_core_libraries/upstream/include/lely/libc/uchar.h /home/vboxuser/agv_ws/build/lely_core_libraries/upstream/include/lely/libc/unistd.h /home/vboxuser/agv_ws/build/lely_core_libraries/upstream/include/lely/libc/utility.hpp '/home/vboxuser/agv_ws/install/lely_core_libraries/include/lely/libc'
[32.845s] gmake[2]: Leaving directory '/home/vboxuser/agv_ws/build/lely_core_libraries/build/include'
[32.845s] gmake[1]: Leaving directory '/home/vboxuser/agv_ws/build/lely_core_libraries/build/include'
[32.845s] Making install in src
[32.849s] gmake[1]: Entering directory '/home/vboxuser/agv_ws/build/lely_core_libraries/build/src'
[32.863s] Making install in libc
[32.895s] gmake[2]: Entering directory '/home/vboxuser/agv_ws/build/lely_core_libraries/build/src/libc'
[32.915s] gmake[3]: Entering directory '/home/vboxuser/agv_ws/build/lely_core_libraries/build/src/libc'
[32.923s]  /usr/bin/mkdir -p '/home/vboxuser/agv_ws/install/lely_core_libraries/lib'
[32.931s]  /bin/bash ../../libtool   --mode=install /usr/bin/install -c   liblely-libc.la '/home/vboxuser/agv_ws/install/lely_core_libraries/lib'
[32.978s] libtool: install: /usr/bin/install -c .libs/liblely-libc.so.2.3.2 /home/vboxuser/agv_ws/install/lely_core_libraries/lib/liblely-libc.so.2.3.2
[32.987s] libtool: install: (cd /home/vboxuser/agv_ws/install/lely_core_libraries/lib && { ln -s -f liblely-libc.so.2.3.2 liblely-libc.so.2 || { rm -f liblely-libc.so.2 && ln -s liblely-libc.so.2.3.2 liblely-libc.so.2; }; })
[32.991s] libtool: install: (cd /home/vboxuser/agv_ws/install/lely_core_libraries/lib && { ln -s -f liblely-libc.so.2.3.2 liblely-libc.so || { rm -f liblely-libc.so && ln -s liblely-libc.so.2.3.2 liblely-libc.so; }; })
[33.000s] libtool: install: /usr/bin/install -c .libs/liblely-libc.lai /home/vboxuser/agv_ws/install/lely_core_libraries/lib/liblely-libc.la
[33.056s] libtool: finish: PATH="/home/vboxuser/agv_ws/install/lely_core_libraries/bin:/opt/ros/humble/bin:/home/vboxuser/.local/bin:/usr/local/sbin:/usr/local/bin:/usr/sbin:/usr/bin:/sbin:/bin:/usr/games:/usr/local/games:/snap/bin:/snap/bin:/sbin" ldconfig -n /home/vboxuser/agv_ws/install/lely_core_libraries/lib
[33.086s] ----------------------------------------------------------------------
[33.086s] Libraries have been installed in:
[33.086s]    /home/vboxuser/agv_ws/install/lely_core_libraries/lib
[33.087s] 
[33.087s] If you ever happen to want to link against installed libraries
[33.087s] in a given directory, LIBDIR, you must either use libtool, and
[33.087s] specify the full pathname of the library, or use the '-LLIBDIR'
[33.087s] flag during linking and do at least one of the following:
[33.087s]    - add LIBDIR to the 'LD_LIBRARY_PATH' environment variable
[33.087s]      during execution
[33.087s]    - add LIBDIR to the 'LD_RUN_PATH' environment variable
[33.087s]      during linking
[33.088s]    - use the '-Wl,-rpath -Wl,LIBDIR' linker flag
[33.088s]    - have your system administrator add LIBDIR to '/etc/ld.so.conf'
[33.088s] 
[33.088s] See any operating system documentation about shared libraries for
[33.088s] more information, such as the ld(1) and ld.so(8) manual pages.
[33.088s] ----------------------------------------------------------------------
[33.095s] gmake[3]: Leaving directory '/home/vboxuser/agv_ws/build/lely_core_libraries/build/src/libc'
[33.095s] gmake[2]: Leaving directory '/home/vboxuser/agv_ws/build/lely_core_libraries/build/src/libc'
[33.095s] Making install in tap
[33.113s] gmake[2]: Entering directory '/home/vboxuser/agv_ws/build/lely_core_libraries/build/src/tap'
[33.140s] gmake[3]: Entering directory '/home/vboxuser/agv_ws/build/lely_core_libraries/build/src/tap'
[33.141s]  /usr/bin/mkdir -p '/home/vboxuser/agv_ws/install/lely_core_libraries/lib'
[33.148s]  /bin/bash ../../libtool   --mode=install /usr/bin/install -c   liblely-tap.la '/home/vboxuser/agv_ws/install/lely_core_libraries/lib'
[33.209s] libtool: warning: relinking 'liblely-tap.la'
[33.215s] libtool: install: (cd /home/vboxuser/agv_ws/build/lely_core_libraries/build/src/tap; /bin/bash "/home/vboxuser/agv_ws/build/lely_core_libraries/build/libtool"  --silent --tag CC --mode=relink gcc -pthread -g -O2 -Wall -Wextra -pedantic -Werror -Wno-static-in-inline -no-undefined -version-number 2:3:2 -Wl,--as-needed -o liblely-tap.la -rpath /home/vboxuser/agv_ws/install/lely_core_libraries/lib liblely_tap_la-tap.lo ../../src/libc/liblely-libc.la )
[33.409s] libtool: install: /usr/bin/install -c .libs/liblely-tap.so.2.3.2T /home/vboxuser/agv_ws/install/lely_core_libraries/lib/liblely-tap.so.2.3.2
[33.415s] libtool: install: (cd /home/vboxuser/agv_ws/install/lely_core_libraries/lib && { ln -s -f liblely-tap.so.2.3.2 liblely-tap.so.2 || { rm -f liblely-tap.so.2 && ln -s liblely-tap.so.2.3.2 liblely-tap.so.2; }; })
[33.423s] libtool: install: (cd /home/vboxuser/agv_ws/install/lely_core_libraries/lib && { ln -s -f liblely-tap.so.2.3.2 liblely-tap.so || { rm -f liblely-tap.so && ln -s liblely-tap.so.2.3.2 liblely-tap.so; }; })
[33.426s] libtool: install: /usr/bin/install -c .libs/liblely-tap.lai /home/vboxuser/agv_ws/install/lely_core_libraries/lib/liblely-tap.la
[33.488s] libtool: finish: PATH="/home/vboxuser/agv_ws/install/lely_core_libraries/bin:/opt/ros/humble/bin:/home/vboxuser/.local/bin:/usr/local/sbin:/usr/local/bin:/usr/sbin:/usr/bin:/sbin:/bin:/usr/games:/usr/local/games:/snap/bin:/snap/bin:/sbin" ldconfig -n /home/vboxuser/agv_ws/install/lely_core_libraries/lib
[33.493s] ----------------------------------------------------------------------
[33.493s] Libraries have been installed in:
[33.493s]    /home/vboxuser/agv_ws/install/lely_core_libraries/lib
[33.493s] 
[33.494s] If you ever happen to want to link against installed libraries
[33.494s] in a given directory, LIBDIR, you must either use libtool, and
[33.494s] specify the full pathname of the library, or use the '-LLIBDIR'
[33.494s] flag during linking and do at least one of the following:
[33.494s]    - add LIBDIR to the 'LD_LIBRARY_PATH' environment variable
[33.494s]      during execution
[33.498s]    - add LIBDIR to the 'LD_RUN_PATH' environment variable
[33.498s]      during linking
[33.498s]    - use the '-Wl,-rpath -Wl,LIBDIR' linker flag
[33.498s]    - have your system administrator add LIBDIR to '/etc/ld.so.conf'
[33.499s] 
[33.499s] See any operating system documentation about shared libraries for
[33.499s] more information, such as the ld(1) and ld.so(8) manual pages.
[33.499s] ----------------------------------------------------------------------
[33.506s] gmake[3]: Leaving directory '/home/vboxuser/agv_ws/build/lely_core_libraries/build/src/tap'
[33.506s] gmake[2]: Leaving directory '/home/vboxuser/agv_ws/build/lely_core_libraries/build/src/tap'
[33.506s] Making install in util
[33.572s] gmake[2]: Entering directory '/home/vboxuser/agv_ws/build/lely_core_libraries/build/src/util'
[33.635s] gmake[3]: Entering directory '/home/vboxuser/agv_ws/build/lely_core_libraries/build/src/util'
[33.640s]  /usr/bin/mkdir -p '/home/vboxuser/agv_ws/install/lely_core_libraries/lib'
[33.640s]  /bin/bash ../../libtool   --mode=install /usr/bin/install -c   liblely-util.la '/home/vboxuser/agv_ws/install/lely_core_libraries/lib'
[33.709s] libtool: warning: relinking 'liblely-util.la'
[33.710s] libtool: install: (cd /home/vboxuser/agv_ws/build/lely_core_libraries/build/src/util; /bin/bash "/home/vboxuser/agv_ws/build/lely_core_libraries/build/libtool"  --silent --tag CXX --mode=relink g++ -std=gnu++11 -g -O2 -Wall -Wextra -pedantic -Werror -no-undefined -version-number 2:3:2 -Wl,--as-needed -o liblely-util.la -rpath /home/vboxuser/agv_ws/install/lely_core_libraries/lib liblely_util_la-bimap.lo liblely_util_la-mkjmp.lo liblely_util_la-sllist.lo liblely_util_la-spscring.lo liblely_util_la-bits.lo liblely_util_la-bitset.lo liblely_util_la-cmp.lo liblely_util_la-config.lo liblely_util_la-config_ini.lo liblely_util_la-daemon.lo liblely_util_la-diag.lo liblely_util_la-dllist.lo liblely_util_la-endian.lo liblely_util_la-errnum.lo liblely_util_la-exception.lo liblely_util_la-fiber.lo liblely_util_la-frbuf.lo liblely_util_la-fwbuf.lo liblely_util_la-lex.lo liblely_util_la-membuf.lo liblely_util_la-pheap.lo liblely_util_la-print.lo liblely_util_la-rbtree.lo liblely_util_la-stop.lo liblely_util_la-time.lo liblely_util_la-ustring.lo ../../src/libc/liblely-libc.la -lm )
[34.099s] libtool: install: /usr/bin/install -c .libs/liblely-util.so.2.3.2T /home/vboxuser/agv_ws/install/lely_core_libraries/lib/liblely-util.so.2.3.2
[34.102s] libtool: install: (cd /home/vboxuser/agv_ws/install/lely_core_libraries/lib && { ln -s -f liblely-util.so.2.3.2 liblely-util.so.2 || { rm -f liblely-util.so.2 && ln -s liblely-util.so.2.3.2 liblely-util.so.2; }; })
[34.105s] libtool: install: (cd /home/vboxuser/agv_ws/install/lely_core_libraries/lib && { ln -s -f liblely-util.so.2.3.2 liblely-util.so || { rm -f liblely-util.so && ln -s liblely-util.so.2.3.2 liblely-util.so; }; })
[34.109s] libtool: install: /usr/bin/install -c .libs/liblely-util.lai /home/vboxuser/agv_ws/install/lely_core_libraries/lib/liblely-util.la
[34.170s] libtool: finish: PATH="/home/vboxuser/agv_ws/install/lely_core_libraries/bin:/opt/ros/humble/bin:/home/vboxuser/.local/bin:/usr/local/sbin:/usr/local/bin:/usr/sbin:/usr/bin:/sbin:/bin:/usr/games:/usr/local/games:/snap/bin:/snap/bin:/sbin" ldconfig -n /home/vboxuser/agv_ws/install/lely_core_libraries/lib
[34.170s] ----------------------------------------------------------------------
[34.170s] Libraries have been installed in:
[34.170s]    /home/vboxuser/agv_ws/install/lely_core_libraries/lib
[34.170s] 
[34.170s] If you ever happen to want to link against installed libraries
[34.170s] in a given directory, LIBDIR, you must either use libtool, and
[34.171s] specify the full pathname of the library, or use the '-LLIBDIR'
[34.171s] flag during linking and do at least one of the following:
[34.171s]    - add LIBDIR to the 'LD_LIBRARY_PATH' environment variable
[34.171s]      during execution
[34.171s]    - add LIBDIR to the 'LD_RUN_PATH' environment variable
[34.171s]      during linking
[34.171s]    - use the '-Wl,-rpath -Wl,LIBDIR' linker flag
[34.171s]    - have your system administrator add LIBDIR to '/etc/ld.so.conf'
[34.171s] 
[34.172s] See any operating system documentation about shared libraries for
[34.172s] more information, such as the ld(1) and ld.so(8) manual pages.
[34.172s] ----------------------------------------------------------------------
[34.179s] gmake[3]: Leaving directory '/home/vboxuser/agv_ws/build/lely_core_libraries/build/src/util'
[34.179s] gmake[2]: Leaving directory '/home/vboxuser/agv_ws/build/lely_core_libraries/build/src/util'
[34.180s] Making install in can
[34.201s] gmake[2]: Entering directory '/home/vboxuser/agv_ws/build/lely_core_libraries/build/src/can'
[34.232s] gmake[3]: Entering directory '/home/vboxuser/agv_ws/build/lely_core_libraries/build/src/can'
[34.232s]  /usr/bin/mkdir -p '/home/vboxuser/agv_ws/install/lely_core_libraries/lib'
[34.233s]  /bin/bash ../../libtool   --mode=install /usr/bin/install -c   liblely-can.la '/home/vboxuser/agv_ws/install/lely_core_libraries/lib'
[34.317s] libtool: warning: relinking 'liblely-can.la'
[34.324s] libtool: install: (cd /home/vboxuser/agv_ws/build/lely_core_libraries/build/src/can; /bin/bash "/home/vboxuser/agv_ws/build/lely_core_libraries/build/libtool"  --silent --tag CC --mode=relink gcc -pthread -g -O2 -Wall -Wextra -pedantic -Werror -Wno-static-in-inline -no-undefined -version-number 1:9:2 -Wl,--as-needed -o liblely-can.la -rpath /home/vboxuser/agv_ws/install/lely_core_libraries/lib liblely_can_la-buf.lo liblely_can_la-msg.lo liblely_can_la-net.lo liblely_can_la-socket.lo ../../src/libc/liblely-libc.la ../../src/util/liblely-util.la )
[34.617s] libtool: install: /usr/bin/install -c .libs/liblely-can.so.1.9.2T /home/vboxuser/agv_ws/install/lely_core_libraries/lib/liblely-can.so.1.9.2
[34.623s] libtool: install: (cd /home/vboxuser/agv_ws/install/lely_core_libraries/lib && { ln -s -f liblely-can.so.1.9.2 liblely-can.so.1 || { rm -f liblely-can.so.1 && ln -s liblely-can.so.1.9.2 liblely-can.so.1; }; })
[34.626s] libtool: install: (cd /home/vboxuser/agv_ws/install/lely_core_libraries/lib && { ln -s -f liblely-can.so.1.9.2 liblely-can.so || { rm -f liblely-can.so && ln -s liblely-can.so.1.9.2 liblely-can.so; }; })
[34.631s] libtool: install: /usr/bin/install -c .libs/liblely-can.lai /home/vboxuser/agv_ws/install/lely_core_libraries/lib/liblely-can.la
[34.685s] libtool: finish: PATH="/home/vboxuser/agv_ws/install/lely_core_libraries/bin:/opt/ros/humble/bin:/home/vboxuser/.local/bin:/usr/local/sbin:/usr/local/bin:/usr/sbin:/usr/bin:/sbin:/bin:/usr/games:/usr/local/games:/snap/bin:/snap/bin:/sbin" ldconfig -n /home/vboxuser/agv_ws/install/lely_core_libraries/lib
[34.688s] ----------------------------------------------------------------------
[34.689s] Libraries have been installed in:
[34.689s]    /home/vboxuser/agv_ws/install/lely_core_libraries/lib
[34.689s] 
[34.689s] If you ever happen to want to link against installed libraries
[34.689s] in a given directory, LIBDIR, you must either use libtool, and
[34.689s] specify the full pathname of the library, or use the '-LLIBDIR'
[34.689s] flag during linking and do at least one of the following:
[34.689s]    - add LIBDIR to the 'LD_LIBRARY_PATH' environment variable
[34.689s]      during execution
[34.689s]    - add LIBDIR to the 'LD_RUN_PATH' environment variable
[34.690s]      during linking
[34.690s]    - use the '-Wl,-rpath -Wl,LIBDIR' linker flag
[34.690s]    - have your system administrator add LIBDIR to '/etc/ld.so.conf'
[34.690s] 
[34.690s] See any operating system documentation about shared libraries for
[34.690s] more information, such as the ld(1) and ld.so(8) manual pages.
[34.690s] ----------------------------------------------------------------------
[34.700s] gmake[3]: Leaving directory '/home/vboxuser/agv_ws/build/lely_core_libraries/build/src/can'
[34.700s] gmake[2]: Leaving directory '/home/vboxuser/agv_ws/build/lely_core_libraries/build/src/can'
[34.700s] Making install in co
[34.760s] gmake[2]: Entering directory '/home/vboxuser/agv_ws/build/lely_core_libraries/build/src/co'
[34.815s] gmake[3]: Entering directory '/home/vboxuser/agv_ws/build/lely_core_libraries/build/src/co'
[34.817s]  /usr/bin/mkdir -p '/home/vboxuser/agv_ws/install/lely_core_libraries/lib'
[34.819s]  /bin/bash ../../libtool   --mode=install /usr/bin/install -c   liblely-co.la '/home/vboxuser/agv_ws/install/lely_core_libraries/lib'
[34.889s] libtool: warning: relinking 'liblely-co.la'
[34.899s] libtool: install: (cd /home/vboxuser/agv_ws/build/lely_core_libraries/build/src/co; /bin/bash "/home/vboxuser/agv_ws/build/lely_core_libraries/build/libtool"  --silent --tag CC --mode=relink gcc -pthread -g -O2 -Wall -Wextra -pedantic -Werror -Wno-static-in-inline -no-undefined -version-number 2:3:2 -Wl,--as-needed -o liblely-co.la -rpath /home/vboxuser/agv_ws/install/lely_core_libraries/lib liblely_co_la-crc.lo liblely_co_la-csdo.lo liblely_co_la-dcf.lo liblely_co_la-dev.lo liblely_co_la-emcy.lo liblely_co_la-gw.lo liblely_co_la-gw_txt.lo liblely_co_la-lss.lo liblely_co_la-nmt.lo liblely_co_la-nmt_boot.lo liblely_co_la-nmt_cfg.lo liblely_co_la-nmt_hb.lo liblely_co_la-nmt_srv.lo liblely_co_la-obj.lo liblely_co_la-pdo.lo liblely_co_la-rpdo.lo liblely_co_la-sdev.lo liblely_co_la-sdo.lo liblely_co_la-ssdo.lo liblely_co_la-sync.lo liblely_co_la-time.lo liblely_co_la-tpdo.lo liblely_co_la-type.lo liblely_co_la-val.lo liblely_co_la-wtm.lo ../../src/libc/liblely-libc.la ../../src/util/liblely-util.la ../../src/can/liblely-can.la )
[35.337s] libtool: install: /usr/bin/install -c .libs/liblely-co.so.2.3.2T /home/vboxuser/agv_ws/install/lely_core_libraries/lib/liblely-co.so.2.3.2
[35.348s] libtool: install: (cd /home/vboxuser/agv_ws/install/lely_core_libraries/lib && { ln -s -f liblely-co.so.2.3.2 liblely-co.so.2 || { rm -f liblely-co.so.2 && ln -s liblely-co.so.2.3.2 liblely-co.so.2; }; })
[35.352s] libtool: install: (cd /home/vboxuser/agv_ws/install/lely_core_libraries/lib && { ln -s -f liblely-co.so.2.3.2 liblely-co.so || { rm -f liblely-co.so && ln -s liblely-co.so.2.3.2 liblely-co.so; }; })
[35.359s] libtool: install: /usr/bin/install -c .libs/liblely-co.lai /home/vboxuser/agv_ws/install/lely_core_libraries/lib/liblely-co.la
[35.416s] libtool: finish: PATH="/home/vboxuser/agv_ws/install/lely_core_libraries/bin:/opt/ros/humble/bin:/home/vboxuser/.local/bin:/usr/local/sbin:/usr/local/bin:/usr/sbin:/usr/bin:/sbin:/bin:/usr/games:/usr/local/games:/snap/bin:/snap/bin:/sbin" ldconfig -n /home/vboxuser/agv_ws/install/lely_core_libraries/lib
[35.417s] ----------------------------------------------------------------------
[35.417s] Libraries have been installed in:
[35.417s]    /home/vboxuser/agv_ws/install/lely_core_libraries/lib
[35.417s] 
[35.417s] If you ever happen to want to link against installed libraries
[35.417s] in a given directory, LIBDIR, you must either use libtool, and
[35.417s] specify the full pathname of the library, or use the '-LLIBDIR'
[35.417s] flag during linking and do at least one of the following:
[35.418s]    - add LIBDIR to the 'LD_LIBRARY_PATH' environment variable
[35.418s]      during execution
[35.418s]    - add LIBDIR to the 'LD_RUN_PATH' environment variable
[35.418s]      during linking
[35.418s]    - use the '-Wl,-rpath -Wl,LIBDIR' linker flag
[35.418s]    - have your system administrator add LIBDIR to '/etc/ld.so.conf'
[35.418s] 
[35.419s] See any operating system documentation about shared libraries for
[35.419s] more information, such as the ld(1) and ld.so(8) manual pages.
[35.419s] ----------------------------------------------------------------------
[35.437s] gmake[3]: Leaving directory '/home/vboxuser/agv_ws/build/lely_core_libraries/build/src/co'
[35.437s] gmake[2]: Leaving directory '/home/vboxuser/agv_ws/build/lely_core_libraries/build/src/co'
[35.437s] Making install in io
[35.474s] gmake[2]: Entering directory '/home/vboxuser/agv_ws/build/lely_core_libraries/build/src/io'
[35.517s] gmake[3]: Entering directory '/home/vboxuser/agv_ws/build/lely_core_libraries/build/src/io'
[35.520s]  /usr/bin/mkdir -p '/home/vboxuser/agv_ws/install/lely_core_libraries/lib'
[35.523s]  /bin/bash ../../libtool   --mode=install /usr/bin/install -c   liblely-io.la '/home/vboxuser/agv_ws/install/lely_core_libraries/lib'
[35.608s] libtool: warning: relinking 'liblely-io.la'
[35.608s] libtool: install: (cd /home/vboxuser/agv_ws/build/lely_core_libraries/build/src/io; /bin/bash "/home/vboxuser/agv_ws/build/lely_core_libraries/build/libtool"  --silent --tag CC --mode=relink gcc -pthread -g -O2 -Wall -Wextra -pedantic -Werror -Wno-static-in-inline -no-undefined -version-number 1:9:2 -Wl,--as-needed -o liblely-io.la -rpath /home/vboxuser/agv_ws/install/lely_core_libraries/lib liblely_io_la-addr.lo liblely_io_la-attr.lo liblely_io_la-can.lo liblely_io_la-file.lo liblely_io_la-handle.lo liblely_io_la-if.lo liblely_io_la-io.lo liblely_io_la-pipe.lo liblely_io_la-poll.lo liblely_io_la-rtnl.lo liblely_io_la-serial.lo liblely_io_la-sock.lo ../../src/libc/liblely-libc.la ../../src/util/liblely-util.la ../../src/can/liblely-can.la )
[35.910s] libtool: install: /usr/bin/install -c .libs/liblely-io.so.1.9.2T /home/vboxuser/agv_ws/install/lely_core_libraries/lib/liblely-io.so.1.9.2
[35.916s] libtool: install: (cd /home/vboxuser/agv_ws/install/lely_core_libraries/lib && { ln -s -f liblely-io.so.1.9.2 liblely-io.so.1 || { rm -f liblely-io.so.1 && ln -s liblely-io.so.1.9.2 liblely-io.so.1; }; })
[35.919s] libtool: install: (cd /home/vboxuser/agv_ws/install/lely_core_libraries/lib && { ln -s -f liblely-io.so.1.9.2 liblely-io.so || { rm -f liblely-io.so && ln -s liblely-io.so.1.9.2 liblely-io.so; }; })
[35.925s] libtool: install: /usr/bin/install -c .libs/liblely-io.lai /home/vboxuser/agv_ws/install/lely_core_libraries/lib/liblely-io.la
[35.993s] libtool: finish: PATH="/home/vboxuser/agv_ws/install/lely_core_libraries/bin:/opt/ros/humble/bin:/home/vboxuser/.local/bin:/usr/local/sbin:/usr/local/bin:/usr/sbin:/usr/bin:/sbin:/bin:/usr/games:/usr/local/games:/snap/bin:/snap/bin:/sbin" ldconfig -n /home/vboxuser/agv_ws/install/lely_core_libraries/lib
[35.999s] ----------------------------------------------------------------------
[35.999s] Libraries have been installed in:
[35.999s]    /home/vboxuser/agv_ws/install/lely_core_libraries/lib
[35.999s] 
[35.999s] If you ever happen to want to link against installed libraries
[36.000s] in a given directory, LIBDIR, you must either use libtool, and
[36.000s] specify the full pathname of the library, or use the '-LLIBDIR'
[36.000s] flag during linking and do at least one of the following:
[36.000s]    - add LIBDIR to the 'LD_LIBRARY_PATH' environment variable
[36.000s]      during execution
[36.001s]    - add LIBDIR to the 'LD_RUN_PATH' environment variable
[36.001s]      during linking
[36.001s]    - use the '-Wl,-rpath -Wl,LIBDIR' linker flag
[36.001s]    - have your system administrator add LIBDIR to '/etc/ld.so.conf'
[36.001s] 
[36.001s] See any operating system documentation about shared libraries for
[36.001s] more information, such as the ld(1) and ld.so(8) manual pages.
[36.001s] ----------------------------------------------------------------------
[36.011s] gmake[3]: Leaving directory '/home/vboxuser/agv_ws/build/lely_core_libraries/build/src/io'
[36.011s] gmake[2]: Leaving directory '/home/vboxuser/agv_ws/build/lely_core_libraries/build/src/io'
[36.011s] Making install in ev
[36.046s] gmake[2]: Entering directory '/home/vboxuser/agv_ws/build/lely_core_libraries/build/src/ev'
[36.069s] gmake[3]: Entering directory '/home/vboxuser/agv_ws/build/lely_core_libraries/build/src/ev'
[36.070s]  /usr/bin/mkdir -p '/home/vboxuser/agv_ws/install/lely_core_libraries/lib'
[36.073s]  /bin/bash ../../libtool   --mode=install /usr/bin/install -c   liblely-ev.la '/home/vboxuser/agv_ws/install/lely_core_libraries/lib'
[36.144s] libtool: warning: relinking 'liblely-ev.la'
[36.154s] libtool: install: (cd /home/vboxuser/agv_ws/build/lely_core_libraries/build/src/ev; /bin/bash "/home/vboxuser/agv_ws/build/lely_core_libraries/build/libtool"  --silent --tag CC --mode=relink gcc -pthread -g -O2 -Wall -Wextra -pedantic -Werror -Wno-static-in-inline -no-undefined -version-number 2:3:2 -Wl,--as-needed -o liblely-ev.la -rpath /home/vboxuser/agv_ws/install/lely_core_libraries/lib liblely_ev_la-exec.lo liblely_ev_la-fiber_exec.lo liblely_ev_la-future.lo liblely_ev_la-loop.lo liblely_ev_la-poll.lo liblely_ev_la-std_exec.lo liblely_ev_la-strand.lo liblely_ev_la-task.lo liblely_ev_la-thrd_loop.lo ../../src/libc/liblely-libc.la ../../src/util/liblely-util.la )
[36.423s] libtool: install: /usr/bin/install -c .libs/liblely-ev.so.2.3.2T /home/vboxuser/agv_ws/install/lely_core_libraries/lib/liblely-ev.so.2.3.2
[36.429s] libtool: install: (cd /home/vboxuser/agv_ws/install/lely_core_libraries/lib && { ln -s -f liblely-ev.so.2.3.2 liblely-ev.so.2 || { rm -f liblely-ev.so.2 && ln -s liblely-ev.so.2.3.2 liblely-ev.so.2; }; })
[36.432s] libtool: install: (cd /home/vboxuser/agv_ws/install/lely_core_libraries/lib && { ln -s -f liblely-ev.so.2.3.2 liblely-ev.so || { rm -f liblely-ev.so && ln -s liblely-ev.so.2.3.2 liblely-ev.so; }; })
[36.438s] libtool: install: /usr/bin/install -c .libs/liblely-ev.lai /home/vboxuser/agv_ws/install/lely_core_libraries/lib/liblely-ev.la
[36.497s] libtool: finish: PATH="/home/vboxuser/agv_ws/install/lely_core_libraries/bin:/opt/ros/humble/bin:/home/vboxuser/.local/bin:/usr/local/sbin:/usr/local/bin:/usr/sbin:/usr/bin:/sbin:/bin:/usr/games:/usr/local/games:/snap/bin:/snap/bin:/sbin" ldconfig -n /home/vboxuser/agv_ws/install/lely_core_libraries/lib
[36.503s] ----------------------------------------------------------------------
[36.504s] Libraries have been installed in:
[36.504s]    /home/vboxuser/agv_ws/install/lely_core_libraries/lib
[36.504s] 
[36.504s] If you ever happen to want to link against installed libraries
[36.504s] in a given directory, LIBDIR, you must either use libtool, and
[36.504s] specify the full pathname of the library, or use the '-LLIBDIR'
[36.505s] flag during linking and do at least one of the following:
[36.505s]    - add LIBDIR to the 'LD_LIBRARY_PATH' environment variable
[36.505s]      during execution
[36.505s]    - add LIBDIR to the 'LD_RUN_PATH' environment variable
[36.505s]      during linking
[36.505s]    - use the '-Wl,-rpath -Wl,LIBDIR' linker flag
[36.505s]    - have your system administrator add LIBDIR to '/etc/ld.so.conf'
[36.505s] 
[36.505s] See any operating system documentation about shared libraries for
[36.506s] more information, such as the ld(1) and ld.so(8) manual pages.
[36.506s] ----------------------------------------------------------------------
[36.510s] gmake[3]: Leaving directory '/home/vboxuser/agv_ws/build/lely_core_libraries/build/src/ev'
[36.510s] gmake[2]: Leaving directory '/home/vboxuser/agv_ws/build/lely_core_libraries/build/src/ev'
[36.510s] Making install in io2
[36.559s] gmake[2]: Entering directory '/home/vboxuser/agv_ws/build/lely_core_libraries/build/src/io2'
[36.610s] gmake[3]: Entering directory '/home/vboxuser/agv_ws/build/lely_core_libraries/build/src/io2'
[36.615s]  /usr/bin/mkdir -p '/home/vboxuser/agv_ws/install/lely_core_libraries/lib'
[36.620s]  /bin/bash ../../libtool   --mode=install /usr/bin/install -c   liblely-io2.la '/home/vboxuser/agv_ws/install/lely_core_libraries/lib'
[36.685s] libtool: warning: relinking 'liblely-io2.la'
[36.693s] libtool: install: (cd /home/vboxuser/agv_ws/build/lely_core_libraries/build/src/io2; /bin/bash "/home/vboxuser/agv_ws/build/lely_core_libraries/build/libtool"  --silent --tag CC --mode=relink gcc -pthread -g -O2 -Wall -Wextra -pedantic -Werror -Wno-static-in-inline -no-undefined -version-number 2:3:2 -Wl,--as-needed -o liblely-io2.la -rpath /home/vboxuser/agv_ws/install/lely_core_libraries/lib can/liblely_io2_la-msg.lo linux/liblely_io2_la-can_chan.lo linux/liblely_io2_la-can_ctrl.lo linux/liblely_io2_la-poll.lo linux/liblely_io2_la-timer.lo posix/liblely_io2_la-fd.lo posix/liblely_io2_la-io.lo posix/liblely_io2_la-sigset.lo sys/liblely_io2_la-clock.lo sys/liblely_io2_la-io.lo user/liblely_io2_la-can.lo user/liblely_io2_la-timer.lo liblely_io2_la-can.lo liblely_io2_la-can_net.lo liblely_io2_la-can_rt.lo liblely_io2_la-clock.lo liblely_io2_la-ctx.lo liblely_io2_la-dev.lo liblely_io2_la-sigset.lo liblely_io2_la-timer.lo liblely_io2_la-tqueue.lo liblely_io2_la-vcan.lo ../../src/libc/liblely-libc.la ../../src/util/liblely-util.la ../../src/can/liblely-can.la ../../src/ev/liblely-ev.la -lrt )
[37.125s] libtool: install: /usr/bin/install -c .libs/liblely-io2.so.2.3.2T /home/vboxuser/agv_ws/install/lely_core_libraries/lib/liblely-io2.so.2.3.2
[37.128s] libtool: install: (cd /home/vboxuser/agv_ws/install/lely_core_libraries/lib && { ln -s -f liblely-io2.so.2.3.2 liblely-io2.so.2 || { rm -f liblely-io2.so.2 && ln -s liblely-io2.so.2.3.2 liblely-io2.so.2; }; })
[37.136s] libtool: install: (cd /home/vboxuser/agv_ws/install/lely_core_libraries/lib && { ln -s -f liblely-io2.so.2.3.2 liblely-io2.so || { rm -f liblely-io2.so && ln -s liblely-io2.so.2.3.2 liblely-io2.so; }; })
[37.140s] libtool: install: /usr/bin/install -c .libs/liblely-io2.lai /home/vboxuser/agv_ws/install/lely_core_libraries/lib/liblely-io2.la
[37.200s] libtool: finish: PATH="/home/vboxuser/agv_ws/install/lely_core_libraries/bin:/opt/ros/humble/bin:/home/vboxuser/.local/bin:/usr/local/sbin:/usr/local/bin:/usr/sbin:/usr/bin:/sbin:/bin:/usr/games:/usr/local/games:/snap/bin:/snap/bin:/sbin" ldconfig -n /home/vboxuser/agv_ws/install/lely_core_libraries/lib
[37.207s] ----------------------------------------------------------------------
[37.207s] Libraries have been installed in:
[37.207s]    /home/vboxuser/agv_ws/install/lely_core_libraries/lib
[37.207s] 
[37.207s] If you ever happen to want to link against installed libraries
[37.207s] in a given directory, LIBDIR, you must either use libtool, and
[37.207s] specify the full pathname of the library, or use the '-LLIBDIR'
[37.207s] flag during linking and do at least one of the following:
[37.208s]    - add LIBDIR to the 'LD_LIBRARY_PATH' environment variable
[37.208s]      during execution
[37.208s]    - add LIBDIR to the 'LD_RUN_PATH' environment variable
[37.208s]      during linking
[37.208s]    - use the '-Wl,-rpath -Wl,LIBDIR' linker flag
[37.208s]    - have your system administrator add LIBDIR to '/etc/ld.so.conf'
[37.208s] 
[37.208s] See any operating system documentation about shared libraries for
[37.209s] more information, such as the ld(1) and ld.so(8) manual pages.
[37.209s] ----------------------------------------------------------------------
[37.215s] gmake[3]: Leaving directory '/home/vboxuser/agv_ws/build/lely_core_libraries/build/src/io2'
[37.215s] gmake[2]: Leaving directory '/home/vboxuser/agv_ws/build/lely_core_libraries/build/src/io2'
[37.216s] Making install in coapp
[37.279s] gmake[2]: Entering directory '/home/vboxuser/agv_ws/build/lely_core_libraries/build/src/coapp'
[37.346s] gmake[3]: Entering directory '/home/vboxuser/agv_ws/build/lely_core_libraries/build/src/coapp'
[37.348s]  /usr/bin/mkdir -p '/home/vboxuser/agv_ws/install/lely_core_libraries/lib'
[37.351s]  /bin/bash ../../libtool   --mode=install /usr/bin/install -c   liblely-coapp.la '/home/vboxuser/agv_ws/install/lely_core_libraries/lib'
[37.416s] libtool: warning: relinking 'liblely-coapp.la'
[37.420s] libtool: install: (cd /home/vboxuser/agv_ws/build/lely_core_libraries/build/src/coapp; /bin/bash "/home/vboxuser/agv_ws/build/lely_core_libraries/build/libtool"  --silent --tag CXX --mode=relink g++ -std=gnu++11 -g -O2 -Wall -Wextra -pedantic -Werror -no-undefined -version-number 2:3:2 -Wl,--as-needed -o liblely-coapp.la -rpath /home/vboxuser/agv_ws/install/lely_core_libraries/lib liblely_coapp_la-device.lo liblely_coapp_la-driver.lo liblely_coapp_la-fiber_driver.lo liblely_coapp_la-logical_driver.lo liblely_coapp_la-loop_driver.lo liblely_coapp_la-lss_master.lo liblely_coapp_la-master.lo liblely_coapp_la-node.lo liblely_coapp_la-sdo.lo liblely_coapp_la-sdo_error.lo liblely_coapp_la-slave.lo liblely_coapp_la-type_traits.lo ../../src/libc/liblely-libc.la ../../src/util/liblely-util.la ../../src/can/liblely-can.la ../../src/ev/liblely-ev.la ../../src/io2/liblely-io2.la ../../src/co/liblely-co.la )
[38.366s] libtool: install: /usr/bin/install -c .libs/liblely-coapp.so.2.3.2T /home/vboxuser/agv_ws/install/lely_core_libraries/lib/liblely-coapp.so.2.3.2
[38.378s] libtool: install: (cd /home/vboxuser/agv_ws/install/lely_core_libraries/lib && { ln -s -f liblely-coapp.so.2.3.2 liblely-coapp.so.2 || { rm -f liblely-coapp.so.2 && ln -s liblely-coapp.so.2.3.2 liblely-coapp.so.2; }; })
[38.388s] libtool: install: (cd /home/vboxuser/agv_ws/install/lely_core_libraries/lib && { ln -s -f liblely-coapp.so.2.3.2 liblely-coapp.so || { rm -f liblely-coapp.so && ln -s liblely-coapp.so.2.3.2 liblely-coapp.so; }; })
[38.388s] libtool: install: /usr/bin/install -c .libs/liblely-coapp.lai /home/vboxuser/agv_ws/install/lely_core_libraries/lib/liblely-coapp.la
[38.448s] libtool: finish: PATH="/home/vboxuser/agv_ws/install/lely_core_libraries/bin:/opt/ros/humble/bin:/home/vboxuser/.local/bin:/usr/local/sbin:/usr/local/bin:/usr/sbin:/usr/bin:/sbin:/bin:/usr/games:/usr/local/games:/snap/bin:/snap/bin:/sbin" ldconfig -n /home/vboxuser/agv_ws/install/lely_core_libraries/lib
[38.451s] ----------------------------------------------------------------------
[38.452s] Libraries have been installed in:
[38.452s]    /home/vboxuser/agv_ws/install/lely_core_libraries/lib
[38.452s] 
[38.452s] If you ever happen to want to link against installed libraries
[38.452s] in a given directory, LIBDIR, you must either use libtool, and
[38.452s] specify the full pathname of the library, or use the '-LLIBDIR'
[38.452s] flag during linking and do at least one of the following:
[38.453s]    - add LIBDIR to the 'LD_LIBRARY_PATH' environment variable
[38.453s]      during execution
[38.453s]    - add LIBDIR to the 'LD_RUN_PATH' environment variable
[38.453s]      during linking
[38.453s]    - use the '-Wl,-rpath -Wl,LIBDIR' linker flag
[38.453s]    - have your system administrator add LIBDIR to '/etc/ld.so.conf'
[38.453s] 
[38.453s] See any operating system documentation about shared libraries for
[38.453s] more information, such as the ld(1) and ld.so(8) manual pages.
[38.454s] ----------------------------------------------------------------------
[38.461s] gmake[3]: Leaving directory '/home/vboxuser/agv_ws/build/lely_core_libraries/build/src/coapp'
[38.462s] gmake[2]: Leaving directory '/home/vboxuser/agv_ws/build/lely_core_libraries/build/src/coapp'
[38.465s] gmake[2]: Entering directory '/home/vboxuser/agv_ws/build/lely_core_libraries/build/src'
[38.471s] gmake[3]: Entering directory '/home/vboxuser/agv_ws/build/lely_core_libraries/build/src'
[38.471s] gmake[3]: Nothing to be done for 'install-exec-am'.
[38.472s] gmake[3]: Nothing to be done for 'install-data-am'.
[38.472s] gmake[3]: Leaving directory '/home/vboxuser/agv_ws/build/lely_core_libraries/build/src'
[38.473s] gmake[2]: Leaving directory '/home/vboxuser/agv_ws/build/lely_core_libraries/build/src'
[38.474s] gmake[1]: Leaving directory '/home/vboxuser/agv_ws/build/lely_core_libraries/build/src'
[38.474s] Making install in python
[38.480s] gmake[1]: Entering directory '/home/vboxuser/agv_ws/build/lely_core_libraries/build/python'
[38.498s] Making install in dcf-tools
[38.500s] gmake[2]: Entering directory '/home/vboxuser/agv_ws/build/lely_core_libraries/build/python/dcf-tools'
[38.508s] gmake[3]: Entering directory '/home/vboxuser/agv_ws/build/lely_core_libraries/build/python/dcf-tools'
[39.142s] running egg_info
[39.144s] writing dcf_tools.egg-info/PKG-INFO
[39.144s] writing dependency_links to dcf_tools.egg-info/dependency_links.txt
[39.145s] writing entry points to dcf_tools.egg-info/entry_points.txt
[39.145s] writing requirements to dcf_tools.egg-info/requires.txt
[39.146s] writing top-level names to dcf_tools.egg-info/top_level.txt
[39.151s] reading manifest file 'dcf_tools.egg-info/SOURCES.txt'
[39.154s] writing manifest file 'dcf_tools.egg-info/SOURCES.txt'
[39.154s] running build
[39.155s] running build_py
[39.160s] running install
[39.161s] running install_lib
[39.166s] running install_egg_info
[39.170s] removing '/home/vboxuser/agv_ws/install/lely_core_libraries/lib/python3.10/site-packages/dcf_tools-2.3.2-py3.10.egg-info' (and everything under it)
[39.170s] Copying dcf_tools.egg-info to /home/vboxuser/agv_ws/install/lely_core_libraries/lib/python3.10/site-packages/dcf_tools-2.3.2-py3.10.egg-info
[39.172s] running install_scripts
[39.215s] Installing dcf2dev script to /home/vboxuser/agv_ws/install/lely_core_libraries/bin/
[39.215s] Installing dcfchk script to /home/vboxuser/agv_ws/install/lely_core_libraries/bin/
[39.215s] Installing dcfgen script to /home/vboxuser/agv_ws/install/lely_core_libraries/bin/
[39.216s] writing list of installed files to 'install.log'
[39.290s] gmake[3]: Nothing to be done for 'install-data-am'.
[39.291s] gmake[3]: Leaving directory '/home/vboxuser/agv_ws/build/lely_core_libraries/build/python/dcf-tools'
[39.292s] gmake[2]: Leaving directory '/home/vboxuser/agv_ws/build/lely_core_libraries/build/python/dcf-tools'
[39.299s] gmake[2]: Entering directory '/home/vboxuser/agv_ws/build/lely_core_libraries/build/python'
[39.304s] gmake[3]: Entering directory '/home/vboxuser/agv_ws/build/lely_core_libraries/build/python'
[39.304s] gmake[3]: Nothing to be done for 'install-exec-am'.
[39.304s] gmake[3]: Nothing to be done for 'install-data-am'.
[39.304s] gmake[3]: Leaving directory '/home/vboxuser/agv_ws/build/lely_core_libraries/build/python'
[39.304s] gmake[2]: Leaving directory '/home/vboxuser/agv_ws/build/lely_core_libraries/build/python'
[39.305s] gmake[1]: Leaving directory '/home/vboxuser/agv_ws/build/lely_core_libraries/build/python'
[39.305s] Making install in pkgconfig
[39.311s] gmake[1]: Entering directory '/home/vboxuser/agv_ws/build/lely_core_libraries/build/pkgconfig'
[39.318s] gmake[2]: Entering directory '/home/vboxuser/agv_ws/build/lely_core_libraries/build/pkgconfig'
[39.318s] gmake[2]: Nothing to be done for 'install-exec-am'.
[39.320s]  /usr/bin/mkdir -p '/home/vboxuser/agv_ws/install/lely_core_libraries/lib/pkgconfig'
[39.336s]  /usr/bin/install -c -m 644 liblely-can.pc liblely-co.pc liblely-coapp.pc liblely-ev.pc liblely-io.pc liblely-io2.pc liblely-libc.pc liblely-libc_rt.pc liblely-tap.pc liblely-util.pc '/home/vboxuser/agv_ws/install/lely_core_libraries/lib/pkgconfig'
[39.354s] gmake[2]: Leaving directory '/home/vboxuser/agv_ws/build/lely_core_libraries/build/pkgconfig'
[39.354s] gmake[1]: Leaving directory '/home/vboxuser/agv_ws/build/lely_core_libraries/build/pkgconfig'
[39.358s] gmake[1]: Entering directory '/home/vboxuser/agv_ws/build/lely_core_libraries/build'
[39.369s] gmake[2]: Entering directory '/home/vboxuser/agv_ws/build/lely_core_libraries/build'
[39.369s] gmake[2]: Nothing to be done for 'install-exec-am'.
[39.370s] gmake[2]: Nothing to be done for 'install-data-am'.
[39.370s] gmake[2]: Leaving directory '/home/vboxuser/agv_ws/build/lely_core_libraries/build'
[39.370s] gmake[1]: Leaving directory '/home/vboxuser/agv_ws/build/lely_core_libraries/build'
[39.374s] -- Up-to-date: /home/vboxuser/agv_ws/install/lely_core_libraries/share/lely_core_libraries/cmake
[39.374s] -- Up-to-date: /home/vboxuser/agv_ws/install/lely_core_libraries/share/lely_core_libraries/cmake/lely_core_libraries-extras.cmake
[39.374s] -- Up-to-date: /home/vboxuser/agv_ws/install/lely_core_libraries/share/lely_core_libraries/environment/pythonpath.sh
[39.375s] -- Up-to-date: /home/vboxuser/agv_ws/install/lely_core_libraries/share/lely_core_libraries/environment/pythonpath.dsv
[39.375s] -- Up-to-date: /home/vboxuser/agv_ws/install/lely_core_libraries/local/lib/python3.10/dist-packages/cogen-0.2.7-py3.10.egg-info
[39.376s] -- Installing: /home/vboxuser/agv_ws/install/lely_core_libraries/local/lib/python3.10/dist-packages/cogen-0.2.7-py3.10.egg-info/entry_points.txt
[39.376s] -- Installing: /home/vboxuser/agv_ws/install/lely_core_libraries/local/lib/python3.10/dist-packages/cogen-0.2.7-py3.10.egg-info/SOURCES.txt
[39.376s] -- Installing: /home/vboxuser/agv_ws/install/lely_core_libraries/local/lib/python3.10/dist-packages/cogen-0.2.7-py3.10.egg-info/dependency_links.txt
[39.376s] -- Installing: /home/vboxuser/agv_ws/install/lely_core_libraries/local/lib/python3.10/dist-packages/cogen-0.2.7-py3.10.egg-info/PKG-INFO
[39.377s] -- Installing: /home/vboxuser/agv_ws/install/lely_core_libraries/local/lib/python3.10/dist-packages/cogen-0.2.7-py3.10.egg-info/top_level.txt
[39.377s] -- Up-to-date: /home/vboxuser/agv_ws/install/lely_core_libraries/lib/cogen/
[39.377s] -- Installing: /home/vboxuser/agv_ws/install/lely_core_libraries/lib/cogen//cogen
[39.377s] -- Up-to-date: /home/vboxuser/agv_ws/install/lely_core_libraries/local/lib/python3.10/dist-packages/cogen
[39.377s] -- Up-to-date: /home/vboxuser/agv_ws/install/lely_core_libraries/local/lib/python3.10/dist-packages/cogen/cogen.py
[39.378s] -- Up-to-date: /home/vboxuser/agv_ws/install/lely_core_libraries/local/lib/python3.10/dist-packages/cogen/__init__.py
[39.462s] Listing '/home/vboxuser/agv_ws/install/lely_core_libraries/local/lib/python3.10/dist-packages/cogen'...
[39.465s] -- Up-to-date: /home/vboxuser/agv_ws/install/lely_core_libraries/bin/
[39.465s] -- Installing: /home/vboxuser/agv_ws/install/lely_core_libraries/bin//cogen
[39.465s] -- Up-to-date: /home/vboxuser/agv_ws/install/lely_core_libraries/share/lely_core_libraries/environment/library_path.sh
[39.465s] -- Up-to-date: /home/vboxuser/agv_ws/install/lely_core_libraries/share/lely_core_libraries/environment/library_path.dsv
[39.465s] -- Up-to-date: /home/vboxuser/agv_ws/install/lely_core_libraries/share/ament_index/resource_index/package_run_dependencies/lely_core_libraries
[39.466s] -- Up-to-date: /home/vboxuser/agv_ws/install/lely_core_libraries/share/ament_index/resource_index/parent_prefix_path/lely_core_libraries
[39.466s] -- Up-to-date: /home/vboxuser/agv_ws/install/lely_core_libraries/share/lely_core_libraries/environment/ament_prefix_path.sh
[39.466s] -- Up-to-date: /home/vboxuser/agv_ws/install/lely_core_libraries/share/lely_core_libraries/environment/ament_prefix_path.dsv
[39.466s] -- Up-to-date: /home/vboxuser/agv_ws/install/lely_core_libraries/share/lely_core_libraries/environment/path.sh
[39.466s] -- Up-to-date: /home/vboxuser/agv_ws/install/lely_core_libraries/share/lely_core_libraries/environment/path.dsv
[39.466s] -- Up-to-date: /home/vboxuser/agv_ws/install/lely_core_libraries/share/lely_core_libraries/local_setup.bash
[39.467s] -- Up-to-date: /home/vboxuser/agv_ws/install/lely_core_libraries/share/lely_core_libraries/local_setup.sh
[39.467s] -- Up-to-date: /home/vboxuser/agv_ws/install/lely_core_libraries/share/lely_core_libraries/local_setup.zsh
[39.467s] -- Up-to-date: /home/vboxuser/agv_ws/install/lely_core_libraries/share/lely_core_libraries/local_setup.dsv
[39.467s] -- Installing: /home/vboxuser/agv_ws/install/lely_core_libraries/share/lely_core_libraries/package.dsv
[39.467s] -- Up-to-date: /home/vboxuser/agv_ws/install/lely_core_libraries/share/ament_index/resource_index/packages/lely_core_libraries
[39.467s] -- Up-to-date: /home/vboxuser/agv_ws/install/lely_core_libraries/share/lely_core_libraries/cmake/lely_core_libraries-extras.cmake
[39.467s] -- Up-to-date: /home/vboxuser/agv_ws/install/lely_core_libraries/share/lely_core_libraries/cmake/ament_cmake_export_include_directories-extras.cmake
[39.467s] -- Up-to-date: /home/vboxuser/agv_ws/install/lely_core_libraries/share/lely_core_libraries/cmake/ament_cmake_export_libraries-extras.cmake
[39.468s] -- Up-to-date: /home/vboxuser/agv_ws/install/lely_core_libraries/share/lely_core_libraries/cmake/lely_core_librariesConfig.cmake
[39.468s] -- Up-to-date: /home/vboxuser/agv_ws/install/lely_core_libraries/share/lely_core_libraries/cmake/lely_core_librariesConfig-version.cmake
[39.468s] -- Up-to-date: /home/vboxuser/agv_ws/install/lely_core_libraries/share/lely_core_libraries/package.xml
[39.470s] Invoked command in '/home/vboxuser/agv_ws/build/lely_core_libraries' returned '0': CMAKE_PREFIX_PATH=/home/vboxuser/agv_ws/install/pgv100:/home/vboxuser/agv_ws/install/panda_rviz_viewer:/home/vboxuser/agv_ws/install/panda_canopen:/home/vboxuser/agv_ws/install/my_simulation:/home/vboxuser/agv_ws/install/canopen_tests:/home/vboxuser/agv_ws/install/canopen_ros2_controllers:/home/vboxuser/agv_ws/install/canopen_ros2_control:/home/vboxuser/agv_ws/install/canopen_robot_control_example:/home/vboxuser/agv_ws/install/canopen_kinco3:/home/vboxuser/agv_ws/install/canopen_kinco2:/home/vboxuser/agv_ws/install/canopen_kinco:/home/vboxuser/agv_ws/install/canopen:/home/vboxuser/agv_ws/install/canopen_402_driver:/home/vboxuser/agv_ws/install/canopen_proxy_driver:/home/vboxuser/agv_ws/install/canopen_master_driver:/home/vboxuser/agv_ws/install/canopen_fake_slaves:/home/vboxuser/agv_ws/install/canopen_base_driver:/home/vboxuser/agv_ws/install/canopen_core:/home/vboxuser/agv_ws/install/lely_core_libraries:/home/vboxuser/agv_ws/install/canopen_interfaces:/home/vboxuser/agv_ws/install/agv_py:/home/vboxuser/agv_ws/install/agv_controllers:/home/vboxuser/agv_ws/install/communication:/home/vboxuser/agv_ws/install/canopen_utils:/home/vboxuser/agv_ws/install/agv_py_functions:/home/vboxuser/bumperbot_ws/install/bumperbot_py_examples:/home/vboxuser/ros2_ws/install/my_py_pkg:/opt/ros/humble:/home/vboxuser/agv_ws/install/agv_controller:/home/vboxuser/agv_ws/install/agv:/home/vboxuser/bumperbot_ws/install/bumperbot_cpp_examples:/home/vboxuser/bumperbot_ws/install/bumperbot_msgs:/home/vboxuser/bumperbot_ws/install/bumperbot_description:/home/vboxuser/bumperbot_ws/install/bumperbot_controller:/home/vboxuser/ros2_ws/install/my_simulation /usr/bin/cmake --install /home/vboxuser/agv_ws/build/lely_core_libraries
