[0.641s] Invoking command in '/home/vboxuser/agv_ws/build/agv_controllers': CMAKE_PREFIX_PATH=${CMAKE_PREFIX_PATH}:/home/vboxuser/install/my_py_pkg:/home/vboxuser/install/agv_py_functions:/home/vboxuser/bumperbot_ws/install/bumperbot_py_examples:/home/vboxuser/ros2_ws/install/my_py_pkg:/opt/ros/humble /usr/bin/cmake --build /home/vboxuser/agv_ws/build/agv_controllers -- -j4 -l4
[1.485s] -- Found ament_cmake: 1.3.6 (/opt/ros/humble/share/ament_cmake/cmake)
[1.486s] -- Found ament_lint_auto: 0.12.9 (/opt/ros/humble/share/ament_lint_auto/cmake)
[1.486s] -- Added test 'flake8' to check Python code syntax and style conventions
[1.486s] -- Added test 'lint_cmake' to check CMake code style
[1.486s] -- Added test 'pep257' to check Python code against some of the docstring style conventions in PEP 257
[1.486s] -- Added test 'xmllint' to check XML markup files
[1.487s] -- Configuring done
[1.487s] -- Generating done
[1.487s] -- Build files have been written to: /home/vboxuser/agv_ws/build/agv_controllers
[1.529s] Invoked command in '/home/vboxuser/agv_ws/build/agv_controllers' returned '0': CMAKE_PREFIX_PATH=${CMAKE_PREFIX_PATH}:/home/vboxuser/install/my_py_pkg:/home/vboxuser/install/agv_py_functions:/home/vboxuser/bumperbot_ws/install/bumperbot_py_examples:/home/vboxuser/ros2_ws/install/my_py_pkg:/opt/ros/humble /usr/bin/cmake --build /home/vboxuser/agv_ws/build/agv_controllers -- -j4 -l4
[1.605s] Invoking command in '/home/vboxuser/agv_ws/build/agv_controllers': CMAKE_PREFIX_PATH=${CMAKE_PREFIX_PATH}:/home/vboxuser/install/my_py_pkg:/home/vboxuser/install/agv_py_functions:/home/vboxuser/bumperbot_ws/install/bumperbot_py_examples:/home/vboxuser/ros2_ws/install/my_py_pkg:/opt/ros/humble /usr/bin/cmake --install /home/vboxuser/agv_ws/build/agv_controllers
[1.624s] -- Install configuration: ""
[1.625s] -- Installing: /home/vboxuser/agv_ws/install/agv_controllers/share/ament_index/resource_index/package_run_dependencies/agv_controllers
[1.640s] -- Installing: /home/vboxuser/agv_ws/install/agv_controllers/share/ament_index/resource_index/parent_prefix_path/agv_controllers
[1.640s] -- Up-to-date: /home/vboxuser/agv_ws/install/agv_controllers/share/agv_controllers/environment/ament_prefix_path.sh
[1.640s] -- Installing: /home/vboxuser/agv_ws/install/agv_controllers/share/agv_controllers/environment/ament_prefix_path.dsv
[1.640s] -- Up-to-date: /home/vboxuser/agv_ws/install/agv_controllers/share/agv_controllers/environment/path.sh
[1.640s] -- Installing: /home/vboxuser/agv_ws/install/agv_controllers/share/agv_controllers/environment/path.dsv
[1.641s] -- Up-to-date: /home/vboxuser/agv_ws/install/agv_controllers/share/agv_controllers/local_setup.bash
[1.641s] -- Up-to-date: /home/vboxuser/agv_ws/install/agv_controllers/share/agv_controllers/local_setup.sh
[1.641s] -- Up-to-date: /home/vboxuser/agv_ws/install/agv_controllers/share/agv_controllers/local_setup.zsh
[1.641s] -- Installing: /home/vboxuser/agv_ws/install/agv_controllers/share/agv_controllers/local_setup.dsv
[1.641s] -- Installing: /home/vboxuser/agv_ws/install/agv_controllers/share/agv_controllers/package.dsv
[1.641s] -- Up-to-date: /home/vboxuser/agv_ws/install/agv_controllers/share/ament_index/resource_index/packages/agv_controllers
[1.641s] -- Up-to-date: /home/vboxuser/agv_ws/install/agv_controllers/share/agv_controllers/cmake/agv_controllersConfig.cmake
[1.641s] -- Up-to-date: /home/vboxuser/agv_ws/install/agv_controllers/share/agv_controllers/cmake/agv_controllersConfig-version.cmake
[1.642s] -- Installing: /home/vboxuser/agv_ws/install/agv_controllers/share/agv_controllers/package.xml
[1.660s] Invoked command in '/home/vboxuser/agv_ws/build/agv_controllers' returned '0': CMAKE_PREFIX_PATH=${CMAKE_PREFIX_PATH}:/home/vboxuser/install/my_py_pkg:/home/vboxuser/install/agv_py_functions:/home/vboxuser/bumperbot_ws/install/bumperbot_py_examples:/home/vboxuser/ros2_ws/install/my_py_pkg:/opt/ros/humble /usr/bin/cmake --install /home/vboxuser/agv_ws/build/agv_controllers
