[0.097s] Invoking command in '/home/vboxuser/agv_ws/build/agv_controller': CMAKE_PREFIX_PATH=${CMAKE_PREFIX_PATH}:/home/vboxuser/bumperbot_ws/install/bumperbot_py_examples:/home/vboxuser/ros2_ws/install/my_py_pkg:/opt/ros/humble /usr/bin/cmake --build /home/vboxuser/agv_ws/build/agv_controller -- -j4 -l4
[0.227s] Invoked command in '/home/vboxuser/agv_ws/build/agv_controller' returned '0': CMAKE_PREFIX_PATH=${CMAKE_PREFIX_PATH}:/home/vboxuser/bumperbot_ws/install/bumperbot_py_examples:/home/vboxuser/ros2_ws/install/my_py_pkg:/opt/ros/humble /usr/bin/cmake --build /home/vboxuser/agv_ws/build/agv_controller -- -j4 -l4
[0.349s] Invoking command in '/home/vboxuser/agv_ws/build/agv_controller': CMAKE_PREFIX_PATH=${CMAKE_PREFIX_PATH}:/home/vboxuser/bumperbot_ws/install/bumperbot_py_examples:/home/vboxuser/ros2_ws/install/my_py_pkg:/opt/ros/humble /usr/bin/cmake --install /home/vboxuser/agv_ws/build/agv_controller
[0.396s] -- Install configuration: ""
[0.400s] -- Up-to-date: /home/vboxuser/agv_ws/install/agv_controller/share/agv_controller/config
[0.406s] -- Up-to-date: /home/vboxuser/agv_ws/install/agv_controller/share/agv_controller/config/agv_controller.yaml
[0.406s] -- Up-to-date: /home/vboxuser/agv_ws/install/agv_controller/share/agv_controller/launch
[0.409s] -- Up-to-date: /home/vboxuser/agv_ws/install/agv_controller/share/agv_controller/launch/controller.launch.py
[0.411s] -- Up-to-date: /home/vboxuser/agv_ws/install/agv_controller/lib/agv_controller/simple_controller.py
[0.413s] -- Up-to-date: /home/vboxuser/agv_ws/install/agv_controller/share/ament_index/resource_index/package_run_dependencies/agv_controller
[0.414s] -- Up-to-date: /home/vboxuser/agv_ws/install/agv_controller/share/ament_index/resource_index/parent_prefix_path/agv_controller
[0.416s] -- Up-to-date: /home/vboxuser/agv_ws/install/agv_controller/share/agv_controller/environment/ament_prefix_path.sh
[0.417s] -- Up-to-date: /home/vboxuser/agv_ws/install/agv_controller/share/agv_controller/environment/ament_prefix_path.dsv
[0.417s] -- Up-to-date: /home/vboxuser/agv_ws/install/agv_controller/share/agv_controller/environment/path.sh
[0.418s] -- Up-to-date: /home/vboxuser/agv_ws/install/agv_controller/share/agv_controller/environment/path.dsv
[0.419s] -- Up-to-date: /home/vboxuser/agv_ws/install/agv_controller/share/agv_controller/local_setup.bash
[0.419s] -- Up-to-date: /home/vboxuser/agv_ws/install/agv_controller/share/agv_controller/local_setup.sh
[0.421s] -- Up-to-date: /home/vboxuser/agv_ws/install/agv_controller/share/agv_controller/local_setup.zsh
[0.421s] -- Up-to-date: /home/vboxuser/agv_ws/install/agv_controller/share/agv_controller/local_setup.dsv
[0.421s] -- Installing: /home/vboxuser/agv_ws/install/agv_controller/share/agv_controller/package.dsv
[0.423s] -- Up-to-date: /home/vboxuser/agv_ws/install/agv_controller/share/ament_index/resource_index/packages/agv_controller
[0.424s] -- Up-to-date: /home/vboxuser/agv_ws/install/agv_controller/share/agv_controller/cmake/agv_controllerConfig.cmake
[0.424s] -- Up-to-date: /home/vboxuser/agv_ws/install/agv_controller/share/agv_controller/cmake/agv_controllerConfig-version.cmake
[0.425s] -- Up-to-date: /home/vboxuser/agv_ws/install/agv_controller/share/agv_controller/package.xml
[0.488s] Invoked command in '/home/vboxuser/agv_ws/build/agv_controller' returned '0': CMAKE_PREFIX_PATH=${CMAKE_PREFIX_PATH}:/home/vboxuser/bumperbot_ws/install/bumperbot_py_examples:/home/vboxuser/ros2_ws/install/my_py_pkg:/opt/ros/humble /usr/bin/cmake --install /home/vboxuser/agv_ws/build/agv_controller
