[0.064s] Invoking command in '/home/vboxuser/agv_ws/build/canopen_core': CMAKE_PREFIX_PATH=/home/vboxuser/agv_ws/install/lely_core_libraries:/home/vboxuser/agv_ws/install/canopen_interfaces:/home/vboxuser/agv_ws/install/pgv100:/home/vboxuser/agv_ws/install/panda_rviz_viewer:/home/vboxuser/agv_ws/install/panda_canopen:/home/vboxuser/agv_ws/install/my_simulation:/home/vboxuser/agv_ws/install/canopen_tests:/home/vboxuser/agv_ws/install/canopen_ros2_controllers:/home/vboxuser/agv_ws/install/canopen_ros2_control:/home/vboxuser/agv_ws/install/canopen_robot_control_example:/home/vboxuser/agv_ws/install/canopen_kinco3:/home/vboxuser/agv_ws/install/canopen_kinco2:/home/vboxuser/agv_ws/install/canopen_kinco:/home/vboxuser/agv_ws/install/canopen:/home/vboxuser/agv_ws/install/canopen_402_driver:/home/vboxuser/agv_ws/install/canopen_proxy_driver:/home/vboxuser/agv_ws/install/canopen_master_driver:/home/vboxuser/agv_ws/install/canopen_fake_slaves:/home/vboxuser/agv_ws/install/canopen_base_driver:/home/vboxuser/agv_ws/install/canopen_core:/home/vboxuser/agv_ws/install/agv_py:/home/vboxuser/agv_ws/install/agv_controllers:/home/vboxuser/agv_ws/install/communication:/home/vboxuser/agv_ws/install/canopen_utils:/home/vboxuser/agv_ws/install/agv_py_functions:/home/vboxuser/install/my_py_pkg:/home/vboxuser/install/agv_py_functions:/home/vboxuser/bumperbot_ws/install/bumperbot_py_examples:/home/vboxuser/ros2_ws/install/my_py_pkg:/opt/ros/humble:/home/vboxuser/agv_ws/install/agv_controller:/home/vboxuser/agv_ws/install/agv:/home/vboxuser/install/agv:/home/vboxuser/bumperbot_ws/install/bumperbot_cpp_examples:/home/vboxuser/bumperbot_ws/install/bumperbot_msgs:/home/vboxuser/bumperbot_ws/install/bumperbot_description:/home/vboxuser/bumperbot_ws/install/bumperbot_controller:/home/vboxuser/ros2_ws/install/my_simulation LD_LIBRARY_PATH=/home/vboxuser/agv_ws/install/lely_core_libraries/lib:/home/vboxuser/agv_ws/install/canopen_interfaces/lib:/home/vboxuser/agv_ws/install/pgv100/lib:/home/vboxuser/agv_ws/install/canopen_ros2_controllers/lib:/home/vboxuser/agv_ws/install/canopen_ros2_control/lib:/home/vboxuser/agv_ws/install/canopen_402_driver/lib:/home/vboxuser/agv_ws/install/canopen_proxy_driver/lib:/home/vboxuser/agv_ws/install/canopen_master_driver/lib:/home/vboxuser/agv_ws/install/canopen_base_driver/lib:/home/vboxuser/agv_ws/install/canopen_core/lib:/home/vboxuser/bumperbot_ws/install/bumperbot_msgs/lib:/usr/lib/x86_64-linux-gnu/gazebo-11/plugins:/opt/ros/humble/opt/rviz_ogre_vendor/lib:/opt/ros/humble/lib/x86_64-linux-gnu:/opt/ros/humble/lib PYTHONPATH=/home/vboxuser/agv_ws/install/lely_core_libraries/lib/python3.10/site-packages:/home/vboxuser/agv_ws/install/pgv100/local/lib/python3.10/dist-packages:/home/vboxuser/agv_ws/install/lely_core_libraries/local/lib/python3.10/dist-packages:/home/vboxuser/agv_ws/install/communication/lib/python3.10/site-packages:/home/vboxuser/agv_ws/install/canopen_utils/lib/python3.10/site-packages:/home/vboxuser/agv_ws/install/canopen_interfaces/local/lib/python3.10/dist-packages:/home/vboxuser/agv_ws/install/agv_py_functions/lib/python3.10/site-packages:/home/vboxuser/agv_ws/install/agv_py/lib/python3.10/site-packages:/home/vboxuser/agv_ws/install/agv/lib/python3.10/site-packages:/home/vboxuser/install/my_py_pkg/lib/python3.10/site-packages:/home/vboxuser/install/agv_py_functions/lib/python3.10/site-packages:/home/vboxuser/bumperbot_ws/install/bumperbot_py_examples/lib/python3.10/site-packages:/home/vboxuser/bumperbot_ws/install/bumperbot_msgs/local/lib/python3.10/dist-packages:/home/vboxuser/bumperbot_ws/install/bumperbot_controller/local/lib/python3.10/dist-packages:/home/vboxuser/ros2_ws/install/my_py_pkg/lib/python3.10/site-packages:/opt/ros/humble/lib/python3.10/site-packages:/opt/ros/humble/local/lib/python3.10/dist-packages /usr/bin/cmake --build /home/vboxuser/agv_ws/build/canopen_core -- -j4 -l4
[0.181s] [35m[1mConsolidate compiler generated dependencies of target node_canopen_driver[0m
[0.205s] [35m[1mConsolidate compiler generated dependencies of target node_canopen_master[0m
[0.215s] [  5%] Built target gmock_main
[0.227s] [ 13%] Built target gmock
[0.242s] [ 16%] [32mBuilding CXX object CMakeFiles/node_canopen_driver.dir/src/driver_node.cpp.o[0m
[0.245s] [ 19%] [32mBuilding CXX object CMakeFiles/node_canopen_driver.dir/src/node_interfaces/node_canopen_driver.cpp.o[0m
[0.262s] [ 22%] [32mBuilding CXX object CMakeFiles/node_canopen_master.dir/src/node_interfaces/node_canopen_master.cpp.o[0m
[0.285s] [ 25%] [32mBuilding CXX object CMakeFiles/node_canopen_master.dir/src/master_node.cpp.o[0m
[16.567s] [ 27%] [32m[1mLinking CXX shared library libnode_canopen_driver.so[0m
[16.937s] [ 30%] Built target node_canopen_driver
[16.994s] [35m[1mConsolidate compiler generated dependencies of target test_canopen_driver[0m
[16.995s] [35m[1mConsolidate compiler generated dependencies of target test_lifecycle_canopen_driver[0m
[17.017s] [35m[1mConsolidate compiler generated dependencies of target test_node_canopen_driver[0m
[17.036s] [ 33%] [32mBuilding CXX object test/CMakeFiles/test_lifecycle_canopen_driver.dir/test_lifecycle_canopen_driver.cpp.o[0m
[17.050s] [ 36%] [32mBuilding CXX object test/CMakeFiles/test_canopen_driver.dir/test_canopen_driver.cpp.o[0m
[17.107s] [ 38%] [32mBuilding CXX object test/CMakeFiles/test_node_canopen_driver.dir/test_node_canopen_driver.cpp.o[0m
[17.401s] [ 41%] [32m[1mLinking CXX shared library libnode_canopen_master.so[0m
[17.775s] [ 44%] Built target node_canopen_master
[17.820s] [35m[1mConsolidate compiler generated dependencies of target device_container[0m
[17.876s] [ 47%] [32mBuilding CXX object CMakeFiles/device_container.dir/src/device_container.cpp.o[0m
[27.783s] [ 50%] [32m[1mLinking CXX executable test_lifecycle_canopen_driver[0m
[27.799s] [ 52%] [32m[1mLinking CXX executable test_canopen_driver[0m
[27.976s] [ 55%] [32m[1mLinking CXX executable test_node_canopen_driver[0m
[28.796s] [ 55%] Built target test_canopen_driver
[28.828s] [ 55%] Built target test_lifecycle_canopen_driver
[28.852s] [35m[1mConsolidate compiler generated dependencies of target test_node_canopen_master[0m
[28.853s] [ 55%] Built target test_node_canopen_driver
[28.878s] [35m[1mConsolidate compiler generated dependencies of target test_canopen_master[0m
[28.888s] [35m[1mConsolidate compiler generated dependencies of target test_lifecycle_canopen_master[0m
[28.893s] [ 58%] [32mBuilding CXX object test/CMakeFiles/test_node_canopen_master.dir/test_node_canopen_master.cpp.o[0m
[28.911s] [ 61%] [32mBuilding CXX object test/CMakeFiles/test_canopen_master.dir/test_canopen_master.cpp.o[0m
[28.927s] [ 63%] [32mBuilding CXX object test/CMakeFiles/test_lifecycle_canopen_master.dir/test_lifecycle_canopen_master.cpp.o[0m
[29.044s] [ 66%] [32m[1mLinking CXX shared library libdevice_container.so[0m
[29.596s] [ 75%] Built target device_container
[29.628s] [35m[1mConsolidate compiler generated dependencies of target device_container_node[0m
[29.670s] [ 77%] [32mBuilding CXX object CMakeFiles/device_container_node.dir/src/device_container_node.cpp.o[0m
[39.161s] [ 80%] [32m[1mLinking CXX executable test_canopen_master[0m
[39.772s] [ 83%] [32m[1mLinking CXX executable device_container_node[0m
[39.841s] [ 83%] Built target test_canopen_master
[39.883s] [35m[1mConsolidate compiler generated dependencies of target test_lifecycle_manager[0m
[39.928s] [ 86%] [32m[1mLinking CXX executable test_lifecycle_manager[0m
[39.989s] [ 88%] [32m[1mLinking CXX executable test_node_canopen_master[0m
[40.125s] [ 91%] [32m[1mLinking CXX executable test_lifecycle_canopen_master[0m
[40.310s] [ 91%] Built target device_container_node
[40.376s] [35m[1mConsolidate compiler generated dependencies of target test_errors[0m
[40.439s] [ 94%] [32m[1mLinking CXX executable test_errors[0m
[41.198s] [ 94%] Built target test_node_canopen_master
[41.278s] [ 94%] Built target test_lifecycle_canopen_master
[41.293s] [ 97%] Built target test_lifecycle_manager
[41.324s] [100%] Built target test_errors
[41.412s] Invoked command in '/home/vboxuser/agv_ws/build/canopen_core' returned '0': CMAKE_PREFIX_PATH=/home/vboxuser/agv_ws/install/lely_core_libraries:/home/vboxuser/agv_ws/install/canopen_interfaces:/home/vboxuser/agv_ws/install/pgv100:/home/vboxuser/agv_ws/install/panda_rviz_viewer:/home/vboxuser/agv_ws/install/panda_canopen:/home/vboxuser/agv_ws/install/my_simulation:/home/vboxuser/agv_ws/install/canopen_tests:/home/vboxuser/agv_ws/install/canopen_ros2_controllers:/home/vboxuser/agv_ws/install/canopen_ros2_control:/home/vboxuser/agv_ws/install/canopen_robot_control_example:/home/vboxuser/agv_ws/install/canopen_kinco3:/home/vboxuser/agv_ws/install/canopen_kinco2:/home/vboxuser/agv_ws/install/canopen_kinco:/home/vboxuser/agv_ws/install/canopen:/home/vboxuser/agv_ws/install/canopen_402_driver:/home/vboxuser/agv_ws/install/canopen_proxy_driver:/home/vboxuser/agv_ws/install/canopen_master_driver:/home/vboxuser/agv_ws/install/canopen_fake_slaves:/home/vboxuser/agv_ws/install/canopen_base_driver:/home/vboxuser/agv_ws/install/canopen_core:/home/vboxuser/agv_ws/install/agv_py:/home/vboxuser/agv_ws/install/agv_controllers:/home/vboxuser/agv_ws/install/communication:/home/vboxuser/agv_ws/install/canopen_utils:/home/vboxuser/agv_ws/install/agv_py_functions:/home/vboxuser/install/my_py_pkg:/home/vboxuser/install/agv_py_functions:/home/vboxuser/bumperbot_ws/install/bumperbot_py_examples:/home/vboxuser/ros2_ws/install/my_py_pkg:/opt/ros/humble:/home/vboxuser/agv_ws/install/agv_controller:/home/vboxuser/agv_ws/install/agv:/home/vboxuser/install/agv:/home/vboxuser/bumperbot_ws/install/bumperbot_cpp_examples:/home/vboxuser/bumperbot_ws/install/bumperbot_msgs:/home/vboxuser/bumperbot_ws/install/bumperbot_description:/home/vboxuser/bumperbot_ws/install/bumperbot_controller:/home/vboxuser/ros2_ws/install/my_simulation LD_LIBRARY_PATH=/home/vboxuser/agv_ws/install/lely_core_libraries/lib:/home/vboxuser/agv_ws/install/canopen_interfaces/lib:/home/vboxuser/agv_ws/install/pgv100/lib:/home/vboxuser/agv_ws/install/canopen_ros2_controllers/lib:/home/vboxuser/agv_ws/install/canopen_ros2_control/lib:/home/vboxuser/agv_ws/install/canopen_402_driver/lib:/home/vboxuser/agv_ws/install/canopen_proxy_driver/lib:/home/vboxuser/agv_ws/install/canopen_master_driver/lib:/home/vboxuser/agv_ws/install/canopen_base_driver/lib:/home/vboxuser/agv_ws/install/canopen_core/lib:/home/vboxuser/bumperbot_ws/install/bumperbot_msgs/lib:/usr/lib/x86_64-linux-gnu/gazebo-11/plugins:/opt/ros/humble/opt/rviz_ogre_vendor/lib:/opt/ros/humble/lib/x86_64-linux-gnu:/opt/ros/humble/lib PYTHONPATH=/home/vboxuser/agv_ws/install/lely_core_libraries/lib/python3.10/site-packages:/home/vboxuser/agv_ws/install/pgv100/local/lib/python3.10/dist-packages:/home/vboxuser/agv_ws/install/lely_core_libraries/local/lib/python3.10/dist-packages:/home/vboxuser/agv_ws/install/communication/lib/python3.10/site-packages:/home/vboxuser/agv_ws/install/canopen_utils/lib/python3.10/site-packages:/home/vboxuser/agv_ws/install/canopen_interfaces/local/lib/python3.10/dist-packages:/home/vboxuser/agv_ws/install/agv_py_functions/lib/python3.10/site-packages:/home/vboxuser/agv_ws/install/agv_py/lib/python3.10/site-packages:/home/vboxuser/agv_ws/install/agv/lib/python3.10/site-packages:/home/vboxuser/install/my_py_pkg/lib/python3.10/site-packages:/home/vboxuser/install/agv_py_functions/lib/python3.10/site-packages:/home/vboxuser/bumperbot_ws/install/bumperbot_py_examples/lib/python3.10/site-packages:/home/vboxuser/bumperbot_ws/install/bumperbot_msgs/local/lib/python3.10/dist-packages:/home/vboxuser/bumperbot_ws/install/bumperbot_controller/local/lib/python3.10/dist-packages:/home/vboxuser/ros2_ws/install/my_py_pkg/lib/python3.10/site-packages:/opt/ros/humble/lib/python3.10/site-packages:/opt/ros/humble/local/lib/python3.10/dist-packages /usr/bin/cmake --build /home/vboxuser/agv_ws/build/canopen_core -- -j4 -l4
[41.532s] Invoking command in '/home/vboxuser/agv_ws/build/canopen_core': CMAKE_PREFIX_PATH=/home/vboxuser/agv_ws/install/lely_core_libraries:/home/vboxuser/agv_ws/install/canopen_interfaces:/home/vboxuser/agv_ws/install/pgv100:/home/vboxuser/agv_ws/install/panda_rviz_viewer:/home/vboxuser/agv_ws/install/panda_canopen:/home/vboxuser/agv_ws/install/my_simulation:/home/vboxuser/agv_ws/install/canopen_tests:/home/vboxuser/agv_ws/install/canopen_ros2_controllers:/home/vboxuser/agv_ws/install/canopen_ros2_control:/home/vboxuser/agv_ws/install/canopen_robot_control_example:/home/vboxuser/agv_ws/install/canopen_kinco3:/home/vboxuser/agv_ws/install/canopen_kinco2:/home/vboxuser/agv_ws/install/canopen_kinco:/home/vboxuser/agv_ws/install/canopen:/home/vboxuser/agv_ws/install/canopen_402_driver:/home/vboxuser/agv_ws/install/canopen_proxy_driver:/home/vboxuser/agv_ws/install/canopen_master_driver:/home/vboxuser/agv_ws/install/canopen_fake_slaves:/home/vboxuser/agv_ws/install/canopen_base_driver:/home/vboxuser/agv_ws/install/canopen_core:/home/vboxuser/agv_ws/install/agv_py:/home/vboxuser/agv_ws/install/agv_controllers:/home/vboxuser/agv_ws/install/communication:/home/vboxuser/agv_ws/install/canopen_utils:/home/vboxuser/agv_ws/install/agv_py_functions:/home/vboxuser/install/my_py_pkg:/home/vboxuser/install/agv_py_functions:/home/vboxuser/bumperbot_ws/install/bumperbot_py_examples:/home/vboxuser/ros2_ws/install/my_py_pkg:/opt/ros/humble:/home/vboxuser/agv_ws/install/agv_controller:/home/vboxuser/agv_ws/install/agv:/home/vboxuser/install/agv:/home/vboxuser/bumperbot_ws/install/bumperbot_cpp_examples:/home/vboxuser/bumperbot_ws/install/bumperbot_msgs:/home/vboxuser/bumperbot_ws/install/bumperbot_description:/home/vboxuser/bumperbot_ws/install/bumperbot_controller:/home/vboxuser/ros2_ws/install/my_simulation LD_LIBRARY_PATH=/home/vboxuser/agv_ws/install/lely_core_libraries/lib:/home/vboxuser/agv_ws/install/canopen_interfaces/lib:/home/vboxuser/agv_ws/install/pgv100/lib:/home/vboxuser/agv_ws/install/canopen_ros2_controllers/lib:/home/vboxuser/agv_ws/install/canopen_ros2_control/lib:/home/vboxuser/agv_ws/install/canopen_402_driver/lib:/home/vboxuser/agv_ws/install/canopen_proxy_driver/lib:/home/vboxuser/agv_ws/install/canopen_master_driver/lib:/home/vboxuser/agv_ws/install/canopen_base_driver/lib:/home/vboxuser/agv_ws/install/canopen_core/lib:/home/vboxuser/bumperbot_ws/install/bumperbot_msgs/lib:/usr/lib/x86_64-linux-gnu/gazebo-11/plugins:/opt/ros/humble/opt/rviz_ogre_vendor/lib:/opt/ros/humble/lib/x86_64-linux-gnu:/opt/ros/humble/lib PYTHONPATH=/home/vboxuser/agv_ws/install/lely_core_libraries/lib/python3.10/site-packages:/home/vboxuser/agv_ws/install/pgv100/local/lib/python3.10/dist-packages:/home/vboxuser/agv_ws/install/lely_core_libraries/local/lib/python3.10/dist-packages:/home/vboxuser/agv_ws/install/communication/lib/python3.10/site-packages:/home/vboxuser/agv_ws/install/canopen_utils/lib/python3.10/site-packages:/home/vboxuser/agv_ws/install/canopen_interfaces/local/lib/python3.10/dist-packages:/home/vboxuser/agv_ws/install/agv_py_functions/lib/python3.10/site-packages:/home/vboxuser/agv_ws/install/agv_py/lib/python3.10/site-packages:/home/vboxuser/agv_ws/install/agv/lib/python3.10/site-packages:/home/vboxuser/install/my_py_pkg/lib/python3.10/site-packages:/home/vboxuser/install/agv_py_functions/lib/python3.10/site-packages:/home/vboxuser/bumperbot_ws/install/bumperbot_py_examples/lib/python3.10/site-packages:/home/vboxuser/bumperbot_ws/install/bumperbot_msgs/local/lib/python3.10/dist-packages:/home/vboxuser/bumperbot_ws/install/bumperbot_controller/local/lib/python3.10/dist-packages:/home/vboxuser/ros2_ws/install/my_py_pkg/lib/python3.10/site-packages:/opt/ros/humble/lib/python3.10/site-packages:/opt/ros/humble/local/lib/python3.10/dist-packages /usr/bin/cmake --install /home/vboxuser/agv_ws/build/canopen_core
[41.546s] -- Install configuration: ""
[41.547s] -- Up-to-date: /home/vboxuser/agv_ws/install/canopen_core/include
[41.547s] -- Up-to-date: /home/vboxuser/agv_ws/install/canopen_core/include/canopen_core
[41.549s] -- Up-to-date: /home/vboxuser/agv_ws/install/canopen_core/include/canopen_core/device_container.hpp
[41.549s] -- Up-to-date: /home/vboxuser/agv_ws/install/canopen_core/include/canopen_core/visibility_control.h
[41.550s] -- Up-to-date: /home/vboxuser/agv_ws/install/canopen_core/include/canopen_core/lifecycle_manager.hpp
[41.550s] -- Up-to-date: /home/vboxuser/agv_ws/install/canopen_core/include/canopen_core/device_container_error.hpp
[41.550s] -- Up-to-date: /home/vboxuser/agv_ws/install/canopen_core/include/canopen_core/master_error.hpp
[41.550s] -- Up-to-date: /home/vboxuser/agv_ws/install/canopen_core/include/canopen_core/exchange.hpp
[41.551s] -- Up-to-date: /home/vboxuser/agv_ws/install/canopen_core/include/canopen_core/node_interfaces
[41.551s] -- Up-to-date: /home/vboxuser/agv_ws/install/canopen_core/include/canopen_core/node_interfaces/node_canopen_driver.hpp
[41.551s] -- Up-to-date: /home/vboxuser/agv_ws/install/canopen_core/include/canopen_core/node_interfaces/node_canopen_master.hpp
[41.551s] -- Up-to-date: /home/vboxuser/agv_ws/install/canopen_core/include/canopen_core/node_interfaces/node_canopen_driver_interface.hpp
[41.551s] -- Up-to-date: /home/vboxuser/agv_ws/install/canopen_core/include/canopen_core/node_interfaces/node_canopen_master_interface.hpp
[41.552s] -- Up-to-date: /home/vboxuser/agv_ws/install/canopen_core/include/canopen_core/configuration_manager.hpp
[41.552s] -- Up-to-date: /home/vboxuser/agv_ws/install/canopen_core/include/canopen_core/driver_error.hpp
[41.552s] -- Up-to-date: /home/vboxuser/agv_ws/install/canopen_core/include/canopen_core/driver_node.hpp
[41.552s] -- Up-to-date: /home/vboxuser/agv_ws/install/canopen_core/include/canopen_core/master_node.hpp
[41.552s] -- Up-to-date: /home/vboxuser/agv_ws/install/canopen_core/share/canopen_core/launch/
[41.553s] -- Up-to-date: /home/vboxuser/agv_ws/install/canopen_core/share/canopen_core/launch//canopen.launch.py
[41.553s] -- Installing: /home/vboxuser/agv_ws/install/canopen_core/lib/libnode_canopen_driver.so
[41.555s] -- Set runtime path of "/home/vboxuser/agv_ws/install/canopen_core/lib/libnode_canopen_driver.so" to ""
[41.557s] -- Installing: /home/vboxuser/agv_ws/install/canopen_core/lib/libnode_canopen_master.so
[41.558s] -- Set runtime path of "/home/vboxuser/agv_ws/install/canopen_core/lib/libnode_canopen_master.so" to ""
[41.560s] -- Installing: /home/vboxuser/agv_ws/install/canopen_core/lib/libdevice_container.so
[41.564s] -- Set runtime path of "/home/vboxuser/agv_ws/install/canopen_core/lib/libdevice_container.so" to ""
[41.567s] -- Installing: /home/vboxuser/agv_ws/install/canopen_core/lib/canopen_core/device_container_node
[41.569s] -- Set runtime path of "/home/vboxuser/agv_ws/install/canopen_core/lib/canopen_core/device_container_node" to ""
[41.569s] -- Up-to-date: /home/vboxuser/agv_ws/install/canopen_core/share/canopen_core/environment/library_path.sh
[41.570s] -- Up-to-date: /home/vboxuser/agv_ws/install/canopen_core/share/canopen_core/environment/library_path.dsv
[41.572s] -- Up-to-date: /home/vboxuser/agv_ws/install/canopen_core/share/ament_index/resource_index/package_run_dependencies/canopen_core
[41.573s] -- Up-to-date: /home/vboxuser/agv_ws/install/canopen_core/share/ament_index/resource_index/parent_prefix_path/canopen_core
[41.574s] -- Installing: /home/vboxuser/agv_ws/install/canopen_core/share/canopen_core/environment/ament_prefix_path.sh
[41.574s] -- Up-to-date: /home/vboxuser/agv_ws/install/canopen_core/share/canopen_core/environment/ament_prefix_path.dsv
[41.575s] -- Installing: /home/vboxuser/agv_ws/install/canopen_core/share/canopen_core/environment/path.sh
[41.575s] -- Up-to-date: /home/vboxuser/agv_ws/install/canopen_core/share/canopen_core/environment/path.dsv
[41.575s] -- Up-to-date: /home/vboxuser/agv_ws/install/canopen_core/share/canopen_core/local_setup.bash
[41.576s] -- Up-to-date: /home/vboxuser/agv_ws/install/canopen_core/share/canopen_core/local_setup.sh
[41.576s] -- Up-to-date: /home/vboxuser/agv_ws/install/canopen_core/share/canopen_core/local_setup.zsh
[41.576s] -- Up-to-date: /home/vboxuser/agv_ws/install/canopen_core/share/canopen_core/local_setup.dsv
[41.576s] -- Installing: /home/vboxuser/agv_ws/install/canopen_core/share/canopen_core/package.dsv
[41.576s] -- Up-to-date: /home/vboxuser/agv_ws/install/canopen_core/share/ament_index/resource_index/packages/canopen_core
[41.579s] -- Up-to-date: /home/vboxuser/agv_ws/install/canopen_core/share/canopen_core/cmake/export_canopen_coreExport.cmake
[41.580s] -- Up-to-date: /home/vboxuser/agv_ws/install/canopen_core/share/canopen_core/cmake/export_canopen_coreExport-noconfig.cmake
[41.580s] -- Up-to-date: /home/vboxuser/agv_ws/install/canopen_core/share/canopen_core/cmake/ConfigExtras.cmake
[41.580s] -- Up-to-date: /home/vboxuser/agv_ws/install/canopen_core/share/canopen_core/cmake/ament_cmake_export_include_directories-extras.cmake
[41.581s] -- Up-to-date: /home/vboxuser/agv_ws/install/canopen_core/share/canopen_core/cmake/ament_cmake_export_libraries-extras.cmake
[41.581s] -- Up-to-date: /home/vboxuser/agv_ws/install/canopen_core/share/canopen_core/cmake/ament_cmake_export_targets-extras.cmake
[41.581s] -- Up-to-date: /home/vboxuser/agv_ws/install/canopen_core/share/canopen_core/cmake/ament_cmake_export_dependencies-extras.cmake
[41.581s] -- Up-to-date: /home/vboxuser/agv_ws/install/canopen_core/share/canopen_core/cmake/canopen_coreConfig.cmake
[41.581s] -- Up-to-date: /home/vboxuser/agv_ws/install/canopen_core/share/canopen_core/cmake/canopen_coreConfig-version.cmake
[41.581s] -- Up-to-date: /home/vboxuser/agv_ws/install/canopen_core/share/canopen_core/package.xml
[41.586s] Invoked command in '/home/vboxuser/agv_ws/build/canopen_core' returned '0': CMAKE_PREFIX_PATH=/home/vboxuser/agv_ws/install/lely_core_libraries:/home/vboxuser/agv_ws/install/canopen_interfaces:/home/vboxuser/agv_ws/install/pgv100:/home/vboxuser/agv_ws/install/panda_rviz_viewer:/home/vboxuser/agv_ws/install/panda_canopen:/home/vboxuser/agv_ws/install/my_simulation:/home/vboxuser/agv_ws/install/canopen_tests:/home/vboxuser/agv_ws/install/canopen_ros2_controllers:/home/vboxuser/agv_ws/install/canopen_ros2_control:/home/vboxuser/agv_ws/install/canopen_robot_control_example:/home/vboxuser/agv_ws/install/canopen_kinco3:/home/vboxuser/agv_ws/install/canopen_kinco2:/home/vboxuser/agv_ws/install/canopen_kinco:/home/vboxuser/agv_ws/install/canopen:/home/vboxuser/agv_ws/install/canopen_402_driver:/home/vboxuser/agv_ws/install/canopen_proxy_driver:/home/vboxuser/agv_ws/install/canopen_master_driver:/home/vboxuser/agv_ws/install/canopen_fake_slaves:/home/vboxuser/agv_ws/install/canopen_base_driver:/home/vboxuser/agv_ws/install/canopen_core:/home/vboxuser/agv_ws/install/agv_py:/home/vboxuser/agv_ws/install/agv_controllers:/home/vboxuser/agv_ws/install/communication:/home/vboxuser/agv_ws/install/canopen_utils:/home/vboxuser/agv_ws/install/agv_py_functions:/home/vboxuser/install/my_py_pkg:/home/vboxuser/install/agv_py_functions:/home/vboxuser/bumperbot_ws/install/bumperbot_py_examples:/home/vboxuser/ros2_ws/install/my_py_pkg:/opt/ros/humble:/home/vboxuser/agv_ws/install/agv_controller:/home/vboxuser/agv_ws/install/agv:/home/vboxuser/install/agv:/home/vboxuser/bumperbot_ws/install/bumperbot_cpp_examples:/home/vboxuser/bumperbot_ws/install/bumperbot_msgs:/home/vboxuser/bumperbot_ws/install/bumperbot_description:/home/vboxuser/bumperbot_ws/install/bumperbot_controller:/home/vboxuser/ros2_ws/install/my_simulation LD_LIBRARY_PATH=/home/vboxuser/agv_ws/install/lely_core_libraries/lib:/home/vboxuser/agv_ws/install/canopen_interfaces/lib:/home/vboxuser/agv_ws/install/pgv100/lib:/home/vboxuser/agv_ws/install/canopen_ros2_controllers/lib:/home/vboxuser/agv_ws/install/canopen_ros2_control/lib:/home/vboxuser/agv_ws/install/canopen_402_driver/lib:/home/vboxuser/agv_ws/install/canopen_proxy_driver/lib:/home/vboxuser/agv_ws/install/canopen_master_driver/lib:/home/vboxuser/agv_ws/install/canopen_base_driver/lib:/home/vboxuser/agv_ws/install/canopen_core/lib:/home/vboxuser/bumperbot_ws/install/bumperbot_msgs/lib:/usr/lib/x86_64-linux-gnu/gazebo-11/plugins:/opt/ros/humble/opt/rviz_ogre_vendor/lib:/opt/ros/humble/lib/x86_64-linux-gnu:/opt/ros/humble/lib PYTHONPATH=/home/vboxuser/agv_ws/install/lely_core_libraries/lib/python3.10/site-packages:/home/vboxuser/agv_ws/install/pgv100/local/lib/python3.10/dist-packages:/home/vboxuser/agv_ws/install/lely_core_libraries/local/lib/python3.10/dist-packages:/home/vboxuser/agv_ws/install/communication/lib/python3.10/site-packages:/home/vboxuser/agv_ws/install/canopen_utils/lib/python3.10/site-packages:/home/vboxuser/agv_ws/install/canopen_interfaces/local/lib/python3.10/dist-packages:/home/vboxuser/agv_ws/install/agv_py_functions/lib/python3.10/site-packages:/home/vboxuser/agv_ws/install/agv_py/lib/python3.10/site-packages:/home/vboxuser/agv_ws/install/agv/lib/python3.10/site-packages:/home/vboxuser/install/my_py_pkg/lib/python3.10/site-packages:/home/vboxuser/install/agv_py_functions/lib/python3.10/site-packages:/home/vboxuser/bumperbot_ws/install/bumperbot_py_examples/lib/python3.10/site-packages:/home/vboxuser/bumperbot_ws/install/bumperbot_msgs/local/lib/python3.10/dist-packages:/home/vboxuser/bumperbot_ws/install/bumperbot_controller/local/lib/python3.10/dist-packages:/home/vboxuser/ros2_ws/install/my_py_pkg/lib/python3.10/site-packages:/opt/ros/humble/lib/python3.10/site-packages:/opt/ros/humble/local/lib/python3.10/dist-packages /usr/bin/cmake --install /home/vboxuser/agv_ws/build/canopen_core
