[0.509s] Invoking command in '/home/vboxuser/agv_ws/build/lely_core_libraries': CMAKE_PREFIX_PATH=${CMAKE_PREFIX_PATH}:/home/vboxuser/bumperbot_ws/install/bumperbot_py_examples:/home/vboxuser/ros2_ws/install/my_py_pkg:/opt/ros/humble /usr/bin/cmake --build /home/vboxuser/agv_ws/build/lely_core_libraries -- -j4 -l4
[0.649s] [ 12%] [34m[1mPerforming update step for 'upstr_lely_core_libraries'[0m
[0.688s] [ 12%] Built target ament_cmake_python_copy_cogen_setup
[0.689s] [ 12%] Built target ament_cmake_python_copy_cogen
[0.752s] HEAD is now at 7824cbb2 release v2.3.2
[0.768s] Checking patch configure.ac...
[0.768s] Checking patch python/dcf-tools/Makefile.am...
[0.768s] Applied patch configure.ac cleanly.
[0.769s] Applied patch python/dcf-tools/Makefile.am cleanly.
[0.828s] [ 25%] [34m[1mNo patch step for 'upstr_lely_core_libraries'[0m
[0.925s] [ 37%] [34m[1mPerforming configure step for 'upstr_lely_core_libraries'[0m
[1.388s] running egg_info
[1.389s] writing cogen.egg-info/PKG-INFO
[1.392s] writing dependency_links to cogen.egg-info/dependency_links.txt
[1.393s] writing entry points to cogen.egg-info/entry_points.txt
[1.393s] writing top-level names to cogen.egg-info/top_level.txt
[1.397s] reading manifest file 'cogen.egg-info/SOURCES.txt'
[1.400s] writing manifest file 'cogen.egg-info/SOURCES.txt'
[1.452s] [ 37%] Built target ament_cmake_python_build_cogen_egg
[1.468s] running install_scripts
[1.528s] running egg_info
[1.528s] writing cogen.egg-info/PKG-INFO
[1.529s] writing dependency_links to cogen.egg-info/dependency_links.txt
[1.529s] writing entry points to cogen.egg-info/entry_points.txt
[1.529s] writing top-level names to cogen.egg-info/top_level.txt
[1.533s] reading manifest file 'cogen.egg-info/SOURCES.txt'
[1.534s] writing manifest file 'cogen.egg-info/SOURCES.txt'
[1.539s] Installing cogen script to scripts
[1.615s] [ 37%] Built target ament_cmake_python_build_cogen_scripts
[8.446s] configure.ac:17: warning: The macro `AC_PROG_CC_STDC' is obsolete.
[8.446s] configure.ac:17: You should run autoupdate.
[8.446s] ./lib/autoconf/c.m4:1666: AC_PROG_CC_STDC is expanded from...
[8.446s] configure.ac:17: the top level
[8.447s] configure.ac:81: warning: $as_echo is obsolete; use AS_ECHO(["message"]) instead
[8.447s] lib/m4sugar/m4sh.m4:692: _AS_IF_ELSE is expanded from...
[8.447s] lib/m4sugar/m4sh.m4:699: AS_IF is expanded from...
[8.447s] ./lib/autoconf/general.m4:2249: AC_CACHE_VAL is expanded from...
[8.447s] ./lib/autoconf/general.m4:2270: AC_CACHE_CHECK is expanded from...
[8.447s] m4/ax_pthread.m4:88: AX_PTHREAD is expanded from...
[8.447s] lib/m4sugar/m4sh.m4:699: AS_IF is expanded from...
[8.447s] configure.ac:81: the top level
[8.447s] configure.ac:434: warning: AC_CHECK_HEADERS($ixxat_header): you should use literals
[8.447s] ./lib/autoconf/headers.m4:217: AC_CHECK_HEADERS is expanded from...
[8.448s] lib/m4sugar/m4sh.m4:699: AS_IF is expanded from...
[8.448s] lib/m4sugar/m4sh.m4:699: AS_IF is expanded from...
[8.448s] configure.ac:434: the top level
[11.402s] checking build system type... x86_64-pc-linux-gnu
[11.403s] checking host system type... x86_64-pc-linux-gnu
[11.403s] checking target system type... x86_64-pc-linux-gnu
[11.418s] checking for a BSD-compatible install... /usr/bin/install -c
[11.422s] checking whether build environment is sane... yes
[11.434s] checking for a race-free mkdir -p... /usr/bin/mkdir -p
[11.435s] checking for gawk... no
[11.435s] checking for mawk... mawk
[11.446s] checking whether make sets $(MAKE)... yes
[11.459s] checking whether make supports nested variables... yes
[11.467s] checking whether to enable maintainer-specific portions of Makefiles... yes
[11.467s] checking whether make supports nested variables... (cached) yes
[11.473s] checking for a sed that does not truncate output... /usr/bin/sed
[11.476s] checking whether to build with code coverage support... no
[11.478s] checking for valgrind... no
[11.490s] checking whether make supports the include directive... yes (GNU style)
[11.491s] checking for gcc... gcc
[11.587s] checking whether the C compiler works... yes
[11.587s] checking for C compiler default output file name... a.out
[11.632s] checking for suffix of executables... 
[11.694s] checking whether we are cross compiling... no
[11.721s] checking for suffix of object files... o
[11.750s] checking whether the compiler supports GNU C... yes
[11.777s] checking whether gcc accepts -g... yes
[11.837s] checking for gcc option to enable C11 features... none needed
[11.886s] checking whether gcc understands -c and -o together... yes
[11.935s] checking dependency style of gcc... gcc3
[11.967s] checking for stdio.h... yes
[12.007s] checking for stdlib.h... yes
[12.044s] checking for string.h... yes
[12.086s] checking for inttypes.h... yes
[12.125s] checking for stdint.h... yes
[12.166s] checking for strings.h... yes
[12.204s] checking for sys/stat.h... yes
[12.240s] checking for sys/types.h... yes
[12.289s] checking for unistd.h... yes
[12.336s] checking for wchar.h... yes
[12.386s] checking for minix/config.h... no
[12.437s] checking whether it is safe to define __EXTENSIONS__... yes
[12.479s] checking whether _XOPEN_SOURCE should be defined... no
[12.480s] checking for g++... g++
[12.536s] checking whether the compiler supports GNU C++... yes
[12.564s] checking whether g++ accepts -g... yes
[12.686s] checking for g++ option to enable C++11 features... none needed
[12.733s] checking dependency style of g++... gcc3
[12.796s] checking whether g++ supports C++11 features with -std=gnu++11... yes
[12.849s] checking how to print strings... printf
[12.850s] checking for a sed that does not truncate output... (cached) /usr/bin/sed
[12.854s] checking for grep that handles long lines and -e... /usr/bin/grep
[12.856s] checking for egrep... /usr/bin/grep -E
[12.859s] checking for fgrep... /usr/bin/grep -F
[12.870s] checking for ld used by gcc... /usr/bin/ld
[12.874s] checking if the linker (/usr/bin/ld) is GNU ld... yes
[12.879s] checking for BSD- or MS-compatible name lister (nm)... /usr/bin/nm -B
[12.908s] checking the name lister (/usr/bin/nm -B) interface... BSD nm
[12.908s] checking whether ln -s works... yes
[12.914s] checking the maximum length of command line arguments... 1572864
[12.919s] checking how to convert x86_64-pc-linux-gnu file names to x86_64-pc-linux-gnu format... func_convert_file_noop
[12.919s] checking how to convert x86_64-pc-linux-gnu file names to toolchain format... func_convert_file_noop
[12.919s] checking for /usr/bin/ld option to reload object files... -r
[12.920s] checking for objdump... objdump
[12.920s] checking how to recognize dependent libraries... pass_all
[12.921s] checking for dlltool... no
[12.921s] checking how to associate runtime and link libraries... printf %s\n
[12.922s] checking for ar... ar
[12.958s] checking for archiver @FILE support... @
[12.961s] checking for strip... strip
[12.962s] checking for ranlib... ranlib
[13.080s] checking command to parse /usr/bin/nm -B output from gcc object... ok
[13.083s] checking for sysroot... no
[13.091s] checking for a working dd... /usr/bin/dd
[13.097s] checking how to truncate binary pipes... /usr/bin/dd bs=4096 count=1
[13.119s] checking for mt... mt
[13.124s] checking if mt is a manifest tool... no
[13.206s] checking for dlfcn.h... yes
[13.213s] checking for objdir... .libs
[13.323s] checking if gcc supports -fno-rtti -fno-exceptions... no
[13.323s] checking for gcc option to produce PIC... -fPIC -DPIC
[13.350s] checking if gcc PIC flag -fPIC -DPIC works... yes
[13.477s] checking if gcc static flag -static works... yes
[13.515s] checking if gcc supports -c -o file.o... yes
[13.515s] checking if gcc supports -c -o file.o... (cached) yes
[13.531s] checking whether the gcc linker (/usr/bin/ld -m elf_x86_64) supports shared libraries... yes
[13.572s] checking whether -lc should be explicitly linked in... no
[13.650s] checking dynamic linker characteristics... GNU/Linux ld.so
[13.650s] checking how to hardcode library paths into programs... immediate
[13.653s] checking whether stripping libraries is possible... yes
[13.653s] checking if libtool supports shared libraries... yes
[13.653s] checking whether to build shared libraries... yes
[13.653s] checking whether to build static libraries... no
[13.701s] checking how to run the C++ preprocessor... g++ -std=gnu++11 -E
[13.849s] checking for ld used by g++ -std=gnu++11... /usr/bin/ld -m elf_x86_64
[13.853s] checking if the linker (/usr/bin/ld -m elf_x86_64) is GNU ld... yes
[13.864s] checking whether the g++ -std=gnu++11 linker (/usr/bin/ld -m elf_x86_64) supports shared libraries... yes
[13.981s] checking for g++ -std=gnu++11 option to produce PIC... -fPIC -DPIC
[14.012s] checking if g++ -std=gnu++11 PIC flag -fPIC -DPIC works... yes
[14.136s] checking if g++ -std=gnu++11 static flag -static works... yes
[14.182s] checking if g++ -std=gnu++11 supports -c -o file.o... yes
[14.183s] checking if g++ -std=gnu++11 supports -c -o file.o... (cached) yes
[14.183s] checking whether the g++ -std=gnu++11 linker (/usr/bin/ld -m elf_x86_64) supports shared libraries... yes
[14.190s] checking dynamic linker characteristics... (cached) GNU/Linux ld.so
[14.190s] checking how to hardcode library paths into programs... immediate
[14.192s] checking for windres... no
[14.293s] checking for timer_create in -lrt... yes
[14.326s] checking how to run the C preprocessor... gcc -E
[14.377s] checking whether gcc is Clang... no
[14.452s] checking whether pthreads work with -pthread... yes
[14.515s] checking for joinable pthread attribute... PTHREAD_CREATE_JOINABLE
[14.515s] checking whether more special flags are required for pthreads... no
[14.577s] checking for PTHREAD_PRIO_INHERIT... yes
[14.580s] checking for pkg-config... /usr/bin/pkg-config
[14.582s] checking pkg-config is at least version 0.9.0... yes
[14.595s] checking for cpputest >= 4... no
[14.643s] checking for valgrind/valgrind.h... no
[14.721s] checking for linux/can.h... yes
[14.799s] checking for linux/can/error.h... yes
[14.821s] checking for bluetooth/bluetooth.h... no
[14.845s] checking for bluetooth/rfcomm.h... no
[14.994s] checking for library containing str2ba... no
[15.080s] checking for ifaddrs.h... yes
[15.151s] checking for linux/can/netlink.h... yes
[15.227s] checking for linux/can/raw.h... yes
[15.323s] checking for linux/rtnetlink.h... yes
[15.399s] checking for sys/epoll.h... yes
[15.471s] checking for sys/ioctl.h... yes
[15.512s] checking for a Python interpreter with version >= 3.3... python3
[15.512s] checking for python3... /usr/bin/python3
[15.540s] checking for python3 version... 3.10
[15.568s] checking for python3 platform... linux
[15.571s] checking for GNU default python3 prefix... ${prefix}
[15.571s] checking for GNU default python3 exec_prefix... ${exec_prefix}
[15.637s] checking for python3 script directory (pythondir)... ${PYTHON_PREFIX}/lib/python3.10/site-packages
[15.697s] checking for python3 extension module directory (pyexecdir)... ${PYTHON_EXEC_PREFIX}/lib/python3.10/site-packages
[15.697s] checking for gawk... (cached) mawk
[15.742s] checking that generated files are newer than configure... done
[15.744s] configure: creating ./config.status
[16.979s] config.status: creating doc/Doxyfile
[17.017s] config.status: creating doc/Makefile
[17.038s] config.status: creating include/Makefile
[17.060s] config.status: creating pkgconfig/liblely-can.pc
[17.088s] config.status: creating pkgconfig/liblely-co.pc
[17.114s] config.status: creating pkgconfig/liblely-coapp.pc
[17.138s] config.status: creating pkgconfig/liblely-ev.pc
[17.161s] config.status: creating pkgconfig/liblely-io.pc
[17.190s] config.status: creating pkgconfig/liblely-io2.pc
[17.215s] config.status: creating pkgconfig/liblely-libc.pc
[17.239s] config.status: creating pkgconfig/liblely-libc_rt.pc
[17.262s] config.status: creating pkgconfig/liblely-tap.pc
[17.292s] config.status: creating pkgconfig/liblely-util.pc
[17.317s] config.status: creating pkgconfig/Makefile
[17.338s] config.status: creating python/can/Makefile
[17.359s] config.status: creating python/dcf-tools/Makefile
[17.386s] config.status: creating python/io/Makefile
[17.417s] config.status: creating python/Makefile
[17.442s] config.status: creating src/can/Makefile
[17.465s] config.status: creating src/co/Makefile
[17.496s] config.status: creating src/co/version.rc
[17.524s] config.status: creating src/coapp/Makefile
[17.546s] config.status: creating src/coapp/version.rc
[17.569s] config.status: creating src/ev/Makefile
[17.595s] config.status: creating src/ev/version.rc
[17.623s] config.status: creating src/io/Makefile
[17.644s] config.status: creating src/io2/Makefile
[17.668s] config.status: creating src/io2/version.rc
[17.697s] config.status: creating src/libc/Makefile
[17.727s] config.status: creating src/libc/version.rc
[17.751s] config.status: creating src/tap/Makefile
[17.773s] config.status: creating src/tap/version.rc
[17.803s] config.status: creating src/util/Makefile
[17.825s] config.status: creating src/util/version.rc
[17.848s] config.status: creating src/Makefile
[17.871s] config.status: creating tools/Makefile
[17.900s] config.status: creating tools/version.dcf2c.rc
[17.924s] config.status: creating test/co-nmt-master.dcf
[17.947s] config.status: creating test/Makefile
[17.971s] config.status: creating unit-tests/Makefile
[18.002s] config.status: creating exec-wrapper.sh
[18.027s] config.status: creating lcov-wrapper.sh
[18.047s] config.status: creating Makefile
[18.064s] config.status: creating config.h
[18.071s] config.status: config.h is unchanged
[18.079s] config.status: executing depfiles commands
[18.431s] config.status: executing libtool commands
[18.543s] [ 50%] [34m[1mPerforming build step for 'upstr_lely_core_libraries'[0m
[19.092s] config.status: creating config.h
[19.099s] config.status: config.h is unchanged
[19.123s] Making all in doc
[19.127s] Making all in include
[19.137s] Making all in src
[19.149s] Making all in libc
[19.166s] Making all in tap
[19.177s] Making all in util
[19.232s] Making all in can
[19.252s] Making all in co
[19.287s] Making all in io
[19.323s] Making all in ev
[19.341s] Making all in io2
[19.380s] Making all in coapp
[19.432s] Making all in python
[19.443s] Making all in dcf-tools
[19.449s] Making all in pkgconfig
[19.482s] [ 62%] [34m[1mNo install step for 'upstr_lely_core_libraries'[0m
[19.524s] [ 75%] [34m[1mCompleted 'upstr_lely_core_libraries'[0m
[19.566s] [100%] Built target upstr_lely_core_libraries
[19.582s] Invoked command in '/home/vboxuser/agv_ws/build/lely_core_libraries' returned '0': CMAKE_PREFIX_PATH=${CMAKE_PREFIX_PATH}:/home/vboxuser/bumperbot_ws/install/bumperbot_py_examples:/home/vboxuser/ros2_ws/install/my_py_pkg:/opt/ros/humble /usr/bin/cmake --build /home/vboxuser/agv_ws/build/lely_core_libraries -- -j4 -l4
[19.624s] Invoking command in '/home/vboxuser/agv_ws/build/lely_core_libraries': CMAKE_PREFIX_PATH=${CMAKE_PREFIX_PATH}:/home/vboxuser/bumperbot_ws/install/bumperbot_py_examples:/home/vboxuser/ros2_ws/install/my_py_pkg:/opt/ros/humble /usr/bin/cmake --install /home/vboxuser/agv_ws/build/lely_core_libraries
[19.639s] -- Install configuration: ""
[19.647s] Making install in doc
[19.650s] gmake[1]: Entering directory '/home/vboxuser/agv_ws/build/lely_core_libraries/build/doc'
[19.654s] gmake[2]: Entering directory '/home/vboxuser/agv_ws/build/lely_core_libraries/build/doc'
[19.654s] gmake[2]: Nothing to be done for 'install-exec-am'.
[19.654s] gmake[2]: Nothing to be done for 'install-data-am'.
[19.654s] gmake[2]: Leaving directory '/home/vboxuser/agv_ws/build/lely_core_libraries/build/doc'
[19.655s] gmake[1]: Leaving directory '/home/vboxuser/agv_ws/build/lely_core_libraries/build/doc'
[19.656s] Making install in include
[19.665s] gmake[1]: Entering directory '/home/vboxuser/agv_ws/build/lely_core_libraries/build/include'
[19.670s] gmake[2]: Entering directory '/home/vboxuser/agv_ws/build/lely_core_libraries/build/include'
[19.670s] gmake[2]: Nothing to be done for 'install-exec-am'.
[19.678s]  /usr/bin/mkdir -p '/home/vboxuser/agv_ws/install/lely_core_libraries/include'
[19.692s]  /usr/bin/mkdir -p '/home/vboxuser/agv_ws/install/lely_core_libraries/include/lely/co'
[19.694s]  /usr/bin/install -c -m 644  /home/vboxuser/agv_ws/build/lely_core_libraries/upstream/include/lely/co/co.h /home/vboxuser/agv_ws/build/lely_core_libraries/upstream/include/lely/co/crc.h /home/vboxuser/agv_ws/build/lely_core_libraries/upstream/include/lely/co/csdo.h /home/vboxuser/agv_ws/build/lely_core_libraries/upstream/include/lely/co/csdo.hpp /home/vboxuser/agv_ws/build/lely_core_libraries/upstream/include/lely/co/dcf.h /home/vboxuser/agv_ws/build/lely_core_libraries/upstream/include/lely/co/dcf.hpp /home/vboxuser/agv_ws/build/lely_core_libraries/upstream/include/lely/co/dev.h /home/vboxuser/agv_ws/build/lely_core_libraries/upstream/include/lely/co/dev.hpp /home/vboxuser/agv_ws/build/lely_core_libraries/upstream/include/lely/co/emcy.h /home/vboxuser/agv_ws/build/lely_core_libraries/upstream/include/lely/co/emcy.hpp /home/vboxuser/agv_ws/build/lely_core_libraries/upstream/include/lely/co/gw.h /home/vboxuser/agv_ws/build/lely_core_libraries/upstream/include/lely/co/gw.hpp /home/vboxuser/agv_ws/build/lely_core_libraries/upstream/include/lely/co/gw_txt.h /home/vboxuser/agv_ws/build/lely_core_libraries/upstream/include/lely/co/gw_txt.hpp /home/vboxuser/agv_ws/build/lely_core_libraries/upstream/include/lely/co/lss.h /home/vboxuser/agv_ws/build/lely_core_libraries/upstream/include/lely/co/lss.hpp /home/vboxuser/agv_ws/build/lely_core_libraries/upstream/include/lely/co/nmt.h /home/vboxuser/agv_ws/build/lely_core_libraries/upstream/include/lely/co/nmt.hpp /home/vboxuser/agv_ws/build/lely_core_libraries/upstream/include/lely/co/obj.h /home/vboxuser/agv_ws/build/lely_core_libraries/upstream/include/lely/co/obj.hpp /home/vboxuser/agv_ws/build/lely_core_libraries/upstream/include/lely/co/pdo.h /home/vboxuser/agv_ws/build/lely_core_libraries/upstream/include/lely/co/rpdo.h /home/vboxuser/agv_ws/build/lely_core_libraries/upstream/include/lely/co/rpdo.hpp /home/vboxuser/agv_ws/build/lely_core_libraries/upstream/include/lely/co/sdev.h /home/vboxuser/agv_ws/build/lely_core_libraries/upstream/include/lely/co/sdev.hpp /home/vboxuser/agv_ws/build/lely_core_libraries/upstream/include/lely/co/sdo.h /home/vboxuser/agv_ws/build/lely_core_libraries/upstream/include/lely/co/ssdo.h /home/vboxuser/agv_ws/build/lely_core_libraries/upstream/include/lely/co/ssdo.hpp /home/vboxuser/agv_ws/build/lely_core_libraries/upstream/include/lely/co/sync.h /home/vboxuser/agv_ws/build/lely_core_libraries/upstream/include/lely/co/sync.hpp /home/vboxuser/agv_ws/build/lely_core_libraries/upstream/include/lely/co/time.h /home/vboxuser/agv_ws/build/lely_core_libraries/upstream/include/lely/co/time.hpp /home/vboxuser/agv_ws/build/lely_core_libraries/upstream/include/lely/co/tpdo.h /home/vboxuser/agv_ws/build/lely_core_libraries/upstream/include/lely/co/tpdo.hpp /home/vboxuser/agv_ws/build/lely_core_libraries/upstream/include/lely/co/type.h /home/vboxuser/agv_ws/build/lely_core_libraries/upstream/include/lely/co/type.hpp /home/vboxuser/agv_ws/build/lely_core_libraries/upstream/include/lely/co/val.h /home/vboxuser/agv_ws/build/lely_core_libraries/upstream/include/lely/co/val.hpp /home/vboxuser/agv_ws/build/lely_core_libraries/upstream/include/lely/co/wtm.h /home/vboxuser/agv_ws/build/lely_core_libraries/upstream/include/lely/co/wtm.hpp '/home/vboxuser/agv_ws/install/lely_core_libraries/include/lely/co'
[19.725s]  /usr/bin/mkdir -p '/home/vboxuser/agv_ws/install/lely_core_libraries/include/lely/io2/posix'
[19.727s]  /usr/bin/install -c -m 644  /home/vboxuser/agv_ws/build/lely_core_libraries/upstream/include/lely/io2/posix/poll.h /home/vboxuser/agv_ws/build/lely_core_libraries/upstream/include/lely/io2/posix/poll.hpp '/home/vboxuser/agv_ws/install/lely_core_libraries/include/lely/io2/posix'
[19.730s]  /usr/bin/mkdir -p '/home/vboxuser/agv_ws/install/lely_core_libraries/include/lely/can'
[19.731s]  /usr/bin/install -c -m 644  /home/vboxuser/agv_ws/build/lely_core_libraries/upstream/include/lely/can/buf.h /home/vboxuser/agv_ws/build/lely_core_libraries/upstream/include/lely/can/buf.hpp /home/vboxuser/agv_ws/build/lely_core_libraries/upstream/include/lely/can/err.h /home/vboxuser/agv_ws/build/lely_core_libraries/upstream/include/lely/can/msg.h /home/vboxuser/agv_ws/build/lely_core_libraries/upstream/include/lely/can/net.h /home/vboxuser/agv_ws/build/lely_core_libraries/upstream/include/lely/can/net.hpp /home/vboxuser/agv_ws/build/lely_core_libraries/upstream/include/lely/can/socket.h '/home/vboxuser/agv_ws/install/lely_core_libraries/include/lely/can'
[19.738s]  /usr/bin/mkdir -p '/home/vboxuser/agv_ws/install/lely_core_libraries/include/lely/ev'
[19.739s]  /usr/bin/install -c -m 644  /home/vboxuser/agv_ws/build/lely_core_libraries/upstream/include/lely/ev/co_task.hpp /home/vboxuser/agv_ws/build/lely_core_libraries/upstream/include/lely/ev/ev.h /home/vboxuser/agv_ws/build/lely_core_libraries/upstream/include/lely/ev/exec.h /home/vboxuser/agv_ws/build/lely_core_libraries/upstream/include/lely/ev/exec.hpp /home/vboxuser/agv_ws/build/lely_core_libraries/upstream/include/lely/ev/fiber_exec.h /home/vboxuser/agv_ws/build/lely_core_libraries/upstream/include/lely/ev/fiber_exec.hpp /home/vboxuser/agv_ws/build/lely_core_libraries/upstream/include/lely/ev/future.h /home/vboxuser/agv_ws/build/lely_core_libraries/upstream/include/lely/ev/future.hpp /home/vboxuser/agv_ws/build/lely_core_libraries/upstream/include/lely/ev/loop.h /home/vboxuser/agv_ws/build/lely_core_libraries/upstream/include/lely/ev/loop.hpp /home/vboxuser/agv_ws/build/lely_core_libraries/upstream/include/lely/ev/poll.h /home/vboxuser/agv_ws/build/lely_core_libraries/upstream/include/lely/ev/poll.hpp /home/vboxuser/agv_ws/build/lely_core_libraries/upstream/include/lely/ev/std_exec.h /home/vboxuser/agv_ws/build/lely_core_libraries/upstream/include/lely/ev/strand.h /home/vboxuser/agv_ws/build/lely_core_libraries/upstream/include/lely/ev/strand.hpp /home/vboxuser/agv_ws/build/lely_core_libraries/upstream/include/lely/ev/task.h /home/vboxuser/agv_ws/build/lely_core_libraries/upstream/include/lely/ev/task.hpp /home/vboxuser/agv_ws/build/lely_core_libraries/upstream/include/lely/ev/thrd_loop.h /home/vboxuser/agv_ws/build/lely_core_libraries/upstream/include/lely/ev/thrd_loop.hpp '/home/vboxuser/agv_ws/install/lely_core_libraries/include/lely/ev'
[19.750s]  /usr/bin/mkdir -p '/home/vboxuser/agv_ws/install/lely_core_libraries/include/lely/co/def'
[19.752s]  /usr/bin/install -c -m 644  /home/vboxuser/agv_ws/build/lely_core_libraries/upstream/include/lely/co/def/array.def /home/vboxuser/agv_ws/build/lely_core_libraries/upstream/include/lely/co/def/basic.def /home/vboxuser/agv_ws/build/lely_core_libraries/upstream/include/lely/co/def/cxx.def /home/vboxuser/agv_ws/build/lely_core_libraries/upstream/include/lely/co/def/time.def /home/vboxuser/agv_ws/build/lely_core_libraries/upstream/include/lely/co/def/type.def '/home/vboxuser/agv_ws/install/lely_core_libraries/include/lely/co/def'
[19.756s]  /usr/bin/mkdir -p '/home/vboxuser/agv_ws/install/lely_core_libraries/include/lely'
[19.758s]  /usr/bin/install -c -m 644  /home/vboxuser/agv_ws/build/lely_core_libraries/upstream/include/lely/features.h '/home/vboxuser/agv_ws/install/lely_core_libraries/include/lely'
[19.761s]  /usr/bin/mkdir -p '/home/vboxuser/agv_ws/install/lely_core_libraries/include/lely/io'
[19.763s]  /usr/bin/install -c -m 644  /home/vboxuser/agv_ws/build/lely_core_libraries/upstream/include/lely/io/addr.h /home/vboxuser/agv_ws/build/lely_core_libraries/upstream/include/lely/io/attr.h /home/vboxuser/agv_ws/build/lely_core_libraries/upstream/include/lely/io/can.h /home/vboxuser/agv_ws/build/lely_core_libraries/upstream/include/lely/io/can.hpp /home/vboxuser/agv_ws/build/lely_core_libraries/upstream/include/lely/io/file.h /home/vboxuser/agv_ws/build/lely_core_libraries/upstream/include/lely/io/file.hpp /home/vboxuser/agv_ws/build/lely_core_libraries/upstream/include/lely/io/if.h /home/vboxuser/agv_ws/build/lely_core_libraries/upstream/include/lely/io/io.h /home/vboxuser/agv_ws/build/lely_core_libraries/upstream/include/lely/io/io.hpp /home/vboxuser/agv_ws/build/lely_core_libraries/upstream/include/lely/io/pipe.h /home/vboxuser/agv_ws/build/lely_core_libraries/upstream/include/lely/io/pipe.hpp /home/vboxuser/agv_ws/build/lely_core_libraries/upstream/include/lely/io/poll.h /home/vboxuser/agv_ws/build/lely_core_libraries/upstream/include/lely/io/poll.hpp /home/vboxuser/agv_ws/build/lely_core_libraries/upstream/include/lely/io/serial.h /home/vboxuser/agv_ws/build/lely_core_libraries/upstream/include/lely/io/serial.hpp /home/vboxuser/agv_ws/build/lely_core_libraries/upstream/include/lely/io/sock.h /home/vboxuser/agv_ws/build/lely_core_libraries/upstream/include/lely/io/sock.hpp '/home/vboxuser/agv_ws/install/lely_core_libraries/include/lely/io'
[19.773s]  /usr/bin/mkdir -p '/home/vboxuser/agv_ws/install/lely_core_libraries/include/lely/util/def'
[19.775s]  /usr/bin/install -c -m 644  /home/vboxuser/agv_ws/build/lely_core_libraries/upstream/include/lely/util/def/type.def '/home/vboxuser/agv_ws/install/lely_core_libraries/include/lely/util/def'
[19.778s]  /usr/bin/mkdir -p '/home/vboxuser/agv_ws/install/lely_core_libraries/include/lely/co/detail'
[19.780s]  /usr/bin/install -c -m 644  /home/vboxuser/agv_ws/build/lely_core_libraries/upstream/include/lely/co/detail/dev.h /home/vboxuser/agv_ws/build/lely_core_libraries/upstream/include/lely/co/detail/obj.h '/home/vboxuser/agv_ws/install/lely_core_libraries/include/lely/co/detail'
[19.783s]  /usr/bin/mkdir -p '/home/vboxuser/agv_ws/install/lely_core_libraries/include/lely/io2/can'
[19.785s]  /usr/bin/install -c -m 644  /home/vboxuser/agv_ws/build/lely_core_libraries/upstream/include/lely/io2/can/err.h /home/vboxuser/agv_ws/build/lely_core_libraries/upstream/include/lely/io2/can/err.hpp /home/vboxuser/agv_ws/build/lely_core_libraries/upstream/include/lely/io2/can/msg.h /home/vboxuser/agv_ws/build/lely_core_libraries/upstream/include/lely/io2/can/msg.hpp '/home/vboxuser/agv_ws/install/lely_core_libraries/include/lely/io2/can'
[19.790s]  /usr/bin/mkdir -p '/home/vboxuser/agv_ws/install/lely_core_libraries/include/lely/coapp'
[19.791s]  /usr/bin/install -c -m 644  /home/vboxuser/agv_ws/build/lely_core_libraries/upstream/include/lely/coapp/type_traits.hpp /home/vboxuser/agv_ws/build/lely_core_libraries/upstream/include/lely/coapp/device.hpp /home/vboxuser/agv_ws/build/lely_core_libraries/upstream/include/lely/coapp/driver.hpp /home/vboxuser/agv_ws/build/lely_core_libraries/upstream/include/lely/coapp/fiber_driver.hpp /home/vboxuser/agv_ws/build/lely_core_libraries/upstream/include/lely/coapp/logical_driver.hpp /home/vboxuser/agv_ws/build/lely_core_libraries/upstream/include/lely/coapp/loop_driver.hpp /home/vboxuser/agv_ws/build/lely_core_libraries/upstream/include/lely/coapp/lss_master.hpp /home/vboxuser/agv_ws/build/lely_core_libraries/upstream/include/lely/coapp/master.hpp /home/vboxuser/agv_ws/build/lely_core_libraries/upstream/include/lely/coapp/node.hpp /home/vboxuser/agv_ws/build/lely_core_libraries/upstream/include/lely/coapp/sdo.hpp /home/vboxuser/agv_ws/build/lely_core_libraries/upstream/include/lely/coapp/sdo_error.hpp /home/vboxuser/agv_ws/build/lely_core_libraries/upstream/include/lely/coapp/slave.hpp '/home/vboxuser/agv_ws/install/lely_core_libraries/include/lely/coapp'
[19.812s]  /usr/bin/mkdir -p '/home/vboxuser/agv_ws/install/lely_core_libraries/include/lely/io2'
[19.814s]  /usr/bin/install -c -m 644  /home/vboxuser/agv_ws/build/lely_core_libraries/upstream/include/lely/io2/can.h /home/vboxuser/agv_ws/build/lely_core_libraries/upstream/include/lely/io2/can.hpp /home/vboxuser/agv_ws/build/lely_core_libraries/upstream/include/lely/io2/can_net.h /home/vboxuser/agv_ws/build/lely_core_libraries/upstream/include/lely/io2/can_net.hpp /home/vboxuser/agv_ws/build/lely_core_libraries/upstream/include/lely/io2/can_rt.h /home/vboxuser/agv_ws/build/lely_core_libraries/upstream/include/lely/io2/can_rt.hpp /home/vboxuser/agv_ws/build/lely_core_libraries/upstream/include/lely/io2/clock.h /home/vboxuser/agv_ws/build/lely_core_libraries/upstream/include/lely/io2/clock.hpp /home/vboxuser/agv_ws/build/lely_core_libraries/upstream/include/lely/io2/co_can.hpp /home/vboxuser/agv_ws/build/lely_core_libraries/upstream/include/lely/io2/co_can_rt.hpp /home/vboxuser/agv_ws/build/lely_core_libraries/upstream/include/lely/io2/co_sigset.hpp /home/vboxuser/agv_ws/build/lely_core_libraries/upstream/include/lely/io2/co_timer.hpp /home/vboxuser/agv_ws/build/lely_core_libraries/upstream/include/lely/io2/co_tqueue.hpp /home/vboxuser/agv_ws/build/lely_core_libraries/upstream/include/lely/io2/ctx.h /home/vboxuser/agv_ws/build/lely_core_libraries/upstream/include/lely/io2/ctx.hpp /home/vboxuser/agv_ws/build/lely_core_libraries/upstream/include/lely/io2/dev.h /home/vboxuser/agv_ws/build/lely_core_libraries/upstream/include/lely/io2/dev.hpp /home/vboxuser/agv_ws/build/lely_core_libraries/upstream/include/lely/io2/event.h /home/vboxuser/agv_ws/build/lely_core_libraries/upstream/include/lely/io2/event.hpp /home/vboxuser/agv_ws/build/lely_core_libraries/upstream/include/lely/io2/io2.h /home/vboxuser/agv_ws/build/lely_core_libraries/upstream/include/lely/io2/sigset.h /home/vboxuser/agv_ws/build/lely_core_libraries/upstream/include/lely/io2/sigset.hpp /home/vboxuser/agv_ws/build/lely_core_libraries/upstream/include/lely/io2/timer.h /home/vboxuser/agv_ws/build/lely_core_libraries/upstream/include/lely/io2/timer.hpp /home/vboxuser/agv_ws/build/lely_core_libraries/upstream/include/lely/io2/tqueue.h /home/vboxuser/agv_ws/build/lely_core_libraries/upstream/include/lely/io2/tqueue.hpp /home/vboxuser/agv_ws/build/lely_core_libraries/upstream/include/lely/io2/vcan.h /home/vboxuser/agv_ws/build/lely_core_libraries/upstream/include/lely/io2/vcan.hpp '/home/vboxuser/agv_ws/install/lely_core_libraries/include/lely/io2'
[19.838s]  /usr/bin/mkdir -p '/home/vboxuser/agv_ws/install/lely_core_libraries/include/lely/io2/linux'
[19.839s]  /usr/bin/install -c -m 644  /home/vboxuser/agv_ws/build/lely_core_libraries/upstream/include/lely/io2/linux/can.h /home/vboxuser/agv_ws/build/lely_core_libraries/upstream/include/lely/io2/linux/can.hpp '/home/vboxuser/agv_ws/install/lely_core_libraries/include/lely/io2/linux'
[19.844s]  /usr/bin/mkdir -p '/home/vboxuser/agv_ws/install/lely_core_libraries/include/lely/libc/sys'
[19.846s]  /usr/bin/install -c -m 644  /home/vboxuser/agv_ws/build/lely_core_libraries/upstream/include/lely/libc/sys/types.h '/home/vboxuser/agv_ws/install/lely_core_libraries/include/lely/libc/sys'
[19.848s]  /usr/bin/mkdir -p '/home/vboxuser/agv_ws/install/lely_core_libraries/include/lely/io2/user'
[19.850s]  /usr/bin/install -c -m 644  /home/vboxuser/agv_ws/build/lely_core_libraries/upstream/include/lely/io2/user/can.h /home/vboxuser/agv_ws/build/lely_core_libraries/upstream/include/lely/io2/user/can.hpp /home/vboxuser/agv_ws/build/lely_core_libraries/upstream/include/lely/io2/user/timer.h /home/vboxuser/agv_ws/build/lely_core_libraries/upstream/include/lely/io2/user/timer.hpp '/home/vboxuser/agv_ws/install/lely_core_libraries/include/lely/io2/user'
[19.857s]  /usr/bin/mkdir -p '/home/vboxuser/agv_ws/install/lely_core_libraries/include/lely/io2/sys'
[19.858s]  /usr/bin/install -c -m 644  /home/vboxuser/agv_ws/build/lely_core_libraries/upstream/include/lely/io2/sys/clock.h /home/vboxuser/agv_ws/build/lely_core_libraries/upstream/include/lely/io2/sys/clock.hpp /home/vboxuser/agv_ws/build/lely_core_libraries/upstream/include/lely/io2/sys/io.h /home/vboxuser/agv_ws/build/lely_core_libraries/upstream/include/lely/io2/sys/io.hpp /home/vboxuser/agv_ws/build/lely_core_libraries/upstream/include/lely/io2/sys/sigset.h /home/vboxuser/agv_ws/build/lely_core_libraries/upstream/include/lely/io2/sys/sigset.hpp /home/vboxuser/agv_ws/build/lely_core_libraries/upstream/include/lely/io2/sys/timer.h /home/vboxuser/agv_ws/build/lely_core_libraries/upstream/include/lely/io2/sys/timer.hpp '/home/vboxuser/agv_ws/install/lely_core_libraries/include/lely/io2/sys'
[19.867s]  /usr/bin/mkdir -p '/home/vboxuser/agv_ws/install/lely_core_libraries/include/lely/tap'
[19.868s]  /usr/bin/install -c -m 644  /home/vboxuser/agv_ws/build/lely_core_libraries/upstream/include/lely/tap/tap.h '/home/vboxuser/agv_ws/install/lely_core_libraries/include/lely/tap'
[19.872s]  /usr/bin/mkdir -p '/home/vboxuser/agv_ws/install/lely_core_libraries/include/lely/util'
[19.874s]  /usr/bin/install -c -m 644  /home/vboxuser/agv_ws/build/lely_core_libraries/upstream/include/lely/util/bimap.h /home/vboxuser/agv_ws/build/lely_core_libraries/upstream/include/lely/util/coroutine.h /home/vboxuser/agv_ws/build/lely_core_libraries/upstream/include/lely/util/coroutine.hpp /home/vboxuser/agv_ws/build/lely_core_libraries/upstream/include/lely/util/mkjmp.h /home/vboxuser/agv_ws/build/lely_core_libraries/upstream/include/lely/util/sllist.h /home/vboxuser/agv_ws/build/lely_core_libraries/upstream/include/lely/util/spscring.h /home/vboxuser/agv_ws/build/lely_core_libraries/upstream/include/lely/util/bits.h /home/vboxuser/agv_ws/build/lely_core_libraries/upstream/include/lely/util/bitset.h /home/vboxuser/agv_ws/build/lely_core_libraries/upstream/include/lely/util/c_call.hpp /home/vboxuser/agv_ws/build/lely_core_libraries/upstream/include/lely/util/c_type.hpp /home/vboxuser/agv_ws/build/lely_core_libraries/upstream/include/lely/util/chrono.hpp /home/vboxuser/agv_ws/build/lely_core_libraries/upstream/include/lely/util/cmp.h /home/vboxuser/agv_ws/build/lely_core_libraries/upstream/include/lely/util/config.h /home/vboxuser/agv_ws/build/lely_core_libraries/upstream/include/lely/util/daemon.h /home/vboxuser/agv_ws/build/lely_core_libraries/upstream/include/lely/util/diag.h /home/vboxuser/agv_ws/build/lely_core_libraries/upstream/include/lely/util/dllist.h /home/vboxuser/agv_ws/build/lely_core_libraries/upstream/include/lely/util/endian.h /home/vboxuser/agv_ws/build/lely_core_libraries/upstream/include/lely/util/errnum.h /home/vboxuser/agv_ws/build/lely_core_libraries/upstream/include/lely/util/error.hpp /home/vboxuser/agv_ws/build/lely_core_libraries/upstream/include/lely/util/exception.hpp /home/vboxuser/agv_ws/build/lely_core_libraries/upstream/include/lely/util/fiber.h /home/vboxuser/agv_ws/build/lely_core_libraries/upstream/include/lely/util/fiber.hpp /home/vboxuser/agv_ws/build/lely_core_libraries/upstream/include/lely/util/float.h /home/vboxuser/agv_ws/build/lely_core_libraries/upstream/include/lely/util/frbuf.h /home/vboxuser/agv_ws/build/lely_core_libraries/upstream/include/lely/util/fwbuf.h /home/vboxuser/agv_ws/build/lely_core_libraries/upstream/include/lely/util/invoker.hpp /home/vboxuser/agv_ws/build/lely_core_libraries/upstream/include/lely/util/lex.h /home/vboxuser/agv_ws/build/lely_core_libraries/upstream/include/lely/util/membuf.h /home/vboxuser/agv_ws/build/lely_core_libraries/upstream/include/lely/util/mutex.hpp /home/vboxuser/agv_ws/build/lely_core_libraries/upstream/include/lely/util/pheap.h /home/vboxuser/agv_ws/build/lely_core_libraries/upstream/include/lely/util/print.h /home/vboxuser/agv_ws/build/lely_core_libraries/upstream/include/lely/util/rbtree.h /home/vboxuser/agv_ws/build/lely_core_libraries/upstream/include/lely/util/result.hpp /home/vboxuser/agv_ws/build/lely_core_libraries/upstream/include/lely/util/stop.h /home/vboxuser/agv_ws/build/lely_core_libraries/upstream/include/lely/util/stop.hpp /home/vboxuser/agv_ws/build/lely_core_libraries/upstream/include/lely/util/time.h /home/vboxuser/agv_ws/build/lely_core_libraries/upstream/include/lely/util/ustring.h /home/vboxuser/agv_ws/build/lely_core_libraries/upstream/include/lely/util/util.h '/home/vboxuser/agv_ws/install/lely_core_libraries/include/lely/util'
[19.907s]  /usr/bin/mkdir -p '/home/vboxuser/agv_ws/install/lely_core_libraries/include/lely/libc'
[19.908s]  /usr/bin/install -c -m 644  /home/vboxuser/agv_ws/build/lely_core_libraries/upstream/include/lely/libc/chrono.hpp /home/vboxuser/agv_ws/build/lely_core_libraries/upstream/include/lely/libc/functional.hpp /home/vboxuser/agv_ws/build/lely_core_libraries/upstream/include/lely/libc/stdatomic.h /home/vboxuser/agv_ws/build/lely_core_libraries/upstream/include/lely/libc/stddef.h /home/vboxuser/agv_ws/build/lely_core_libraries/upstream/include/lely/libc/stdint.h /home/vboxuser/agv_ws/build/lely_core_libraries/upstream/include/lely/libc/stdio.h /home/vboxuser/agv_ws/build/lely_core_libraries/upstream/include/lely/libc/stdlib.h /home/vboxuser/agv_ws/build/lely_core_libraries/upstream/include/lely/libc/string.h /home/vboxuser/agv_ws/build/lely_core_libraries/upstream/include/lely/libc/strings.h /home/vboxuser/agv_ws/build/lely_core_libraries/upstream/include/lely/libc/threads.h /home/vboxuser/agv_ws/build/lely_core_libraries/upstream/include/lely/libc/time.h /home/vboxuser/agv_ws/build/lely_core_libraries/upstream/include/lely/libc/type_traits.hpp /home/vboxuser/agv_ws/build/lely_core_libraries/upstream/include/lely/libc/uchar.h /home/vboxuser/agv_ws/build/lely_core_libraries/upstream/include/lely/libc/unistd.h /home/vboxuser/agv_ws/build/lely_core_libraries/upstream/include/lely/libc/utility.hpp '/home/vboxuser/agv_ws/install/lely_core_libraries/include/lely/libc'
[19.919s] gmake[2]: Leaving directory '/home/vboxuser/agv_ws/build/lely_core_libraries/build/include'
[19.919s] gmake[1]: Leaving directory '/home/vboxuser/agv_ws/build/lely_core_libraries/build/include'
[19.920s] Making install in src
[19.923s] gmake[1]: Entering directory '/home/vboxuser/agv_ws/build/lely_core_libraries/build/src'
[19.928s] Making install in libc
[19.943s] gmake[2]: Entering directory '/home/vboxuser/agv_ws/build/lely_core_libraries/build/src/libc'
[19.959s] gmake[3]: Entering directory '/home/vboxuser/agv_ws/build/lely_core_libraries/build/src/libc'
[19.961s]  /usr/bin/mkdir -p '/home/vboxuser/agv_ws/install/lely_core_libraries/lib'
[19.963s]  /bin/bash ../../libtool   --mode=install /usr/bin/install -c   liblely-libc.la '/home/vboxuser/agv_ws/install/lely_core_libraries/lib'
[19.993s] libtool: install: /usr/bin/install -c .libs/liblely-libc.so.2.3.2 /home/vboxuser/agv_ws/install/lely_core_libraries/lib/liblely-libc.so.2.3.2
[19.996s] libtool: install: (cd /home/vboxuser/agv_ws/install/lely_core_libraries/lib && { ln -s -f liblely-libc.so.2.3.2 liblely-libc.so.2 || { rm -f liblely-libc.so.2 && ln -s liblely-libc.so.2.3.2 liblely-libc.so.2; }; })
[19.999s] libtool: install: (cd /home/vboxuser/agv_ws/install/lely_core_libraries/lib && { ln -s -f liblely-libc.so.2.3.2 liblely-libc.so || { rm -f liblely-libc.so && ln -s liblely-libc.so.2.3.2 liblely-libc.so; }; })
[20.003s] libtool: install: /usr/bin/install -c .libs/liblely-libc.lai /home/vboxuser/agv_ws/install/lely_core_libraries/lib/liblely-libc.la
[20.042s] libtool: finish: PATH="/opt/ros/humble/bin:/usr/local/sbin:/usr/local/bin:/usr/sbin:/usr/bin:/sbin:/bin:/usr/games:/usr/local/games:/snap/bin:/snap/bin:/sbin" ldconfig -n /home/vboxuser/agv_ws/install/lely_core_libraries/lib
[20.046s] ----------------------------------------------------------------------
[20.046s] Libraries have been installed in:
[20.046s]    /home/vboxuser/agv_ws/install/lely_core_libraries/lib
[20.047s] 
[20.047s] If you ever happen to want to link against installed libraries
[20.047s] in a given directory, LIBDIR, you must either use libtool, and
[20.047s] specify the full pathname of the library, or use the '-LLIBDIR'
[20.047s] flag during linking and do at least one of the following:
[20.047s]    - add LIBDIR to the 'LD_LIBRARY_PATH' environment variable
[20.047s]      during execution
[20.048s]    - add LIBDIR to the 'LD_RUN_PATH' environment variable
[20.048s]      during linking
[20.048s]    - use the '-Wl,-rpath -Wl,LIBDIR' linker flag
[20.048s]    - have your system administrator add LIBDIR to '/etc/ld.so.conf'
[20.048s] 
[20.048s] See any operating system documentation about shared libraries for
[20.048s] more information, such as the ld(1) and ld.so(8) manual pages.
[20.049s] ----------------------------------------------------------------------
[20.053s] gmake[3]: Leaving directory '/home/vboxuser/agv_ws/build/lely_core_libraries/build/src/libc'
[20.054s] gmake[2]: Leaving directory '/home/vboxuser/agv_ws/build/lely_core_libraries/build/src/libc'
[20.054s] Making install in tap
[20.064s] gmake[2]: Entering directory '/home/vboxuser/agv_ws/build/lely_core_libraries/build/src/tap'
[20.076s] gmake[3]: Entering directory '/home/vboxuser/agv_ws/build/lely_core_libraries/build/src/tap'
[20.079s]  /usr/bin/mkdir -p '/home/vboxuser/agv_ws/install/lely_core_libraries/lib'
[20.080s]  /bin/bash ../../libtool   --mode=install /usr/bin/install -c   liblely-tap.la '/home/vboxuser/agv_ws/install/lely_core_libraries/lib'
[20.120s] libtool: warning: relinking 'liblely-tap.la'
[20.124s] libtool: install: (cd /home/vboxuser/agv_ws/build/lely_core_libraries/build/src/tap; /bin/bash "/home/vboxuser/agv_ws/build/lely_core_libraries/build/libtool"  --silent --tag CC --mode=relink gcc -pthread -g -O2 -Wall -Wextra -pedantic -Werror -Wno-static-in-inline -no-undefined -version-number 2:3:2 -Wl,--as-needed -o liblely-tap.la -rpath /home/vboxuser/agv_ws/install/lely_core_libraries/lib liblely_tap_la-tap.lo ../../src/libc/liblely-libc.la )
[20.248s] libtool: install: /usr/bin/install -c .libs/liblely-tap.so.2.3.2T /home/vboxuser/agv_ws/install/lely_core_libraries/lib/liblely-tap.so.2.3.2
[20.250s] libtool: install: (cd /home/vboxuser/agv_ws/install/lely_core_libraries/lib && { ln -s -f liblely-tap.so.2.3.2 liblely-tap.so.2 || { rm -f liblely-tap.so.2 && ln -s liblely-tap.so.2.3.2 liblely-tap.so.2; }; })
[20.252s] libtool: install: (cd /home/vboxuser/agv_ws/install/lely_core_libraries/lib && { ln -s -f liblely-tap.so.2.3.2 liblely-tap.so || { rm -f liblely-tap.so && ln -s liblely-tap.so.2.3.2 liblely-tap.so; }; })
[20.254s] libtool: install: /usr/bin/install -c .libs/liblely-tap.lai /home/vboxuser/agv_ws/install/lely_core_libraries/lib/liblely-tap.la
[20.292s] libtool: finish: PATH="/opt/ros/humble/bin:/usr/local/sbin:/usr/local/bin:/usr/sbin:/usr/bin:/sbin:/bin:/usr/games:/usr/local/games:/snap/bin:/snap/bin:/sbin" ldconfig -n /home/vboxuser/agv_ws/install/lely_core_libraries/lib
[20.298s] ----------------------------------------------------------------------
[20.299s] Libraries have been installed in:
[20.299s]    /home/vboxuser/agv_ws/install/lely_core_libraries/lib
[20.299s] 
[20.299s] If you ever happen to want to link against installed libraries
[20.299s] in a given directory, LIBDIR, you must either use libtool, and
[20.299s] specify the full pathname of the library, or use the '-LLIBDIR'
[20.299s] flag during linking and do at least one of the following:
[20.300s]    - add LIBDIR to the 'LD_LIBRARY_PATH' environment variable
[20.300s]      during execution
[20.300s]    - add LIBDIR to the 'LD_RUN_PATH' environment variable
[20.300s]      during linking
[20.300s]    - use the '-Wl,-rpath -Wl,LIBDIR' linker flag
[20.300s]    - have your system administrator add LIBDIR to '/etc/ld.so.conf'
[20.300s] 
[20.301s] See any operating system documentation about shared libraries for
[20.301s] more information, such as the ld(1) and ld.so(8) manual pages.
[20.301s] ----------------------------------------------------------------------
[20.306s] gmake[3]: Leaving directory '/home/vboxuser/agv_ws/build/lely_core_libraries/build/src/tap'
[20.306s] gmake[2]: Leaving directory '/home/vboxuser/agv_ws/build/lely_core_libraries/build/src/tap'
[20.307s] Making install in util
[20.357s] gmake[2]: Entering directory '/home/vboxuser/agv_ws/build/lely_core_libraries/build/src/util'
[20.414s] gmake[3]: Entering directory '/home/vboxuser/agv_ws/build/lely_core_libraries/build/src/util'
[20.416s]  /usr/bin/mkdir -p '/home/vboxuser/agv_ws/install/lely_core_libraries/lib'
[20.419s]  /bin/bash ../../libtool   --mode=install /usr/bin/install -c   liblely-util.la '/home/vboxuser/agv_ws/install/lely_core_libraries/lib'
[20.461s] libtool: warning: relinking 'liblely-util.la'
[20.464s] libtool: install: (cd /home/vboxuser/agv_ws/build/lely_core_libraries/build/src/util; /bin/bash "/home/vboxuser/agv_ws/build/lely_core_libraries/build/libtool"  --silent --tag CXX --mode=relink g++ -std=gnu++11 -g -O2 -Wall -Wextra -pedantic -Werror -no-undefined -version-number 2:3:2 -Wl,--as-needed -o liblely-util.la -rpath /home/vboxuser/agv_ws/install/lely_core_libraries/lib liblely_util_la-bimap.lo liblely_util_la-mkjmp.lo liblely_util_la-sllist.lo liblely_util_la-spscring.lo liblely_util_la-bits.lo liblely_util_la-bitset.lo liblely_util_la-cmp.lo liblely_util_la-config.lo liblely_util_la-config_ini.lo liblely_util_la-daemon.lo liblely_util_la-diag.lo liblely_util_la-dllist.lo liblely_util_la-endian.lo liblely_util_la-errnum.lo liblely_util_la-exception.lo liblely_util_la-fiber.lo liblely_util_la-frbuf.lo liblely_util_la-fwbuf.lo liblely_util_la-lex.lo liblely_util_la-membuf.lo liblely_util_la-pheap.lo liblely_util_la-print.lo liblely_util_la-rbtree.lo liblely_util_la-stop.lo liblely_util_la-time.lo liblely_util_la-ustring.lo ../../src/libc/liblely-libc.la -lm )
[20.697s] libtool: install: /usr/bin/install -c .libs/liblely-util.so.2.3.2T /home/vboxuser/agv_ws/install/lely_core_libraries/lib/liblely-util.so.2.3.2
[20.700s] libtool: install: (cd /home/vboxuser/agv_ws/install/lely_core_libraries/lib && { ln -s -f liblely-util.so.2.3.2 liblely-util.so.2 || { rm -f liblely-util.so.2 && ln -s liblely-util.so.2.3.2 liblely-util.so.2; }; })
[20.704s] libtool: install: (cd /home/vboxuser/agv_ws/install/lely_core_libraries/lib && { ln -s -f liblely-util.so.2.3.2 liblely-util.so || { rm -f liblely-util.so && ln -s liblely-util.so.2.3.2 liblely-util.so; }; })
[20.706s] libtool: install: /usr/bin/install -c .libs/liblely-util.lai /home/vboxuser/agv_ws/install/lely_core_libraries/lib/liblely-util.la
[20.748s] libtool: finish: PATH="/opt/ros/humble/bin:/usr/local/sbin:/usr/local/bin:/usr/sbin:/usr/bin:/sbin:/bin:/usr/games:/usr/local/games:/snap/bin:/snap/bin:/sbin" ldconfig -n /home/vboxuser/agv_ws/install/lely_core_libraries/lib
[20.751s] ----------------------------------------------------------------------
[20.751s] Libraries have been installed in:
[20.751s]    /home/vboxuser/agv_ws/install/lely_core_libraries/lib
[20.751s] 
[20.751s] If you ever happen to want to link against installed libraries
[20.751s] in a given directory, LIBDIR, you must either use libtool, and
[20.751s] specify the full pathname of the library, or use the '-LLIBDIR'
[20.752s] flag during linking and do at least one of the following:
[20.752s]    - add LIBDIR to the 'LD_LIBRARY_PATH' environment variable
[20.752s]      during execution
[20.752s]    - add LIBDIR to the 'LD_RUN_PATH' environment variable
[20.752s]      during linking
[20.752s]    - use the '-Wl,-rpath -Wl,LIBDIR' linker flag
[20.753s]    - have your system administrator add LIBDIR to '/etc/ld.so.conf'
[20.753s] 
[20.753s] See any operating system documentation about shared libraries for
[20.753s] more information, such as the ld(1) and ld.so(8) manual pages.
[20.753s] ----------------------------------------------------------------------
[20.756s] gmake[3]: Leaving directory '/home/vboxuser/agv_ws/build/lely_core_libraries/build/src/util'
[20.757s] gmake[2]: Leaving directory '/home/vboxuser/agv_ws/build/lely_core_libraries/build/src/util'
[20.757s] Making install in can
[20.775s] gmake[2]: Entering directory '/home/vboxuser/agv_ws/build/lely_core_libraries/build/src/can'
[20.798s] gmake[3]: Entering directory '/home/vboxuser/agv_ws/build/lely_core_libraries/build/src/can'
[20.800s]  /usr/bin/mkdir -p '/home/vboxuser/agv_ws/install/lely_core_libraries/lib'
[20.802s]  /bin/bash ../../libtool   --mode=install /usr/bin/install -c   liblely-can.la '/home/vboxuser/agv_ws/install/lely_core_libraries/lib'
[20.839s] libtool: warning: relinking 'liblely-can.la'
[20.842s] libtool: install: (cd /home/vboxuser/agv_ws/build/lely_core_libraries/build/src/can; /bin/bash "/home/vboxuser/agv_ws/build/lely_core_libraries/build/libtool"  --silent --tag CC --mode=relink gcc -pthread -g -O2 -Wall -Wextra -pedantic -Werror -Wno-static-in-inline -no-undefined -version-number 1:9:2 -Wl,--as-needed -o liblely-can.la -rpath /home/vboxuser/agv_ws/install/lely_core_libraries/lib liblely_can_la-buf.lo liblely_can_la-msg.lo liblely_can_la-net.lo liblely_can_la-socket.lo ../../src/libc/liblely-libc.la ../../src/util/liblely-util.la )
[20.988s] libtool: install: /usr/bin/install -c .libs/liblely-can.so.1.9.2T /home/vboxuser/agv_ws/install/lely_core_libraries/lib/liblely-can.so.1.9.2
[20.991s] libtool: install: (cd /home/vboxuser/agv_ws/install/lely_core_libraries/lib && { ln -s -f liblely-can.so.1.9.2 liblely-can.so.1 || { rm -f liblely-can.so.1 && ln -s liblely-can.so.1.9.2 liblely-can.so.1; }; })
[21.000s] libtool: install: (cd /home/vboxuser/agv_ws/install/lely_core_libraries/lib && { ln -s -f liblely-can.so.1.9.2 liblely-can.so || { rm -f liblely-can.so && ln -s liblely-can.so.1.9.2 liblely-can.so; }; })
[21.004s] libtool: install: /usr/bin/install -c .libs/liblely-can.lai /home/vboxuser/agv_ws/install/lely_core_libraries/lib/liblely-can.la
[21.058s] libtool: finish: PATH="/opt/ros/humble/bin:/usr/local/sbin:/usr/local/bin:/usr/sbin:/usr/bin:/sbin:/bin:/usr/games:/usr/local/games:/snap/bin:/snap/bin:/sbin" ldconfig -n /home/vboxuser/agv_ws/install/lely_core_libraries/lib
[21.062s] ----------------------------------------------------------------------
[21.063s] Libraries have been installed in:
[21.063s]    /home/vboxuser/agv_ws/install/lely_core_libraries/lib
[21.063s] 
[21.063s] If you ever happen to want to link against installed libraries
[21.064s] in a given directory, LIBDIR, you must either use libtool, and
[21.064s] specify the full pathname of the library, or use the '-LLIBDIR'
[21.064s] flag during linking and do at least one of the following:
[21.064s]    - add LIBDIR to the 'LD_LIBRARY_PATH' environment variable
[21.064s]      during execution
[21.065s]    - add LIBDIR to the 'LD_RUN_PATH' environment variable
[21.065s]      during linking
[21.065s]    - use the '-Wl,-rpath -Wl,LIBDIR' linker flag
[21.065s]    - have your system administrator add LIBDIR to '/etc/ld.so.conf'
[21.065s] 
[21.066s] See any operating system documentation about shared libraries for
[21.066s] more information, such as the ld(1) and ld.so(8) manual pages.
[21.066s] ----------------------------------------------------------------------
[21.072s] gmake[3]: Leaving directory '/home/vboxuser/agv_ws/build/lely_core_libraries/build/src/can'
[21.072s] gmake[2]: Leaving directory '/home/vboxuser/agv_ws/build/lely_core_libraries/build/src/can'
[21.072s] Making install in co
[21.112s] gmake[2]: Entering directory '/home/vboxuser/agv_ws/build/lely_core_libraries/build/src/co'
[21.147s] gmake[3]: Entering directory '/home/vboxuser/agv_ws/build/lely_core_libraries/build/src/co'
[21.149s]  /usr/bin/mkdir -p '/home/vboxuser/agv_ws/install/lely_core_libraries/lib'
[21.151s]  /bin/bash ../../libtool   --mode=install /usr/bin/install -c   liblely-co.la '/home/vboxuser/agv_ws/install/lely_core_libraries/lib'
[21.184s] libtool: warning: relinking 'liblely-co.la'
[21.193s] libtool: install: (cd /home/vboxuser/agv_ws/build/lely_core_libraries/build/src/co; /bin/bash "/home/vboxuser/agv_ws/build/lely_core_libraries/build/libtool"  --silent --tag CC --mode=relink gcc -pthread -g -O2 -Wall -Wextra -pedantic -Werror -Wno-static-in-inline -no-undefined -version-number 2:3:2 -Wl,--as-needed -o liblely-co.la -rpath /home/vboxuser/agv_ws/install/lely_core_libraries/lib liblely_co_la-crc.lo liblely_co_la-csdo.lo liblely_co_la-dcf.lo liblely_co_la-dev.lo liblely_co_la-emcy.lo liblely_co_la-gw.lo liblely_co_la-gw_txt.lo liblely_co_la-lss.lo liblely_co_la-nmt.lo liblely_co_la-nmt_boot.lo liblely_co_la-nmt_cfg.lo liblely_co_la-nmt_hb.lo liblely_co_la-nmt_srv.lo liblely_co_la-obj.lo liblely_co_la-pdo.lo liblely_co_la-rpdo.lo liblely_co_la-sdev.lo liblely_co_la-sdo.lo liblely_co_la-ssdo.lo liblely_co_la-sync.lo liblely_co_la-time.lo liblely_co_la-tpdo.lo liblely_co_la-type.lo liblely_co_la-val.lo liblely_co_la-wtm.lo ../../src/libc/liblely-libc.la ../../src/util/liblely-util.la ../../src/can/liblely-can.la )
[21.418s] libtool: install: /usr/bin/install -c .libs/liblely-co.so.2.3.2T /home/vboxuser/agv_ws/install/lely_core_libraries/lib/liblely-co.so.2.3.2
[21.423s] libtool: install: (cd /home/vboxuser/agv_ws/install/lely_core_libraries/lib && { ln -s -f liblely-co.so.2.3.2 liblely-co.so.2 || { rm -f liblely-co.so.2 && ln -s liblely-co.so.2.3.2 liblely-co.so.2; }; })
[21.425s] libtool: install: (cd /home/vboxuser/agv_ws/install/lely_core_libraries/lib && { ln -s -f liblely-co.so.2.3.2 liblely-co.so || { rm -f liblely-co.so && ln -s liblely-co.so.2.3.2 liblely-co.so; }; })
[21.428s] libtool: install: /usr/bin/install -c .libs/liblely-co.lai /home/vboxuser/agv_ws/install/lely_core_libraries/lib/liblely-co.la
[21.467s] libtool: finish: PATH="/opt/ros/humble/bin:/usr/local/sbin:/usr/local/bin:/usr/sbin:/usr/bin:/sbin:/bin:/usr/games:/usr/local/games:/snap/bin:/snap/bin:/sbin" ldconfig -n /home/vboxuser/agv_ws/install/lely_core_libraries/lib
[21.470s] ----------------------------------------------------------------------
[21.470s] Libraries have been installed in:
[21.470s]    /home/vboxuser/agv_ws/install/lely_core_libraries/lib
[21.471s] 
[21.471s] If you ever happen to want to link against installed libraries
[21.471s] in a given directory, LIBDIR, you must either use libtool, and
[21.471s] specify the full pathname of the library, or use the '-LLIBDIR'
[21.471s] flag during linking and do at least one of the following:
[21.471s]    - add LIBDIR to the 'LD_LIBRARY_PATH' environment variable
[21.471s]      during execution
[21.471s]    - add LIBDIR to the 'LD_RUN_PATH' environment variable
[21.471s]      during linking
[21.472s]    - use the '-Wl,-rpath -Wl,LIBDIR' linker flag
[21.472s]    - have your system administrator add LIBDIR to '/etc/ld.so.conf'
[21.472s] 
[21.472s] See any operating system documentation about shared libraries for
[21.472s] more information, such as the ld(1) and ld.so(8) manual pages.
[21.472s] ----------------------------------------------------------------------
[21.475s] gmake[3]: Leaving directory '/home/vboxuser/agv_ws/build/lely_core_libraries/build/src/co'
[21.476s] gmake[2]: Leaving directory '/home/vboxuser/agv_ws/build/lely_core_libraries/build/src/co'
[21.476s] Making install in io
[21.512s] gmake[2]: Entering directory '/home/vboxuser/agv_ws/build/lely_core_libraries/build/src/io'
[21.546s] gmake[3]: Entering directory '/home/vboxuser/agv_ws/build/lely_core_libraries/build/src/io'
[21.548s]  /usr/bin/mkdir -p '/home/vboxuser/agv_ws/install/lely_core_libraries/lib'
[21.549s]  /bin/bash ../../libtool   --mode=install /usr/bin/install -c   liblely-io.la '/home/vboxuser/agv_ws/install/lely_core_libraries/lib'
[21.583s] libtool: warning: relinking 'liblely-io.la'
[21.586s] libtool: install: (cd /home/vboxuser/agv_ws/build/lely_core_libraries/build/src/io; /bin/bash "/home/vboxuser/agv_ws/build/lely_core_libraries/build/libtool"  --silent --tag CC --mode=relink gcc -pthread -g -O2 -Wall -Wextra -pedantic -Werror -Wno-static-in-inline -no-undefined -version-number 1:9:2 -Wl,--as-needed -o liblely-io.la -rpath /home/vboxuser/agv_ws/install/lely_core_libraries/lib liblely_io_la-addr.lo liblely_io_la-attr.lo liblely_io_la-can.lo liblely_io_la-file.lo liblely_io_la-handle.lo liblely_io_la-if.lo liblely_io_la-io.lo liblely_io_la-pipe.lo liblely_io_la-poll.lo liblely_io_la-rtnl.lo liblely_io_la-serial.lo liblely_io_la-sock.lo ../../src/libc/liblely-libc.la ../../src/util/liblely-util.la ../../src/can/liblely-can.la )
[21.786s] libtool: install: /usr/bin/install -c .libs/liblely-io.so.1.9.2T /home/vboxuser/agv_ws/install/lely_core_libraries/lib/liblely-io.so.1.9.2
[21.794s] libtool: install: (cd /home/vboxuser/agv_ws/install/lely_core_libraries/lib && { ln -s -f liblely-io.so.1.9.2 liblely-io.so.1 || { rm -f liblely-io.so.1 && ln -s liblely-io.so.1.9.2 liblely-io.so.1; }; })
[21.797s] libtool: install: (cd /home/vboxuser/agv_ws/install/lely_core_libraries/lib && { ln -s -f liblely-io.so.1.9.2 liblely-io.so || { rm -f liblely-io.so && ln -s liblely-io.so.1.9.2 liblely-io.so; }; })
[21.800s] libtool: install: /usr/bin/install -c .libs/liblely-io.lai /home/vboxuser/agv_ws/install/lely_core_libraries/lib/liblely-io.la
[21.840s] libtool: finish: PATH="/opt/ros/humble/bin:/usr/local/sbin:/usr/local/bin:/usr/sbin:/usr/bin:/sbin:/bin:/usr/games:/usr/local/games:/snap/bin:/snap/bin:/sbin" ldconfig -n /home/vboxuser/agv_ws/install/lely_core_libraries/lib
[21.843s] ----------------------------------------------------------------------
[21.844s] Libraries have been installed in:
[21.844s]    /home/vboxuser/agv_ws/install/lely_core_libraries/lib
[21.844s] 
[21.844s] If you ever happen to want to link against installed libraries
[21.845s] in a given directory, LIBDIR, you must either use libtool, and
[21.845s] specify the full pathname of the library, or use the '-LLIBDIR'
[21.845s] flag during linking and do at least one of the following:
[21.845s]    - add LIBDIR to the 'LD_LIBRARY_PATH' environment variable
[21.845s]      during execution
[21.845s]    - add LIBDIR to the 'LD_RUN_PATH' environment variable
[21.845s]      during linking
[21.845s]    - use the '-Wl,-rpath -Wl,LIBDIR' linker flag
[21.845s]    - have your system administrator add LIBDIR to '/etc/ld.so.conf'
[21.846s] 
[21.846s] See any operating system documentation about shared libraries for
[21.846s] more information, such as the ld(1) and ld.so(8) manual pages.
[21.846s] ----------------------------------------------------------------------
[21.849s] gmake[3]: Leaving directory '/home/vboxuser/agv_ws/build/lely_core_libraries/build/src/io'
[21.849s] gmake[2]: Leaving directory '/home/vboxuser/agv_ws/build/lely_core_libraries/build/src/io'
[21.850s] Making install in ev
[21.867s] gmake[2]: Entering directory '/home/vboxuser/agv_ws/build/lely_core_libraries/build/src/ev'
[21.886s] gmake[3]: Entering directory '/home/vboxuser/agv_ws/build/lely_core_libraries/build/src/ev'
[21.888s]  /usr/bin/mkdir -p '/home/vboxuser/agv_ws/install/lely_core_libraries/lib'
[21.889s]  /bin/bash ../../libtool   --mode=install /usr/bin/install -c   liblely-ev.la '/home/vboxuser/agv_ws/install/lely_core_libraries/lib'
[21.928s] libtool: warning: relinking 'liblely-ev.la'
[21.931s] libtool: install: (cd /home/vboxuser/agv_ws/build/lely_core_libraries/build/src/ev; /bin/bash "/home/vboxuser/agv_ws/build/lely_core_libraries/build/libtool"  --silent --tag CC --mode=relink gcc -pthread -g -O2 -Wall -Wextra -pedantic -Werror -Wno-static-in-inline -no-undefined -version-number 2:3:2 -Wl,--as-needed -o liblely-ev.la -rpath /home/vboxuser/agv_ws/install/lely_core_libraries/lib liblely_ev_la-exec.lo liblely_ev_la-fiber_exec.lo liblely_ev_la-future.lo liblely_ev_la-loop.lo liblely_ev_la-poll.lo liblely_ev_la-std_exec.lo liblely_ev_la-strand.lo liblely_ev_la-task.lo liblely_ev_la-thrd_loop.lo ../../src/libc/liblely-libc.la ../../src/util/liblely-util.la )
[22.087s] libtool: install: /usr/bin/install -c .libs/liblely-ev.so.2.3.2T /home/vboxuser/agv_ws/install/lely_core_libraries/lib/liblely-ev.so.2.3.2
[22.088s] libtool: install: (cd /home/vboxuser/agv_ws/install/lely_core_libraries/lib && { ln -s -f liblely-ev.so.2.3.2 liblely-ev.so.2 || { rm -f liblely-ev.so.2 && ln -s liblely-ev.so.2.3.2 liblely-ev.so.2; }; })
[22.091s] libtool: install: (cd /home/vboxuser/agv_ws/install/lely_core_libraries/lib && { ln -s -f liblely-ev.so.2.3.2 liblely-ev.so || { rm -f liblely-ev.so && ln -s liblely-ev.so.2.3.2 liblely-ev.so; }; })
[22.094s] libtool: install: /usr/bin/install -c .libs/liblely-ev.lai /home/vboxuser/agv_ws/install/lely_core_libraries/lib/liblely-ev.la
[22.138s] libtool: finish: PATH="/opt/ros/humble/bin:/usr/local/sbin:/usr/local/bin:/usr/sbin:/usr/bin:/sbin:/bin:/usr/games:/usr/local/games:/snap/bin:/snap/bin:/sbin" ldconfig -n /home/vboxuser/agv_ws/install/lely_core_libraries/lib
[22.141s] ----------------------------------------------------------------------
[22.141s] Libraries have been installed in:
[22.142s]    /home/vboxuser/agv_ws/install/lely_core_libraries/lib
[22.142s] 
[22.142s] If you ever happen to want to link against installed libraries
[22.142s] in a given directory, LIBDIR, you must either use libtool, and
[22.142s] specify the full pathname of the library, or use the '-LLIBDIR'
[22.143s] flag during linking and do at least one of the following:
[22.143s]    - add LIBDIR to the 'LD_LIBRARY_PATH' environment variable
[22.143s]      during execution
[22.143s]    - add LIBDIR to the 'LD_RUN_PATH' environment variable
[22.143s]      during linking
[22.143s]    - use the '-Wl,-rpath -Wl,LIBDIR' linker flag
[22.143s]    - have your system administrator add LIBDIR to '/etc/ld.so.conf'
[22.143s] 
[22.143s] See any operating system documentation about shared libraries for
[22.144s] more information, such as the ld(1) and ld.so(8) manual pages.
[22.144s] ----------------------------------------------------------------------
[22.147s] gmake[3]: Leaving directory '/home/vboxuser/agv_ws/build/lely_core_libraries/build/src/ev'
[22.147s] gmake[2]: Leaving directory '/home/vboxuser/agv_ws/build/lely_core_libraries/build/src/ev'
[22.147s] Making install in io2
[22.186s] gmake[2]: Entering directory '/home/vboxuser/agv_ws/build/lely_core_libraries/build/src/io2'
[22.236s] gmake[3]: Entering directory '/home/vboxuser/agv_ws/build/lely_core_libraries/build/src/io2'
[22.238s]  /usr/bin/mkdir -p '/home/vboxuser/agv_ws/install/lely_core_libraries/lib'
[22.240s]  /bin/bash ../../libtool   --mode=install /usr/bin/install -c   liblely-io2.la '/home/vboxuser/agv_ws/install/lely_core_libraries/lib'
[22.276s] libtool: warning: relinking 'liblely-io2.la'
[22.279s] libtool: install: (cd /home/vboxuser/agv_ws/build/lely_core_libraries/build/src/io2; /bin/bash "/home/vboxuser/agv_ws/build/lely_core_libraries/build/libtool"  --silent --tag CC --mode=relink gcc -pthread -g -O2 -Wall -Wextra -pedantic -Werror -Wno-static-in-inline -no-undefined -version-number 2:3:2 -Wl,--as-needed -o liblely-io2.la -rpath /home/vboxuser/agv_ws/install/lely_core_libraries/lib can/liblely_io2_la-msg.lo linux/liblely_io2_la-can_chan.lo linux/liblely_io2_la-can_ctrl.lo linux/liblely_io2_la-poll.lo linux/liblely_io2_la-timer.lo posix/liblely_io2_la-fd.lo posix/liblely_io2_la-io.lo posix/liblely_io2_la-sigset.lo sys/liblely_io2_la-clock.lo sys/liblely_io2_la-io.lo user/liblely_io2_la-can.lo user/liblely_io2_la-timer.lo liblely_io2_la-can.lo liblely_io2_la-can_net.lo liblely_io2_la-can_rt.lo liblely_io2_la-clock.lo liblely_io2_la-ctx.lo liblely_io2_la-dev.lo liblely_io2_la-sigset.lo liblely_io2_la-timer.lo liblely_io2_la-tqueue.lo liblely_io2_la-vcan.lo ../../src/libc/liblely-libc.la ../../src/util/liblely-util.la ../../src/can/liblely-can.la ../../src/ev/liblely-ev.la -lrt )
[22.495s] libtool: install: /usr/bin/install -c .libs/liblely-io2.so.2.3.2T /home/vboxuser/agv_ws/install/lely_core_libraries/lib/liblely-io2.so.2.3.2
[22.497s] libtool: install: (cd /home/vboxuser/agv_ws/install/lely_core_libraries/lib && { ln -s -f liblely-io2.so.2.3.2 liblely-io2.so.2 || { rm -f liblely-io2.so.2 && ln -s liblely-io2.so.2.3.2 liblely-io2.so.2; }; })
[22.500s] libtool: install: (cd /home/vboxuser/agv_ws/install/lely_core_libraries/lib && { ln -s -f liblely-io2.so.2.3.2 liblely-io2.so || { rm -f liblely-io2.so && ln -s liblely-io2.so.2.3.2 liblely-io2.so; }; })
[22.506s] libtool: install: /usr/bin/install -c .libs/liblely-io2.lai /home/vboxuser/agv_ws/install/lely_core_libraries/lib/liblely-io2.la
[22.548s] libtool: finish: PATH="/opt/ros/humble/bin:/usr/local/sbin:/usr/local/bin:/usr/sbin:/usr/bin:/sbin:/bin:/usr/games:/usr/local/games:/snap/bin:/snap/bin:/sbin" ldconfig -n /home/vboxuser/agv_ws/install/lely_core_libraries/lib
[22.551s] ----------------------------------------------------------------------
[22.551s] Libraries have been installed in:
[22.551s]    /home/vboxuser/agv_ws/install/lely_core_libraries/lib
[22.551s] 
[22.551s] If you ever happen to want to link against installed libraries
[22.552s] in a given directory, LIBDIR, you must either use libtool, and
[22.552s] specify the full pathname of the library, or use the '-LLIBDIR'
[22.552s] flag during linking and do at least one of the following:
[22.552s]    - add LIBDIR to the 'LD_LIBRARY_PATH' environment variable
[22.552s]      during execution
[22.552s]    - add LIBDIR to the 'LD_RUN_PATH' environment variable
[22.552s]      during linking
[22.552s]    - use the '-Wl,-rpath -Wl,LIBDIR' linker flag
[22.552s]    - have your system administrator add LIBDIR to '/etc/ld.so.conf'
[22.552s] 
[22.553s] See any operating system documentation about shared libraries for
[22.553s] more information, such as the ld(1) and ld.so(8) manual pages.
[22.553s] ----------------------------------------------------------------------
[22.557s] gmake[3]: Leaving directory '/home/vboxuser/agv_ws/build/lely_core_libraries/build/src/io2'
[22.557s] gmake[2]: Leaving directory '/home/vboxuser/agv_ws/build/lely_core_libraries/build/src/io2'
[22.558s] Making install in coapp
[22.608s] gmake[2]: Entering directory '/home/vboxuser/agv_ws/build/lely_core_libraries/build/src/coapp'
[22.654s] gmake[3]: Entering directory '/home/vboxuser/agv_ws/build/lely_core_libraries/build/src/coapp'
[22.656s]  /usr/bin/mkdir -p '/home/vboxuser/agv_ws/install/lely_core_libraries/lib'
[22.657s]  /bin/bash ../../libtool   --mode=install /usr/bin/install -c   liblely-coapp.la '/home/vboxuser/agv_ws/install/lely_core_libraries/lib'
[22.691s] libtool: warning: relinking 'liblely-coapp.la'
[22.695s] libtool: install: (cd /home/vboxuser/agv_ws/build/lely_core_libraries/build/src/coapp; /bin/bash "/home/vboxuser/agv_ws/build/lely_core_libraries/build/libtool"  --silent --tag CXX --mode=relink g++ -std=gnu++11 -g -O2 -Wall -Wextra -pedantic -Werror -no-undefined -version-number 2:3:2 -Wl,--as-needed -o liblely-coapp.la -rpath /home/vboxuser/agv_ws/install/lely_core_libraries/lib liblely_coapp_la-device.lo liblely_coapp_la-driver.lo liblely_coapp_la-fiber_driver.lo liblely_coapp_la-logical_driver.lo liblely_coapp_la-loop_driver.lo liblely_coapp_la-lss_master.lo liblely_coapp_la-master.lo liblely_coapp_la-node.lo liblely_coapp_la-sdo.lo liblely_coapp_la-sdo_error.lo liblely_coapp_la-slave.lo liblely_coapp_la-type_traits.lo ../../src/libc/liblely-libc.la ../../src/util/liblely-util.la ../../src/can/liblely-can.la ../../src/ev/liblely-ev.la ../../src/io2/liblely-io2.la ../../src/co/liblely-co.la )
[23.207s] libtool: install: /usr/bin/install -c .libs/liblely-coapp.so.2.3.2T /home/vboxuser/agv_ws/install/lely_core_libraries/lib/liblely-coapp.so.2.3.2
[23.219s] libtool: install: (cd /home/vboxuser/agv_ws/install/lely_core_libraries/lib && { ln -s -f liblely-coapp.so.2.3.2 liblely-coapp.so.2 || { rm -f liblely-coapp.so.2 && ln -s liblely-coapp.so.2.3.2 liblely-coapp.so.2; }; })
[23.222s] libtool: install: (cd /home/vboxuser/agv_ws/install/lely_core_libraries/lib && { ln -s -f liblely-coapp.so.2.3.2 liblely-coapp.so || { rm -f liblely-coapp.so && ln -s liblely-coapp.so.2.3.2 liblely-coapp.so; }; })
[23.224s] libtool: install: /usr/bin/install -c .libs/liblely-coapp.lai /home/vboxuser/agv_ws/install/lely_core_libraries/lib/liblely-coapp.la
[23.263s] libtool: finish: PATH="/opt/ros/humble/bin:/usr/local/sbin:/usr/local/bin:/usr/sbin:/usr/bin:/sbin:/bin:/usr/games:/usr/local/games:/snap/bin:/snap/bin:/sbin" ldconfig -n /home/vboxuser/agv_ws/install/lely_core_libraries/lib
[23.266s] ----------------------------------------------------------------------
[23.266s] Libraries have been installed in:
[23.266s]    /home/vboxuser/agv_ws/install/lely_core_libraries/lib
[23.266s] 
[23.266s] If you ever happen to want to link against installed libraries
[23.267s] in a given directory, LIBDIR, you must either use libtool, and
[23.267s] specify the full pathname of the library, or use the '-LLIBDIR'
[23.267s] flag during linking and do at least one of the following:
[23.267s]    - add LIBDIR to the 'LD_LIBRARY_PATH' environment variable
[23.268s]      during execution
[23.268s]    - add LIBDIR to the 'LD_RUN_PATH' environment variable
[23.268s]      during linking
[23.268s]    - use the '-Wl,-rpath -Wl,LIBDIR' linker flag
[23.268s]    - have your system administrator add LIBDIR to '/etc/ld.so.conf'
[23.268s] 
[23.268s] See any operating system documentation about shared libraries for
[23.268s] more information, such as the ld(1) and ld.so(8) manual pages.
[23.268s] ----------------------------------------------------------------------
[23.272s] gmake[3]: Leaving directory '/home/vboxuser/agv_ws/build/lely_core_libraries/build/src/coapp'
[23.272s] gmake[2]: Leaving directory '/home/vboxuser/agv_ws/build/lely_core_libraries/build/src/coapp'
[23.275s] gmake[2]: Entering directory '/home/vboxuser/agv_ws/build/lely_core_libraries/build/src'
[23.279s] gmake[3]: Entering directory '/home/vboxuser/agv_ws/build/lely_core_libraries/build/src'
[23.279s] gmake[3]: Nothing to be done for 'install-exec-am'.
[23.279s] gmake[3]: Nothing to be done for 'install-data-am'.
[23.279s] gmake[3]: Leaving directory '/home/vboxuser/agv_ws/build/lely_core_libraries/build/src'
[23.280s] gmake[2]: Leaving directory '/home/vboxuser/agv_ws/build/lely_core_libraries/build/src'
[23.280s] gmake[1]: Leaving directory '/home/vboxuser/agv_ws/build/lely_core_libraries/build/src'
[23.280s] Making install in python
[23.283s] gmake[1]: Entering directory '/home/vboxuser/agv_ws/build/lely_core_libraries/build/python'
[23.288s] Making install in dcf-tools
[23.292s] gmake[2]: Entering directory '/home/vboxuser/agv_ws/build/lely_core_libraries/build/python/dcf-tools'
[23.296s] gmake[3]: Entering directory '/home/vboxuser/agv_ws/build/lely_core_libraries/build/python/dcf-tools'
[23.778s] running egg_info
[23.778s] writing dcf_tools.egg-info/PKG-INFO
[23.779s] writing dependency_links to dcf_tools.egg-info/dependency_links.txt
[23.780s] writing entry points to dcf_tools.egg-info/entry_points.txt
[23.780s] writing requirements to dcf_tools.egg-info/requires.txt
[23.780s] writing top-level names to dcf_tools.egg-info/top_level.txt
[23.785s] reading manifest file 'dcf_tools.egg-info/SOURCES.txt'
[23.786s] writing manifest file 'dcf_tools.egg-info/SOURCES.txt'
[23.786s] running build
[23.786s] running build_py
[23.788s] running install
[23.789s] running install_lib
[23.792s] running install_egg_info
[23.795s] removing '/home/vboxuser/agv_ws/install/lely_core_libraries/lib/python3.10/site-packages/dcf_tools-2.3.2-py3.10.egg-info' (and everything under it)
[23.796s] Copying dcf_tools.egg-info to /home/vboxuser/agv_ws/install/lely_core_libraries/lib/python3.10/site-packages/dcf_tools-2.3.2-py3.10.egg-info
[23.797s] running install_scripts
[23.836s] Installing dcf2dev script to /home/vboxuser/agv_ws/install/lely_core_libraries/bin/
[23.837s] Installing dcfchk script to /home/vboxuser/agv_ws/install/lely_core_libraries/bin/
[23.837s] Installing dcfgen script to /home/vboxuser/agv_ws/install/lely_core_libraries/bin/
[23.838s] writing list of installed files to 'install.log'
[23.869s] gmake[3]: Nothing to be done for 'install-data-am'.
[23.869s] gmake[3]: Leaving directory '/home/vboxuser/agv_ws/build/lely_core_libraries/build/python/dcf-tools'
[23.869s] gmake[2]: Leaving directory '/home/vboxuser/agv_ws/build/lely_core_libraries/build/python/dcf-tools'
[23.872s] gmake[2]: Entering directory '/home/vboxuser/agv_ws/build/lely_core_libraries/build/python'
[23.876s] gmake[3]: Entering directory '/home/vboxuser/agv_ws/build/lely_core_libraries/build/python'
[23.876s] gmake[3]: Nothing to be done for 'install-exec-am'.
[23.876s] gmake[3]: Nothing to be done for 'install-data-am'.
[23.876s] gmake[3]: Leaving directory '/home/vboxuser/agv_ws/build/lely_core_libraries/build/python'
[23.877s] gmake[2]: Leaving directory '/home/vboxuser/agv_ws/build/lely_core_libraries/build/python'
[23.877s] gmake[1]: Leaving directory '/home/vboxuser/agv_ws/build/lely_core_libraries/build/python'
[23.877s] Making install in pkgconfig
[23.880s] gmake[1]: Entering directory '/home/vboxuser/agv_ws/build/lely_core_libraries/build/pkgconfig'
[23.884s] gmake[2]: Entering directory '/home/vboxuser/agv_ws/build/lely_core_libraries/build/pkgconfig'
[23.885s] gmake[2]: Nothing to be done for 'install-exec-am'.
[23.886s]  /usr/bin/mkdir -p '/home/vboxuser/agv_ws/install/lely_core_libraries/lib/pkgconfig'
[23.890s]  /usr/bin/install -c -m 644 liblely-can.pc liblely-co.pc liblely-coapp.pc liblely-ev.pc liblely-io.pc liblely-io2.pc liblely-libc.pc liblely-libc_rt.pc liblely-tap.pc liblely-util.pc '/home/vboxuser/agv_ws/install/lely_core_libraries/lib/pkgconfig'
[23.893s] gmake[2]: Leaving directory '/home/vboxuser/agv_ws/build/lely_core_libraries/build/pkgconfig'
[23.893s] gmake[1]: Leaving directory '/home/vboxuser/agv_ws/build/lely_core_libraries/build/pkgconfig'
[23.897s] gmake[1]: Entering directory '/home/vboxuser/agv_ws/build/lely_core_libraries/build'
[23.909s] gmake[2]: Entering directory '/home/vboxuser/agv_ws/build/lely_core_libraries/build'
[23.909s] gmake[2]: Nothing to be done for 'install-exec-am'.
[23.910s] gmake[2]: Nothing to be done for 'install-data-am'.
[23.910s] gmake[2]: Leaving directory '/home/vboxuser/agv_ws/build/lely_core_libraries/build'
[23.910s] gmake[1]: Leaving directory '/home/vboxuser/agv_ws/build/lely_core_libraries/build'
[23.911s] -- Up-to-date: /home/vboxuser/agv_ws/install/lely_core_libraries/share/lely_core_libraries/cmake
[23.911s] -- Up-to-date: /home/vboxuser/agv_ws/install/lely_core_libraries/share/lely_core_libraries/cmake/lely_core_libraries-extras.cmake
[23.911s] -- Up-to-date: /home/vboxuser/agv_ws/install/lely_core_libraries/share/lely_core_libraries/environment/pythonpath.sh
[23.911s] -- Up-to-date: /home/vboxuser/agv_ws/install/lely_core_libraries/share/lely_core_libraries/environment/pythonpath.dsv
[23.911s] -- Up-to-date: /home/vboxuser/agv_ws/install/lely_core_libraries/local/lib/python3.10/dist-packages/cogen-0.2.8-py3.10.egg-info
[23.911s] -- Installing: /home/vboxuser/agv_ws/install/lely_core_libraries/local/lib/python3.10/dist-packages/cogen-0.2.8-py3.10.egg-info/entry_points.txt
[23.912s] -- Installing: /home/vboxuser/agv_ws/install/lely_core_libraries/local/lib/python3.10/dist-packages/cogen-0.2.8-py3.10.egg-info/SOURCES.txt
[23.912s] -- Installing: /home/vboxuser/agv_ws/install/lely_core_libraries/local/lib/python3.10/dist-packages/cogen-0.2.8-py3.10.egg-info/dependency_links.txt
[23.912s] -- Installing: /home/vboxuser/agv_ws/install/lely_core_libraries/local/lib/python3.10/dist-packages/cogen-0.2.8-py3.10.egg-info/PKG-INFO
[23.912s] -- Installing: /home/vboxuser/agv_ws/install/lely_core_libraries/local/lib/python3.10/dist-packages/cogen-0.2.8-py3.10.egg-info/top_level.txt
[23.912s] -- Up-to-date: /home/vboxuser/agv_ws/install/lely_core_libraries/lib/cogen/
[23.912s] -- Installing: /home/vboxuser/agv_ws/install/lely_core_libraries/lib/cogen//cogen
[23.913s] -- Up-to-date: /home/vboxuser/agv_ws/install/lely_core_libraries/local/lib/python3.10/dist-packages/cogen
[23.913s] -- Up-to-date: /home/vboxuser/agv_ws/install/lely_core_libraries/local/lib/python3.10/dist-packages/cogen/cogen.py
[23.913s] -- Up-to-date: /home/vboxuser/agv_ws/install/lely_core_libraries/local/lib/python3.10/dist-packages/cogen/__init__.py
[23.963s] Listing '/home/vboxuser/agv_ws/install/lely_core_libraries/local/lib/python3.10/dist-packages/cogen'...
[23.968s] -- Up-to-date: /home/vboxuser/agv_ws/install/lely_core_libraries/bin/
[23.969s] -- Installing: /home/vboxuser/agv_ws/install/lely_core_libraries/bin//cogen
[23.969s] -- Up-to-date: /home/vboxuser/agv_ws/install/lely_core_libraries/share/lely_core_libraries/environment/library_path.sh
[23.969s] -- Up-to-date: /home/vboxuser/agv_ws/install/lely_core_libraries/share/lely_core_libraries/environment/library_path.dsv
[23.969s] -- Up-to-date: /home/vboxuser/agv_ws/install/lely_core_libraries/share/ament_index/resource_index/package_run_dependencies/lely_core_libraries
[23.970s] -- Up-to-date: /home/vboxuser/agv_ws/install/lely_core_libraries/share/ament_index/resource_index/parent_prefix_path/lely_core_libraries
[23.970s] -- Up-to-date: /home/vboxuser/agv_ws/install/lely_core_libraries/share/lely_core_libraries/environment/ament_prefix_path.sh
[23.970s] -- Up-to-date: /home/vboxuser/agv_ws/install/lely_core_libraries/share/lely_core_libraries/environment/ament_prefix_path.dsv
[23.970s] -- Up-to-date: /home/vboxuser/agv_ws/install/lely_core_libraries/share/lely_core_libraries/environment/path.sh
[23.970s] -- Up-to-date: /home/vboxuser/agv_ws/install/lely_core_libraries/share/lely_core_libraries/environment/path.dsv
[23.971s] -- Up-to-date: /home/vboxuser/agv_ws/install/lely_core_libraries/share/lely_core_libraries/local_setup.bash
[23.971s] -- Up-to-date: /home/vboxuser/agv_ws/install/lely_core_libraries/share/lely_core_libraries/local_setup.sh
[23.971s] -- Up-to-date: /home/vboxuser/agv_ws/install/lely_core_libraries/share/lely_core_libraries/local_setup.zsh
[23.971s] -- Up-to-date: /home/vboxuser/agv_ws/install/lely_core_libraries/share/lely_core_libraries/local_setup.dsv
[23.971s] -- Installing: /home/vboxuser/agv_ws/install/lely_core_libraries/share/lely_core_libraries/package.dsv
[23.975s] -- Up-to-date: /home/vboxuser/agv_ws/install/lely_core_libraries/share/ament_index/resource_index/packages/lely_core_libraries
[23.975s] -- Up-to-date: /home/vboxuser/agv_ws/install/lely_core_libraries/share/lely_core_libraries/cmake/lely_core_libraries-extras.cmake
[23.975s] -- Up-to-date: /home/vboxuser/agv_ws/install/lely_core_libraries/share/lely_core_libraries/cmake/ament_cmake_export_include_directories-extras.cmake
[23.976s] -- Up-to-date: /home/vboxuser/agv_ws/install/lely_core_libraries/share/lely_core_libraries/cmake/ament_cmake_export_libraries-extras.cmake
[23.976s] -- Up-to-date: /home/vboxuser/agv_ws/install/lely_core_libraries/share/lely_core_libraries/cmake/lely_core_librariesConfig.cmake
[23.976s] -- Up-to-date: /home/vboxuser/agv_ws/install/lely_core_libraries/share/lely_core_libraries/cmake/lely_core_librariesConfig-version.cmake
[23.976s] -- Up-to-date: /home/vboxuser/agv_ws/install/lely_core_libraries/share/lely_core_libraries/package.xml
[23.979s] Invoked command in '/home/vboxuser/agv_ws/build/lely_core_libraries' returned '0': CMAKE_PREFIX_PATH=${CMAKE_PREFIX_PATH}:/home/vboxuser/bumperbot_ws/install/bumperbot_py_examples:/home/vboxuser/ros2_ws/install/my_py_pkg:/opt/ros/humble /usr/bin/cmake --install /home/vboxuser/agv_ws/build/lely_core_libraries
