-- Found ament_cmake: 1.3.6 (/opt/ros/humble/share/ament_cmake/cmake)
-- Found canopen_interfaces: 0.2.7 (/home/vboxuser/agv_ws/install/canopen_interfaces/share/canopen_interfaces/cmake)
-- Found rosidl_generator_c: 3.1.5 (/opt/ros/humble/share/rosidl_generator_c/cmake)
-- Found rosidl_adapter: 3.1.5 (/opt/ros/humble/share/rosidl_adapter/cmake)
-- Found rosidl_generator_cpp: 3.1.5 (/opt/ros/humble/share/rosidl_generator_cpp/cmake)
-- Using all available rosidl_typesupport_c: rosidl_typesupport_fastrtps_c;rosidl_typesupport_introspection_c
-- Using all available rosidl_typesupport_cpp: rosidl_typesupport_fastrtps_cpp;rosidl_typesupport_introspection_cpp
-- Found lely_core_libraries: 0.2.7 (/home/vboxuser/agv_ws/install/lely_core_libraries/share/lely_core_libraries/cmake)
-- Found lifecycle_msgs: 1.2.1 (/opt/ros/humble/share/lifecycle_msgs/cmake)
-- Found rclcpp: 16.0.7 (/opt/ros/humble/share/rclcpp/cmake)
-- Found rmw_implementation_cmake: 6.1.1 (/opt/ros/humble/share/rmw_implementation_cmake/cmake)
-- Found rmw_fastrtps_cpp: 6.2.5 (/opt/ros/humble/share/rmw_fastrtps_cpp/cmake)
-- Using RMW implementation 'rmw_fastrtps_cpp' as default
-- Found rclcpp_components: 16.0.7 (/opt/ros/humble/share/rclcpp_components/cmake)
-- Found rclcpp_lifecycle: 16.0.7 (/opt/ros/humble/share/rclcpp_lifecycle/cmake)
-- Found yaml_cpp_vendor: 8.0.2 (/opt/ros/humble/share/yaml_cpp_vendor/cmake)
-- Found ament_cmake_gtest: 1.3.6 (/opt/ros/humble/share/ament_cmake_gtest/cmake)
-- Found ament_cmake_gmock: 1.3.6 (/opt/ros/humble/share/ament_cmake_gmock/cmake)
-- Found gmock sources under '/opt/ros/humble/src/gmock_vendor': C++ tests using 'Google Mock' will be built
-- Found gtest sources under '/opt/ros/humble/src/gtest_vendor': C++ tests using 'Google Test' will be built
-- Configuring done
-- Generating done
-- Build files have been written to: /home/vboxuser/agv_ws/build/canopen_core
[35m[1mConsolidate compiler generated dependencies of target node_canopen_driver[0m
[  2%] [32mBuilding CXX object CMakeFiles/node_canopen_driver.dir/src/node_interfaces/node_canopen_driver.cpp.o[0m
[  5%] [32mBuilding CXX object CMakeFiles/node_canopen_driver.dir/src/driver_error.cpp.o[0m
[  8%] [32mBuilding CXX object CMakeFiles/node_canopen_driver.dir/src/driver_node.cpp.o[0m
[ 11%] [32m[1mLinking CXX shared library libnode_canopen_driver.so[0m
[ 11%] Built target node_canopen_driver
[35m[1mConsolidate compiler generated dependencies of target gmock[0m
[ 19%] Built target gmock
[35m[1mConsolidate compiler generated dependencies of target gmock_main[0m
[ 25%] Built target gmock_main
[35m[1mConsolidate compiler generated dependencies of target node_canopen_master[0m
[ 27%] [32mBuilding CXX object CMakeFiles/node_canopen_master.dir/src/node_interfaces/node_canopen_master.cpp.o[0m
[ 30%] [32mBuilding CXX object CMakeFiles/node_canopen_master.dir/src/master_error.cpp.o[0m
[ 33%] [32mBuilding CXX object CMakeFiles/node_canopen_master.dir/src/master_node.cpp.o[0m
[ 36%] [32m[1mLinking CXX shared library libnode_canopen_master.so[0m
[ 36%] Built target node_canopen_master
[35m[1mConsolidate compiler generated dependencies of target test_lifecycle_canopen_driver[0m
[ 38%] [32mBuilding CXX object test/CMakeFiles/test_lifecycle_canopen_driver.dir/test_lifecycle_canopen_driver.cpp.o[0m
[ 41%] [32m[1mLinking CXX executable test_lifecycle_canopen_driver[0m
[ 41%] Built target test_lifecycle_canopen_driver
[35m[1mConsolidate compiler generated dependencies of target device_container[0m
[ 44%] [32mBuilding CXX object CMakeFiles/device_container.dir/src/device_container.cpp.o[0m
[ 47%] [32mBuilding CXX object CMakeFiles/device_container.dir/src/configuration_manager.cpp.o[0m
[ 50%] [32mBuilding CXX object CMakeFiles/device_container.dir/src/device_container_error.cpp.o[0m
[ 52%] [32mBuilding CXX object CMakeFiles/device_container.dir/src/lifecycle_manager.cpp.o[0m
[ 55%] [32m[1mLinking CXX shared library libdevice_container.so[0m
[ 55%] Built target device_container
[35m[1mConsolidate compiler generated dependencies of target test_node_canopen_master[0m
[ 58%] [32mBuilding CXX object test/CMakeFiles/test_node_canopen_master.dir/test_node_canopen_master.cpp.o[0m
[ 61%] [32m[1mLinking CXX executable test_node_canopen_master[0m
[ 61%] Built target test_node_canopen_master
[35m[1mConsolidate compiler generated dependencies of target test_canopen_master[0m
[ 63%] [32mBuilding CXX object test/CMakeFiles/test_canopen_master.dir/test_canopen_master.cpp.o[0m
[ 66%] [32m[1mLinking CXX executable test_canopen_master[0m
[ 66%] Built target test_canopen_master
[35m[1mConsolidate compiler generated dependencies of target test_lifecycle_canopen_master[0m
[ 69%] [32mBuilding CXX object test/CMakeFiles/test_lifecycle_canopen_master.dir/test_lifecycle_canopen_master.cpp.o[0m
[ 72%] [32m[1mLinking CXX executable test_lifecycle_canopen_master[0m
[ 72%] Built target test_lifecycle_canopen_master
[35m[1mConsolidate compiler generated dependencies of target test_lifecycle_manager[0m
[ 75%] [32mBuilding CXX object test/CMakeFiles/test_lifecycle_manager.dir/test_lifecycle_manager.cpp.o[0m
[ 77%] [32m[1mLinking CXX executable test_lifecycle_manager[0m
[ 77%] Built target test_lifecycle_manager
[35m[1mConsolidate compiler generated dependencies of target test_errors[0m
[ 80%] [32mBuilding CXX object test/CMakeFiles/test_errors.dir/test_errors.cpp.o[0m
[ 83%] [32m[1mLinking CXX executable test_errors[0m
[ 83%] Built target test_errors
[35m[1mConsolidate compiler generated dependencies of target device_container_node[0m
[ 86%] [32mBuilding CXX object CMakeFiles/device_container_node.dir/src/device_container_node.cpp.o[0m
[ 88%] [32m[1mLinking CXX executable device_container_node[0m
[ 88%] Built target device_container_node
[35m[1mConsolidate compiler generated dependencies of target test_canopen_driver[0m
[ 91%] [32mBuilding CXX object test/CMakeFiles/test_canopen_driver.dir/test_canopen_driver.cpp.o[0m
[ 94%] [32m[1mLinking CXX executable test_canopen_driver[0m
[ 94%] Built target test_canopen_driver
[35m[1mConsolidate compiler generated dependencies of target test_node_canopen_driver[0m
[ 97%] [32mBuilding CXX object test/CMakeFiles/test_node_canopen_driver.dir/test_node_canopen_driver.cpp.o[0m
[100%] [32m[1mLinking CXX executable test_node_canopen_driver[0m
[100%] Built target test_node_canopen_driver
-- Install configuration: ""
-- Up-to-date: /home/vboxuser/agv_ws/install/canopen_core/include
-- Up-to-date: /home/vboxuser/agv_ws/install/canopen_core/include/canopen_core
-- Installing: /home/vboxuser/agv_ws/install/canopen_core/include/canopen_core/device_container.hpp
-- Installing: /home/vboxuser/agv_ws/install/canopen_core/include/canopen_core/visibility_control.h
-- Installing: /home/vboxuser/agv_ws/install/canopen_core/include/canopen_core/lifecycle_manager.hpp
-- Installing: /home/vboxuser/agv_ws/install/canopen_core/include/canopen_core/device_container_error.hpp
-- Installing: /home/vboxuser/agv_ws/install/canopen_core/include/canopen_core/master_error.hpp
-- Installing: /home/vboxuser/agv_ws/install/canopen_core/include/canopen_core/exchange.hpp
-- Up-to-date: /home/vboxuser/agv_ws/install/canopen_core/include/canopen_core/node_interfaces
-- Installing: /home/vboxuser/agv_ws/install/canopen_core/include/canopen_core/node_interfaces/node_canopen_driver.hpp
-- Installing: /home/vboxuser/agv_ws/install/canopen_core/include/canopen_core/node_interfaces/node_canopen_master.hpp
-- Installing: /home/vboxuser/agv_ws/install/canopen_core/include/canopen_core/node_interfaces/node_canopen_driver_interface.hpp
-- Installing: /home/vboxuser/agv_ws/install/canopen_core/include/canopen_core/node_interfaces/node_canopen_master_interface.hpp
-- Installing: /home/vboxuser/agv_ws/install/canopen_core/include/canopen_core/configuration_manager.hpp
-- Installing: /home/vboxuser/agv_ws/install/canopen_core/include/canopen_core/driver_error.hpp
-- Installing: /home/vboxuser/agv_ws/install/canopen_core/include/canopen_core/driver_node.hpp
-- Installing: /home/vboxuser/agv_ws/install/canopen_core/include/canopen_core/master_node.hpp
-- Up-to-date: /home/vboxuser/agv_ws/install/canopen_core/share/canopen_core/launch/
-- Installing: /home/vboxuser/agv_ws/install/canopen_core/share/canopen_core/launch//canopen.launch.py
-- Installing: /home/vboxuser/agv_ws/install/canopen_core/lib/libnode_canopen_driver.so
-- Set runtime path of "/home/vboxuser/agv_ws/install/canopen_core/lib/libnode_canopen_driver.so" to ""
-- Installing: /home/vboxuser/agv_ws/install/canopen_core/lib/libnode_canopen_master.so
-- Set runtime path of "/home/vboxuser/agv_ws/install/canopen_core/lib/libnode_canopen_master.so" to ""
-- Installing: /home/vboxuser/agv_ws/install/canopen_core/lib/libdevice_container.so
-- Set runtime path of "/home/vboxuser/agv_ws/install/canopen_core/lib/libdevice_container.so" to ""
-- Installing: /home/vboxuser/agv_ws/install/canopen_core/lib/canopen_core/device_container_node
-- Set runtime path of "/home/vboxuser/agv_ws/install/canopen_core/lib/canopen_core/device_container_node" to ""
-- Up-to-date: /home/vboxuser/agv_ws/install/canopen_core/share/canopen_core/environment/library_path.sh
-- Installing: /home/vboxuser/agv_ws/install/canopen_core/share/canopen_core/environment/library_path.dsv
-- Up-to-date: /home/vboxuser/agv_ws/install/canopen_core/share/ament_index/resource_index/package_run_dependencies/canopen_core
-- Installing: /home/vboxuser/agv_ws/install/canopen_core/share/ament_index/resource_index/parent_prefix_path/canopen_core
-- Up-to-date: /home/vboxuser/agv_ws/install/canopen_core/share/canopen_core/environment/ament_prefix_path.sh
-- Installing: /home/vboxuser/agv_ws/install/canopen_core/share/canopen_core/environment/ament_prefix_path.dsv
-- Up-to-date: /home/vboxuser/agv_ws/install/canopen_core/share/canopen_core/environment/path.sh
-- Installing: /home/vboxuser/agv_ws/install/canopen_core/share/canopen_core/environment/path.dsv
-- Up-to-date: /home/vboxuser/agv_ws/install/canopen_core/share/canopen_core/local_setup.bash
-- Up-to-date: /home/vboxuser/agv_ws/install/canopen_core/share/canopen_core/local_setup.sh
-- Up-to-date: /home/vboxuser/agv_ws/install/canopen_core/share/canopen_core/local_setup.zsh
-- Installing: /home/vboxuser/agv_ws/install/canopen_core/share/canopen_core/local_setup.dsv
-- Installing: /home/vboxuser/agv_ws/install/canopen_core/share/canopen_core/package.dsv
-- Up-to-date: /home/vboxuser/agv_ws/install/canopen_core/share/ament_index/resource_index/packages/canopen_core
-- Up-to-date: /home/vboxuser/agv_ws/install/canopen_core/share/canopen_core/cmake/export_canopen_coreExport.cmake
-- Up-to-date: /home/vboxuser/agv_ws/install/canopen_core/share/canopen_core/cmake/export_canopen_coreExport-noconfig.cmake
-- Installing: /home/vboxuser/agv_ws/install/canopen_core/share/canopen_core/cmake/ConfigExtras.cmake
-- Up-to-date: /home/vboxuser/agv_ws/install/canopen_core/share/canopen_core/cmake/ament_cmake_export_include_directories-extras.cmake
-- Up-to-date: /home/vboxuser/agv_ws/install/canopen_core/share/canopen_core/cmake/ament_cmake_export_libraries-extras.cmake
-- Up-to-date: /home/vboxuser/agv_ws/install/canopen_core/share/canopen_core/cmake/ament_cmake_export_targets-extras.cmake
-- Up-to-date: /home/vboxuser/agv_ws/install/canopen_core/share/canopen_core/cmake/ament_cmake_export_dependencies-extras.cmake
-- Up-to-date: /home/vboxuser/agv_ws/install/canopen_core/share/canopen_core/cmake/canopen_coreConfig.cmake
-- Up-to-date: /home/vboxuser/agv_ws/install/canopen_core/share/canopen_core/cmake/canopen_coreConfig-version.cmake
-- Installing: /home/vboxuser/agv_ws/install/canopen_core/share/canopen_core/package.xml
