[0.802s] Invoking command in '/home/vboxuser/agv_ws/build/canopen_interfaces': CMAKE_PREFIX_PATH=${CMAKE_PREFIX_PATH}:/home/vboxuser/agv_ws/install/canopen_utils:/home/vboxuser/agv_ws/install/agv_py_functions:/home/vboxuser/bumperbot_ws/install/bumperbot_py_examples:/home/vboxuser/ros2_ws/install/my_py_pkg:/opt/ros/humble /usr/bin/cmake --build /home/vboxuser/agv_ws/build/canopen_interfaces -- -j4 -l4
[0.993s] [  1%] Built target canopen_interfaces__cpp
[1.013s] [ 12%] Built target canopen_interfaces__rosidl_generator_c
[1.074s] [ 12%] Built target ament_cmake_python_copy_canopen_interfaces
[1.109s] [ 24%] Built target canopen_interfaces__rosidl_typesupport_cpp
[1.148s] [ 35%] Built target canopen_interfaces__rosidl_typesupport_introspection_cpp
[1.185s] [ 47%] Built target canopen_interfaces__rosidl_typesupport_fastrtps_cpp
[1.264s] [ 58%] Built target canopen_interfaces__rosidl_typesupport_fastrtps_c
[1.288s] [ 70%] Built target canopen_interfaces__rosidl_typesupport_introspection_c
[1.294s] [ 82%] Built target canopen_interfaces__rosidl_typesupport_c
[1.413s] [ 82%] Built target canopen_interfaces
[1.460s] [ 83%] Built target canopen_interfaces__py
[1.519s] [ 93%] Built target canopen_interfaces__rosidl_generator_py
[1.605s] [ 95%] Built target canopen_interfaces__rosidl_typesupport_fastrtps_c__pyext
[1.619s] [ 97%] Built target canopen_interfaces__rosidl_typesupport_introspection_c__pyext
[1.637s] [100%] Built target canopen_interfaces__rosidl_typesupport_c__pyext
[1.974s] running egg_info
[1.975s] writing canopen_interfaces.egg-info/PKG-INFO
[1.976s] writing dependency_links to canopen_interfaces.egg-info/dependency_links.txt
[1.976s] writing top-level names to canopen_interfaces.egg-info/top_level.txt
[1.982s] reading manifest file 'canopen_interfaces.egg-info/SOURCES.txt'
[1.983s] writing manifest file 'canopen_interfaces.egg-info/SOURCES.txt'
[2.024s] [100%] Built target ament_cmake_python_build_canopen_interfaces_egg
[2.125s] Invoked command in '/home/vboxuser/agv_ws/build/canopen_interfaces' returned '0': CMAKE_PREFIX_PATH=${CMAKE_PREFIX_PATH}:/home/vboxuser/agv_ws/install/canopen_utils:/home/vboxuser/agv_ws/install/agv_py_functions:/home/vboxuser/bumperbot_ws/install/bumperbot_py_examples:/home/vboxuser/ros2_ws/install/my_py_pkg:/opt/ros/humble /usr/bin/cmake --build /home/vboxuser/agv_ws/build/canopen_interfaces -- -j4 -l4
[2.666s] Invoking command in '/home/vboxuser/agv_ws/build/canopen_interfaces': CMAKE_PREFIX_PATH=${CMAKE_PREFIX_PATH}:/home/vboxuser/agv_ws/install/canopen_utils:/home/vboxuser/agv_ws/install/agv_py_functions:/home/vboxuser/bumperbot_ws/install/bumperbot_py_examples:/home/vboxuser/ros2_ws/install/my_py_pkg:/opt/ros/humble /usr/bin/cmake --install /home/vboxuser/agv_ws/build/canopen_interfaces
[2.693s] -- Install configuration: ""
[2.694s] -- Up-to-date: /home/vboxuser/agv_ws/install/canopen_interfaces/share/ament_index/resource_index/rosidl_interfaces/canopen_interfaces
[2.695s] -- Up-to-date: /home/vboxuser/agv_ws/install/canopen_interfaces/include/canopen_interfaces/canopen_interfaces
[2.695s] -- Up-to-date: /home/vboxuser/agv_ws/install/canopen_interfaces/include/canopen_interfaces/canopen_interfaces/srv
[2.695s] -- Up-to-date: /home/vboxuser/agv_ws/install/canopen_interfaces/include/canopen_interfaces/canopen_interfaces/srv/co_read_id.h
[2.696s] -- Up-to-date: /home/vboxuser/agv_ws/install/canopen_interfaces/include/canopen_interfaces/canopen_interfaces/srv/co_write_id.h
[2.696s] -- Up-to-date: /home/vboxuser/agv_ws/install/canopen_interfaces/include/canopen_interfaces/canopen_interfaces/srv/co_read.h
[2.697s] -- Up-to-date: /home/vboxuser/agv_ws/install/canopen_interfaces/include/canopen_interfaces/canopen_interfaces/srv/co_write.h
[2.697s] -- Up-to-date: /home/vboxuser/agv_ws/install/canopen_interfaces/include/canopen_interfaces/canopen_interfaces/srv/co_heartbeat_id.h
[2.697s] -- Up-to-date: /home/vboxuser/agv_ws/install/canopen_interfaces/include/canopen_interfaces/canopen_interfaces/srv/co_target_double.h
[2.698s] -- Up-to-date: /home/vboxuser/agv_ws/install/canopen_interfaces/include/canopen_interfaces/canopen_interfaces/srv/co_node.h
[2.698s] -- Up-to-date: /home/vboxuser/agv_ws/install/canopen_interfaces/include/canopen_interfaces/canopen_interfaces/srv/detail
[2.699s] -- Up-to-date: /home/vboxuser/agv_ws/install/canopen_interfaces/include/canopen_interfaces/canopen_interfaces/srv/detail/co_node__struct.h
[2.699s] -- Up-to-date: /home/vboxuser/agv_ws/install/canopen_interfaces/include/canopen_interfaces/canopen_interfaces/srv/detail/co_target_double__struct.h
[2.699s] -- Up-to-date: /home/vboxuser/agv_ws/install/canopen_interfaces/include/canopen_interfaces/canopen_interfaces/srv/detail/co_heartbeat_id__type_support.h
[2.699s] -- Up-to-date: /home/vboxuser/agv_ws/install/canopen_interfaces/include/canopen_interfaces/canopen_interfaces/srv/detail/co_node__type_support.h
[2.699s] -- Up-to-date: /home/vboxuser/agv_ws/install/canopen_interfaces/include/canopen_interfaces/canopen_interfaces/srv/detail/co_write_id__functions.c
[2.700s] -- Up-to-date: /home/vboxuser/agv_ws/install/canopen_interfaces/include/canopen_interfaces/canopen_interfaces/srv/detail/co_heartbeat_id__functions.h
[2.700s] -- Up-to-date: /home/vboxuser/agv_ws/install/canopen_interfaces/include/canopen_interfaces/canopen_interfaces/srv/detail/co_write_id__functions.h
[2.700s] -- Up-to-date: /home/vboxuser/agv_ws/install/canopen_interfaces/include/canopen_interfaces/canopen_interfaces/srv/detail/co_write_id__type_support.h
[2.701s] -- Up-to-date: /home/vboxuser/agv_ws/install/canopen_interfaces/include/canopen_interfaces/canopen_interfaces/srv/detail/co_heartbeat_id__struct.h
[2.701s] -- Up-to-date: /home/vboxuser/agv_ws/install/canopen_interfaces/include/canopen_interfaces/canopen_interfaces/srv/detail/co_read_id__struct.h
[2.701s] -- Up-to-date: /home/vboxuser/agv_ws/install/canopen_interfaces/include/canopen_interfaces/canopen_interfaces/srv/detail/co_write__struct.h
[2.702s] -- Up-to-date: /home/vboxuser/agv_ws/install/canopen_interfaces/include/canopen_interfaces/canopen_interfaces/srv/detail/co_nmt_id__functions.h
[2.702s] -- Up-to-date: /home/vboxuser/agv_ws/install/canopen_interfaces/include/canopen_interfaces/canopen_interfaces/srv/detail/co_target_double__functions.h
[2.703s] -- Up-to-date: /home/vboxuser/agv_ws/install/canopen_interfaces/include/canopen_interfaces/canopen_interfaces/srv/detail/co_read_id__functions.h
[2.703s] -- Up-to-date: /home/vboxuser/agv_ws/install/canopen_interfaces/include/canopen_interfaces/canopen_interfaces/srv/detail/co_write__functions.h
[2.703s] -- Up-to-date: /home/vboxuser/agv_ws/install/canopen_interfaces/include/canopen_interfaces/canopen_interfaces/srv/detail/co_target_double__functions.c
[2.703s] -- Up-to-date: /home/vboxuser/agv_ws/install/canopen_interfaces/include/canopen_interfaces/canopen_interfaces/srv/detail/co_read__type_support.h
[2.703s] -- Up-to-date: /home/vboxuser/agv_ws/install/canopen_interfaces/include/canopen_interfaces/canopen_interfaces/srv/detail/co_write__type_support.h
[2.703s] -- Up-to-date: /home/vboxuser/agv_ws/install/canopen_interfaces/include/canopen_interfaces/canopen_interfaces/srv/detail/co_read__struct.h
[2.704s] -- Up-to-date: /home/vboxuser/agv_ws/install/canopen_interfaces/include/canopen_interfaces/canopen_interfaces/srv/detail/co_nmt_id__struct.h
[2.704s] -- Up-to-date: /home/vboxuser/agv_ws/install/canopen_interfaces/include/canopen_interfaces/canopen_interfaces/srv/detail/co_read_id__type_support.h
[2.704s] -- Up-to-date: /home/vboxuser/agv_ws/install/canopen_interfaces/include/canopen_interfaces/canopen_interfaces/srv/detail/co_nmt_id__functions.c
[2.704s] -- Up-to-date: /home/vboxuser/agv_ws/install/canopen_interfaces/include/canopen_interfaces/canopen_interfaces/srv/detail/co_read_id__functions.c
[2.704s] -- Up-to-date: /home/vboxuser/agv_ws/install/canopen_interfaces/include/canopen_interfaces/canopen_interfaces/srv/detail/co_nmt_id__type_support.h
[2.705s] -- Up-to-date: /home/vboxuser/agv_ws/install/canopen_interfaces/include/canopen_interfaces/canopen_interfaces/srv/detail/co_read__functions.h
[2.705s] -- Up-to-date: /home/vboxuser/agv_ws/install/canopen_interfaces/include/canopen_interfaces/canopen_interfaces/srv/detail/co_write__functions.c
[2.705s] -- Up-to-date: /home/vboxuser/agv_ws/install/canopen_interfaces/include/canopen_interfaces/canopen_interfaces/srv/detail/co_read__functions.c
[2.706s] -- Up-to-date: /home/vboxuser/agv_ws/install/canopen_interfaces/include/canopen_interfaces/canopen_interfaces/srv/detail/co_write_id__struct.h
[2.706s] -- Up-to-date: /home/vboxuser/agv_ws/install/canopen_interfaces/include/canopen_interfaces/canopen_interfaces/srv/detail/co_heartbeat_id__functions.c
[2.706s] -- Up-to-date: /home/vboxuser/agv_ws/install/canopen_interfaces/include/canopen_interfaces/canopen_interfaces/srv/detail/co_node__functions.c
[2.707s] -- Up-to-date: /home/vboxuser/agv_ws/install/canopen_interfaces/include/canopen_interfaces/canopen_interfaces/srv/detail/co_node__functions.h
[2.707s] -- Up-to-date: /home/vboxuser/agv_ws/install/canopen_interfaces/include/canopen_interfaces/canopen_interfaces/srv/detail/co_target_double__type_support.h
[2.707s] -- Up-to-date: /home/vboxuser/agv_ws/install/canopen_interfaces/include/canopen_interfaces/canopen_interfaces/srv/co_nmt_id.h
[2.707s] -- Up-to-date: /home/vboxuser/agv_ws/install/canopen_interfaces/include/canopen_interfaces/canopen_interfaces/msg
[2.707s] -- Up-to-date: /home/vboxuser/agv_ws/install/canopen_interfaces/include/canopen_interfaces/canopen_interfaces/msg/rosidl_generator_c__visibility_control.h
[2.709s] -- Up-to-date: /home/vboxuser/agv_ws/install/canopen_interfaces/include/canopen_interfaces/canopen_interfaces/msg/detail
[2.709s] -- Up-to-date: /home/vboxuser/agv_ws/install/canopen_interfaces/include/canopen_interfaces/canopen_interfaces/msg/detail/co_data__functions.h
[2.712s] -- Up-to-date: /home/vboxuser/agv_ws/install/canopen_interfaces/include/canopen_interfaces/canopen_interfaces/msg/detail/co_data__functions.c
[2.713s] -- Up-to-date: /home/vboxuser/agv_ws/install/canopen_interfaces/include/canopen_interfaces/canopen_interfaces/msg/detail/co_data__type_support.h
[2.713s] -- Up-to-date: /home/vboxuser/agv_ws/install/canopen_interfaces/include/canopen_interfaces/canopen_interfaces/msg/detail/co_data__struct.h
[2.713s] -- Up-to-date: /home/vboxuser/agv_ws/install/canopen_interfaces/include/canopen_interfaces/canopen_interfaces/msg/co_data.h
[2.713s] -- Up-to-date: /home/vboxuser/agv_ws/install/canopen_interfaces/share/canopen_interfaces/environment/library_path.sh
[2.713s] -- Up-to-date: /home/vboxuser/agv_ws/install/canopen_interfaces/share/canopen_interfaces/environment/library_path.dsv
[2.714s] -- Up-to-date: /home/vboxuser/agv_ws/install/canopen_interfaces/lib/libcanopen_interfaces__rosidl_generator_c.so
[2.714s] -- Up-to-date: /home/vboxuser/agv_ws/install/canopen_interfaces/include/canopen_interfaces/canopen_interfaces
[2.714s] -- Up-to-date: /home/vboxuser/agv_ws/install/canopen_interfaces/include/canopen_interfaces/canopen_interfaces/srv
[2.714s] -- Up-to-date: /home/vboxuser/agv_ws/install/canopen_interfaces/include/canopen_interfaces/canopen_interfaces/srv/detail
[2.714s] -- Up-to-date: /home/vboxuser/agv_ws/install/canopen_interfaces/include/canopen_interfaces/canopen_interfaces/srv/detail/co_nmt_id__rosidl_typesupport_fastrtps_c.h
[2.715s] -- Up-to-date: /home/vboxuser/agv_ws/install/canopen_interfaces/include/canopen_interfaces/canopen_interfaces/srv/detail/co_node__rosidl_typesupport_fastrtps_c.h
[2.715s] -- Up-to-date: /home/vboxuser/agv_ws/install/canopen_interfaces/include/canopen_interfaces/canopen_interfaces/srv/detail/co_write__rosidl_typesupport_fastrtps_c.h
[2.716s] -- Up-to-date: /home/vboxuser/agv_ws/install/canopen_interfaces/include/canopen_interfaces/canopen_interfaces/srv/detail/co_read__rosidl_typesupport_fastrtps_c.h
[2.716s] -- Up-to-date: /home/vboxuser/agv_ws/install/canopen_interfaces/include/canopen_interfaces/canopen_interfaces/srv/detail/co_write_id__rosidl_typesupport_fastrtps_c.h
[2.716s] -- Up-to-date: /home/vboxuser/agv_ws/install/canopen_interfaces/include/canopen_interfaces/canopen_interfaces/srv/detail/co_target_double__rosidl_typesupport_fastrtps_c.h
[2.716s] -- Up-to-date: /home/vboxuser/agv_ws/install/canopen_interfaces/include/canopen_interfaces/canopen_interfaces/srv/detail/co_heartbeat_id__rosidl_typesupport_fastrtps_c.h
[2.717s] -- Up-to-date: /home/vboxuser/agv_ws/install/canopen_interfaces/include/canopen_interfaces/canopen_interfaces/srv/detail/co_read_id__rosidl_typesupport_fastrtps_c.h
[2.717s] -- Up-to-date: /home/vboxuser/agv_ws/install/canopen_interfaces/include/canopen_interfaces/canopen_interfaces/msg
[2.717s] -- Up-to-date: /home/vboxuser/agv_ws/install/canopen_interfaces/include/canopen_interfaces/canopen_interfaces/msg/rosidl_typesupport_fastrtps_c__visibility_control.h
[2.717s] -- Up-to-date: /home/vboxuser/agv_ws/install/canopen_interfaces/include/canopen_interfaces/canopen_interfaces/msg/detail
[2.717s] -- Up-to-date: /home/vboxuser/agv_ws/install/canopen_interfaces/include/canopen_interfaces/canopen_interfaces/msg/detail/co_data__rosidl_typesupport_fastrtps_c.h
[2.718s] -- Up-to-date: /home/vboxuser/agv_ws/install/canopen_interfaces/lib/libcanopen_interfaces__rosidl_typesupport_fastrtps_c.so
[2.718s] -- Up-to-date: /home/vboxuser/agv_ws/install/canopen_interfaces/include/canopen_interfaces/canopen_interfaces
[2.718s] -- Up-to-date: /home/vboxuser/agv_ws/install/canopen_interfaces/include/canopen_interfaces/canopen_interfaces/srv
[2.718s] -- Up-to-date: /home/vboxuser/agv_ws/install/canopen_interfaces/include/canopen_interfaces/canopen_interfaces/srv/detail
[2.720s] -- Up-to-date: /home/vboxuser/agv_ws/install/canopen_interfaces/include/canopen_interfaces/canopen_interfaces/srv/detail/co_heartbeat_id__rosidl_typesupport_introspection_c.h
[2.720s] -- Up-to-date: /home/vboxuser/agv_ws/install/canopen_interfaces/include/canopen_interfaces/canopen_interfaces/srv/detail/co_write_id__type_support.c
[2.720s] -- Up-to-date: /home/vboxuser/agv_ws/install/canopen_interfaces/include/canopen_interfaces/canopen_interfaces/srv/detail/co_read_id__rosidl_typesupport_introspection_c.h
[2.720s] -- Up-to-date: /home/vboxuser/agv_ws/install/canopen_interfaces/include/canopen_interfaces/canopen_interfaces/srv/detail/co_read__rosidl_typesupport_introspection_c.h
[2.720s] -- Up-to-date: /home/vboxuser/agv_ws/install/canopen_interfaces/include/canopen_interfaces/canopen_interfaces/srv/detail/co_nmt_id__type_support.c
[2.722s] -- Up-to-date: /home/vboxuser/agv_ws/install/canopen_interfaces/include/canopen_interfaces/canopen_interfaces/srv/detail/co_target_double__rosidl_typesupport_introspection_c.h
[2.723s] -- Up-to-date: /home/vboxuser/agv_ws/install/canopen_interfaces/include/canopen_interfaces/canopen_interfaces/srv/detail/co_nmt_id__rosidl_typesupport_introspection_c.h
[2.723s] -- Up-to-date: /home/vboxuser/agv_ws/install/canopen_interfaces/include/canopen_interfaces/canopen_interfaces/srv/detail/co_write__rosidl_typesupport_introspection_c.h
[2.723s] -- Up-to-date: /home/vboxuser/agv_ws/install/canopen_interfaces/include/canopen_interfaces/canopen_interfaces/srv/detail/co_read__type_support.c
[2.724s] -- Up-to-date: /home/vboxuser/agv_ws/install/canopen_interfaces/include/canopen_interfaces/canopen_interfaces/srv/detail/co_node__type_support.c
[2.730s] -- Up-to-date: /home/vboxuser/agv_ws/install/canopen_interfaces/include/canopen_interfaces/canopen_interfaces/srv/detail/co_node__rosidl_typesupport_introspection_c.h
[2.732s] -- Up-to-date: /home/vboxuser/agv_ws/install/canopen_interfaces/include/canopen_interfaces/canopen_interfaces/srv/detail/co_write__type_support.c
[2.735s] -- Up-to-date: /home/vboxuser/agv_ws/install/canopen_interfaces/include/canopen_interfaces/canopen_interfaces/srv/detail/co_read_id__type_support.c
[2.736s] -- Up-to-date: /home/vboxuser/agv_ws/install/canopen_interfaces/include/canopen_interfaces/canopen_interfaces/srv/detail/co_target_double__type_support.c
[2.737s] -- Up-to-date: /home/vboxuser/agv_ws/install/canopen_interfaces/include/canopen_interfaces/canopen_interfaces/srv/detail/co_heartbeat_id__type_support.c
[2.737s] -- Up-to-date: /home/vboxuser/agv_ws/install/canopen_interfaces/include/canopen_interfaces/canopen_interfaces/srv/detail/co_write_id__rosidl_typesupport_introspection_c.h
[2.738s] -- Up-to-date: /home/vboxuser/agv_ws/install/canopen_interfaces/include/canopen_interfaces/canopen_interfaces/msg
[2.739s] -- Up-to-date: /home/vboxuser/agv_ws/install/canopen_interfaces/include/canopen_interfaces/canopen_interfaces/msg/rosidl_typesupport_introspection_c__visibility_control.h
[2.740s] -- Up-to-date: /home/vboxuser/agv_ws/install/canopen_interfaces/include/canopen_interfaces/canopen_interfaces/msg/detail
[2.741s] -- Up-to-date: /home/vboxuser/agv_ws/install/canopen_interfaces/include/canopen_interfaces/canopen_interfaces/msg/detail/co_data__rosidl_typesupport_introspection_c.h
[2.742s] -- Up-to-date: /home/vboxuser/agv_ws/install/canopen_interfaces/include/canopen_interfaces/canopen_interfaces/msg/detail/co_data__type_support.c
[2.742s] -- Up-to-date: /home/vboxuser/agv_ws/install/canopen_interfaces/lib/libcanopen_interfaces__rosidl_typesupport_introspection_c.so
[2.743s] -- Up-to-date: /home/vboxuser/agv_ws/install/canopen_interfaces/lib/libcanopen_interfaces__rosidl_typesupport_c.so
[2.749s] -- Up-to-date: /home/vboxuser/agv_ws/install/canopen_interfaces/include/canopen_interfaces/canopen_interfaces
[2.750s] -- Up-to-date: /home/vboxuser/agv_ws/install/canopen_interfaces/include/canopen_interfaces/canopen_interfaces/srv
[2.750s] -- Up-to-date: /home/vboxuser/agv_ws/install/canopen_interfaces/include/canopen_interfaces/canopen_interfaces/srv/co_node.hpp
[2.750s] -- Up-to-date: /home/vboxuser/agv_ws/install/canopen_interfaces/include/canopen_interfaces/canopen_interfaces/srv/co_read.hpp
[2.751s] -- Up-to-date: /home/vboxuser/agv_ws/install/canopen_interfaces/include/canopen_interfaces/canopen_interfaces/srv/co_target_double.hpp
[2.752s] -- Up-to-date: /home/vboxuser/agv_ws/install/canopen_interfaces/include/canopen_interfaces/canopen_interfaces/srv/co_write.hpp
[2.753s] -- Up-to-date: /home/vboxuser/agv_ws/install/canopen_interfaces/include/canopen_interfaces/canopen_interfaces/srv/co_nmt_id.hpp
[2.753s] -- Up-to-date: /home/vboxuser/agv_ws/install/canopen_interfaces/include/canopen_interfaces/canopen_interfaces/srv/co_write_id.hpp
[2.754s] -- Up-to-date: /home/vboxuser/agv_ws/install/canopen_interfaces/include/canopen_interfaces/canopen_interfaces/srv/co_read_id.hpp
[2.755s] -- Up-to-date: /home/vboxuser/agv_ws/install/canopen_interfaces/include/canopen_interfaces/canopen_interfaces/srv/co_heartbeat_id.hpp
[2.756s] -- Up-to-date: /home/vboxuser/agv_ws/install/canopen_interfaces/include/canopen_interfaces/canopen_interfaces/srv/detail
[2.756s] -- Up-to-date: /home/vboxuser/agv_ws/install/canopen_interfaces/include/canopen_interfaces/canopen_interfaces/srv/detail/co_heartbeat_id__struct.hpp
[2.757s] -- Up-to-date: /home/vboxuser/agv_ws/install/canopen_interfaces/include/canopen_interfaces/canopen_interfaces/srv/detail/co_node__struct.hpp
[2.757s] -- Up-to-date: /home/vboxuser/agv_ws/install/canopen_interfaces/include/canopen_interfaces/canopen_interfaces/srv/detail/co_read_id__struct.hpp
[2.757s] -- Up-to-date: /home/vboxuser/agv_ws/install/canopen_interfaces/include/canopen_interfaces/canopen_interfaces/srv/detail/co_write__traits.hpp
[2.758s] -- Up-to-date: /home/vboxuser/agv_ws/install/canopen_interfaces/include/canopen_interfaces/canopen_interfaces/srv/detail/co_nmt_id__builder.hpp
[2.758s] -- Up-to-date: /home/vboxuser/agv_ws/install/canopen_interfaces/include/canopen_interfaces/canopen_interfaces/srv/detail/co_write_id__struct.hpp
[2.759s] -- Up-to-date: /home/vboxuser/agv_ws/install/canopen_interfaces/include/canopen_interfaces/canopen_interfaces/srv/detail/co_write_id__builder.hpp
[2.759s] -- Up-to-date: /home/vboxuser/agv_ws/install/canopen_interfaces/include/canopen_interfaces/canopen_interfaces/srv/detail/co_target_double__traits.hpp
[2.759s] -- Up-to-date: /home/vboxuser/agv_ws/install/canopen_interfaces/include/canopen_interfaces/canopen_interfaces/srv/detail/co_read__builder.hpp
[2.760s] -- Up-to-date: /home/vboxuser/agv_ws/install/canopen_interfaces/include/canopen_interfaces/canopen_interfaces/srv/detail/co_read__traits.hpp
[2.760s] -- Up-to-date: /home/vboxuser/agv_ws/install/canopen_interfaces/include/canopen_interfaces/canopen_interfaces/srv/detail/co_read_id__builder.hpp
[2.760s] -- Up-to-date: /home/vboxuser/agv_ws/install/canopen_interfaces/include/canopen_interfaces/canopen_interfaces/srv/detail/co_node__builder.hpp
[2.761s] -- Up-to-date: /home/vboxuser/agv_ws/install/canopen_interfaces/include/canopen_interfaces/canopen_interfaces/srv/detail/co_write__struct.hpp
[2.762s] -- Up-to-date: /home/vboxuser/agv_ws/install/canopen_interfaces/include/canopen_interfaces/canopen_interfaces/srv/detail/co_target_double__struct.hpp
[2.763s] -- Up-to-date: /home/vboxuser/agv_ws/install/canopen_interfaces/include/canopen_interfaces/canopen_interfaces/srv/detail/co_write__builder.hpp
[2.764s] -- Up-to-date: /home/vboxuser/agv_ws/install/canopen_interfaces/include/canopen_interfaces/canopen_interfaces/srv/detail/co_target_double__builder.hpp
[2.764s] -- Up-to-date: /home/vboxuser/agv_ws/install/canopen_interfaces/include/canopen_interfaces/canopen_interfaces/srv/detail/co_read__struct.hpp
[2.764s] -- Up-to-date: /home/vboxuser/agv_ws/install/canopen_interfaces/include/canopen_interfaces/canopen_interfaces/srv/detail/co_nmt_id__traits.hpp
[2.765s] -- Up-to-date: /home/vboxuser/agv_ws/install/canopen_interfaces/include/canopen_interfaces/canopen_interfaces/srv/detail/co_node__traits.hpp
[2.765s] -- Up-to-date: /home/vboxuser/agv_ws/install/canopen_interfaces/include/canopen_interfaces/canopen_interfaces/srv/detail/co_read_id__traits.hpp
[2.766s] -- Up-to-date: /home/vboxuser/agv_ws/install/canopen_interfaces/include/canopen_interfaces/canopen_interfaces/srv/detail/co_write_id__traits.hpp
[2.766s] -- Up-to-date: /home/vboxuser/agv_ws/install/canopen_interfaces/include/canopen_interfaces/canopen_interfaces/srv/detail/co_heartbeat_id__builder.hpp
[2.767s] -- Up-to-date: /home/vboxuser/agv_ws/install/canopen_interfaces/include/canopen_interfaces/canopen_interfaces/srv/detail/co_nmt_id__struct.hpp
[2.767s] -- Up-to-date: /home/vboxuser/agv_ws/install/canopen_interfaces/include/canopen_interfaces/canopen_interfaces/srv/detail/co_heartbeat_id__traits.hpp
[2.767s] -- Up-to-date: /home/vboxuser/agv_ws/install/canopen_interfaces/include/canopen_interfaces/canopen_interfaces/msg
[2.768s] -- Up-to-date: /home/vboxuser/agv_ws/install/canopen_interfaces/include/canopen_interfaces/canopen_interfaces/msg/co_data.hpp
[2.769s] -- Up-to-date: /home/vboxuser/agv_ws/install/canopen_interfaces/include/canopen_interfaces/canopen_interfaces/msg/detail
[2.769s] -- Up-to-date: /home/vboxuser/agv_ws/install/canopen_interfaces/include/canopen_interfaces/canopen_interfaces/msg/detail/co_data__builder.hpp
[2.770s] -- Up-to-date: /home/vboxuser/agv_ws/install/canopen_interfaces/include/canopen_interfaces/canopen_interfaces/msg/detail/co_data__struct.hpp
[2.771s] -- Up-to-date: /home/vboxuser/agv_ws/install/canopen_interfaces/include/canopen_interfaces/canopen_interfaces/msg/detail/co_data__traits.hpp
[2.772s] -- Up-to-date: /home/vboxuser/agv_ws/install/canopen_interfaces/include/canopen_interfaces/canopen_interfaces
[2.772s] -- Up-to-date: /home/vboxuser/agv_ws/install/canopen_interfaces/include/canopen_interfaces/canopen_interfaces/srv
[2.772s] -- Up-to-date: /home/vboxuser/agv_ws/install/canopen_interfaces/include/canopen_interfaces/canopen_interfaces/srv/detail
[2.772s] -- Up-to-date: /home/vboxuser/agv_ws/install/canopen_interfaces/include/canopen_interfaces/canopen_interfaces/srv/detail/co_target_double__rosidl_typesupport_fastrtps_cpp.hpp
[2.772s] -- Up-to-date: /home/vboxuser/agv_ws/install/canopen_interfaces/include/canopen_interfaces/canopen_interfaces/srv/detail/co_heartbeat_id__rosidl_typesupport_fastrtps_cpp.hpp
[2.772s] -- Up-to-date: /home/vboxuser/agv_ws/install/canopen_interfaces/include/canopen_interfaces/canopen_interfaces/srv/detail/co_nmt_id__rosidl_typesupport_fastrtps_cpp.hpp
[2.772s] -- Up-to-date: /home/vboxuser/agv_ws/install/canopen_interfaces/include/canopen_interfaces/canopen_interfaces/srv/detail/co_read_id__rosidl_typesupport_fastrtps_cpp.hpp
[2.772s] -- Up-to-date: /home/vboxuser/agv_ws/install/canopen_interfaces/include/canopen_interfaces/canopen_interfaces/srv/detail/co_node__rosidl_typesupport_fastrtps_cpp.hpp
[2.772s] -- Up-to-date: /home/vboxuser/agv_ws/install/canopen_interfaces/include/canopen_interfaces/canopen_interfaces/srv/detail/co_write_id__rosidl_typesupport_fastrtps_cpp.hpp
[2.773s] -- Up-to-date: /home/vboxuser/agv_ws/install/canopen_interfaces/include/canopen_interfaces/canopen_interfaces/srv/detail/co_write__rosidl_typesupport_fastrtps_cpp.hpp
[2.773s] -- Up-to-date: /home/vboxuser/agv_ws/install/canopen_interfaces/include/canopen_interfaces/canopen_interfaces/srv/detail/co_read__rosidl_typesupport_fastrtps_cpp.hpp
[2.773s] -- Up-to-date: /home/vboxuser/agv_ws/install/canopen_interfaces/include/canopen_interfaces/canopen_interfaces/srv/detail/dds_fastrtps
[2.773s] -- Up-to-date: /home/vboxuser/agv_ws/install/canopen_interfaces/include/canopen_interfaces/canopen_interfaces/msg
[2.775s] -- Up-to-date: /home/vboxuser/agv_ws/install/canopen_interfaces/include/canopen_interfaces/canopen_interfaces/msg/rosidl_typesupport_fastrtps_cpp__visibility_control.h
[2.776s] -- Up-to-date: /home/vboxuser/agv_ws/install/canopen_interfaces/include/canopen_interfaces/canopen_interfaces/msg/detail
[2.776s] -- Up-to-date: /home/vboxuser/agv_ws/install/canopen_interfaces/include/canopen_interfaces/canopen_interfaces/msg/detail/co_data__rosidl_typesupport_fastrtps_cpp.hpp
[2.777s] -- Up-to-date: /home/vboxuser/agv_ws/install/canopen_interfaces/include/canopen_interfaces/canopen_interfaces/msg/detail/dds_fastrtps
[2.777s] -- Up-to-date: /home/vboxuser/agv_ws/install/canopen_interfaces/lib/libcanopen_interfaces__rosidl_typesupport_fastrtps_cpp.so
[2.777s] -- Up-to-date: /home/vboxuser/agv_ws/install/canopen_interfaces/include/canopen_interfaces/canopen_interfaces
[2.777s] -- Up-to-date: /home/vboxuser/agv_ws/install/canopen_interfaces/include/canopen_interfaces/canopen_interfaces/srv
[2.777s] -- Up-to-date: /home/vboxuser/agv_ws/install/canopen_interfaces/include/canopen_interfaces/canopen_interfaces/srv/detail
[2.778s] -- Up-to-date: /home/vboxuser/agv_ws/install/canopen_interfaces/include/canopen_interfaces/canopen_interfaces/srv/detail/co_nmt_id__type_support.cpp
[2.778s] -- Up-to-date: /home/vboxuser/agv_ws/install/canopen_interfaces/include/canopen_interfaces/canopen_interfaces/srv/detail/co_write_id__rosidl_typesupport_introspection_cpp.hpp
[2.778s] -- Up-to-date: /home/vboxuser/agv_ws/install/canopen_interfaces/include/canopen_interfaces/canopen_interfaces/srv/detail/co_nmt_id__rosidl_typesupport_introspection_cpp.hpp
[2.779s] -- Up-to-date: /home/vboxuser/agv_ws/install/canopen_interfaces/include/canopen_interfaces/canopen_interfaces/srv/detail/co_write__type_support.cpp
[2.779s] -- Up-to-date: /home/vboxuser/agv_ws/install/canopen_interfaces/include/canopen_interfaces/canopen_interfaces/srv/detail/co_read_id__type_support.cpp
[2.779s] -- Up-to-date: /home/vboxuser/agv_ws/install/canopen_interfaces/include/canopen_interfaces/canopen_interfaces/srv/detail/co_write_id__type_support.cpp
[2.780s] -- Up-to-date: /home/vboxuser/agv_ws/install/canopen_interfaces/include/canopen_interfaces/canopen_interfaces/srv/detail/co_read_id__rosidl_typesupport_introspection_cpp.hpp
[2.780s] -- Up-to-date: /home/vboxuser/agv_ws/install/canopen_interfaces/include/canopen_interfaces/canopen_interfaces/srv/detail/co_target_double__type_support.cpp
[2.780s] -- Up-to-date: /home/vboxuser/agv_ws/install/canopen_interfaces/include/canopen_interfaces/canopen_interfaces/srv/detail/co_target_double__rosidl_typesupport_introspection_cpp.hpp
[2.780s] -- Up-to-date: /home/vboxuser/agv_ws/install/canopen_interfaces/include/canopen_interfaces/canopen_interfaces/srv/detail/co_heartbeat_id__type_support.cpp
[2.780s] -- Up-to-date: /home/vboxuser/agv_ws/install/canopen_interfaces/include/canopen_interfaces/canopen_interfaces/srv/detail/co_read__type_support.cpp
[2.780s] -- Up-to-date: /home/vboxuser/agv_ws/install/canopen_interfaces/include/canopen_interfaces/canopen_interfaces/srv/detail/co_node__rosidl_typesupport_introspection_cpp.hpp
[2.781s] -- Up-to-date: /home/vboxuser/agv_ws/install/canopen_interfaces/include/canopen_interfaces/canopen_interfaces/srv/detail/co_write__rosidl_typesupport_introspection_cpp.hpp
[2.781s] -- Up-to-date: /home/vboxuser/agv_ws/install/canopen_interfaces/include/canopen_interfaces/canopen_interfaces/srv/detail/co_heartbeat_id__rosidl_typesupport_introspection_cpp.hpp
[2.781s] -- Up-to-date: /home/vboxuser/agv_ws/install/canopen_interfaces/include/canopen_interfaces/canopen_interfaces/srv/detail/co_read__rosidl_typesupport_introspection_cpp.hpp
[2.781s] -- Up-to-date: /home/vboxuser/agv_ws/install/canopen_interfaces/include/canopen_interfaces/canopen_interfaces/srv/detail/co_node__type_support.cpp
[2.781s] -- Up-to-date: /home/vboxuser/agv_ws/install/canopen_interfaces/include/canopen_interfaces/canopen_interfaces/msg
[2.781s] -- Up-to-date: /home/vboxuser/agv_ws/install/canopen_interfaces/include/canopen_interfaces/canopen_interfaces/msg/detail
[2.782s] -- Up-to-date: /home/vboxuser/agv_ws/install/canopen_interfaces/include/canopen_interfaces/canopen_interfaces/msg/detail/co_data__type_support.cpp
[2.782s] -- Up-to-date: /home/vboxuser/agv_ws/install/canopen_interfaces/include/canopen_interfaces/canopen_interfaces/msg/detail/co_data__rosidl_typesupport_introspection_cpp.hpp
[2.782s] -- Up-to-date: /home/vboxuser/agv_ws/install/canopen_interfaces/lib/libcanopen_interfaces__rosidl_typesupport_introspection_cpp.so
[2.786s] -- Up-to-date: /home/vboxuser/agv_ws/install/canopen_interfaces/lib/libcanopen_interfaces__rosidl_typesupport_cpp.so
[2.787s] -- Up-to-date: /home/vboxuser/agv_ws/install/canopen_interfaces/share/canopen_interfaces/environment/pythonpath.sh
[2.788s] -- Up-to-date: /home/vboxuser/agv_ws/install/canopen_interfaces/share/canopen_interfaces/environment/pythonpath.dsv
[2.788s] -- Up-to-date: /home/vboxuser/agv_ws/install/canopen_interfaces/local/lib/python3.10/dist-packages/canopen_interfaces-0.2.7-py3.10.egg-info
[2.788s] -- Installing: /home/vboxuser/agv_ws/install/canopen_interfaces/local/lib/python3.10/dist-packages/canopen_interfaces-0.2.7-py3.10.egg-info/SOURCES.txt
[2.788s] -- Installing: /home/vboxuser/agv_ws/install/canopen_interfaces/local/lib/python3.10/dist-packages/canopen_interfaces-0.2.7-py3.10.egg-info/dependency_links.txt
[2.788s] -- Installing: /home/vboxuser/agv_ws/install/canopen_interfaces/local/lib/python3.10/dist-packages/canopen_interfaces-0.2.7-py3.10.egg-info/PKG-INFO
[2.788s] -- Installing: /home/vboxuser/agv_ws/install/canopen_interfaces/local/lib/python3.10/dist-packages/canopen_interfaces-0.2.7-py3.10.egg-info/top_level.txt
[2.788s] -- Up-to-date: /home/vboxuser/agv_ws/install/canopen_interfaces/local/lib/python3.10/dist-packages/canopen_interfaces
[2.789s] -- Up-to-date: /home/vboxuser/agv_ws/install/canopen_interfaces/local/lib/python3.10/dist-packages/canopen_interfaces/srv
[2.789s] -- Up-to-date: /home/vboxuser/agv_ws/install/canopen_interfaces/local/lib/python3.10/dist-packages/canopen_interfaces/srv/_co_heartbeat_id.py
[2.789s] -- Up-to-date: /home/vboxuser/agv_ws/install/canopen_interfaces/local/lib/python3.10/dist-packages/canopen_interfaces/srv/_co_read.py
[2.789s] -- Up-to-date: /home/vboxuser/agv_ws/install/canopen_interfaces/local/lib/python3.10/dist-packages/canopen_interfaces/srv/_co_heartbeat_id_s.c
[2.789s] -- Up-to-date: /home/vboxuser/agv_ws/install/canopen_interfaces/local/lib/python3.10/dist-packages/canopen_interfaces/srv/_co_nmt_id.py
[2.790s] -- Up-to-date: /home/vboxuser/agv_ws/install/canopen_interfaces/local/lib/python3.10/dist-packages/canopen_interfaces/srv/_co_node_s.c
[2.790s] -- Up-to-date: /home/vboxuser/agv_ws/install/canopen_interfaces/local/lib/python3.10/dist-packages/canopen_interfaces/srv/_co_target_double_s.c
[2.790s] -- Up-to-date: /home/vboxuser/agv_ws/install/canopen_interfaces/local/lib/python3.10/dist-packages/canopen_interfaces/srv/_co_read_s.c
[2.790s] -- Up-to-date: /home/vboxuser/agv_ws/install/canopen_interfaces/local/lib/python3.10/dist-packages/canopen_interfaces/srv/_co_read_id_s.c
[2.791s] -- Up-to-date: /home/vboxuser/agv_ws/install/canopen_interfaces/local/lib/python3.10/dist-packages/canopen_interfaces/srv/__init__.py
[2.791s] -- Up-to-date: /home/vboxuser/agv_ws/install/canopen_interfaces/local/lib/python3.10/dist-packages/canopen_interfaces/srv/_co_nmt_id_s.c
[2.791s] -- Up-to-date: /home/vboxuser/agv_ws/install/canopen_interfaces/local/lib/python3.10/dist-packages/canopen_interfaces/srv/_co_node.py
[2.792s] -- Up-to-date: /home/vboxuser/agv_ws/install/canopen_interfaces/local/lib/python3.10/dist-packages/canopen_interfaces/srv/_co_write_id.py
[2.792s] -- Up-to-date: /home/vboxuser/agv_ws/install/canopen_interfaces/local/lib/python3.10/dist-packages/canopen_interfaces/srv/_co_write_s.c
[2.792s] -- Up-to-date: /home/vboxuser/agv_ws/install/canopen_interfaces/local/lib/python3.10/dist-packages/canopen_interfaces/srv/_co_write.py
[2.793s] -- Up-to-date: /home/vboxuser/agv_ws/install/canopen_interfaces/local/lib/python3.10/dist-packages/canopen_interfaces/srv/_co_read_id.py
[2.793s] -- Up-to-date: /home/vboxuser/agv_ws/install/canopen_interfaces/local/lib/python3.10/dist-packages/canopen_interfaces/srv/_co_target_double.py
[2.793s] -- Up-to-date: /home/vboxuser/agv_ws/install/canopen_interfaces/local/lib/python3.10/dist-packages/canopen_interfaces/srv/_co_write_id_s.c
[2.793s] -- Up-to-date: /home/vboxuser/agv_ws/install/canopen_interfaces/local/lib/python3.10/dist-packages/canopen_interfaces/_canopen_interfaces_s.ep.rosidl_typesupport_introspection_c.c
[2.793s] -- Up-to-date: /home/vboxuser/agv_ws/install/canopen_interfaces/local/lib/python3.10/dist-packages/canopen_interfaces/_canopen_interfaces_s.ep.rosidl_typesupport_fastrtps_c.c
[2.793s] -- Up-to-date: /home/vboxuser/agv_ws/install/canopen_interfaces/local/lib/python3.10/dist-packages/canopen_interfaces/_canopen_interfaces_s.ep.rosidl_typesupport_c.c
[2.793s] -- Up-to-date: /home/vboxuser/agv_ws/install/canopen_interfaces/local/lib/python3.10/dist-packages/canopen_interfaces/libcanopen_interfaces__rosidl_generator_py.so
[2.794s] -- Up-to-date: /home/vboxuser/agv_ws/install/canopen_interfaces/local/lib/python3.10/dist-packages/canopen_interfaces/__init__.py
[2.794s] -- Up-to-date: /home/vboxuser/agv_ws/install/canopen_interfaces/local/lib/python3.10/dist-packages/canopen_interfaces/msg
[2.794s] -- Up-to-date: /home/vboxuser/agv_ws/install/canopen_interfaces/local/lib/python3.10/dist-packages/canopen_interfaces/msg/_co_data_s.c
[2.794s] -- Up-to-date: /home/vboxuser/agv_ws/install/canopen_interfaces/local/lib/python3.10/dist-packages/canopen_interfaces/msg/__init__.py
[2.794s] -- Up-to-date: /home/vboxuser/agv_ws/install/canopen_interfaces/local/lib/python3.10/dist-packages/canopen_interfaces/msg/_co_data.py
[2.794s] -- Up-to-date: /home/vboxuser/agv_ws/install/canopen_interfaces/local/lib/python3.10/dist-packages/canopen_interfaces/canopen_interfaces_s__rosidl_typesupport_c.cpython-310-x86_64-linux-gnu.so
[2.794s] -- Up-to-date: /home/vboxuser/agv_ws/install/canopen_interfaces/local/lib/python3.10/dist-packages/canopen_interfaces/canopen_interfaces_s__rosidl_typesupport_introspection_c.cpython-310-x86_64-linux-gnu.so
[2.795s] -- Up-to-date: /home/vboxuser/agv_ws/install/canopen_interfaces/local/lib/python3.10/dist-packages/canopen_interfaces/canopen_interfaces_s__rosidl_typesupport_fastrtps_c.cpython-310-x86_64-linux-gnu.so
[2.830s] Listing '/home/vboxuser/agv_ws/install/canopen_interfaces/local/lib/python3.10/dist-packages/canopen_interfaces'...
[2.830s] Listing '/home/vboxuser/agv_ws/install/canopen_interfaces/local/lib/python3.10/dist-packages/canopen_interfaces/msg'...
[2.831s] Listing '/home/vboxuser/agv_ws/install/canopen_interfaces/local/lib/python3.10/dist-packages/canopen_interfaces/srv'...
[2.838s] -- Up-to-date: /home/vboxuser/agv_ws/install/canopen_interfaces/local/lib/python3.10/dist-packages/canopen_interfaces/canopen_interfaces_s__rosidl_typesupport_fastrtps_c.cpython-310-x86_64-linux-gnu.so
[2.841s] -- Up-to-date: /home/vboxuser/agv_ws/install/canopen_interfaces/local/lib/python3.10/dist-packages/canopen_interfaces/canopen_interfaces_s__rosidl_typesupport_introspection_c.cpython-310-x86_64-linux-gnu.so
[2.842s] -- Up-to-date: /home/vboxuser/agv_ws/install/canopen_interfaces/local/lib/python3.10/dist-packages/canopen_interfaces/canopen_interfaces_s__rosidl_typesupport_c.cpython-310-x86_64-linux-gnu.so
[2.843s] -- Up-to-date: /home/vboxuser/agv_ws/install/canopen_interfaces/lib/libcanopen_interfaces__rosidl_generator_py.so
[2.843s] -- Up-to-date: /home/vboxuser/agv_ws/install/canopen_interfaces/share/canopen_interfaces/srv/COHeartbeatID.idl
[2.844s] -- Up-to-date: /home/vboxuser/agv_ws/install/canopen_interfaces/share/canopen_interfaces/srv/CONmtID.idl
[2.844s] -- Up-to-date: /home/vboxuser/agv_ws/install/canopen_interfaces/share/canopen_interfaces/srv/CORead.idl
[2.844s] -- Up-to-date: /home/vboxuser/agv_ws/install/canopen_interfaces/share/canopen_interfaces/srv/COReadID.idl
[2.844s] -- Up-to-date: /home/vboxuser/agv_ws/install/canopen_interfaces/share/canopen_interfaces/srv/COWrite.idl
[2.844s] -- Up-to-date: /home/vboxuser/agv_ws/install/canopen_interfaces/share/canopen_interfaces/srv/COWriteID.idl
[2.844s] -- Up-to-date: /home/vboxuser/agv_ws/install/canopen_interfaces/share/canopen_interfaces/srv/COTargetDouble.idl
[2.845s] -- Up-to-date: /home/vboxuser/agv_ws/install/canopen_interfaces/share/canopen_interfaces/srv/CONode.idl
[2.845s] -- Up-to-date: /home/vboxuser/agv_ws/install/canopen_interfaces/share/canopen_interfaces/msg/COData.idl
[2.845s] -- Up-to-date: /home/vboxuser/agv_ws/install/canopen_interfaces/share/canopen_interfaces/srv/COHeartbeatID.srv
[2.846s] -- Up-to-date: /home/vboxuser/agv_ws/install/canopen_interfaces/share/canopen_interfaces/srv/COHeartbeatID_Request.msg
[2.846s] -- Up-to-date: /home/vboxuser/agv_ws/install/canopen_interfaces/share/canopen_interfaces/srv/COHeartbeatID_Response.msg
[2.846s] -- Up-to-date: /home/vboxuser/agv_ws/install/canopen_interfaces/share/canopen_interfaces/srv/CONmtID.srv
[2.846s] -- Up-to-date: /home/vboxuser/agv_ws/install/canopen_interfaces/share/canopen_interfaces/srv/CONmtID_Request.msg
[2.846s] -- Up-to-date: /home/vboxuser/agv_ws/install/canopen_interfaces/share/canopen_interfaces/srv/CONmtID_Response.msg
[2.846s] -- Up-to-date: /home/vboxuser/agv_ws/install/canopen_interfaces/share/canopen_interfaces/srv/CORead.srv
[2.846s] -- Up-to-date: /home/vboxuser/agv_ws/install/canopen_interfaces/share/canopen_interfaces/srv/CORead_Request.msg
[2.847s] -- Up-to-date: /home/vboxuser/agv_ws/install/canopen_interfaces/share/canopen_interfaces/srv/CORead_Response.msg
[2.847s] -- Up-to-date: /home/vboxuser/agv_ws/install/canopen_interfaces/share/canopen_interfaces/srv/COReadID.srv
[2.847s] -- Up-to-date: /home/vboxuser/agv_ws/install/canopen_interfaces/share/canopen_interfaces/srv/COReadID_Request.msg
[2.847s] -- Up-to-date: /home/vboxuser/agv_ws/install/canopen_interfaces/share/canopen_interfaces/srv/COReadID_Response.msg
[2.847s] -- Up-to-date: /home/vboxuser/agv_ws/install/canopen_interfaces/share/canopen_interfaces/srv/COWrite.srv
[2.848s] -- Up-to-date: /home/vboxuser/agv_ws/install/canopen_interfaces/share/canopen_interfaces/srv/COWrite_Request.msg
[2.848s] -- Up-to-date: /home/vboxuser/agv_ws/install/canopen_interfaces/share/canopen_interfaces/srv/COWrite_Response.msg
[2.848s] -- Up-to-date: /home/vboxuser/agv_ws/install/canopen_interfaces/share/canopen_interfaces/srv/COWriteID.srv
[2.849s] -- Up-to-date: /home/vboxuser/agv_ws/install/canopen_interfaces/share/canopen_interfaces/srv/COWriteID_Request.msg
[2.849s] -- Up-to-date: /home/vboxuser/agv_ws/install/canopen_interfaces/share/canopen_interfaces/srv/COWriteID_Response.msg
[2.849s] -- Up-to-date: /home/vboxuser/agv_ws/install/canopen_interfaces/share/canopen_interfaces/srv/COTargetDouble.srv
[2.850s] -- Up-to-date: /home/vboxuser/agv_ws/install/canopen_interfaces/share/canopen_interfaces/srv/COTargetDouble_Request.msg
[2.850s] -- Up-to-date: /home/vboxuser/agv_ws/install/canopen_interfaces/share/canopen_interfaces/srv/COTargetDouble_Response.msg
[2.850s] -- Up-to-date: /home/vboxuser/agv_ws/install/canopen_interfaces/share/canopen_interfaces/srv/CONode.srv
[2.850s] -- Up-to-date: /home/vboxuser/agv_ws/install/canopen_interfaces/share/canopen_interfaces/srv/CONode_Request.msg
[2.850s] -- Up-to-date: /home/vboxuser/agv_ws/install/canopen_interfaces/share/canopen_interfaces/srv/CONode_Response.msg
[2.851s] -- Up-to-date: /home/vboxuser/agv_ws/install/canopen_interfaces/share/canopen_interfaces/msg/COData.msg
[2.851s] -- Up-to-date: /home/vboxuser/agv_ws/install/canopen_interfaces/share/ament_index/resource_index/package_run_dependencies/canopen_interfaces
[2.851s] -- Up-to-date: /home/vboxuser/agv_ws/install/canopen_interfaces/share/ament_index/resource_index/parent_prefix_path/canopen_interfaces
[2.852s] -- Up-to-date: /home/vboxuser/agv_ws/install/canopen_interfaces/share/canopen_interfaces/environment/ament_prefix_path.sh
[2.852s] -- Up-to-date: /home/vboxuser/agv_ws/install/canopen_interfaces/share/canopen_interfaces/environment/ament_prefix_path.dsv
[2.852s] -- Up-to-date: /home/vboxuser/agv_ws/install/canopen_interfaces/share/canopen_interfaces/environment/path.sh
[2.852s] -- Up-to-date: /home/vboxuser/agv_ws/install/canopen_interfaces/share/canopen_interfaces/environment/path.dsv
[2.852s] -- Up-to-date: /home/vboxuser/agv_ws/install/canopen_interfaces/share/canopen_interfaces/local_setup.bash
[2.857s] -- Up-to-date: /home/vboxuser/agv_ws/install/canopen_interfaces/share/canopen_interfaces/local_setup.sh
[2.858s] -- Up-to-date: /home/vboxuser/agv_ws/install/canopen_interfaces/share/canopen_interfaces/local_setup.zsh
[2.863s] -- Up-to-date: /home/vboxuser/agv_ws/install/canopen_interfaces/share/canopen_interfaces/local_setup.dsv
[2.863s] -- Installing: /home/vboxuser/agv_ws/install/canopen_interfaces/share/canopen_interfaces/package.dsv
[2.863s] -- Up-to-date: /home/vboxuser/agv_ws/install/canopen_interfaces/share/ament_index/resource_index/packages/canopen_interfaces
[2.865s] -- Up-to-date: /home/vboxuser/agv_ws/install/canopen_interfaces/share/canopen_interfaces/cmake/export_canopen_interfaces__rosidl_generator_cExport.cmake
[2.867s] -- Up-to-date: /home/vboxuser/agv_ws/install/canopen_interfaces/share/canopen_interfaces/cmake/export_canopen_interfaces__rosidl_generator_cExport-noconfig.cmake
[2.868s] -- Up-to-date: /home/vboxuser/agv_ws/install/canopen_interfaces/share/canopen_interfaces/cmake/export_canopen_interfaces__rosidl_typesupport_fastrtps_cExport.cmake
[2.868s] -- Up-to-date: /home/vboxuser/agv_ws/install/canopen_interfaces/share/canopen_interfaces/cmake/export_canopen_interfaces__rosidl_typesupport_fastrtps_cExport-noconfig.cmake
[2.869s] -- Up-to-date: /home/vboxuser/agv_ws/install/canopen_interfaces/share/canopen_interfaces/cmake/canopen_interfaces__rosidl_typesupport_introspection_cExport.cmake
[2.869s] -- Up-to-date: /home/vboxuser/agv_ws/install/canopen_interfaces/share/canopen_interfaces/cmake/canopen_interfaces__rosidl_typesupport_introspection_cExport-noconfig.cmake
[2.869s] -- Up-to-date: /home/vboxuser/agv_ws/install/canopen_interfaces/share/canopen_interfaces/cmake/canopen_interfaces__rosidl_typesupport_cExport.cmake
[2.869s] -- Up-to-date: /home/vboxuser/agv_ws/install/canopen_interfaces/share/canopen_interfaces/cmake/canopen_interfaces__rosidl_typesupport_cExport-noconfig.cmake
[2.869s] -- Up-to-date: /home/vboxuser/agv_ws/install/canopen_interfaces/share/canopen_interfaces/cmake/export_canopen_interfaces__rosidl_generator_cppExport.cmake
[2.869s] -- Up-to-date: /home/vboxuser/agv_ws/install/canopen_interfaces/share/canopen_interfaces/cmake/export_canopen_interfaces__rosidl_typesupport_fastrtps_cppExport.cmake
[2.869s] -- Up-to-date: /home/vboxuser/agv_ws/install/canopen_interfaces/share/canopen_interfaces/cmake/export_canopen_interfaces__rosidl_typesupport_fastrtps_cppExport-noconfig.cmake
[2.869s] -- Up-to-date: /home/vboxuser/agv_ws/install/canopen_interfaces/share/canopen_interfaces/cmake/canopen_interfaces__rosidl_typesupport_introspection_cppExport.cmake
[2.869s] -- Up-to-date: /home/vboxuser/agv_ws/install/canopen_interfaces/share/canopen_interfaces/cmake/canopen_interfaces__rosidl_typesupport_introspection_cppExport-noconfig.cmake
[2.870s] -- Up-to-date: /home/vboxuser/agv_ws/install/canopen_interfaces/share/canopen_interfaces/cmake/canopen_interfaces__rosidl_typesupport_cppExport.cmake
[2.872s] -- Up-to-date: /home/vboxuser/agv_ws/install/canopen_interfaces/share/canopen_interfaces/cmake/canopen_interfaces__rosidl_typesupport_cppExport-noconfig.cmake
[2.873s] -- Up-to-date: /home/vboxuser/agv_ws/install/canopen_interfaces/share/canopen_interfaces/cmake/export_canopen_interfaces__rosidl_generator_pyExport.cmake
[2.873s] -- Up-to-date: /home/vboxuser/agv_ws/install/canopen_interfaces/share/canopen_interfaces/cmake/export_canopen_interfaces__rosidl_generator_pyExport-noconfig.cmake
[2.874s] -- Up-to-date: /home/vboxuser/agv_ws/install/canopen_interfaces/share/canopen_interfaces/cmake/rosidl_cmake-extras.cmake
[2.874s] -- Up-to-date: /home/vboxuser/agv_ws/install/canopen_interfaces/share/canopen_interfaces/cmake/ament_cmake_export_include_directories-extras.cmake
[2.874s] -- Up-to-date: /home/vboxuser/agv_ws/install/canopen_interfaces/share/canopen_interfaces/cmake/ament_cmake_export_libraries-extras.cmake
[2.874s] -- Up-to-date: /home/vboxuser/agv_ws/install/canopen_interfaces/share/canopen_interfaces/cmake/ament_cmake_export_targets-extras.cmake
[2.874s] -- Up-to-date: /home/vboxuser/agv_ws/install/canopen_interfaces/share/canopen_interfaces/cmake/rosidl_cmake_export_typesupport_targets-extras.cmake
[2.874s] -- Up-to-date: /home/vboxuser/agv_ws/install/canopen_interfaces/share/canopen_interfaces/cmake/ament_cmake_export_dependencies-extras.cmake
[2.875s] -- Up-to-date: /home/vboxuser/agv_ws/install/canopen_interfaces/share/canopen_interfaces/cmake/rosidl_cmake_export_typesupport_libraries-extras.cmake
[2.875s] -- Up-to-date: /home/vboxuser/agv_ws/install/canopen_interfaces/share/canopen_interfaces/cmake/canopen_interfacesConfig.cmake
[2.875s] -- Up-to-date: /home/vboxuser/agv_ws/install/canopen_interfaces/share/canopen_interfaces/cmake/canopen_interfacesConfig-version.cmake
[2.876s] -- Up-to-date: /home/vboxuser/agv_ws/install/canopen_interfaces/share/canopen_interfaces/package.xml
[2.933s] Invoked command in '/home/vboxuser/agv_ws/build/canopen_interfaces' returned '0': CMAKE_PREFIX_PATH=${CMAKE_PREFIX_PATH}:/home/vboxuser/agv_ws/install/canopen_utils:/home/vboxuser/agv_ws/install/agv_py_functions:/home/vboxuser/bumperbot_ws/install/bumperbot_py_examples:/home/vboxuser/ros2_ws/install/my_py_pkg:/opt/ros/humble /usr/bin/cmake --install /home/vboxuser/agv_ws/build/canopen_interfaces
