[1.372s] Invoking command in '/home/vboxuser/agv_ws/src/movement': CMAKE_PREFIX_PATH=/home/vboxuser/agv_ws/install/agv_msgs:/home/vboxuser/agv_ws/install/wheel_control:/home/vboxuser/agv_ws/install/pgv100:/home/vboxuser/agv_ws/install/panda_rviz_viewer:/home/vboxuser/agv_ws/install/panda_canopen:/home/vboxuser/agv_ws/install/my_simulation:/home/vboxuser/agv_ws/install/canopen_tests:/home/vboxuser/agv_ws/install/canopen_ros2_controllers:/home/vboxuser/agv_ws/install/canopen_ros2_control:/home/vboxuser/agv_ws/install/canopen_robot_control_example:/home/vboxuser/agv_ws/install/canopen_kinco3:/home/vboxuser/agv_ws/install/canopen_kinco2:/home/vboxuser/agv_ws/install/canopen_kinco:/home/vboxuser/agv_ws/install/canopen:/home/vboxuser/agv_ws/install/canopen_402_driver:/home/vboxuser/agv_ws/install/canopen_proxy_driver:/home/vboxuser/agv_ws/install/canopen_master_driver:/home/vboxuser/agv_ws/install/canopen_fake_slaves:/home/vboxuser/agv_ws/install/canopen_base_driver:/home/vboxuser/agv_ws/install/canopen_core:/home/vboxuser/agv_ws/install/lely_core_libraries:/home/vboxuser/agv_ws/install/canopen_interfaces:/home/vboxuser/agv_ws/install/agv_py:/home/vboxuser/agv_ws/install/agv_controllers:/home/vboxuser/agv_ws/install/agv_controller:/home/vboxuser/agv_ws/install/agv:/home/vboxuser/bumperbot_ws/install/bumperbot_cpp_examples:/home/vboxuser/bumperbot_ws/install/bumperbot_msgs:/home/vboxuser/bumperbot_ws/install/bumperbot_description:/home/vboxuser/bumperbot_ws/install/bumperbot_controller:/home/vboxuser/ros2_ws/install/my_simulation LD_LIBRARY_PATH=/home/vboxuser/agv_ws/install/agv_msgs/lib:/home/vboxuser/agv_ws/install/pgv100/lib:/home/vboxuser/agv_ws/install/canopen_ros2_controllers/lib:/home/vboxuser/agv_ws/install/canopen_ros2_control/lib:/home/vboxuser/agv_ws/install/canopen_402_driver/lib:/home/vboxuser/agv_ws/install/canopen_proxy_driver/lib:/home/vboxuser/agv_ws/install/canopen_master_driver/lib:/home/vboxuser/agv_ws/install/canopen_base_driver/lib:/home/vboxuser/agv_ws/install/canopen_core/lib:/home/vboxuser/agv_ws/install/lely_core_libraries/lib:/home/vboxuser/agv_ws/install/canopen_interfaces/lib:/home/vboxuser/bumperbot_ws/install/bumperbot_msgs/lib:/usr/lib/x86_64-linux-gnu/gazebo-11/plugins:/opt/ros/humble/opt/rviz_ogre_vendor/lib:/opt/ros/humble/lib/x86_64-linux-gnu:/opt/ros/humble/lib PYTHONPATH=/home/vboxuser/agv_ws/build/movement/prefix_override:/home/vboxuser/agv_ws/install/movement/lib/python3.10/site-packages:${PYTHONPATH} /usr/bin/python3 -W ignore:setup.py install is deprecated setup.py egg_info --egg-base ../../build/movement build --build-base /home/vboxuser/agv_ws/build/movement/build install --record /home/vboxuser/agv_ws/build/movement/install.log --single-version-externally-managed install_data
[1.897s] running egg_info
[1.898s] writing ../../build/movement/movement.egg-info/PKG-INFO
[1.898s] writing dependency_links to ../../build/movement/movement.egg-info/dependency_links.txt
[1.899s] writing entry points to ../../build/movement/movement.egg-info/entry_points.txt
[1.899s] writing requirements to ../../build/movement/movement.egg-info/requires.txt
[1.900s] writing top-level names to ../../build/movement/movement.egg-info/top_level.txt
[1.903s] reading manifest file '../../build/movement/movement.egg-info/SOURCES.txt'
[1.904s] writing manifest file '../../build/movement/movement.egg-info/SOURCES.txt'
[1.905s] running build
[1.905s] running build_py
[1.905s] copying movement/wheel_controller_server.py -> /home/vboxuser/agv_ws/build/movement/build/lib/movement
[1.905s] running install
[1.906s] running install_lib
[1.907s] copying /home/vboxuser/agv_ws/build/movement/build/lib/movement/wheel_controller_server.py -> /home/vboxuser/agv_ws/install/movement/lib/python3.10/site-packages/movement
[1.908s] byte-compiling /home/vboxuser/agv_ws/install/movement/lib/python3.10/site-packages/movement/wheel_controller_server.py to wheel_controller_server.cpython-310.pyc
[1.909s] running install_data
[1.910s] running install_egg_info
[1.912s] removing '/home/vboxuser/agv_ws/install/movement/lib/python3.10/site-packages/movement-0.0.0-py3.10.egg-info' (and everything under it)
[1.913s] Copying ../../build/movement/movement.egg-info to /home/vboxuser/agv_ws/install/movement/lib/python3.10/site-packages/movement-0.0.0-py3.10.egg-info
[1.914s] running install_scripts
[1.950s] Installing command_publisher_client script to /home/vboxuser/agv_ws/install/movement/lib/movement
[1.950s] Installing wheel_controller_server script to /home/vboxuser/agv_ws/install/movement/lib/movement
[1.950s] writing list of installed files to '/home/vboxuser/agv_ws/build/movement/install.log'
[1.998s] Invoked command in '/home/vboxuser/agv_ws/src/movement' returned '0': CMAKE_PREFIX_PATH=/home/vboxuser/agv_ws/install/agv_msgs:/home/vboxuser/agv_ws/install/wheel_control:/home/vboxuser/agv_ws/install/pgv100:/home/vboxuser/agv_ws/install/panda_rviz_viewer:/home/vboxuser/agv_ws/install/panda_canopen:/home/vboxuser/agv_ws/install/my_simulation:/home/vboxuser/agv_ws/install/canopen_tests:/home/vboxuser/agv_ws/install/canopen_ros2_controllers:/home/vboxuser/agv_ws/install/canopen_ros2_control:/home/vboxuser/agv_ws/install/canopen_robot_control_example:/home/vboxuser/agv_ws/install/canopen_kinco3:/home/vboxuser/agv_ws/install/canopen_kinco2:/home/vboxuser/agv_ws/install/canopen_kinco:/home/vboxuser/agv_ws/install/canopen:/home/vboxuser/agv_ws/install/canopen_402_driver:/home/vboxuser/agv_ws/install/canopen_proxy_driver:/home/vboxuser/agv_ws/install/canopen_master_driver:/home/vboxuser/agv_ws/install/canopen_fake_slaves:/home/vboxuser/agv_ws/install/canopen_base_driver:/home/vboxuser/agv_ws/install/canopen_core:/home/vboxuser/agv_ws/install/lely_core_libraries:/home/vboxuser/agv_ws/install/canopen_interfaces:/home/vboxuser/agv_ws/install/agv_py:/home/vboxuser/agv_ws/install/agv_controllers:/home/vboxuser/agv_ws/install/agv_controller:/home/vboxuser/agv_ws/install/agv:/home/vboxuser/bumperbot_ws/install/bumperbot_cpp_examples:/home/vboxuser/bumperbot_ws/install/bumperbot_msgs:/home/vboxuser/bumperbot_ws/install/bumperbot_description:/home/vboxuser/bumperbot_ws/install/bumperbot_controller:/home/vboxuser/ros2_ws/install/my_simulation LD_LIBRARY_PATH=/home/vboxuser/agv_ws/install/agv_msgs/lib:/home/vboxuser/agv_ws/install/pgv100/lib:/home/vboxuser/agv_ws/install/canopen_ros2_controllers/lib:/home/vboxuser/agv_ws/install/canopen_ros2_control/lib:/home/vboxuser/agv_ws/install/canopen_402_driver/lib:/home/vboxuser/agv_ws/install/canopen_proxy_driver/lib:/home/vboxuser/agv_ws/install/canopen_master_driver/lib:/home/vboxuser/agv_ws/install/canopen_base_driver/lib:/home/vboxuser/agv_ws/install/canopen_core/lib:/home/vboxuser/agv_ws/install/lely_core_libraries/lib:/home/vboxuser/agv_ws/install/canopen_interfaces/lib:/home/vboxuser/bumperbot_ws/install/bumperbot_msgs/lib:/usr/lib/x86_64-linux-gnu/gazebo-11/plugins:/opt/ros/humble/opt/rviz_ogre_vendor/lib:/opt/ros/humble/lib/x86_64-linux-gnu:/opt/ros/humble/lib PYTHONPATH=/home/vboxuser/agv_ws/build/movement/prefix_override:/home/vboxuser/agv_ws/install/movement/lib/python3.10/site-packages:${PYTHONPATH} /usr/bin/python3 -W ignore:setup.py install is deprecated setup.py egg_info --egg-base ../../build/movement build --build-base /home/vboxuser/agv_ws/build/movement/build install --record /home/vboxuser/agv_ws/build/movement/install.log --single-version-externally-managed install_data
