[1.377s] Invoking command in '/home/vboxuser/agv_ws/src/movement': PYTHONPATH=/home/vboxuser/agv_ws/build/movement/prefix_override:/home/vboxuser/agv_ws/install/movement/lib/python3.10/site-packages:${PYTHONPATH} /usr/bin/python3 -W ignore:setup.py install is deprecated setup.py egg_info --egg-base ../../build/movement build --build-base /home/vboxuser/agv_ws/build/movement/build install --record /home/vboxuser/agv_ws/build/movement/install.log --single-version-externally-managed install_data
[1.903s] running egg_info
[1.904s] writing ../../build/movement/your_new_package_name.egg-info/PKG-INFO
[1.905s] writing dependency_links to ../../build/movement/your_new_package_name.egg-info/dependency_links.txt
[1.905s] writing entry points to ../../build/movement/your_new_package_name.egg-info/entry_points.txt
[1.906s] writing requirements to ../../build/movement/your_new_package_name.egg-info/requires.txt
[1.906s] writing top-level names to ../../build/movement/your_new_package_name.egg-info/top_level.txt
[1.908s] file command_publisher.py (for module command_publisher) not found
[1.908s] file wheel_controller.py (for module wheel_controller) not found
[1.908s] reading manifest file '../../build/movement/your_new_package_name.egg-info/SOURCES.txt'
[1.910s] writing manifest file '../../build/movement/your_new_package_name.egg-info/SOURCES.txt'
[1.911s] file command_publisher.py (for module command_publisher) not found
[1.911s] file wheel_controller.py (for module wheel_controller) not found
[1.911s] file command_publisher.py (for module command_publisher) not found
[1.911s] file wheel_controller.py (for module wheel_controller) not found
[1.911s] running build
[1.911s] running build_py
[1.911s] running install
[1.911s] running install_lib
[1.913s] running install_data
[1.913s] copying package.xml -> /home/vboxuser/agv_ws/install/movement/share/your_new_package_name
[1.914s] running install_egg_info
[1.916s] removing '/home/vboxuser/agv_ws/install/movement/lib/python3.10/site-packages/your_new_package_name-0.0.1-py3.10.egg-info' (and everything under it)
[1.917s] Copying ../../build/movement/your_new_package_name.egg-info to /home/vboxuser/agv_ws/install/movement/lib/python3.10/site-packages/your_new_package_name-0.0.1-py3.10.egg-info
[1.918s] running install_scripts
[1.957s] Installing command_publisher = movement.command_publisher:mainwheel_controller script to /home/vboxuser/agv_ws/install/movement/lib/movement
[1.957s] file command_publisher.py (for module command_publisher) not found
[1.957s] file wheel_controller.py (for module wheel_controller) not found
[1.958s] writing list of installed files to '/home/vboxuser/agv_ws/build/movement/install.log'
[1.995s] Invoked command in '/home/vboxuser/agv_ws/src/movement' returned '0': PYTHONPATH=/home/vboxuser/agv_ws/build/movement/prefix_override:/home/vboxuser/agv_ws/install/movement/lib/python3.10/site-packages:${PYTHONPATH} /usr/bin/python3 -W ignore:setup.py install is deprecated setup.py egg_info --egg-base ../../build/movement build --build-base /home/vboxuser/agv_ws/build/movement/build install --record /home/vboxuser/agv_ws/build/movement/install.log --single-version-externally-managed install_data
