[0.725s] Invoking command in '/home/vboxuser/agv_ws/build/panda_canopen': CMAKE_PREFIX_PATH=/home/vboxuser/agv_ws/install/canopen:/home/vboxuser/agv_ws/install/canopen_402_driver:/home/vboxuser/agv_ws/install/canopen_proxy_driver:/home/vboxuser/agv_ws/install/canopen_base_driver:/home/vboxuser/agv_ws/install/canopen_core:/home/vboxuser/agv_ws/install/lely_core_libraries:/home/vboxuser/agv_ws/install/canopen_interfaces:/home/vboxuser/agv_ws/install/my_simulation:/home/vboxuser/agv_ws/install/canopen_tests:/home/vboxuser/agv_ws/install/canopen_ros2_controllers:/home/vboxuser/agv_ws/install/canopen_ros2_control:/home/vboxuser/agv_ws/install/canopen_master_driver:/home/vboxuser/agv_ws/install/canopen_fake_slaves:/home/vboxuser/agv_ws/install/agv_py:/home/vboxuser/agv_ws/install/agv_controllers:/home/vboxuser/agv_ws/install/communication:/home/vboxuser/agv_ws/install/canopen_utils:/home/vboxuser/agv_ws/install/agv_py_functions:/home/vboxuser/install/my_py_pkg:/home/vboxuser/install/agv_py_functions:/home/vboxuser/bumperbot_ws/install/bumperbot_py_examples:/home/vboxuser/ros2_ws/install/my_py_pkg:/opt/ros/humble:/home/vboxuser/agv_ws/install/agv_controller:/home/vboxuser/agv_ws/install/agv:/home/vboxuser/install/agv:/home/vboxuser/bumperbot_ws/install/bumperbot_cpp_examples:/home/vboxuser/bumperbot_ws/install/bumperbot_msgs:/home/vboxuser/bumperbot_ws/install/bumperbot_description:/home/vboxuser/bumperbot_ws/install/bumperbot_controller:/home/vboxuser/ros2_ws/install/my_simulation LD_LIBRARY_PATH=/home/vboxuser/agv_ws/install/canopen_402_driver/lib:/home/vboxuser/agv_ws/install/canopen_proxy_driver/lib:/home/vboxuser/agv_ws/install/canopen_base_driver/lib:/home/vboxuser/agv_ws/install/canopen_core/lib:/home/vboxuser/agv_ws/install/lely_core_libraries/lib:/home/vboxuser/agv_ws/install/canopen_interfaces/lib:/home/vboxuser/agv_ws/install/canopen_ros2_controllers/lib:/home/vboxuser/agv_ws/install/canopen_ros2_control/lib:/home/vboxuser/agv_ws/install/canopen_master_driver/lib:/home/vboxuser/bumperbot_ws/install/bumperbot_msgs/lib:/usr/lib/x86_64-linux-gnu/gazebo-11/plugins:/opt/ros/humble/opt/rviz_ogre_vendor/lib:/opt/ros/humble/lib/x86_64-linux-gnu:/opt/ros/humble/lib PYTHONPATH=/home/vboxuser/agv_ws/install/lely_core_libraries/lib/python3.10/site-packages:/home/vboxuser/agv_ws/install/lely_core_libraries/local/lib/python3.10/dist-packages:/home/vboxuser/agv_ws/install/communication/lib/python3.10/site-packages:/home/vboxuser/agv_ws/install/canopen_utils/lib/python3.10/site-packages:/home/vboxuser/agv_ws/install/canopen_interfaces/local/lib/python3.10/dist-packages:/home/vboxuser/agv_ws/install/agv_py_functions/lib/python3.10/site-packages:/home/vboxuser/agv_ws/install/agv_py/lib/python3.10/site-packages:/home/vboxuser/agv_ws/install/agv/lib/python3.10/site-packages:/home/vboxuser/install/my_py_pkg/lib/python3.10/site-packages:/home/vboxuser/install/agv_py_functions/lib/python3.10/site-packages:/home/vboxuser/bumperbot_ws/install/bumperbot_py_examples/lib/python3.10/site-packages:/home/vboxuser/bumperbot_ws/install/bumperbot_msgs/local/lib/python3.10/dist-packages:/home/vboxuser/bumperbot_ws/install/bumperbot_controller/local/lib/python3.10/dist-packages:/home/vboxuser/ros2_ws/install/my_py_pkg/lib/python3.10/site-packages:/opt/ros/humble/lib/python3.10/site-packages:/opt/ros/humble/local/lib/python3.10/dist-packages /usr/bin/cmake /home/vboxuser/agv_ws/src/panda_canopen -DCMAKE_INSTALL_PREFIX=/home/vboxuser/agv_ws/install/panda_canopen
[1.020s] -- The C compiler identification is GNU 11.4.0
[1.249s] -- The CXX compiler identification is GNU 11.4.0
[1.272s] -- Detecting C compiler ABI info
[1.630s] -- Detecting C compiler ABI info - done
[1.666s] -- Check for working C compiler: /usr/bin/cc - skipped
[1.666s] -- Detecting C compile features
[1.667s] -- Detecting C compile features - done
[1.702s] -- Detecting CXX compiler ABI info
[2.119s] -- Detecting CXX compiler ABI info - done
[2.171s] -- Check for working CXX compiler: /usr/bin/c++ - skipped
[2.171s] -- Detecting CXX compile features
[2.171s] -- Detecting CXX compile features - done
[2.176s] -- Found ament_cmake: 1.3.6 (/opt/ros/humble/share/ament_cmake/cmake)
[2.897s] -- Found Python3: /usr/bin/python3.10 (found version "3.10.12") found components: Interpreter 
[3.308s] -- Found rclcpp: 16.0.7 (/opt/ros/humble/share/rclcpp/cmake)
[3.623s] -- Found rosidl_generator_c: 3.1.5 (/opt/ros/humble/share/rosidl_generator_c/cmake)
[3.639s] -- Found rosidl_adapter: 3.1.5 (/opt/ros/humble/share/rosidl_adapter/cmake)
[3.669s] -- Found rosidl_generator_cpp: 3.1.5 (/opt/ros/humble/share/rosidl_generator_cpp/cmake)
[3.752s] -- Using all available rosidl_typesupport_c: rosidl_typesupport_fastrtps_c;rosidl_typesupport_introspection_c
[3.827s] -- Using all available rosidl_typesupport_cpp: rosidl_typesupport_fastrtps_cpp;rosidl_typesupport_introspection_cpp
[4.291s] -- Found rmw_implementation_cmake: 6.1.1 (/opt/ros/humble/share/rmw_implementation_cmake/cmake)
[4.325s] -- Found rmw_fastrtps_cpp: 6.2.5 (/opt/ros/humble/share/rmw_fastrtps_cpp/cmake)
[4.640s] -- Found OpenSSL: /usr/lib/x86_64-linux-gnu/libcrypto.so (found version "3.0.2")  
[4.720s] -- Found FastRTPS: /opt/ros/humble/include  
[4.921s] -- Using RMW implementation 'rmw_fastrtps_cpp' as default
[4.969s] -- Looking for pthread.h
[6.583s] -- Looking for pthread.h - found
[6.583s] -- Performing Test CMAKE_HAVE_LIBC_PTHREAD
[8.127s] -- Performing Test CMAKE_HAVE_LIBC_PTHREAD - Success
[8.136s] -- Found Threads: TRUE  
[8.983s] -- Found lely_core_libraries: 0.2.7 (/home/vboxuser/agv_ws/install/lely_core_libraries/share/lely_core_libraries/cmake)
[9.030s] -- Found sensor_msgs: 4.2.3 (/opt/ros/humble/share/sensor_msgs/cmake)
[9.753s] -- Found urdf: 2.6.0 (/opt/ros/humble/share/urdf/cmake)
[9.888s] -- Found kdl_parser: 2.6.4 (/opt/ros/humble/share/kdl_parser/cmake)
[9.940s] -- Found eigen3_cmake_module: 0.1.1 (/opt/ros/humble/share/eigen3_cmake_module/cmake)
[9.943s] -- Found Eigen3: TRUE (found version "3.4.0") 
[9.944s] -- Ensuring Eigen3 include directory is part of orocos-kdl CMake target
[10.191s] -- Configuring done
[10.285s] -- Generating done
[10.290s] -- Build files have been written to: /home/vboxuser/agv_ws/build/panda_canopen
[10.325s] Invoked command in '/home/vboxuser/agv_ws/build/panda_canopen' returned '0': CMAKE_PREFIX_PATH=/home/vboxuser/agv_ws/install/canopen:/home/vboxuser/agv_ws/install/canopen_402_driver:/home/vboxuser/agv_ws/install/canopen_proxy_driver:/home/vboxuser/agv_ws/install/canopen_base_driver:/home/vboxuser/agv_ws/install/canopen_core:/home/vboxuser/agv_ws/install/lely_core_libraries:/home/vboxuser/agv_ws/install/canopen_interfaces:/home/vboxuser/agv_ws/install/my_simulation:/home/vboxuser/agv_ws/install/canopen_tests:/home/vboxuser/agv_ws/install/canopen_ros2_controllers:/home/vboxuser/agv_ws/install/canopen_ros2_control:/home/vboxuser/agv_ws/install/canopen_master_driver:/home/vboxuser/agv_ws/install/canopen_fake_slaves:/home/vboxuser/agv_ws/install/agv_py:/home/vboxuser/agv_ws/install/agv_controllers:/home/vboxuser/agv_ws/install/communication:/home/vboxuser/agv_ws/install/canopen_utils:/home/vboxuser/agv_ws/install/agv_py_functions:/home/vboxuser/install/my_py_pkg:/home/vboxuser/install/agv_py_functions:/home/vboxuser/bumperbot_ws/install/bumperbot_py_examples:/home/vboxuser/ros2_ws/install/my_py_pkg:/opt/ros/humble:/home/vboxuser/agv_ws/install/agv_controller:/home/vboxuser/agv_ws/install/agv:/home/vboxuser/install/agv:/home/vboxuser/bumperbot_ws/install/bumperbot_cpp_examples:/home/vboxuser/bumperbot_ws/install/bumperbot_msgs:/home/vboxuser/bumperbot_ws/install/bumperbot_description:/home/vboxuser/bumperbot_ws/install/bumperbot_controller:/home/vboxuser/ros2_ws/install/my_simulation LD_LIBRARY_PATH=/home/vboxuser/agv_ws/install/canopen_402_driver/lib:/home/vboxuser/agv_ws/install/canopen_proxy_driver/lib:/home/vboxuser/agv_ws/install/canopen_base_driver/lib:/home/vboxuser/agv_ws/install/canopen_core/lib:/home/vboxuser/agv_ws/install/lely_core_libraries/lib:/home/vboxuser/agv_ws/install/canopen_interfaces/lib:/home/vboxuser/agv_ws/install/canopen_ros2_controllers/lib:/home/vboxuser/agv_ws/install/canopen_ros2_control/lib:/home/vboxuser/agv_ws/install/canopen_master_driver/lib:/home/vboxuser/bumperbot_ws/install/bumperbot_msgs/lib:/usr/lib/x86_64-linux-gnu/gazebo-11/plugins:/opt/ros/humble/opt/rviz_ogre_vendor/lib:/opt/ros/humble/lib/x86_64-linux-gnu:/opt/ros/humble/lib PYTHONPATH=/home/vboxuser/agv_ws/install/lely_core_libraries/lib/python3.10/site-packages:/home/vboxuser/agv_ws/install/lely_core_libraries/local/lib/python3.10/dist-packages:/home/vboxuser/agv_ws/install/communication/lib/python3.10/site-packages:/home/vboxuser/agv_ws/install/canopen_utils/lib/python3.10/site-packages:/home/vboxuser/agv_ws/install/canopen_interfaces/local/lib/python3.10/dist-packages:/home/vboxuser/agv_ws/install/agv_py_functions/lib/python3.10/site-packages:/home/vboxuser/agv_ws/install/agv_py/lib/python3.10/site-packages:/home/vboxuser/agv_ws/install/agv/lib/python3.10/site-packages:/home/vboxuser/install/my_py_pkg/lib/python3.10/site-packages:/home/vboxuser/install/agv_py_functions/lib/python3.10/site-packages:/home/vboxuser/bumperbot_ws/install/bumperbot_py_examples/lib/python3.10/site-packages:/home/vboxuser/bumperbot_ws/install/bumperbot_msgs/local/lib/python3.10/dist-packages:/home/vboxuser/bumperbot_ws/install/bumperbot_controller/local/lib/python3.10/dist-packages:/home/vboxuser/ros2_ws/install/my_py_pkg/lib/python3.10/site-packages:/opt/ros/humble/lib/python3.10/site-packages:/opt/ros/humble/local/lib/python3.10/dist-packages /usr/bin/cmake /home/vboxuser/agv_ws/src/panda_canopen -DCMAKE_INSTALL_PREFIX=/home/vboxuser/agv_ws/install/panda_canopen
[10.327s] Invoking command in '/home/vboxuser/agv_ws/build/panda_canopen': CMAKE_PREFIX_PATH=/home/vboxuser/agv_ws/install/canopen:/home/vboxuser/agv_ws/install/canopen_402_driver:/home/vboxuser/agv_ws/install/canopen_proxy_driver:/home/vboxuser/agv_ws/install/canopen_base_driver:/home/vboxuser/agv_ws/install/canopen_core:/home/vboxuser/agv_ws/install/lely_core_libraries:/home/vboxuser/agv_ws/install/canopen_interfaces:/home/vboxuser/agv_ws/install/my_simulation:/home/vboxuser/agv_ws/install/canopen_tests:/home/vboxuser/agv_ws/install/canopen_ros2_controllers:/home/vboxuser/agv_ws/install/canopen_ros2_control:/home/vboxuser/agv_ws/install/canopen_master_driver:/home/vboxuser/agv_ws/install/canopen_fake_slaves:/home/vboxuser/agv_ws/install/agv_py:/home/vboxuser/agv_ws/install/agv_controllers:/home/vboxuser/agv_ws/install/communication:/home/vboxuser/agv_ws/install/canopen_utils:/home/vboxuser/agv_ws/install/agv_py_functions:/home/vboxuser/install/my_py_pkg:/home/vboxuser/install/agv_py_functions:/home/vboxuser/bumperbot_ws/install/bumperbot_py_examples:/home/vboxuser/ros2_ws/install/my_py_pkg:/opt/ros/humble:/home/vboxuser/agv_ws/install/agv_controller:/home/vboxuser/agv_ws/install/agv:/home/vboxuser/install/agv:/home/vboxuser/bumperbot_ws/install/bumperbot_cpp_examples:/home/vboxuser/bumperbot_ws/install/bumperbot_msgs:/home/vboxuser/bumperbot_ws/install/bumperbot_description:/home/vboxuser/bumperbot_ws/install/bumperbot_controller:/home/vboxuser/ros2_ws/install/my_simulation LD_LIBRARY_PATH=/home/vboxuser/agv_ws/install/canopen_402_driver/lib:/home/vboxuser/agv_ws/install/canopen_proxy_driver/lib:/home/vboxuser/agv_ws/install/canopen_base_driver/lib:/home/vboxuser/agv_ws/install/canopen_core/lib:/home/vboxuser/agv_ws/install/lely_core_libraries/lib:/home/vboxuser/agv_ws/install/canopen_interfaces/lib:/home/vboxuser/agv_ws/install/canopen_ros2_controllers/lib:/home/vboxuser/agv_ws/install/canopen_ros2_control/lib:/home/vboxuser/agv_ws/install/canopen_master_driver/lib:/home/vboxuser/bumperbot_ws/install/bumperbot_msgs/lib:/usr/lib/x86_64-linux-gnu/gazebo-11/plugins:/opt/ros/humble/opt/rviz_ogre_vendor/lib:/opt/ros/humble/lib/x86_64-linux-gnu:/opt/ros/humble/lib PYTHONPATH=/home/vboxuser/agv_ws/install/lely_core_libraries/lib/python3.10/site-packages:/home/vboxuser/agv_ws/install/lely_core_libraries/local/lib/python3.10/dist-packages:/home/vboxuser/agv_ws/install/communication/lib/python3.10/site-packages:/home/vboxuser/agv_ws/install/canopen_utils/lib/python3.10/site-packages:/home/vboxuser/agv_ws/install/canopen_interfaces/local/lib/python3.10/dist-packages:/home/vboxuser/agv_ws/install/agv_py_functions/lib/python3.10/site-packages:/home/vboxuser/agv_ws/install/agv_py/lib/python3.10/site-packages:/home/vboxuser/agv_ws/install/agv/lib/python3.10/site-packages:/home/vboxuser/install/my_py_pkg/lib/python3.10/site-packages:/home/vboxuser/install/agv_py_functions/lib/python3.10/site-packages:/home/vboxuser/bumperbot_ws/install/bumperbot_py_examples/lib/python3.10/site-packages:/home/vboxuser/bumperbot_ws/install/bumperbot_msgs/local/lib/python3.10/dist-packages:/home/vboxuser/bumperbot_ws/install/bumperbot_controller/local/lib/python3.10/dist-packages:/home/vboxuser/ros2_ws/install/my_py_pkg/lib/python3.10/site-packages:/opt/ros/humble/lib/python3.10/site-packages:/opt/ros/humble/local/lib/python3.10/dist-packages /usr/bin/cmake --build /home/vboxuser/agv_ws/build/panda_canopen -- -j4 -l4
[10.807s] [  0%] Built target cia402_prepare
[10.896s] [ 50%] [32mBuilding CXX object CMakeFiles/canopen_joint_state_publisher.dir/src/canopen_joint_state_publisher.cpp.o[0m
[35.085s] [100%] [32m[1mLinking CXX executable canopen_joint_state_publisher[0m
[36.003s] [100%] Built target canopen_joint_state_publisher
[39.582s] panda_joint1: writing 2 bytes to 0x1017/0: E8 03
[39.582s] panda_joint1: writing 4 bytes to 0x1400/1: 01 02 00 80
[39.582s] panda_joint1: writing 4 bytes to 0x1600/1: 10 00 40 60
[39.582s] panda_joint1: writing 4 bytes to 0x1600/2: 08 00 60 60
[39.582s] panda_joint1: writing 1 bytes to 0x1600/0: 02
[39.583s] panda_joint1: writing 4 bytes to 0x1400/1: 01 02 00 00
[39.583s] panda_joint1: writing 4 bytes to 0x1401/1: 01 03 00 80
[39.583s] panda_joint1: writing 4 bytes to 0x1601/1: 20 00 7A 60
[39.583s] panda_joint1: writing 4 bytes to 0x1601/2: 20 00 FF 60
[39.583s] panda_joint1: writing 1 bytes to 0x1601/0: 02
[39.583s] panda_joint1: writing 4 bytes to 0x1401/1: 01 03 00 00
[39.583s] panda_joint1: writing 4 bytes to 0x1402/1: 01 04 00 80
[39.583s] panda_joint1: writing 4 bytes to 0x1403/1: 01 05 00 80
[39.583s] panda_joint1: writing 4 bytes to 0x1800/1: 81 01 00 80
[39.584s] panda_joint1: writing 1 bytes to 0x1800/2: 01
[39.584s] panda_joint1: writing 1 bytes to 0x1A00/0: 00
[39.584s] panda_joint1: writing 4 bytes to 0x1A00/1: 10 00 41 60
[39.584s] panda_joint1: writing 4 bytes to 0x1A00/2: 08 00 61 60
[39.584s] panda_joint1: writing 1 bytes to 0x1A00/0: 02
[39.584s] panda_joint1: writing 4 bytes to 0x1800/1: 81 01 00 00
[39.584s] panda_joint1: writing 4 bytes to 0x1801/1: 81 02 00 80
[39.584s] panda_joint1: writing 1 bytes to 0x1801/2: 01
[39.585s] panda_joint1: writing 4 bytes to 0x1A01/1: 10 00 6C 60
[39.585s] panda_joint1: writing 1 bytes to 0x1A01/0: 01
[39.585s] panda_joint1: writing 4 bytes to 0x1801/1: 81 02 00 00
[39.585s] panda_joint1: writing 4 bytes to 0x1802/1: 81 03 00 80
[39.585s] panda_joint1: writing 4 bytes to 0x1803/1: 81 04 00 80
[39.585s] panda_joint1: writing 4 bytes to 0x6081/0: E8 03 00 00
[39.585s] panda_joint1: writing 4 bytes to 0x6083/0: 10 27 00 00
[39.585s] panda_joint1: writing 4 bytes to 0x6084/0: 10 27 00 00
[39.585s] panda_joint1: writing 4 bytes to 0x6085/0: 10 27 00 00
[39.586s] panda_joint1: writing 1 bytes to 0x6098/0: 00
[39.587s] panda_joint2: writing 2 bytes to 0x1017/0: E8 03
[39.587s] panda_joint2: writing 4 bytes to 0x1400/1: 02 02 00 80
[39.587s] panda_joint2: writing 4 bytes to 0x1600/1: 10 00 40 60
[39.587s] panda_joint2: writing 4 bytes to 0x1600/2: 08 00 60 60
[39.587s] panda_joint2: writing 1 bytes to 0x1600/0: 02
[39.587s] panda_joint2: writing 4 bytes to 0x1400/1: 02 02 00 00
[39.587s] panda_joint2: writing 4 bytes to 0x1401/1: 02 03 00 80
[39.587s] panda_joint2: writing 4 bytes to 0x1601/1: 20 00 7A 60
[39.587s] panda_joint2: writing 4 bytes to 0x1601/2: 20 00 FF 60
[39.587s] panda_joint2: writing 1 bytes to 0x1601/0: 02
[39.588s] panda_joint2: writing 4 bytes to 0x1401/1: 02 03 00 00
[39.588s] panda_joint2: writing 4 bytes to 0x1402/1: 02 04 00 80
[39.588s] panda_joint2: writing 4 bytes to 0x1403/1: 02 05 00 80
[39.588s] panda_joint2: writing 4 bytes to 0x1800/1: 82 01 00 80
[39.588s] panda_joint2: writing 1 bytes to 0x1800/2: 01
[39.588s] panda_joint2: writing 1 bytes to 0x1A00/0: 00
[39.589s] panda_joint2: writing 4 bytes to 0x1A00/1: 10 00 41 60
[39.589s] panda_joint2: writing 4 bytes to 0x1A00/2: 08 00 61 60
[39.589s] panda_joint2: writing 1 bytes to 0x1A00/0: 02
[39.589s] panda_joint2: writing 4 bytes to 0x1800/1: 82 01 00 00
[39.589s] panda_joint2: writing 4 bytes to 0x1801/1: 82 02 00 80
[39.589s] panda_joint2: writing 1 bytes to 0x1801/2: 01
[39.589s] panda_joint2: writing 4 bytes to 0x1A01/1: 10 00 6C 60
[39.590s] panda_joint2: writing 1 bytes to 0x1A01/0: 01
[39.590s] panda_joint2: writing 4 bytes to 0x1801/1: 82 02 00 00
[39.590s] panda_joint2: writing 4 bytes to 0x1802/1: 82 03 00 80
[39.590s] panda_joint2: writing 4 bytes to 0x1803/1: 82 04 00 80
[39.590s] panda_joint2: writing 4 bytes to 0x6081/0: E8 03 00 00
[39.590s] panda_joint2: writing 4 bytes to 0x6083/0: 10 27 00 00
[39.593s] panda_joint2: writing 4 bytes to 0x6084/0: 10 27 00 00
[39.593s] panda_joint2: writing 4 bytes to 0x6085/0: 10 27 00 00
[39.594s] panda_joint2: writing 1 bytes to 0x6098/0: 00
[39.594s] panda_joint3: writing 2 bytes to 0x1017/0: E8 03
[39.594s] panda_joint3: writing 4 bytes to 0x1400/1: 04 02 00 80
[39.594s] panda_joint3: writing 4 bytes to 0x1600/1: 10 00 40 60
[39.594s] panda_joint3: writing 4 bytes to 0x1600/2: 08 00 60 60
[39.595s] panda_joint3: writing 1 bytes to 0x1600/0: 02
[39.595s] panda_joint3: writing 4 bytes to 0x1400/1: 04 02 00 00
[39.595s] panda_joint3: writing 4 bytes to 0x1401/1: 04 03 00 80
[39.595s] panda_joint3: writing 4 bytes to 0x1601/1: 20 00 7A 60
[39.595s] panda_joint3: writing 4 bytes to 0x1601/2: 20 00 FF 60
[39.595s] panda_joint3: writing 1 bytes to 0x1601/0: 02
[39.595s] panda_joint3: writing 4 bytes to 0x1401/1: 04 03 00 00
[39.596s] panda_joint3: writing 4 bytes to 0x1402/1: 04 04 00 80
[39.596s] panda_joint3: writing 4 bytes to 0x1403/1: 04 05 00 80
[39.596s] panda_joint3: writing 4 bytes to 0x1800/1: 84 01 00 80
[39.596s] panda_joint3: writing 1 bytes to 0x1800/2: 01
[39.597s] panda_joint3: writing 1 bytes to 0x1A00/0: 00
[39.597s] panda_joint3: writing 4 bytes to 0x1A00/1: 10 00 41 60
[39.597s] panda_joint3: writing 4 bytes to 0x1A00/2: 08 00 61 60
[39.597s] panda_joint3: writing 1 bytes to 0x1A00/0: 02
[39.597s] panda_joint3: writing 4 bytes to 0x1800/1: 84 01 00 00
[39.597s] panda_joint3: writing 4 bytes to 0x1801/1: 84 02 00 80
[39.597s] panda_joint3: writing 1 bytes to 0x1801/2: 01
[39.598s] panda_joint3: writing 4 bytes to 0x1A01/1: 10 00 6C 60
[39.598s] panda_joint3: writing 1 bytes to 0x1A01/0: 01
[39.598s] panda_joint3: writing 4 bytes to 0x1801/1: 84 02 00 00
[39.598s] panda_joint3: writing 4 bytes to 0x1802/1: 84 03 00 80
[39.598s] panda_joint3: writing 4 bytes to 0x1803/1: 84 04 00 80
[39.598s] panda_joint3: writing 4 bytes to 0x6081/0: E8 03 00 00
[39.598s] panda_joint3: writing 4 bytes to 0x6083/0: 10 27 00 00
[39.599s] panda_joint3: writing 4 bytes to 0x6084/0: 10 27 00 00
[39.599s] panda_joint3: writing 4 bytes to 0x6085/0: 10 27 00 00
[39.599s] panda_joint3: writing 1 bytes to 0x6098/0: 00
[39.599s] panda_joint4: writing 2 bytes to 0x1017/0: E8 03
[39.599s] panda_joint4: writing 4 bytes to 0x1400/1: 05 02 00 80
[39.599s] panda_joint4: writing 4 bytes to 0x1600/1: 10 00 40 60
[39.600s] panda_joint4: writing 4 bytes to 0x1600/2: 08 00 60 60
[39.600s] panda_joint4: writing 1 bytes to 0x1600/0: 02
[39.600s] panda_joint4: writing 4 bytes to 0x1400/1: 05 02 00 00
[39.600s] panda_joint4: writing 4 bytes to 0x1401/1: 05 03 00 80
[39.600s] panda_joint4: writing 4 bytes to 0x1601/1: 20 00 7A 60
[39.600s] panda_joint4: writing 4 bytes to 0x1601/2: 20 00 FF 60
[39.600s] panda_joint4: writing 1 bytes to 0x1601/0: 02
[39.600s] panda_joint4: writing 4 bytes to 0x1401/1: 05 03 00 00
[39.601s] panda_joint4: writing 4 bytes to 0x1402/1: 05 04 00 80
[39.601s] panda_joint4: writing 4 bytes to 0x1403/1: 05 05 00 80
[39.601s] panda_joint4: writing 4 bytes to 0x1800/1: 85 01 00 80
[39.601s] panda_joint4: writing 1 bytes to 0x1800/2: 01
[39.601s] panda_joint4: writing 1 bytes to 0x1A00/0: 00
[39.601s] panda_joint4: writing 4 bytes to 0x1A00/1: 10 00 41 60
[39.601s] panda_joint4: writing 4 bytes to 0x1A00/2: 08 00 61 60
[39.601s] panda_joint4: writing 1 bytes to 0x1A00/0: 02
[39.601s] panda_joint4: writing 4 bytes to 0x1800/1: 85 01 00 00
[39.602s] panda_joint4: writing 4 bytes to 0x1801/1: 85 02 00 80
[39.602s] panda_joint4: writing 1 bytes to 0x1801/2: 01
[39.602s] panda_joint4: writing 4 bytes to 0x1A01/1: 10 00 6C 60
[39.602s] panda_joint4: writing 1 bytes to 0x1A01/0: 01
[39.602s] panda_joint4: writing 4 bytes to 0x1801/1: 85 02 00 00
[39.602s] panda_joint4: writing 4 bytes to 0x1802/1: 85 03 00 80
[39.602s] panda_joint4: writing 4 bytes to 0x1803/1: 85 04 00 80
[39.603s] panda_joint4: writing 4 bytes to 0x6081/0: E8 03 00 00
[39.603s] panda_joint4: writing 4 bytes to 0x6083/0: 10 27 00 00
[39.603s] panda_joint4: writing 4 bytes to 0x6084/0: 10 27 00 00
[39.603s] panda_joint4: writing 4 bytes to 0x6085/0: 10 27 00 00
[39.603s] panda_joint4: writing 1 bytes to 0x6098/0: 00
[39.603s] panda_joint5: writing 2 bytes to 0x1017/0: E8 03
[39.603s] panda_joint5: writing 4 bytes to 0x1400/1: 06 02 00 80
[39.603s] panda_joint5: writing 4 bytes to 0x1600/1: 10 00 40 60
[39.603s] panda_joint5: writing 4 bytes to 0x1600/2: 08 00 60 60
[39.604s] panda_joint5: writing 1 bytes to 0x1600/0: 02
[39.604s] panda_joint5: writing 4 bytes to 0x1400/1: 06 02 00 00
[39.604s] panda_joint5: writing 4 bytes to 0x1401/1: 06 03 00 80
[39.604s] panda_joint5: writing 4 bytes to 0x1601/1: 20 00 7A 60
[39.604s] panda_joint5: writing 4 bytes to 0x1601/2: 20 00 FF 60
[39.604s] panda_joint5: writing 1 bytes to 0x1601/0: 02
[39.604s] panda_joint5: writing 4 bytes to 0x1401/1: 06 03 00 00
[39.604s] panda_joint5: writing 4 bytes to 0x1402/1: 06 04 00 80
[39.604s] panda_joint5: writing 4 bytes to 0x1403/1: 06 05 00 80
[39.605s] panda_joint5: writing 4 bytes to 0x1800/1: 86 01 00 80
[39.605s] panda_joint5: writing 1 bytes to 0x1800/2: 01
[39.605s] panda_joint5: writing 1 bytes to 0x1A00/0: 00
[39.605s] panda_joint5: writing 4 bytes to 0x1A00/1: 10 00 41 60
[39.605s] panda_joint5: writing 4 bytes to 0x1A00/2: 08 00 61 60
[39.605s] panda_joint5: writing 1 bytes to 0x1A00/0: 02
[39.605s] panda_joint5: writing 4 bytes to 0x1800/1: 86 01 00 00
[39.605s] panda_joint5: writing 4 bytes to 0x1801/1: 86 02 00 80
[39.605s] panda_joint5: writing 1 bytes to 0x1801/2: 01
[39.606s] panda_joint5: writing 4 bytes to 0x1A01/1: 10 00 6C 60
[39.606s] panda_joint5: writing 1 bytes to 0x1A01/0: 01
[39.606s] panda_joint5: writing 4 bytes to 0x1801/1: 86 02 00 00
[39.606s] panda_joint5: writing 4 bytes to 0x1802/1: 86 03 00 80
[39.606s] panda_joint5: writing 4 bytes to 0x1803/1: 86 04 00 80
[39.606s] panda_joint5: writing 4 bytes to 0x6081/0: E8 03 00 00
[39.606s] panda_joint5: writing 4 bytes to 0x6083/0: 10 27 00 00
[39.606s] panda_joint5: writing 4 bytes to 0x6084/0: 10 27 00 00
[39.606s] panda_joint5: writing 4 bytes to 0x6085/0: 10 27 00 00
[39.606s] panda_joint5: writing 1 bytes to 0x6098/0: 00
[39.607s] panda_joint6: writing 2 bytes to 0x1017/0: E8 03
[39.607s] panda_joint6: writing 4 bytes to 0x1400/1: 07 02 00 80
[39.607s] panda_joint6: writing 4 bytes to 0x1600/1: 10 00 40 60
[39.607s] panda_joint6: writing 4 bytes to 0x1600/2: 08 00 60 60
[39.607s] panda_joint6: writing 1 bytes to 0x1600/0: 02
[39.607s] panda_joint6: writing 4 bytes to 0x1400/1: 07 02 00 00
[39.607s] panda_joint6: writing 4 bytes to 0x1401/1: 07 03 00 80
[39.607s] panda_joint6: writing 4 bytes to 0x1601/1: 20 00 7A 60
[39.608s] panda_joint6: writing 4 bytes to 0x1601/2: 20 00 FF 60
[39.608s] panda_joint6: writing 1 bytes to 0x1601/0: 02
[39.608s] panda_joint6: writing 4 bytes to 0x1401/1: 07 03 00 00
[39.608s] panda_joint6: writing 4 bytes to 0x1402/1: 07 04 00 80
[39.608s] panda_joint6: writing 4 bytes to 0x1403/1: 07 05 00 80
[39.608s] panda_joint6: writing 4 bytes to 0x1800/1: 87 01 00 80
[39.608s] panda_joint6: writing 1 bytes to 0x1800/2: 01
[39.608s] panda_joint6: writing 1 bytes to 0x1A00/0: 00
[39.608s] panda_joint6: writing 4 bytes to 0x1A00/1: 10 00 41 60
[39.609s] panda_joint6: writing 4 bytes to 0x1A00/2: 08 00 61 60
[39.609s] panda_joint6: writing 1 bytes to 0x1A00/0: 02
[39.609s] panda_joint6: writing 4 bytes to 0x1800/1: 87 01 00 00
[39.609s] panda_joint6: writing 4 bytes to 0x1801/1: 87 02 00 80
[39.609s] panda_joint6: writing 1 bytes to 0x1801/2: 01
[39.609s] panda_joint6: writing 4 bytes to 0x1A01/1: 10 00 6C 60
[39.609s] panda_joint6: writing 1 bytes to 0x1A01/0: 01
[39.609s] panda_joint6: writing 4 bytes to 0x1801/1: 87 02 00 00
[39.609s] panda_joint6: writing 4 bytes to 0x1802/1: 87 03 00 80
[39.610s] panda_joint6: writing 4 bytes to 0x1803/1: 87 04 00 80
[39.610s] panda_joint6: writing 4 bytes to 0x6081/0: E8 03 00 00
[39.610s] panda_joint6: writing 4 bytes to 0x6083/0: 10 27 00 00
[39.610s] panda_joint6: writing 4 bytes to 0x6084/0: 10 27 00 00
[39.610s] panda_joint6: writing 4 bytes to 0x6085/0: 10 27 00 00
[39.610s] panda_joint6: writing 1 bytes to 0x6098/0: 00
[39.610s] panda_joint7: writing 2 bytes to 0x1017/0: E8 03
[39.610s] panda_joint7: writing 4 bytes to 0x1400/1: 08 02 00 80
[39.610s] panda_joint7: writing 4 bytes to 0x1600/1: 10 00 40 60
[39.611s] panda_joint7: writing 4 bytes to 0x1600/2: 08 00 60 60
[39.611s] panda_joint7: writing 1 bytes to 0x1600/0: 02
[39.611s] panda_joint7: writing 4 bytes to 0x1400/1: 08 02 00 00
[39.611s] panda_joint7: writing 4 bytes to 0x1401/1: 08 03 00 80
[39.611s] panda_joint7: writing 4 bytes to 0x1601/1: 20 00 7A 60
[39.611s] panda_joint7: writing 4 bytes to 0x1601/2: 20 00 FF 60
[39.611s] panda_joint7: writing 1 bytes to 0x1601/0: 02
[39.612s] panda_joint7: writing 4 bytes to 0x1401/1: 08 03 00 00
[39.612s] panda_joint7: writing 4 bytes to 0x1402/1: 08 04 00 80
[39.612s] panda_joint7: writing 4 bytes to 0x1403/1: 08 05 00 80
[39.612s] panda_joint7: writing 4 bytes to 0x1800/1: 88 01 00 80
[39.612s] panda_joint7: writing 1 bytes to 0x1800/2: 01
[39.612s] panda_joint7: writing 1 bytes to 0x1A00/0: 00
[39.613s] panda_joint7: writing 4 bytes to 0x1A00/1: 10 00 41 60
[39.613s] panda_joint7: writing 4 bytes to 0x1A00/2: 08 00 61 60
[39.613s] panda_joint7: writing 1 bytes to 0x1A00/0: 02
[39.613s] panda_joint7: writing 4 bytes to 0x1800/1: 88 01 00 00
[39.613s] panda_joint7: writing 4 bytes to 0x1801/1: 88 02 00 80
[39.613s] panda_joint7: writing 1 bytes to 0x1801/2: 01
[39.613s] panda_joint7: writing 4 bytes to 0x1A01/1: 10 00 6C 60
[39.613s] panda_joint7: writing 1 bytes to 0x1A01/0: 01
[39.613s] panda_joint7: writing 4 bytes to 0x1801/1: 88 02 00 00
[39.614s] panda_joint7: writing 4 bytes to 0x1802/1: 88 03 00 80
[39.614s] panda_joint7: writing 4 bytes to 0x1803/1: 88 04 00 80
[39.614s] panda_joint7: writing 4 bytes to 0x6081/0: E8 03 00 00
[39.614s] panda_joint7: writing 4 bytes to 0x6083/0: 10 27 00 00
[39.614s] panda_joint7: writing 4 bytes to 0x6084/0: 10 27 00 00
[39.614s] panda_joint7: writing 4 bytes to 0x6085/0: 10 27 00 00
[39.614s] panda_joint7: writing 1 bytes to 0x6098/0: 00
[40.259s] [100%] Built target cia402
[40.276s] Invoked command in '/home/vboxuser/agv_ws/build/panda_canopen' returned '0': CMAKE_PREFIX_PATH=/home/vboxuser/agv_ws/install/canopen:/home/vboxuser/agv_ws/install/canopen_402_driver:/home/vboxuser/agv_ws/install/canopen_proxy_driver:/home/vboxuser/agv_ws/install/canopen_base_driver:/home/vboxuser/agv_ws/install/canopen_core:/home/vboxuser/agv_ws/install/lely_core_libraries:/home/vboxuser/agv_ws/install/canopen_interfaces:/home/vboxuser/agv_ws/install/my_simulation:/home/vboxuser/agv_ws/install/canopen_tests:/home/vboxuser/agv_ws/install/canopen_ros2_controllers:/home/vboxuser/agv_ws/install/canopen_ros2_control:/home/vboxuser/agv_ws/install/canopen_master_driver:/home/vboxuser/agv_ws/install/canopen_fake_slaves:/home/vboxuser/agv_ws/install/agv_py:/home/vboxuser/agv_ws/install/agv_controllers:/home/vboxuser/agv_ws/install/communication:/home/vboxuser/agv_ws/install/canopen_utils:/home/vboxuser/agv_ws/install/agv_py_functions:/home/vboxuser/install/my_py_pkg:/home/vboxuser/install/agv_py_functions:/home/vboxuser/bumperbot_ws/install/bumperbot_py_examples:/home/vboxuser/ros2_ws/install/my_py_pkg:/opt/ros/humble:/home/vboxuser/agv_ws/install/agv_controller:/home/vboxuser/agv_ws/install/agv:/home/vboxuser/install/agv:/home/vboxuser/bumperbot_ws/install/bumperbot_cpp_examples:/home/vboxuser/bumperbot_ws/install/bumperbot_msgs:/home/vboxuser/bumperbot_ws/install/bumperbot_description:/home/vboxuser/bumperbot_ws/install/bumperbot_controller:/home/vboxuser/ros2_ws/install/my_simulation LD_LIBRARY_PATH=/home/vboxuser/agv_ws/install/canopen_402_driver/lib:/home/vboxuser/agv_ws/install/canopen_proxy_driver/lib:/home/vboxuser/agv_ws/install/canopen_base_driver/lib:/home/vboxuser/agv_ws/install/canopen_core/lib:/home/vboxuser/agv_ws/install/lely_core_libraries/lib:/home/vboxuser/agv_ws/install/canopen_interfaces/lib:/home/vboxuser/agv_ws/install/canopen_ros2_controllers/lib:/home/vboxuser/agv_ws/install/canopen_ros2_control/lib:/home/vboxuser/agv_ws/install/canopen_master_driver/lib:/home/vboxuser/bumperbot_ws/install/bumperbot_msgs/lib:/usr/lib/x86_64-linux-gnu/gazebo-11/plugins:/opt/ros/humble/opt/rviz_ogre_vendor/lib:/opt/ros/humble/lib/x86_64-linux-gnu:/opt/ros/humble/lib PYTHONPATH=/home/vboxuser/agv_ws/install/lely_core_libraries/lib/python3.10/site-packages:/home/vboxuser/agv_ws/install/lely_core_libraries/local/lib/python3.10/dist-packages:/home/vboxuser/agv_ws/install/communication/lib/python3.10/site-packages:/home/vboxuser/agv_ws/install/canopen_utils/lib/python3.10/site-packages:/home/vboxuser/agv_ws/install/canopen_interfaces/local/lib/python3.10/dist-packages:/home/vboxuser/agv_ws/install/agv_py_functions/lib/python3.10/site-packages:/home/vboxuser/agv_ws/install/agv_py/lib/python3.10/site-packages:/home/vboxuser/agv_ws/install/agv/lib/python3.10/site-packages:/home/vboxuser/install/my_py_pkg/lib/python3.10/site-packages:/home/vboxuser/install/agv_py_functions/lib/python3.10/site-packages:/home/vboxuser/bumperbot_ws/install/bumperbot_py_examples/lib/python3.10/site-packages:/home/vboxuser/bumperbot_ws/install/bumperbot_msgs/local/lib/python3.10/dist-packages:/home/vboxuser/bumperbot_ws/install/bumperbot_controller/local/lib/python3.10/dist-packages:/home/vboxuser/ros2_ws/install/my_py_pkg/lib/python3.10/site-packages:/opt/ros/humble/lib/python3.10/site-packages:/opt/ros/humble/local/lib/python3.10/dist-packages /usr/bin/cmake --build /home/vboxuser/agv_ws/build/panda_canopen -- -j4 -l4
[40.339s] Invoking command in '/home/vboxuser/agv_ws/build/panda_canopen': CMAKE_PREFIX_PATH=/home/vboxuser/agv_ws/install/canopen:/home/vboxuser/agv_ws/install/canopen_402_driver:/home/vboxuser/agv_ws/install/canopen_proxy_driver:/home/vboxuser/agv_ws/install/canopen_base_driver:/home/vboxuser/agv_ws/install/canopen_core:/home/vboxuser/agv_ws/install/lely_core_libraries:/home/vboxuser/agv_ws/install/canopen_interfaces:/home/vboxuser/agv_ws/install/my_simulation:/home/vboxuser/agv_ws/install/canopen_tests:/home/vboxuser/agv_ws/install/canopen_ros2_controllers:/home/vboxuser/agv_ws/install/canopen_ros2_control:/home/vboxuser/agv_ws/install/canopen_master_driver:/home/vboxuser/agv_ws/install/canopen_fake_slaves:/home/vboxuser/agv_ws/install/agv_py:/home/vboxuser/agv_ws/install/agv_controllers:/home/vboxuser/agv_ws/install/communication:/home/vboxuser/agv_ws/install/canopen_utils:/home/vboxuser/agv_ws/install/agv_py_functions:/home/vboxuser/install/my_py_pkg:/home/vboxuser/install/agv_py_functions:/home/vboxuser/bumperbot_ws/install/bumperbot_py_examples:/home/vboxuser/ros2_ws/install/my_py_pkg:/opt/ros/humble:/home/vboxuser/agv_ws/install/agv_controller:/home/vboxuser/agv_ws/install/agv:/home/vboxuser/install/agv:/home/vboxuser/bumperbot_ws/install/bumperbot_cpp_examples:/home/vboxuser/bumperbot_ws/install/bumperbot_msgs:/home/vboxuser/bumperbot_ws/install/bumperbot_description:/home/vboxuser/bumperbot_ws/install/bumperbot_controller:/home/vboxuser/ros2_ws/install/my_simulation LD_LIBRARY_PATH=/home/vboxuser/agv_ws/install/canopen_402_driver/lib:/home/vboxuser/agv_ws/install/canopen_proxy_driver/lib:/home/vboxuser/agv_ws/install/canopen_base_driver/lib:/home/vboxuser/agv_ws/install/canopen_core/lib:/home/vboxuser/agv_ws/install/lely_core_libraries/lib:/home/vboxuser/agv_ws/install/canopen_interfaces/lib:/home/vboxuser/agv_ws/install/canopen_ros2_controllers/lib:/home/vboxuser/agv_ws/install/canopen_ros2_control/lib:/home/vboxuser/agv_ws/install/canopen_master_driver/lib:/home/vboxuser/bumperbot_ws/install/bumperbot_msgs/lib:/usr/lib/x86_64-linux-gnu/gazebo-11/plugins:/opt/ros/humble/opt/rviz_ogre_vendor/lib:/opt/ros/humble/lib/x86_64-linux-gnu:/opt/ros/humble/lib PYTHONPATH=/home/vboxuser/agv_ws/install/lely_core_libraries/lib/python3.10/site-packages:/home/vboxuser/agv_ws/install/lely_core_libraries/local/lib/python3.10/dist-packages:/home/vboxuser/agv_ws/install/communication/lib/python3.10/site-packages:/home/vboxuser/agv_ws/install/canopen_utils/lib/python3.10/site-packages:/home/vboxuser/agv_ws/install/canopen_interfaces/local/lib/python3.10/dist-packages:/home/vboxuser/agv_ws/install/agv_py_functions/lib/python3.10/site-packages:/home/vboxuser/agv_ws/install/agv_py/lib/python3.10/site-packages:/home/vboxuser/agv_ws/install/agv/lib/python3.10/site-packages:/home/vboxuser/install/my_py_pkg/lib/python3.10/site-packages:/home/vboxuser/install/agv_py_functions/lib/python3.10/site-packages:/home/vboxuser/bumperbot_ws/install/bumperbot_py_examples/lib/python3.10/site-packages:/home/vboxuser/bumperbot_ws/install/bumperbot_msgs/local/lib/python3.10/dist-packages:/home/vboxuser/bumperbot_ws/install/bumperbot_controller/local/lib/python3.10/dist-packages:/home/vboxuser/ros2_ws/install/my_py_pkg/lib/python3.10/site-packages:/opt/ros/humble/lib/python3.10/site-packages:/opt/ros/humble/local/lib/python3.10/dist-packages /usr/bin/cmake --install /home/vboxuser/agv_ws/build/panda_canopen
[40.352s] -- Install configuration: ""
[40.352s] -- Installing: /home/vboxuser/agv_ws/install/panda_canopen/share/panda_canopen/config/cia402/
[40.353s] -- Installing: /home/vboxuser/agv_ws/install/panda_canopen/share/panda_canopen/config/cia402//cia402_slave.eds
[40.354s] -- Installing: /home/vboxuser/agv_ws/install/panda_canopen/share/panda_canopen/config/cia402//KincoCMDriver.eds
[40.355s] -- Installing: /home/vboxuser/agv_ws/install/panda_canopen/share/panda_canopen/config/cia402//bus.yml.ori
[40.355s] -- Up-to-date: /home/vboxuser/agv_ws/install/panda_canopen/share/panda_canopen/config/cia402/
[40.356s] -- Installing: /home/vboxuser/agv_ws/install/panda_canopen/share/panda_canopen/config/cia402//panda_joint2.bin
[40.356s] -- Installing: /home/vboxuser/agv_ws/install/panda_canopen/share/panda_canopen/config/cia402//panda_joint5.bin
[40.357s] -- Installing: /home/vboxuser/agv_ws/install/panda_canopen/share/panda_canopen/config/cia402//bus.yml
[40.357s] -- Installing: /home/vboxuser/agv_ws/install/panda_canopen/share/panda_canopen/config/cia402//panda_joint1.bin
[40.357s] -- Installing: /home/vboxuser/agv_ws/install/panda_canopen/share/panda_canopen/config/cia402//preprocessed_bus.yml
[40.358s] -- Installing: /home/vboxuser/agv_ws/install/panda_canopen/share/panda_canopen/config/cia402//panda_joint4.bin
[40.358s] -- Installing: /home/vboxuser/agv_ws/install/panda_canopen/share/panda_canopen/config/cia402//panda_joint6.bin
[40.359s] -- Installing: /home/vboxuser/agv_ws/install/panda_canopen/share/panda_canopen/config/cia402//master.dcf
[40.359s] -- Installing: /home/vboxuser/agv_ws/install/panda_canopen/share/panda_canopen/config/cia402//panda_joint7.bin
[40.359s] -- Installing: /home/vboxuser/agv_ws/install/panda_canopen/share/panda_canopen/config/cia402//panda_joint3.bin
[40.360s] -- Installing: /home/vboxuser/agv_ws/install/panda_canopen/share/panda_canopen/launch
[40.361s] -- Installing: /home/vboxuser/agv_ws/install/panda_canopen/share/panda_canopen/launch/simulation.launch.py
[40.362s] -- Installing: /home/vboxuser/agv_ws/install/panda_canopen/share/panda_canopen/launch/rviz.launch.py
[40.363s] -- Installing: /home/vboxuser/agv_ws/install/panda_canopen/share/panda_canopen/launch/basic.rviz
[40.364s] -- Installing: /home/vboxuser/agv_ws/install/panda_canopen/lib/panda_canopen/canopen_joint_state_publisher
[40.370s] -- Set runtime path of "/home/vboxuser/agv_ws/install/panda_canopen/lib/panda_canopen/canopen_joint_state_publisher" to ""
[40.371s] -- Installing: /home/vboxuser/agv_ws/install/panda_canopen/share/ament_index/resource_index/package_run_dependencies/panda_canopen
[40.371s] -- Installing: /home/vboxuser/agv_ws/install/panda_canopen/share/ament_index/resource_index/parent_prefix_path/panda_canopen
[40.372s] -- Installing: /home/vboxuser/agv_ws/install/panda_canopen/share/panda_canopen/environment/ament_prefix_path.sh
[40.373s] -- Installing: /home/vboxuser/agv_ws/install/panda_canopen/share/panda_canopen/environment/ament_prefix_path.dsv
[40.374s] -- Installing: /home/vboxuser/agv_ws/install/panda_canopen/share/panda_canopen/environment/path.sh
[40.374s] -- Installing: /home/vboxuser/agv_ws/install/panda_canopen/share/panda_canopen/environment/path.dsv
[40.374s] -- Installing: /home/vboxuser/agv_ws/install/panda_canopen/share/panda_canopen/local_setup.bash
[40.375s] -- Installing: /home/vboxuser/agv_ws/install/panda_canopen/share/panda_canopen/local_setup.sh
[40.375s] -- Installing: /home/vboxuser/agv_ws/install/panda_canopen/share/panda_canopen/local_setup.zsh
[40.376s] -- Installing: /home/vboxuser/agv_ws/install/panda_canopen/share/panda_canopen/local_setup.dsv
[40.376s] -- Installing: /home/vboxuser/agv_ws/install/panda_canopen/share/panda_canopen/package.dsv
[40.377s] -- Installing: /home/vboxuser/agv_ws/install/panda_canopen/share/ament_index/resource_index/packages/panda_canopen
[40.377s] -- Installing: /home/vboxuser/agv_ws/install/panda_canopen/share/panda_canopen/cmake/panda_canopenConfig.cmake
[40.378s] -- Installing: /home/vboxuser/agv_ws/install/panda_canopen/share/panda_canopen/cmake/panda_canopenConfig-version.cmake
[40.378s] -- Installing: /home/vboxuser/agv_ws/install/panda_canopen/share/panda_canopen/package.xml
[40.381s] Invoked command in '/home/vboxuser/agv_ws/build/panda_canopen' returned '0': CMAKE_PREFIX_PATH=/home/vboxuser/agv_ws/install/canopen:/home/vboxuser/agv_ws/install/canopen_402_driver:/home/vboxuser/agv_ws/install/canopen_proxy_driver:/home/vboxuser/agv_ws/install/canopen_base_driver:/home/vboxuser/agv_ws/install/canopen_core:/home/vboxuser/agv_ws/install/lely_core_libraries:/home/vboxuser/agv_ws/install/canopen_interfaces:/home/vboxuser/agv_ws/install/my_simulation:/home/vboxuser/agv_ws/install/canopen_tests:/home/vboxuser/agv_ws/install/canopen_ros2_controllers:/home/vboxuser/agv_ws/install/canopen_ros2_control:/home/vboxuser/agv_ws/install/canopen_master_driver:/home/vboxuser/agv_ws/install/canopen_fake_slaves:/home/vboxuser/agv_ws/install/agv_py:/home/vboxuser/agv_ws/install/agv_controllers:/home/vboxuser/agv_ws/install/communication:/home/vboxuser/agv_ws/install/canopen_utils:/home/vboxuser/agv_ws/install/agv_py_functions:/home/vboxuser/install/my_py_pkg:/home/vboxuser/install/agv_py_functions:/home/vboxuser/bumperbot_ws/install/bumperbot_py_examples:/home/vboxuser/ros2_ws/install/my_py_pkg:/opt/ros/humble:/home/vboxuser/agv_ws/install/agv_controller:/home/vboxuser/agv_ws/install/agv:/home/vboxuser/install/agv:/home/vboxuser/bumperbot_ws/install/bumperbot_cpp_examples:/home/vboxuser/bumperbot_ws/install/bumperbot_msgs:/home/vboxuser/bumperbot_ws/install/bumperbot_description:/home/vboxuser/bumperbot_ws/install/bumperbot_controller:/home/vboxuser/ros2_ws/install/my_simulation LD_LIBRARY_PATH=/home/vboxuser/agv_ws/install/canopen_402_driver/lib:/home/vboxuser/agv_ws/install/canopen_proxy_driver/lib:/home/vboxuser/agv_ws/install/canopen_base_driver/lib:/home/vboxuser/agv_ws/install/canopen_core/lib:/home/vboxuser/agv_ws/install/lely_core_libraries/lib:/home/vboxuser/agv_ws/install/canopen_interfaces/lib:/home/vboxuser/agv_ws/install/canopen_ros2_controllers/lib:/home/vboxuser/agv_ws/install/canopen_ros2_control/lib:/home/vboxuser/agv_ws/install/canopen_master_driver/lib:/home/vboxuser/bumperbot_ws/install/bumperbot_msgs/lib:/usr/lib/x86_64-linux-gnu/gazebo-11/plugins:/opt/ros/humble/opt/rviz_ogre_vendor/lib:/opt/ros/humble/lib/x86_64-linux-gnu:/opt/ros/humble/lib PYTHONPATH=/home/vboxuser/agv_ws/install/lely_core_libraries/lib/python3.10/site-packages:/home/vboxuser/agv_ws/install/lely_core_libraries/local/lib/python3.10/dist-packages:/home/vboxuser/agv_ws/install/communication/lib/python3.10/site-packages:/home/vboxuser/agv_ws/install/canopen_utils/lib/python3.10/site-packages:/home/vboxuser/agv_ws/install/canopen_interfaces/local/lib/python3.10/dist-packages:/home/vboxuser/agv_ws/install/agv_py_functions/lib/python3.10/site-packages:/home/vboxuser/agv_ws/install/agv_py/lib/python3.10/site-packages:/home/vboxuser/agv_ws/install/agv/lib/python3.10/site-packages:/home/vboxuser/install/my_py_pkg/lib/python3.10/site-packages:/home/vboxuser/install/agv_py_functions/lib/python3.10/site-packages:/home/vboxuser/bumperbot_ws/install/bumperbot_py_examples/lib/python3.10/site-packages:/home/vboxuser/bumperbot_ws/install/bumperbot_msgs/local/lib/python3.10/dist-packages:/home/vboxuser/bumperbot_ws/install/bumperbot_controller/local/lib/python3.10/dist-packages:/home/vboxuser/ros2_ws/install/my_py_pkg/lib/python3.10/site-packages:/opt/ros/humble/lib/python3.10/site-packages:/opt/ros/humble/local/lib/python3.10/dist-packages /usr/bin/cmake --install /home/vboxuser/agv_ws/build/panda_canopen
