[0.493s] Invoking command in '/home/vboxuser/agv_ws/build/lely_core_libraries': CMAKE_PREFIX_PATH=${CMAKE_PREFIX_PATH}:/home/vboxuser/bumperbot_ws/install/bumperbot_py_examples:/home/vboxuser/ros2_ws/install/my_py_pkg:/opt/ros/humble /usr/bin/cmake --build /home/vboxuser/agv_ws/build/lely_core_libraries -- -j4 -l4
[0.637s] [ 12%] [34m[1mPerforming update step for 'upstr_lely_core_libraries'[0m
[0.663s] [ 12%] Built target ament_cmake_python_copy_cogen_setup
[0.682s] [ 12%] Built target ament_cmake_python_copy_cogen
[0.691s] HEAD is now at 7824cbb2 release v2.3.2
[0.715s] Checking patch configure.ac...
[0.716s] Checking patch python/dcf-tools/Makefile.am...
[0.716s] Applied patch configure.ac cleanly.
[0.716s] Applied patch python/dcf-tools/Makefile.am cleanly.
[0.740s] [ 25%] [34m[1mNo patch step for 'upstr_lely_core_libraries'[0m
[0.831s] [ 37%] [34m[1mPerforming configure step for 'upstr_lely_core_libraries'[0m
[1.346s] running egg_info
[1.346s] writing cogen.egg-info/PKG-INFO
[1.346s] writing dependency_links to cogen.egg-info/dependency_links.txt
[1.347s] writing entry points to cogen.egg-info/entry_points.txt
[1.347s] writing top-level names to cogen.egg-info/top_level.txt
[1.347s] reading manifest file 'cogen.egg-info/SOURCES.txt'
[1.350s] writing manifest file 'cogen.egg-info/SOURCES.txt'
[1.407s] [ 37%] Built target ament_cmake_python_build_cogen_egg
[1.420s] running install_scripts
[1.475s] running egg_info
[1.476s] writing cogen.egg-info/PKG-INFO
[1.476s] writing dependency_links to cogen.egg-info/dependency_links.txt
[1.476s] writing entry points to cogen.egg-info/entry_points.txt
[1.477s] writing top-level names to cogen.egg-info/top_level.txt
[1.480s] reading manifest file 'cogen.egg-info/SOURCES.txt'
[1.481s] writing manifest file 'cogen.egg-info/SOURCES.txt'
[1.484s] Installing cogen script to scripts
[1.543s] [ 37%] Built target ament_cmake_python_build_cogen_scripts
[8.618s] configure.ac:17: warning: The macro `AC_PROG_CC_STDC' is obsolete.
[8.619s] configure.ac:17: You should run autoupdate.
[8.619s] ./lib/autoconf/c.m4:1666: AC_PROG_CC_STDC is expanded from...
[8.619s] configure.ac:17: the top level
[8.619s] configure.ac:81: warning: $as_echo is obsolete; use AS_ECHO(["message"]) instead
[8.619s] lib/m4sugar/m4sh.m4:692: _AS_IF_ELSE is expanded from...
[8.619s] lib/m4sugar/m4sh.m4:699: AS_IF is expanded from...
[8.619s] ./lib/autoconf/general.m4:2249: AC_CACHE_VAL is expanded from...
[8.620s] ./lib/autoconf/general.m4:2270: AC_CACHE_CHECK is expanded from...
[8.620s] m4/ax_pthread.m4:88: AX_PTHREAD is expanded from...
[8.620s] lib/m4sugar/m4sh.m4:699: AS_IF is expanded from...
[8.620s] configure.ac:81: the top level
[8.620s] configure.ac:434: warning: AC_CHECK_HEADERS($ixxat_header): you should use literals
[8.620s] ./lib/autoconf/headers.m4:217: AC_CHECK_HEADERS is expanded from...
[8.620s] lib/m4sugar/m4sh.m4:699: AS_IF is expanded from...
[8.620s] lib/m4sugar/m4sh.m4:699: AS_IF is expanded from...
[8.621s] configure.ac:434: the top level
[11.731s] checking build system type... x86_64-pc-linux-gnu
[11.731s] checking host system type... x86_64-pc-linux-gnu
[11.732s] checking target system type... x86_64-pc-linux-gnu
[11.753s] checking for a BSD-compatible install... /usr/bin/install -c
[11.757s] checking whether build environment is sane... yes
[11.773s] checking for a race-free mkdir -p... /usr/bin/mkdir -p
[11.774s] checking for gawk... no
[11.775s] checking for mawk... mawk
[11.787s] checking whether make sets $(MAKE)... yes
[11.797s] checking whether make supports nested variables... yes
[11.805s] checking whether to enable maintainer-specific portions of Makefiles... yes
[11.805s] checking whether make supports nested variables... (cached) yes
[11.811s] checking for a sed that does not truncate output... /usr/bin/sed
[11.813s] checking whether to build with code coverage support... no
[11.815s] checking for valgrind... no
[11.828s] checking whether make supports the include directive... yes (GNU style)
[11.829s] checking for gcc... gcc
[11.927s] checking whether the C compiler works... yes
[11.928s] checking for C compiler default output file name... a.out
[11.981s] checking for suffix of executables... 
[12.055s] checking whether we are cross compiling... no
[12.092s] checking for suffix of object files... o
[12.120s] checking whether the compiler supports GNU C... yes
[12.149s] checking whether gcc accepts -g... yes
[12.218s] checking for gcc option to enable C11 features... none needed
[12.279s] checking whether gcc understands -c and -o together... yes
[12.334s] checking dependency style of gcc... gcc3
[12.372s] checking for stdio.h... yes
[12.417s] checking for stdlib.h... yes
[12.464s] checking for string.h... yes
[12.505s] checking for inttypes.h... yes
[12.541s] checking for stdint.h... yes
[12.589s] checking for strings.h... yes
[12.628s] checking for sys/stat.h... yes
[12.674s] checking for sys/types.h... yes
[12.727s] checking for unistd.h... yes
[12.790s] checking for wchar.h... yes
[12.844s] checking for minix/config.h... no
[12.896s] checking whether it is safe to define __EXTENSIONS__... yes
[12.930s] checking whether _XOPEN_SOURCE should be defined... no
[12.931s] checking for g++... g++
[12.998s] checking whether the compiler supports GNU C++... yes
[13.023s] checking whether g++ accepts -g... yes
[13.151s] checking for g++ option to enable C++11 features... none needed
[13.201s] checking dependency style of g++... gcc3
[13.269s] checking whether g++ supports C++11 features with -std=gnu++11... yes
[13.327s] checking how to print strings... printf
[13.328s] checking for a sed that does not truncate output... (cached) /usr/bin/sed
[13.333s] checking for grep that handles long lines and -e... /usr/bin/grep
[13.336s] checking for egrep... /usr/bin/grep -E
[13.338s] checking for fgrep... /usr/bin/grep -F
[13.350s] checking for ld used by gcc... /usr/bin/ld
[13.354s] checking if the linker (/usr/bin/ld) is GNU ld... yes
[13.359s] checking for BSD- or MS-compatible name lister (nm)... /usr/bin/nm -B
[13.392s] checking the name lister (/usr/bin/nm -B) interface... BSD nm
[13.392s] checking whether ln -s works... yes
[13.400s] checking the maximum length of command line arguments... 1572864
[13.407s] checking how to convert x86_64-pc-linux-gnu file names to x86_64-pc-linux-gnu format... func_convert_file_noop
[13.407s] checking how to convert x86_64-pc-linux-gnu file names to toolchain format... func_convert_file_noop
[13.407s] checking for /usr/bin/ld option to reload object files... -r
[13.408s] checking for objdump... objdump
[13.408s] checking how to recognize dependent libraries... pass_all
[13.409s] checking for dlltool... no
[13.410s] checking how to associate runtime and link libraries... printf %s\n
[13.410s] checking for ar... ar
[13.455s] checking for archiver @FILE support... @
[13.455s] checking for strip... strip
[13.456s] checking for ranlib... ranlib
[13.577s] checking command to parse /usr/bin/nm -B output from gcc object... ok
[13.580s] checking for sysroot... no
[13.589s] checking for a working dd... /usr/bin/dd
[13.595s] checking how to truncate binary pipes... /usr/bin/dd bs=4096 count=1
[13.627s] checking for mt... mt
[13.634s] checking if mt is a manifest tool... no
[13.726s] checking for dlfcn.h... yes
[13.732s] checking for objdir... .libs
[13.849s] checking if gcc supports -fno-rtti -fno-exceptions... no
[13.849s] checking for gcc option to produce PIC... -fPIC -DPIC
[13.884s] checking if gcc PIC flag -fPIC -DPIC works... yes
[14.074s] checking if gcc static flag -static works... yes
[14.113s] checking if gcc supports -c -o file.o... yes
[14.113s] checking if gcc supports -c -o file.o... (cached) yes
[14.129s] checking whether the gcc linker (/usr/bin/ld -m elf_x86_64) supports shared libraries... yes
[14.173s] checking whether -lc should be explicitly linked in... no
[14.261s] checking dynamic linker characteristics... GNU/Linux ld.so
[14.261s] checking how to hardcode library paths into programs... immediate
[14.267s] checking whether stripping libraries is possible... yes
[14.267s] checking if libtool supports shared libraries... yes
[14.267s] checking whether to build shared libraries... yes
[14.267s] checking whether to build static libraries... no
[14.316s] checking how to run the C++ preprocessor... g++ -std=gnu++11 -E
[14.467s] checking for ld used by g++ -std=gnu++11... /usr/bin/ld -m elf_x86_64
[14.471s] checking if the linker (/usr/bin/ld -m elf_x86_64) is GNU ld... yes
[14.485s] checking whether the g++ -std=gnu++11 linker (/usr/bin/ld -m elf_x86_64) supports shared libraries... yes
[14.600s] checking for g++ -std=gnu++11 option to produce PIC... -fPIC -DPIC
[14.629s] checking if g++ -std=gnu++11 PIC flag -fPIC -DPIC works... yes
[14.771s] checking if g++ -std=gnu++11 static flag -static works... yes
[14.812s] checking if g++ -std=gnu++11 supports -c -o file.o... yes
[14.812s] checking if g++ -std=gnu++11 supports -c -o file.o... (cached) yes
[14.813s] checking whether the g++ -std=gnu++11 linker (/usr/bin/ld -m elf_x86_64) supports shared libraries... yes
[14.819s] checking dynamic linker characteristics... (cached) GNU/Linux ld.so
[14.819s] checking how to hardcode library paths into programs... immediate
[14.820s] checking for windres... no
[14.928s] checking for timer_create in -lrt... yes
[14.969s] checking how to run the C preprocessor... gcc -E
[15.019s] checking whether gcc is Clang... no
[15.103s] checking whether pthreads work with -pthread... yes
[15.165s] checking for joinable pthread attribute... PTHREAD_CREATE_JOINABLE
[15.166s] checking whether more special flags are required for pthreads... no
[15.230s] checking for PTHREAD_PRIO_INHERIT... yes
[15.233s] checking for pkg-config... /usr/bin/pkg-config
[15.240s] checking pkg-config is at least version 0.9.0... yes
[15.251s] checking for cpputest >= 4... no
[15.306s] checking for valgrind/valgrind.h... no
[15.391s] checking for linux/can.h... yes
[15.466s] checking for linux/can/error.h... yes
[15.492s] checking for bluetooth/bluetooth.h... no
[15.515s] checking for bluetooth/rfcomm.h... no
[15.679s] checking for library containing str2ba... no
[15.782s] checking for ifaddrs.h... yes
[15.868s] checking for linux/can/netlink.h... yes
[15.948s] checking for linux/can/raw.h... yes
[16.068s] checking for linux/rtnetlink.h... yes
[16.144s] checking for sys/epoll.h... yes
[16.230s] checking for sys/ioctl.h... yes
[16.274s] checking for a Python interpreter with version >= 3.3... python3
[16.274s] checking for python3... /usr/bin/python3
[16.305s] checking for python3 version... 3.10
[16.334s] checking for python3 platform... linux
[16.334s] checking for GNU default python3 prefix... ${prefix}
[16.335s] checking for GNU default python3 exec_prefix... ${exec_prefix}
[16.396s] checking for python3 script directory (pythondir)... ${PYTHON_PREFIX}/lib/python3.10/site-packages
[16.456s] checking for python3 extension module directory (pyexecdir)... ${PYTHON_EXEC_PREFIX}/lib/python3.10/site-packages
[16.456s] checking for gawk... (cached) mawk
[16.522s] checking that generated files are newer than configure... done
[16.524s] configure: creating ./config.status
[18.009s] config.status: creating doc/Doxyfile
[18.049s] config.status: creating doc/Makefile
[18.088s] config.status: creating include/Makefile
[18.109s] config.status: creating pkgconfig/liblely-can.pc
[18.131s] config.status: creating pkgconfig/liblely-co.pc
[18.152s] config.status: creating pkgconfig/liblely-coapp.pc
[18.181s] config.status: creating pkgconfig/liblely-ev.pc
[18.207s] config.status: creating pkgconfig/liblely-io.pc
[18.230s] config.status: creating pkgconfig/liblely-io2.pc
[18.258s] config.status: creating pkgconfig/liblely-libc.pc
[18.313s] config.status: creating pkgconfig/liblely-libc_rt.pc
[18.368s] config.status: creating pkgconfig/liblely-tap.pc
[18.402s] config.status: creating pkgconfig/liblely-util.pc
[18.454s] config.status: creating pkgconfig/Makefile
[18.497s] config.status: creating python/can/Makefile
[18.520s] config.status: creating python/dcf-tools/Makefile
[18.541s] config.status: creating python/io/Makefile
[18.562s] config.status: creating python/Makefile
[18.595s] config.status: creating src/can/Makefile
[18.618s] config.status: creating src/co/Makefile
[18.640s] config.status: creating src/co/version.rc
[18.666s] config.status: creating src/coapp/Makefile
[18.698s] config.status: creating src/coapp/version.rc
[18.722s] config.status: creating src/ev/Makefile
[18.745s] config.status: creating src/ev/version.rc
[18.777s] config.status: creating src/io/Makefile
[18.803s] config.status: creating src/io2/Makefile
[18.827s] config.status: creating src/io2/version.rc
[18.862s] config.status: creating src/libc/Makefile
[18.908s] config.status: creating src/libc/version.rc
[18.951s] config.status: creating src/tap/Makefile
[18.988s] config.status: creating src/tap/version.rc
[19.029s] config.status: creating src/util/Makefile
[19.054s] config.status: creating src/util/version.rc
[19.082s] config.status: creating src/Makefile
[19.107s] config.status: creating tools/Makefile
[19.129s] config.status: creating tools/version.dcf2c.rc
[19.152s] config.status: creating test/co-nmt-master.dcf
[19.182s] config.status: creating test/Makefile
[19.212s] config.status: creating unit-tests/Makefile
[19.239s] config.status: creating exec-wrapper.sh
[19.259s] config.status: creating lcov-wrapper.sh
[19.295s] config.status: creating Makefile
[19.335s] config.status: creating config.h
[19.345s] config.status: config.h is unchanged
[19.357s] config.status: executing depfiles commands
[19.904s] config.status: executing libtool commands
[20.048s] [ 50%] [34m[1mPerforming build step for 'upstr_lely_core_libraries'[0m
[20.820s] config.status: creating config.h
[20.837s] config.status: config.h is unchanged
[20.870s] Making all in doc
[20.874s] Making all in include
[20.896s] Making all in src
[20.909s] Making all in libc
[20.943s] Making all in tap
[20.958s] Making all in util
[21.024s] Making all in can
[21.043s] Making all in co
[21.091s] Making all in io
[21.136s] Making all in ev
[21.172s] Making all in io2
[21.272s] Making all in coapp
[21.345s] Making all in python
[21.368s] Making all in dcf-tools
[21.379s] Making all in pkgconfig
[21.419s] [ 62%] [34m[1mNo install step for 'upstr_lely_core_libraries'[0m
[21.453s] [ 75%] [34m[1mCompleted 'upstr_lely_core_libraries'[0m
[21.504s] [100%] Built target upstr_lely_core_libraries
[21.521s] Invoked command in '/home/vboxuser/agv_ws/build/lely_core_libraries' returned '0': CMAKE_PREFIX_PATH=${CMAKE_PREFIX_PATH}:/home/vboxuser/bumperbot_ws/install/bumperbot_py_examples:/home/vboxuser/ros2_ws/install/my_py_pkg:/opt/ros/humble /usr/bin/cmake --build /home/vboxuser/agv_ws/build/lely_core_libraries -- -j4 -l4
[21.558s] Invoking command in '/home/vboxuser/agv_ws/build/lely_core_libraries': CMAKE_PREFIX_PATH=${CMAKE_PREFIX_PATH}:/home/vboxuser/bumperbot_ws/install/bumperbot_py_examples:/home/vboxuser/ros2_ws/install/my_py_pkg:/opt/ros/humble /usr/bin/cmake --install /home/vboxuser/agv_ws/build/lely_core_libraries
[21.574s] -- Install configuration: ""
[21.589s] Making install in doc
[21.593s] gmake[1]: Entering directory '/home/vboxuser/agv_ws/build/lely_core_libraries/build/doc'
[21.599s] gmake[2]: Entering directory '/home/vboxuser/agv_ws/build/lely_core_libraries/build/doc'
[21.599s] gmake[2]: Nothing to be done for 'install-exec-am'.
[21.599s] gmake[2]: Nothing to be done for 'install-data-am'.
[21.599s] gmake[2]: Leaving directory '/home/vboxuser/agv_ws/build/lely_core_libraries/build/doc'
[21.599s] gmake[1]: Leaving directory '/home/vboxuser/agv_ws/build/lely_core_libraries/build/doc'
[21.600s] Making install in include
[21.611s] gmake[1]: Entering directory '/home/vboxuser/agv_ws/build/lely_core_libraries/build/include'
[21.616s] gmake[2]: Entering directory '/home/vboxuser/agv_ws/build/lely_core_libraries/build/include'
[21.616s] gmake[2]: Nothing to be done for 'install-exec-am'.
[21.624s]  /usr/bin/mkdir -p '/home/vboxuser/agv_ws/install/lely_core_libraries/include'
[21.634s]  /usr/bin/mkdir -p '/home/vboxuser/agv_ws/install/lely_core_libraries/include/lely/co'
[21.637s]  /usr/bin/install -c -m 644  /home/vboxuser/agv_ws/build/lely_core_libraries/upstream/include/lely/co/co.h /home/vboxuser/agv_ws/build/lely_core_libraries/upstream/include/lely/co/crc.h /home/vboxuser/agv_ws/build/lely_core_libraries/upstream/include/lely/co/csdo.h /home/vboxuser/agv_ws/build/lely_core_libraries/upstream/include/lely/co/csdo.hpp /home/vboxuser/agv_ws/build/lely_core_libraries/upstream/include/lely/co/dcf.h /home/vboxuser/agv_ws/build/lely_core_libraries/upstream/include/lely/co/dcf.hpp /home/vboxuser/agv_ws/build/lely_core_libraries/upstream/include/lely/co/dev.h /home/vboxuser/agv_ws/build/lely_core_libraries/upstream/include/lely/co/dev.hpp /home/vboxuser/agv_ws/build/lely_core_libraries/upstream/include/lely/co/emcy.h /home/vboxuser/agv_ws/build/lely_core_libraries/upstream/include/lely/co/emcy.hpp /home/vboxuser/agv_ws/build/lely_core_libraries/upstream/include/lely/co/gw.h /home/vboxuser/agv_ws/build/lely_core_libraries/upstream/include/lely/co/gw.hpp /home/vboxuser/agv_ws/build/lely_core_libraries/upstream/include/lely/co/gw_txt.h /home/vboxuser/agv_ws/build/lely_core_libraries/upstream/include/lely/co/gw_txt.hpp /home/vboxuser/agv_ws/build/lely_core_libraries/upstream/include/lely/co/lss.h /home/vboxuser/agv_ws/build/lely_core_libraries/upstream/include/lely/co/lss.hpp /home/vboxuser/agv_ws/build/lely_core_libraries/upstream/include/lely/co/nmt.h /home/vboxuser/agv_ws/build/lely_core_libraries/upstream/include/lely/co/nmt.hpp /home/vboxuser/agv_ws/build/lely_core_libraries/upstream/include/lely/co/obj.h /home/vboxuser/agv_ws/build/lely_core_libraries/upstream/include/lely/co/obj.hpp /home/vboxuser/agv_ws/build/lely_core_libraries/upstream/include/lely/co/pdo.h /home/vboxuser/agv_ws/build/lely_core_libraries/upstream/include/lely/co/rpdo.h /home/vboxuser/agv_ws/build/lely_core_libraries/upstream/include/lely/co/rpdo.hpp /home/vboxuser/agv_ws/build/lely_core_libraries/upstream/include/lely/co/sdev.h /home/vboxuser/agv_ws/build/lely_core_libraries/upstream/include/lely/co/sdev.hpp /home/vboxuser/agv_ws/build/lely_core_libraries/upstream/include/lely/co/sdo.h /home/vboxuser/agv_ws/build/lely_core_libraries/upstream/include/lely/co/ssdo.h /home/vboxuser/agv_ws/build/lely_core_libraries/upstream/include/lely/co/ssdo.hpp /home/vboxuser/agv_ws/build/lely_core_libraries/upstream/include/lely/co/sync.h /home/vboxuser/agv_ws/build/lely_core_libraries/upstream/include/lely/co/sync.hpp /home/vboxuser/agv_ws/build/lely_core_libraries/upstream/include/lely/co/time.h /home/vboxuser/agv_ws/build/lely_core_libraries/upstream/include/lely/co/time.hpp /home/vboxuser/agv_ws/build/lely_core_libraries/upstream/include/lely/co/tpdo.h /home/vboxuser/agv_ws/build/lely_core_libraries/upstream/include/lely/co/tpdo.hpp /home/vboxuser/agv_ws/build/lely_core_libraries/upstream/include/lely/co/type.h /home/vboxuser/agv_ws/build/lely_core_libraries/upstream/include/lely/co/type.hpp /home/vboxuser/agv_ws/build/lely_core_libraries/upstream/include/lely/co/val.h /home/vboxuser/agv_ws/build/lely_core_libraries/upstream/include/lely/co/val.hpp /home/vboxuser/agv_ws/build/lely_core_libraries/upstream/include/lely/co/wtm.h /home/vboxuser/agv_ws/build/lely_core_libraries/upstream/include/lely/co/wtm.hpp '/home/vboxuser/agv_ws/install/lely_core_libraries/include/lely/co'
[21.675s]  /usr/bin/mkdir -p '/home/vboxuser/agv_ws/install/lely_core_libraries/include/lely/io2/posix'
[21.677s]  /usr/bin/install -c -m 644  /home/vboxuser/agv_ws/build/lely_core_libraries/upstream/include/lely/io2/posix/poll.h /home/vboxuser/agv_ws/build/lely_core_libraries/upstream/include/lely/io2/posix/poll.hpp '/home/vboxuser/agv_ws/install/lely_core_libraries/include/lely/io2/posix'
[21.681s]  /usr/bin/mkdir -p '/home/vboxuser/agv_ws/install/lely_core_libraries/include/lely/can'
[21.686s]  /usr/bin/install -c -m 644  /home/vboxuser/agv_ws/build/lely_core_libraries/upstream/include/lely/can/buf.h /home/vboxuser/agv_ws/build/lely_core_libraries/upstream/include/lely/can/buf.hpp /home/vboxuser/agv_ws/build/lely_core_libraries/upstream/include/lely/can/err.h /home/vboxuser/agv_ws/build/lely_core_libraries/upstream/include/lely/can/msg.h /home/vboxuser/agv_ws/build/lely_core_libraries/upstream/include/lely/can/net.h /home/vboxuser/agv_ws/build/lely_core_libraries/upstream/include/lely/can/net.hpp /home/vboxuser/agv_ws/build/lely_core_libraries/upstream/include/lely/can/socket.h '/home/vboxuser/agv_ws/install/lely_core_libraries/include/lely/can'
[21.698s]  /usr/bin/mkdir -p '/home/vboxuser/agv_ws/install/lely_core_libraries/include/lely/ev'
[21.701s]  /usr/bin/install -c -m 644  /home/vboxuser/agv_ws/build/lely_core_libraries/upstream/include/lely/ev/co_task.hpp /home/vboxuser/agv_ws/build/lely_core_libraries/upstream/include/lely/ev/ev.h /home/vboxuser/agv_ws/build/lely_core_libraries/upstream/include/lely/ev/exec.h /home/vboxuser/agv_ws/build/lely_core_libraries/upstream/include/lely/ev/exec.hpp /home/vboxuser/agv_ws/build/lely_core_libraries/upstream/include/lely/ev/fiber_exec.h /home/vboxuser/agv_ws/build/lely_core_libraries/upstream/include/lely/ev/fiber_exec.hpp /home/vboxuser/agv_ws/build/lely_core_libraries/upstream/include/lely/ev/future.h /home/vboxuser/agv_ws/build/lely_core_libraries/upstream/include/lely/ev/future.hpp /home/vboxuser/agv_ws/build/lely_core_libraries/upstream/include/lely/ev/loop.h /home/vboxuser/agv_ws/build/lely_core_libraries/upstream/include/lely/ev/loop.hpp /home/vboxuser/agv_ws/build/lely_core_libraries/upstream/include/lely/ev/poll.h /home/vboxuser/agv_ws/build/lely_core_libraries/upstream/include/lely/ev/poll.hpp /home/vboxuser/agv_ws/build/lely_core_libraries/upstream/include/lely/ev/std_exec.h /home/vboxuser/agv_ws/build/lely_core_libraries/upstream/include/lely/ev/strand.h /home/vboxuser/agv_ws/build/lely_core_libraries/upstream/include/lely/ev/strand.hpp /home/vboxuser/agv_ws/build/lely_core_libraries/upstream/include/lely/ev/task.h /home/vboxuser/agv_ws/build/lely_core_libraries/upstream/include/lely/ev/task.hpp /home/vboxuser/agv_ws/build/lely_core_libraries/upstream/include/lely/ev/thrd_loop.h /home/vboxuser/agv_ws/build/lely_core_libraries/upstream/include/lely/ev/thrd_loop.hpp '/home/vboxuser/agv_ws/install/lely_core_libraries/include/lely/ev'
[21.716s]  /usr/bin/mkdir -p '/home/vboxuser/agv_ws/install/lely_core_libraries/include/lely/co/def'
[21.719s]  /usr/bin/install -c -m 644  /home/vboxuser/agv_ws/build/lely_core_libraries/upstream/include/lely/co/def/array.def /home/vboxuser/agv_ws/build/lely_core_libraries/upstream/include/lely/co/def/basic.def /home/vboxuser/agv_ws/build/lely_core_libraries/upstream/include/lely/co/def/cxx.def /home/vboxuser/agv_ws/build/lely_core_libraries/upstream/include/lely/co/def/time.def /home/vboxuser/agv_ws/build/lely_core_libraries/upstream/include/lely/co/def/type.def '/home/vboxuser/agv_ws/install/lely_core_libraries/include/lely/co/def'
[21.725s]  /usr/bin/mkdir -p '/home/vboxuser/agv_ws/install/lely_core_libraries/include/lely'
[21.727s]  /usr/bin/install -c -m 644  /home/vboxuser/agv_ws/build/lely_core_libraries/upstream/include/lely/features.h '/home/vboxuser/agv_ws/install/lely_core_libraries/include/lely'
[21.730s]  /usr/bin/mkdir -p '/home/vboxuser/agv_ws/install/lely_core_libraries/include/lely/io'
[21.732s]  /usr/bin/install -c -m 644  /home/vboxuser/agv_ws/build/lely_core_libraries/upstream/include/lely/io/addr.h /home/vboxuser/agv_ws/build/lely_core_libraries/upstream/include/lely/io/attr.h /home/vboxuser/agv_ws/build/lely_core_libraries/upstream/include/lely/io/can.h /home/vboxuser/agv_ws/build/lely_core_libraries/upstream/include/lely/io/can.hpp /home/vboxuser/agv_ws/build/lely_core_libraries/upstream/include/lely/io/file.h /home/vboxuser/agv_ws/build/lely_core_libraries/upstream/include/lely/io/file.hpp /home/vboxuser/agv_ws/build/lely_core_libraries/upstream/include/lely/io/if.h /home/vboxuser/agv_ws/build/lely_core_libraries/upstream/include/lely/io/io.h /home/vboxuser/agv_ws/build/lely_core_libraries/upstream/include/lely/io/io.hpp /home/vboxuser/agv_ws/build/lely_core_libraries/upstream/include/lely/io/pipe.h /home/vboxuser/agv_ws/build/lely_core_libraries/upstream/include/lely/io/pipe.hpp /home/vboxuser/agv_ws/build/lely_core_libraries/upstream/include/lely/io/poll.h /home/vboxuser/agv_ws/build/lely_core_libraries/upstream/include/lely/io/poll.hpp /home/vboxuser/agv_ws/build/lely_core_libraries/upstream/include/lely/io/serial.h /home/vboxuser/agv_ws/build/lely_core_libraries/upstream/include/lely/io/serial.hpp /home/vboxuser/agv_ws/build/lely_core_libraries/upstream/include/lely/io/sock.h /home/vboxuser/agv_ws/build/lely_core_libraries/upstream/include/lely/io/sock.hpp '/home/vboxuser/agv_ws/install/lely_core_libraries/include/lely/io'
[21.745s]  /usr/bin/mkdir -p '/home/vboxuser/agv_ws/install/lely_core_libraries/include/lely/util/def'
[21.747s]  /usr/bin/install -c -m 644  /home/vboxuser/agv_ws/build/lely_core_libraries/upstream/include/lely/util/def/type.def '/home/vboxuser/agv_ws/install/lely_core_libraries/include/lely/util/def'
[21.750s]  /usr/bin/mkdir -p '/home/vboxuser/agv_ws/install/lely_core_libraries/include/lely/co/detail'
[21.752s]  /usr/bin/install -c -m 644  /home/vboxuser/agv_ws/build/lely_core_libraries/upstream/include/lely/co/detail/dev.h /home/vboxuser/agv_ws/build/lely_core_libraries/upstream/include/lely/co/detail/obj.h '/home/vboxuser/agv_ws/install/lely_core_libraries/include/lely/co/detail'
[21.756s]  /usr/bin/mkdir -p '/home/vboxuser/agv_ws/install/lely_core_libraries/include/lely/io2/can'
[21.757s]  /usr/bin/install -c -m 644  /home/vboxuser/agv_ws/build/lely_core_libraries/upstream/include/lely/io2/can/err.h /home/vboxuser/agv_ws/build/lely_core_libraries/upstream/include/lely/io2/can/err.hpp /home/vboxuser/agv_ws/build/lely_core_libraries/upstream/include/lely/io2/can/msg.h /home/vboxuser/agv_ws/build/lely_core_libraries/upstream/include/lely/io2/can/msg.hpp '/home/vboxuser/agv_ws/install/lely_core_libraries/include/lely/io2/can'
[21.762s]  /usr/bin/mkdir -p '/home/vboxuser/agv_ws/install/lely_core_libraries/include/lely/coapp'
[21.764s]  /usr/bin/install -c -m 644  /home/vboxuser/agv_ws/build/lely_core_libraries/upstream/include/lely/coapp/type_traits.hpp /home/vboxuser/agv_ws/build/lely_core_libraries/upstream/include/lely/coapp/device.hpp /home/vboxuser/agv_ws/build/lely_core_libraries/upstream/include/lely/coapp/driver.hpp /home/vboxuser/agv_ws/build/lely_core_libraries/upstream/include/lely/coapp/fiber_driver.hpp /home/vboxuser/agv_ws/build/lely_core_libraries/upstream/include/lely/coapp/logical_driver.hpp /home/vboxuser/agv_ws/build/lely_core_libraries/upstream/include/lely/coapp/loop_driver.hpp /home/vboxuser/agv_ws/build/lely_core_libraries/upstream/include/lely/coapp/lss_master.hpp /home/vboxuser/agv_ws/build/lely_core_libraries/upstream/include/lely/coapp/master.hpp /home/vboxuser/agv_ws/build/lely_core_libraries/upstream/include/lely/coapp/node.hpp /home/vboxuser/agv_ws/build/lely_core_libraries/upstream/include/lely/coapp/sdo.hpp /home/vboxuser/agv_ws/build/lely_core_libraries/upstream/include/lely/coapp/sdo_error.hpp /home/vboxuser/agv_ws/build/lely_core_libraries/upstream/include/lely/coapp/slave.hpp '/home/vboxuser/agv_ws/install/lely_core_libraries/include/lely/coapp'
[21.776s]  /usr/bin/mkdir -p '/home/vboxuser/agv_ws/install/lely_core_libraries/include/lely/io2'
[21.778s]  /usr/bin/install -c -m 644  /home/vboxuser/agv_ws/build/lely_core_libraries/upstream/include/lely/io2/can.h /home/vboxuser/agv_ws/build/lely_core_libraries/upstream/include/lely/io2/can.hpp /home/vboxuser/agv_ws/build/lely_core_libraries/upstream/include/lely/io2/can_net.h /home/vboxuser/agv_ws/build/lely_core_libraries/upstream/include/lely/io2/can_net.hpp /home/vboxuser/agv_ws/build/lely_core_libraries/upstream/include/lely/io2/can_rt.h /home/vboxuser/agv_ws/build/lely_core_libraries/upstream/include/lely/io2/can_rt.hpp /home/vboxuser/agv_ws/build/lely_core_libraries/upstream/include/lely/io2/clock.h /home/vboxuser/agv_ws/build/lely_core_libraries/upstream/include/lely/io2/clock.hpp /home/vboxuser/agv_ws/build/lely_core_libraries/upstream/include/lely/io2/co_can.hpp /home/vboxuser/agv_ws/build/lely_core_libraries/upstream/include/lely/io2/co_can_rt.hpp /home/vboxuser/agv_ws/build/lely_core_libraries/upstream/include/lely/io2/co_sigset.hpp /home/vboxuser/agv_ws/build/lely_core_libraries/upstream/include/lely/io2/co_timer.hpp /home/vboxuser/agv_ws/build/lely_core_libraries/upstream/include/lely/io2/co_tqueue.hpp /home/vboxuser/agv_ws/build/lely_core_libraries/upstream/include/lely/io2/ctx.h /home/vboxuser/agv_ws/build/lely_core_libraries/upstream/include/lely/io2/ctx.hpp /home/vboxuser/agv_ws/build/lely_core_libraries/upstream/include/lely/io2/dev.h /home/vboxuser/agv_ws/build/lely_core_libraries/upstream/include/lely/io2/dev.hpp /home/vboxuser/agv_ws/build/lely_core_libraries/upstream/include/lely/io2/event.h /home/vboxuser/agv_ws/build/lely_core_libraries/upstream/include/lely/io2/event.hpp /home/vboxuser/agv_ws/build/lely_core_libraries/upstream/include/lely/io2/io2.h /home/vboxuser/agv_ws/build/lely_core_libraries/upstream/include/lely/io2/sigset.h /home/vboxuser/agv_ws/build/lely_core_libraries/upstream/include/lely/io2/sigset.hpp /home/vboxuser/agv_ws/build/lely_core_libraries/upstream/include/lely/io2/timer.h /home/vboxuser/agv_ws/build/lely_core_libraries/upstream/include/lely/io2/timer.hpp /home/vboxuser/agv_ws/build/lely_core_libraries/upstream/include/lely/io2/tqueue.h /home/vboxuser/agv_ws/build/lely_core_libraries/upstream/include/lely/io2/tqueue.hpp /home/vboxuser/agv_ws/build/lely_core_libraries/upstream/include/lely/io2/vcan.h /home/vboxuser/agv_ws/build/lely_core_libraries/upstream/include/lely/io2/vcan.hpp '/home/vboxuser/agv_ws/install/lely_core_libraries/include/lely/io2'
[21.804s]  /usr/bin/mkdir -p '/home/vboxuser/agv_ws/install/lely_core_libraries/include/lely/io2/linux'
[21.805s]  /usr/bin/install -c -m 644  /home/vboxuser/agv_ws/build/lely_core_libraries/upstream/include/lely/io2/linux/can.h /home/vboxuser/agv_ws/build/lely_core_libraries/upstream/include/lely/io2/linux/can.hpp '/home/vboxuser/agv_ws/install/lely_core_libraries/include/lely/io2/linux'
[21.809s]  /usr/bin/mkdir -p '/home/vboxuser/agv_ws/install/lely_core_libraries/include/lely/libc/sys'
[21.812s]  /usr/bin/install -c -m 644  /home/vboxuser/agv_ws/build/lely_core_libraries/upstream/include/lely/libc/sys/types.h '/home/vboxuser/agv_ws/install/lely_core_libraries/include/lely/libc/sys'
[21.815s]  /usr/bin/mkdir -p '/home/vboxuser/agv_ws/install/lely_core_libraries/include/lely/io2/user'
[21.818s]  /usr/bin/install -c -m 644  /home/vboxuser/agv_ws/build/lely_core_libraries/upstream/include/lely/io2/user/can.h /home/vboxuser/agv_ws/build/lely_core_libraries/upstream/include/lely/io2/user/can.hpp /home/vboxuser/agv_ws/build/lely_core_libraries/upstream/include/lely/io2/user/timer.h /home/vboxuser/agv_ws/build/lely_core_libraries/upstream/include/lely/io2/user/timer.hpp '/home/vboxuser/agv_ws/install/lely_core_libraries/include/lely/io2/user'
[21.824s]  /usr/bin/mkdir -p '/home/vboxuser/agv_ws/install/lely_core_libraries/include/lely/io2/sys'
[21.826s]  /usr/bin/install -c -m 644  /home/vboxuser/agv_ws/build/lely_core_libraries/upstream/include/lely/io2/sys/clock.h /home/vboxuser/agv_ws/build/lely_core_libraries/upstream/include/lely/io2/sys/clock.hpp /home/vboxuser/agv_ws/build/lely_core_libraries/upstream/include/lely/io2/sys/io.h /home/vboxuser/agv_ws/build/lely_core_libraries/upstream/include/lely/io2/sys/io.hpp /home/vboxuser/agv_ws/build/lely_core_libraries/upstream/include/lely/io2/sys/sigset.h /home/vboxuser/agv_ws/build/lely_core_libraries/upstream/include/lely/io2/sys/sigset.hpp /home/vboxuser/agv_ws/build/lely_core_libraries/upstream/include/lely/io2/sys/timer.h /home/vboxuser/agv_ws/build/lely_core_libraries/upstream/include/lely/io2/sys/timer.hpp '/home/vboxuser/agv_ws/install/lely_core_libraries/include/lely/io2/sys'
[21.833s]  /usr/bin/mkdir -p '/home/vboxuser/agv_ws/install/lely_core_libraries/include/lely/tap'
[21.835s]  /usr/bin/install -c -m 644  /home/vboxuser/agv_ws/build/lely_core_libraries/upstream/include/lely/tap/tap.h '/home/vboxuser/agv_ws/install/lely_core_libraries/include/lely/tap'
[21.840s]  /usr/bin/mkdir -p '/home/vboxuser/agv_ws/install/lely_core_libraries/include/lely/util'
[21.842s]  /usr/bin/install -c -m 644  /home/vboxuser/agv_ws/build/lely_core_libraries/upstream/include/lely/util/bimap.h /home/vboxuser/agv_ws/build/lely_core_libraries/upstream/include/lely/util/coroutine.h /home/vboxuser/agv_ws/build/lely_core_libraries/upstream/include/lely/util/coroutine.hpp /home/vboxuser/agv_ws/build/lely_core_libraries/upstream/include/lely/util/mkjmp.h /home/vboxuser/agv_ws/build/lely_core_libraries/upstream/include/lely/util/sllist.h /home/vboxuser/agv_ws/build/lely_core_libraries/upstream/include/lely/util/spscring.h /home/vboxuser/agv_ws/build/lely_core_libraries/upstream/include/lely/util/bits.h /home/vboxuser/agv_ws/build/lely_core_libraries/upstream/include/lely/util/bitset.h /home/vboxuser/agv_ws/build/lely_core_libraries/upstream/include/lely/util/c_call.hpp /home/vboxuser/agv_ws/build/lely_core_libraries/upstream/include/lely/util/c_type.hpp /home/vboxuser/agv_ws/build/lely_core_libraries/upstream/include/lely/util/chrono.hpp /home/vboxuser/agv_ws/build/lely_core_libraries/upstream/include/lely/util/cmp.h /home/vboxuser/agv_ws/build/lely_core_libraries/upstream/include/lely/util/config.h /home/vboxuser/agv_ws/build/lely_core_libraries/upstream/include/lely/util/daemon.h /home/vboxuser/agv_ws/build/lely_core_libraries/upstream/include/lely/util/diag.h /home/vboxuser/agv_ws/build/lely_core_libraries/upstream/include/lely/util/dllist.h /home/vboxuser/agv_ws/build/lely_core_libraries/upstream/include/lely/util/endian.h /home/vboxuser/agv_ws/build/lely_core_libraries/upstream/include/lely/util/errnum.h /home/vboxuser/agv_ws/build/lely_core_libraries/upstream/include/lely/util/error.hpp /home/vboxuser/agv_ws/build/lely_core_libraries/upstream/include/lely/util/exception.hpp /home/vboxuser/agv_ws/build/lely_core_libraries/upstream/include/lely/util/fiber.h /home/vboxuser/agv_ws/build/lely_core_libraries/upstream/include/lely/util/fiber.hpp /home/vboxuser/agv_ws/build/lely_core_libraries/upstream/include/lely/util/float.h /home/vboxuser/agv_ws/build/lely_core_libraries/upstream/include/lely/util/frbuf.h /home/vboxuser/agv_ws/build/lely_core_libraries/upstream/include/lely/util/fwbuf.h /home/vboxuser/agv_ws/build/lely_core_libraries/upstream/include/lely/util/invoker.hpp /home/vboxuser/agv_ws/build/lely_core_libraries/upstream/include/lely/util/lex.h /home/vboxuser/agv_ws/build/lely_core_libraries/upstream/include/lely/util/membuf.h /home/vboxuser/agv_ws/build/lely_core_libraries/upstream/include/lely/util/mutex.hpp /home/vboxuser/agv_ws/build/lely_core_libraries/upstream/include/lely/util/pheap.h /home/vboxuser/agv_ws/build/lely_core_libraries/upstream/include/lely/util/print.h /home/vboxuser/agv_ws/build/lely_core_libraries/upstream/include/lely/util/rbtree.h /home/vboxuser/agv_ws/build/lely_core_libraries/upstream/include/lely/util/result.hpp /home/vboxuser/agv_ws/build/lely_core_libraries/upstream/include/lely/util/stop.h /home/vboxuser/agv_ws/build/lely_core_libraries/upstream/include/lely/util/stop.hpp /home/vboxuser/agv_ws/build/lely_core_libraries/upstream/include/lely/util/time.h /home/vboxuser/agv_ws/build/lely_core_libraries/upstream/include/lely/util/ustring.h /home/vboxuser/agv_ws/build/lely_core_libraries/upstream/include/lely/util/util.h '/home/vboxuser/agv_ws/install/lely_core_libraries/include/lely/util'
[21.863s]  /usr/bin/mkdir -p '/home/vboxuser/agv_ws/install/lely_core_libraries/include/lely/libc'
[21.864s]  /usr/bin/install -c -m 644  /home/vboxuser/agv_ws/build/lely_core_libraries/upstream/include/lely/libc/chrono.hpp /home/vboxuser/agv_ws/build/lely_core_libraries/upstream/include/lely/libc/functional.hpp /home/vboxuser/agv_ws/build/lely_core_libraries/upstream/include/lely/libc/stdatomic.h /home/vboxuser/agv_ws/build/lely_core_libraries/upstream/include/lely/libc/stddef.h /home/vboxuser/agv_ws/build/lely_core_libraries/upstream/include/lely/libc/stdint.h /home/vboxuser/agv_ws/build/lely_core_libraries/upstream/include/lely/libc/stdio.h /home/vboxuser/agv_ws/build/lely_core_libraries/upstream/include/lely/libc/stdlib.h /home/vboxuser/agv_ws/build/lely_core_libraries/upstream/include/lely/libc/string.h /home/vboxuser/agv_ws/build/lely_core_libraries/upstream/include/lely/libc/strings.h /home/vboxuser/agv_ws/build/lely_core_libraries/upstream/include/lely/libc/threads.h /home/vboxuser/agv_ws/build/lely_core_libraries/upstream/include/lely/libc/time.h /home/vboxuser/agv_ws/build/lely_core_libraries/upstream/include/lely/libc/type_traits.hpp /home/vboxuser/agv_ws/build/lely_core_libraries/upstream/include/lely/libc/uchar.h /home/vboxuser/agv_ws/build/lely_core_libraries/upstream/include/lely/libc/unistd.h /home/vboxuser/agv_ws/build/lely_core_libraries/upstream/include/lely/libc/utility.hpp '/home/vboxuser/agv_ws/install/lely_core_libraries/include/lely/libc'
[21.888s] gmake[2]: Leaving directory '/home/vboxuser/agv_ws/build/lely_core_libraries/build/include'
[21.888s] gmake[1]: Leaving directory '/home/vboxuser/agv_ws/build/lely_core_libraries/build/include'
[21.889s] Making install in src
[21.897s] gmake[1]: Entering directory '/home/vboxuser/agv_ws/build/lely_core_libraries/build/src'
[21.909s] Making install in libc
[21.929s] gmake[2]: Entering directory '/home/vboxuser/agv_ws/build/lely_core_libraries/build/src/libc'
[21.947s] gmake[3]: Entering directory '/home/vboxuser/agv_ws/build/lely_core_libraries/build/src/libc'
[21.948s]  /usr/bin/mkdir -p '/home/vboxuser/agv_ws/install/lely_core_libraries/lib'
[21.950s]  /bin/bash ../../libtool   --mode=install /usr/bin/install -c   liblely-libc.la '/home/vboxuser/agv_ws/install/lely_core_libraries/lib'
[21.977s] libtool: install: /usr/bin/install -c .libs/liblely-libc.so.2.3.2 /home/vboxuser/agv_ws/install/lely_core_libraries/lib/liblely-libc.so.2.3.2
[21.981s] libtool: install: (cd /home/vboxuser/agv_ws/install/lely_core_libraries/lib && { ln -s -f liblely-libc.so.2.3.2 liblely-libc.so.2 || { rm -f liblely-libc.so.2 && ln -s liblely-libc.so.2.3.2 liblely-libc.so.2; }; })
[21.985s] libtool: install: (cd /home/vboxuser/agv_ws/install/lely_core_libraries/lib && { ln -s -f liblely-libc.so.2.3.2 liblely-libc.so || { rm -f liblely-libc.so && ln -s liblely-libc.so.2.3.2 liblely-libc.so; }; })
[21.992s] libtool: install: /usr/bin/install -c .libs/liblely-libc.lai /home/vboxuser/agv_ws/install/lely_core_libraries/lib/liblely-libc.la
[22.038s] libtool: finish: PATH="/opt/ros/humble/bin:/usr/local/sbin:/usr/local/bin:/usr/sbin:/usr/bin:/sbin:/bin:/usr/games:/usr/local/games:/snap/bin:/snap/bin:/sbin" ldconfig -n /home/vboxuser/agv_ws/install/lely_core_libraries/lib
[22.044s] ----------------------------------------------------------------------
[22.044s] Libraries have been installed in:
[22.044s]    /home/vboxuser/agv_ws/install/lely_core_libraries/lib
[22.044s] 
[22.044s] If you ever happen to want to link against installed libraries
[22.044s] in a given directory, LIBDIR, you must either use libtool, and
[22.045s] specify the full pathname of the library, or use the '-LLIBDIR'
[22.045s] flag during linking and do at least one of the following:
[22.045s]    - add LIBDIR to the 'LD_LIBRARY_PATH' environment variable
[22.045s]      during execution
[22.045s]    - add LIBDIR to the 'LD_RUN_PATH' environment variable
[22.045s]      during linking
[22.045s]    - use the '-Wl,-rpath -Wl,LIBDIR' linker flag
[22.045s]    - have your system administrator add LIBDIR to '/etc/ld.so.conf'
[22.045s] 
[22.045s] See any operating system documentation about shared libraries for
[22.046s] more information, such as the ld(1) and ld.so(8) manual pages.
[22.046s] ----------------------------------------------------------------------
[22.051s] gmake[3]: Leaving directory '/home/vboxuser/agv_ws/build/lely_core_libraries/build/src/libc'
[22.052s] gmake[2]: Leaving directory '/home/vboxuser/agv_ws/build/lely_core_libraries/build/src/libc'
[22.052s] Making install in tap
[22.064s] gmake[2]: Entering directory '/home/vboxuser/agv_ws/build/lely_core_libraries/build/src/tap'
[22.076s] gmake[3]: Entering directory '/home/vboxuser/agv_ws/build/lely_core_libraries/build/src/tap'
[22.078s]  /usr/bin/mkdir -p '/home/vboxuser/agv_ws/install/lely_core_libraries/lib'
[22.080s]  /bin/bash ../../libtool   --mode=install /usr/bin/install -c   liblely-tap.la '/home/vboxuser/agv_ws/install/lely_core_libraries/lib'
[22.124s] libtool: warning: relinking 'liblely-tap.la'
[22.128s] libtool: install: (cd /home/vboxuser/agv_ws/build/lely_core_libraries/build/src/tap; /bin/bash "/home/vboxuser/agv_ws/build/lely_core_libraries/build/libtool"  --silent --tag CC --mode=relink gcc -pthread -g -O2 -Wall -Wextra -pedantic -Werror -Wno-static-in-inline -no-undefined -version-number 2:3:2 -Wl,--as-needed -o liblely-tap.la -rpath /home/vboxuser/agv_ws/install/lely_core_libraries/lib liblely_tap_la-tap.lo ../../src/libc/liblely-libc.la )
[22.273s] libtool: install: /usr/bin/install -c .libs/liblely-tap.so.2.3.2T /home/vboxuser/agv_ws/install/lely_core_libraries/lib/liblely-tap.so.2.3.2
[22.276s] libtool: install: (cd /home/vboxuser/agv_ws/install/lely_core_libraries/lib && { ln -s -f liblely-tap.so.2.3.2 liblely-tap.so.2 || { rm -f liblely-tap.so.2 && ln -s liblely-tap.so.2.3.2 liblely-tap.so.2; }; })
[22.279s] libtool: install: (cd /home/vboxuser/agv_ws/install/lely_core_libraries/lib && { ln -s -f liblely-tap.so.2.3.2 liblely-tap.so || { rm -f liblely-tap.so && ln -s liblely-tap.so.2.3.2 liblely-tap.so; }; })
[22.283s] libtool: install: /usr/bin/install -c .libs/liblely-tap.lai /home/vboxuser/agv_ws/install/lely_core_libraries/lib/liblely-tap.la
[22.335s] libtool: finish: PATH="/opt/ros/humble/bin:/usr/local/sbin:/usr/local/bin:/usr/sbin:/usr/bin:/sbin:/bin:/usr/games:/usr/local/games:/snap/bin:/snap/bin:/sbin" ldconfig -n /home/vboxuser/agv_ws/install/lely_core_libraries/lib
[22.339s] ----------------------------------------------------------------------
[22.339s] Libraries have been installed in:
[22.339s]    /home/vboxuser/agv_ws/install/lely_core_libraries/lib
[22.339s] 
[22.339s] If you ever happen to want to link against installed libraries
[22.339s] in a given directory, LIBDIR, you must either use libtool, and
[22.339s] specify the full pathname of the library, or use the '-LLIBDIR'
[22.340s] flag during linking and do at least one of the following:
[22.340s]    - add LIBDIR to the 'LD_LIBRARY_PATH' environment variable
[22.340s]      during execution
[22.340s]    - add LIBDIR to the 'LD_RUN_PATH' environment variable
[22.340s]      during linking
[22.340s]    - use the '-Wl,-rpath -Wl,LIBDIR' linker flag
[22.340s]    - have your system administrator add LIBDIR to '/etc/ld.so.conf'
[22.340s] 
[22.340s] See any operating system documentation about shared libraries for
[22.340s] more information, such as the ld(1) and ld.so(8) manual pages.
[22.341s] ----------------------------------------------------------------------
[22.344s] gmake[3]: Leaving directory '/home/vboxuser/agv_ws/build/lely_core_libraries/build/src/tap'
[22.345s] gmake[2]: Leaving directory '/home/vboxuser/agv_ws/build/lely_core_libraries/build/src/tap'
[22.345s] Making install in util
[22.403s] gmake[2]: Entering directory '/home/vboxuser/agv_ws/build/lely_core_libraries/build/src/util'
[22.454s] gmake[3]: Entering directory '/home/vboxuser/agv_ws/build/lely_core_libraries/build/src/util'
[22.456s]  /usr/bin/mkdir -p '/home/vboxuser/agv_ws/install/lely_core_libraries/lib'
[22.457s]  /bin/bash ../../libtool   --mode=install /usr/bin/install -c   liblely-util.la '/home/vboxuser/agv_ws/install/lely_core_libraries/lib'
[22.496s] libtool: warning: relinking 'liblely-util.la'
[22.500s] libtool: install: (cd /home/vboxuser/agv_ws/build/lely_core_libraries/build/src/util; /bin/bash "/home/vboxuser/agv_ws/build/lely_core_libraries/build/libtool"  --silent --tag CXX --mode=relink g++ -std=gnu++11 -g -O2 -Wall -Wextra -pedantic -Werror -no-undefined -version-number 2:3:2 -Wl,--as-needed -o liblely-util.la -rpath /home/vboxuser/agv_ws/install/lely_core_libraries/lib liblely_util_la-bimap.lo liblely_util_la-mkjmp.lo liblely_util_la-sllist.lo liblely_util_la-spscring.lo liblely_util_la-bits.lo liblely_util_la-bitset.lo liblely_util_la-cmp.lo liblely_util_la-config.lo liblely_util_la-config_ini.lo liblely_util_la-daemon.lo liblely_util_la-diag.lo liblely_util_la-dllist.lo liblely_util_la-endian.lo liblely_util_la-errnum.lo liblely_util_la-exception.lo liblely_util_la-fiber.lo liblely_util_la-frbuf.lo liblely_util_la-fwbuf.lo liblely_util_la-lex.lo liblely_util_la-membuf.lo liblely_util_la-pheap.lo liblely_util_la-print.lo liblely_util_la-rbtree.lo liblely_util_la-stop.lo liblely_util_la-time.lo liblely_util_la-ustring.lo ../../src/libc/liblely-libc.la -lm )
[22.795s] libtool: install: /usr/bin/install -c .libs/liblely-util.so.2.3.2T /home/vboxuser/agv_ws/install/lely_core_libraries/lib/liblely-util.so.2.3.2
[22.798s] libtool: install: (cd /home/vboxuser/agv_ws/install/lely_core_libraries/lib && { ln -s -f liblely-util.so.2.3.2 liblely-util.so.2 || { rm -f liblely-util.so.2 && ln -s liblely-util.so.2.3.2 liblely-util.so.2; }; })
[22.801s] libtool: install: (cd /home/vboxuser/agv_ws/install/lely_core_libraries/lib && { ln -s -f liblely-util.so.2.3.2 liblely-util.so || { rm -f liblely-util.so && ln -s liblely-util.so.2.3.2 liblely-util.so; }; })
[22.810s] libtool: install: /usr/bin/install -c .libs/liblely-util.lai /home/vboxuser/agv_ws/install/lely_core_libraries/lib/liblely-util.la
[22.855s] libtool: finish: PATH="/opt/ros/humble/bin:/usr/local/sbin:/usr/local/bin:/usr/sbin:/usr/bin:/sbin:/bin:/usr/games:/usr/local/games:/snap/bin:/snap/bin:/sbin" ldconfig -n /home/vboxuser/agv_ws/install/lely_core_libraries/lib
[22.857s] ----------------------------------------------------------------------
[22.858s] Libraries have been installed in:
[22.858s]    /home/vboxuser/agv_ws/install/lely_core_libraries/lib
[22.858s] 
[22.858s] If you ever happen to want to link against installed libraries
[22.858s] in a given directory, LIBDIR, you must either use libtool, and
[22.858s] specify the full pathname of the library, or use the '-LLIBDIR'
[22.859s] flag during linking and do at least one of the following:
[22.859s]    - add LIBDIR to the 'LD_LIBRARY_PATH' environment variable
[22.859s]      during execution
[22.859s]    - add LIBDIR to the 'LD_RUN_PATH' environment variable
[22.859s]      during linking
[22.859s]    - use the '-Wl,-rpath -Wl,LIBDIR' linker flag
[22.859s]    - have your system administrator add LIBDIR to '/etc/ld.so.conf'
[22.859s] 
[22.859s] See any operating system documentation about shared libraries for
[22.860s] more information, such as the ld(1) and ld.so(8) manual pages.
[22.860s] ----------------------------------------------------------------------
[22.863s] gmake[3]: Leaving directory '/home/vboxuser/agv_ws/build/lely_core_libraries/build/src/util'
[22.863s] gmake[2]: Leaving directory '/home/vboxuser/agv_ws/build/lely_core_libraries/build/src/util'
[22.864s] Making install in can
[22.881s] gmake[2]: Entering directory '/home/vboxuser/agv_ws/build/lely_core_libraries/build/src/can'
[22.908s] gmake[3]: Entering directory '/home/vboxuser/agv_ws/build/lely_core_libraries/build/src/can'
[22.911s]  /usr/bin/mkdir -p '/home/vboxuser/agv_ws/install/lely_core_libraries/lib'
[22.913s]  /bin/bash ../../libtool   --mode=install /usr/bin/install -c   liblely-can.la '/home/vboxuser/agv_ws/install/lely_core_libraries/lib'
[22.948s] libtool: warning: relinking 'liblely-can.la'
[22.952s] libtool: install: (cd /home/vboxuser/agv_ws/build/lely_core_libraries/build/src/can; /bin/bash "/home/vboxuser/agv_ws/build/lely_core_libraries/build/libtool"  --silent --tag CC --mode=relink gcc -pthread -g -O2 -Wall -Wextra -pedantic -Werror -Wno-static-in-inline -no-undefined -version-number 1:9:2 -Wl,--as-needed -o liblely-can.la -rpath /home/vboxuser/agv_ws/install/lely_core_libraries/lib liblely_can_la-buf.lo liblely_can_la-msg.lo liblely_can_la-net.lo liblely_can_la-socket.lo ../../src/libc/liblely-libc.la ../../src/util/liblely-util.la )
[23.127s] libtool: install: /usr/bin/install -c .libs/liblely-can.so.1.9.2T /home/vboxuser/agv_ws/install/lely_core_libraries/lib/liblely-can.so.1.9.2
[23.129s] libtool: install: (cd /home/vboxuser/agv_ws/install/lely_core_libraries/lib && { ln -s -f liblely-can.so.1.9.2 liblely-can.so.1 || { rm -f liblely-can.so.1 && ln -s liblely-can.so.1.9.2 liblely-can.so.1; }; })
[23.132s] libtool: install: (cd /home/vboxuser/agv_ws/install/lely_core_libraries/lib && { ln -s -f liblely-can.so.1.9.2 liblely-can.so || { rm -f liblely-can.so && ln -s liblely-can.so.1.9.2 liblely-can.so; }; })
[23.135s] libtool: install: /usr/bin/install -c .libs/liblely-can.lai /home/vboxuser/agv_ws/install/lely_core_libraries/lib/liblely-can.la
[23.177s] libtool: finish: PATH="/opt/ros/humble/bin:/usr/local/sbin:/usr/local/bin:/usr/sbin:/usr/bin:/sbin:/bin:/usr/games:/usr/local/games:/snap/bin:/snap/bin:/sbin" ldconfig -n /home/vboxuser/agv_ws/install/lely_core_libraries/lib
[23.180s] ----------------------------------------------------------------------
[23.180s] Libraries have been installed in:
[23.180s]    /home/vboxuser/agv_ws/install/lely_core_libraries/lib
[23.180s] 
[23.180s] If you ever happen to want to link against installed libraries
[23.180s] in a given directory, LIBDIR, you must either use libtool, and
[23.180s] specify the full pathname of the library, or use the '-LLIBDIR'
[23.181s] flag during linking and do at least one of the following:
[23.181s]    - add LIBDIR to the 'LD_LIBRARY_PATH' environment variable
[23.181s]      during execution
[23.181s]    - add LIBDIR to the 'LD_RUN_PATH' environment variable
[23.181s]      during linking
[23.181s]    - use the '-Wl,-rpath -Wl,LIBDIR' linker flag
[23.181s]    - have your system administrator add LIBDIR to '/etc/ld.so.conf'
[23.181s] 
[23.181s] See any operating system documentation about shared libraries for
[23.181s] more information, such as the ld(1) and ld.so(8) manual pages.
[23.182s] ----------------------------------------------------------------------
[23.189s] gmake[3]: Leaving directory '/home/vboxuser/agv_ws/build/lely_core_libraries/build/src/can'
[23.189s] gmake[2]: Leaving directory '/home/vboxuser/agv_ws/build/lely_core_libraries/build/src/can'
[23.190s] Making install in co
[23.236s] gmake[2]: Entering directory '/home/vboxuser/agv_ws/build/lely_core_libraries/build/src/co'
[23.273s] gmake[3]: Entering directory '/home/vboxuser/agv_ws/build/lely_core_libraries/build/src/co'
[23.274s]  /usr/bin/mkdir -p '/home/vboxuser/agv_ws/install/lely_core_libraries/lib'
[23.276s]  /bin/bash ../../libtool   --mode=install /usr/bin/install -c   liblely-co.la '/home/vboxuser/agv_ws/install/lely_core_libraries/lib'
[23.322s] libtool: warning: relinking 'liblely-co.la'
[23.326s] libtool: install: (cd /home/vboxuser/agv_ws/build/lely_core_libraries/build/src/co; /bin/bash "/home/vboxuser/agv_ws/build/lely_core_libraries/build/libtool"  --silent --tag CC --mode=relink gcc -pthread -g -O2 -Wall -Wextra -pedantic -Werror -Wno-static-in-inline -no-undefined -version-number 2:3:2 -Wl,--as-needed -o liblely-co.la -rpath /home/vboxuser/agv_ws/install/lely_core_libraries/lib liblely_co_la-crc.lo liblely_co_la-csdo.lo liblely_co_la-dcf.lo liblely_co_la-dev.lo liblely_co_la-emcy.lo liblely_co_la-gw.lo liblely_co_la-gw_txt.lo liblely_co_la-lss.lo liblely_co_la-nmt.lo liblely_co_la-nmt_boot.lo liblely_co_la-nmt_cfg.lo liblely_co_la-nmt_hb.lo liblely_co_la-nmt_srv.lo liblely_co_la-obj.lo liblely_co_la-pdo.lo liblely_co_la-rpdo.lo liblely_co_la-sdev.lo liblely_co_la-sdo.lo liblely_co_la-ssdo.lo liblely_co_la-sync.lo liblely_co_la-time.lo liblely_co_la-tpdo.lo liblely_co_la-type.lo liblely_co_la-val.lo liblely_co_la-wtm.lo ../../src/libc/liblely-libc.la ../../src/util/liblely-util.la ../../src/can/liblely-can.la )
[23.661s] libtool: install: /usr/bin/install -c .libs/liblely-co.so.2.3.2T /home/vboxuser/agv_ws/install/lely_core_libraries/lib/liblely-co.so.2.3.2
[23.666s] libtool: install: (cd /home/vboxuser/agv_ws/install/lely_core_libraries/lib && { ln -s -f liblely-co.so.2.3.2 liblely-co.so.2 || { rm -f liblely-co.so.2 && ln -s liblely-co.so.2.3.2 liblely-co.so.2; }; })
[23.669s] libtool: install: (cd /home/vboxuser/agv_ws/install/lely_core_libraries/lib && { ln -s -f liblely-co.so.2.3.2 liblely-co.so || { rm -f liblely-co.so && ln -s liblely-co.so.2.3.2 liblely-co.so; }; })
[23.672s] libtool: install: /usr/bin/install -c .libs/liblely-co.lai /home/vboxuser/agv_ws/install/lely_core_libraries/lib/liblely-co.la
[23.714s] libtool: finish: PATH="/opt/ros/humble/bin:/usr/local/sbin:/usr/local/bin:/usr/sbin:/usr/bin:/sbin:/bin:/usr/games:/usr/local/games:/snap/bin:/snap/bin:/sbin" ldconfig -n /home/vboxuser/agv_ws/install/lely_core_libraries/lib
[23.718s] ----------------------------------------------------------------------
[23.719s] Libraries have been installed in:
[23.719s]    /home/vboxuser/agv_ws/install/lely_core_libraries/lib
[23.719s] 
[23.719s] If you ever happen to want to link against installed libraries
[23.719s] in a given directory, LIBDIR, you must either use libtool, and
[23.719s] specify the full pathname of the library, or use the '-LLIBDIR'
[23.719s] flag during linking and do at least one of the following:
[23.719s]    - add LIBDIR to the 'LD_LIBRARY_PATH' environment variable
[23.719s]      during execution
[23.720s]    - add LIBDIR to the 'LD_RUN_PATH' environment variable
[23.720s]      during linking
[23.720s]    - use the '-Wl,-rpath -Wl,LIBDIR' linker flag
[23.720s]    - have your system administrator add LIBDIR to '/etc/ld.so.conf'
[23.720s] 
[23.720s] See any operating system documentation about shared libraries for
[23.720s] more information, such as the ld(1) and ld.so(8) manual pages.
[23.720s] ----------------------------------------------------------------------
[23.723s] gmake[3]: Leaving directory '/home/vboxuser/agv_ws/build/lely_core_libraries/build/src/co'
[23.723s] gmake[2]: Leaving directory '/home/vboxuser/agv_ws/build/lely_core_libraries/build/src/co'
[23.724s] Making install in io
[23.756s] gmake[2]: Entering directory '/home/vboxuser/agv_ws/build/lely_core_libraries/build/src/io'
[23.790s] gmake[3]: Entering directory '/home/vboxuser/agv_ws/build/lely_core_libraries/build/src/io'
[23.793s]  /usr/bin/mkdir -p '/home/vboxuser/agv_ws/install/lely_core_libraries/lib'
[23.795s]  /bin/bash ../../libtool   --mode=install /usr/bin/install -c   liblely-io.la '/home/vboxuser/agv_ws/install/lely_core_libraries/lib'
[23.839s] libtool: warning: relinking 'liblely-io.la'
[23.843s] libtool: install: (cd /home/vboxuser/agv_ws/build/lely_core_libraries/build/src/io; /bin/bash "/home/vboxuser/agv_ws/build/lely_core_libraries/build/libtool"  --silent --tag CC --mode=relink gcc -pthread -g -O2 -Wall -Wextra -pedantic -Werror -Wno-static-in-inline -no-undefined -version-number 1:9:2 -Wl,--as-needed -o liblely-io.la -rpath /home/vboxuser/agv_ws/install/lely_core_libraries/lib liblely_io_la-addr.lo liblely_io_la-attr.lo liblely_io_la-can.lo liblely_io_la-file.lo liblely_io_la-handle.lo liblely_io_la-if.lo liblely_io_la-io.lo liblely_io_la-pipe.lo liblely_io_la-poll.lo liblely_io_la-rtnl.lo liblely_io_la-serial.lo liblely_io_la-sock.lo ../../src/libc/liblely-libc.la ../../src/util/liblely-util.la ../../src/can/liblely-can.la )
[24.083s] libtool: install: /usr/bin/install -c .libs/liblely-io.so.1.9.2T /home/vboxuser/agv_ws/install/lely_core_libraries/lib/liblely-io.so.1.9.2
[24.087s] libtool: install: (cd /home/vboxuser/agv_ws/install/lely_core_libraries/lib && { ln -s -f liblely-io.so.1.9.2 liblely-io.so.1 || { rm -f liblely-io.so.1 && ln -s liblely-io.so.1.9.2 liblely-io.so.1; }; })
[24.089s] libtool: install: (cd /home/vboxuser/agv_ws/install/lely_core_libraries/lib && { ln -s -f liblely-io.so.1.9.2 liblely-io.so || { rm -f liblely-io.so && ln -s liblely-io.so.1.9.2 liblely-io.so; }; })
[24.094s] libtool: install: /usr/bin/install -c .libs/liblely-io.lai /home/vboxuser/agv_ws/install/lely_core_libraries/lib/liblely-io.la
[24.139s] libtool: finish: PATH="/opt/ros/humble/bin:/usr/local/sbin:/usr/local/bin:/usr/sbin:/usr/bin:/sbin:/bin:/usr/games:/usr/local/games:/snap/bin:/snap/bin:/sbin" ldconfig -n /home/vboxuser/agv_ws/install/lely_core_libraries/lib
[24.142s] ----------------------------------------------------------------------
[24.143s] Libraries have been installed in:
[24.143s]    /home/vboxuser/agv_ws/install/lely_core_libraries/lib
[24.143s] 
[24.143s] If you ever happen to want to link against installed libraries
[24.143s] in a given directory, LIBDIR, you must either use libtool, and
[24.143s] specify the full pathname of the library, or use the '-LLIBDIR'
[24.144s] flag during linking and do at least one of the following:
[24.144s]    - add LIBDIR to the 'LD_LIBRARY_PATH' environment variable
[24.144s]      during execution
[24.144s]    - add LIBDIR to the 'LD_RUN_PATH' environment variable
[24.144s]      during linking
[24.144s]    - use the '-Wl,-rpath -Wl,LIBDIR' linker flag
[24.144s]    - have your system administrator add LIBDIR to '/etc/ld.so.conf'
[24.144s] 
[24.145s] See any operating system documentation about shared libraries for
[24.145s] more information, such as the ld(1) and ld.so(8) manual pages.
[24.145s] ----------------------------------------------------------------------
[24.148s] gmake[3]: Leaving directory '/home/vboxuser/agv_ws/build/lely_core_libraries/build/src/io'
[24.148s] gmake[2]: Leaving directory '/home/vboxuser/agv_ws/build/lely_core_libraries/build/src/io'
[24.149s] Making install in ev
[24.167s] gmake[2]: Entering directory '/home/vboxuser/agv_ws/build/lely_core_libraries/build/src/ev'
[24.187s] gmake[3]: Entering directory '/home/vboxuser/agv_ws/build/lely_core_libraries/build/src/ev'
[24.189s]  /usr/bin/mkdir -p '/home/vboxuser/agv_ws/install/lely_core_libraries/lib'
[24.191s]  /bin/bash ../../libtool   --mode=install /usr/bin/install -c   liblely-ev.la '/home/vboxuser/agv_ws/install/lely_core_libraries/lib'
[24.240s] libtool: warning: relinking 'liblely-ev.la'
[24.244s] libtool: install: (cd /home/vboxuser/agv_ws/build/lely_core_libraries/build/src/ev; /bin/bash "/home/vboxuser/agv_ws/build/lely_core_libraries/build/libtool"  --silent --tag CC --mode=relink gcc -pthread -g -O2 -Wall -Wextra -pedantic -Werror -Wno-static-in-inline -no-undefined -version-number 2:3:2 -Wl,--as-needed -o liblely-ev.la -rpath /home/vboxuser/agv_ws/install/lely_core_libraries/lib liblely_ev_la-exec.lo liblely_ev_la-fiber_exec.lo liblely_ev_la-future.lo liblely_ev_la-loop.lo liblely_ev_la-poll.lo liblely_ev_la-std_exec.lo liblely_ev_la-strand.lo liblely_ev_la-task.lo liblely_ev_la-thrd_loop.lo ../../src/libc/liblely-libc.la ../../src/util/liblely-util.la )
[24.445s] libtool: install: /usr/bin/install -c .libs/liblely-ev.so.2.3.2T /home/vboxuser/agv_ws/install/lely_core_libraries/lib/liblely-ev.so.2.3.2
[24.448s] libtool: install: (cd /home/vboxuser/agv_ws/install/lely_core_libraries/lib && { ln -s -f liblely-ev.so.2.3.2 liblely-ev.so.2 || { rm -f liblely-ev.so.2 && ln -s liblely-ev.so.2.3.2 liblely-ev.so.2; }; })
[24.451s] libtool: install: (cd /home/vboxuser/agv_ws/install/lely_core_libraries/lib && { ln -s -f liblely-ev.so.2.3.2 liblely-ev.so || { rm -f liblely-ev.so && ln -s liblely-ev.so.2.3.2 liblely-ev.so; }; })
[24.455s] libtool: install: /usr/bin/install -c .libs/liblely-ev.lai /home/vboxuser/agv_ws/install/lely_core_libraries/lib/liblely-ev.la
[24.498s] libtool: finish: PATH="/opt/ros/humble/bin:/usr/local/sbin:/usr/local/bin:/usr/sbin:/usr/bin:/sbin:/bin:/usr/games:/usr/local/games:/snap/bin:/snap/bin:/sbin" ldconfig -n /home/vboxuser/agv_ws/install/lely_core_libraries/lib
[24.502s] ----------------------------------------------------------------------
[24.502s] Libraries have been installed in:
[24.502s]    /home/vboxuser/agv_ws/install/lely_core_libraries/lib
[24.502s] 
[24.502s] If you ever happen to want to link against installed libraries
[24.502s] in a given directory, LIBDIR, you must either use libtool, and
[24.502s] specify the full pathname of the library, or use the '-LLIBDIR'
[24.502s] flag during linking and do at least one of the following:
[24.503s]    - add LIBDIR to the 'LD_LIBRARY_PATH' environment variable
[24.503s]      during execution
[24.503s]    - add LIBDIR to the 'LD_RUN_PATH' environment variable
[24.503s]      during linking
[24.503s]    - use the '-Wl,-rpath -Wl,LIBDIR' linker flag
[24.503s]    - have your system administrator add LIBDIR to '/etc/ld.so.conf'
[24.503s] 
[24.503s] See any operating system documentation about shared libraries for
[24.503s] more information, such as the ld(1) and ld.so(8) manual pages.
[24.504s] ----------------------------------------------------------------------
[24.507s] gmake[3]: Leaving directory '/home/vboxuser/agv_ws/build/lely_core_libraries/build/src/ev'
[24.507s] gmake[2]: Leaving directory '/home/vboxuser/agv_ws/build/lely_core_libraries/build/src/ev'
[24.508s] Making install in io2
[24.557s] gmake[2]: Entering directory '/home/vboxuser/agv_ws/build/lely_core_libraries/build/src/io2'
[24.600s] gmake[3]: Entering directory '/home/vboxuser/agv_ws/build/lely_core_libraries/build/src/io2'
[24.602s]  /usr/bin/mkdir -p '/home/vboxuser/agv_ws/install/lely_core_libraries/lib'
[24.604s]  /bin/bash ../../libtool   --mode=install /usr/bin/install -c   liblely-io2.la '/home/vboxuser/agv_ws/install/lely_core_libraries/lib'
[24.650s] libtool: warning: relinking 'liblely-io2.la'
[24.653s] libtool: install: (cd /home/vboxuser/agv_ws/build/lely_core_libraries/build/src/io2; /bin/bash "/home/vboxuser/agv_ws/build/lely_core_libraries/build/libtool"  --silent --tag CC --mode=relink gcc -pthread -g -O2 -Wall -Wextra -pedantic -Werror -Wno-static-in-inline -no-undefined -version-number 2:3:2 -Wl,--as-needed -o liblely-io2.la -rpath /home/vboxuser/agv_ws/install/lely_core_libraries/lib can/liblely_io2_la-msg.lo linux/liblely_io2_la-can_chan.lo linux/liblely_io2_la-can_ctrl.lo linux/liblely_io2_la-poll.lo linux/liblely_io2_la-timer.lo posix/liblely_io2_la-fd.lo posix/liblely_io2_la-io.lo posix/liblely_io2_la-sigset.lo sys/liblely_io2_la-clock.lo sys/liblely_io2_la-io.lo user/liblely_io2_la-can.lo user/liblely_io2_la-timer.lo liblely_io2_la-can.lo liblely_io2_la-can_net.lo liblely_io2_la-can_rt.lo liblely_io2_la-clock.lo liblely_io2_la-ctx.lo liblely_io2_la-dev.lo liblely_io2_la-sigset.lo liblely_io2_la-timer.lo liblely_io2_la-tqueue.lo liblely_io2_la-vcan.lo ../../src/libc/liblely-libc.la ../../src/util/liblely-util.la ../../src/can/liblely-can.la ../../src/ev/liblely-ev.la -lrt )
[24.945s] libtool: install: /usr/bin/install -c .libs/liblely-io2.so.2.3.2T /home/vboxuser/agv_ws/install/lely_core_libraries/lib/liblely-io2.so.2.3.2
[24.950s] libtool: install: (cd /home/vboxuser/agv_ws/install/lely_core_libraries/lib && { ln -s -f liblely-io2.so.2.3.2 liblely-io2.so.2 || { rm -f liblely-io2.so.2 && ln -s liblely-io2.so.2.3.2 liblely-io2.so.2; }; })
[24.952s] libtool: install: (cd /home/vboxuser/agv_ws/install/lely_core_libraries/lib && { ln -s -f liblely-io2.so.2.3.2 liblely-io2.so || { rm -f liblely-io2.so && ln -s liblely-io2.so.2.3.2 liblely-io2.so; }; })
[24.955s] libtool: install: /usr/bin/install -c .libs/liblely-io2.lai /home/vboxuser/agv_ws/install/lely_core_libraries/lib/liblely-io2.la
[24.998s] libtool: finish: PATH="/opt/ros/humble/bin:/usr/local/sbin:/usr/local/bin:/usr/sbin:/usr/bin:/sbin:/bin:/usr/games:/usr/local/games:/snap/bin:/snap/bin:/sbin" ldconfig -n /home/vboxuser/agv_ws/install/lely_core_libraries/lib
[25.002s] ----------------------------------------------------------------------
[25.002s] Libraries have been installed in:
[25.003s]    /home/vboxuser/agv_ws/install/lely_core_libraries/lib
[25.003s] 
[25.003s] If you ever happen to want to link against installed libraries
[25.003s] in a given directory, LIBDIR, you must either use libtool, and
[25.003s] specify the full pathname of the library, or use the '-LLIBDIR'
[25.003s] flag during linking and do at least one of the following:
[25.003s]    - add LIBDIR to the 'LD_LIBRARY_PATH' environment variable
[25.003s]      during execution
[25.004s]    - add LIBDIR to the 'LD_RUN_PATH' environment variable
[25.004s]      during linking
[25.004s]    - use the '-Wl,-rpath -Wl,LIBDIR' linker flag
[25.004s]    - have your system administrator add LIBDIR to '/etc/ld.so.conf'
[25.004s] 
[25.004s] See any operating system documentation about shared libraries for
[25.004s] more information, such as the ld(1) and ld.so(8) manual pages.
[25.004s] ----------------------------------------------------------------------
[25.008s] gmake[3]: Leaving directory '/home/vboxuser/agv_ws/build/lely_core_libraries/build/src/io2'
[25.008s] gmake[2]: Leaving directory '/home/vboxuser/agv_ws/build/lely_core_libraries/build/src/io2'
[25.008s] Making install in coapp
[25.065s] gmake[2]: Entering directory '/home/vboxuser/agv_ws/build/lely_core_libraries/build/src/coapp'
[25.115s] gmake[3]: Entering directory '/home/vboxuser/agv_ws/build/lely_core_libraries/build/src/coapp'
[25.119s]  /usr/bin/mkdir -p '/home/vboxuser/agv_ws/install/lely_core_libraries/lib'
[25.121s]  /bin/bash ../../libtool   --mode=install /usr/bin/install -c   liblely-coapp.la '/home/vboxuser/agv_ws/install/lely_core_libraries/lib'
[25.163s] libtool: warning: relinking 'liblely-coapp.la'
[25.167s] libtool: install: (cd /home/vboxuser/agv_ws/build/lely_core_libraries/build/src/coapp; /bin/bash "/home/vboxuser/agv_ws/build/lely_core_libraries/build/libtool"  --silent --tag CXX --mode=relink g++ -std=gnu++11 -g -O2 -Wall -Wextra -pedantic -Werror -no-undefined -version-number 2:3:2 -Wl,--as-needed -o liblely-coapp.la -rpath /home/vboxuser/agv_ws/install/lely_core_libraries/lib liblely_coapp_la-device.lo liblely_coapp_la-driver.lo liblely_coapp_la-fiber_driver.lo liblely_coapp_la-logical_driver.lo liblely_coapp_la-loop_driver.lo liblely_coapp_la-lss_master.lo liblely_coapp_la-master.lo liblely_coapp_la-node.lo liblely_coapp_la-sdo.lo liblely_coapp_la-sdo_error.lo liblely_coapp_la-slave.lo liblely_coapp_la-type_traits.lo ../../src/libc/liblely-libc.la ../../src/util/liblely-util.la ../../src/can/liblely-can.la ../../src/ev/liblely-ev.la ../../src/io2/liblely-io2.la ../../src/co/liblely-co.la )
[25.857s] libtool: install: /usr/bin/install -c .libs/liblely-coapp.so.2.3.2T /home/vboxuser/agv_ws/install/lely_core_libraries/lib/liblely-coapp.so.2.3.2
[25.867s] libtool: install: (cd /home/vboxuser/agv_ws/install/lely_core_libraries/lib && { ln -s -f liblely-coapp.so.2.3.2 liblely-coapp.so.2 || { rm -f liblely-coapp.so.2 && ln -s liblely-coapp.so.2.3.2 liblely-coapp.so.2; }; })
[25.869s] libtool: install: (cd /home/vboxuser/agv_ws/install/lely_core_libraries/lib && { ln -s -f liblely-coapp.so.2.3.2 liblely-coapp.so || { rm -f liblely-coapp.so && ln -s liblely-coapp.so.2.3.2 liblely-coapp.so; }; })
[25.872s] libtool: install: /usr/bin/install -c .libs/liblely-coapp.lai /home/vboxuser/agv_ws/install/lely_core_libraries/lib/liblely-coapp.la
[25.921s] libtool: finish: PATH="/opt/ros/humble/bin:/usr/local/sbin:/usr/local/bin:/usr/sbin:/usr/bin:/sbin:/bin:/usr/games:/usr/local/games:/snap/bin:/snap/bin:/sbin" ldconfig -n /home/vboxuser/agv_ws/install/lely_core_libraries/lib
[25.926s] ----------------------------------------------------------------------
[25.926s] Libraries have been installed in:
[25.926s]    /home/vboxuser/agv_ws/install/lely_core_libraries/lib
[25.926s] 
[25.927s] If you ever happen to want to link against installed libraries
[25.927s] in a given directory, LIBDIR, you must either use libtool, and
[25.927s] specify the full pathname of the library, or use the '-LLIBDIR'
[25.927s] flag during linking and do at least one of the following:
[25.927s]    - add LIBDIR to the 'LD_LIBRARY_PATH' environment variable
[25.927s]      during execution
[25.927s]    - add LIBDIR to the 'LD_RUN_PATH' environment variable
[25.927s]      during linking
[25.927s]    - use the '-Wl,-rpath -Wl,LIBDIR' linker flag
[25.927s]    - have your system administrator add LIBDIR to '/etc/ld.so.conf'
[25.928s] 
[25.928s] See any operating system documentation about shared libraries for
[25.928s] more information, such as the ld(1) and ld.so(8) manual pages.
[25.928s] ----------------------------------------------------------------------
[25.931s] gmake[3]: Leaving directory '/home/vboxuser/agv_ws/build/lely_core_libraries/build/src/coapp'
[25.931s] gmake[2]: Leaving directory '/home/vboxuser/agv_ws/build/lely_core_libraries/build/src/coapp'
[25.935s] gmake[2]: Entering directory '/home/vboxuser/agv_ws/build/lely_core_libraries/build/src'
[25.939s] gmake[3]: Entering directory '/home/vboxuser/agv_ws/build/lely_core_libraries/build/src'
[25.940s] gmake[3]: Nothing to be done for 'install-exec-am'.
[25.940s] gmake[3]: Nothing to be done for 'install-data-am'.
[25.940s] gmake[3]: Leaving directory '/home/vboxuser/agv_ws/build/lely_core_libraries/build/src'
[25.940s] gmake[2]: Leaving directory '/home/vboxuser/agv_ws/build/lely_core_libraries/build/src'
[25.940s] gmake[1]: Leaving directory '/home/vboxuser/agv_ws/build/lely_core_libraries/build/src'
[25.941s] Making install in python
[25.945s] gmake[1]: Entering directory '/home/vboxuser/agv_ws/build/lely_core_libraries/build/python'
[25.951s] Making install in dcf-tools
[25.954s] gmake[2]: Entering directory '/home/vboxuser/agv_ws/build/lely_core_libraries/build/python/dcf-tools'
[25.959s] gmake[3]: Entering directory '/home/vboxuser/agv_ws/build/lely_core_libraries/build/python/dcf-tools'
[26.480s] running egg_info
[26.481s] writing dcf_tools.egg-info/PKG-INFO
[26.481s] writing dependency_links to dcf_tools.egg-info/dependency_links.txt
[26.482s] writing entry points to dcf_tools.egg-info/entry_points.txt
[26.482s] writing requirements to dcf_tools.egg-info/requires.txt
[26.482s] writing top-level names to dcf_tools.egg-info/top_level.txt
[26.486s] reading manifest file 'dcf_tools.egg-info/SOURCES.txt'
[26.488s] writing manifest file 'dcf_tools.egg-info/SOURCES.txt'
[26.488s] running build
[26.488s] running build_py
[26.492s] running install
[26.493s] running install_lib
[26.498s] running install_egg_info
[26.501s] removing '/home/vboxuser/agv_ws/install/lely_core_libraries/lib/python3.10/site-packages/dcf_tools-2.3.2-py3.10.egg-info' (and everything under it)
[26.501s] Copying dcf_tools.egg-info to /home/vboxuser/agv_ws/install/lely_core_libraries/lib/python3.10/site-packages/dcf_tools-2.3.2-py3.10.egg-info
[26.502s] running install_scripts
[26.538s] Installing dcf2dev script to /home/vboxuser/agv_ws/install/lely_core_libraries/bin/
[26.538s] Installing dcfchk script to /home/vboxuser/agv_ws/install/lely_core_libraries/bin/
[26.539s] Installing dcfgen script to /home/vboxuser/agv_ws/install/lely_core_libraries/bin/
[26.539s] writing list of installed files to 'install.log'
[26.574s] gmake[3]: Nothing to be done for 'install-data-am'.
[26.575s] gmake[3]: Leaving directory '/home/vboxuser/agv_ws/build/lely_core_libraries/build/python/dcf-tools'
[26.575s] gmake[2]: Leaving directory '/home/vboxuser/agv_ws/build/lely_core_libraries/build/python/dcf-tools'
[26.578s] gmake[2]: Entering directory '/home/vboxuser/agv_ws/build/lely_core_libraries/build/python'
[26.583s] gmake[3]: Entering directory '/home/vboxuser/agv_ws/build/lely_core_libraries/build/python'
[26.583s] gmake[3]: Nothing to be done for 'install-exec-am'.
[26.583s] gmake[3]: Nothing to be done for 'install-data-am'.
[26.584s] gmake[3]: Leaving directory '/home/vboxuser/agv_ws/build/lely_core_libraries/build/python'
[26.584s] gmake[2]: Leaving directory '/home/vboxuser/agv_ws/build/lely_core_libraries/build/python'
[26.584s] gmake[1]: Leaving directory '/home/vboxuser/agv_ws/build/lely_core_libraries/build/python'
[26.584s] Making install in pkgconfig
[26.587s] gmake[1]: Entering directory '/home/vboxuser/agv_ws/build/lely_core_libraries/build/pkgconfig'
[26.592s] gmake[2]: Entering directory '/home/vboxuser/agv_ws/build/lely_core_libraries/build/pkgconfig'
[26.592s] gmake[2]: Nothing to be done for 'install-exec-am'.
[26.594s]  /usr/bin/mkdir -p '/home/vboxuser/agv_ws/install/lely_core_libraries/lib/pkgconfig'
[26.598s]  /usr/bin/install -c -m 644 liblely-can.pc liblely-co.pc liblely-coapp.pc liblely-ev.pc liblely-io.pc liblely-io2.pc liblely-libc.pc liblely-libc_rt.pc liblely-tap.pc liblely-util.pc '/home/vboxuser/agv_ws/install/lely_core_libraries/lib/pkgconfig'
[26.601s] gmake[2]: Leaving directory '/home/vboxuser/agv_ws/build/lely_core_libraries/build/pkgconfig'
[26.601s] gmake[1]: Leaving directory '/home/vboxuser/agv_ws/build/lely_core_libraries/build/pkgconfig'
[26.604s] gmake[1]: Entering directory '/home/vboxuser/agv_ws/build/lely_core_libraries/build'
[26.613s] gmake[2]: Entering directory '/home/vboxuser/agv_ws/build/lely_core_libraries/build'
[26.613s] gmake[2]: Nothing to be done for 'install-exec-am'.
[26.613s] gmake[2]: Nothing to be done for 'install-data-am'.
[26.614s] gmake[2]: Leaving directory '/home/vboxuser/agv_ws/build/lely_core_libraries/build'
[26.614s] gmake[1]: Leaving directory '/home/vboxuser/agv_ws/build/lely_core_libraries/build'
[26.614s] -- Up-to-date: /home/vboxuser/agv_ws/install/lely_core_libraries/share/lely_core_libraries/cmake
[26.614s] -- Up-to-date: /home/vboxuser/agv_ws/install/lely_core_libraries/share/lely_core_libraries/cmake/lely_core_libraries-extras.cmake
[26.615s] -- Up-to-date: /home/vboxuser/agv_ws/install/lely_core_libraries/share/lely_core_libraries/environment/pythonpath.sh
[26.616s] -- Up-to-date: /home/vboxuser/agv_ws/install/lely_core_libraries/share/lely_core_libraries/environment/pythonpath.dsv
[26.621s] -- Up-to-date: /home/vboxuser/agv_ws/install/lely_core_libraries/local/lib/python3.10/dist-packages/cogen-0.2.8-py3.10.egg-info
[26.622s] -- Installing: /home/vboxuser/agv_ws/install/lely_core_libraries/local/lib/python3.10/dist-packages/cogen-0.2.8-py3.10.egg-info/entry_points.txt
[26.622s] -- Installing: /home/vboxuser/agv_ws/install/lely_core_libraries/local/lib/python3.10/dist-packages/cogen-0.2.8-py3.10.egg-info/SOURCES.txt
[26.622s] -- Installing: /home/vboxuser/agv_ws/install/lely_core_libraries/local/lib/python3.10/dist-packages/cogen-0.2.8-py3.10.egg-info/dependency_links.txt
[26.622s] -- Installing: /home/vboxuser/agv_ws/install/lely_core_libraries/local/lib/python3.10/dist-packages/cogen-0.2.8-py3.10.egg-info/PKG-INFO
[26.623s] -- Installing: /home/vboxuser/agv_ws/install/lely_core_libraries/local/lib/python3.10/dist-packages/cogen-0.2.8-py3.10.egg-info/top_level.txt
[26.623s] -- Up-to-date: /home/vboxuser/agv_ws/install/lely_core_libraries/lib/cogen/
[26.623s] -- Installing: /home/vboxuser/agv_ws/install/lely_core_libraries/lib/cogen//cogen
[26.624s] -- Up-to-date: /home/vboxuser/agv_ws/install/lely_core_libraries/local/lib/python3.10/dist-packages/cogen
[26.625s] -- Up-to-date: /home/vboxuser/agv_ws/install/lely_core_libraries/local/lib/python3.10/dist-packages/cogen/cogen.py
[26.625s] -- Up-to-date: /home/vboxuser/agv_ws/install/lely_core_libraries/local/lib/python3.10/dist-packages/cogen/__init__.py
[26.679s] Listing '/home/vboxuser/agv_ws/install/lely_core_libraries/local/lib/python3.10/dist-packages/cogen'...
[26.685s] -- Up-to-date: /home/vboxuser/agv_ws/install/lely_core_libraries/bin/
[26.685s] -- Installing: /home/vboxuser/agv_ws/install/lely_core_libraries/bin//cogen
[26.686s] -- Up-to-date: /home/vboxuser/agv_ws/install/lely_core_libraries/share/lely_core_libraries/environment/library_path.sh
[26.686s] -- Up-to-date: /home/vboxuser/agv_ws/install/lely_core_libraries/share/lely_core_libraries/environment/library_path.dsv
[26.687s] -- Up-to-date: /home/vboxuser/agv_ws/install/lely_core_libraries/share/ament_index/resource_index/package_run_dependencies/lely_core_libraries
[26.688s] -- Up-to-date: /home/vboxuser/agv_ws/install/lely_core_libraries/share/ament_index/resource_index/parent_prefix_path/lely_core_libraries
[26.688s] -- Up-to-date: /home/vboxuser/agv_ws/install/lely_core_libraries/share/lely_core_libraries/environment/ament_prefix_path.sh
[26.689s] -- Up-to-date: /home/vboxuser/agv_ws/install/lely_core_libraries/share/lely_core_libraries/environment/ament_prefix_path.dsv
[26.689s] -- Up-to-date: /home/vboxuser/agv_ws/install/lely_core_libraries/share/lely_core_libraries/environment/path.sh
[26.689s] -- Up-to-date: /home/vboxuser/agv_ws/install/lely_core_libraries/share/lely_core_libraries/environment/path.dsv
[26.689s] -- Up-to-date: /home/vboxuser/agv_ws/install/lely_core_libraries/share/lely_core_libraries/local_setup.bash
[26.690s] -- Up-to-date: /home/vboxuser/agv_ws/install/lely_core_libraries/share/lely_core_libraries/local_setup.sh
[26.690s] -- Up-to-date: /home/vboxuser/agv_ws/install/lely_core_libraries/share/lely_core_libraries/local_setup.zsh
[26.690s] -- Up-to-date: /home/vboxuser/agv_ws/install/lely_core_libraries/share/lely_core_libraries/local_setup.dsv
[26.690s] -- Installing: /home/vboxuser/agv_ws/install/lely_core_libraries/share/lely_core_libraries/package.dsv
[26.691s] -- Up-to-date: /home/vboxuser/agv_ws/install/lely_core_libraries/share/ament_index/resource_index/packages/lely_core_libraries
[26.691s] -- Up-to-date: /home/vboxuser/agv_ws/install/lely_core_libraries/share/lely_core_libraries/cmake/lely_core_libraries-extras.cmake
[26.691s] -- Up-to-date: /home/vboxuser/agv_ws/install/lely_core_libraries/share/lely_core_libraries/cmake/ament_cmake_export_include_directories-extras.cmake
[26.691s] -- Up-to-date: /home/vboxuser/agv_ws/install/lely_core_libraries/share/lely_core_libraries/cmake/ament_cmake_export_libraries-extras.cmake
[26.691s] -- Up-to-date: /home/vboxuser/agv_ws/install/lely_core_libraries/share/lely_core_libraries/cmake/lely_core_librariesConfig.cmake
[26.691s] -- Up-to-date: /home/vboxuser/agv_ws/install/lely_core_libraries/share/lely_core_libraries/cmake/lely_core_librariesConfig-version.cmake
[26.691s] -- Up-to-date: /home/vboxuser/agv_ws/install/lely_core_libraries/share/lely_core_libraries/package.xml
[26.694s] Invoked command in '/home/vboxuser/agv_ws/build/lely_core_libraries' returned '0': CMAKE_PREFIX_PATH=${CMAKE_PREFIX_PATH}:/home/vboxuser/bumperbot_ws/install/bumperbot_py_examples:/home/vboxuser/ros2_ws/install/my_py_pkg:/opt/ros/humble /usr/bin/cmake --install /home/vboxuser/agv_ws/build/lely_core_libraries
