[0.032s] Invoking command in '/home/vboxuser/agv_ws/build/agv_msgs': CMAKE_PREFIX_PATH=/home/vboxuser/agv_ws/install/wheel_control:/home/vboxuser/agv_ws/install/pgv100:/home/vboxuser/agv_ws/install/panda_rviz_viewer:/home/vboxuser/agv_ws/install/panda_canopen:/home/vboxuser/agv_ws/install/my_simulation:/home/vboxuser/agv_ws/install/canopen_tests:/home/vboxuser/agv_ws/install/canopen_ros2_controllers:/home/vboxuser/agv_ws/install/canopen_ros2_control:/home/vboxuser/agv_ws/install/canopen_robot_control_example:/home/vboxuser/agv_ws/install/canopen_kinco3:/home/vboxuser/agv_ws/install/canopen_kinco2:/home/vboxuser/agv_ws/install/canopen_kinco:/home/vboxuser/agv_ws/install/canopen:/home/vboxuser/agv_ws/install/canopen_402_driver:/home/vboxuser/agv_ws/install/canopen_proxy_driver:/home/vboxuser/agv_ws/install/canopen_master_driver:/home/vboxuser/agv_ws/install/canopen_fake_slaves:/home/vboxuser/agv_ws/install/canopen_base_driver:/home/vboxuser/agv_ws/install/canopen_core:/home/vboxuser/agv_ws/install/lely_core_libraries:/home/vboxuser/agv_ws/install/canopen_interfaces:/home/vboxuser/agv_ws/install/agv_py:/home/vboxuser/agv_ws/install/agv_msgs:/home/vboxuser/agv_ws/install/agv_controllers:/home/vboxuser/agv_ws/install/odometry:/home/vboxuser/agv_ws/install/movement:/home/vboxuser/agv_ws/install/communication:/home/vboxuser/agv_ws/install/canopen_utils:/home/vboxuser/agv_ws/install/agv_py_functions:/home/vboxuser/bumperbot_ws/install/bumperbot_py_examples:/home/vboxuser/ros2_ws/install/my_py_pkg:/opt/ros/humble:/home/vboxuser/agv_ws/install/agv_controller:/home/vboxuser/agv_ws/install/agv:/home/vboxuser/bumperbot_ws/install/bumperbot_cpp_examples:/home/vboxuser/bumperbot_ws/install/bumperbot_msgs:/home/vboxuser/bumperbot_ws/install/bumperbot_description:/home/vboxuser/bumperbot_ws/install/bumperbot_controller:/home/vboxuser/ros2_ws/install/my_simulation /usr/bin/cmake --build /home/vboxuser/agv_ws/build/agv_msgs -- -j4 -l4
[0.133s] [ 10%] Built target agv_msgs__rosidl_generator_c
[0.139s] [ 12%] Built target agv_msgs__cpp
[0.151s] [ 12%] Built target ament_cmake_python_copy_agv_msgs
[0.182s] [ 23%] Built target agv_msgs__rosidl_typesupport_c
[0.183s] [ 33%] Built target agv_msgs__rosidl_typesupport_introspection_c
[0.187s] [ 43%] Built target agv_msgs__rosidl_typesupport_fastrtps_c
[0.194s] [ 53%] Built target agv_msgs__rosidl_typesupport_fastrtps_cpp
[0.219s] [ 64%] Built target agv_msgs__rosidl_typesupport_cpp
[0.219s] [ 74%] Built target agv_msgs__rosidl_typesupport_introspection_cpp
[0.271s] [ 74%] Built target agv_msgs
[0.309s] [ 76%] Built target agv_msgs__py
[0.353s] [ 84%] Built target agv_msgs__rosidl_generator_py
[0.391s] [ 94%] Built target agv_msgs__rosidl_typesupport_introspection_c__pyext
[0.391s] [ 94%] Built target agv_msgs__rosidl_typesupport_fastrtps_c__pyext
[0.392s] [100%] Built target agv_msgs__rosidl_typesupport_c__pyext
[0.721s] running egg_info
[0.723s] writing agv_msgs.egg-info/PKG-INFO
[0.723s] writing dependency_links to agv_msgs.egg-info/dependency_links.txt
[0.724s] writing top-level names to agv_msgs.egg-info/top_level.txt
[0.728s] reading manifest file 'agv_msgs.egg-info/SOURCES.txt'
[0.730s] writing manifest file 'agv_msgs.egg-info/SOURCES.txt'
[0.775s] [100%] Built target ament_cmake_python_build_agv_msgs_egg
[0.792s] Invoked command in '/home/vboxuser/agv_ws/build/agv_msgs' returned '0': CMAKE_PREFIX_PATH=/home/vboxuser/agv_ws/install/wheel_control:/home/vboxuser/agv_ws/install/pgv100:/home/vboxuser/agv_ws/install/panda_rviz_viewer:/home/vboxuser/agv_ws/install/panda_canopen:/home/vboxuser/agv_ws/install/my_simulation:/home/vboxuser/agv_ws/install/canopen_tests:/home/vboxuser/agv_ws/install/canopen_ros2_controllers:/home/vboxuser/agv_ws/install/canopen_ros2_control:/home/vboxuser/agv_ws/install/canopen_robot_control_example:/home/vboxuser/agv_ws/install/canopen_kinco3:/home/vboxuser/agv_ws/install/canopen_kinco2:/home/vboxuser/agv_ws/install/canopen_kinco:/home/vboxuser/agv_ws/install/canopen:/home/vboxuser/agv_ws/install/canopen_402_driver:/home/vboxuser/agv_ws/install/canopen_proxy_driver:/home/vboxuser/agv_ws/install/canopen_master_driver:/home/vboxuser/agv_ws/install/canopen_fake_slaves:/home/vboxuser/agv_ws/install/canopen_base_driver:/home/vboxuser/agv_ws/install/canopen_core:/home/vboxuser/agv_ws/install/lely_core_libraries:/home/vboxuser/agv_ws/install/canopen_interfaces:/home/vboxuser/agv_ws/install/agv_py:/home/vboxuser/agv_ws/install/agv_msgs:/home/vboxuser/agv_ws/install/agv_controllers:/home/vboxuser/agv_ws/install/odometry:/home/vboxuser/agv_ws/install/movement:/home/vboxuser/agv_ws/install/communication:/home/vboxuser/agv_ws/install/canopen_utils:/home/vboxuser/agv_ws/install/agv_py_functions:/home/vboxuser/bumperbot_ws/install/bumperbot_py_examples:/home/vboxuser/ros2_ws/install/my_py_pkg:/opt/ros/humble:/home/vboxuser/agv_ws/install/agv_controller:/home/vboxuser/agv_ws/install/agv:/home/vboxuser/bumperbot_ws/install/bumperbot_cpp_examples:/home/vboxuser/bumperbot_ws/install/bumperbot_msgs:/home/vboxuser/bumperbot_ws/install/bumperbot_description:/home/vboxuser/bumperbot_ws/install/bumperbot_controller:/home/vboxuser/ros2_ws/install/my_simulation /usr/bin/cmake --build /home/vboxuser/agv_ws/build/agv_msgs -- -j4 -l4
[0.980s] Invoking command in '/home/vboxuser/agv_ws/build/agv_msgs': CMAKE_PREFIX_PATH=/home/vboxuser/agv_ws/install/wheel_control:/home/vboxuser/agv_ws/install/pgv100:/home/vboxuser/agv_ws/install/panda_rviz_viewer:/home/vboxuser/agv_ws/install/panda_canopen:/home/vboxuser/agv_ws/install/my_simulation:/home/vboxuser/agv_ws/install/canopen_tests:/home/vboxuser/agv_ws/install/canopen_ros2_controllers:/home/vboxuser/agv_ws/install/canopen_ros2_control:/home/vboxuser/agv_ws/install/canopen_robot_control_example:/home/vboxuser/agv_ws/install/canopen_kinco3:/home/vboxuser/agv_ws/install/canopen_kinco2:/home/vboxuser/agv_ws/install/canopen_kinco:/home/vboxuser/agv_ws/install/canopen:/home/vboxuser/agv_ws/install/canopen_402_driver:/home/vboxuser/agv_ws/install/canopen_proxy_driver:/home/vboxuser/agv_ws/install/canopen_master_driver:/home/vboxuser/agv_ws/install/canopen_fake_slaves:/home/vboxuser/agv_ws/install/canopen_base_driver:/home/vboxuser/agv_ws/install/canopen_core:/home/vboxuser/agv_ws/install/lely_core_libraries:/home/vboxuser/agv_ws/install/canopen_interfaces:/home/vboxuser/agv_ws/install/agv_py:/home/vboxuser/agv_ws/install/agv_msgs:/home/vboxuser/agv_ws/install/agv_controllers:/home/vboxuser/agv_ws/install/odometry:/home/vboxuser/agv_ws/install/movement:/home/vboxuser/agv_ws/install/communication:/home/vboxuser/agv_ws/install/canopen_utils:/home/vboxuser/agv_ws/install/agv_py_functions:/home/vboxuser/bumperbot_ws/install/bumperbot_py_examples:/home/vboxuser/ros2_ws/install/my_py_pkg:/opt/ros/humble:/home/vboxuser/agv_ws/install/agv_controller:/home/vboxuser/agv_ws/install/agv:/home/vboxuser/bumperbot_ws/install/bumperbot_cpp_examples:/home/vboxuser/bumperbot_ws/install/bumperbot_msgs:/home/vboxuser/bumperbot_ws/install/bumperbot_description:/home/vboxuser/bumperbot_ws/install/bumperbot_controller:/home/vboxuser/ros2_ws/install/my_simulation /usr/bin/cmake --install /home/vboxuser/agv_ws/build/agv_msgs
[0.993s] -- Install configuration: ""
[0.993s] -- Up-to-date: /home/vboxuser/agv_ws/install/agv_msgs/share/ament_index/resource_index/rosidl_interfaces/agv_msgs
[0.993s] -- Up-to-date: /home/vboxuser/agv_ws/install/agv_msgs/include/agv_msgs/agv_msgs
[0.993s] -- Up-to-date: /home/vboxuser/agv_ws/install/agv_msgs/include/agv_msgs/agv_msgs/srv
[0.994s] -- Up-to-date: /home/vboxuser/agv_ws/install/agv_msgs/include/agv_msgs/agv_msgs/srv/move.h
[0.994s] -- Up-to-date: /home/vboxuser/agv_ws/install/agv_msgs/include/agv_msgs/agv_msgs/srv/set_wheel_speed.h
[0.994s] -- Up-to-date: /home/vboxuser/agv_ws/install/agv_msgs/include/agv_msgs/agv_msgs/srv/detail
[0.994s] -- Up-to-date: /home/vboxuser/agv_ws/install/agv_msgs/include/agv_msgs/agv_msgs/srv/detail/move__struct.h
[0.995s] -- Up-to-date: /home/vboxuser/agv_ws/install/agv_msgs/include/agv_msgs/agv_msgs/srv/detail/move__functions.c
[0.995s] -- Up-to-date: /home/vboxuser/agv_ws/install/agv_msgs/include/agv_msgs/agv_msgs/srv/detail/move__functions.h
[0.995s] -- Up-to-date: /home/vboxuser/agv_ws/install/agv_msgs/include/agv_msgs/agv_msgs/srv/detail/set_wheel_speed__functions.c
[0.996s] -- Up-to-date: /home/vboxuser/agv_ws/install/agv_msgs/include/agv_msgs/agv_msgs/srv/detail/set_wheel_speed__functions.h
[0.996s] -- Up-to-date: /home/vboxuser/agv_ws/install/agv_msgs/include/agv_msgs/agv_msgs/srv/detail/set_wheel_speed__type_support.h
[0.996s] -- Up-to-date: /home/vboxuser/agv_ws/install/agv_msgs/include/agv_msgs/agv_msgs/srv/detail/move__type_support.h
[0.996s] -- Up-to-date: /home/vboxuser/agv_ws/install/agv_msgs/include/agv_msgs/agv_msgs/srv/detail/set_wheel_speed__struct.h
[0.996s] -- Up-to-date: /home/vboxuser/agv_ws/install/agv_msgs/include/agv_msgs/agv_msgs/msg
[0.996s] -- Up-to-date: /home/vboxuser/agv_ws/install/agv_msgs/include/agv_msgs/agv_msgs/msg/rosidl_generator_c__visibility_control.h
[0.997s] -- Up-to-date: /home/vboxuser/agv_ws/install/agv_msgs/include/agv_msgs/agv_msgs/action
[0.997s] -- Up-to-date: /home/vboxuser/agv_ws/install/agv_msgs/include/agv_msgs/agv_msgs/action/move.h
[0.997s] -- Up-to-date: /home/vboxuser/agv_ws/install/agv_msgs/include/agv_msgs/agv_msgs/action/detail
[0.997s] -- Up-to-date: /home/vboxuser/agv_ws/install/agv_msgs/include/agv_msgs/agv_msgs/action/detail/move__struct.h
[0.997s] -- Up-to-date: /home/vboxuser/agv_ws/install/agv_msgs/include/agv_msgs/agv_msgs/action/detail/move__functions.c
[0.998s] -- Up-to-date: /home/vboxuser/agv_ws/install/agv_msgs/include/agv_msgs/agv_msgs/action/detail/move__functions.h
[0.998s] -- Up-to-date: /home/vboxuser/agv_ws/install/agv_msgs/include/agv_msgs/agv_msgs/action/detail/move__type_support.h
[0.998s] -- Up-to-date: /home/vboxuser/agv_ws/install/agv_msgs/share/agv_msgs/environment/library_path.sh
[0.998s] -- Up-to-date: /home/vboxuser/agv_ws/install/agv_msgs/share/agv_msgs/environment/library_path.dsv
[0.998s] -- Up-to-date: /home/vboxuser/agv_ws/install/agv_msgs/lib/libagv_msgs__rosidl_generator_c.so
[0.999s] -- Up-to-date: /home/vboxuser/agv_ws/install/agv_msgs/include/agv_msgs/agv_msgs
[0.999s] -- Up-to-date: /home/vboxuser/agv_ws/install/agv_msgs/include/agv_msgs/agv_msgs/srv
[0.999s] -- Up-to-date: /home/vboxuser/agv_ws/install/agv_msgs/include/agv_msgs/agv_msgs/srv/detail
[1.000s] -- Up-to-date: /home/vboxuser/agv_ws/install/agv_msgs/include/agv_msgs/agv_msgs/srv/detail/move__rosidl_typesupport_fastrtps_c.h
[1.000s] -- Up-to-date: /home/vboxuser/agv_ws/install/agv_msgs/include/agv_msgs/agv_msgs/srv/detail/set_wheel_speed__rosidl_typesupport_fastrtps_c.h
[1.000s] -- Up-to-date: /home/vboxuser/agv_ws/install/agv_msgs/include/agv_msgs/agv_msgs/msg
[1.000s] -- Up-to-date: /home/vboxuser/agv_ws/install/agv_msgs/include/agv_msgs/agv_msgs/msg/rosidl_typesupport_fastrtps_c__visibility_control.h
[1.000s] -- Up-to-date: /home/vboxuser/agv_ws/install/agv_msgs/lib/libagv_msgs__rosidl_typesupport_fastrtps_c.so
[1.000s] -- Up-to-date: /home/vboxuser/agv_ws/install/agv_msgs/include/agv_msgs/agv_msgs
[1.000s] -- Up-to-date: /home/vboxuser/agv_ws/install/agv_msgs/include/agv_msgs/agv_msgs/srv
[1.000s] -- Up-to-date: /home/vboxuser/agv_ws/install/agv_msgs/include/agv_msgs/agv_msgs/srv/move.hpp
[1.000s] -- Up-to-date: /home/vboxuser/agv_ws/install/agv_msgs/include/agv_msgs/agv_msgs/srv/set_wheel_speed.hpp
[1.001s] -- Up-to-date: /home/vboxuser/agv_ws/install/agv_msgs/include/agv_msgs/agv_msgs/srv/detail
[1.001s] -- Up-to-date: /home/vboxuser/agv_ws/install/agv_msgs/include/agv_msgs/agv_msgs/srv/detail/move__struct.hpp
[1.001s] -- Up-to-date: /home/vboxuser/agv_ws/install/agv_msgs/include/agv_msgs/agv_msgs/srv/detail/set_wheel_speed__builder.hpp
[1.001s] -- Up-to-date: /home/vboxuser/agv_ws/install/agv_msgs/include/agv_msgs/agv_msgs/srv/detail/set_wheel_speed__struct.hpp
[1.001s] -- Up-to-date: /home/vboxuser/agv_ws/install/agv_msgs/include/agv_msgs/agv_msgs/srv/detail/move__builder.hpp
[1.001s] -- Up-to-date: /home/vboxuser/agv_ws/install/agv_msgs/include/agv_msgs/agv_msgs/srv/detail/set_wheel_speed__traits.hpp
[1.001s] -- Up-to-date: /home/vboxuser/agv_ws/install/agv_msgs/include/agv_msgs/agv_msgs/srv/detail/move__traits.hpp
[1.001s] -- Up-to-date: /home/vboxuser/agv_ws/install/agv_msgs/include/agv_msgs/agv_msgs/action
[1.002s] -- Up-to-date: /home/vboxuser/agv_ws/install/agv_msgs/include/agv_msgs/agv_msgs/action/move.hpp
[1.002s] -- Up-to-date: /home/vboxuser/agv_ws/install/agv_msgs/include/agv_msgs/agv_msgs/action/detail
[1.002s] -- Up-to-date: /home/vboxuser/agv_ws/install/agv_msgs/include/agv_msgs/agv_msgs/action/detail/move__struct.hpp
[1.002s] -- Up-to-date: /home/vboxuser/agv_ws/install/agv_msgs/include/agv_msgs/agv_msgs/action/detail/move__builder.hpp
[1.002s] -- Up-to-date: /home/vboxuser/agv_ws/install/agv_msgs/include/agv_msgs/agv_msgs/action/detail/move__traits.hpp
[1.002s] -- Up-to-date: /home/vboxuser/agv_ws/install/agv_msgs/include/agv_msgs/agv_msgs
[1.002s] -- Up-to-date: /home/vboxuser/agv_ws/install/agv_msgs/include/agv_msgs/agv_msgs/srv
[1.002s] -- Up-to-date: /home/vboxuser/agv_ws/install/agv_msgs/include/agv_msgs/agv_msgs/srv/detail
[1.003s] -- Up-to-date: /home/vboxuser/agv_ws/install/agv_msgs/include/agv_msgs/agv_msgs/srv/detail/set_wheel_speed__rosidl_typesupport_fastrtps_cpp.hpp
[1.003s] -- Up-to-date: /home/vboxuser/agv_ws/install/agv_msgs/include/agv_msgs/agv_msgs/srv/detail/move__rosidl_typesupport_fastrtps_cpp.hpp
[1.003s] -- Up-to-date: /home/vboxuser/agv_ws/install/agv_msgs/include/agv_msgs/agv_msgs/srv/detail/dds_fastrtps
[1.003s] -- Up-to-date: /home/vboxuser/agv_ws/install/agv_msgs/include/agv_msgs/agv_msgs/msg
[1.003s] -- Up-to-date: /home/vboxuser/agv_ws/install/agv_msgs/include/agv_msgs/agv_msgs/msg/rosidl_typesupport_fastrtps_cpp__visibility_control.h
[1.003s] -- Up-to-date: /home/vboxuser/agv_ws/install/agv_msgs/include/agv_msgs/agv_msgs/action
[1.003s] -- Up-to-date: /home/vboxuser/agv_ws/install/agv_msgs/include/agv_msgs/agv_msgs/action/detail
[1.003s] -- Up-to-date: /home/vboxuser/agv_ws/install/agv_msgs/include/agv_msgs/agv_msgs/action/detail/move__rosidl_typesupport_fastrtps_cpp.hpp
[1.003s] -- Up-to-date: /home/vboxuser/agv_ws/install/agv_msgs/include/agv_msgs/agv_msgs/action/detail/dds_fastrtps
[1.004s] -- Up-to-date: /home/vboxuser/agv_ws/install/agv_msgs/lib/libagv_msgs__rosidl_typesupport_fastrtps_cpp.so
[1.004s] -- Up-to-date: /home/vboxuser/agv_ws/install/agv_msgs/include/agv_msgs/agv_msgs
[1.004s] -- Up-to-date: /home/vboxuser/agv_ws/install/agv_msgs/include/agv_msgs/agv_msgs/srv
[1.004s] -- Up-to-date: /home/vboxuser/agv_ws/install/agv_msgs/include/agv_msgs/agv_msgs/srv/detail
[1.004s] -- Up-to-date: /home/vboxuser/agv_ws/install/agv_msgs/include/agv_msgs/agv_msgs/srv/detail/set_wheel_speed__type_support.c
[1.004s] -- Up-to-date: /home/vboxuser/agv_ws/install/agv_msgs/include/agv_msgs/agv_msgs/srv/detail/set_wheel_speed__rosidl_typesupport_introspection_c.h
[1.004s] -- Up-to-date: /home/vboxuser/agv_ws/install/agv_msgs/include/agv_msgs/agv_msgs/srv/detail/move__type_support.c
[1.004s] -- Up-to-date: /home/vboxuser/agv_ws/install/agv_msgs/include/agv_msgs/agv_msgs/srv/detail/move__rosidl_typesupport_introspection_c.h
[1.004s] -- Up-to-date: /home/vboxuser/agv_ws/install/agv_msgs/include/agv_msgs/agv_msgs/msg
[1.004s] -- Up-to-date: /home/vboxuser/agv_ws/install/agv_msgs/include/agv_msgs/agv_msgs/msg/rosidl_typesupport_introspection_c__visibility_control.h
[1.005s] -- Up-to-date: /home/vboxuser/agv_ws/install/agv_msgs/lib/libagv_msgs__rosidl_typesupport_introspection_c.so
[1.005s] -- Up-to-date: /home/vboxuser/agv_ws/install/agv_msgs/lib/libagv_msgs__rosidl_typesupport_c.so
[1.005s] -- Up-to-date: /home/vboxuser/agv_ws/install/agv_msgs/include/agv_msgs/agv_msgs
[1.005s] -- Up-to-date: /home/vboxuser/agv_ws/install/agv_msgs/include/agv_msgs/agv_msgs/srv
[1.005s] -- Up-to-date: /home/vboxuser/agv_ws/install/agv_msgs/include/agv_msgs/agv_msgs/srv/detail
[1.005s] -- Up-to-date: /home/vboxuser/agv_ws/install/agv_msgs/include/agv_msgs/agv_msgs/srv/detail/set_wheel_speed__type_support.cpp
[1.005s] -- Up-to-date: /home/vboxuser/agv_ws/install/agv_msgs/include/agv_msgs/agv_msgs/srv/detail/move__rosidl_typesupport_introspection_cpp.hpp
[1.005s] -- Up-to-date: /home/vboxuser/agv_ws/install/agv_msgs/include/agv_msgs/agv_msgs/srv/detail/set_wheel_speed__rosidl_typesupport_introspection_cpp.hpp
[1.005s] -- Up-to-date: /home/vboxuser/agv_ws/install/agv_msgs/include/agv_msgs/agv_msgs/srv/detail/move__type_support.cpp
[1.006s] -- Up-to-date: /home/vboxuser/agv_ws/install/agv_msgs/include/agv_msgs/agv_msgs/action
[1.006s] -- Up-to-date: /home/vboxuser/agv_ws/install/agv_msgs/include/agv_msgs/agv_msgs/action/detail
[1.006s] -- Up-to-date: /home/vboxuser/agv_ws/install/agv_msgs/include/agv_msgs/agv_msgs/action/detail/move__rosidl_typesupport_introspection_cpp.hpp
[1.006s] -- Up-to-date: /home/vboxuser/agv_ws/install/agv_msgs/include/agv_msgs/agv_msgs/action/detail/move__type_support.cpp
[1.006s] -- Up-to-date: /home/vboxuser/agv_ws/install/agv_msgs/lib/libagv_msgs__rosidl_typesupport_introspection_cpp.so
[1.006s] -- Up-to-date: /home/vboxuser/agv_ws/install/agv_msgs/lib/libagv_msgs__rosidl_typesupport_cpp.so
[1.006s] -- Up-to-date: /home/vboxuser/agv_ws/install/agv_msgs/share/agv_msgs/environment/pythonpath.sh
[1.007s] -- Up-to-date: /home/vboxuser/agv_ws/install/agv_msgs/share/agv_msgs/environment/pythonpath.dsv
[1.007s] -- Up-to-date: /home/vboxuser/agv_ws/install/agv_msgs/local/lib/python3.10/dist-packages/agv_msgs-0.0.0-py3.10.egg-info
[1.007s] -- Installing: /home/vboxuser/agv_ws/install/agv_msgs/local/lib/python3.10/dist-packages/agv_msgs-0.0.0-py3.10.egg-info/SOURCES.txt
[1.007s] -- Installing: /home/vboxuser/agv_ws/install/agv_msgs/local/lib/python3.10/dist-packages/agv_msgs-0.0.0-py3.10.egg-info/dependency_links.txt
[1.007s] -- Installing: /home/vboxuser/agv_ws/install/agv_msgs/local/lib/python3.10/dist-packages/agv_msgs-0.0.0-py3.10.egg-info/PKG-INFO
[1.007s] -- Installing: /home/vboxuser/agv_ws/install/agv_msgs/local/lib/python3.10/dist-packages/agv_msgs-0.0.0-py3.10.egg-info/top_level.txt
[1.007s] -- Up-to-date: /home/vboxuser/agv_ws/install/agv_msgs/local/lib/python3.10/dist-packages/agv_msgs
[1.007s] -- Up-to-date: /home/vboxuser/agv_ws/install/agv_msgs/local/lib/python3.10/dist-packages/agv_msgs/_agv_msgs_s.ep.rosidl_typesupport_fastrtps_c.c
[1.007s] -- Up-to-date: /home/vboxuser/agv_ws/install/agv_msgs/local/lib/python3.10/dist-packages/agv_msgs/_agv_msgs_s.ep.rosidl_typesupport_introspection_c.c
[1.008s] -- Up-to-date: /home/vboxuser/agv_ws/install/agv_msgs/local/lib/python3.10/dist-packages/agv_msgs/srv
[1.008s] -- Up-to-date: /home/vboxuser/agv_ws/install/agv_msgs/local/lib/python3.10/dist-packages/agv_msgs/srv/_move.py
[1.008s] -- Up-to-date: /home/vboxuser/agv_ws/install/agv_msgs/local/lib/python3.10/dist-packages/agv_msgs/srv/_move_s.c
[1.008s] -- Up-to-date: /home/vboxuser/agv_ws/install/agv_msgs/local/lib/python3.10/dist-packages/agv_msgs/srv/_set_wheel_speed.py
[1.008s] -- Up-to-date: /home/vboxuser/agv_ws/install/agv_msgs/local/lib/python3.10/dist-packages/agv_msgs/srv/__init__.py
[1.008s] -- Up-to-date: /home/vboxuser/agv_ws/install/agv_msgs/local/lib/python3.10/dist-packages/agv_msgs/srv/_set_wheel_speed_s.c
[1.008s] -- Up-to-date: /home/vboxuser/agv_ws/install/agv_msgs/local/lib/python3.10/dist-packages/agv_msgs/_agv_msgs_s.ep.rosidl_typesupport_c.c
[1.008s] -- Up-to-date: /home/vboxuser/agv_ws/install/agv_msgs/local/lib/python3.10/dist-packages/agv_msgs/agv_msgs_s__rosidl_typesupport_fastrtps_c.cpython-310-x86_64-linux-gnu.so
[1.008s] -- Up-to-date: /home/vboxuser/agv_ws/install/agv_msgs/local/lib/python3.10/dist-packages/agv_msgs/agv_msgs_s__rosidl_typesupport_introspection_c.cpython-310-x86_64-linux-gnu.so
[1.009s] -- Up-to-date: /home/vboxuser/agv_ws/install/agv_msgs/local/lib/python3.10/dist-packages/agv_msgs/agv_msgs_s__rosidl_typesupport_c.cpython-310-x86_64-linux-gnu.so
[1.009s] -- Up-to-date: /home/vboxuser/agv_ws/install/agv_msgs/local/lib/python3.10/dist-packages/agv_msgs/__init__.py
[1.009s] -- Up-to-date: /home/vboxuser/agv_ws/install/agv_msgs/local/lib/python3.10/dist-packages/agv_msgs/libagv_msgs__rosidl_generator_py.so
[1.075s] Listing '/home/vboxuser/agv_ws/install/agv_msgs/local/lib/python3.10/dist-packages/agv_msgs'...
[1.075s] Listing '/home/vboxuser/agv_ws/install/agv_msgs/local/lib/python3.10/dist-packages/agv_msgs/srv'...
[1.081s] -- Up-to-date: /home/vboxuser/agv_ws/install/agv_msgs/local/lib/python3.10/dist-packages/agv_msgs/agv_msgs_s__rosidl_typesupport_fastrtps_c.cpython-310-x86_64-linux-gnu.so
[1.082s] -- Up-to-date: /home/vboxuser/agv_ws/install/agv_msgs/local/lib/python3.10/dist-packages/agv_msgs/agv_msgs_s__rosidl_typesupport_introspection_c.cpython-310-x86_64-linux-gnu.so
[1.082s] -- Up-to-date: /home/vboxuser/agv_ws/install/agv_msgs/local/lib/python3.10/dist-packages/agv_msgs/agv_msgs_s__rosidl_typesupport_c.cpython-310-x86_64-linux-gnu.so
[1.082s] -- Up-to-date: /home/vboxuser/agv_ws/install/agv_msgs/lib/libagv_msgs__rosidl_generator_py.so
[1.083s] -- Up-to-date: /home/vboxuser/agv_ws/install/agv_msgs/share/agv_msgs/srv/SetWheelSpeed.idl
[1.083s] -- Up-to-date: /home/vboxuser/agv_ws/install/agv_msgs/share/agv_msgs/srv/Move.idl
[1.084s] -- Up-to-date: /home/vboxuser/agv_ws/install/agv_msgs/share/agv_msgs/srv/SetWheelSpeed.srv
[1.084s] -- Up-to-date: /home/vboxuser/agv_ws/install/agv_msgs/share/agv_msgs/srv/SetWheelSpeed_Request.msg
[1.084s] -- Up-to-date: /home/vboxuser/agv_ws/install/agv_msgs/share/agv_msgs/srv/SetWheelSpeed_Response.msg
[1.084s] -- Up-to-date: /home/vboxuser/agv_ws/install/agv_msgs/share/agv_msgs/srv/Move.srv
[1.085s] -- Up-to-date: /home/vboxuser/agv_ws/install/agv_msgs/share/agv_msgs/srv/Move_Request.msg
[1.085s] -- Up-to-date: /home/vboxuser/agv_ws/install/agv_msgs/share/agv_msgs/srv/Move_Response.msg
[1.085s] -- Up-to-date: /home/vboxuser/agv_ws/install/agv_msgs/share/ament_index/resource_index/package_run_dependencies/agv_msgs
[1.085s] -- Up-to-date: /home/vboxuser/agv_ws/install/agv_msgs/share/ament_index/resource_index/parent_prefix_path/agv_msgs
[1.086s] -- Up-to-date: /home/vboxuser/agv_ws/install/agv_msgs/share/agv_msgs/environment/ament_prefix_path.sh
[1.086s] -- Up-to-date: /home/vboxuser/agv_ws/install/agv_msgs/share/agv_msgs/environment/ament_prefix_path.dsv
[1.087s] -- Up-to-date: /home/vboxuser/agv_ws/install/agv_msgs/share/agv_msgs/environment/path.sh
[1.087s] -- Up-to-date: /home/vboxuser/agv_ws/install/agv_msgs/share/agv_msgs/environment/path.dsv
[1.087s] -- Up-to-date: /home/vboxuser/agv_ws/install/agv_msgs/share/agv_msgs/local_setup.bash
[1.087s] -- Up-to-date: /home/vboxuser/agv_ws/install/agv_msgs/share/agv_msgs/local_setup.sh
[1.087s] -- Up-to-date: /home/vboxuser/agv_ws/install/agv_msgs/share/agv_msgs/local_setup.zsh
[1.087s] -- Up-to-date: /home/vboxuser/agv_ws/install/agv_msgs/share/agv_msgs/local_setup.dsv
[1.087s] -- Installing: /home/vboxuser/agv_ws/install/agv_msgs/share/agv_msgs/package.dsv
[1.087s] -- Up-to-date: /home/vboxuser/agv_ws/install/agv_msgs/share/ament_index/resource_index/packages/agv_msgs
[1.088s] -- Up-to-date: /home/vboxuser/agv_ws/install/agv_msgs/share/agv_msgs/cmake/export_agv_msgs__rosidl_generator_cExport.cmake
[1.088s] -- Up-to-date: /home/vboxuser/agv_ws/install/agv_msgs/share/agv_msgs/cmake/export_agv_msgs__rosidl_generator_cExport-noconfig.cmake
[1.088s] -- Up-to-date: /home/vboxuser/agv_ws/install/agv_msgs/share/agv_msgs/cmake/export_agv_msgs__rosidl_typesupport_fastrtps_cExport.cmake
[1.088s] -- Up-to-date: /home/vboxuser/agv_ws/install/agv_msgs/share/agv_msgs/cmake/export_agv_msgs__rosidl_typesupport_fastrtps_cExport-noconfig.cmake
[1.088s] -- Up-to-date: /home/vboxuser/agv_ws/install/agv_msgs/share/agv_msgs/cmake/export_agv_msgs__rosidl_generator_cppExport.cmake
[1.088s] -- Up-to-date: /home/vboxuser/agv_ws/install/agv_msgs/share/agv_msgs/cmake/export_agv_msgs__rosidl_typesupport_fastrtps_cppExport.cmake
[1.088s] -- Up-to-date: /home/vboxuser/agv_ws/install/agv_msgs/share/agv_msgs/cmake/export_agv_msgs__rosidl_typesupport_fastrtps_cppExport-noconfig.cmake
[1.088s] -- Up-to-date: /home/vboxuser/agv_ws/install/agv_msgs/share/agv_msgs/cmake/agv_msgs__rosidl_typesupport_introspection_cExport.cmake
[1.088s] -- Up-to-date: /home/vboxuser/agv_ws/install/agv_msgs/share/agv_msgs/cmake/agv_msgs__rosidl_typesupport_introspection_cExport-noconfig.cmake
[1.089s] -- Up-to-date: /home/vboxuser/agv_ws/install/agv_msgs/share/agv_msgs/cmake/agv_msgs__rosidl_typesupport_cExport.cmake
[1.089s] -- Up-to-date: /home/vboxuser/agv_ws/install/agv_msgs/share/agv_msgs/cmake/agv_msgs__rosidl_typesupport_cExport-noconfig.cmake
[1.090s] -- Up-to-date: /home/vboxuser/agv_ws/install/agv_msgs/share/agv_msgs/cmake/agv_msgs__rosidl_typesupport_introspection_cppExport.cmake
[1.090s] -- Up-to-date: /home/vboxuser/agv_ws/install/agv_msgs/share/agv_msgs/cmake/agv_msgs__rosidl_typesupport_introspection_cppExport-noconfig.cmake
[1.090s] -- Up-to-date: /home/vboxuser/agv_ws/install/agv_msgs/share/agv_msgs/cmake/agv_msgs__rosidl_typesupport_cppExport.cmake
[1.090s] -- Up-to-date: /home/vboxuser/agv_ws/install/agv_msgs/share/agv_msgs/cmake/agv_msgs__rosidl_typesupport_cppExport-noconfig.cmake
[1.090s] -- Up-to-date: /home/vboxuser/agv_ws/install/agv_msgs/share/agv_msgs/cmake/export_agv_msgs__rosidl_generator_pyExport.cmake
[1.090s] -- Up-to-date: /home/vboxuser/agv_ws/install/agv_msgs/share/agv_msgs/cmake/export_agv_msgs__rosidl_generator_pyExport-noconfig.cmake
[1.091s] -- Up-to-date: /home/vboxuser/agv_ws/install/agv_msgs/share/agv_msgs/cmake/rosidl_cmake-extras.cmake
[1.091s] -- Up-to-date: /home/vboxuser/agv_ws/install/agv_msgs/share/agv_msgs/cmake/ament_cmake_export_dependencies-extras.cmake
[1.092s] -- Up-to-date: /home/vboxuser/agv_ws/install/agv_msgs/share/agv_msgs/cmake/ament_cmake_export_include_directories-extras.cmake
[1.092s] -- Up-to-date: /home/vboxuser/agv_ws/install/agv_msgs/share/agv_msgs/cmake/ament_cmake_export_libraries-extras.cmake
[1.092s] -- Up-to-date: /home/vboxuser/agv_ws/install/agv_msgs/share/agv_msgs/cmake/ament_cmake_export_targets-extras.cmake
[1.092s] -- Up-to-date: /home/vboxuser/agv_ws/install/agv_msgs/share/agv_msgs/cmake/rosidl_cmake_export_typesupport_targets-extras.cmake
[1.092s] -- Up-to-date: /home/vboxuser/agv_ws/install/agv_msgs/share/agv_msgs/cmake/rosidl_cmake_export_typesupport_libraries-extras.cmake
[1.092s] -- Up-to-date: /home/vboxuser/agv_ws/install/agv_msgs/share/agv_msgs/cmake/agv_msgsConfig.cmake
[1.093s] -- Up-to-date: /home/vboxuser/agv_ws/install/agv_msgs/share/agv_msgs/cmake/agv_msgsConfig-version.cmake
[1.093s] -- Up-to-date: /home/vboxuser/agv_ws/install/agv_msgs/share/agv_msgs/package.xml
[1.093s] Invoked command in '/home/vboxuser/agv_ws/build/agv_msgs' returned '0': CMAKE_PREFIX_PATH=/home/vboxuser/agv_ws/install/wheel_control:/home/vboxuser/agv_ws/install/pgv100:/home/vboxuser/agv_ws/install/panda_rviz_viewer:/home/vboxuser/agv_ws/install/panda_canopen:/home/vboxuser/agv_ws/install/my_simulation:/home/vboxuser/agv_ws/install/canopen_tests:/home/vboxuser/agv_ws/install/canopen_ros2_controllers:/home/vboxuser/agv_ws/install/canopen_ros2_control:/home/vboxuser/agv_ws/install/canopen_robot_control_example:/home/vboxuser/agv_ws/install/canopen_kinco3:/home/vboxuser/agv_ws/install/canopen_kinco2:/home/vboxuser/agv_ws/install/canopen_kinco:/home/vboxuser/agv_ws/install/canopen:/home/vboxuser/agv_ws/install/canopen_402_driver:/home/vboxuser/agv_ws/install/canopen_proxy_driver:/home/vboxuser/agv_ws/install/canopen_master_driver:/home/vboxuser/agv_ws/install/canopen_fake_slaves:/home/vboxuser/agv_ws/install/canopen_base_driver:/home/vboxuser/agv_ws/install/canopen_core:/home/vboxuser/agv_ws/install/lely_core_libraries:/home/vboxuser/agv_ws/install/canopen_interfaces:/home/vboxuser/agv_ws/install/agv_py:/home/vboxuser/agv_ws/install/agv_msgs:/home/vboxuser/agv_ws/install/agv_controllers:/home/vboxuser/agv_ws/install/odometry:/home/vboxuser/agv_ws/install/movement:/home/vboxuser/agv_ws/install/communication:/home/vboxuser/agv_ws/install/canopen_utils:/home/vboxuser/agv_ws/install/agv_py_functions:/home/vboxuser/bumperbot_ws/install/bumperbot_py_examples:/home/vboxuser/ros2_ws/install/my_py_pkg:/opt/ros/humble:/home/vboxuser/agv_ws/install/agv_controller:/home/vboxuser/agv_ws/install/agv:/home/vboxuser/bumperbot_ws/install/bumperbot_cpp_examples:/home/vboxuser/bumperbot_ws/install/bumperbot_msgs:/home/vboxuser/bumperbot_ws/install/bumperbot_description:/home/vboxuser/bumperbot_ws/install/bumperbot_controller:/home/vboxuser/ros2_ws/install/my_simulation /usr/bin/cmake --install /home/vboxuser/agv_ws/build/agv_msgs
