[2.022s] Invoking command in '/home/vboxuser/agv_ws/src/communication': PYTHONPATH=/home/vboxuser/agv_ws/build/communication/prefix_override:/home/vboxuser/agv_ws/install/communication/lib/python3.10/site-packages:${PYTHONPATH} /usr/bin/python3 -W ignore:setup.py install is deprecated setup.py egg_info --egg-base ../../build/communication build --build-base /home/vboxuser/agv_ws/build/communication/build install --record /home/vboxuser/agv_ws/build/communication/install.log --single-version-externally-managed install_data
[2.556s] running egg_info
[2.557s] writing ../../build/communication/communication.egg-info/PKG-INFO
[2.558s] writing dependency_links to ../../build/communication/communication.egg-info/dependency_links.txt
[2.558s] writing entry points to ../../build/communication/communication.egg-info/entry_points.txt
[2.558s] writing requirements to ../../build/communication/communication.egg-info/requires.txt
[2.558s] writing top-level names to ../../build/communication/communication.egg-info/top_level.txt
[2.562s] reading manifest file '../../build/communication/communication.egg-info/SOURCES.txt'
[2.563s] writing manifest file '../../build/communication/communication.egg-info/SOURCES.txt'
[2.563s] running build
[2.563s] running build_py
[2.565s] running install
[2.566s] running install_lib
[2.568s] running install_data
[2.570s] running install_egg_info
[2.572s] removing '/home/vboxuser/agv_ws/install/communication/lib/python3.10/site-packages/communication-0.0.0-py3.10.egg-info' (and everything under it)
[2.573s] Copying ../../build/communication/communication.egg-info to /home/vboxuser/agv_ws/install/communication/lib/python3.10/site-packages/communication-0.0.0-py3.10.egg-info
[2.575s] running install_scripts
[2.619s] Installing navigation_listener_node script to /home/vboxuser/agv_ws/install/communication/lib/communication
[2.620s] writing list of installed files to '/home/vboxuser/agv_ws/build/communication/install.log'
[2.700s] Invoked command in '/home/vboxuser/agv_ws/src/communication' returned '0': PYTHONPATH=/home/vboxuser/agv_ws/build/communication/prefix_override:/home/vboxuser/agv_ws/install/communication/lib/python3.10/site-packages:${PYTHONPATH} /usr/bin/python3 -W ignore:setup.py install is deprecated setup.py egg_info --egg-base ../../build/communication build --build-base /home/vboxuser/agv_ws/build/communication/build install --record /home/vboxuser/agv_ws/build/communication/install.log --single-version-externally-managed install_data
