[1.797s] DEBUG:colcon:Command line arguments: ['/usr/bin/colcon', 'build']
[1.797s] DEBUG:colcon:Parsed command line arguments: Namespace(log_base=None, log_level=None, verb_name='build', build_base='build', install_base='install', merge_install=False, symlink_install=False, test_result_base=None, continue_on_error=False, executor='parallel', parallel_workers=4, event_handlers=None, ignore_user_meta=False, metas=['./colcon.meta'], base_paths=['.'], packages_ignore=None, packages_ignore_regex=None, paths=None, packages_up_to=None, packages_up_to_regex=None, packages_above=None, packages_above_and_dependencies=None, packages_above_depth=None, packages_select_by_dep=None, packages_skip_by_dep=None, packages_skip_up_to=None, packages_select_build_failed=False, packages_skip_build_finished=False, packages_select_test_failures=False, packages_skip_test_passed=False, packages_select=None, packages_skip=None, packages_select_regex=None, packages_skip_regex=None, packages_start=None, packages_end=None, allow_overriding=[], cmake_args=None, cmake_target=None, cmake_target_skip_unavailable=False, cmake_clean_cache=False, cmake_clean_first=False, cmake_force_configure=False, ament_cmake_args=None, catkin_cmake_args=None, catkin_skip_building_tests=False, verb_parser=<colcon_defaults.argument_parser.defaults.DefaultArgumentsDecorator object at 0x7b3371f9a410>, verb_extension=<colcon_core.verb.build.BuildVerb object at 0x7b3371f9b6d0>, main=<bound method BuildVerb.main of <colcon_core.verb.build.BuildVerb object at 0x7b3371f9b6d0>>)
[1.871s] Level 1:colcon.colcon_core.package_discovery:discover_packages(colcon_meta) check parameters
[1.871s] Level 1:colcon.colcon_core.package_discovery:discover_packages(recursive) check parameters
[1.871s] Level 1:colcon.colcon_core.package_discovery:discover_packages(ignore) check parameters
[1.871s] Level 1:colcon.colcon_core.package_discovery:discover_packages(path) check parameters
[1.871s] Level 1:colcon.colcon_core.package_discovery:discover_packages(colcon_meta) discover
[1.871s] Level 1:colcon.colcon_core.package_discovery:discover_packages(recursive) discover
[1.871s] INFO:colcon.colcon_core.package_discovery:Crawling recursively for packages in '/home/vboxuser/agv_ws'
[1.871s] Level 1:colcon.colcon_core.package_identification:_identify(.) by extensions ['ignore', 'ignore_ament_install']
[1.872s] Level 1:colcon.colcon_core.package_identification:_identify(.) by extension 'ignore'
[1.872s] Level 1:colcon.colcon_core.package_identification:_identify(.) by extension 'ignore_ament_install'
[1.872s] Level 1:colcon.colcon_core.package_identification:_identify(.) by extensions ['colcon_pkg']
[1.872s] Level 1:colcon.colcon_core.package_identification:_identify(.) by extension 'colcon_pkg'
[1.872s] Level 1:colcon.colcon_core.package_identification:_identify(.) by extensions ['colcon_meta']
[1.872s] Level 1:colcon.colcon_core.package_identification:_identify(.) by extension 'colcon_meta'
[1.872s] Level 1:colcon.colcon_core.package_identification:_identify(.) by extensions ['ros']
[1.872s] Level 1:colcon.colcon_core.package_identification:_identify(.) by extension 'ros'
[1.891s] Level 1:colcon.colcon_core.package_identification:_identify(.) by extensions ['cmake', 'python']
[1.891s] Level 1:colcon.colcon_core.package_identification:_identify(.) by extension 'cmake'
[1.891s] Level 1:colcon.colcon_core.package_identification:_identify(.) by extension 'python'
[1.891s] Level 1:colcon.colcon_core.package_identification:_identify(.) by extensions ['python_setup_py']
[1.891s] Level 1:colcon.colcon_core.package_identification:_identify(.) by extension 'python_setup_py'
[1.891s] Level 1:colcon.colcon_core.package_identification:_identify(build) by extensions ['ignore', 'ignore_ament_install']
[1.892s] Level 1:colcon.colcon_core.package_identification:_identify(build) by extension 'ignore'
[1.892s] Level 1:colcon.colcon_core.package_identification:_identify(build) ignored
[1.892s] Level 1:colcon.colcon_core.package_identification:_identify(install) by extensions ['ignore', 'ignore_ament_install']
[1.892s] Level 1:colcon.colcon_core.package_identification:_identify(install) by extension 'ignore'
[1.892s] Level 1:colcon.colcon_core.package_identification:_identify(install) ignored
[1.892s] Level 1:colcon.colcon_core.package_identification:_identify(log) by extensions ['ignore', 'ignore_ament_install']
[1.892s] Level 1:colcon.colcon_core.package_identification:_identify(log) by extension 'ignore'
[1.892s] Level 1:colcon.colcon_core.package_identification:_identify(log) ignored
[1.893s] Level 1:colcon.colcon_core.package_identification:_identify(src) by extensions ['ignore', 'ignore_ament_install']
[1.893s] Level 1:colcon.colcon_core.package_identification:_identify(src) by extension 'ignore'
[1.893s] Level 1:colcon.colcon_core.package_identification:_identify(src) by extension 'ignore_ament_install'
[1.893s] Level 1:colcon.colcon_core.package_identification:_identify(src) by extensions ['colcon_pkg']
[1.893s] Level 1:colcon.colcon_core.package_identification:_identify(src) by extension 'colcon_pkg'
[1.893s] Level 1:colcon.colcon_core.package_identification:_identify(src) by extensions ['colcon_meta']
[1.893s] Level 1:colcon.colcon_core.package_identification:_identify(src) by extension 'colcon_meta'
[1.893s] Level 1:colcon.colcon_core.package_identification:_identify(src) by extensions ['ros']
[1.893s] Level 1:colcon.colcon_core.package_identification:_identify(src) by extension 'ros'
[1.893s] Level 1:colcon.colcon_core.package_identification:_identify(src) by extensions ['cmake', 'python']
[1.893s] Level 1:colcon.colcon_core.package_identification:_identify(src) by extension 'cmake'
[1.893s] Level 1:colcon.colcon_core.package_identification:_identify(src) by extension 'python'
[1.893s] Level 1:colcon.colcon_core.package_identification:_identify(src) by extensions ['python_setup_py']
[1.894s] Level 1:colcon.colcon_core.package_identification:_identify(src) by extension 'python_setup_py'
[1.894s] Level 1:colcon.colcon_core.package_identification:_identify(src/agv) by extensions ['ignore', 'ignore_ament_install']
[1.894s] Level 1:colcon.colcon_core.package_identification:_identify(src/agv) by extension 'ignore'
[1.894s] Level 1:colcon.colcon_core.package_identification:_identify(src/agv) by extension 'ignore_ament_install'
[1.894s] Level 1:colcon.colcon_core.package_identification:_identify(src/agv) by extensions ['colcon_pkg']
[1.894s] Level 1:colcon.colcon_core.package_identification:_identify(src/agv) by extension 'colcon_pkg'
[1.894s] Level 1:colcon.colcon_core.package_identification:_identify(src/agv) by extensions ['colcon_meta']
[1.894s] Level 1:colcon.colcon_core.package_identification:_identify(src/agv) by extension 'colcon_meta'
[1.894s] Level 1:colcon.colcon_core.package_identification:_identify(src/agv) by extensions ['ros']
[1.894s] Level 1:colcon.colcon_core.package_identification:_identify(src/agv) by extension 'ros'
[1.898s] DEBUG:colcon.colcon_core.package_identification:Package 'src/agv' with type 'ros.ament_cmake' and name 'agv'
[1.898s] Level 1:colcon.colcon_core.package_identification:_identify(src/agv_controller) by extensions ['ignore', 'ignore_ament_install']
[1.898s] Level 1:colcon.colcon_core.package_identification:_identify(src/agv_controller) by extension 'ignore'
[1.898s] Level 1:colcon.colcon_core.package_identification:_identify(src/agv_controller) by extension 'ignore_ament_install'
[1.899s] Level 1:colcon.colcon_core.package_identification:_identify(src/agv_controller) by extensions ['colcon_pkg']
[1.899s] Level 1:colcon.colcon_core.package_identification:_identify(src/agv_controller) by extension 'colcon_pkg'
[1.899s] Level 1:colcon.colcon_core.package_identification:_identify(src/agv_controller) by extensions ['colcon_meta']
[1.899s] Level 1:colcon.colcon_core.package_identification:_identify(src/agv_controller) by extension 'colcon_meta'
[1.899s] Level 1:colcon.colcon_core.package_identification:_identify(src/agv_controller) by extensions ['ros']
[1.899s] Level 1:colcon.colcon_core.package_identification:_identify(src/agv_controller) by extension 'ros'
[1.900s] DEBUG:colcon.colcon_core.package_identification:Package 'src/agv_controller' with type 'ros.ament_cmake' and name 'agv_controller'
[1.900s] Level 1:colcon.colcon_core.package_identification:_identify(src/agv_py_functions) by extensions ['ignore', 'ignore_ament_install']
[1.901s] Level 1:colcon.colcon_core.package_identification:_identify(src/agv_py_functions) by extension 'ignore'
[1.901s] Level 1:colcon.colcon_core.package_identification:_identify(src/agv_py_functions) by extension 'ignore_ament_install'
[1.901s] Level 1:colcon.colcon_core.package_identification:_identify(src/agv_py_functions) by extensions ['colcon_pkg']
[1.901s] Level 1:colcon.colcon_core.package_identification:_identify(src/agv_py_functions) by extension 'colcon_pkg'
[1.901s] Level 1:colcon.colcon_core.package_identification:_identify(src/agv_py_functions) by extensions ['colcon_meta']
[1.901s] Level 1:colcon.colcon_core.package_identification:_identify(src/agv_py_functions) by extension 'colcon_meta'
[1.901s] Level 1:colcon.colcon_core.package_identification:_identify(src/agv_py_functions) by extensions ['ros']
[1.901s] Level 1:colcon.colcon_core.package_identification:_identify(src/agv_py_functions) by extension 'ros'
[1.902s] DEBUG:colcon.colcon_core.package_identification:Package 'src/agv_py_functions' with type 'ros.ament_python' and name 'agv_py_functions'
[1.902s] Level 1:colcon.colcon_core.package_identification:_identify(src/build) by extensions ['ignore', 'ignore_ament_install']
[1.902s] Level 1:colcon.colcon_core.package_identification:_identify(src/build) by extension 'ignore'
[1.902s] Level 1:colcon.colcon_core.package_identification:_identify(src/build) ignored
[1.903s] Level 1:colcon.colcon_core.package_identification:_identify(src/communication) by extensions ['ignore', 'ignore_ament_install']
[1.903s] Level 1:colcon.colcon_core.package_identification:_identify(src/communication) by extension 'ignore'
[1.903s] Level 1:colcon.colcon_core.package_identification:_identify(src/communication) by extension 'ignore_ament_install'
[1.903s] Level 1:colcon.colcon_core.package_identification:_identify(src/communication) by extensions ['colcon_pkg']
[1.903s] Level 1:colcon.colcon_core.package_identification:_identify(src/communication) by extension 'colcon_pkg'
[1.903s] Level 1:colcon.colcon_core.package_identification:_identify(src/communication) by extensions ['colcon_meta']
[1.903s] Level 1:colcon.colcon_core.package_identification:_identify(src/communication) by extension 'colcon_meta'
[1.903s] Level 1:colcon.colcon_core.package_identification:_identify(src/communication) by extensions ['ros']
[1.903s] Level 1:colcon.colcon_core.package_identification:_identify(src/communication) by extension 'ros'
[1.905s] DEBUG:colcon.colcon_core.package_identification:Package 'src/communication' with type 'ros.ament_python' and name 'communication'
[1.905s] Level 1:colcon.colcon_core.package_identification:_identify(src/install) by extensions ['ignore', 'ignore_ament_install']
[1.905s] Level 1:colcon.colcon_core.package_identification:_identify(src/install) by extension 'ignore'
[1.905s] Level 1:colcon.colcon_core.package_identification:_identify(src/install) ignored
[1.905s] Level 1:colcon.colcon_core.package_identification:_identify(src/log) by extensions ['ignore', 'ignore_ament_install']
[1.905s] Level 1:colcon.colcon_core.package_identification:_identify(src/log) by extension 'ignore'
[1.905s] Level 1:colcon.colcon_core.package_identification:_identify(src/log) ignored
[1.906s] Level 1:colcon.colcon_core.package_identification:_identify(src/my_simulation) by extensions ['ignore', 'ignore_ament_install']
[1.906s] Level 1:colcon.colcon_core.package_identification:_identify(src/my_simulation) by extension 'ignore'
[1.906s] Level 1:colcon.colcon_core.package_identification:_identify(src/my_simulation) by extension 'ignore_ament_install'
[1.906s] Level 1:colcon.colcon_core.package_identification:_identify(src/my_simulation) by extensions ['colcon_pkg']
[1.906s] Level 1:colcon.colcon_core.package_identification:_identify(src/my_simulation) by extension 'colcon_pkg'
[1.906s] Level 1:colcon.colcon_core.package_identification:_identify(src/my_simulation) by extensions ['colcon_meta']
[1.906s] Level 1:colcon.colcon_core.package_identification:_identify(src/my_simulation) by extension 'colcon_meta'
[1.906s] Level 1:colcon.colcon_core.package_identification:_identify(src/my_simulation) by extensions ['ros']
[1.906s] Level 1:colcon.colcon_core.package_identification:_identify(src/my_simulation) by extension 'ros'
[1.908s] DEBUG:colcon.colcon_core.package_identification:Package 'src/my_simulation' with type 'ros.ament_cmake' and name 'my_simulation'
[1.908s] Level 1:colcon.colcon_core.package_discovery:discover_packages(recursive) using defaults
[1.908s] Level 1:colcon.colcon_core.package_discovery:discover_packages(ignore) discover
[1.908s] Level 1:colcon.colcon_core.package_discovery:discover_packages(ignore) using defaults
[1.908s] Level 1:colcon.colcon_core.package_discovery:discover_packages(path) discover
[1.908s] Level 1:colcon.colcon_core.package_discovery:discover_packages(path) using defaults
[2.064s] Level 1:colcon.colcon_core.package_discovery:discover_packages(prefix_path) check parameters
[2.064s] Level 1:colcon.colcon_core.package_discovery:discover_packages(prefix_path) discover
[2.121s] DEBUG:colcon.colcon_installed_package_information.package_discovery:Found 21 installed packages in /home/vboxuser/agv_ws/install
[2.149s] DEBUG:colcon.colcon_installed_package_information.package_discovery:Found 5 installed packages in /home/vboxuser/bumperbot_ws/install
[2.189s] DEBUG:colcon.colcon_installed_package_information.package_discovery:Found 2 installed packages in /home/vboxuser/ros2_ws/install
[2.220s] DEBUG:colcon.colcon_installed_package_information.package_discovery:Found 329 installed packages in /opt/ros/humble
[2.223s] Level 1:colcon.colcon_core.package_discovery:discover_packages(prefix_path) using defaults
[2.414s] Level 5:colcon.colcon_core.verb:set package 'agv' build argument 'cmake_args' from command line to 'None'
[2.414s] Level 5:colcon.colcon_core.verb:set package 'agv' build argument 'cmake_target' from command line to 'None'
[2.414s] Level 5:colcon.colcon_core.verb:set package 'agv' build argument 'cmake_target_skip_unavailable' from command line to 'False'
[2.414s] Level 5:colcon.colcon_core.verb:set package 'agv' build argument 'cmake_clean_cache' from command line to 'False'
[2.414s] Level 5:colcon.colcon_core.verb:set package 'agv' build argument 'cmake_clean_first' from command line to 'False'
[2.415s] Level 5:colcon.colcon_core.verb:set package 'agv' build argument 'cmake_force_configure' from command line to 'False'
[2.415s] Level 5:colcon.colcon_core.verb:set package 'agv' build argument 'ament_cmake_args' from command line to 'None'
[2.415s] Level 5:colcon.colcon_core.verb:set package 'agv' build argument 'catkin_cmake_args' from command line to 'None'
[2.415s] Level 5:colcon.colcon_core.verb:set package 'agv' build argument 'catkin_skip_building_tests' from command line to 'False'
[2.415s] DEBUG:colcon.colcon_core.verb:Building package 'agv' with the following arguments: {'ament_cmake_args': None, 'build_base': '/home/vboxuser/agv_ws/build/agv', 'catkin_cmake_args': None, 'catkin_skip_building_tests': False, 'cmake_args': None, 'cmake_clean_cache': False, 'cmake_clean_first': False, 'cmake_force_configure': False, 'cmake_target': None, 'cmake_target_skip_unavailable': False, 'install_base': '/home/vboxuser/agv_ws/install/agv', 'merge_install': False, 'path': '/home/vboxuser/agv_ws/src/agv', 'symlink_install': False, 'test_result_base': None}
[2.440s] Level 5:colcon.colcon_core.verb:set package 'agv_controller' build argument 'cmake_args' from command line to 'None'
[2.440s] Level 5:colcon.colcon_core.verb:set package 'agv_controller' build argument 'cmake_target' from command line to 'None'
[2.440s] Level 5:colcon.colcon_core.verb:set package 'agv_controller' build argument 'cmake_target_skip_unavailable' from command line to 'False'
[2.440s] Level 5:colcon.colcon_core.verb:set package 'agv_controller' build argument 'cmake_clean_cache' from command line to 'False'
[2.440s] Level 5:colcon.colcon_core.verb:set package 'agv_controller' build argument 'cmake_clean_first' from command line to 'False'
[2.440s] Level 5:colcon.colcon_core.verb:set package 'agv_controller' build argument 'cmake_force_configure' from command line to 'False'
[2.440s] Level 5:colcon.colcon_core.verb:set package 'agv_controller' build argument 'ament_cmake_args' from command line to 'None'
[2.440s] Level 5:colcon.colcon_core.verb:set package 'agv_controller' build argument 'catkin_cmake_args' from command line to 'None'
[2.440s] Level 5:colcon.colcon_core.verb:set package 'agv_controller' build argument 'catkin_skip_building_tests' from command line to 'False'
[2.440s] DEBUG:colcon.colcon_core.verb:Building package 'agv_controller' with the following arguments: {'ament_cmake_args': None, 'build_base': '/home/vboxuser/agv_ws/build/agv_controller', 'catkin_cmake_args': None, 'catkin_skip_building_tests': False, 'cmake_args': None, 'cmake_clean_cache': False, 'cmake_clean_first': False, 'cmake_force_configure': False, 'cmake_target': None, 'cmake_target_skip_unavailable': False, 'install_base': '/home/vboxuser/agv_ws/install/agv_controller', 'merge_install': False, 'path': '/home/vboxuser/agv_ws/src/agv_controller', 'symlink_install': False, 'test_result_base': None}
[2.465s] Level 5:colcon.colcon_core.verb:set package 'agv_py_functions' build argument 'cmake_args' from command line to 'None'
[2.465s] Level 5:colcon.colcon_core.verb:set package 'agv_py_functions' build argument 'cmake_target' from command line to 'None'
[2.465s] Level 5:colcon.colcon_core.verb:set package 'agv_py_functions' build argument 'cmake_target_skip_unavailable' from command line to 'False'
[2.465s] Level 5:colcon.colcon_core.verb:set package 'agv_py_functions' build argument 'cmake_clean_cache' from command line to 'False'
[2.465s] Level 5:colcon.colcon_core.verb:set package 'agv_py_functions' build argument 'cmake_clean_first' from command line to 'False'
[2.465s] Level 5:colcon.colcon_core.verb:set package 'agv_py_functions' build argument 'cmake_force_configure' from command line to 'False'
[2.465s] Level 5:colcon.colcon_core.verb:set package 'agv_py_functions' build argument 'ament_cmake_args' from command line to 'None'
[2.465s] Level 5:colcon.colcon_core.verb:set package 'agv_py_functions' build argument 'catkin_cmake_args' from command line to 'None'
[2.465s] Level 5:colcon.colcon_core.verb:set package 'agv_py_functions' build argument 'catkin_skip_building_tests' from command line to 'False'
[2.465s] DEBUG:colcon.colcon_core.verb:Building package 'agv_py_functions' with the following arguments: {'ament_cmake_args': None, 'build_base': '/home/vboxuser/agv_ws/build/agv_py_functions', 'catkin_cmake_args': None, 'catkin_skip_building_tests': False, 'cmake_args': None, 'cmake_clean_cache': False, 'cmake_clean_first': False, 'cmake_force_configure': False, 'cmake_target': None, 'cmake_target_skip_unavailable': False, 'install_base': '/home/vboxuser/agv_ws/install/agv_py_functions', 'merge_install': False, 'path': '/home/vboxuser/agv_ws/src/agv_py_functions', 'symlink_install': False, 'test_result_base': None}
[2.490s] Level 5:colcon.colcon_core.verb:set package 'communication' build argument 'cmake_args' from command line to 'None'
[2.490s] Level 5:colcon.colcon_core.verb:set package 'communication' build argument 'cmake_target' from command line to 'None'
[2.490s] Level 5:colcon.colcon_core.verb:set package 'communication' build argument 'cmake_target_skip_unavailable' from command line to 'False'
[2.490s] Level 5:colcon.colcon_core.verb:set package 'communication' build argument 'cmake_clean_cache' from command line to 'False'
[2.490s] Level 5:colcon.colcon_core.verb:set package 'communication' build argument 'cmake_clean_first' from command line to 'False'
[2.490s] Level 5:colcon.colcon_core.verb:set package 'communication' build argument 'cmake_force_configure' from command line to 'False'
[2.490s] Level 5:colcon.colcon_core.verb:set package 'communication' build argument 'ament_cmake_args' from command line to 'None'
[2.490s] Level 5:colcon.colcon_core.verb:set package 'communication' build argument 'catkin_cmake_args' from command line to 'None'
[2.490s] Level 5:colcon.colcon_core.verb:set package 'communication' build argument 'catkin_skip_building_tests' from command line to 'False'
[2.490s] DEBUG:colcon.colcon_core.verb:Building package 'communication' with the following arguments: {'ament_cmake_args': None, 'build_base': '/home/vboxuser/agv_ws/build/communication', 'catkin_cmake_args': None, 'catkin_skip_building_tests': False, 'cmake_args': None, 'cmake_clean_cache': False, 'cmake_clean_first': False, 'cmake_force_configure': False, 'cmake_target': None, 'cmake_target_skip_unavailable': False, 'install_base': '/home/vboxuser/agv_ws/install/communication', 'merge_install': False, 'path': '/home/vboxuser/agv_ws/src/communication', 'symlink_install': False, 'test_result_base': None}
[2.515s] Level 5:colcon.colcon_core.verb:set package 'my_simulation' build argument 'cmake_args' from command line to 'None'
[2.515s] Level 5:colcon.colcon_core.verb:set package 'my_simulation' build argument 'cmake_target' from command line to 'None'
[2.515s] Level 5:colcon.colcon_core.verb:set package 'my_simulation' build argument 'cmake_target_skip_unavailable' from command line to 'False'
[2.516s] Level 5:colcon.colcon_core.verb:set package 'my_simulation' build argument 'cmake_clean_cache' from command line to 'False'
[2.516s] Level 5:colcon.colcon_core.verb:set package 'my_simulation' build argument 'cmake_clean_first' from command line to 'False'
[2.516s] Level 5:colcon.colcon_core.verb:set package 'my_simulation' build argument 'cmake_force_configure' from command line to 'False'
[2.516s] Level 5:colcon.colcon_core.verb:set package 'my_simulation' build argument 'ament_cmake_args' from command line to 'None'
[2.516s] Level 5:colcon.colcon_core.verb:set package 'my_simulation' build argument 'catkin_cmake_args' from command line to 'None'
[2.516s] Level 5:colcon.colcon_core.verb:set package 'my_simulation' build argument 'catkin_skip_building_tests' from command line to 'False'
[2.516s] DEBUG:colcon.colcon_core.verb:Building package 'my_simulation' with the following arguments: {'ament_cmake_args': None, 'build_base': '/home/vboxuser/agv_ws/build/my_simulation', 'catkin_cmake_args': None, 'catkin_skip_building_tests': False, 'cmake_args': None, 'cmake_clean_cache': False, 'cmake_clean_first': False, 'cmake_force_configure': False, 'cmake_target': None, 'cmake_target_skip_unavailable': False, 'install_base': '/home/vboxuser/agv_ws/install/my_simulation', 'merge_install': False, 'path': '/home/vboxuser/agv_ws/src/my_simulation', 'symlink_install': False, 'test_result_base': None}
[2.540s] INFO:colcon.colcon_core.executor:Executing jobs using 'parallel' executor
[2.565s] DEBUG:colcon.colcon_parallel_executor.executor.parallel:run_until_complete
[2.566s] INFO:colcon.colcon_ros.task.ament_cmake.build:Building ROS package in '/home/vboxuser/agv_ws/src/agv' with build type 'ament_cmake'
[2.566s] INFO:colcon.colcon_cmake.task.cmake.build:Building CMake package in '/home/vboxuser/agv_ws/src/agv'
[2.601s] INFO:colcon.colcon_core.plugin_system:Skipping extension 'colcon_core.shell.bat': Not used on non-Windows systems
[2.606s] INFO:colcon.colcon_core.shell:Skip shell extension 'powershell' for command environment: Not usable outside of PowerShell
[2.606s] DEBUG:colcon.colcon_core.shell:Skip shell extension 'dsv' for command environment
[2.764s] INFO:colcon.colcon_ros.task.ament_cmake.build:Building ROS package in '/home/vboxuser/agv_ws/src/agv_controller' with build type 'ament_cmake'
[2.764s] INFO:colcon.colcon_cmake.task.cmake.build:Building CMake package in '/home/vboxuser/agv_ws/src/agv_controller'
[2.789s] INFO:colcon.colcon_core.shell:Skip shell extension 'powershell' for command environment: Not usable outside of PowerShell
[2.790s] DEBUG:colcon.colcon_core.shell:Skip shell extension 'dsv' for command environment
[2.937s] INFO:colcon.colcon_ros.task.ament_python.build:Building ROS package in '/home/vboxuser/agv_ws/src/agv_py_functions' with build type 'ament_python'
[2.938s] Level 1:colcon.colcon_core.shell:create_environment_hook('agv_py_functions', 'ament_prefix_path')
[2.965s] INFO:colcon.colcon_core.shell:Creating environment hook '/home/vboxuser/agv_ws/install/agv_py_functions/share/agv_py_functions/hook/ament_prefix_path.ps1'
[2.967s] INFO:colcon.colcon_core.shell:Creating environment descriptor '/home/vboxuser/agv_ws/install/agv_py_functions/share/agv_py_functions/hook/ament_prefix_path.dsv'
[2.970s] INFO:colcon.colcon_core.shell:Creating environment hook '/home/vboxuser/agv_ws/install/agv_py_functions/share/agv_py_functions/hook/ament_prefix_path.sh'
[3.008s] INFO:colcon.colcon_core.shell:Skip shell extension 'powershell' for command environment: Not usable outside of PowerShell
[3.008s] DEBUG:colcon.colcon_core.shell:Skip shell extension 'dsv' for command environment
[3.162s] INFO:colcon.colcon_ros.task.ament_python.build:Building ROS package in '/home/vboxuser/agv_ws/src/communication' with build type 'ament_python'
[3.162s] Level 1:colcon.colcon_core.shell:create_environment_hook('communication', 'ament_prefix_path')
[3.190s] INFO:colcon.colcon_core.shell:Creating environment hook '/home/vboxuser/agv_ws/install/communication/share/communication/hook/ament_prefix_path.ps1'
[3.192s] INFO:colcon.colcon_core.shell:Creating environment descriptor '/home/vboxuser/agv_ws/install/communication/share/communication/hook/ament_prefix_path.dsv'
[3.193s] INFO:colcon.colcon_core.shell:Creating environment hook '/home/vboxuser/agv_ws/install/communication/share/communication/hook/ament_prefix_path.sh'
[3.232s] INFO:colcon.colcon_core.shell:Skip shell extension 'powershell' for command environment: Not usable outside of PowerShell
[3.232s] DEBUG:colcon.colcon_core.shell:Skip shell extension 'dsv' for command environment
[3.385s] DEBUG:colcon.colcon_core.event_handler.log_command:Invoking command in '/home/vboxuser/agv_ws/build/agv': CMAKE_PREFIX_PATH=/home/vboxuser/agv_ws/install/my_simulation:/home/vboxuser/agv_ws/install/canopen_tests:/home/vboxuser/agv_ws/install/canopen_ros2_controllers:/home/vboxuser/agv_ws/install/canopen_ros2_control:/home/vboxuser/agv_ws/install/canopen:/home/vboxuser/agv_ws/install/canopen_402_driver:/home/vboxuser/agv_ws/install/canopen_proxy_driver:/home/vboxuser/agv_ws/install/canopen_master_driver:/home/vboxuser/agv_ws/install/canopen_fake_slaves:/home/vboxuser/agv_ws/install/canopen_base_driver:/home/vboxuser/agv_ws/install/canopen_core:/home/vboxuser/agv_ws/install/lely_core_libraries:/home/vboxuser/agv_ws/install/canopen_interfaces:/home/vboxuser/agv_ws/install/agv_py:/home/vboxuser/agv_ws/install/agv_controllers:/home/vboxuser/agv_ws/install/communication:/home/vboxuser/agv_ws/install/canopen_utils:/home/vboxuser/agv_ws/install/agv_py_functions:/home/vboxuser/bumperbot_ws/install/bumperbot_py_examples:/home/vboxuser/ros2_ws/install/my_py_pkg:/opt/ros/humble:/home/vboxuser/agv_ws/install/agv_controller:/home/vboxuser/agv_ws/install/agv:/home/vboxuser/bumperbot_ws/install/bumperbot_cpp_examples:/home/vboxuser/bumperbot_ws/install/bumperbot_msgs:/home/vboxuser/bumperbot_ws/install/bumperbot_description:/home/vboxuser/bumperbot_ws/install/bumperbot_controller:/home/vboxuser/ros2_ws/install/my_simulation /usr/bin/cmake --build /home/vboxuser/agv_ws/build/agv -- -j4 -l4
[3.391s] DEBUG:colcon.colcon_core.event_handler.log_command:Invoking command in '/home/vboxuser/agv_ws/build/agv_controller': CMAKE_PREFIX_PATH=/home/vboxuser/agv_ws/install/my_simulation:/home/vboxuser/agv_ws/install/canopen_tests:/home/vboxuser/agv_ws/install/canopen_ros2_controllers:/home/vboxuser/agv_ws/install/canopen_ros2_control:/home/vboxuser/agv_ws/install/canopen:/home/vboxuser/agv_ws/install/canopen_402_driver:/home/vboxuser/agv_ws/install/canopen_proxy_driver:/home/vboxuser/agv_ws/install/canopen_master_driver:/home/vboxuser/agv_ws/install/canopen_fake_slaves:/home/vboxuser/agv_ws/install/canopen_base_driver:/home/vboxuser/agv_ws/install/canopen_core:/home/vboxuser/agv_ws/install/lely_core_libraries:/home/vboxuser/agv_ws/install/canopen_interfaces:/home/vboxuser/agv_ws/install/agv_py:/home/vboxuser/agv_ws/install/agv_controllers:/home/vboxuser/agv_ws/install/communication:/home/vboxuser/agv_ws/install/canopen_utils:/home/vboxuser/agv_ws/install/agv_py_functions:/home/vboxuser/bumperbot_ws/install/bumperbot_py_examples:/home/vboxuser/ros2_ws/install/my_py_pkg:/opt/ros/humble:/home/vboxuser/agv_ws/install/agv_controller:/home/vboxuser/agv_ws/install/agv:/home/vboxuser/bumperbot_ws/install/bumperbot_cpp_examples:/home/vboxuser/bumperbot_ws/install/bumperbot_msgs:/home/vboxuser/bumperbot_ws/install/bumperbot_description:/home/vboxuser/bumperbot_ws/install/bumperbot_controller:/home/vboxuser/ros2_ws/install/my_simulation /usr/bin/cmake --build /home/vboxuser/agv_ws/build/agv_controller -- -j4 -l4
[3.947s] INFO:colcon.colcon_core.task.python.build:Building Python package in '/home/vboxuser/agv_ws/src/agv_py_functions'
[3.973s] INFO:colcon.colcon_core.shell:Skip shell extension 'powershell' for command environment: Not usable outside of PowerShell
[3.973s] DEBUG:colcon.colcon_core.shell:Skip shell extension 'dsv' for command environment
[4.653s] INFO:colcon.colcon_core.task.python.build:Building Python package in '/home/vboxuser/agv_ws/src/communication'
[4.680s] INFO:colcon.colcon_core.shell:Skip shell extension 'powershell' for command environment: Not usable outside of PowerShell
[4.680s] DEBUG:colcon.colcon_core.shell:Skip shell extension 'dsv' for command environment
[4.848s] DEBUG:colcon.colcon_core.event_handler.log_command:Invoked command in '/home/vboxuser/agv_ws/build/agv' returned '0': CMAKE_PREFIX_PATH=/home/vboxuser/agv_ws/install/my_simulation:/home/vboxuser/agv_ws/install/canopen_tests:/home/vboxuser/agv_ws/install/canopen_ros2_controllers:/home/vboxuser/agv_ws/install/canopen_ros2_control:/home/vboxuser/agv_ws/install/canopen:/home/vboxuser/agv_ws/install/canopen_402_driver:/home/vboxuser/agv_ws/install/canopen_proxy_driver:/home/vboxuser/agv_ws/install/canopen_master_driver:/home/vboxuser/agv_ws/install/canopen_fake_slaves:/home/vboxuser/agv_ws/install/canopen_base_driver:/home/vboxuser/agv_ws/install/canopen_core:/home/vboxuser/agv_ws/install/lely_core_libraries:/home/vboxuser/agv_ws/install/canopen_interfaces:/home/vboxuser/agv_ws/install/agv_py:/home/vboxuser/agv_ws/install/agv_controllers:/home/vboxuser/agv_ws/install/communication:/home/vboxuser/agv_ws/install/canopen_utils:/home/vboxuser/agv_ws/install/agv_py_functions:/home/vboxuser/bumperbot_ws/install/bumperbot_py_examples:/home/vboxuser/ros2_ws/install/my_py_pkg:/opt/ros/humble:/home/vboxuser/agv_ws/install/agv_controller:/home/vboxuser/agv_ws/install/agv:/home/vboxuser/bumperbot_ws/install/bumperbot_cpp_examples:/home/vboxuser/bumperbot_ws/install/bumperbot_msgs:/home/vboxuser/bumperbot_ws/install/bumperbot_description:/home/vboxuser/bumperbot_ws/install/bumperbot_controller:/home/vboxuser/ros2_ws/install/my_simulation /usr/bin/cmake --build /home/vboxuser/agv_ws/build/agv -- -j4 -l4
[4.850s] DEBUG:colcon.colcon_core.event_handler.log_command:Invoked command in '/home/vboxuser/agv_ws/build/agv_controller' returned '0': CMAKE_PREFIX_PATH=/home/vboxuser/agv_ws/install/my_simulation:/home/vboxuser/agv_ws/install/canopen_tests:/home/vboxuser/agv_ws/install/canopen_ros2_controllers:/home/vboxuser/agv_ws/install/canopen_ros2_control:/home/vboxuser/agv_ws/install/canopen:/home/vboxuser/agv_ws/install/canopen_402_driver:/home/vboxuser/agv_ws/install/canopen_proxy_driver:/home/vboxuser/agv_ws/install/canopen_master_driver:/home/vboxuser/agv_ws/install/canopen_fake_slaves:/home/vboxuser/agv_ws/install/canopen_base_driver:/home/vboxuser/agv_ws/install/canopen_core:/home/vboxuser/agv_ws/install/lely_core_libraries:/home/vboxuser/agv_ws/install/canopen_interfaces:/home/vboxuser/agv_ws/install/agv_py:/home/vboxuser/agv_ws/install/agv_controllers:/home/vboxuser/agv_ws/install/communication:/home/vboxuser/agv_ws/install/canopen_utils:/home/vboxuser/agv_ws/install/agv_py_functions:/home/vboxuser/bumperbot_ws/install/bumperbot_py_examples:/home/vboxuser/ros2_ws/install/my_py_pkg:/opt/ros/humble:/home/vboxuser/agv_ws/install/agv_controller:/home/vboxuser/agv_ws/install/agv:/home/vboxuser/bumperbot_ws/install/bumperbot_cpp_examples:/home/vboxuser/bumperbot_ws/install/bumperbot_msgs:/home/vboxuser/bumperbot_ws/install/bumperbot_description:/home/vboxuser/bumperbot_ws/install/bumperbot_controller:/home/vboxuser/ros2_ws/install/my_simulation /usr/bin/cmake --build /home/vboxuser/agv_ws/build/agv_controller -- -j4 -l4
[4.955s] DEBUG:colcon.colcon_core.event_handler.log_command:Invoking command in '/home/vboxuser/agv_ws/build/agv_controller': CMAKE_PREFIX_PATH=/home/vboxuser/agv_ws/install/my_simulation:/home/vboxuser/agv_ws/install/canopen_tests:/home/vboxuser/agv_ws/install/canopen_ros2_controllers:/home/vboxuser/agv_ws/install/canopen_ros2_control:/home/vboxuser/agv_ws/install/canopen:/home/vboxuser/agv_ws/install/canopen_402_driver:/home/vboxuser/agv_ws/install/canopen_proxy_driver:/home/vboxuser/agv_ws/install/canopen_master_driver:/home/vboxuser/agv_ws/install/canopen_fake_slaves:/home/vboxuser/agv_ws/install/canopen_base_driver:/home/vboxuser/agv_ws/install/canopen_core:/home/vboxuser/agv_ws/install/lely_core_libraries:/home/vboxuser/agv_ws/install/canopen_interfaces:/home/vboxuser/agv_ws/install/agv_py:/home/vboxuser/agv_ws/install/agv_controllers:/home/vboxuser/agv_ws/install/communication:/home/vboxuser/agv_ws/install/canopen_utils:/home/vboxuser/agv_ws/install/agv_py_functions:/home/vboxuser/bumperbot_ws/install/bumperbot_py_examples:/home/vboxuser/ros2_ws/install/my_py_pkg:/opt/ros/humble:/home/vboxuser/agv_ws/install/agv_controller:/home/vboxuser/agv_ws/install/agv:/home/vboxuser/bumperbot_ws/install/bumperbot_cpp_examples:/home/vboxuser/bumperbot_ws/install/bumperbot_msgs:/home/vboxuser/bumperbot_ws/install/bumperbot_description:/home/vboxuser/bumperbot_ws/install/bumperbot_controller:/home/vboxuser/ros2_ws/install/my_simulation /usr/bin/cmake --install /home/vboxuser/agv_ws/build/agv_controller
[4.986s] DEBUG:colcon.colcon_core.event_handler.log_command:Invoking command in '/home/vboxuser/agv_ws/build/agv': CMAKE_PREFIX_PATH=/home/vboxuser/agv_ws/install/my_simulation:/home/vboxuser/agv_ws/install/canopen_tests:/home/vboxuser/agv_ws/install/canopen_ros2_controllers:/home/vboxuser/agv_ws/install/canopen_ros2_control:/home/vboxuser/agv_ws/install/canopen:/home/vboxuser/agv_ws/install/canopen_402_driver:/home/vboxuser/agv_ws/install/canopen_proxy_driver:/home/vboxuser/agv_ws/install/canopen_master_driver:/home/vboxuser/agv_ws/install/canopen_fake_slaves:/home/vboxuser/agv_ws/install/canopen_base_driver:/home/vboxuser/agv_ws/install/canopen_core:/home/vboxuser/agv_ws/install/lely_core_libraries:/home/vboxuser/agv_ws/install/canopen_interfaces:/home/vboxuser/agv_ws/install/agv_py:/home/vboxuser/agv_ws/install/agv_controllers:/home/vboxuser/agv_ws/install/communication:/home/vboxuser/agv_ws/install/canopen_utils:/home/vboxuser/agv_ws/install/agv_py_functions:/home/vboxuser/bumperbot_ws/install/bumperbot_py_examples:/home/vboxuser/ros2_ws/install/my_py_pkg:/opt/ros/humble:/home/vboxuser/agv_ws/install/agv_controller:/home/vboxuser/agv_ws/install/agv:/home/vboxuser/bumperbot_ws/install/bumperbot_cpp_examples:/home/vboxuser/bumperbot_ws/install/bumperbot_msgs:/home/vboxuser/bumperbot_ws/install/bumperbot_description:/home/vboxuser/bumperbot_ws/install/bumperbot_controller:/home/vboxuser/ros2_ws/install/my_simulation /usr/bin/cmake --install /home/vboxuser/agv_ws/build/agv
[4.998s] Level 1:colcon.colcon_core.environment:create_environment_scripts_only(agv)
[5.046s] Level 1:colcon.colcon_core.environment:checking '/home/vboxuser/agv_ws/install/agv' for CMake module files
[5.048s] Level 1:colcon.colcon_core.environment:checking '/home/vboxuser/agv_ws/install/agv' for CMake config files
[5.049s] Level 1:colcon.colcon_core.shell:create_environment_hook('agv', 'cmake_prefix_path')
[5.060s] DEBUG:colcon.colcon_core.event_handler.log_command:Invoked command in '/home/vboxuser/agv_ws/build/agv' returned '0': CMAKE_PREFIX_PATH=/home/vboxuser/agv_ws/install/my_simulation:/home/vboxuser/agv_ws/install/canopen_tests:/home/vboxuser/agv_ws/install/canopen_ros2_controllers:/home/vboxuser/agv_ws/install/canopen_ros2_control:/home/vboxuser/agv_ws/install/canopen:/home/vboxuser/agv_ws/install/canopen_402_driver:/home/vboxuser/agv_ws/install/canopen_proxy_driver:/home/vboxuser/agv_ws/install/canopen_master_driver:/home/vboxuser/agv_ws/install/canopen_fake_slaves:/home/vboxuser/agv_ws/install/canopen_base_driver:/home/vboxuser/agv_ws/install/canopen_core:/home/vboxuser/agv_ws/install/lely_core_libraries:/home/vboxuser/agv_ws/install/canopen_interfaces:/home/vboxuser/agv_ws/install/agv_py:/home/vboxuser/agv_ws/install/agv_controllers:/home/vboxuser/agv_ws/install/communication:/home/vboxuser/agv_ws/install/canopen_utils:/home/vboxuser/agv_ws/install/agv_py_functions:/home/vboxuser/bumperbot_ws/install/bumperbot_py_examples:/home/vboxuser/ros2_ws/install/my_py_pkg:/opt/ros/humble:/home/vboxuser/agv_ws/install/agv_controller:/home/vboxuser/agv_ws/install/agv:/home/vboxuser/bumperbot_ws/install/bumperbot_cpp_examples:/home/vboxuser/bumperbot_ws/install/bumperbot_msgs:/home/vboxuser/bumperbot_ws/install/bumperbot_description:/home/vboxuser/bumperbot_ws/install/bumperbot_controller:/home/vboxuser/ros2_ws/install/my_simulation /usr/bin/cmake --install /home/vboxuser/agv_ws/build/agv
[5.080s] INFO:colcon.colcon_core.shell:Creating environment hook '/home/vboxuser/agv_ws/install/agv/share/agv/hook/cmake_prefix_path.ps1'
[5.081s] INFO:colcon.colcon_core.shell:Creating environment descriptor '/home/vboxuser/agv_ws/install/agv/share/agv/hook/cmake_prefix_path.dsv'
[5.081s] INFO:colcon.colcon_core.shell:Creating environment hook '/home/vboxuser/agv_ws/install/agv/share/agv/hook/cmake_prefix_path.sh'
[5.082s] Level 1:colcon.colcon_core.environment:checking '/home/vboxuser/agv_ws/install/agv/lib'
[5.083s] Level 1:colcon.colcon_core.environment:checking '/home/vboxuser/agv_ws/install/agv/bin'
[5.083s] Level 1:colcon.colcon_core.environment:checking '/home/vboxuser/agv_ws/install/agv/lib/pkgconfig/agv.pc'
[5.083s] Level 1:colcon.colcon_core.environment:checking '/home/vboxuser/agv_ws/install/agv/lib/python3.10/site-packages'
[5.083s] Level 1:colcon.colcon_core.shell:create_environment_hook('agv', 'pythonpath')
[5.109s] INFO:colcon.colcon_core.shell:Creating environment hook '/home/vboxuser/agv_ws/install/agv/share/agv/hook/pythonpath.ps1'
[5.110s] INFO:colcon.colcon_core.shell:Creating environment descriptor '/home/vboxuser/agv_ws/install/agv/share/agv/hook/pythonpath.dsv'
[5.111s] INFO:colcon.colcon_core.shell:Creating environment hook '/home/vboxuser/agv_ws/install/agv/share/agv/hook/pythonpath.sh'
[5.112s] Level 1:colcon.colcon_core.environment:checking '/home/vboxuser/agv_ws/install/agv/bin'
[5.147s] INFO:colcon.colcon_core.shell:Creating package script '/home/vboxuser/agv_ws/install/agv/share/agv/package.ps1'
[5.149s] INFO:colcon.colcon_core.shell:Creating package descriptor '/home/vboxuser/agv_ws/install/agv/share/agv/package.dsv'
[5.150s] INFO:colcon.colcon_core.shell:Creating package script '/home/vboxuser/agv_ws/install/agv/share/agv/package.sh'
[5.151s] INFO:colcon.colcon_core.shell:Creating package script '/home/vboxuser/agv_ws/install/agv/share/agv/package.bash'
[5.153s] INFO:colcon.colcon_core.shell:Creating package script '/home/vboxuser/agv_ws/install/agv/share/agv/package.zsh'
[5.154s] Level 1:colcon.colcon_core.environment:create_file_with_runtime_dependencies(/home/vboxuser/agv_ws/install/agv/share/colcon-core/packages/agv)
[5.172s] Level 1:colcon.colcon_core.environment:create_environment_scripts_only(agv_controller)
[5.173s] DEBUG:colcon.colcon_core.event_handler.log_command:Invoked command in '/home/vboxuser/agv_ws/build/agv_controller' returned '0': CMAKE_PREFIX_PATH=/home/vboxuser/agv_ws/install/my_simulation:/home/vboxuser/agv_ws/install/canopen_tests:/home/vboxuser/agv_ws/install/canopen_ros2_controllers:/home/vboxuser/agv_ws/install/canopen_ros2_control:/home/vboxuser/agv_ws/install/canopen:/home/vboxuser/agv_ws/install/canopen_402_driver:/home/vboxuser/agv_ws/install/canopen_proxy_driver:/home/vboxuser/agv_ws/install/canopen_master_driver:/home/vboxuser/agv_ws/install/canopen_fake_slaves:/home/vboxuser/agv_ws/install/canopen_base_driver:/home/vboxuser/agv_ws/install/canopen_core:/home/vboxuser/agv_ws/install/lely_core_libraries:/home/vboxuser/agv_ws/install/canopen_interfaces:/home/vboxuser/agv_ws/install/agv_py:/home/vboxuser/agv_ws/install/agv_controllers:/home/vboxuser/agv_ws/install/communication:/home/vboxuser/agv_ws/install/canopen_utils:/home/vboxuser/agv_ws/install/agv_py_functions:/home/vboxuser/bumperbot_ws/install/bumperbot_py_examples:/home/vboxuser/ros2_ws/install/my_py_pkg:/opt/ros/humble:/home/vboxuser/agv_ws/install/agv_controller:/home/vboxuser/agv_ws/install/agv:/home/vboxuser/bumperbot_ws/install/bumperbot_cpp_examples:/home/vboxuser/bumperbot_ws/install/bumperbot_msgs:/home/vboxuser/bumperbot_ws/install/bumperbot_description:/home/vboxuser/bumperbot_ws/install/bumperbot_controller:/home/vboxuser/ros2_ws/install/my_simulation /usr/bin/cmake --install /home/vboxuser/agv_ws/build/agv_controller
[5.213s] Level 1:colcon.colcon_core.environment:checking '/home/vboxuser/agv_ws/install/agv_controller' for CMake module files
[5.214s] Level 1:colcon.colcon_core.environment:checking '/home/vboxuser/agv_ws/install/agv_controller' for CMake config files
[5.215s] Level 1:colcon.colcon_core.shell:create_environment_hook('agv_controller', 'cmake_prefix_path')
[5.250s] INFO:colcon.colcon_core.shell:Creating environment hook '/home/vboxuser/agv_ws/install/agv_controller/share/agv_controller/hook/cmake_prefix_path.ps1'
[5.250s] INFO:colcon.colcon_core.shell:Creating environment descriptor '/home/vboxuser/agv_ws/install/agv_controller/share/agv_controller/hook/cmake_prefix_path.dsv'
[5.251s] INFO:colcon.colcon_core.shell:Creating environment hook '/home/vboxuser/agv_ws/install/agv_controller/share/agv_controller/hook/cmake_prefix_path.sh'
[5.252s] Level 1:colcon.colcon_core.environment:checking '/home/vboxuser/agv_ws/install/agv_controller/lib'
[5.252s] Level 1:colcon.colcon_core.environment:checking '/home/vboxuser/agv_ws/install/agv_controller/bin'
[5.252s] Level 1:colcon.colcon_core.environment:checking '/home/vboxuser/agv_ws/install/agv_controller/lib/pkgconfig/agv_controller.pc'
[5.253s] Level 1:colcon.colcon_core.environment:checking '/home/vboxuser/agv_ws/install/agv_controller/lib/python3.10/site-packages'
[5.254s] Level 1:colcon.colcon_core.environment:checking '/home/vboxuser/agv_ws/install/agv_controller/bin'
[5.281s] INFO:colcon.colcon_core.shell:Creating package script '/home/vboxuser/agv_ws/install/agv_controller/share/agv_controller/package.ps1'
[5.281s] INFO:colcon.colcon_core.shell:Creating package descriptor '/home/vboxuser/agv_ws/install/agv_controller/share/agv_controller/package.dsv'
[5.282s] INFO:colcon.colcon_core.shell:Creating package script '/home/vboxuser/agv_ws/install/agv_controller/share/agv_controller/package.sh'
[5.283s] INFO:colcon.colcon_core.shell:Creating package script '/home/vboxuser/agv_ws/install/agv_controller/share/agv_controller/package.bash'
[5.283s] INFO:colcon.colcon_core.shell:Creating package script '/home/vboxuser/agv_ws/install/agv_controller/share/agv_controller/package.zsh'
[5.284s] Level 1:colcon.colcon_core.environment:create_file_with_runtime_dependencies(/home/vboxuser/agv_ws/install/agv_controller/share/colcon-core/packages/agv_controller)
[5.325s] Level 1:colcon.colcon_core.environment:create_environment_scripts_only(agv)
[5.360s] Level 1:colcon.colcon_core.environment:checking '/home/vboxuser/agv_ws/install/agv' for CMake module files
[5.361s] Level 1:colcon.colcon_core.environment:checking '/home/vboxuser/agv_ws/install/agv' for CMake config files
[5.362s] Level 1:colcon.colcon_core.shell:create_environment_hook('agv', 'cmake_prefix_path')
[5.388s] INFO:colcon.colcon_core.shell:Creating environment hook '/home/vboxuser/agv_ws/install/agv/share/agv/hook/cmake_prefix_path.ps1'
[5.388s] INFO:colcon.colcon_core.shell:Creating environment descriptor '/home/vboxuser/agv_ws/install/agv/share/agv/hook/cmake_prefix_path.dsv'
[5.389s] INFO:colcon.colcon_core.shell:Creating environment hook '/home/vboxuser/agv_ws/install/agv/share/agv/hook/cmake_prefix_path.sh'
[5.390s] Level 1:colcon.colcon_core.environment:checking '/home/vboxuser/agv_ws/install/agv/lib'
[5.390s] Level 1:colcon.colcon_core.environment:checking '/home/vboxuser/agv_ws/install/agv/bin'
[5.390s] Level 1:colcon.colcon_core.environment:checking '/home/vboxuser/agv_ws/install/agv/lib/pkgconfig/agv.pc'
[5.390s] Level 1:colcon.colcon_core.environment:checking '/home/vboxuser/agv_ws/install/agv/lib/python3.10/site-packages'
[5.390s] Level 1:colcon.colcon_core.shell:create_environment_hook('agv', 'pythonpath')
[5.416s] INFO:colcon.colcon_core.shell:Creating environment hook '/home/vboxuser/agv_ws/install/agv/share/agv/hook/pythonpath.ps1'
[5.417s] INFO:colcon.colcon_core.shell:Creating environment descriptor '/home/vboxuser/agv_ws/install/agv/share/agv/hook/pythonpath.dsv'
[5.417s] INFO:colcon.colcon_core.shell:Creating environment hook '/home/vboxuser/agv_ws/install/agv/share/agv/hook/pythonpath.sh'
[5.418s] Level 1:colcon.colcon_core.environment:checking '/home/vboxuser/agv_ws/install/agv/bin'
[5.454s] INFO:colcon.colcon_core.shell:Creating package script '/home/vboxuser/agv_ws/install/agv/share/agv/package.ps1'
[5.455s] INFO:colcon.colcon_core.shell:Creating package descriptor '/home/vboxuser/agv_ws/install/agv/share/agv/package.dsv'
[5.456s] INFO:colcon.colcon_core.shell:Creating package script '/home/vboxuser/agv_ws/install/agv/share/agv/package.sh'
[5.456s] INFO:colcon.colcon_core.shell:Creating package script '/home/vboxuser/agv_ws/install/agv/share/agv/package.bash'
[5.457s] INFO:colcon.colcon_core.shell:Creating package script '/home/vboxuser/agv_ws/install/agv/share/agv/package.zsh'
[5.457s] Level 1:colcon.colcon_core.environment:create_file_with_runtime_dependencies(/home/vboxuser/agv_ws/install/agv/share/colcon-core/packages/agv)
[5.459s] INFO:colcon.colcon_ros.task.ament_cmake.build:Building ROS package in '/home/vboxuser/agv_ws/src/my_simulation' with build type 'ament_cmake'
[5.459s] INFO:colcon.colcon_cmake.task.cmake.build:Building CMake package in '/home/vboxuser/agv_ws/src/my_simulation'
[5.500s] INFO:colcon.colcon_core.shell:Skip shell extension 'powershell' for command environment: Not usable outside of PowerShell
[5.500s] DEBUG:colcon.colcon_core.shell:Skip shell extension 'dsv' for command environment
[5.697s] Level 1:colcon.colcon_core.environment:create_environment_scripts_only(agv_controller)
[5.725s] Level 1:colcon.colcon_core.environment:checking '/home/vboxuser/agv_ws/install/agv_controller' for CMake module files
[5.726s] Level 1:colcon.colcon_core.environment:checking '/home/vboxuser/agv_ws/install/agv_controller' for CMake config files
[5.726s] Level 1:colcon.colcon_core.shell:create_environment_hook('agv_controller', 'cmake_prefix_path')
[5.757s] INFO:colcon.colcon_core.shell:Creating environment hook '/home/vboxuser/agv_ws/install/agv_controller/share/agv_controller/hook/cmake_prefix_path.ps1'
[5.758s] INFO:colcon.colcon_core.shell:Creating environment descriptor '/home/vboxuser/agv_ws/install/agv_controller/share/agv_controller/hook/cmake_prefix_path.dsv'
[5.758s] INFO:colcon.colcon_core.shell:Creating environment hook '/home/vboxuser/agv_ws/install/agv_controller/share/agv_controller/hook/cmake_prefix_path.sh'
[5.759s] Level 1:colcon.colcon_core.environment:checking '/home/vboxuser/agv_ws/install/agv_controller/lib'
[5.759s] Level 1:colcon.colcon_core.environment:checking '/home/vboxuser/agv_ws/install/agv_controller/bin'
[5.759s] Level 1:colcon.colcon_core.environment:checking '/home/vboxuser/agv_ws/install/agv_controller/lib/pkgconfig/agv_controller.pc'
[5.760s] Level 1:colcon.colcon_core.environment:checking '/home/vboxuser/agv_ws/install/agv_controller/lib/python3.10/site-packages'
[5.760s] Level 1:colcon.colcon_core.environment:checking '/home/vboxuser/agv_ws/install/agv_controller/bin'
[5.786s] INFO:colcon.colcon_core.shell:Creating package script '/home/vboxuser/agv_ws/install/agv_controller/share/agv_controller/package.ps1'
[5.787s] INFO:colcon.colcon_core.shell:Creating package descriptor '/home/vboxuser/agv_ws/install/agv_controller/share/agv_controller/package.dsv'
[5.788s] INFO:colcon.colcon_core.shell:Creating package script '/home/vboxuser/agv_ws/install/agv_controller/share/agv_controller/package.sh'
[5.788s] INFO:colcon.colcon_core.shell:Creating package script '/home/vboxuser/agv_ws/install/agv_controller/share/agv_controller/package.bash'
[5.789s] INFO:colcon.colcon_core.shell:Creating package script '/home/vboxuser/agv_ws/install/agv_controller/share/agv_controller/package.zsh'
[5.789s] Level 1:colcon.colcon_core.environment:create_file_with_runtime_dependencies(/home/vboxuser/agv_ws/install/agv_controller/share/colcon-core/packages/agv_controller)
[5.796s] DEBUG:colcon.colcon_core.event_handler.log_command:Invoking command in '/home/vboxuser/agv_ws/src/communication': PYTHONPATH=/home/vboxuser/agv_ws/build/communication/prefix_override:/home/vboxuser/agv_ws/install/communication/lib/python3.10/site-packages:${PYTHONPATH} /usr/bin/python3 setup.py egg_info --egg-base ../../build/communication build --build-base /home/vboxuser/agv_ws/build/communication/build install --record /home/vboxuser/agv_ws/build/communication/install.log --single-version-externally-managed
[5.799s] DEBUG:colcon.colcon_core.event_handler.log_command:Invoking command in '/home/vboxuser/agv_ws/src/agv_py_functions': PYTHONPATH=/home/vboxuser/agv_ws/build/agv_py_functions/prefix_override:/home/vboxuser/agv_ws/install/agv_py_functions/lib/python3.10/site-packages:${PYTHONPATH} /usr/bin/python3 setup.py egg_info --egg-base ../../build/agv_py_functions build --build-base /home/vboxuser/agv_ws/build/agv_py_functions/build install --record /home/vboxuser/agv_ws/build/agv_py_functions/install.log --single-version-externally-managed
[5.802s] DEBUG:colcon.colcon_core.event_handler.log_command:Invoking command in '/home/vboxuser/agv_ws/build/my_simulation': CMAKE_PREFIX_PATH=/home/vboxuser/agv_ws/install/my_simulation:/home/vboxuser/agv_ws/install/canopen_tests:/home/vboxuser/agv_ws/install/canopen_ros2_controllers:/home/vboxuser/agv_ws/install/canopen_ros2_control:/home/vboxuser/agv_ws/install/canopen:/home/vboxuser/agv_ws/install/canopen_402_driver:/home/vboxuser/agv_ws/install/canopen_proxy_driver:/home/vboxuser/agv_ws/install/canopen_master_driver:/home/vboxuser/agv_ws/install/canopen_fake_slaves:/home/vboxuser/agv_ws/install/canopen_base_driver:/home/vboxuser/agv_ws/install/canopen_core:/home/vboxuser/agv_ws/install/lely_core_libraries:/home/vboxuser/agv_ws/install/canopen_interfaces:/home/vboxuser/agv_ws/install/agv_py:/home/vboxuser/agv_ws/install/agv_controllers:/home/vboxuser/agv_ws/install/communication:/home/vboxuser/agv_ws/install/canopen_utils:/home/vboxuser/agv_ws/install/agv_py_functions:/home/vboxuser/bumperbot_ws/install/bumperbot_py_examples:/home/vboxuser/ros2_ws/install/my_py_pkg:/opt/ros/humble:/home/vboxuser/agv_ws/install/agv_controller:/home/vboxuser/agv_ws/install/agv:/home/vboxuser/bumperbot_ws/install/bumperbot_cpp_examples:/home/vboxuser/bumperbot_ws/install/bumperbot_msgs:/home/vboxuser/bumperbot_ws/install/bumperbot_description:/home/vboxuser/bumperbot_ws/install/bumperbot_controller:/home/vboxuser/ros2_ws/install/my_simulation /usr/bin/cmake --build /home/vboxuser/agv_ws/build/my_simulation -- -j4 -l4
[5.882s] DEBUG:colcon.colcon_core.event_handler.log_command:Invoked command in '/home/vboxuser/agv_ws/build/my_simulation' returned '0': CMAKE_PREFIX_PATH=/home/vboxuser/agv_ws/install/my_simulation:/home/vboxuser/agv_ws/install/canopen_tests:/home/vboxuser/agv_ws/install/canopen_ros2_controllers:/home/vboxuser/agv_ws/install/canopen_ros2_control:/home/vboxuser/agv_ws/install/canopen:/home/vboxuser/agv_ws/install/canopen_402_driver:/home/vboxuser/agv_ws/install/canopen_proxy_driver:/home/vboxuser/agv_ws/install/canopen_master_driver:/home/vboxuser/agv_ws/install/canopen_fake_slaves:/home/vboxuser/agv_ws/install/canopen_base_driver:/home/vboxuser/agv_ws/install/canopen_core:/home/vboxuser/agv_ws/install/lely_core_libraries:/home/vboxuser/agv_ws/install/canopen_interfaces:/home/vboxuser/agv_ws/install/agv_py:/home/vboxuser/agv_ws/install/agv_controllers:/home/vboxuser/agv_ws/install/communication:/home/vboxuser/agv_ws/install/canopen_utils:/home/vboxuser/agv_ws/install/agv_py_functions:/home/vboxuser/bumperbot_ws/install/bumperbot_py_examples:/home/vboxuser/ros2_ws/install/my_py_pkg:/opt/ros/humble:/home/vboxuser/agv_ws/install/agv_controller:/home/vboxuser/agv_ws/install/agv:/home/vboxuser/bumperbot_ws/install/bumperbot_cpp_examples:/home/vboxuser/bumperbot_ws/install/bumperbot_msgs:/home/vboxuser/bumperbot_ws/install/bumperbot_description:/home/vboxuser/bumperbot_ws/install/bumperbot_controller:/home/vboxuser/ros2_ws/install/my_simulation /usr/bin/cmake --build /home/vboxuser/agv_ws/build/my_simulation -- -j4 -l4
[5.919s] DEBUG:colcon.colcon_core.event_handler.log_command:Invoking command in '/home/vboxuser/agv_ws/build/my_simulation': CMAKE_PREFIX_PATH=/home/vboxuser/agv_ws/install/my_simulation:/home/vboxuser/agv_ws/install/canopen_tests:/home/vboxuser/agv_ws/install/canopen_ros2_controllers:/home/vboxuser/agv_ws/install/canopen_ros2_control:/home/vboxuser/agv_ws/install/canopen:/home/vboxuser/agv_ws/install/canopen_402_driver:/home/vboxuser/agv_ws/install/canopen_proxy_driver:/home/vboxuser/agv_ws/install/canopen_master_driver:/home/vboxuser/agv_ws/install/canopen_fake_slaves:/home/vboxuser/agv_ws/install/canopen_base_driver:/home/vboxuser/agv_ws/install/canopen_core:/home/vboxuser/agv_ws/install/lely_core_libraries:/home/vboxuser/agv_ws/install/canopen_interfaces:/home/vboxuser/agv_ws/install/agv_py:/home/vboxuser/agv_ws/install/agv_controllers:/home/vboxuser/agv_ws/install/communication:/home/vboxuser/agv_ws/install/canopen_utils:/home/vboxuser/agv_ws/install/agv_py_functions:/home/vboxuser/bumperbot_ws/install/bumperbot_py_examples:/home/vboxuser/ros2_ws/install/my_py_pkg:/opt/ros/humble:/home/vboxuser/agv_ws/install/agv_controller:/home/vboxuser/agv_ws/install/agv:/home/vboxuser/bumperbot_ws/install/bumperbot_cpp_examples:/home/vboxuser/bumperbot_ws/install/bumperbot_msgs:/home/vboxuser/bumperbot_ws/install/bumperbot_description:/home/vboxuser/bumperbot_ws/install/bumperbot_controller:/home/vboxuser/ros2_ws/install/my_simulation /usr/bin/cmake --install /home/vboxuser/agv_ws/build/my_simulation
[5.950s] Level 1:colcon.colcon_core.environment:create_environment_scripts_only(my_simulation)
[5.951s] DEBUG:colcon.colcon_core.event_handler.log_command:Invoked command in '/home/vboxuser/agv_ws/build/my_simulation' returned '0': CMAKE_PREFIX_PATH=/home/vboxuser/agv_ws/install/my_simulation:/home/vboxuser/agv_ws/install/canopen_tests:/home/vboxuser/agv_ws/install/canopen_ros2_controllers:/home/vboxuser/agv_ws/install/canopen_ros2_control:/home/vboxuser/agv_ws/install/canopen:/home/vboxuser/agv_ws/install/canopen_402_driver:/home/vboxuser/agv_ws/install/canopen_proxy_driver:/home/vboxuser/agv_ws/install/canopen_master_driver:/home/vboxuser/agv_ws/install/canopen_fake_slaves:/home/vboxuser/agv_ws/install/canopen_base_driver:/home/vboxuser/agv_ws/install/canopen_core:/home/vboxuser/agv_ws/install/lely_core_libraries:/home/vboxuser/agv_ws/install/canopen_interfaces:/home/vboxuser/agv_ws/install/agv_py:/home/vboxuser/agv_ws/install/agv_controllers:/home/vboxuser/agv_ws/install/communication:/home/vboxuser/agv_ws/install/canopen_utils:/home/vboxuser/agv_ws/install/agv_py_functions:/home/vboxuser/bumperbot_ws/install/bumperbot_py_examples:/home/vboxuser/ros2_ws/install/my_py_pkg:/opt/ros/humble:/home/vboxuser/agv_ws/install/agv_controller:/home/vboxuser/agv_ws/install/agv:/home/vboxuser/bumperbot_ws/install/bumperbot_cpp_examples:/home/vboxuser/bumperbot_ws/install/bumperbot_msgs:/home/vboxuser/bumperbot_ws/install/bumperbot_description:/home/vboxuser/bumperbot_ws/install/bumperbot_controller:/home/vboxuser/ros2_ws/install/my_simulation /usr/bin/cmake --install /home/vboxuser/agv_ws/build/my_simulation
[5.986s] Level 1:colcon.colcon_core.environment:checking '/home/vboxuser/agv_ws/install/my_simulation' for CMake module files
[5.986s] Level 1:colcon.colcon_core.environment:checking '/home/vboxuser/agv_ws/install/my_simulation' for CMake config files
[5.987s] Level 1:colcon.colcon_core.shell:create_environment_hook('my_simulation', 'cmake_prefix_path')
[6.013s] INFO:colcon.colcon_core.shell:Creating environment hook '/home/vboxuser/agv_ws/install/my_simulation/share/my_simulation/hook/cmake_prefix_path.ps1'
[6.014s] INFO:colcon.colcon_core.shell:Creating environment descriptor '/home/vboxuser/agv_ws/install/my_simulation/share/my_simulation/hook/cmake_prefix_path.dsv'
[6.015s] INFO:colcon.colcon_core.shell:Creating environment hook '/home/vboxuser/agv_ws/install/my_simulation/share/my_simulation/hook/cmake_prefix_path.sh'
[6.015s] Level 1:colcon.colcon_core.environment:checking '/home/vboxuser/agv_ws/install/my_simulation/bin'
[6.015s] Level 1:colcon.colcon_core.environment:checking '/home/vboxuser/agv_ws/install/my_simulation/lib/pkgconfig/my_simulation.pc'
[6.016s] Level 1:colcon.colcon_core.environment:checking '/home/vboxuser/agv_ws/install/my_simulation/lib/python3.10/site-packages'
[6.016s] Level 1:colcon.colcon_core.environment:checking '/home/vboxuser/agv_ws/install/my_simulation/bin'
[6.047s] INFO:colcon.colcon_core.shell:Creating package script '/home/vboxuser/agv_ws/install/my_simulation/share/my_simulation/package.ps1'
[6.049s] INFO:colcon.colcon_core.shell:Creating package descriptor '/home/vboxuser/agv_ws/install/my_simulation/share/my_simulation/package.dsv'
[6.050s] INFO:colcon.colcon_core.shell:Creating package script '/home/vboxuser/agv_ws/install/my_simulation/share/my_simulation/package.sh'
[6.051s] INFO:colcon.colcon_core.shell:Creating package script '/home/vboxuser/agv_ws/install/my_simulation/share/my_simulation/package.bash'
[6.052s] INFO:colcon.colcon_core.shell:Creating package script '/home/vboxuser/agv_ws/install/my_simulation/share/my_simulation/package.zsh'
[6.053s] Level 1:colcon.colcon_core.environment:create_file_with_runtime_dependencies(/home/vboxuser/agv_ws/install/my_simulation/share/colcon-core/packages/my_simulation)
[6.116s] Level 1:colcon.colcon_core.environment:create_environment_scripts_only(my_simulation)
[6.142s] Level 1:colcon.colcon_core.environment:checking '/home/vboxuser/agv_ws/install/my_simulation' for CMake module files
[6.143s] Level 1:colcon.colcon_core.environment:checking '/home/vboxuser/agv_ws/install/my_simulation' for CMake config files
[6.144s] Level 1:colcon.colcon_core.shell:create_environment_hook('my_simulation', 'cmake_prefix_path')
[6.192s] INFO:colcon.colcon_core.shell:Creating environment hook '/home/vboxuser/agv_ws/install/my_simulation/share/my_simulation/hook/cmake_prefix_path.ps1'
[6.199s] INFO:colcon.colcon_core.shell:Creating environment descriptor '/home/vboxuser/agv_ws/install/my_simulation/share/my_simulation/hook/cmake_prefix_path.dsv'
[6.200s] INFO:colcon.colcon_core.shell:Creating environment hook '/home/vboxuser/agv_ws/install/my_simulation/share/my_simulation/hook/cmake_prefix_path.sh'
[6.200s] Level 1:colcon.colcon_core.environment:checking '/home/vboxuser/agv_ws/install/my_simulation/bin'
[6.201s] Level 1:colcon.colcon_core.environment:checking '/home/vboxuser/agv_ws/install/my_simulation/lib/pkgconfig/my_simulation.pc'
[6.201s] Level 1:colcon.colcon_core.environment:checking '/home/vboxuser/agv_ws/install/my_simulation/lib/python3.10/site-packages'
[6.201s] Level 1:colcon.colcon_core.environment:checking '/home/vboxuser/agv_ws/install/my_simulation/bin'
[6.267s] INFO:colcon.colcon_core.shell:Creating package script '/home/vboxuser/agv_ws/install/my_simulation/share/my_simulation/package.ps1'
[6.267s] INFO:colcon.colcon_core.shell:Creating package descriptor '/home/vboxuser/agv_ws/install/my_simulation/share/my_simulation/package.dsv'
[6.268s] INFO:colcon.colcon_core.shell:Creating package script '/home/vboxuser/agv_ws/install/my_simulation/share/my_simulation/package.sh'
[6.269s] INFO:colcon.colcon_core.shell:Creating package script '/home/vboxuser/agv_ws/install/my_simulation/share/my_simulation/package.bash'
[6.271s] INFO:colcon.colcon_core.shell:Creating package script '/home/vboxuser/agv_ws/install/my_simulation/share/my_simulation/package.zsh'
[6.271s] Level 1:colcon.colcon_core.environment:create_file_with_runtime_dependencies(/home/vboxuser/agv_ws/install/my_simulation/share/colcon-core/packages/my_simulation)
[6.457s] DEBUG:colcon.colcon_core.event_handler.log_command:Invoked command in '/home/vboxuser/agv_ws/src/communication' returned '0': PYTHONPATH=/home/vboxuser/agv_ws/build/communication/prefix_override:/home/vboxuser/agv_ws/install/communication/lib/python3.10/site-packages:${PYTHONPATH} /usr/bin/python3 setup.py egg_info --egg-base ../../build/communication build --build-base /home/vboxuser/agv_ws/build/communication/build install --record /home/vboxuser/agv_ws/build/communication/install.log --single-version-externally-managed
[6.488s] Level 1:colcon.colcon_core.environment:checking '/home/vboxuser/agv_ws/install/communication' for CMake module files
[6.489s] Level 1:colcon.colcon_core.environment:checking '/home/vboxuser/agv_ws/install/communication' for CMake config files
[6.490s] Level 1:colcon.colcon_core.environment:checking '/home/vboxuser/agv_ws/install/communication/lib'
[6.490s] Level 1:colcon.colcon_core.environment:checking '/home/vboxuser/agv_ws/install/communication/bin'
[6.490s] Level 1:colcon.colcon_core.environment:checking '/home/vboxuser/agv_ws/install/communication/lib/pkgconfig/communication.pc'
[6.490s] Level 1:colcon.colcon_core.environment:checking '/home/vboxuser/agv_ws/install/communication/lib/python3.10/site-packages'
[6.490s] Level 1:colcon.colcon_core.shell:create_environment_hook('communication', 'pythonpath')
[6.515s] INFO:colcon.colcon_core.shell:Creating environment hook '/home/vboxuser/agv_ws/install/communication/share/communication/hook/pythonpath.ps1'
[6.516s] INFO:colcon.colcon_core.shell:Creating environment descriptor '/home/vboxuser/agv_ws/install/communication/share/communication/hook/pythonpath.dsv'
[6.516s] INFO:colcon.colcon_core.shell:Creating environment hook '/home/vboxuser/agv_ws/install/communication/share/communication/hook/pythonpath.sh'
[6.517s] Level 1:colcon.colcon_core.environment:checking '/home/vboxuser/agv_ws/install/communication/bin'
[6.517s] Level 1:colcon.colcon_core.environment:create_environment_scripts_only(communication)
[6.543s] INFO:colcon.colcon_core.shell:Creating package script '/home/vboxuser/agv_ws/install/communication/share/communication/package.ps1'
[6.543s] INFO:colcon.colcon_core.shell:Creating package descriptor '/home/vboxuser/agv_ws/install/communication/share/communication/package.dsv'
[6.544s] INFO:colcon.colcon_core.shell:Creating package script '/home/vboxuser/agv_ws/install/communication/share/communication/package.sh'
[6.545s] INFO:colcon.colcon_core.shell:Creating package script '/home/vboxuser/agv_ws/install/communication/share/communication/package.bash'
[6.545s] INFO:colcon.colcon_core.shell:Creating package script '/home/vboxuser/agv_ws/install/communication/share/communication/package.zsh'
[6.546s] Level 1:colcon.colcon_core.environment:create_file_with_runtime_dependencies(/home/vboxuser/agv_ws/install/communication/share/colcon-core/packages/communication)
[6.555s] DEBUG:colcon.colcon_core.event_handler.log_command:Invoked command in '/home/vboxuser/agv_ws/src/agv_py_functions' returned '0': PYTHONPATH=/home/vboxuser/agv_ws/build/agv_py_functions/prefix_override:/home/vboxuser/agv_ws/install/agv_py_functions/lib/python3.10/site-packages:${PYTHONPATH} /usr/bin/python3 setup.py egg_info --egg-base ../../build/agv_py_functions build --build-base /home/vboxuser/agv_ws/build/agv_py_functions/build install --record /home/vboxuser/agv_ws/build/agv_py_functions/install.log --single-version-externally-managed
[6.589s] Level 1:colcon.colcon_core.environment:checking '/home/vboxuser/agv_ws/install/agv_py_functions' for CMake module files
[6.590s] Level 1:colcon.colcon_core.environment:checking '/home/vboxuser/agv_ws/install/agv_py_functions' for CMake config files
[6.591s] Level 1:colcon.colcon_core.environment:checking '/home/vboxuser/agv_ws/install/agv_py_functions/lib'
[6.592s] Level 1:colcon.colcon_core.environment:checking '/home/vboxuser/agv_ws/install/agv_py_functions/bin'
[6.592s] Level 1:colcon.colcon_core.environment:checking '/home/vboxuser/agv_ws/install/agv_py_functions/lib/pkgconfig/agv_py_functions.pc'
[6.593s] Level 1:colcon.colcon_core.environment:checking '/home/vboxuser/agv_ws/install/agv_py_functions/lib/python3.10/site-packages'
[6.593s] Level 1:colcon.colcon_core.shell:create_environment_hook('agv_py_functions', 'pythonpath')
[6.621s] INFO:colcon.colcon_core.shell:Creating environment hook '/home/vboxuser/agv_ws/install/agv_py_functions/share/agv_py_functions/hook/pythonpath.ps1'
[6.621s] INFO:colcon.colcon_core.shell:Creating environment descriptor '/home/vboxuser/agv_ws/install/agv_py_functions/share/agv_py_functions/hook/pythonpath.dsv'
[6.622s] INFO:colcon.colcon_core.shell:Creating environment hook '/home/vboxuser/agv_ws/install/agv_py_functions/share/agv_py_functions/hook/pythonpath.sh'
[6.623s] Level 1:colcon.colcon_core.environment:checking '/home/vboxuser/agv_ws/install/agv_py_functions/bin'
[6.623s] Level 1:colcon.colcon_core.environment:create_environment_scripts_only(agv_py_functions)
[6.654s] INFO:colcon.colcon_core.shell:Creating package script '/home/vboxuser/agv_ws/install/agv_py_functions/share/agv_py_functions/package.ps1'
[6.655s] INFO:colcon.colcon_core.shell:Creating package descriptor '/home/vboxuser/agv_ws/install/agv_py_functions/share/agv_py_functions/package.dsv'
[6.656s] INFO:colcon.colcon_core.shell:Creating package script '/home/vboxuser/agv_ws/install/agv_py_functions/share/agv_py_functions/package.sh'
[6.657s] INFO:colcon.colcon_core.shell:Creating package script '/home/vboxuser/agv_ws/install/agv_py_functions/share/agv_py_functions/package.bash'
[6.657s] INFO:colcon.colcon_core.shell:Creating package script '/home/vboxuser/agv_ws/install/agv_py_functions/share/agv_py_functions/package.zsh'
[6.658s] Level 1:colcon.colcon_core.environment:create_file_with_runtime_dependencies(/home/vboxuser/agv_ws/install/agv_py_functions/share/colcon-core/packages/agv_py_functions)
[6.659s] DEBUG:colcon.colcon_parallel_executor.executor.parallel:closing loop
[6.659s] DEBUG:colcon.colcon_parallel_executor.executor.parallel:loop closed
[6.659s] DEBUG:colcon.colcon_parallel_executor.executor.parallel:run_until_complete finished with '0'
[6.659s] DEBUG:colcon.colcon_core.event_reactor:joining thread
[6.707s] INFO:colcon.colcon_core.plugin_system:Skipping extension 'colcon_notification.desktop_notification.terminal_notifier': Not used on non-Darwin systems
[6.707s] INFO:colcon.colcon_core.plugin_system:Skipping extension 'colcon_notification.desktop_notification.win32': Not used on non-Windows systems
[6.707s] INFO:colcon.colcon_notification.desktop_notification:Sending desktop notification using 'notify2'
[6.726s] DEBUG:colcon.colcon_core.event_reactor:joined thread
[6.754s] INFO:colcon.colcon_core.shell:Creating prefix script '/home/vboxuser/agv_ws/install/local_setup.ps1'
[6.757s] INFO:colcon.colcon_core.shell:Creating prefix util module '/home/vboxuser/agv_ws/install/_local_setup_util_ps1.py'
[6.761s] INFO:colcon.colcon_core.shell:Creating prefix chain script '/home/vboxuser/agv_ws/install/setup.ps1'
[6.804s] INFO:colcon.colcon_core.shell:Creating prefix script '/home/vboxuser/agv_ws/install/local_setup.sh'
[6.805s] INFO:colcon.colcon_core.shell:Creating prefix util module '/home/vboxuser/agv_ws/install/_local_setup_util_sh.py'
[6.806s] INFO:colcon.colcon_core.shell:Creating prefix chain script '/home/vboxuser/agv_ws/install/setup.sh'
[6.841s] INFO:colcon.colcon_core.shell:Creating prefix script '/home/vboxuser/agv_ws/install/local_setup.bash'
[6.841s] INFO:colcon.colcon_core.shell:Creating prefix chain script '/home/vboxuser/agv_ws/install/setup.bash'
[6.873s] INFO:colcon.colcon_core.shell:Creating prefix script '/home/vboxuser/agv_ws/install/local_setup.zsh'
[6.874s] INFO:colcon.colcon_core.shell:Creating prefix chain script '/home/vboxuser/agv_ws/install/setup.zsh'
