[3.445s] Invoking command in '/home/vboxuser/agv_ws/src/agv_py_functions': PYTHONPATH=/home/vboxuser/agv_ws/build/agv_py_functions/prefix_override:/home/vboxuser/agv_ws/install/agv_py_functions/lib/python3.10/site-packages:${PYTHONPATH} /usr/bin/python3 -W ignore:setup.py install is deprecated setup.py egg_info --egg-base ../../build/agv_py_functions build --build-base /home/vboxuser/agv_ws/build/agv_py_functions/build install --record /home/vboxuser/agv_ws/build/agv_py_functions/install.log --single-version-externally-managed install_data
[4.385s] running egg_info
[4.388s] writing ../../build/agv_py_functions/agv_py_functions.egg-info/PKG-INFO
[4.388s] writing dependency_links to ../../build/agv_py_functions/agv_py_functions.egg-info/dependency_links.txt
[4.389s] writing entry points to ../../build/agv_py_functions/agv_py_functions.egg-info/entry_points.txt
[4.390s] writing requirements to ../../build/agv_py_functions/agv_py_functions.egg-info/requires.txt
[4.390s] writing top-level names to ../../build/agv_py_functions/agv_py_functions.egg-info/top_level.txt
[4.396s] reading manifest file '../../build/agv_py_functions/agv_py_functions.egg-info/SOURCES.txt'
[4.398s] writing manifest file '../../build/agv_py_functions/agv_py_functions.egg-info/SOURCES.txt'
[4.398s] running build
[4.399s] running build_py
[4.399s] copying agv_py_functions/set_wheel_speed_client.py -> /home/vboxuser/agv_ws/build/agv_py_functions/build/lib/agv_py_functions
[4.399s] copying agv_py_functions/wheel_speed_node.py -> /home/vboxuser/agv_ws/build/agv_py_functions/build/lib/agv_py_functions
[4.400s] running install
[4.400s] running install_lib
[4.404s] copying /home/vboxuser/agv_ws/build/agv_py_functions/build/lib/agv_py_functions/set_wheel_speed_client.py -> /home/vboxuser/agv_ws/install/agv_py_functions/lib/python3.10/site-packages/agv_py_functions
[4.404s] copying /home/vboxuser/agv_ws/build/agv_py_functions/build/lib/agv_py_functions/wheel_speed_node.py -> /home/vboxuser/agv_ws/install/agv_py_functions/lib/python3.10/site-packages/agv_py_functions
[4.404s] byte-compiling /home/vboxuser/agv_ws/install/agv_py_functions/lib/python3.10/site-packages/agv_py_functions/set_wheel_speed_client.py to set_wheel_speed_client.cpython-310.pyc
[4.405s] byte-compiling /home/vboxuser/agv_ws/install/agv_py_functions/lib/python3.10/site-packages/agv_py_functions/wheel_speed_node.py to wheel_speed_node.cpython-310.pyc
[4.406s] running install_data
[4.406s] running install_egg_info
[4.411s] removing '/home/vboxuser/agv_ws/install/agv_py_functions/lib/python3.10/site-packages/agv_py_functions-0.0.0-py3.10.egg-info' (and everything under it)
[4.411s] Copying ../../build/agv_py_functions/agv_py_functions.egg-info to /home/vboxuser/agv_ws/install/agv_py_functions/lib/python3.10/site-packages/agv_py_functions-0.0.0-py3.10.egg-info
[4.417s] running install_scripts
[4.502s] Installing canbus_velocity_publisher script to /home/vboxuser/agv_ws/install/agv_py_functions/lib/agv_py_functions
[4.503s] Installing simple_parameter script to /home/vboxuser/agv_ws/install/agv_py_functions/lib/agv_py_functions
[4.503s] Installing simple_publisher script to /home/vboxuser/agv_ws/install/agv_py_functions/lib/agv_py_functions
[4.503s] Installing simple_subscriber script to /home/vboxuser/agv_ws/install/agv_py_functions/lib/agv_py_functions
[4.503s] Installing velocity_input script to /home/vboxuser/agv_ws/install/agv_py_functions/lib/agv_py_functions
[4.503s] Installing wheel_speed_node script to /home/vboxuser/agv_ws/install/agv_py_functions/lib/agv_py_functions
[4.504s] Installing wheel_speed_publisher script to /home/vboxuser/agv_ws/install/agv_py_functions/lib/agv_py_functions
[4.511s] writing list of installed files to '/home/vboxuser/agv_ws/build/agv_py_functions/install.log'
[4.600s] Invoked command in '/home/vboxuser/agv_ws/src/agv_py_functions' returned '0': PYTHONPATH=/home/vboxuser/agv_ws/build/agv_py_functions/prefix_override:/home/vboxuser/agv_ws/install/agv_py_functions/lib/python3.10/site-packages:${PYTHONPATH} /usr/bin/python3 -W ignore:setup.py install is deprecated setup.py egg_info --egg-base ../../build/agv_py_functions build --build-base /home/vboxuser/agv_ws/build/agv_py_functions/build install --record /home/vboxuser/agv_ws/build/agv_py_functions/install.log --single-version-externally-managed install_data
