[0.066s] Invoking command in '/home/vboxuser/agv_ws/build/canopen_core': CMAKE_PREFIX_PATH=/home/vboxuser/agv_ws/install/lely_core_libraries:/home/vboxuser/agv_ws/install/canopen_interfaces:/home/vboxuser/agv_ws/install/pgv100:/home/vboxuser/agv_ws/install/panda_rviz_viewer:/home/vboxuser/agv_ws/install/panda_canopen:/home/vboxuser/agv_ws/install/my_simulation:/home/vboxuser/agv_ws/install/canopen_tests:/home/vboxuser/agv_ws/install/canopen_ros2_controllers:/home/vboxuser/agv_ws/install/canopen_ros2_control:/home/vboxuser/agv_ws/install/canopen_robot_control_example:/home/vboxuser/agv_ws/install/canopen_kinco3:/home/vboxuser/agv_ws/install/canopen_kinco2:/home/vboxuser/agv_ws/install/canopen_kinco:/home/vboxuser/agv_ws/install/canopen:/home/vboxuser/agv_ws/install/canopen_402_driver:/home/vboxuser/agv_ws/install/canopen_proxy_driver:/home/vboxuser/agv_ws/install/canopen_master_driver:/home/vboxuser/agv_ws/install/canopen_fake_slaves:/home/vboxuser/agv_ws/install/canopen_base_driver:/home/vboxuser/agv_ws/install/canopen_core:/home/vboxuser/agv_ws/install/agv_py:/home/vboxuser/agv_ws/install/agv_controllers:/home/vboxuser/agv_ws/install/communication:/home/vboxuser/agv_ws/install/canopen_utils:/home/vboxuser/agv_ws/install/agv_py_functions:/home/vboxuser/bumperbot_ws/install/bumperbot_py_examples:/home/vboxuser/ros2_ws/install/my_py_pkg:/opt/ros/humble:/home/vboxuser/agv_ws/install/agv_controller:/home/vboxuser/agv_ws/install/agv:/home/vboxuser/bumperbot_ws/install/bumperbot_cpp_examples:/home/vboxuser/bumperbot_ws/install/bumperbot_msgs:/home/vboxuser/bumperbot_ws/install/bumperbot_description:/home/vboxuser/bumperbot_ws/install/bumperbot_controller:/home/vboxuser/ros2_ws/install/my_simulation LD_LIBRARY_PATH=/home/vboxuser/agv_ws/install/lely_core_libraries/lib:/home/vboxuser/agv_ws/install/canopen_interfaces/lib:/home/vboxuser/agv_ws/install/pgv100/lib:/home/vboxuser/agv_ws/install/canopen_ros2_controllers/lib:/home/vboxuser/agv_ws/install/canopen_ros2_control/lib:/home/vboxuser/agv_ws/install/canopen_402_driver/lib:/home/vboxuser/agv_ws/install/canopen_proxy_driver/lib:/home/vboxuser/agv_ws/install/canopen_master_driver/lib:/home/vboxuser/agv_ws/install/canopen_base_driver/lib:/home/vboxuser/agv_ws/install/canopen_core/lib:/home/vboxuser/bumperbot_ws/install/bumperbot_msgs/lib:/usr/lib/x86_64-linux-gnu/gazebo-11/plugins:/opt/ros/humble/opt/rviz_ogre_vendor/lib:/opt/ros/humble/lib/x86_64-linux-gnu:/opt/ros/humble/lib PYTHONPATH=/home/vboxuser/agv_ws/install/lely_core_libraries/lib/python3.10/site-packages:/home/vboxuser/agv_ws/install/pgv100/local/lib/python3.10/dist-packages:/home/vboxuser/agv_ws/install/lely_core_libraries/local/lib/python3.10/dist-packages:/home/vboxuser/agv_ws/install/communication/lib/python3.10/site-packages:/home/vboxuser/agv_ws/install/canopen_utils/lib/python3.10/site-packages:/home/vboxuser/agv_ws/install/canopen_interfaces/local/lib/python3.10/dist-packages:/home/vboxuser/agv_ws/install/agv_py_functions/lib/python3.10/site-packages:/home/vboxuser/agv_ws/install/agv_py/lib/python3.10/site-packages:/home/vboxuser/agv_ws/install/agv/lib/python3.10/site-packages:/home/vboxuser/bumperbot_ws/install/bumperbot_py_examples/lib/python3.10/site-packages:/home/vboxuser/bumperbot_ws/install/bumperbot_msgs/local/lib/python3.10/dist-packages:/home/vboxuser/bumperbot_ws/install/bumperbot_controller/local/lib/python3.10/dist-packages:/home/vboxuser/ros2_ws/install/my_py_pkg/lib/python3.10/site-packages:/opt/ros/humble/lib/python3.10/site-packages:/opt/ros/humble/local/lib/python3.10/dist-packages /usr/bin/cmake --build /home/vboxuser/agv_ws/build/canopen_core -- -j4 -l4
[0.240s] [35m[1mConsolidate compiler generated dependencies of target node_canopen_driver[0m
[0.312s] [  2%] [32mBuilding CXX object CMakeFiles/node_canopen_driver.dir/src/node_interfaces/node_canopen_driver.cpp.o[0m
[11.702s] [  5%] [32mBuilding CXX object CMakeFiles/node_canopen_driver.dir/src/driver_node.cpp.o[0m
[18.709s] [  8%] [32m[1mLinking CXX shared library libnode_canopen_driver.so[0m
[19.133s] [ 11%] Built target node_canopen_driver
[19.193s] [ 19%] Built target gmock
[19.287s] [ 25%] Built target gmock_main
[19.362s] [35m[1mConsolidate compiler generated dependencies of target node_canopen_master[0m
[19.417s] [ 27%] [32mBuilding CXX object CMakeFiles/node_canopen_master.dir/src/node_interfaces/node_canopen_master.cpp.o[0m
[28.043s] [ 30%] [32mBuilding CXX object CMakeFiles/node_canopen_master.dir/src/master_node.cpp.o[0m
[35.102s] [ 33%] [32m[1mLinking CXX shared library libnode_canopen_master.so[0m
[35.514s] [ 36%] Built target node_canopen_master
[35.550s] [35m[1mConsolidate compiler generated dependencies of target test_lifecycle_canopen_driver[0m
[35.607s] [ 38%] [32mBuilding CXX object test/CMakeFiles/test_lifecycle_canopen_driver.dir/test_lifecycle_canopen_driver.cpp.o[0m
[47.019s] [ 41%] [32m[1mLinking CXX executable test_lifecycle_canopen_driver[0m
[47.794s] [ 41%] Built target test_lifecycle_canopen_driver
[47.849s] [35m[1mConsolidate compiler generated dependencies of target device_container[0m
[47.907s] [ 44%] [32mBuilding CXX object CMakeFiles/device_container.dir/src/device_container.cpp.o[0m
[59.427s] [ 47%] [32m[1mLinking CXX shared library libdevice_container.so[0m
[60.106s] [ 55%] Built target device_container
[60.158s] [35m[1mConsolidate compiler generated dependencies of target test_node_canopen_master[0m
[60.203s] [ 58%] [32mBuilding CXX object test/CMakeFiles/test_node_canopen_master.dir/test_node_canopen_master.cpp.o[0m
[71.964s] [ 61%] [32m[1mLinking CXX executable test_node_canopen_master[0m
[72.771s] [ 61%] Built target test_node_canopen_master
[72.814s] [35m[1mConsolidate compiler generated dependencies of target test_canopen_master[0m
[72.849s] [ 63%] [32mBuilding CXX object test/CMakeFiles/test_canopen_master.dir/test_canopen_master.cpp.o[0m
[84.336s] [ 66%] [32m[1mLinking CXX executable test_canopen_master[0m
[84.985s] [ 66%] Built target test_canopen_master
[85.028s] [35m[1mConsolidate compiler generated dependencies of target test_lifecycle_canopen_master[0m
[85.078s] [ 69%] [32mBuilding CXX object test/CMakeFiles/test_lifecycle_canopen_master.dir/test_lifecycle_canopen_master.cpp.o[0m
[97.120s] [ 72%] [32m[1mLinking CXX executable test_lifecycle_canopen_master[0m
[97.942s] [ 72%] Built target test_lifecycle_canopen_master
[98.015s] [ 75%] [32m[1mLinking CXX executable test_lifecycle_manager[0m
[99.034s] [ 77%] Built target test_lifecycle_manager
[99.107s] [ 80%] [32m[1mLinking CXX executable test_errors[0m
[99.833s] [ 83%] Built target test_errors
[99.875s] [35m[1mConsolidate compiler generated dependencies of target device_container_node[0m
[99.921s] [ 86%] [32mBuilding CXX object CMakeFiles/device_container_node.dir/src/device_container_node.cpp.o[0m
[111.375s] [ 88%] [32m[1mLinking CXX executable device_container_node[0m
[111.910s] [ 88%] Built target device_container_node
[111.958s] [35m[1mConsolidate compiler generated dependencies of target test_canopen_driver[0m
[112.012s] [ 91%] [32mBuilding CXX object test/CMakeFiles/test_canopen_driver.dir/test_canopen_driver.cpp.o[0m
[123.249s] [ 94%] [32m[1mLinking CXX executable test_canopen_driver[0m
[123.970s] [ 94%] Built target test_canopen_driver
[124.009s] [35m[1mConsolidate compiler generated dependencies of target test_node_canopen_driver[0m
[124.042s] [ 97%] [32mBuilding CXX object test/CMakeFiles/test_node_canopen_driver.dir/test_node_canopen_driver.cpp.o[0m
[135.504s] [100%] [32m[1mLinking CXX executable test_node_canopen_driver[0m
[136.152s] [100%] Built target test_node_canopen_driver
[136.172s] Invoked command in '/home/vboxuser/agv_ws/build/canopen_core' returned '0': CMAKE_PREFIX_PATH=/home/vboxuser/agv_ws/install/lely_core_libraries:/home/vboxuser/agv_ws/install/canopen_interfaces:/home/vboxuser/agv_ws/install/pgv100:/home/vboxuser/agv_ws/install/panda_rviz_viewer:/home/vboxuser/agv_ws/install/panda_canopen:/home/vboxuser/agv_ws/install/my_simulation:/home/vboxuser/agv_ws/install/canopen_tests:/home/vboxuser/agv_ws/install/canopen_ros2_controllers:/home/vboxuser/agv_ws/install/canopen_ros2_control:/home/vboxuser/agv_ws/install/canopen_robot_control_example:/home/vboxuser/agv_ws/install/canopen_kinco3:/home/vboxuser/agv_ws/install/canopen_kinco2:/home/vboxuser/agv_ws/install/canopen_kinco:/home/vboxuser/agv_ws/install/canopen:/home/vboxuser/agv_ws/install/canopen_402_driver:/home/vboxuser/agv_ws/install/canopen_proxy_driver:/home/vboxuser/agv_ws/install/canopen_master_driver:/home/vboxuser/agv_ws/install/canopen_fake_slaves:/home/vboxuser/agv_ws/install/canopen_base_driver:/home/vboxuser/agv_ws/install/canopen_core:/home/vboxuser/agv_ws/install/agv_py:/home/vboxuser/agv_ws/install/agv_controllers:/home/vboxuser/agv_ws/install/communication:/home/vboxuser/agv_ws/install/canopen_utils:/home/vboxuser/agv_ws/install/agv_py_functions:/home/vboxuser/bumperbot_ws/install/bumperbot_py_examples:/home/vboxuser/ros2_ws/install/my_py_pkg:/opt/ros/humble:/home/vboxuser/agv_ws/install/agv_controller:/home/vboxuser/agv_ws/install/agv:/home/vboxuser/bumperbot_ws/install/bumperbot_cpp_examples:/home/vboxuser/bumperbot_ws/install/bumperbot_msgs:/home/vboxuser/bumperbot_ws/install/bumperbot_description:/home/vboxuser/bumperbot_ws/install/bumperbot_controller:/home/vboxuser/ros2_ws/install/my_simulation LD_LIBRARY_PATH=/home/vboxuser/agv_ws/install/lely_core_libraries/lib:/home/vboxuser/agv_ws/install/canopen_interfaces/lib:/home/vboxuser/agv_ws/install/pgv100/lib:/home/vboxuser/agv_ws/install/canopen_ros2_controllers/lib:/home/vboxuser/agv_ws/install/canopen_ros2_control/lib:/home/vboxuser/agv_ws/install/canopen_402_driver/lib:/home/vboxuser/agv_ws/install/canopen_proxy_driver/lib:/home/vboxuser/agv_ws/install/canopen_master_driver/lib:/home/vboxuser/agv_ws/install/canopen_base_driver/lib:/home/vboxuser/agv_ws/install/canopen_core/lib:/home/vboxuser/bumperbot_ws/install/bumperbot_msgs/lib:/usr/lib/x86_64-linux-gnu/gazebo-11/plugins:/opt/ros/humble/opt/rviz_ogre_vendor/lib:/opt/ros/humble/lib/x86_64-linux-gnu:/opt/ros/humble/lib PYTHONPATH=/home/vboxuser/agv_ws/install/lely_core_libraries/lib/python3.10/site-packages:/home/vboxuser/agv_ws/install/pgv100/local/lib/python3.10/dist-packages:/home/vboxuser/agv_ws/install/lely_core_libraries/local/lib/python3.10/dist-packages:/home/vboxuser/agv_ws/install/communication/lib/python3.10/site-packages:/home/vboxuser/agv_ws/install/canopen_utils/lib/python3.10/site-packages:/home/vboxuser/agv_ws/install/canopen_interfaces/local/lib/python3.10/dist-packages:/home/vboxuser/agv_ws/install/agv_py_functions/lib/python3.10/site-packages:/home/vboxuser/agv_ws/install/agv_py/lib/python3.10/site-packages:/home/vboxuser/agv_ws/install/agv/lib/python3.10/site-packages:/home/vboxuser/bumperbot_ws/install/bumperbot_py_examples/lib/python3.10/site-packages:/home/vboxuser/bumperbot_ws/install/bumperbot_msgs/local/lib/python3.10/dist-packages:/home/vboxuser/bumperbot_ws/install/bumperbot_controller/local/lib/python3.10/dist-packages:/home/vboxuser/ros2_ws/install/my_py_pkg/lib/python3.10/site-packages:/opt/ros/humble/lib/python3.10/site-packages:/opt/ros/humble/local/lib/python3.10/dist-packages /usr/bin/cmake --build /home/vboxuser/agv_ws/build/canopen_core -- -j4 -l4
[136.331s] Invoking command in '/home/vboxuser/agv_ws/build/canopen_core': CMAKE_PREFIX_PATH=/home/vboxuser/agv_ws/install/lely_core_libraries:/home/vboxuser/agv_ws/install/canopen_interfaces:/home/vboxuser/agv_ws/install/pgv100:/home/vboxuser/agv_ws/install/panda_rviz_viewer:/home/vboxuser/agv_ws/install/panda_canopen:/home/vboxuser/agv_ws/install/my_simulation:/home/vboxuser/agv_ws/install/canopen_tests:/home/vboxuser/agv_ws/install/canopen_ros2_controllers:/home/vboxuser/agv_ws/install/canopen_ros2_control:/home/vboxuser/agv_ws/install/canopen_robot_control_example:/home/vboxuser/agv_ws/install/canopen_kinco3:/home/vboxuser/agv_ws/install/canopen_kinco2:/home/vboxuser/agv_ws/install/canopen_kinco:/home/vboxuser/agv_ws/install/canopen:/home/vboxuser/agv_ws/install/canopen_402_driver:/home/vboxuser/agv_ws/install/canopen_proxy_driver:/home/vboxuser/agv_ws/install/canopen_master_driver:/home/vboxuser/agv_ws/install/canopen_fake_slaves:/home/vboxuser/agv_ws/install/canopen_base_driver:/home/vboxuser/agv_ws/install/canopen_core:/home/vboxuser/agv_ws/install/agv_py:/home/vboxuser/agv_ws/install/agv_controllers:/home/vboxuser/agv_ws/install/communication:/home/vboxuser/agv_ws/install/canopen_utils:/home/vboxuser/agv_ws/install/agv_py_functions:/home/vboxuser/bumperbot_ws/install/bumperbot_py_examples:/home/vboxuser/ros2_ws/install/my_py_pkg:/opt/ros/humble:/home/vboxuser/agv_ws/install/agv_controller:/home/vboxuser/agv_ws/install/agv:/home/vboxuser/bumperbot_ws/install/bumperbot_cpp_examples:/home/vboxuser/bumperbot_ws/install/bumperbot_msgs:/home/vboxuser/bumperbot_ws/install/bumperbot_description:/home/vboxuser/bumperbot_ws/install/bumperbot_controller:/home/vboxuser/ros2_ws/install/my_simulation LD_LIBRARY_PATH=/home/vboxuser/agv_ws/install/lely_core_libraries/lib:/home/vboxuser/agv_ws/install/canopen_interfaces/lib:/home/vboxuser/agv_ws/install/pgv100/lib:/home/vboxuser/agv_ws/install/canopen_ros2_controllers/lib:/home/vboxuser/agv_ws/install/canopen_ros2_control/lib:/home/vboxuser/agv_ws/install/canopen_402_driver/lib:/home/vboxuser/agv_ws/install/canopen_proxy_driver/lib:/home/vboxuser/agv_ws/install/canopen_master_driver/lib:/home/vboxuser/agv_ws/install/canopen_base_driver/lib:/home/vboxuser/agv_ws/install/canopen_core/lib:/home/vboxuser/bumperbot_ws/install/bumperbot_msgs/lib:/usr/lib/x86_64-linux-gnu/gazebo-11/plugins:/opt/ros/humble/opt/rviz_ogre_vendor/lib:/opt/ros/humble/lib/x86_64-linux-gnu:/opt/ros/humble/lib PYTHONPATH=/home/vboxuser/agv_ws/install/lely_core_libraries/lib/python3.10/site-packages:/home/vboxuser/agv_ws/install/pgv100/local/lib/python3.10/dist-packages:/home/vboxuser/agv_ws/install/lely_core_libraries/local/lib/python3.10/dist-packages:/home/vboxuser/agv_ws/install/communication/lib/python3.10/site-packages:/home/vboxuser/agv_ws/install/canopen_utils/lib/python3.10/site-packages:/home/vboxuser/agv_ws/install/canopen_interfaces/local/lib/python3.10/dist-packages:/home/vboxuser/agv_ws/install/agv_py_functions/lib/python3.10/site-packages:/home/vboxuser/agv_ws/install/agv_py/lib/python3.10/site-packages:/home/vboxuser/agv_ws/install/agv/lib/python3.10/site-packages:/home/vboxuser/bumperbot_ws/install/bumperbot_py_examples/lib/python3.10/site-packages:/home/vboxuser/bumperbot_ws/install/bumperbot_msgs/local/lib/python3.10/dist-packages:/home/vboxuser/bumperbot_ws/install/bumperbot_controller/local/lib/python3.10/dist-packages:/home/vboxuser/ros2_ws/install/my_py_pkg/lib/python3.10/site-packages:/opt/ros/humble/lib/python3.10/site-packages:/opt/ros/humble/local/lib/python3.10/dist-packages /usr/bin/cmake --install /home/vboxuser/agv_ws/build/canopen_core
[136.348s] -- Install configuration: ""
[136.348s] -- Up-to-date: /home/vboxuser/agv_ws/install/canopen_core/include
[136.348s] -- Up-to-date: /home/vboxuser/agv_ws/install/canopen_core/include/canopen_core
[136.349s] -- Up-to-date: /home/vboxuser/agv_ws/install/canopen_core/include/canopen_core/device_container.hpp
[136.349s] -- Up-to-date: /home/vboxuser/agv_ws/install/canopen_core/include/canopen_core/visibility_control.h
[136.349s] -- Up-to-date: /home/vboxuser/agv_ws/install/canopen_core/include/canopen_core/lifecycle_manager.hpp
[136.350s] -- Up-to-date: /home/vboxuser/agv_ws/install/canopen_core/include/canopen_core/device_container_error.hpp
[136.350s] -- Up-to-date: /home/vboxuser/agv_ws/install/canopen_core/include/canopen_core/master_error.hpp
[136.350s] -- Up-to-date: /home/vboxuser/agv_ws/install/canopen_core/include/canopen_core/exchange.hpp
[136.350s] -- Up-to-date: /home/vboxuser/agv_ws/install/canopen_core/include/canopen_core/node_interfaces
[136.350s] -- Up-to-date: /home/vboxuser/agv_ws/install/canopen_core/include/canopen_core/node_interfaces/node_canopen_driver.hpp
[136.351s] -- Up-to-date: /home/vboxuser/agv_ws/install/canopen_core/include/canopen_core/node_interfaces/node_canopen_master.hpp
[136.351s] -- Up-to-date: /home/vboxuser/agv_ws/install/canopen_core/include/canopen_core/node_interfaces/node_canopen_driver_interface.hpp
[136.351s] -- Up-to-date: /home/vboxuser/agv_ws/install/canopen_core/include/canopen_core/node_interfaces/node_canopen_master_interface.hpp
[136.352s] -- Up-to-date: /home/vboxuser/agv_ws/install/canopen_core/include/canopen_core/configuration_manager.hpp
[136.352s] -- Up-to-date: /home/vboxuser/agv_ws/install/canopen_core/include/canopen_core/driver_error.hpp
[136.352s] -- Up-to-date: /home/vboxuser/agv_ws/install/canopen_core/include/canopen_core/driver_node.hpp
[136.352s] -- Up-to-date: /home/vboxuser/agv_ws/install/canopen_core/include/canopen_core/master_node.hpp
[136.357s] -- Up-to-date: /home/vboxuser/agv_ws/install/canopen_core/share/canopen_core/launch/
[136.359s] -- Up-to-date: /home/vboxuser/agv_ws/install/canopen_core/share/canopen_core/launch//canopen.launch.py
[136.362s] -- Installing: /home/vboxuser/agv_ws/install/canopen_core/lib/libnode_canopen_driver.so
[136.365s] -- Set runtime path of "/home/vboxuser/agv_ws/install/canopen_core/lib/libnode_canopen_driver.so" to ""
[136.366s] -- Installing: /home/vboxuser/agv_ws/install/canopen_core/lib/libnode_canopen_master.so
[136.368s] -- Set runtime path of "/home/vboxuser/agv_ws/install/canopen_core/lib/libnode_canopen_master.so" to ""
[136.370s] -- Installing: /home/vboxuser/agv_ws/install/canopen_core/lib/libdevice_container.so
[136.375s] -- Set runtime path of "/home/vboxuser/agv_ws/install/canopen_core/lib/libdevice_container.so" to ""
[136.377s] -- Installing: /home/vboxuser/agv_ws/install/canopen_core/lib/canopen_core/device_container_node
[136.379s] -- Set runtime path of "/home/vboxuser/agv_ws/install/canopen_core/lib/canopen_core/device_container_node" to ""
[136.380s] -- Up-to-date: /home/vboxuser/agv_ws/install/canopen_core/share/canopen_core/environment/library_path.sh
[136.380s] -- Up-to-date: /home/vboxuser/agv_ws/install/canopen_core/share/canopen_core/environment/library_path.dsv
[136.382s] -- Up-to-date: /home/vboxuser/agv_ws/install/canopen_core/share/ament_index/resource_index/package_run_dependencies/canopen_core
[136.383s] -- Up-to-date: /home/vboxuser/agv_ws/install/canopen_core/share/ament_index/resource_index/parent_prefix_path/canopen_core
[136.384s] -- Up-to-date: /home/vboxuser/agv_ws/install/canopen_core/share/canopen_core/environment/ament_prefix_path.sh
[136.385s] -- Up-to-date: /home/vboxuser/agv_ws/install/canopen_core/share/canopen_core/environment/ament_prefix_path.dsv
[136.388s] -- Up-to-date: /home/vboxuser/agv_ws/install/canopen_core/share/canopen_core/environment/path.sh
[136.388s] -- Up-to-date: /home/vboxuser/agv_ws/install/canopen_core/share/canopen_core/environment/path.dsv
[136.389s] -- Up-to-date: /home/vboxuser/agv_ws/install/canopen_core/share/canopen_core/local_setup.bash
[136.389s] -- Up-to-date: /home/vboxuser/agv_ws/install/canopen_core/share/canopen_core/local_setup.sh
[136.389s] -- Up-to-date: /home/vboxuser/agv_ws/install/canopen_core/share/canopen_core/local_setup.zsh
[136.390s] -- Up-to-date: /home/vboxuser/agv_ws/install/canopen_core/share/canopen_core/local_setup.dsv
[136.390s] -- Installing: /home/vboxuser/agv_ws/install/canopen_core/share/canopen_core/package.dsv
[136.391s] -- Up-to-date: /home/vboxuser/agv_ws/install/canopen_core/share/ament_index/resource_index/packages/canopen_core
[136.394s] -- Up-to-date: /home/vboxuser/agv_ws/install/canopen_core/share/canopen_core/cmake/export_canopen_coreExport.cmake
[136.394s] -- Up-to-date: /home/vboxuser/agv_ws/install/canopen_core/share/canopen_core/cmake/export_canopen_coreExport-noconfig.cmake
[136.394s] -- Up-to-date: /home/vboxuser/agv_ws/install/canopen_core/share/canopen_core/cmake/ConfigExtras.cmake
[136.394s] -- Up-to-date: /home/vboxuser/agv_ws/install/canopen_core/share/canopen_core/cmake/ament_cmake_export_include_directories-extras.cmake
[136.395s] -- Up-to-date: /home/vboxuser/agv_ws/install/canopen_core/share/canopen_core/cmake/ament_cmake_export_libraries-extras.cmake
[136.395s] -- Up-to-date: /home/vboxuser/agv_ws/install/canopen_core/share/canopen_core/cmake/ament_cmake_export_targets-extras.cmake
[136.395s] -- Up-to-date: /home/vboxuser/agv_ws/install/canopen_core/share/canopen_core/cmake/ament_cmake_export_dependencies-extras.cmake
[136.396s] -- Up-to-date: /home/vboxuser/agv_ws/install/canopen_core/share/canopen_core/cmake/canopen_coreConfig.cmake
[136.396s] -- Up-to-date: /home/vboxuser/agv_ws/install/canopen_core/share/canopen_core/cmake/canopen_coreConfig-version.cmake
[136.396s] -- Up-to-date: /home/vboxuser/agv_ws/install/canopen_core/share/canopen_core/package.xml
[136.405s] Invoked command in '/home/vboxuser/agv_ws/build/canopen_core' returned '0': CMAKE_PREFIX_PATH=/home/vboxuser/agv_ws/install/lely_core_libraries:/home/vboxuser/agv_ws/install/canopen_interfaces:/home/vboxuser/agv_ws/install/pgv100:/home/vboxuser/agv_ws/install/panda_rviz_viewer:/home/vboxuser/agv_ws/install/panda_canopen:/home/vboxuser/agv_ws/install/my_simulation:/home/vboxuser/agv_ws/install/canopen_tests:/home/vboxuser/agv_ws/install/canopen_ros2_controllers:/home/vboxuser/agv_ws/install/canopen_ros2_control:/home/vboxuser/agv_ws/install/canopen_robot_control_example:/home/vboxuser/agv_ws/install/canopen_kinco3:/home/vboxuser/agv_ws/install/canopen_kinco2:/home/vboxuser/agv_ws/install/canopen_kinco:/home/vboxuser/agv_ws/install/canopen:/home/vboxuser/agv_ws/install/canopen_402_driver:/home/vboxuser/agv_ws/install/canopen_proxy_driver:/home/vboxuser/agv_ws/install/canopen_master_driver:/home/vboxuser/agv_ws/install/canopen_fake_slaves:/home/vboxuser/agv_ws/install/canopen_base_driver:/home/vboxuser/agv_ws/install/canopen_core:/home/vboxuser/agv_ws/install/agv_py:/home/vboxuser/agv_ws/install/agv_controllers:/home/vboxuser/agv_ws/install/communication:/home/vboxuser/agv_ws/install/canopen_utils:/home/vboxuser/agv_ws/install/agv_py_functions:/home/vboxuser/bumperbot_ws/install/bumperbot_py_examples:/home/vboxuser/ros2_ws/install/my_py_pkg:/opt/ros/humble:/home/vboxuser/agv_ws/install/agv_controller:/home/vboxuser/agv_ws/install/agv:/home/vboxuser/bumperbot_ws/install/bumperbot_cpp_examples:/home/vboxuser/bumperbot_ws/install/bumperbot_msgs:/home/vboxuser/bumperbot_ws/install/bumperbot_description:/home/vboxuser/bumperbot_ws/install/bumperbot_controller:/home/vboxuser/ros2_ws/install/my_simulation LD_LIBRARY_PATH=/home/vboxuser/agv_ws/install/lely_core_libraries/lib:/home/vboxuser/agv_ws/install/canopen_interfaces/lib:/home/vboxuser/agv_ws/install/pgv100/lib:/home/vboxuser/agv_ws/install/canopen_ros2_controllers/lib:/home/vboxuser/agv_ws/install/canopen_ros2_control/lib:/home/vboxuser/agv_ws/install/canopen_402_driver/lib:/home/vboxuser/agv_ws/install/canopen_proxy_driver/lib:/home/vboxuser/agv_ws/install/canopen_master_driver/lib:/home/vboxuser/agv_ws/install/canopen_base_driver/lib:/home/vboxuser/agv_ws/install/canopen_core/lib:/home/vboxuser/bumperbot_ws/install/bumperbot_msgs/lib:/usr/lib/x86_64-linux-gnu/gazebo-11/plugins:/opt/ros/humble/opt/rviz_ogre_vendor/lib:/opt/ros/humble/lib/x86_64-linux-gnu:/opt/ros/humble/lib PYTHONPATH=/home/vboxuser/agv_ws/install/lely_core_libraries/lib/python3.10/site-packages:/home/vboxuser/agv_ws/install/pgv100/local/lib/python3.10/dist-packages:/home/vboxuser/agv_ws/install/lely_core_libraries/local/lib/python3.10/dist-packages:/home/vboxuser/agv_ws/install/communication/lib/python3.10/site-packages:/home/vboxuser/agv_ws/install/canopen_utils/lib/python3.10/site-packages:/home/vboxuser/agv_ws/install/canopen_interfaces/local/lib/python3.10/dist-packages:/home/vboxuser/agv_ws/install/agv_py_functions/lib/python3.10/site-packages:/home/vboxuser/agv_ws/install/agv_py/lib/python3.10/site-packages:/home/vboxuser/agv_ws/install/agv/lib/python3.10/site-packages:/home/vboxuser/bumperbot_ws/install/bumperbot_py_examples/lib/python3.10/site-packages:/home/vboxuser/bumperbot_ws/install/bumperbot_msgs/local/lib/python3.10/dist-packages:/home/vboxuser/bumperbot_ws/install/bumperbot_controller/local/lib/python3.10/dist-packages:/home/vboxuser/ros2_ws/install/my_py_pkg/lib/python3.10/site-packages:/opt/ros/humble/lib/python3.10/site-packages:/opt/ros/humble/local/lib/python3.10/dist-packages /usr/bin/cmake --install /home/vboxuser/agv_ws/build/canopen_core
