Built target robot_control_prepare
/home/vboxuser/agv_ws/install/lely_core_libraries/lib/python3.10/site-packages/dcfgen/cli.py:565: UserWarning: joint_1: specified revision number differs from DCF
  slave = Slave.from_config(name, cfg[name], options, args)
/home/vboxuser/agv_ws/install/lely_core_libraries/lib/python3.10/site-packages/dcfgen/cli.py:565: UserWarning: joint_2: specified revision number differs from DCF
  slave = Slave.from_config(name, cfg[name], options, args)
joint_1: writing 4 bytes to 0x1400/1: 01 02 00 80
joint_1: writing 4 bytes to 0x1600/1: 10 00 40 60
joint_1: writing 4 bytes to 0x1600/2: 08 00 60 60
joint_1: writing 1 bytes to 0x1600/0: 02
joint_1: writing 4 bytes to 0x1400/1: 01 02 00 00
joint_1: writing 4 bytes to 0x1401/1: 01 03 00 80
joint_1: writing 4 bytes to 0x1601/1: 20 00 7A 60
joint_1: writing 4 bytes to 0x1601/2: 20 00 FF 60
joint_1: writing 1 bytes to 0x1601/0: 02
joint_1: writing 4 bytes to 0x1401/1: 01 03 00 00
joint_1: writing 4 bytes to 0x1800/1: 81 01 00 80
joint_1: writing 1 bytes to 0x1800/2: 01
joint_1: writing 1 bytes to 0x1A00/0: 00
joint_1: writing 4 bytes to 0x1A00/1: 10 00 41 60
joint_1: writing 4 bytes to 0x1A00/2: 08 00 61 60
joint_1: writing 1 bytes to 0x1A00/0: 02
joint_1: writing 4 bytes to 0x1800/1: 81 01 00 00
joint_1: writing 4 bytes to 0x1801/1: 81 02 00 80
joint_1: writing 1 bytes to 0x1801/2: 01
joint_1: writing 4 bytes to 0x1A01/1: 10 00 6C 60
joint_1: writing 1 bytes to 0x1A01/0: 01
joint_1: writing 4 bytes to 0x1801/1: 81 02 00 00
joint_1: writing 4 bytes to 0x6081/0: E8 03 00 00
joint_1: writing 4 bytes to 0x6083/0: D0 07 00 00
joint_1: writing 1 bytes to 0x6060/0: 07
joint_2: writing 4 bytes to 0x1400/1: 02 02 00 80
joint_2: writing 4 bytes to 0x1600/1: 10 00 40 60
joint_2: writing 4 bytes to 0x1600/2: 08 00 60 60
joint_2: writing 1 bytes to 0x1600/0: 02
joint_2: writing 4 bytes to 0x1400/1: 02 02 00 00
joint_2: writing 4 bytes to 0x1401/1: 02 03 00 80
joint_2: writing 4 bytes to 0x1601/1: 20 00 7A 60
joint_2: writing 4 bytes to 0x1601/2: 20 00 FF 60
joint_2: writing 1 bytes to 0x1601/0: 02
joint_2: writing 4 bytes to 0x1401/1: 02 03 00 00
joint_2: writing 4 bytes to 0x1800/1: 82 01 00 80
joint_2: writing 1 bytes to 0x1800/2: 01
joint_2: writing 1 bytes to 0x1A00/0: 00
joint_2: writing 4 bytes to 0x1A00/1: 10 00 41 60
joint_2: writing 4 bytes to 0x1A00/2: 08 00 61 60
joint_2: writing 1 bytes to 0x1A00/0: 02
joint_2: writing 4 bytes to 0x1800/1: 82 01 00 00
joint_2: writing 4 bytes to 0x1801/1: 82 02 00 80
joint_2: writing 1 bytes to 0x1801/2: 01
joint_2: writing 4 bytes to 0x1A01/1: 10 00 6C 60
joint_2: writing 1 bytes to 0x1A01/0: 01
joint_2: writing 4 bytes to 0x1801/1: 82 02 00 00
joint_2: writing 4 bytes to 0x6081/0: E8 03 00 00
joint_2: writing 4 bytes to 0x6083/0: D0 07 00 00
joint_2: writing 1 bytes to 0x6060/0: 07
Built target robot_control
-- Install configuration: ""
-- Up-to-date: /home/vboxuser/agv_ws/install/canopen_kinco2/share/canopen_kinco2/config/robot_control/
-- Installing: /home/vboxuser/agv_ws/install/canopen_kinco2/share/canopen_kinco2/config/robot_control//cia402_slave.eds
-- Installing: /home/vboxuser/agv_ws/install/canopen_kinco2/share/canopen_kinco2/config/robot_control//KincoCMDriver.eds
-- Installing: /home/vboxuser/agv_ws/install/canopen_kinco2/share/canopen_kinco2/config/robot_control//ros2_controllers.yaml
-- Installing: /home/vboxuser/agv_ws/install/canopen_kinco2/share/canopen_kinco2/config/robot_control//bus.yml.ori
-- Up-to-date: /home/vboxuser/agv_ws/install/canopen_kinco2/share/canopen_kinco2/config/robot_control/
-- Installing: /home/vboxuser/agv_ws/install/canopen_kinco2/share/canopen_kinco2/config/robot_control//joint_1.bin
-- Installing: /home/vboxuser/agv_ws/install/canopen_kinco2/share/canopen_kinco2/config/robot_control//bus.yml
-- Installing: /home/vboxuser/agv_ws/install/canopen_kinco2/share/canopen_kinco2/config/robot_control//joint_2.bin
-- Installing: /home/vboxuser/agv_ws/install/canopen_kinco2/share/canopen_kinco2/config/robot_control//preprocessed_bus.yml
-- Installing: /home/vboxuser/agv_ws/install/canopen_kinco2/share/canopen_kinco2/config/robot_control//master.dcf
-- Up-to-date: /home/vboxuser/agv_ws/install/canopen_kinco2/share/canopen_kinco2/launch
-- Up-to-date: /home/vboxuser/agv_ws/install/canopen_kinco2/share/canopen_kinco2/launch/robot_control2.launch.py
-- Up-to-date: /home/vboxuser/agv_ws/install/canopen_kinco2/share/canopen_kinco2/urdf
-- Up-to-date: /home/vboxuser/agv_ws/install/canopen_kinco2/share/canopen_kinco2/urdf/canopen_system
-- Up-to-date: /home/vboxuser/agv_ws/install/canopen_kinco2/share/canopen_kinco2/urdf/canopen_system/canopen_system.urdf.xacro
-- Up-to-date: /home/vboxuser/agv_ws/install/canopen_kinco2/share/canopen_kinco2/urdf/canopen_system/canopen_system.ros2_control.xacro
-- Up-to-date: /home/vboxuser/agv_ws/install/canopen_kinco2/share/canopen_kinco2/urdf/cia402_system
-- Up-to-date: /home/vboxuser/agv_ws/install/canopen_kinco2/share/canopen_kinco2/urdf/cia402_system/cia402_system.urdf.xacro
-- Up-to-date: /home/vboxuser/agv_ws/install/canopen_kinco2/share/canopen_kinco2/urdf/cia402_system/cia402_system.ros2_control.xacro
-- Up-to-date: /home/vboxuser/agv_ws/install/canopen_kinco2/share/canopen_kinco2/urdf/robot_controller
-- Up-to-date: /home/vboxuser/agv_ws/install/canopen_kinco2/share/canopen_kinco2/urdf/robot_controller/robot_controller.urdf.xacro
-- Up-to-date: /home/vboxuser/agv_ws/install/canopen_kinco2/share/canopen_kinco2/urdf/robot_controller/robot_controller.macro.xacro
-- Up-to-date: /home/vboxuser/agv_ws/install/canopen_kinco2/share/canopen_kinco2/urdf/robot_controller/robot_controller.ros2_control.xacro
-- Up-to-date: /home/vboxuser/agv_ws/install/canopen_kinco2/share/ament_index/resource_index/package_run_dependencies/canopen_kinco2
-- Up-to-date: /home/vboxuser/agv_ws/install/canopen_kinco2/share/ament_index/resource_index/parent_prefix_path/canopen_kinco2
-- Installing: /home/vboxuser/agv_ws/install/canopen_kinco2/share/canopen_kinco2/environment/ament_prefix_path.sh
-- Up-to-date: /home/vboxuser/agv_ws/install/canopen_kinco2/share/canopen_kinco2/environment/ament_prefix_path.dsv
-- Installing: /home/vboxuser/agv_ws/install/canopen_kinco2/share/canopen_kinco2/environment/path.sh
-- Up-to-date: /home/vboxuser/agv_ws/install/canopen_kinco2/share/canopen_kinco2/environment/path.dsv
-- Up-to-date: /home/vboxuser/agv_ws/install/canopen_kinco2/share/canopen_kinco2/local_setup.bash
-- Up-to-date: /home/vboxuser/agv_ws/install/canopen_kinco2/share/canopen_kinco2/local_setup.sh
-- Up-to-date: /home/vboxuser/agv_ws/install/canopen_kinco2/share/canopen_kinco2/local_setup.zsh
-- Up-to-date: /home/vboxuser/agv_ws/install/canopen_kinco2/share/canopen_kinco2/local_setup.dsv
-- Installing: /home/vboxuser/agv_ws/install/canopen_kinco2/share/canopen_kinco2/package.dsv
-- Up-to-date: /home/vboxuser/agv_ws/install/canopen_kinco2/share/ament_index/resource_index/packages/canopen_kinco2
-- Up-to-date: /home/vboxuser/agv_ws/install/canopen_kinco2/share/canopen_kinco2/cmake/canopen_kinco2Config.cmake
-- Up-to-date: /home/vboxuser/agv_ws/install/canopen_kinco2/share/canopen_kinco2/cmake/canopen_kinco2Config-version.cmake
-- Up-to-date: /home/vboxuser/agv_ws/install/canopen_kinco2/share/canopen_kinco2/package.xml
