[0.162s] Invoking command in '/home/vboxuser/agv_ws/build/canopen_kinco2': CMAKE_PREFIX_PATH=/home/vboxuser/agv_ws/install/canopen:/home/vboxuser/agv_ws/install/canopen_402_driver:/home/vboxuser/agv_ws/install/canopen_proxy_driver:/home/vboxuser/agv_ws/install/canopen_base_driver:/home/vboxuser/agv_ws/install/canopen_core:/home/vboxuser/agv_ws/install/lely_core_libraries:/home/vboxuser/agv_ws/install/canopen_interfaces:/home/vboxuser/agv_ws/install/pgv100:/home/vboxuser/agv_ws/install/panda_rviz_viewer:/home/vboxuser/agv_ws/install/panda_canopen:/home/vboxuser/agv_ws/install/my_simulation:/home/vboxuser/agv_ws/install/canopen_tests:/home/vboxuser/agv_ws/install/canopen_ros2_controllers:/home/vboxuser/agv_ws/install/canopen_ros2_control:/home/vboxuser/agv_ws/install/canopen_robot_control_example:/home/vboxuser/agv_ws/install/canopen_kinco3:/home/vboxuser/agv_ws/install/canopen_kinco2:/home/vboxuser/agv_ws/install/canopen_kinco:/home/vboxuser/agv_ws/install/canopen_master_driver:/home/vboxuser/agv_ws/install/canopen_fake_slaves:/home/vboxuser/agv_ws/install/agv_py:/home/vboxuser/agv_ws/install/agv_controllers:/home/vboxuser/agv_ws/install/communication:/home/vboxuser/agv_ws/install/canopen_utils:/home/vboxuser/agv_ws/install/agv_py_functions:/home/vboxuser/install/my_py_pkg:/home/vboxuser/install/agv_py_functions:/home/vboxuser/bumperbot_ws/install/bumperbot_py_examples:/home/vboxuser/ros2_ws/install/my_py_pkg:/opt/ros/humble:/home/vboxuser/agv_ws/install/agv_controller:/home/vboxuser/agv_ws/install/agv:/home/vboxuser/install/agv:/home/vboxuser/bumperbot_ws/install/bumperbot_cpp_examples:/home/vboxuser/bumperbot_ws/install/bumperbot_msgs:/home/vboxuser/bumperbot_ws/install/bumperbot_description:/home/vboxuser/bumperbot_ws/install/bumperbot_controller:/home/vboxuser/ros2_ws/install/my_simulation LD_LIBRARY_PATH=/home/vboxuser/agv_ws/install/canopen_402_driver/lib:/home/vboxuser/agv_ws/install/canopen_proxy_driver/lib:/home/vboxuser/agv_ws/install/canopen_base_driver/lib:/home/vboxuser/agv_ws/install/canopen_core/lib:/home/vboxuser/agv_ws/install/lely_core_libraries/lib:/home/vboxuser/agv_ws/install/canopen_interfaces/lib:/home/vboxuser/agv_ws/install/pgv100/lib:/home/vboxuser/agv_ws/install/canopen_ros2_controllers/lib:/home/vboxuser/agv_ws/install/canopen_ros2_control/lib:/home/vboxuser/agv_ws/install/canopen_master_driver/lib:/home/vboxuser/bumperbot_ws/install/bumperbot_msgs/lib:/usr/lib/x86_64-linux-gnu/gazebo-11/plugins:/opt/ros/humble/opt/rviz_ogre_vendor/lib:/opt/ros/humble/lib/x86_64-linux-gnu:/opt/ros/humble/lib PYTHONPATH=/home/vboxuser/agv_ws/install/lely_core_libraries/lib/python3.10/site-packages:/home/vboxuser/agv_ws/install/pgv100/local/lib/python3.10/dist-packages:/home/vboxuser/agv_ws/install/lely_core_libraries/local/lib/python3.10/dist-packages:/home/vboxuser/agv_ws/install/communication/lib/python3.10/site-packages:/home/vboxuser/agv_ws/install/canopen_utils/lib/python3.10/site-packages:/home/vboxuser/agv_ws/install/canopen_interfaces/local/lib/python3.10/dist-packages:/home/vboxuser/agv_ws/install/agv_py_functions/lib/python3.10/site-packages:/home/vboxuser/agv_ws/install/agv_py/lib/python3.10/site-packages:/home/vboxuser/agv_ws/install/agv/lib/python3.10/site-packages:/home/vboxuser/install/my_py_pkg/lib/python3.10/site-packages:/home/vboxuser/install/agv_py_functions/lib/python3.10/site-packages:/home/vboxuser/bumperbot_ws/install/bumperbot_py_examples/lib/python3.10/site-packages:/home/vboxuser/bumperbot_ws/install/bumperbot_msgs/local/lib/python3.10/dist-packages:/home/vboxuser/bumperbot_ws/install/bumperbot_controller/local/lib/python3.10/dist-packages:/home/vboxuser/ros2_ws/install/my_py_pkg/lib/python3.10/site-packages:/opt/ros/humble/lib/python3.10/site-packages:/opt/ros/humble/local/lib/python3.10/dist-packages /usr/bin/cmake --build /home/vboxuser/agv_ws/build/canopen_kinco2 -- -j4 -l4
[0.509s] Built target robot_control_prepare
[4.025s] /home/vboxuser/agv_ws/install/lely_core_libraries/lib/python3.10/site-packages/dcfgen/cli.py:565: UserWarning: joint_1: specified revision number differs from DCF
[4.025s]   slave = Slave.from_config(name, cfg[name], options, args)
[4.655s] /home/vboxuser/agv_ws/install/lely_core_libraries/lib/python3.10/site-packages/dcfgen/cli.py:565: UserWarning: joint_2: specified revision number differs from DCF
[4.655s]   slave = Slave.from_config(name, cfg[name], options, args)
[4.655s] joint_1: writing 4 bytes to 0x1400/1: 01 02 00 80
[4.656s] joint_1: writing 4 bytes to 0x1600/1: 10 00 40 60
[4.666s] joint_1: writing 4 bytes to 0x1600/2: 08 00 60 60
[4.666s] joint_1: writing 1 bytes to 0x1600/0: 02
[4.667s] joint_1: writing 4 bytes to 0x1400/1: 01 02 00 00
[4.667s] joint_1: writing 4 bytes to 0x1401/1: 01 03 00 80
[4.667s] joint_1: writing 4 bytes to 0x1601/1: 20 00 7A 60
[4.667s] joint_1: writing 4 bytes to 0x1601/2: 20 00 FF 60
[4.667s] joint_1: writing 1 bytes to 0x1601/0: 02
[4.668s] joint_1: writing 4 bytes to 0x1401/1: 01 03 00 00
[4.668s] joint_1: writing 4 bytes to 0x1800/1: 81 01 00 80
[4.668s] joint_1: writing 1 bytes to 0x1800/2: 01
[4.668s] joint_1: writing 1 bytes to 0x1A00/0: 00
[4.668s] joint_1: writing 4 bytes to 0x1A00/1: 10 00 41 60
[4.668s] joint_1: writing 4 bytes to 0x1A00/2: 08 00 61 60
[4.668s] joint_1: writing 1 bytes to 0x1A00/0: 02
[4.669s] joint_1: writing 4 bytes to 0x1800/1: 81 01 00 00
[4.669s] joint_1: writing 4 bytes to 0x1801/1: 81 02 00 80
[4.669s] joint_1: writing 1 bytes to 0x1801/2: 01
[4.669s] joint_1: writing 4 bytes to 0x1A01/1: 10 00 6C 60
[4.669s] joint_1: writing 1 bytes to 0x1A01/0: 01
[4.669s] joint_1: writing 4 bytes to 0x1801/1: 81 02 00 00
[4.670s] joint_1: writing 4 bytes to 0x6081/0: E8 03 00 00
[4.670s] joint_1: writing 4 bytes to 0x6083/0: D0 07 00 00
[4.670s] joint_1: writing 1 bytes to 0x6060/0: 07
[4.670s] joint_2: writing 4 bytes to 0x1400/1: 02 02 00 80
[4.670s] joint_2: writing 4 bytes to 0x1600/1: 10 00 40 60
[4.670s] joint_2: writing 4 bytes to 0x1600/2: 08 00 60 60
[4.670s] joint_2: writing 1 bytes to 0x1600/0: 02
[4.671s] joint_2: writing 4 bytes to 0x1400/1: 02 02 00 00
[4.671s] joint_2: writing 4 bytes to 0x1401/1: 02 03 00 80
[4.671s] joint_2: writing 4 bytes to 0x1601/1: 20 00 7A 60
[4.671s] joint_2: writing 4 bytes to 0x1601/2: 20 00 FF 60
[4.671s] joint_2: writing 1 bytes to 0x1601/0: 02
[4.671s] joint_2: writing 4 bytes to 0x1401/1: 02 03 00 00
[4.671s] joint_2: writing 4 bytes to 0x1800/1: 82 01 00 80
[4.672s] joint_2: writing 1 bytes to 0x1800/2: 01
[4.672s] joint_2: writing 1 bytes to 0x1A00/0: 00
[4.672s] joint_2: writing 4 bytes to 0x1A00/1: 10 00 41 60
[4.672s] joint_2: writing 4 bytes to 0x1A00/2: 08 00 61 60
[4.672s] joint_2: writing 1 bytes to 0x1A00/0: 02
[4.672s] joint_2: writing 4 bytes to 0x1800/1: 82 01 00 00
[4.673s] joint_2: writing 4 bytes to 0x1801/1: 82 02 00 80
[4.673s] joint_2: writing 1 bytes to 0x1801/2: 01
[4.673s] joint_2: writing 4 bytes to 0x1A01/1: 10 00 6C 60
[4.673s] joint_2: writing 1 bytes to 0x1A01/0: 01
[4.673s] joint_2: writing 4 bytes to 0x1801/1: 82 02 00 00
[4.673s] joint_2: writing 4 bytes to 0x6081/0: E8 03 00 00
[4.674s] joint_2: writing 4 bytes to 0x6083/0: D0 07 00 00
[4.674s] joint_2: writing 1 bytes to 0x6060/0: 07
[5.631s] Built target robot_control
[5.669s] Invoked command in '/home/vboxuser/agv_ws/build/canopen_kinco2' returned '0': CMAKE_PREFIX_PATH=/home/vboxuser/agv_ws/install/canopen:/home/vboxuser/agv_ws/install/canopen_402_driver:/home/vboxuser/agv_ws/install/canopen_proxy_driver:/home/vboxuser/agv_ws/install/canopen_base_driver:/home/vboxuser/agv_ws/install/canopen_core:/home/vboxuser/agv_ws/install/lely_core_libraries:/home/vboxuser/agv_ws/install/canopen_interfaces:/home/vboxuser/agv_ws/install/pgv100:/home/vboxuser/agv_ws/install/panda_rviz_viewer:/home/vboxuser/agv_ws/install/panda_canopen:/home/vboxuser/agv_ws/install/my_simulation:/home/vboxuser/agv_ws/install/canopen_tests:/home/vboxuser/agv_ws/install/canopen_ros2_controllers:/home/vboxuser/agv_ws/install/canopen_ros2_control:/home/vboxuser/agv_ws/install/canopen_robot_control_example:/home/vboxuser/agv_ws/install/canopen_kinco3:/home/vboxuser/agv_ws/install/canopen_kinco2:/home/vboxuser/agv_ws/install/canopen_kinco:/home/vboxuser/agv_ws/install/canopen_master_driver:/home/vboxuser/agv_ws/install/canopen_fake_slaves:/home/vboxuser/agv_ws/install/agv_py:/home/vboxuser/agv_ws/install/agv_controllers:/home/vboxuser/agv_ws/install/communication:/home/vboxuser/agv_ws/install/canopen_utils:/home/vboxuser/agv_ws/install/agv_py_functions:/home/vboxuser/install/my_py_pkg:/home/vboxuser/install/agv_py_functions:/home/vboxuser/bumperbot_ws/install/bumperbot_py_examples:/home/vboxuser/ros2_ws/install/my_py_pkg:/opt/ros/humble:/home/vboxuser/agv_ws/install/agv_controller:/home/vboxuser/agv_ws/install/agv:/home/vboxuser/install/agv:/home/vboxuser/bumperbot_ws/install/bumperbot_cpp_examples:/home/vboxuser/bumperbot_ws/install/bumperbot_msgs:/home/vboxuser/bumperbot_ws/install/bumperbot_description:/home/vboxuser/bumperbot_ws/install/bumperbot_controller:/home/vboxuser/ros2_ws/install/my_simulation LD_LIBRARY_PATH=/home/vboxuser/agv_ws/install/canopen_402_driver/lib:/home/vboxuser/agv_ws/install/canopen_proxy_driver/lib:/home/vboxuser/agv_ws/install/canopen_base_driver/lib:/home/vboxuser/agv_ws/install/canopen_core/lib:/home/vboxuser/agv_ws/install/lely_core_libraries/lib:/home/vboxuser/agv_ws/install/canopen_interfaces/lib:/home/vboxuser/agv_ws/install/pgv100/lib:/home/vboxuser/agv_ws/install/canopen_ros2_controllers/lib:/home/vboxuser/agv_ws/install/canopen_ros2_control/lib:/home/vboxuser/agv_ws/install/canopen_master_driver/lib:/home/vboxuser/bumperbot_ws/install/bumperbot_msgs/lib:/usr/lib/x86_64-linux-gnu/gazebo-11/plugins:/opt/ros/humble/opt/rviz_ogre_vendor/lib:/opt/ros/humble/lib/x86_64-linux-gnu:/opt/ros/humble/lib PYTHONPATH=/home/vboxuser/agv_ws/install/lely_core_libraries/lib/python3.10/site-packages:/home/vboxuser/agv_ws/install/pgv100/local/lib/python3.10/dist-packages:/home/vboxuser/agv_ws/install/lely_core_libraries/local/lib/python3.10/dist-packages:/home/vboxuser/agv_ws/install/communication/lib/python3.10/site-packages:/home/vboxuser/agv_ws/install/canopen_utils/lib/python3.10/site-packages:/home/vboxuser/agv_ws/install/canopen_interfaces/local/lib/python3.10/dist-packages:/home/vboxuser/agv_ws/install/agv_py_functions/lib/python3.10/site-packages:/home/vboxuser/agv_ws/install/agv_py/lib/python3.10/site-packages:/home/vboxuser/agv_ws/install/agv/lib/python3.10/site-packages:/home/vboxuser/install/my_py_pkg/lib/python3.10/site-packages:/home/vboxuser/install/agv_py_functions/lib/python3.10/site-packages:/home/vboxuser/bumperbot_ws/install/bumperbot_py_examples/lib/python3.10/site-packages:/home/vboxuser/bumperbot_ws/install/bumperbot_msgs/local/lib/python3.10/dist-packages:/home/vboxuser/bumperbot_ws/install/bumperbot_controller/local/lib/python3.10/dist-packages:/home/vboxuser/ros2_ws/install/my_py_pkg/lib/python3.10/site-packages:/opt/ros/humble/lib/python3.10/site-packages:/opt/ros/humble/local/lib/python3.10/dist-packages /usr/bin/cmake --build /home/vboxuser/agv_ws/build/canopen_kinco2 -- -j4 -l4
[5.925s] Invoking command in '/home/vboxuser/agv_ws/build/canopen_kinco2': CMAKE_PREFIX_PATH=/home/vboxuser/agv_ws/install/canopen:/home/vboxuser/agv_ws/install/canopen_402_driver:/home/vboxuser/agv_ws/install/canopen_proxy_driver:/home/vboxuser/agv_ws/install/canopen_base_driver:/home/vboxuser/agv_ws/install/canopen_core:/home/vboxuser/agv_ws/install/lely_core_libraries:/home/vboxuser/agv_ws/install/canopen_interfaces:/home/vboxuser/agv_ws/install/pgv100:/home/vboxuser/agv_ws/install/panda_rviz_viewer:/home/vboxuser/agv_ws/install/panda_canopen:/home/vboxuser/agv_ws/install/my_simulation:/home/vboxuser/agv_ws/install/canopen_tests:/home/vboxuser/agv_ws/install/canopen_ros2_controllers:/home/vboxuser/agv_ws/install/canopen_ros2_control:/home/vboxuser/agv_ws/install/canopen_robot_control_example:/home/vboxuser/agv_ws/install/canopen_kinco3:/home/vboxuser/agv_ws/install/canopen_kinco2:/home/vboxuser/agv_ws/install/canopen_kinco:/home/vboxuser/agv_ws/install/canopen_master_driver:/home/vboxuser/agv_ws/install/canopen_fake_slaves:/home/vboxuser/agv_ws/install/agv_py:/home/vboxuser/agv_ws/install/agv_controllers:/home/vboxuser/agv_ws/install/communication:/home/vboxuser/agv_ws/install/canopen_utils:/home/vboxuser/agv_ws/install/agv_py_functions:/home/vboxuser/install/my_py_pkg:/home/vboxuser/install/agv_py_functions:/home/vboxuser/bumperbot_ws/install/bumperbot_py_examples:/home/vboxuser/ros2_ws/install/my_py_pkg:/opt/ros/humble:/home/vboxuser/agv_ws/install/agv_controller:/home/vboxuser/agv_ws/install/agv:/home/vboxuser/install/agv:/home/vboxuser/bumperbot_ws/install/bumperbot_cpp_examples:/home/vboxuser/bumperbot_ws/install/bumperbot_msgs:/home/vboxuser/bumperbot_ws/install/bumperbot_description:/home/vboxuser/bumperbot_ws/install/bumperbot_controller:/home/vboxuser/ros2_ws/install/my_simulation LD_LIBRARY_PATH=/home/vboxuser/agv_ws/install/canopen_402_driver/lib:/home/vboxuser/agv_ws/install/canopen_proxy_driver/lib:/home/vboxuser/agv_ws/install/canopen_base_driver/lib:/home/vboxuser/agv_ws/install/canopen_core/lib:/home/vboxuser/agv_ws/install/lely_core_libraries/lib:/home/vboxuser/agv_ws/install/canopen_interfaces/lib:/home/vboxuser/agv_ws/install/pgv100/lib:/home/vboxuser/agv_ws/install/canopen_ros2_controllers/lib:/home/vboxuser/agv_ws/install/canopen_ros2_control/lib:/home/vboxuser/agv_ws/install/canopen_master_driver/lib:/home/vboxuser/bumperbot_ws/install/bumperbot_msgs/lib:/usr/lib/x86_64-linux-gnu/gazebo-11/plugins:/opt/ros/humble/opt/rviz_ogre_vendor/lib:/opt/ros/humble/lib/x86_64-linux-gnu:/opt/ros/humble/lib PYTHONPATH=/home/vboxuser/agv_ws/install/lely_core_libraries/lib/python3.10/site-packages:/home/vboxuser/agv_ws/install/pgv100/local/lib/python3.10/dist-packages:/home/vboxuser/agv_ws/install/lely_core_libraries/local/lib/python3.10/dist-packages:/home/vboxuser/agv_ws/install/communication/lib/python3.10/site-packages:/home/vboxuser/agv_ws/install/canopen_utils/lib/python3.10/site-packages:/home/vboxuser/agv_ws/install/canopen_interfaces/local/lib/python3.10/dist-packages:/home/vboxuser/agv_ws/install/agv_py_functions/lib/python3.10/site-packages:/home/vboxuser/agv_ws/install/agv_py/lib/python3.10/site-packages:/home/vboxuser/agv_ws/install/agv/lib/python3.10/site-packages:/home/vboxuser/install/my_py_pkg/lib/python3.10/site-packages:/home/vboxuser/install/agv_py_functions/lib/python3.10/site-packages:/home/vboxuser/bumperbot_ws/install/bumperbot_py_examples/lib/python3.10/site-packages:/home/vboxuser/bumperbot_ws/install/bumperbot_msgs/local/lib/python3.10/dist-packages:/home/vboxuser/bumperbot_ws/install/bumperbot_controller/local/lib/python3.10/dist-packages:/home/vboxuser/ros2_ws/install/my_py_pkg/lib/python3.10/site-packages:/opt/ros/humble/lib/python3.10/site-packages:/opt/ros/humble/local/lib/python3.10/dist-packages /usr/bin/cmake --install /home/vboxuser/agv_ws/build/canopen_kinco2
[5.969s] -- Install configuration: ""
[5.969s] -- Up-to-date: /home/vboxuser/agv_ws/install/canopen_kinco2/share/canopen_kinco2/config/robot_control/
[5.969s] -- Installing: /home/vboxuser/agv_ws/install/canopen_kinco2/share/canopen_kinco2/config/robot_control//cia402_slave.eds
[5.971s] -- Installing: /home/vboxuser/agv_ws/install/canopen_kinco2/share/canopen_kinco2/config/robot_control//KincoCMDriver.eds
[5.971s] -- Installing: /home/vboxuser/agv_ws/install/canopen_kinco2/share/canopen_kinco2/config/robot_control//ros2_controllers.yaml
[5.971s] -- Installing: /home/vboxuser/agv_ws/install/canopen_kinco2/share/canopen_kinco2/config/robot_control//bus.yml.ori
[5.973s] -- Up-to-date: /home/vboxuser/agv_ws/install/canopen_kinco2/share/canopen_kinco2/config/robot_control/
[5.973s] -- Installing: /home/vboxuser/agv_ws/install/canopen_kinco2/share/canopen_kinco2/config/robot_control//joint_1.bin
[5.974s] -- Installing: /home/vboxuser/agv_ws/install/canopen_kinco2/share/canopen_kinco2/config/robot_control//bus.yml
[5.974s] -- Installing: /home/vboxuser/agv_ws/install/canopen_kinco2/share/canopen_kinco2/config/robot_control//joint_2.bin
[5.974s] -- Installing: /home/vboxuser/agv_ws/install/canopen_kinco2/share/canopen_kinco2/config/robot_control//preprocessed_bus.yml
[5.974s] -- Installing: /home/vboxuser/agv_ws/install/canopen_kinco2/share/canopen_kinco2/config/robot_control//master.dcf
[5.974s] -- Up-to-date: /home/vboxuser/agv_ws/install/canopen_kinco2/share/canopen_kinco2/launch
[5.974s] -- Up-to-date: /home/vboxuser/agv_ws/install/canopen_kinco2/share/canopen_kinco2/launch/robot_control2.launch.py
[5.975s] -- Up-to-date: /home/vboxuser/agv_ws/install/canopen_kinco2/share/canopen_kinco2/urdf
[5.975s] -- Up-to-date: /home/vboxuser/agv_ws/install/canopen_kinco2/share/canopen_kinco2/urdf/canopen_system
[5.976s] -- Up-to-date: /home/vboxuser/agv_ws/install/canopen_kinco2/share/canopen_kinco2/urdf/canopen_system/canopen_system.urdf.xacro
[5.976s] -- Up-to-date: /home/vboxuser/agv_ws/install/canopen_kinco2/share/canopen_kinco2/urdf/canopen_system/canopen_system.ros2_control.xacro
[5.976s] -- Up-to-date: /home/vboxuser/agv_ws/install/canopen_kinco2/share/canopen_kinco2/urdf/cia402_system
[5.977s] -- Up-to-date: /home/vboxuser/agv_ws/install/canopen_kinco2/share/canopen_kinco2/urdf/cia402_system/cia402_system.urdf.xacro
[5.977s] -- Up-to-date: /home/vboxuser/agv_ws/install/canopen_kinco2/share/canopen_kinco2/urdf/cia402_system/cia402_system.ros2_control.xacro
[5.977s] -- Up-to-date: /home/vboxuser/agv_ws/install/canopen_kinco2/share/canopen_kinco2/urdf/robot_controller
[5.978s] -- Up-to-date: /home/vboxuser/agv_ws/install/canopen_kinco2/share/canopen_kinco2/urdf/robot_controller/robot_controller.urdf.xacro
[5.978s] -- Up-to-date: /home/vboxuser/agv_ws/install/canopen_kinco2/share/canopen_kinco2/urdf/robot_controller/robot_controller.macro.xacro
[5.978s] -- Up-to-date: /home/vboxuser/agv_ws/install/canopen_kinco2/share/canopen_kinco2/urdf/robot_controller/robot_controller.ros2_control.xacro
[5.978s] -- Up-to-date: /home/vboxuser/agv_ws/install/canopen_kinco2/share/ament_index/resource_index/package_run_dependencies/canopen_kinco2
[5.979s] -- Up-to-date: /home/vboxuser/agv_ws/install/canopen_kinco2/share/ament_index/resource_index/parent_prefix_path/canopen_kinco2
[5.981s] -- Installing: /home/vboxuser/agv_ws/install/canopen_kinco2/share/canopen_kinco2/environment/ament_prefix_path.sh
[5.981s] -- Up-to-date: /home/vboxuser/agv_ws/install/canopen_kinco2/share/canopen_kinco2/environment/ament_prefix_path.dsv
[5.981s] -- Installing: /home/vboxuser/agv_ws/install/canopen_kinco2/share/canopen_kinco2/environment/path.sh
[5.981s] -- Up-to-date: /home/vboxuser/agv_ws/install/canopen_kinco2/share/canopen_kinco2/environment/path.dsv
[5.981s] -- Up-to-date: /home/vboxuser/agv_ws/install/canopen_kinco2/share/canopen_kinco2/local_setup.bash
[5.982s] -- Up-to-date: /home/vboxuser/agv_ws/install/canopen_kinco2/share/canopen_kinco2/local_setup.sh
[5.982s] -- Up-to-date: /home/vboxuser/agv_ws/install/canopen_kinco2/share/canopen_kinco2/local_setup.zsh
[5.982s] -- Up-to-date: /home/vboxuser/agv_ws/install/canopen_kinco2/share/canopen_kinco2/local_setup.dsv
[5.982s] -- Installing: /home/vboxuser/agv_ws/install/canopen_kinco2/share/canopen_kinco2/package.dsv
[5.984s] -- Up-to-date: /home/vboxuser/agv_ws/install/canopen_kinco2/share/ament_index/resource_index/packages/canopen_kinco2
[5.985s] -- Up-to-date: /home/vboxuser/agv_ws/install/canopen_kinco2/share/canopen_kinco2/cmake/canopen_kinco2Config.cmake
[5.985s] -- Up-to-date: /home/vboxuser/agv_ws/install/canopen_kinco2/share/canopen_kinco2/cmake/canopen_kinco2Config-version.cmake
[5.985s] -- Up-to-date: /home/vboxuser/agv_ws/install/canopen_kinco2/share/canopen_kinco2/package.xml
[5.987s] Invoked command in '/home/vboxuser/agv_ws/build/canopen_kinco2' returned '0': CMAKE_PREFIX_PATH=/home/vboxuser/agv_ws/install/canopen:/home/vboxuser/agv_ws/install/canopen_402_driver:/home/vboxuser/agv_ws/install/canopen_proxy_driver:/home/vboxuser/agv_ws/install/canopen_base_driver:/home/vboxuser/agv_ws/install/canopen_core:/home/vboxuser/agv_ws/install/lely_core_libraries:/home/vboxuser/agv_ws/install/canopen_interfaces:/home/vboxuser/agv_ws/install/pgv100:/home/vboxuser/agv_ws/install/panda_rviz_viewer:/home/vboxuser/agv_ws/install/panda_canopen:/home/vboxuser/agv_ws/install/my_simulation:/home/vboxuser/agv_ws/install/canopen_tests:/home/vboxuser/agv_ws/install/canopen_ros2_controllers:/home/vboxuser/agv_ws/install/canopen_ros2_control:/home/vboxuser/agv_ws/install/canopen_robot_control_example:/home/vboxuser/agv_ws/install/canopen_kinco3:/home/vboxuser/agv_ws/install/canopen_kinco2:/home/vboxuser/agv_ws/install/canopen_kinco:/home/vboxuser/agv_ws/install/canopen_master_driver:/home/vboxuser/agv_ws/install/canopen_fake_slaves:/home/vboxuser/agv_ws/install/agv_py:/home/vboxuser/agv_ws/install/agv_controllers:/home/vboxuser/agv_ws/install/communication:/home/vboxuser/agv_ws/install/canopen_utils:/home/vboxuser/agv_ws/install/agv_py_functions:/home/vboxuser/install/my_py_pkg:/home/vboxuser/install/agv_py_functions:/home/vboxuser/bumperbot_ws/install/bumperbot_py_examples:/home/vboxuser/ros2_ws/install/my_py_pkg:/opt/ros/humble:/home/vboxuser/agv_ws/install/agv_controller:/home/vboxuser/agv_ws/install/agv:/home/vboxuser/install/agv:/home/vboxuser/bumperbot_ws/install/bumperbot_cpp_examples:/home/vboxuser/bumperbot_ws/install/bumperbot_msgs:/home/vboxuser/bumperbot_ws/install/bumperbot_description:/home/vboxuser/bumperbot_ws/install/bumperbot_controller:/home/vboxuser/ros2_ws/install/my_simulation LD_LIBRARY_PATH=/home/vboxuser/agv_ws/install/canopen_402_driver/lib:/home/vboxuser/agv_ws/install/canopen_proxy_driver/lib:/home/vboxuser/agv_ws/install/canopen_base_driver/lib:/home/vboxuser/agv_ws/install/canopen_core/lib:/home/vboxuser/agv_ws/install/lely_core_libraries/lib:/home/vboxuser/agv_ws/install/canopen_interfaces/lib:/home/vboxuser/agv_ws/install/pgv100/lib:/home/vboxuser/agv_ws/install/canopen_ros2_controllers/lib:/home/vboxuser/agv_ws/install/canopen_ros2_control/lib:/home/vboxuser/agv_ws/install/canopen_master_driver/lib:/home/vboxuser/bumperbot_ws/install/bumperbot_msgs/lib:/usr/lib/x86_64-linux-gnu/gazebo-11/plugins:/opt/ros/humble/opt/rviz_ogre_vendor/lib:/opt/ros/humble/lib/x86_64-linux-gnu:/opt/ros/humble/lib PYTHONPATH=/home/vboxuser/agv_ws/install/lely_core_libraries/lib/python3.10/site-packages:/home/vboxuser/agv_ws/install/pgv100/local/lib/python3.10/dist-packages:/home/vboxuser/agv_ws/install/lely_core_libraries/local/lib/python3.10/dist-packages:/home/vboxuser/agv_ws/install/communication/lib/python3.10/site-packages:/home/vboxuser/agv_ws/install/canopen_utils/lib/python3.10/site-packages:/home/vboxuser/agv_ws/install/canopen_interfaces/local/lib/python3.10/dist-packages:/home/vboxuser/agv_ws/install/agv_py_functions/lib/python3.10/site-packages:/home/vboxuser/agv_ws/install/agv_py/lib/python3.10/site-packages:/home/vboxuser/agv_ws/install/agv/lib/python3.10/site-packages:/home/vboxuser/install/my_py_pkg/lib/python3.10/site-packages:/home/vboxuser/install/agv_py_functions/lib/python3.10/site-packages:/home/vboxuser/bumperbot_ws/install/bumperbot_py_examples/lib/python3.10/site-packages:/home/vboxuser/bumperbot_ws/install/bumperbot_msgs/local/lib/python3.10/dist-packages:/home/vboxuser/bumperbot_ws/install/bumperbot_controller/local/lib/python3.10/dist-packages:/home/vboxuser/ros2_ws/install/my_py_pkg/lib/python3.10/site-packages:/opt/ros/humble/lib/python3.10/site-packages:/opt/ros/humble/local/lib/python3.10/dist-packages /usr/bin/cmake --install /home/vboxuser/agv_ws/build/canopen_kinco2
