[0.297s] Invoking command in '/home/vboxuser/agv_ws/build/canopen_kinco3': CMAKE_PREFIX_PATH=/home/vboxuser/agv_ws/install/canopen:/home/vboxuser/agv_ws/install/canopen_402_driver:/home/vboxuser/agv_ws/install/canopen_proxy_driver:/home/vboxuser/agv_ws/install/canopen_base_driver:/home/vboxuser/agv_ws/install/canopen_core:/home/vboxuser/agv_ws/install/lely_core_libraries:/home/vboxuser/agv_ws/install/canopen_interfaces:/home/vboxuser/agv_ws/install/pgv100:/home/vboxuser/agv_ws/install/panda_rviz_viewer:/home/vboxuser/agv_ws/install/panda_canopen:/home/vboxuser/agv_ws/install/my_simulation:/home/vboxuser/agv_ws/install/canopen_tests:/home/vboxuser/agv_ws/install/canopen_ros2_controllers:/home/vboxuser/agv_ws/install/canopen_ros2_control:/home/vboxuser/agv_ws/install/canopen_robot_control_example:/home/vboxuser/agv_ws/install/canopen_kinco3:/home/vboxuser/agv_ws/install/canopen_kinco2:/home/vboxuser/agv_ws/install/canopen_kinco:/home/vboxuser/agv_ws/install/canopen_master_driver:/home/vboxuser/agv_ws/install/canopen_fake_slaves:/home/vboxuser/agv_ws/install/agv_py:/home/vboxuser/agv_ws/install/agv_controllers:/home/vboxuser/agv_ws/install/communication:/home/vboxuser/agv_ws/install/canopen_utils:/home/vboxuser/agv_ws/install/agv_py_functions:/home/vboxuser/install/my_py_pkg:/home/vboxuser/install/agv_py_functions:/home/vboxuser/bumperbot_ws/install/bumperbot_py_examples:/home/vboxuser/ros2_ws/install/my_py_pkg:/opt/ros/humble:/home/vboxuser/agv_ws/install/agv_controller:/home/vboxuser/agv_ws/install/agv:/home/vboxuser/install/agv:/home/vboxuser/bumperbot_ws/install/bumperbot_cpp_examples:/home/vboxuser/bumperbot_ws/install/bumperbot_msgs:/home/vboxuser/bumperbot_ws/install/bumperbot_description:/home/vboxuser/bumperbot_ws/install/bumperbot_controller:/home/vboxuser/ros2_ws/install/my_simulation LD_LIBRARY_PATH=/home/vboxuser/agv_ws/install/canopen_402_driver/lib:/home/vboxuser/agv_ws/install/canopen_proxy_driver/lib:/home/vboxuser/agv_ws/install/canopen_base_driver/lib:/home/vboxuser/agv_ws/install/canopen_core/lib:/home/vboxuser/agv_ws/install/lely_core_libraries/lib:/home/vboxuser/agv_ws/install/canopen_interfaces/lib:/home/vboxuser/agv_ws/install/pgv100/lib:/home/vboxuser/agv_ws/install/canopen_ros2_controllers/lib:/home/vboxuser/agv_ws/install/canopen_ros2_control/lib:/home/vboxuser/agv_ws/install/canopen_master_driver/lib:/home/vboxuser/bumperbot_ws/install/bumperbot_msgs/lib:/usr/lib/x86_64-linux-gnu/gazebo-11/plugins:/opt/ros/humble/opt/rviz_ogre_vendor/lib:/opt/ros/humble/lib/x86_64-linux-gnu:/opt/ros/humble/lib PYTHONPATH=/home/vboxuser/agv_ws/install/lely_core_libraries/lib/python3.10/site-packages:/home/vboxuser/agv_ws/install/pgv100/local/lib/python3.10/dist-packages:/home/vboxuser/agv_ws/install/lely_core_libraries/local/lib/python3.10/dist-packages:/home/vboxuser/agv_ws/install/communication/lib/python3.10/site-packages:/home/vboxuser/agv_ws/install/canopen_utils/lib/python3.10/site-packages:/home/vboxuser/agv_ws/install/canopen_interfaces/local/lib/python3.10/dist-packages:/home/vboxuser/agv_ws/install/agv_py_functions/lib/python3.10/site-packages:/home/vboxuser/agv_ws/install/agv_py/lib/python3.10/site-packages:/home/vboxuser/agv_ws/install/agv/lib/python3.10/site-packages:/home/vboxuser/install/my_py_pkg/lib/python3.10/site-packages:/home/vboxuser/install/agv_py_functions/lib/python3.10/site-packages:/home/vboxuser/bumperbot_ws/install/bumperbot_py_examples/lib/python3.10/site-packages:/home/vboxuser/bumperbot_ws/install/bumperbot_msgs/local/lib/python3.10/dist-packages:/home/vboxuser/bumperbot_ws/install/bumperbot_controller/local/lib/python3.10/dist-packages:/home/vboxuser/ros2_ws/install/my_py_pkg/lib/python3.10/site-packages:/opt/ros/humble/lib/python3.10/site-packages:/opt/ros/humble/local/lib/python3.10/dist-packages /usr/bin/cmake --build /home/vboxuser/agv_ws/build/canopen_kinco3 -- -j4 -l4
[0.648s] Built target can0_prepare
[4.374s] motorL: writing 4 bytes to 0x1400/1: 01 02 00 80
[4.374s] motorL: writing 1 bytes to 0x1600/0: 00
[4.374s] motorL: writing 4 bytes to 0x1600/1: 10 00 40 60
[4.374s] motorL: writing 4 bytes to 0x1600/2: 08 00 60 60
[4.375s] motorL: writing 1 bytes to 0x1600/0: 02
[4.375s] motorL: writing 4 bytes to 0x1400/1: 01 02 00 00
[4.375s] motorL: writing 4 bytes to 0x1401/1: 01 03 00 80
[4.375s] motorL: writing 1 bytes to 0x1601/0: 00
[4.375s] motorL: writing 4 bytes to 0x1601/1: 20 00 FF 60
[4.375s] motorL: writing 1 bytes to 0x1601/0: 01
[4.375s] motorL: writing 4 bytes to 0x1401/1: 01 03 00 00
[4.375s] motorL: writing 4 bytes to 0x1800/1: 81 01 00 80
[4.375s] motorL: writing 1 bytes to 0x1800/2: 01
[4.376s] motorL: writing 1 bytes to 0x1A00/0: 00
[4.376s] motorL: writing 4 bytes to 0x1A00/1: 10 00 41 60
[4.376s] motorL: writing 4 bytes to 0x1A00/2: 08 00 61 60
[4.376s] motorL: writing 1 bytes to 0x1A00/0: 02
[4.376s] motorL: writing 4 bytes to 0x1800/1: 81 01 00 00
[4.376s] motorL: writing 4 bytes to 0x1801/1: 81 02 00 80
[4.376s] motorL: writing 1 bytes to 0x1801/2: 01
[4.376s] motorL: writing 1 bytes to 0x1A01/0: 00
[4.376s] motorL: writing 4 bytes to 0x1A01/1: 20 00 64 60
[4.377s] motorL: writing 4 bytes to 0x1A01/2: 20 00 6C 60
[4.377s] motorL: writing 1 bytes to 0x1A01/0: 02
[4.377s] motorL: writing 4 bytes to 0x1801/1: 81 02 00 00
[4.377s] motorL: writing 4 bytes to 0x6081/0: E8 03 00 00
[4.377s] motorL: writing 4 bytes to 0x6083/0: D0 07 00 00
[4.377s] motorL: writing 1 bytes to 0x6060/0: 07
[4.377s] motorR: writing 4 bytes to 0x1400/1: 02 02 00 80
[4.377s] motorR: writing 1 bytes to 0x1600/0: 00
[4.378s] motorR: writing 4 bytes to 0x1600/1: 10 00 40 60
[4.378s] motorR: writing 4 bytes to 0x1600/2: 08 00 60 60
[4.378s] motorR: writing 1 bytes to 0x1600/0: 02
[4.378s] motorR: writing 4 bytes to 0x1400/1: 02 02 00 00
[4.378s] motorR: writing 4 bytes to 0x1401/1: 02 03 00 80
[4.378s] motorR: writing 1 bytes to 0x1601/0: 00
[4.378s] motorR: writing 4 bytes to 0x1601/1: 20 00 FF 60
[4.378s] motorR: writing 1 bytes to 0x1601/0: 01
[4.378s] motorR: writing 4 bytes to 0x1401/1: 02 03 00 00
[4.379s] motorR: writing 4 bytes to 0x1800/1: 82 01 00 80
[4.379s] motorR: writing 1 bytes to 0x1800/2: 01
[4.379s] motorR: writing 1 bytes to 0x1A00/0: 00
[4.379s] motorR: writing 4 bytes to 0x1A00/1: 10 00 41 60
[4.379s] motorR: writing 4 bytes to 0x1A00/2: 08 00 61 60
[4.379s] motorR: writing 1 bytes to 0x1A00/0: 02
[4.379s] motorR: writing 4 bytes to 0x1800/1: 82 01 00 00
[4.379s] motorR: writing 4 bytes to 0x1801/1: 82 02 00 80
[4.379s] motorR: writing 1 bytes to 0x1801/2: 01
[4.380s] motorR: writing 1 bytes to 0x1A01/0: 00
[4.380s] motorR: writing 4 bytes to 0x1A01/1: 20 00 64 60
[4.380s] motorR: writing 4 bytes to 0x1A01/2: 20 00 6C 60
[4.380s] motorR: writing 1 bytes to 0x1A01/0: 02
[4.380s] motorR: writing 4 bytes to 0x1801/1: 82 02 00 00
[4.380s] motorR: writing 4 bytes to 0x6081/0: E8 03 00 00
[4.380s] motorR: writing 4 bytes to 0x6083/0: D0 07 00 00
[4.380s] motorR: writing 1 bytes to 0x6060/0: 07
[5.597s] Built target can0
[5.643s] Invoked command in '/home/vboxuser/agv_ws/build/canopen_kinco3' returned '0': CMAKE_PREFIX_PATH=/home/vboxuser/agv_ws/install/canopen:/home/vboxuser/agv_ws/install/canopen_402_driver:/home/vboxuser/agv_ws/install/canopen_proxy_driver:/home/vboxuser/agv_ws/install/canopen_base_driver:/home/vboxuser/agv_ws/install/canopen_core:/home/vboxuser/agv_ws/install/lely_core_libraries:/home/vboxuser/agv_ws/install/canopen_interfaces:/home/vboxuser/agv_ws/install/pgv100:/home/vboxuser/agv_ws/install/panda_rviz_viewer:/home/vboxuser/agv_ws/install/panda_canopen:/home/vboxuser/agv_ws/install/my_simulation:/home/vboxuser/agv_ws/install/canopen_tests:/home/vboxuser/agv_ws/install/canopen_ros2_controllers:/home/vboxuser/agv_ws/install/canopen_ros2_control:/home/vboxuser/agv_ws/install/canopen_robot_control_example:/home/vboxuser/agv_ws/install/canopen_kinco3:/home/vboxuser/agv_ws/install/canopen_kinco2:/home/vboxuser/agv_ws/install/canopen_kinco:/home/vboxuser/agv_ws/install/canopen_master_driver:/home/vboxuser/agv_ws/install/canopen_fake_slaves:/home/vboxuser/agv_ws/install/agv_py:/home/vboxuser/agv_ws/install/agv_controllers:/home/vboxuser/agv_ws/install/communication:/home/vboxuser/agv_ws/install/canopen_utils:/home/vboxuser/agv_ws/install/agv_py_functions:/home/vboxuser/install/my_py_pkg:/home/vboxuser/install/agv_py_functions:/home/vboxuser/bumperbot_ws/install/bumperbot_py_examples:/home/vboxuser/ros2_ws/install/my_py_pkg:/opt/ros/humble:/home/vboxuser/agv_ws/install/agv_controller:/home/vboxuser/agv_ws/install/agv:/home/vboxuser/install/agv:/home/vboxuser/bumperbot_ws/install/bumperbot_cpp_examples:/home/vboxuser/bumperbot_ws/install/bumperbot_msgs:/home/vboxuser/bumperbot_ws/install/bumperbot_description:/home/vboxuser/bumperbot_ws/install/bumperbot_controller:/home/vboxuser/ros2_ws/install/my_simulation LD_LIBRARY_PATH=/home/vboxuser/agv_ws/install/canopen_402_driver/lib:/home/vboxuser/agv_ws/install/canopen_proxy_driver/lib:/home/vboxuser/agv_ws/install/canopen_base_driver/lib:/home/vboxuser/agv_ws/install/canopen_core/lib:/home/vboxuser/agv_ws/install/lely_core_libraries/lib:/home/vboxuser/agv_ws/install/canopen_interfaces/lib:/home/vboxuser/agv_ws/install/pgv100/lib:/home/vboxuser/agv_ws/install/canopen_ros2_controllers/lib:/home/vboxuser/agv_ws/install/canopen_ros2_control/lib:/home/vboxuser/agv_ws/install/canopen_master_driver/lib:/home/vboxuser/bumperbot_ws/install/bumperbot_msgs/lib:/usr/lib/x86_64-linux-gnu/gazebo-11/plugins:/opt/ros/humble/opt/rviz_ogre_vendor/lib:/opt/ros/humble/lib/x86_64-linux-gnu:/opt/ros/humble/lib PYTHONPATH=/home/vboxuser/agv_ws/install/lely_core_libraries/lib/python3.10/site-packages:/home/vboxuser/agv_ws/install/pgv100/local/lib/python3.10/dist-packages:/home/vboxuser/agv_ws/install/lely_core_libraries/local/lib/python3.10/dist-packages:/home/vboxuser/agv_ws/install/communication/lib/python3.10/site-packages:/home/vboxuser/agv_ws/install/canopen_utils/lib/python3.10/site-packages:/home/vboxuser/agv_ws/install/canopen_interfaces/local/lib/python3.10/dist-packages:/home/vboxuser/agv_ws/install/agv_py_functions/lib/python3.10/site-packages:/home/vboxuser/agv_ws/install/agv_py/lib/python3.10/site-packages:/home/vboxuser/agv_ws/install/agv/lib/python3.10/site-packages:/home/vboxuser/install/my_py_pkg/lib/python3.10/site-packages:/home/vboxuser/install/agv_py_functions/lib/python3.10/site-packages:/home/vboxuser/bumperbot_ws/install/bumperbot_py_examples/lib/python3.10/site-packages:/home/vboxuser/bumperbot_ws/install/bumperbot_msgs/local/lib/python3.10/dist-packages:/home/vboxuser/bumperbot_ws/install/bumperbot_controller/local/lib/python3.10/dist-packages:/home/vboxuser/ros2_ws/install/my_py_pkg/lib/python3.10/site-packages:/opt/ros/humble/lib/python3.10/site-packages:/opt/ros/humble/local/lib/python3.10/dist-packages /usr/bin/cmake --build /home/vboxuser/agv_ws/build/canopen_kinco3 -- -j4 -l4
