[1.746s] DEBUG:colcon:Command line arguments: ['/usr/bin/colcon', 'build']
[1.747s] DEBUG:colcon:Parsed command line arguments: Namespace(log_base=None, log_level=None, verb_name='build', build_base='build', install_base='install', merge_install=False, symlink_install=False, test_result_base=None, continue_on_error=False, executor='parallel', parallel_workers=4, event_handlers=None, ignore_user_meta=False, metas=['./colcon.meta'], base_paths=['.'], packages_ignore=None, packages_ignore_regex=None, paths=None, packages_up_to=None, packages_up_to_regex=None, packages_above=None, packages_above_and_dependencies=None, packages_above_depth=None, packages_select_by_dep=None, packages_skip_by_dep=None, packages_skip_up_to=None, packages_select_build_failed=False, packages_skip_build_finished=False, packages_select_test_failures=False, packages_skip_test_passed=False, packages_select=None, packages_skip=None, packages_select_regex=None, packages_skip_regex=None, packages_start=None, packages_end=None, allow_overriding=[], cmake_args=None, cmake_target=None, cmake_target_skip_unavailable=False, cmake_clean_cache=False, cmake_clean_first=False, cmake_force_configure=False, ament_cmake_args=None, catkin_cmake_args=None, catkin_skip_building_tests=False, verb_parser=<colcon_defaults.argument_parser.defaults.DefaultArgumentsDecorator object at 0x7f5bda68a3e0>, verb_extension=<colcon_core.verb.build.BuildVerb object at 0x7f5bda689630>, main=<bound method BuildVerb.main of <colcon_core.verb.build.BuildVerb object at 0x7f5bda689630>>)
[1.821s] Level 1:colcon.colcon_core.package_discovery:discover_packages(colcon_meta) check parameters
[1.822s] Level 1:colcon.colcon_core.package_discovery:discover_packages(recursive) check parameters
[1.822s] Level 1:colcon.colcon_core.package_discovery:discover_packages(ignore) check parameters
[1.822s] Level 1:colcon.colcon_core.package_discovery:discover_packages(path) check parameters
[1.823s] Level 1:colcon.colcon_core.package_discovery:discover_packages(colcon_meta) discover
[1.823s] Level 1:colcon.colcon_core.package_discovery:discover_packages(recursive) discover
[1.823s] INFO:colcon.colcon_core.package_discovery:Crawling recursively for packages in '/home/vboxuser/agv_ws'
[1.824s] Level 1:colcon.colcon_core.package_identification:_identify(.) by extensions ['ignore', 'ignore_ament_install']
[1.824s] Level 1:colcon.colcon_core.package_identification:_identify(.) by extension 'ignore'
[1.824s] Level 1:colcon.colcon_core.package_identification:_identify(.) by extension 'ignore_ament_install'
[1.824s] Level 1:colcon.colcon_core.package_identification:_identify(.) by extensions ['colcon_pkg']
[1.825s] Level 1:colcon.colcon_core.package_identification:_identify(.) by extension 'colcon_pkg'
[1.825s] Level 1:colcon.colcon_core.package_identification:_identify(.) by extensions ['colcon_meta']
[1.825s] Level 1:colcon.colcon_core.package_identification:_identify(.) by extension 'colcon_meta'
[1.825s] Level 1:colcon.colcon_core.package_identification:_identify(.) by extensions ['ros']
[1.826s] Level 1:colcon.colcon_core.package_identification:_identify(.) by extension 'ros'
[1.844s] Level 1:colcon.colcon_core.package_identification:_identify(.) by extensions ['cmake', 'python']
[1.844s] Level 1:colcon.colcon_core.package_identification:_identify(.) by extension 'cmake'
[1.845s] Level 1:colcon.colcon_core.package_identification:_identify(.) by extension 'python'
[1.845s] Level 1:colcon.colcon_core.package_identification:_identify(.) by extensions ['python_setup_py']
[1.845s] Level 1:colcon.colcon_core.package_identification:_identify(.) by extension 'python_setup_py'
[1.846s] Level 1:colcon.colcon_core.package_identification:_identify(AGV_ROS) by extensions ['ignore', 'ignore_ament_install']
[1.846s] Level 1:colcon.colcon_core.package_identification:_identify(AGV_ROS) by extension 'ignore'
[1.846s] Level 1:colcon.colcon_core.package_identification:_identify(AGV_ROS) by extension 'ignore_ament_install'
[1.847s] Level 1:colcon.colcon_core.package_identification:_identify(AGV_ROS) by extensions ['colcon_pkg']
[1.847s] Level 1:colcon.colcon_core.package_identification:_identify(AGV_ROS) by extension 'colcon_pkg'
[1.847s] Level 1:colcon.colcon_core.package_identification:_identify(AGV_ROS) by extensions ['colcon_meta']
[1.847s] Level 1:colcon.colcon_core.package_identification:_identify(AGV_ROS) by extension 'colcon_meta'
[1.847s] Level 1:colcon.colcon_core.package_identification:_identify(AGV_ROS) by extensions ['ros']
[1.848s] Level 1:colcon.colcon_core.package_identification:_identify(AGV_ROS) by extension 'ros'
[1.848s] Level 1:colcon.colcon_core.package_identification:_identify(AGV_ROS) by extensions ['cmake', 'python']
[1.848s] Level 1:colcon.colcon_core.package_identification:_identify(AGV_ROS) by extension 'cmake'
[1.849s] Level 1:colcon.colcon_core.package_identification:_identify(AGV_ROS) by extension 'python'
[1.849s] Level 1:colcon.colcon_core.package_identification:_identify(AGV_ROS) by extensions ['python_setup_py']
[1.849s] Level 1:colcon.colcon_core.package_identification:_identify(AGV_ROS) by extension 'python_setup_py'
[1.849s] Level 1:colcon.colcon_core.package_identification:_identify(AGV_ROS/Pictures) by extensions ['ignore', 'ignore_ament_install']
[1.850s] Level 1:colcon.colcon_core.package_identification:_identify(AGV_ROS/Pictures) by extension 'ignore'
[1.850s] Level 1:colcon.colcon_core.package_identification:_identify(AGV_ROS/Pictures) by extension 'ignore_ament_install'
[1.850s] Level 1:colcon.colcon_core.package_identification:_identify(AGV_ROS/Pictures) by extensions ['colcon_pkg']
[1.851s] Level 1:colcon.colcon_core.package_identification:_identify(AGV_ROS/Pictures) by extension 'colcon_pkg'
[1.851s] Level 1:colcon.colcon_core.package_identification:_identify(AGV_ROS/Pictures) by extensions ['colcon_meta']
[1.851s] Level 1:colcon.colcon_core.package_identification:_identify(AGV_ROS/Pictures) by extension 'colcon_meta'
[1.851s] Level 1:colcon.colcon_core.package_identification:_identify(AGV_ROS/Pictures) by extensions ['ros']
[1.851s] Level 1:colcon.colcon_core.package_identification:_identify(AGV_ROS/Pictures) by extension 'ros'
[1.852s] Level 1:colcon.colcon_core.package_identification:_identify(AGV_ROS/Pictures) by extensions ['cmake', 'python']
[1.852s] Level 1:colcon.colcon_core.package_identification:_identify(AGV_ROS/Pictures) by extension 'cmake'
[1.852s] Level 1:colcon.colcon_core.package_identification:_identify(AGV_ROS/Pictures) by extension 'python'
[1.852s] Level 1:colcon.colcon_core.package_identification:_identify(AGV_ROS/Pictures) by extensions ['python_setup_py']
[1.853s] Level 1:colcon.colcon_core.package_identification:_identify(AGV_ROS/Pictures) by extension 'python_setup_py'
[1.853s] Level 1:colcon.colcon_core.package_identification:_identify(AGV_ROS/Pictures/HQ) by extensions ['ignore', 'ignore_ament_install']
[1.853s] Level 1:colcon.colcon_core.package_identification:_identify(AGV_ROS/Pictures/HQ) by extension 'ignore'
[1.854s] Level 1:colcon.colcon_core.package_identification:_identify(AGV_ROS/Pictures/HQ) by extension 'ignore_ament_install'
[1.854s] Level 1:colcon.colcon_core.package_identification:_identify(AGV_ROS/Pictures/HQ) by extensions ['colcon_pkg']
[1.854s] Level 1:colcon.colcon_core.package_identification:_identify(AGV_ROS/Pictures/HQ) by extension 'colcon_pkg'
[1.854s] Level 1:colcon.colcon_core.package_identification:_identify(AGV_ROS/Pictures/HQ) by extensions ['colcon_meta']
[1.855s] Level 1:colcon.colcon_core.package_identification:_identify(AGV_ROS/Pictures/HQ) by extension 'colcon_meta'
[1.855s] Level 1:colcon.colcon_core.package_identification:_identify(AGV_ROS/Pictures/HQ) by extensions ['ros']
[1.855s] Level 1:colcon.colcon_core.package_identification:_identify(AGV_ROS/Pictures/HQ) by extension 'ros'
[1.855s] Level 1:colcon.colcon_core.package_identification:_identify(AGV_ROS/Pictures/HQ) by extensions ['cmake', 'python']
[1.856s] Level 1:colcon.colcon_core.package_identification:_identify(AGV_ROS/Pictures/HQ) by extension 'cmake'
[1.856s] Level 1:colcon.colcon_core.package_identification:_identify(AGV_ROS/Pictures/HQ) by extension 'python'
[1.856s] Level 1:colcon.colcon_core.package_identification:_identify(AGV_ROS/Pictures/HQ) by extensions ['python_setup_py']
[1.856s] Level 1:colcon.colcon_core.package_identification:_identify(AGV_ROS/Pictures/HQ) by extension 'python_setup_py'
[1.857s] Level 1:colcon.colcon_core.package_identification:_identify(AGV_ROS/Pictures/LQ) by extensions ['ignore', 'ignore_ament_install']
[1.857s] Level 1:colcon.colcon_core.package_identification:_identify(AGV_ROS/Pictures/LQ) by extension 'ignore'
[1.857s] Level 1:colcon.colcon_core.package_identification:_identify(AGV_ROS/Pictures/LQ) by extension 'ignore_ament_install'
[1.858s] Level 1:colcon.colcon_core.package_identification:_identify(AGV_ROS/Pictures/LQ) by extensions ['colcon_pkg']
[1.858s] Level 1:colcon.colcon_core.package_identification:_identify(AGV_ROS/Pictures/LQ) by extension 'colcon_pkg'
[1.858s] Level 1:colcon.colcon_core.package_identification:_identify(AGV_ROS/Pictures/LQ) by extensions ['colcon_meta']
[1.858s] Level 1:colcon.colcon_core.package_identification:_identify(AGV_ROS/Pictures/LQ) by extension 'colcon_meta'
[1.858s] Level 1:colcon.colcon_core.package_identification:_identify(AGV_ROS/Pictures/LQ) by extensions ['ros']
[1.859s] Level 1:colcon.colcon_core.package_identification:_identify(AGV_ROS/Pictures/LQ) by extension 'ros'
[1.859s] Level 1:colcon.colcon_core.package_identification:_identify(AGV_ROS/Pictures/LQ) by extensions ['cmake', 'python']
[1.859s] Level 1:colcon.colcon_core.package_identification:_identify(AGV_ROS/Pictures/LQ) by extension 'cmake'
[1.859s] Level 1:colcon.colcon_core.package_identification:_identify(AGV_ROS/Pictures/LQ) by extension 'python'
[1.859s] Level 1:colcon.colcon_core.package_identification:_identify(AGV_ROS/Pictures/LQ) by extensions ['python_setup_py']
[1.859s] Level 1:colcon.colcon_core.package_identification:_identify(AGV_ROS/Pictures/LQ) by extension 'python_setup_py'
[1.859s] Level 1:colcon.colcon_core.package_identification:_identify(AGV_ROS/Stations) by extensions ['ignore', 'ignore_ament_install']
[1.859s] Level 1:colcon.colcon_core.package_identification:_identify(AGV_ROS/Stations) by extension 'ignore'
[1.859s] Level 1:colcon.colcon_core.package_identification:_identify(AGV_ROS/Stations) by extension 'ignore_ament_install'
[1.859s] Level 1:colcon.colcon_core.package_identification:_identify(AGV_ROS/Stations) by extensions ['colcon_pkg']
[1.859s] Level 1:colcon.colcon_core.package_identification:_identify(AGV_ROS/Stations) by extension 'colcon_pkg'
[1.860s] Level 1:colcon.colcon_core.package_identification:_identify(AGV_ROS/Stations) by extensions ['colcon_meta']
[1.860s] Level 1:colcon.colcon_core.package_identification:_identify(AGV_ROS/Stations) by extension 'colcon_meta'
[1.860s] Level 1:colcon.colcon_core.package_identification:_identify(AGV_ROS/Stations) by extensions ['ros']
[1.860s] Level 1:colcon.colcon_core.package_identification:_identify(AGV_ROS/Stations) by extension 'ros'
[1.860s] Level 1:colcon.colcon_core.package_identification:_identify(AGV_ROS/Stations) by extensions ['cmake', 'python']
[1.860s] Level 1:colcon.colcon_core.package_identification:_identify(AGV_ROS/Stations) by extension 'cmake'
[1.860s] Level 1:colcon.colcon_core.package_identification:_identify(AGV_ROS/Stations) by extension 'python'
[1.860s] Level 1:colcon.colcon_core.package_identification:_identify(AGV_ROS/Stations) by extensions ['python_setup_py']
[1.860s] Level 1:colcon.colcon_core.package_identification:_identify(AGV_ROS/Stations) by extension 'python_setup_py'
[1.860s] Level 1:colcon.colcon_core.package_identification:_identify(AGV_ROS/Stations/Number Picture) by extensions ['ignore', 'ignore_ament_install']
[1.860s] Level 1:colcon.colcon_core.package_identification:_identify(AGV_ROS/Stations/Number Picture) by extension 'ignore'
[1.860s] Level 1:colcon.colcon_core.package_identification:_identify(AGV_ROS/Stations/Number Picture) by extension 'ignore_ament_install'
[1.860s] Level 1:colcon.colcon_core.package_identification:_identify(AGV_ROS/Stations/Number Picture) by extensions ['colcon_pkg']
[1.861s] Level 1:colcon.colcon_core.package_identification:_identify(AGV_ROS/Stations/Number Picture) by extension 'colcon_pkg'
[1.861s] Level 1:colcon.colcon_core.package_identification:_identify(AGV_ROS/Stations/Number Picture) by extensions ['colcon_meta']
[1.861s] Level 1:colcon.colcon_core.package_identification:_identify(AGV_ROS/Stations/Number Picture) by extension 'colcon_meta'
[1.861s] Level 1:colcon.colcon_core.package_identification:_identify(AGV_ROS/Stations/Number Picture) by extensions ['ros']
[1.861s] Level 1:colcon.colcon_core.package_identification:_identify(AGV_ROS/Stations/Number Picture) by extension 'ros'
[1.861s] Level 1:colcon.colcon_core.package_identification:_identify(AGV_ROS/Stations/Number Picture) by extensions ['cmake', 'python']
[1.861s] Level 1:colcon.colcon_core.package_identification:_identify(AGV_ROS/Stations/Number Picture) by extension 'cmake'
[1.861s] Level 1:colcon.colcon_core.package_identification:_identify(AGV_ROS/Stations/Number Picture) by extension 'python'
[1.861s] Level 1:colcon.colcon_core.package_identification:_identify(AGV_ROS/Stations/Number Picture) by extensions ['python_setup_py']
[1.861s] Level 1:colcon.colcon_core.package_identification:_identify(AGV_ROS/Stations/Number Picture) by extension 'python_setup_py'
[1.861s] Level 1:colcon.colcon_core.package_identification:_identify(AGV_ROS/Stations/QR) by extensions ['ignore', 'ignore_ament_install']
[1.861s] Level 1:colcon.colcon_core.package_identification:_identify(AGV_ROS/Stations/QR) by extension 'ignore'
[1.862s] Level 1:colcon.colcon_core.package_identification:_identify(AGV_ROS/Stations/QR) by extension 'ignore_ament_install'
[1.862s] Level 1:colcon.colcon_core.package_identification:_identify(AGV_ROS/Stations/QR) by extensions ['colcon_pkg']
[1.862s] Level 1:colcon.colcon_core.package_identification:_identify(AGV_ROS/Stations/QR) by extension 'colcon_pkg'
[1.862s] Level 1:colcon.colcon_core.package_identification:_identify(AGV_ROS/Stations/QR) by extensions ['colcon_meta']
[1.862s] Level 1:colcon.colcon_core.package_identification:_identify(AGV_ROS/Stations/QR) by extension 'colcon_meta'
[1.862s] Level 1:colcon.colcon_core.package_identification:_identify(AGV_ROS/Stations/QR) by extensions ['ros']
[1.862s] Level 1:colcon.colcon_core.package_identification:_identify(AGV_ROS/Stations/QR) by extension 'ros'
[1.862s] Level 1:colcon.colcon_core.package_identification:_identify(AGV_ROS/Stations/QR) by extensions ['cmake', 'python']
[1.862s] Level 1:colcon.colcon_core.package_identification:_identify(AGV_ROS/Stations/QR) by extension 'cmake'
[1.862s] Level 1:colcon.colcon_core.package_identification:_identify(AGV_ROS/Stations/QR) by extension 'python'
[1.862s] Level 1:colcon.colcon_core.package_identification:_identify(AGV_ROS/Stations/QR) by extensions ['python_setup_py']
[1.862s] Level 1:colcon.colcon_core.package_identification:_identify(AGV_ROS/Stations/QR) by extension 'python_setup_py'
[1.862s] Level 1:colcon.colcon_core.package_identification:_identify(AGV_ROS/pf_pgv100-master) by extensions ['ignore', 'ignore_ament_install']
[1.863s] Level 1:colcon.colcon_core.package_identification:_identify(AGV_ROS/pf_pgv100-master) by extension 'ignore'
[1.863s] Level 1:colcon.colcon_core.package_identification:_identify(AGV_ROS/pf_pgv100-master) by extension 'ignore_ament_install'
[1.863s] Level 1:colcon.colcon_core.package_identification:_identify(AGV_ROS/pf_pgv100-master) by extensions ['colcon_pkg']
[1.863s] Level 1:colcon.colcon_core.package_identification:_identify(AGV_ROS/pf_pgv100-master) by extension 'colcon_pkg'
[1.863s] Level 1:colcon.colcon_core.package_identification:_identify(AGV_ROS/pf_pgv100-master) by extensions ['colcon_meta']
[1.863s] Level 1:colcon.colcon_core.package_identification:_identify(AGV_ROS/pf_pgv100-master) by extension 'colcon_meta'
[1.863s] Level 1:colcon.colcon_core.package_identification:_identify(AGV_ROS/pf_pgv100-master) by extensions ['ros']
[1.863s] Level 1:colcon.colcon_core.package_identification:_identify(AGV_ROS/pf_pgv100-master) by extension 'ros'
[1.863s] Level 1:colcon.colcon_core.package_identification:_identify(AGV_ROS/pf_pgv100-master) by extensions ['cmake', 'python']
[1.863s] Level 1:colcon.colcon_core.package_identification:_identify(AGV_ROS/pf_pgv100-master) by extension 'cmake'
[1.863s] Level 1:colcon.colcon_core.package_identification:_identify(AGV_ROS/pf_pgv100-master) by extension 'python'
[1.863s] Level 1:colcon.colcon_core.package_identification:_identify(AGV_ROS/pf_pgv100-master) by extensions ['python_setup_py']
[1.863s] Level 1:colcon.colcon_core.package_identification:_identify(AGV_ROS/pf_pgv100-master) by extension 'python_setup_py'
[1.863s] Level 1:colcon.colcon_core.package_identification:_identify(AGV_ROS/pf_pgv100-master/pf_pgv100-master) by extensions ['ignore', 'ignore_ament_install']
[1.864s] Level 1:colcon.colcon_core.package_identification:_identify(AGV_ROS/pf_pgv100-master/pf_pgv100-master) by extension 'ignore'
[1.864s] Level 1:colcon.colcon_core.package_identification:_identify(AGV_ROS/pf_pgv100-master/pf_pgv100-master) by extension 'ignore_ament_install'
[1.864s] Level 1:colcon.colcon_core.package_identification:_identify(AGV_ROS/pf_pgv100-master/pf_pgv100-master) by extensions ['colcon_pkg']
[1.864s] Level 1:colcon.colcon_core.package_identification:_identify(AGV_ROS/pf_pgv100-master/pf_pgv100-master) by extension 'colcon_pkg'
[1.864s] Level 1:colcon.colcon_core.package_identification:_identify(AGV_ROS/pf_pgv100-master/pf_pgv100-master) by extensions ['colcon_meta']
[1.864s] Level 1:colcon.colcon_core.package_identification:_identify(AGV_ROS/pf_pgv100-master/pf_pgv100-master) by extension 'colcon_meta'
[1.864s] Level 1:colcon.colcon_core.package_identification:_identify(AGV_ROS/pf_pgv100-master/pf_pgv100-master) by extensions ['ros']
[1.864s] Level 1:colcon.colcon_core.package_identification:_identify(AGV_ROS/pf_pgv100-master/pf_pgv100-master) by extension 'ros'
[1.869s] DEBUG:colcon.colcon_core.package_identification:Package 'AGV_ROS/pf_pgv100-master/pf_pgv100-master' with type 'ros.catkin' and name 'pf_pgv100'
[1.869s] Level 1:colcon.colcon_core.package_identification:_identify(AGV_ROS/qr_codes) by extensions ['ignore', 'ignore_ament_install']
[1.869s] Level 1:colcon.colcon_core.package_identification:_identify(AGV_ROS/qr_codes) by extension 'ignore'
[1.869s] Level 1:colcon.colcon_core.package_identification:_identify(AGV_ROS/qr_codes) by extension 'ignore_ament_install'
[1.869s] Level 1:colcon.colcon_core.package_identification:_identify(AGV_ROS/qr_codes) by extensions ['colcon_pkg']
[1.869s] Level 1:colcon.colcon_core.package_identification:_identify(AGV_ROS/qr_codes) by extension 'colcon_pkg'
[1.869s] Level 1:colcon.colcon_core.package_identification:_identify(AGV_ROS/qr_codes) by extensions ['colcon_meta']
[1.869s] Level 1:colcon.colcon_core.package_identification:_identify(AGV_ROS/qr_codes) by extension 'colcon_meta'
[1.869s] Level 1:colcon.colcon_core.package_identification:_identify(AGV_ROS/qr_codes) by extensions ['ros']
[1.870s] Level 1:colcon.colcon_core.package_identification:_identify(AGV_ROS/qr_codes) by extension 'ros'
[1.870s] Level 1:colcon.colcon_core.package_identification:_identify(AGV_ROS/qr_codes) by extensions ['cmake', 'python']
[1.870s] Level 1:colcon.colcon_core.package_identification:_identify(AGV_ROS/qr_codes) by extension 'cmake'
[1.870s] Level 1:colcon.colcon_core.package_identification:_identify(AGV_ROS/qr_codes) by extension 'python'
[1.870s] Level 1:colcon.colcon_core.package_identification:_identify(AGV_ROS/qr_codes) by extensions ['python_setup_py']
[1.870s] Level 1:colcon.colcon_core.package_identification:_identify(AGV_ROS/qr_codes) by extension 'python_setup_py'
[1.870s] Level 1:colcon.colcon_core.package_identification:_identify(build) by extensions ['ignore', 'ignore_ament_install']
[1.870s] Level 1:colcon.colcon_core.package_identification:_identify(build) by extension 'ignore'
[1.870s] Level 1:colcon.colcon_core.package_identification:_identify(build) ignored
[1.871s] Level 1:colcon.colcon_core.package_identification:_identify(install) by extensions ['ignore', 'ignore_ament_install']
[1.871s] Level 1:colcon.colcon_core.package_identification:_identify(install) by extension 'ignore'
[1.871s] Level 1:colcon.colcon_core.package_identification:_identify(install) ignored
[1.871s] Level 1:colcon.colcon_core.package_identification:_identify(log) by extensions ['ignore', 'ignore_ament_install']
[1.871s] Level 1:colcon.colcon_core.package_identification:_identify(log) by extension 'ignore'
[1.871s] Level 1:colcon.colcon_core.package_identification:_identify(log) ignored
[1.871s] Level 1:colcon.colcon_core.package_identification:_identify(src) by extensions ['ignore', 'ignore_ament_install']
[1.871s] Level 1:colcon.colcon_core.package_identification:_identify(src) by extension 'ignore'
[1.871s] Level 1:colcon.colcon_core.package_identification:_identify(src) by extension 'ignore_ament_install'
[1.871s] Level 1:colcon.colcon_core.package_identification:_identify(src) by extensions ['colcon_pkg']
[1.872s] Level 1:colcon.colcon_core.package_identification:_identify(src) by extension 'colcon_pkg'
[1.872s] Level 1:colcon.colcon_core.package_identification:_identify(src) by extensions ['colcon_meta']
[1.872s] Level 1:colcon.colcon_core.package_identification:_identify(src) by extension 'colcon_meta'
[1.872s] Level 1:colcon.colcon_core.package_identification:_identify(src) by extensions ['ros']
[1.872s] Level 1:colcon.colcon_core.package_identification:_identify(src) by extension 'ros'
[1.872s] Level 1:colcon.colcon_core.package_identification:_identify(src) by extensions ['cmake', 'python']
[1.872s] Level 1:colcon.colcon_core.package_identification:_identify(src) by extension 'cmake'
[1.872s] Level 1:colcon.colcon_core.package_identification:_identify(src) by extension 'python'
[1.872s] Level 1:colcon.colcon_core.package_identification:_identify(src) by extensions ['python_setup_py']
[1.872s] Level 1:colcon.colcon_core.package_identification:_identify(src) by extension 'python_setup_py'
[1.872s] Level 1:colcon.colcon_core.package_identification:_identify(src/GSim) by extensions ['ignore', 'ignore_ament_install']
[1.872s] Level 1:colcon.colcon_core.package_identification:_identify(src/GSim) by extension 'ignore'
[1.872s] Level 1:colcon.colcon_core.package_identification:_identify(src/GSim) by extension 'ignore_ament_install'
[1.873s] Level 1:colcon.colcon_core.package_identification:_identify(src/GSim) by extensions ['colcon_pkg']
[1.873s] Level 1:colcon.colcon_core.package_identification:_identify(src/GSim) by extension 'colcon_pkg'
[1.873s] Level 1:colcon.colcon_core.package_identification:_identify(src/GSim) by extensions ['colcon_meta']
[1.873s] Level 1:colcon.colcon_core.package_identification:_identify(src/GSim) by extension 'colcon_meta'
[1.873s] Level 1:colcon.colcon_core.package_identification:_identify(src/GSim) by extensions ['ros']
[1.873s] Level 1:colcon.colcon_core.package_identification:_identify(src/GSim) by extension 'ros'
[1.873s] Level 1:colcon.colcon_core.package_identification:_identify(src/GSim) by extensions ['cmake', 'python']
[1.873s] Level 1:colcon.colcon_core.package_identification:_identify(src/GSim) by extension 'cmake'
[1.873s] Level 1:colcon.colcon_core.package_identification:_identify(src/GSim) by extension 'python'
[1.873s] Level 1:colcon.colcon_core.package_identification:_identify(src/GSim) by extensions ['python_setup_py']
[1.873s] Level 1:colcon.colcon_core.package_identification:_identify(src/GSim) by extension 'python_setup_py'
[1.873s] Level 1:colcon.colcon_core.package_identification:_identify(src/agv) by extensions ['ignore', 'ignore_ament_install']
[1.874s] Level 1:colcon.colcon_core.package_identification:_identify(src/agv) by extension 'ignore'
[1.874s] Level 1:colcon.colcon_core.package_identification:_identify(src/agv) by extension 'ignore_ament_install'
[1.874s] Level 1:colcon.colcon_core.package_identification:_identify(src/agv) by extensions ['colcon_pkg']
[1.874s] Level 1:colcon.colcon_core.package_identification:_identify(src/agv) by extension 'colcon_pkg'
[1.874s] Level 1:colcon.colcon_core.package_identification:_identify(src/agv) by extensions ['colcon_meta']
[1.874s] Level 1:colcon.colcon_core.package_identification:_identify(src/agv) by extension 'colcon_meta'
[1.874s] Level 1:colcon.colcon_core.package_identification:_identify(src/agv) by extensions ['ros']
[1.874s] Level 1:colcon.colcon_core.package_identification:_identify(src/agv) by extension 'ros'
[1.875s] DEBUG:colcon.colcon_core.package_identification:Package 'src/agv' with type 'ros.ament_cmake' and name 'agv'
[1.875s] Level 1:colcon.colcon_core.package_identification:_identify(src/agv_py_functions) by extensions ['ignore', 'ignore_ament_install']
[1.875s] Level 1:colcon.colcon_core.package_identification:_identify(src/agv_py_functions) by extension 'ignore'
[1.876s] Level 1:colcon.colcon_core.package_identification:_identify(src/agv_py_functions) by extension 'ignore_ament_install'
[1.876s] Level 1:colcon.colcon_core.package_identification:_identify(src/agv_py_functions) by extensions ['colcon_pkg']
[1.876s] Level 1:colcon.colcon_core.package_identification:_identify(src/agv_py_functions) by extension 'colcon_pkg'
[1.876s] Level 1:colcon.colcon_core.package_identification:_identify(src/agv_py_functions) by extensions ['colcon_meta']
[1.876s] Level 1:colcon.colcon_core.package_identification:_identify(src/agv_py_functions) by extension 'colcon_meta'
[1.876s] Level 1:colcon.colcon_core.package_identification:_identify(src/agv_py_functions) by extensions ['ros']
[1.876s] Level 1:colcon.colcon_core.package_identification:_identify(src/agv_py_functions) by extension 'ros'
[1.877s] DEBUG:colcon.colcon_core.package_identification:Package 'src/agv_py_functions' with type 'ros.ament_python' and name 'agv_py_functions'
[1.877s] Level 1:colcon.colcon_core.package_identification:_identify(src/gazebo) by extensions ['ignore', 'ignore_ament_install']
[1.877s] Level 1:colcon.colcon_core.package_identification:_identify(src/gazebo) by extension 'ignore'
[1.877s] Level 1:colcon.colcon_core.package_identification:_identify(src/gazebo) by extension 'ignore_ament_install'
[1.877s] Level 1:colcon.colcon_core.package_identification:_identify(src/gazebo) by extensions ['colcon_pkg']
[1.877s] Level 1:colcon.colcon_core.package_identification:_identify(src/gazebo) by extension 'colcon_pkg'
[1.877s] Level 1:colcon.colcon_core.package_identification:_identify(src/gazebo) by extensions ['colcon_meta']
[1.878s] Level 1:colcon.colcon_core.package_identification:_identify(src/gazebo) by extension 'colcon_meta'
[1.878s] Level 1:colcon.colcon_core.package_identification:_identify(src/gazebo) by extensions ['ros']
[1.878s] Level 1:colcon.colcon_core.package_identification:_identify(src/gazebo) by extension 'ros'
[1.878s] Level 1:colcon.colcon_core.package_identification:_identify(src/gazebo) by extensions ['cmake', 'python']
[1.878s] Level 1:colcon.colcon_core.package_identification:_identify(src/gazebo) by extension 'cmake'
[1.878s] Level 1:colcon.colcon_core.package_identification:_identify(src/gazebo) by extension 'python'
[1.878s] Level 1:colcon.colcon_core.package_identification:_identify(src/gazebo) by extensions ['python_setup_py']
[1.878s] Level 1:colcon.colcon_core.package_identification:_identify(src/gazebo) by extension 'python_setup_py'
[1.878s] Level 1:colcon.colcon_core.package_identification:_identify(src/gazebo/materials) by extensions ['ignore', 'ignore_ament_install']
[1.878s] Level 1:colcon.colcon_core.package_identification:_identify(src/gazebo/materials) by extension 'ignore'
[1.878s] Level 1:colcon.colcon_core.package_identification:_identify(src/gazebo/materials) by extension 'ignore_ament_install'
[1.879s] Level 1:colcon.colcon_core.package_identification:_identify(src/gazebo/materials) by extensions ['colcon_pkg']
[1.879s] Level 1:colcon.colcon_core.package_identification:_identify(src/gazebo/materials) by extension 'colcon_pkg'
[1.879s] Level 1:colcon.colcon_core.package_identification:_identify(src/gazebo/materials) by extensions ['colcon_meta']
[1.879s] Level 1:colcon.colcon_core.package_identification:_identify(src/gazebo/materials) by extension 'colcon_meta'
[1.879s] Level 1:colcon.colcon_core.package_identification:_identify(src/gazebo/materials) by extensions ['ros']
[1.879s] Level 1:colcon.colcon_core.package_identification:_identify(src/gazebo/materials) by extension 'ros'
[1.879s] Level 1:colcon.colcon_core.package_identification:_identify(src/gazebo/materials) by extensions ['cmake', 'python']
[1.879s] Level 1:colcon.colcon_core.package_identification:_identify(src/gazebo/materials) by extension 'cmake'
[1.879s] Level 1:colcon.colcon_core.package_identification:_identify(src/gazebo/materials) by extension 'python'
[1.879s] Level 1:colcon.colcon_core.package_identification:_identify(src/gazebo/materials) by extensions ['python_setup_py']
[1.879s] Level 1:colcon.colcon_core.package_identification:_identify(src/gazebo/materials) by extension 'python_setup_py'
[1.879s] Level 1:colcon.colcon_core.package_identification:_identify(src/gazebo/materials/scripts) by extensions ['ignore', 'ignore_ament_install']
[1.880s] Level 1:colcon.colcon_core.package_identification:_identify(src/gazebo/materials/scripts) by extension 'ignore'
[1.880s] Level 1:colcon.colcon_core.package_identification:_identify(src/gazebo/materials/scripts) by extension 'ignore_ament_install'
[1.880s] Level 1:colcon.colcon_core.package_identification:_identify(src/gazebo/materials/scripts) by extensions ['colcon_pkg']
[1.880s] Level 1:colcon.colcon_core.package_identification:_identify(src/gazebo/materials/scripts) by extension 'colcon_pkg'
[1.880s] Level 1:colcon.colcon_core.package_identification:_identify(src/gazebo/materials/scripts) by extensions ['colcon_meta']
[1.880s] Level 1:colcon.colcon_core.package_identification:_identify(src/gazebo/materials/scripts) by extension 'colcon_meta'
[1.880s] Level 1:colcon.colcon_core.package_identification:_identify(src/gazebo/materials/scripts) by extensions ['ros']
[1.880s] Level 1:colcon.colcon_core.package_identification:_identify(src/gazebo/materials/scripts) by extension 'ros'
[1.880s] Level 1:colcon.colcon_core.package_identification:_identify(src/gazebo/materials/scripts) by extensions ['cmake', 'python']
[1.880s] Level 1:colcon.colcon_core.package_identification:_identify(src/gazebo/materials/scripts) by extension 'cmake'
[1.880s] Level 1:colcon.colcon_core.package_identification:_identify(src/gazebo/materials/scripts) by extension 'python'
[1.880s] Level 1:colcon.colcon_core.package_identification:_identify(src/gazebo/materials/scripts) by extensions ['python_setup_py']
[1.880s] Level 1:colcon.colcon_core.package_identification:_identify(src/gazebo/materials/scripts) by extension 'python_setup_py'
[1.880s] Level 1:colcon.colcon_core.package_identification:_identify(src/gazebo/materials/textures) by extensions ['ignore', 'ignore_ament_install']
[1.881s] Level 1:colcon.colcon_core.package_identification:_identify(src/gazebo/materials/textures) by extension 'ignore'
[1.881s] Level 1:colcon.colcon_core.package_identification:_identify(src/gazebo/materials/textures) by extension 'ignore_ament_install'
[1.881s] Level 1:colcon.colcon_core.package_identification:_identify(src/gazebo/materials/textures) by extensions ['colcon_pkg']
[1.881s] Level 1:colcon.colcon_core.package_identification:_identify(src/gazebo/materials/textures) by extension 'colcon_pkg'
[1.881s] Level 1:colcon.colcon_core.package_identification:_identify(src/gazebo/materials/textures) by extensions ['colcon_meta']
[1.881s] Level 1:colcon.colcon_core.package_identification:_identify(src/gazebo/materials/textures) by extension 'colcon_meta'
[1.881s] Level 1:colcon.colcon_core.package_identification:_identify(src/gazebo/materials/textures) by extensions ['ros']
[1.881s] Level 1:colcon.colcon_core.package_identification:_identify(src/gazebo/materials/textures) by extension 'ros'
[1.881s] Level 1:colcon.colcon_core.package_identification:_identify(src/gazebo/materials/textures) by extensions ['cmake', 'python']
[1.881s] Level 1:colcon.colcon_core.package_identification:_identify(src/gazebo/materials/textures) by extension 'cmake'
[1.881s] Level 1:colcon.colcon_core.package_identification:_identify(src/gazebo/materials/textures) by extension 'python'
[1.881s] Level 1:colcon.colcon_core.package_identification:_identify(src/gazebo/materials/textures) by extensions ['python_setup_py']
[1.882s] Level 1:colcon.colcon_core.package_identification:_identify(src/gazebo/materials/textures) by extension 'python_setup_py'
[1.882s] Level 1:colcon.colcon_core.package_identification:_identify(src/my_simulation) by extensions ['ignore', 'ignore_ament_install']
[1.882s] Level 1:colcon.colcon_core.package_identification:_identify(src/my_simulation) by extension 'ignore'
[1.882s] Level 1:colcon.colcon_core.package_identification:_identify(src/my_simulation) by extension 'ignore_ament_install'
[1.882s] Level 1:colcon.colcon_core.package_identification:_identify(src/my_simulation) by extensions ['colcon_pkg']
[1.882s] Level 1:colcon.colcon_core.package_identification:_identify(src/my_simulation) by extension 'colcon_pkg'
[1.882s] Level 1:colcon.colcon_core.package_identification:_identify(src/my_simulation) by extensions ['colcon_meta']
[1.882s] Level 1:colcon.colcon_core.package_identification:_identify(src/my_simulation) by extension 'colcon_meta'
[1.882s] Level 1:colcon.colcon_core.package_identification:_identify(src/my_simulation) by extensions ['ros']
[1.882s] Level 1:colcon.colcon_core.package_identification:_identify(src/my_simulation) by extension 'ros'
[1.883s] DEBUG:colcon.colcon_core.package_identification:Package 'src/my_simulation' with type 'ros.ament_cmake' and name 'my_simulation'
[1.883s] Level 1:colcon.colcon_core.package_identification:_identify(src/qr_codes) by extensions ['ignore', 'ignore_ament_install']
[1.883s] Level 1:colcon.colcon_core.package_identification:_identify(src/qr_codes) by extension 'ignore'
[1.883s] Level 1:colcon.colcon_core.package_identification:_identify(src/qr_codes) by extension 'ignore_ament_install'
[1.883s] Level 1:colcon.colcon_core.package_identification:_identify(src/qr_codes) by extensions ['colcon_pkg']
[1.884s] Level 1:colcon.colcon_core.package_identification:_identify(src/qr_codes) by extension 'colcon_pkg'
[1.884s] Level 1:colcon.colcon_core.package_identification:_identify(src/qr_codes) by extensions ['colcon_meta']
[1.884s] Level 1:colcon.colcon_core.package_identification:_identify(src/qr_codes) by extension 'colcon_meta'
[1.884s] Level 1:colcon.colcon_core.package_identification:_identify(src/qr_codes) by extensions ['ros']
[1.884s] Level 1:colcon.colcon_core.package_identification:_identify(src/qr_codes) by extension 'ros'
[1.884s] Level 1:colcon.colcon_core.package_identification:_identify(src/qr_codes) by extensions ['cmake', 'python']
[1.884s] Level 1:colcon.colcon_core.package_identification:_identify(src/qr_codes) by extension 'cmake'
[1.884s] Level 1:colcon.colcon_core.package_identification:_identify(src/qr_codes) by extension 'python'
[1.884s] Level 1:colcon.colcon_core.package_identification:_identify(src/qr_codes) by extensions ['python_setup_py']
[1.884s] Level 1:colcon.colcon_core.package_identification:_identify(src/qr_codes) by extension 'python_setup_py'
[1.884s] Level 1:colcon.colcon_core.package_discovery:discover_packages(recursive) using defaults
[1.884s] Level 1:colcon.colcon_core.package_discovery:discover_packages(ignore) discover
[1.884s] Level 1:colcon.colcon_core.package_discovery:discover_packages(ignore) using defaults
[1.884s] Level 1:colcon.colcon_core.package_discovery:discover_packages(path) discover
[1.884s] Level 1:colcon.colcon_core.package_discovery:discover_packages(path) using defaults
[2.037s] Level 1:colcon.colcon_core.package_discovery:discover_packages(prefix_path) check parameters
[2.037s] Level 1:colcon.colcon_core.package_discovery:discover_packages(prefix_path) discover
[2.090s] DEBUG:colcon.colcon_installed_package_information.package_discovery:Found 2 installed packages in /home/vboxuser/ros2_ws/install
[2.118s] DEBUG:colcon.colcon_installed_package_information.package_discovery:Found 329 installed packages in /opt/ros/humble
[2.122s] Level 1:colcon.colcon_core.package_discovery:discover_packages(prefix_path) using defaults
[2.300s] Level 5:colcon.colcon_core.verb:set package 'agv' build argument 'cmake_args' from command line to 'None'
[2.300s] Level 5:colcon.colcon_core.verb:set package 'agv' build argument 'cmake_target' from command line to 'None'
[2.300s] Level 5:colcon.colcon_core.verb:set package 'agv' build argument 'cmake_target_skip_unavailable' from command line to 'False'
[2.300s] Level 5:colcon.colcon_core.verb:set package 'agv' build argument 'cmake_clean_cache' from command line to 'False'
[2.300s] Level 5:colcon.colcon_core.verb:set package 'agv' build argument 'cmake_clean_first' from command line to 'False'
[2.300s] Level 5:colcon.colcon_core.verb:set package 'agv' build argument 'cmake_force_configure' from command line to 'False'
[2.300s] Level 5:colcon.colcon_core.verb:set package 'agv' build argument 'ament_cmake_args' from command line to 'None'
[2.300s] Level 5:colcon.colcon_core.verb:set package 'agv' build argument 'catkin_cmake_args' from command line to 'None'
[2.300s] Level 5:colcon.colcon_core.verb:set package 'agv' build argument 'catkin_skip_building_tests' from command line to 'False'
[2.300s] DEBUG:colcon.colcon_core.verb:Building package 'agv' with the following arguments: {'ament_cmake_args': None, 'build_base': '/home/vboxuser/agv_ws/build/agv', 'catkin_cmake_args': None, 'catkin_skip_building_tests': False, 'cmake_args': None, 'cmake_clean_cache': False, 'cmake_clean_first': False, 'cmake_force_configure': False, 'cmake_target': None, 'cmake_target_skip_unavailable': False, 'install_base': '/home/vboxuser/agv_ws/install/agv', 'merge_install': False, 'path': '/home/vboxuser/agv_ws/src/agv', 'symlink_install': False, 'test_result_base': None}
[2.328s] Level 5:colcon.colcon_core.verb:set package 'agv_py_functions' build argument 'cmake_args' from command line to 'None'
[2.328s] Level 5:colcon.colcon_core.verb:set package 'agv_py_functions' build argument 'cmake_target' from command line to 'None'
[2.328s] Level 5:colcon.colcon_core.verb:set package 'agv_py_functions' build argument 'cmake_target_skip_unavailable' from command line to 'False'
[2.328s] Level 5:colcon.colcon_core.verb:set package 'agv_py_functions' build argument 'cmake_clean_cache' from command line to 'False'
[2.328s] Level 5:colcon.colcon_core.verb:set package 'agv_py_functions' build argument 'cmake_clean_first' from command line to 'False'
[2.329s] Level 5:colcon.colcon_core.verb:set package 'agv_py_functions' build argument 'cmake_force_configure' from command line to 'False'
[2.329s] Level 5:colcon.colcon_core.verb:set package 'agv_py_functions' build argument 'ament_cmake_args' from command line to 'None'
[2.329s] Level 5:colcon.colcon_core.verb:set package 'agv_py_functions' build argument 'catkin_cmake_args' from command line to 'None'
[2.329s] Level 5:colcon.colcon_core.verb:set package 'agv_py_functions' build argument 'catkin_skip_building_tests' from command line to 'False'
[2.329s] DEBUG:colcon.colcon_core.verb:Building package 'agv_py_functions' with the following arguments: {'ament_cmake_args': None, 'build_base': '/home/vboxuser/agv_ws/build/agv_py_functions', 'catkin_cmake_args': None, 'catkin_skip_building_tests': False, 'cmake_args': None, 'cmake_clean_cache': False, 'cmake_clean_first': False, 'cmake_force_configure': False, 'cmake_target': None, 'cmake_target_skip_unavailable': False, 'install_base': '/home/vboxuser/agv_ws/install/agv_py_functions', 'merge_install': False, 'path': '/home/vboxuser/agv_ws/src/agv_py_functions', 'symlink_install': False, 'test_result_base': None}
[2.356s] Level 5:colcon.colcon_core.verb:set package 'my_simulation' build argument 'cmake_args' from command line to 'None'
[2.356s] Level 5:colcon.colcon_core.verb:set package 'my_simulation' build argument 'cmake_target' from command line to 'None'
[2.356s] Level 5:colcon.colcon_core.verb:set package 'my_simulation' build argument 'cmake_target_skip_unavailable' from command line to 'False'
[2.356s] Level 5:colcon.colcon_core.verb:set package 'my_simulation' build argument 'cmake_clean_cache' from command line to 'False'
[2.356s] Level 5:colcon.colcon_core.verb:set package 'my_simulation' build argument 'cmake_clean_first' from command line to 'False'
[2.356s] Level 5:colcon.colcon_core.verb:set package 'my_simulation' build argument 'cmake_force_configure' from command line to 'False'
[2.356s] Level 5:colcon.colcon_core.verb:set package 'my_simulation' build argument 'ament_cmake_args' from command line to 'None'
[2.356s] Level 5:colcon.colcon_core.verb:set package 'my_simulation' build argument 'catkin_cmake_args' from command line to 'None'
[2.356s] Level 5:colcon.colcon_core.verb:set package 'my_simulation' build argument 'catkin_skip_building_tests' from command line to 'False'
[2.356s] DEBUG:colcon.colcon_core.verb:Building package 'my_simulation' with the following arguments: {'ament_cmake_args': None, 'build_base': '/home/vboxuser/agv_ws/build/my_simulation', 'catkin_cmake_args': None, 'catkin_skip_building_tests': False, 'cmake_args': None, 'cmake_clean_cache': False, 'cmake_clean_first': False, 'cmake_force_configure': False, 'cmake_target': None, 'cmake_target_skip_unavailable': False, 'install_base': '/home/vboxuser/agv_ws/install/my_simulation', 'merge_install': False, 'path': '/home/vboxuser/agv_ws/src/my_simulation', 'symlink_install': False, 'test_result_base': None}
[2.380s] Level 5:colcon.colcon_core.verb:set package 'pf_pgv100' build argument 'cmake_args' from command line to 'None'
[2.381s] Level 5:colcon.colcon_core.verb:set package 'pf_pgv100' build argument 'cmake_target' from command line to 'None'
[2.381s] Level 5:colcon.colcon_core.verb:set package 'pf_pgv100' build argument 'cmake_target_skip_unavailable' from command line to 'False'
[2.381s] Level 5:colcon.colcon_core.verb:set package 'pf_pgv100' build argument 'cmake_clean_cache' from command line to 'False'
[2.381s] Level 5:colcon.colcon_core.verb:set package 'pf_pgv100' build argument 'cmake_clean_first' from command line to 'False'
[2.381s] Level 5:colcon.colcon_core.verb:set package 'pf_pgv100' build argument 'cmake_force_configure' from command line to 'False'
[2.381s] Level 5:colcon.colcon_core.verb:set package 'pf_pgv100' build argument 'ament_cmake_args' from command line to 'None'
[2.381s] Level 5:colcon.colcon_core.verb:set package 'pf_pgv100' build argument 'catkin_cmake_args' from command line to 'None'
[2.381s] Level 5:colcon.colcon_core.verb:set package 'pf_pgv100' build argument 'catkin_skip_building_tests' from command line to 'False'
[2.381s] DEBUG:colcon.colcon_core.verb:Building package 'pf_pgv100' with the following arguments: {'ament_cmake_args': None, 'build_base': '/home/vboxuser/agv_ws/build/pf_pgv100', 'catkin_cmake_args': None, 'catkin_skip_building_tests': False, 'cmake_args': None, 'cmake_clean_cache': False, 'cmake_clean_first': False, 'cmake_force_configure': False, 'cmake_target': None, 'cmake_target_skip_unavailable': False, 'install_base': '/home/vboxuser/agv_ws/install/pf_pgv100', 'merge_install': False, 'path': '/home/vboxuser/agv_ws/AGV_ROS/pf_pgv100-master/pf_pgv100-master', 'symlink_install': False, 'test_result_base': None}
[2.405s] INFO:colcon.colcon_core.executor:Executing jobs using 'parallel' executor
[2.438s] DEBUG:colcon.colcon_parallel_executor.executor.parallel:run_until_complete
[2.439s] INFO:colcon.colcon_ros.task.ament_cmake.build:Building ROS package in '/home/vboxuser/agv_ws/src/agv' with build type 'ament_cmake'
[2.439s] INFO:colcon.colcon_cmake.task.cmake.build:Building CMake package in '/home/vboxuser/agv_ws/src/agv'
[2.470s] INFO:colcon.colcon_core.plugin_system:Skipping extension 'colcon_core.shell.bat': Not used on non-Windows systems
[2.471s] INFO:colcon.colcon_core.shell:Skip shell extension 'powershell' for command environment: Not usable outside of PowerShell
[2.471s] DEBUG:colcon.colcon_core.shell:Skip shell extension 'dsv' for command environment
[2.561s] INFO:colcon.colcon_ros.task.ament_python.build:Building ROS package in '/home/vboxuser/agv_ws/src/agv_py_functions' with build type 'ament_python'
[2.562s] Level 1:colcon.colcon_core.shell:create_environment_hook('agv_py_functions', 'ament_prefix_path')
[2.592s] INFO:colcon.colcon_core.shell:Creating environment hook '/home/vboxuser/agv_ws/install/agv_py_functions/share/agv_py_functions/hook/ament_prefix_path.ps1'
[2.593s] INFO:colcon.colcon_core.shell:Creating environment descriptor '/home/vboxuser/agv_ws/install/agv_py_functions/share/agv_py_functions/hook/ament_prefix_path.dsv'
[2.594s] INFO:colcon.colcon_core.shell:Creating environment hook '/home/vboxuser/agv_ws/install/agv_py_functions/share/agv_py_functions/hook/ament_prefix_path.sh'
[2.621s] INFO:colcon.colcon_core.shell:Skip shell extension 'powershell' for command environment: Not usable outside of PowerShell
[2.621s] DEBUG:colcon.colcon_core.shell:Skip shell extension 'dsv' for command environment
[2.729s] INFO:colcon.colcon_ros.task.ament_cmake.build:Building ROS package in '/home/vboxuser/agv_ws/src/my_simulation' with build type 'ament_cmake'
[2.730s] INFO:colcon.colcon_cmake.task.cmake.build:Building CMake package in '/home/vboxuser/agv_ws/src/my_simulation'
[2.754s] INFO:colcon.colcon_core.shell:Skip shell extension 'powershell' for command environment: Not usable outside of PowerShell
[2.755s] DEBUG:colcon.colcon_core.shell:Skip shell extension 'dsv' for command environment
[2.843s] INFO:colcon.colcon_ros.task.catkin.build:Building ROS package in '/home/vboxuser/agv_ws/AGV_ROS/pf_pgv100-master/pf_pgv100-master' with build type 'catkin'
[2.844s] INFO:colcon.colcon_cmake.task.cmake.build:Building CMake package in '/home/vboxuser/agv_ws/AGV_ROS/pf_pgv100-master/pf_pgv100-master'
[2.871s] INFO:colcon.colcon_core.shell:Skip shell extension 'powershell' for command environment: Not usable outside of PowerShell
[2.871s] DEBUG:colcon.colcon_core.shell:Skip shell extension 'dsv' for command environment
[2.972s] DEBUG:colcon.colcon_core.event_handler.log_command:Invoking command in '/home/vboxuser/agv_ws/build/agv': CMAKE_PREFIX_PATH=${CMAKE_PREFIX_PATH}:/home/vboxuser/ros2_ws/install/my_py_pkg:/opt/ros/humble /usr/bin/cmake --build /home/vboxuser/agv_ws/build/agv -- -j4 -l4
[3.454s] INFO:colcon.colcon_core.task.python.build:Building Python package in '/home/vboxuser/agv_ws/src/agv_py_functions'
[3.484s] INFO:colcon.colcon_core.shell:Skip shell extension 'powershell' for command environment: Not usable outside of PowerShell
[3.484s] DEBUG:colcon.colcon_core.shell:Skip shell extension 'dsv' for command environment
[3.574s] DEBUG:colcon.colcon_core.event_handler.log_command:Invoking command in '/home/vboxuser/agv_ws/build/my_simulation': CMAKE_PREFIX_PATH=${CMAKE_PREFIX_PATH}:/home/vboxuser/ros2_ws/install/my_py_pkg:/opt/ros/humble /usr/bin/cmake --build /home/vboxuser/agv_ws/build/my_simulation -- -j4 -l4
[3.579s] DEBUG:colcon.colcon_core.event_handler.log_command:Invoking command in '/home/vboxuser/agv_ws/build/pf_pgv100': /usr/bin/cmake /home/vboxuser/agv_ws/AGV_ROS/pf_pgv100-master/pf_pgv100-master -DCATKIN_INSTALL_INTO_PREFIX_ROOT=0 -DCMAKE_INSTALL_PREFIX=/home/vboxuser/agv_ws/install/pf_pgv100
[3.598s] DEBUG:colcon.colcon_core.event_handler.log_command:Invoked command in '/home/vboxuser/agv_ws/build/agv' returned '0': CMAKE_PREFIX_PATH=${CMAKE_PREFIX_PATH}:/home/vboxuser/ros2_ws/install/my_py_pkg:/opt/ros/humble /usr/bin/cmake --build /home/vboxuser/agv_ws/build/agv -- -j4 -l4
[3.601s] DEBUG:colcon.colcon_core.event_handler.log_command:Invoked command in '/home/vboxuser/agv_ws/build/pf_pgv100' returned '1': /usr/bin/cmake /home/vboxuser/agv_ws/AGV_ROS/pf_pgv100-master/pf_pgv100-master -DCATKIN_INSTALL_INTO_PREFIX_ROOT=0 -DCMAKE_INSTALL_PREFIX=/home/vboxuser/agv_ws/install/pf_pgv100
[3.622s] Level 1:colcon.colcon_core.environment:create_environment_scripts_only(pf_pgv100)
[3.661s] Level 1:colcon.colcon_core.environment:checking '/home/vboxuser/agv_ws/install/pf_pgv100' for CMake module files
[3.662s] Level 1:colcon.colcon_core.environment:checking '/home/vboxuser/agv_ws/install/pf_pgv100' for CMake config files
[3.663s] Level 1:colcon.colcon_core.environment:checking '/home/vboxuser/agv_ws/install/pf_pgv100/bin'
[3.663s] Level 1:colcon.colcon_core.environment:checking '/home/vboxuser/agv_ws/install/pf_pgv100/lib/pkgconfig/pf_pgv100.pc'
[3.664s] Level 1:colcon.colcon_core.environment:checking '/home/vboxuser/agv_ws/install/pf_pgv100/lib/python3.10/site-packages'
[3.664s] Level 1:colcon.colcon_core.environment:checking '/home/vboxuser/agv_ws/install/pf_pgv100/bin'
[3.694s] INFO:colcon.colcon_core.shell:Creating package script '/home/vboxuser/agv_ws/install/pf_pgv100/share/pf_pgv100/package.ps1'
[3.696s] INFO:colcon.colcon_core.shell:Creating package descriptor '/home/vboxuser/agv_ws/install/pf_pgv100/share/pf_pgv100/package.dsv'
[3.697s] INFO:colcon.colcon_core.shell:Creating package script '/home/vboxuser/agv_ws/install/pf_pgv100/share/pf_pgv100/package.sh'
[3.698s] INFO:colcon.colcon_core.shell:Creating package script '/home/vboxuser/agv_ws/install/pf_pgv100/share/pf_pgv100/package.bash'
[3.700s] INFO:colcon.colcon_core.shell:Creating package script '/home/vboxuser/agv_ws/install/pf_pgv100/share/pf_pgv100/package.zsh'
[3.701s] Level 1:colcon.colcon_core.environment:create_file_with_runtime_dependencies(/home/vboxuser/agv_ws/install/pf_pgv100/share/colcon-core/packages/pf_pgv100)
[4.269s] DEBUG:colcon.colcon_parallel_executor.executor.parallel:closing loop
[4.270s] DEBUG:colcon.colcon_parallel_executor.executor.parallel:loop closed
[4.270s] DEBUG:colcon.colcon_parallel_executor.executor.parallel:run_until_complete finished with '1'
[4.270s] DEBUG:colcon.colcon_core.event_reactor:joining thread
[4.307s] INFO:colcon.colcon_core.plugin_system:Skipping extension 'colcon_notification.desktop_notification.terminal_notifier': Not used on non-Darwin systems
[4.307s] INFO:colcon.colcon_core.plugin_system:Skipping extension 'colcon_notification.desktop_notification.win32': Not used on non-Windows systems
[4.307s] INFO:colcon.colcon_notification.desktop_notification:Sending desktop notification using 'notify2'
[4.324s] DEBUG:colcon.colcon_core.event_reactor:joined thread
[4.351s] INFO:colcon.colcon_core.shell:Creating prefix script '/home/vboxuser/agv_ws/install/local_setup.ps1'
[4.354s] INFO:colcon.colcon_core.shell:Creating prefix util module '/home/vboxuser/agv_ws/install/_local_setup_util_ps1.py'
[4.358s] INFO:colcon.colcon_core.shell:Creating prefix chain script '/home/vboxuser/agv_ws/install/setup.ps1'
[4.392s] INFO:colcon.colcon_core.shell:Creating prefix script '/home/vboxuser/agv_ws/install/local_setup.sh'
[4.393s] INFO:colcon.colcon_core.shell:Creating prefix util module '/home/vboxuser/agv_ws/install/_local_setup_util_sh.py'
[4.393s] INFO:colcon.colcon_core.shell:Creating prefix chain script '/home/vboxuser/agv_ws/install/setup.sh'
[4.423s] INFO:colcon.colcon_core.shell:Creating prefix script '/home/vboxuser/agv_ws/install/local_setup.bash'
[4.423s] INFO:colcon.colcon_core.shell:Creating prefix chain script '/home/vboxuser/agv_ws/install/setup.bash'
[4.449s] INFO:colcon.colcon_core.shell:Creating prefix script '/home/vboxuser/agv_ws/install/local_setup.zsh'
[4.450s] INFO:colcon.colcon_core.shell:Creating prefix chain script '/home/vboxuser/agv_ws/install/setup.zsh'
