[0.155s] Invoking command in '/home/vboxuser/agv_ws/build/canopen_ros2_control': AMENT_PREFIX_PATH=/home/vboxuser/agv_ws/install/canopen_402_driver:/home/vboxuser/agv_ws/install/canopen_proxy_driver:/home/vboxuser/agv_ws/install/canopen_base_driver:/home/vboxuser/agv_ws/install/canopen_core:/home/vboxuser/agv_ws/install/lely_core_libraries:/home/vboxuser/agv_ws/install/canopen_interfaces:${AMENT_PREFIX_PATH} CMAKE_PREFIX_PATH=/home/vboxuser/agv_ws/install/canopen_402_driver:/home/vboxuser/agv_ws/install/canopen_proxy_driver:/home/vboxuser/agv_ws/install/canopen_base_driver:/home/vboxuser/agv_ws/install/canopen_core:/home/vboxuser/agv_ws/install/lely_core_libraries:/home/vboxuser/agv_ws/install/canopen_interfaces:/home/vboxuser/bumperbot_ws/install/bumperbot_cpp_examples:/home/vboxuser/bumperbot_ws/install/bumperbot_msgs:/home/vboxuser/bumperbot_ws/install/bumperbot_description:/home/vboxuser/bumperbot_ws/install/bumperbot_controller:/home/vboxuser/ros2_ws/install/my_simulation:/home/vboxuser/bumperbot_ws/install/bumperbot_py_examples:/home/vboxuser/ros2_ws/install/my_py_pkg:/opt/ros/humble LD_LIBRARY_PATH=/home/vboxuser/agv_ws/install/canopen_402_driver/lib:/home/vboxuser/agv_ws/install/canopen_proxy_driver/lib:/home/vboxuser/agv_ws/install/canopen_base_driver/lib:/home/vboxuser/agv_ws/install/canopen_core/lib:/home/vboxuser/agv_ws/install/lely_core_libraries/lib:/home/vboxuser/agv_ws/install/canopen_interfaces/lib:${LD_LIBRARY_PATH} PATH=/home/vboxuser/agv_ws/install/lely_core_libraries/bin:${PATH} PYTHONPATH=/home/vboxuser/agv_ws/install/lely_core_libraries/local/lib/python3.10/dist-packages:/home/vboxuser/agv_ws/install/lely_core_libraries/lib/python3.10/site-packages:/home/vboxuser/agv_ws/install/canopen_interfaces/local/lib/python3.10/dist-packages:${PYTHONPATH} /usr/bin/cmake /home/vboxuser/agv_ws/src/ros2_canopen/canopen_ros2_control -DCMAKE_INSTALL_PREFIX=/home/vboxuser/agv_ws/install/canopen_ros2_control
[0.253s] -- The C compiler identification is GNU 11.4.0
[0.347s] -- The CXX compiler identification is GNU 11.4.0
[0.359s] -- Detecting C compiler ABI info
[0.465s] -- Detecting C compiler ABI info - done
[0.482s] -- Check for working C compiler: /usr/bin/cc - skipped
[0.482s] -- Detecting C compile features
[0.483s] -- Detecting C compile features - done
[0.489s] -- Detecting CXX compiler ABI info
[0.613s] -- Detecting CXX compiler ABI info - done
[0.632s] -- Check for working CXX compiler: /usr/bin/c++ - skipped
[0.632s] -- Detecting CXX compile features
[0.633s] -- Detecting CXX compile features - done
[0.643s] -- Found ros2_control_test_assets: 2.36.0 (/opt/ros/humble/share/ros2_control_test_assets/cmake)
[0.948s] -- Found Python3: /usr/bin/python3.10 (found version "3.10.12") found components: Interpreter 
[1.056s] -- Found ament_cmake_gmock: 1.3.6 (/opt/ros/humble/share/ament_cmake_gmock/cmake)
[1.060s] -- Found ament_cmake: 1.3.6 (/opt/ros/humble/share/ament_cmake/cmake)
[1.122s] -- Found canopen_402_driver: 0.2.7 (/home/vboxuser/agv_ws/install/canopen_402_driver/share/canopen_402_driver/cmake)
[1.387s] -- Found Boost: /usr/lib/x86_64-linux-gnu/cmake/Boost-1.74.0/BoostConfig.cmake (found version "1.74.0") found components: system thread 
[1.464s] -- Found rosidl_generator_c: 3.1.5 (/opt/ros/humble/share/rosidl_generator_c/cmake)
[1.476s] -- Found rosidl_adapter: 3.1.5 (/opt/ros/humble/share/rosidl_adapter/cmake)
[1.495s] -- Found rosidl_generator_cpp: 3.1.5 (/opt/ros/humble/share/rosidl_generator_cpp/cmake)
[1.526s] -- Using all available rosidl_typesupport_c: rosidl_typesupport_fastrtps_c;rosidl_typesupport_introspection_c
[1.571s] -- Using all available rosidl_typesupport_cpp: rosidl_typesupport_fastrtps_cpp;rosidl_typesupport_introspection_cpp
[1.847s] -- Found rmw_implementation_cmake: 6.1.1 (/opt/ros/humble/share/rmw_implementation_cmake/cmake)
[1.855s] -- Found rmw_fastrtps_cpp: 6.2.5 (/opt/ros/humble/share/rmw_fastrtps_cpp/cmake)
[2.059s] -- Found OpenSSL: /usr/lib/x86_64-linux-gnu/libcrypto.so (found version "3.0.2")  
[2.108s] -- Found FastRTPS: /opt/ros/humble/include  
[2.196s] -- Using RMW implementation 'rmw_fastrtps_cpp' as default
[2.219s] -- Found Threads: TRUE  
[3.835s] -- Found hardware_interface: 2.36.0 (/opt/ros/humble/share/hardware_interface/cmake)
[4.979s] -- Configuring done
[5.073s] -- Generating done
[5.077s] -- Build files have been written to: /home/vboxuser/agv_ws/build/canopen_ros2_control
[5.094s] Invoked command in '/home/vboxuser/agv_ws/build/canopen_ros2_control' returned '0': AMENT_PREFIX_PATH=/home/vboxuser/agv_ws/install/canopen_402_driver:/home/vboxuser/agv_ws/install/canopen_proxy_driver:/home/vboxuser/agv_ws/install/canopen_base_driver:/home/vboxuser/agv_ws/install/canopen_core:/home/vboxuser/agv_ws/install/lely_core_libraries:/home/vboxuser/agv_ws/install/canopen_interfaces:${AMENT_PREFIX_PATH} CMAKE_PREFIX_PATH=/home/vboxuser/agv_ws/install/canopen_402_driver:/home/vboxuser/agv_ws/install/canopen_proxy_driver:/home/vboxuser/agv_ws/install/canopen_base_driver:/home/vboxuser/agv_ws/install/canopen_core:/home/vboxuser/agv_ws/install/lely_core_libraries:/home/vboxuser/agv_ws/install/canopen_interfaces:/home/vboxuser/bumperbot_ws/install/bumperbot_cpp_examples:/home/vboxuser/bumperbot_ws/install/bumperbot_msgs:/home/vboxuser/bumperbot_ws/install/bumperbot_description:/home/vboxuser/bumperbot_ws/install/bumperbot_controller:/home/vboxuser/ros2_ws/install/my_simulation:/home/vboxuser/bumperbot_ws/install/bumperbot_py_examples:/home/vboxuser/ros2_ws/install/my_py_pkg:/opt/ros/humble LD_LIBRARY_PATH=/home/vboxuser/agv_ws/install/canopen_402_driver/lib:/home/vboxuser/agv_ws/install/canopen_proxy_driver/lib:/home/vboxuser/agv_ws/install/canopen_base_driver/lib:/home/vboxuser/agv_ws/install/canopen_core/lib:/home/vboxuser/agv_ws/install/lely_core_libraries/lib:/home/vboxuser/agv_ws/install/canopen_interfaces/lib:${LD_LIBRARY_PATH} PATH=/home/vboxuser/agv_ws/install/lely_core_libraries/bin:${PATH} PYTHONPATH=/home/vboxuser/agv_ws/install/lely_core_libraries/local/lib/python3.10/dist-packages:/home/vboxuser/agv_ws/install/lely_core_libraries/lib/python3.10/site-packages:/home/vboxuser/agv_ws/install/canopen_interfaces/local/lib/python3.10/dist-packages:${PYTHONPATH} /usr/bin/cmake /home/vboxuser/agv_ws/src/ros2_canopen/canopen_ros2_control -DCMAKE_INSTALL_PREFIX=/home/vboxuser/agv_ws/install/canopen_ros2_control
[5.096s] Invoking command in '/home/vboxuser/agv_ws/build/canopen_ros2_control': AMENT_PREFIX_PATH=/home/vboxuser/agv_ws/install/canopen_402_driver:/home/vboxuser/agv_ws/install/canopen_proxy_driver:/home/vboxuser/agv_ws/install/canopen_base_driver:/home/vboxuser/agv_ws/install/canopen_core:/home/vboxuser/agv_ws/install/lely_core_libraries:/home/vboxuser/agv_ws/install/canopen_interfaces:${AMENT_PREFIX_PATH} CMAKE_PREFIX_PATH=/home/vboxuser/agv_ws/install/canopen_402_driver:/home/vboxuser/agv_ws/install/canopen_proxy_driver:/home/vboxuser/agv_ws/install/canopen_base_driver:/home/vboxuser/agv_ws/install/canopen_core:/home/vboxuser/agv_ws/install/lely_core_libraries:/home/vboxuser/agv_ws/install/canopen_interfaces:/home/vboxuser/bumperbot_ws/install/bumperbot_cpp_examples:/home/vboxuser/bumperbot_ws/install/bumperbot_msgs:/home/vboxuser/bumperbot_ws/install/bumperbot_description:/home/vboxuser/bumperbot_ws/install/bumperbot_controller:/home/vboxuser/ros2_ws/install/my_simulation:/home/vboxuser/bumperbot_ws/install/bumperbot_py_examples:/home/vboxuser/ros2_ws/install/my_py_pkg:/opt/ros/humble LD_LIBRARY_PATH=/home/vboxuser/agv_ws/install/canopen_402_driver/lib:/home/vboxuser/agv_ws/install/canopen_proxy_driver/lib:/home/vboxuser/agv_ws/install/canopen_base_driver/lib:/home/vboxuser/agv_ws/install/canopen_core/lib:/home/vboxuser/agv_ws/install/lely_core_libraries/lib:/home/vboxuser/agv_ws/install/canopen_interfaces/lib:${LD_LIBRARY_PATH} PATH=/home/vboxuser/agv_ws/install/lely_core_libraries/bin:${PATH} PYTHONPATH=/home/vboxuser/agv_ws/install/lely_core_libraries/local/lib/python3.10/dist-packages:/home/vboxuser/agv_ws/install/lely_core_libraries/lib/python3.10/site-packages:/home/vboxuser/agv_ws/install/canopen_interfaces/local/lib/python3.10/dist-packages:${PYTHONPATH} /usr/bin/cmake --build /home/vboxuser/agv_ws/build/canopen_ros2_control -- -j4 -l4
[5.186s] [ 25%] [32mBuilding CXX object CMakeFiles/canopen_ros2_control.dir/src/robot_system.cpp.o[0m
[5.187s] [ 75%] [32mBuilding CXX object CMakeFiles/canopen_ros2_control.dir/src/cia402_system.cpp.o[0m
[5.187s] [ 75%] [32mBuilding CXX object CMakeFiles/canopen_ros2_control.dir/src/canopen_system.cpp.o[0m
[61.538s] [100%] [32m[1mLinking CXX shared library libcanopen_ros2_control.so[0m
[62.636s] [100%] Built target canopen_ros2_control
[62.823s] Invoked command in '/home/vboxuser/agv_ws/build/canopen_ros2_control' returned '0': AMENT_PREFIX_PATH=/home/vboxuser/agv_ws/install/canopen_402_driver:/home/vboxuser/agv_ws/install/canopen_proxy_driver:/home/vboxuser/agv_ws/install/canopen_base_driver:/home/vboxuser/agv_ws/install/canopen_core:/home/vboxuser/agv_ws/install/lely_core_libraries:/home/vboxuser/agv_ws/install/canopen_interfaces:${AMENT_PREFIX_PATH} CMAKE_PREFIX_PATH=/home/vboxuser/agv_ws/install/canopen_402_driver:/home/vboxuser/agv_ws/install/canopen_proxy_driver:/home/vboxuser/agv_ws/install/canopen_base_driver:/home/vboxuser/agv_ws/install/canopen_core:/home/vboxuser/agv_ws/install/lely_core_libraries:/home/vboxuser/agv_ws/install/canopen_interfaces:/home/vboxuser/bumperbot_ws/install/bumperbot_cpp_examples:/home/vboxuser/bumperbot_ws/install/bumperbot_msgs:/home/vboxuser/bumperbot_ws/install/bumperbot_description:/home/vboxuser/bumperbot_ws/install/bumperbot_controller:/home/vboxuser/ros2_ws/install/my_simulation:/home/vboxuser/bumperbot_ws/install/bumperbot_py_examples:/home/vboxuser/ros2_ws/install/my_py_pkg:/opt/ros/humble LD_LIBRARY_PATH=/home/vboxuser/agv_ws/install/canopen_402_driver/lib:/home/vboxuser/agv_ws/install/canopen_proxy_driver/lib:/home/vboxuser/agv_ws/install/canopen_base_driver/lib:/home/vboxuser/agv_ws/install/canopen_core/lib:/home/vboxuser/agv_ws/install/lely_core_libraries/lib:/home/vboxuser/agv_ws/install/canopen_interfaces/lib:${LD_LIBRARY_PATH} PATH=/home/vboxuser/agv_ws/install/lely_core_libraries/bin:${PATH} PYTHONPATH=/home/vboxuser/agv_ws/install/lely_core_libraries/local/lib/python3.10/dist-packages:/home/vboxuser/agv_ws/install/lely_core_libraries/lib/python3.10/site-packages:/home/vboxuser/agv_ws/install/canopen_interfaces/local/lib/python3.10/dist-packages:${PYTHONPATH} /usr/bin/cmake --build /home/vboxuser/agv_ws/build/canopen_ros2_control -- -j4 -l4
[62.943s] Invoking command in '/home/vboxuser/agv_ws/build/canopen_ros2_control': AMENT_PREFIX_PATH=/home/vboxuser/agv_ws/install/canopen_402_driver:/home/vboxuser/agv_ws/install/canopen_proxy_driver:/home/vboxuser/agv_ws/install/canopen_base_driver:/home/vboxuser/agv_ws/install/canopen_core:/home/vboxuser/agv_ws/install/lely_core_libraries:/home/vboxuser/agv_ws/install/canopen_interfaces:${AMENT_PREFIX_PATH} CMAKE_PREFIX_PATH=/home/vboxuser/agv_ws/install/canopen_402_driver:/home/vboxuser/agv_ws/install/canopen_proxy_driver:/home/vboxuser/agv_ws/install/canopen_base_driver:/home/vboxuser/agv_ws/install/canopen_core:/home/vboxuser/agv_ws/install/lely_core_libraries:/home/vboxuser/agv_ws/install/canopen_interfaces:/home/vboxuser/bumperbot_ws/install/bumperbot_cpp_examples:/home/vboxuser/bumperbot_ws/install/bumperbot_msgs:/home/vboxuser/bumperbot_ws/install/bumperbot_description:/home/vboxuser/bumperbot_ws/install/bumperbot_controller:/home/vboxuser/ros2_ws/install/my_simulation:/home/vboxuser/bumperbot_ws/install/bumperbot_py_examples:/home/vboxuser/ros2_ws/install/my_py_pkg:/opt/ros/humble LD_LIBRARY_PATH=/home/vboxuser/agv_ws/install/canopen_402_driver/lib:/home/vboxuser/agv_ws/install/canopen_proxy_driver/lib:/home/vboxuser/agv_ws/install/canopen_base_driver/lib:/home/vboxuser/agv_ws/install/canopen_core/lib:/home/vboxuser/agv_ws/install/lely_core_libraries/lib:/home/vboxuser/agv_ws/install/canopen_interfaces/lib:${LD_LIBRARY_PATH} PATH=/home/vboxuser/agv_ws/install/lely_core_libraries/bin:${PATH} PYTHONPATH=/home/vboxuser/agv_ws/install/lely_core_libraries/local/lib/python3.10/dist-packages:/home/vboxuser/agv_ws/install/lely_core_libraries/lib/python3.10/site-packages:/home/vboxuser/agv_ws/install/canopen_interfaces/local/lib/python3.10/dist-packages:${PYTHONPATH} /usr/bin/cmake --install /home/vboxuser/agv_ws/build/canopen_ros2_control
[62.957s] -- Install configuration: ""
[62.961s] -- Installing: /home/vboxuser/agv_ws/install/canopen_ros2_control/share/canopen_ros2_control/canopen_ros2_control.xml
[62.962s] -- Installing: /home/vboxuser/agv_ws/install/canopen_ros2_control/lib/libcanopen_ros2_control.so
[62.968s] -- Set runtime path of "/home/vboxuser/agv_ws/install/canopen_ros2_control/lib/libcanopen_ros2_control.so" to ""
[62.968s] -- Installing: /home/vboxuser/agv_ws/install/canopen_ros2_control/include
[62.968s] -- Installing: /home/vboxuser/agv_ws/install/canopen_ros2_control/include/canopen_ros2_control
[62.968s] -- Installing: /home/vboxuser/agv_ws/install/canopen_ros2_control/include/canopen_ros2_control/visibility_control.h
[62.969s] -- Installing: /home/vboxuser/agv_ws/install/canopen_ros2_control/include/canopen_ros2_control/robot_system.hpp
[62.969s] -- Installing: /home/vboxuser/agv_ws/install/canopen_ros2_control/include/canopen_ros2_control/helpers.hpp
[62.970s] -- Installing: /home/vboxuser/agv_ws/install/canopen_ros2_control/include/canopen_ros2_control/cia402_data.hpp
[62.971s] -- Installing: /home/vboxuser/agv_ws/install/canopen_ros2_control/include/canopen_ros2_control/canopen_system.hpp
[62.971s] -- Installing: /home/vboxuser/agv_ws/install/canopen_ros2_control/include/canopen_ros2_control/cia402_system.hpp
[62.974s] -- Installing: /home/vboxuser/agv_ws/install/canopen_ros2_control/share/canopen_ros2_control/environment/library_path.sh
[62.976s] -- Installing: /home/vboxuser/agv_ws/install/canopen_ros2_control/share/canopen_ros2_control/environment/library_path.dsv
[62.978s] -- Installing: /home/vboxuser/agv_ws/install/canopen_ros2_control/share/ament_index/resource_index/package_run_dependencies/canopen_ros2_control
[62.979s] -- Installing: /home/vboxuser/agv_ws/install/canopen_ros2_control/share/ament_index/resource_index/parent_prefix_path/canopen_ros2_control
[62.980s] -- Installing: /home/vboxuser/agv_ws/install/canopen_ros2_control/share/canopen_ros2_control/environment/ament_prefix_path.sh
[62.980s] -- Installing: /home/vboxuser/agv_ws/install/canopen_ros2_control/share/canopen_ros2_control/environment/ament_prefix_path.dsv
[62.981s] -- Installing: /home/vboxuser/agv_ws/install/canopen_ros2_control/share/canopen_ros2_control/environment/path.sh
[62.982s] -- Installing: /home/vboxuser/agv_ws/install/canopen_ros2_control/share/canopen_ros2_control/environment/path.dsv
[62.982s] -- Installing: /home/vboxuser/agv_ws/install/canopen_ros2_control/share/canopen_ros2_control/local_setup.bash
[62.983s] -- Installing: /home/vboxuser/agv_ws/install/canopen_ros2_control/share/canopen_ros2_control/local_setup.sh
[62.983s] -- Installing: /home/vboxuser/agv_ws/install/canopen_ros2_control/share/canopen_ros2_control/local_setup.zsh
[62.984s] -- Installing: /home/vboxuser/agv_ws/install/canopen_ros2_control/share/canopen_ros2_control/local_setup.dsv
[62.984s] -- Installing: /home/vboxuser/agv_ws/install/canopen_ros2_control/share/canopen_ros2_control/package.dsv
[62.986s] -- Installing: /home/vboxuser/agv_ws/install/canopen_ros2_control/share/ament_index/resource_index/packages/canopen_ros2_control
[62.986s] -- Installing: /home/vboxuser/agv_ws/install/canopen_ros2_control/share/ament_index/resource_index/hardware_interface__pluginlib__plugin/canopen_ros2_control
[62.987s] -- Installing: /home/vboxuser/agv_ws/install/canopen_ros2_control/share/canopen_ros2_control/cmake/ament_cmake_export_include_directories-extras.cmake
[62.988s] -- Installing: /home/vboxuser/agv_ws/install/canopen_ros2_control/share/canopen_ros2_control/cmake/ament_cmake_export_libraries-extras.cmake
[62.989s] -- Installing: /home/vboxuser/agv_ws/install/canopen_ros2_control/share/canopen_ros2_control/cmake/ament_cmake_export_dependencies-extras.cmake
[62.991s] -- Installing: /home/vboxuser/agv_ws/install/canopen_ros2_control/share/canopen_ros2_control/cmake/canopen_ros2_controlConfig.cmake
[62.991s] -- Installing: /home/vboxuser/agv_ws/install/canopen_ros2_control/share/canopen_ros2_control/cmake/canopen_ros2_controlConfig-version.cmake
[62.992s] -- Installing: /home/vboxuser/agv_ws/install/canopen_ros2_control/share/canopen_ros2_control/package.xml
[63.015s] Invoked command in '/home/vboxuser/agv_ws/build/canopen_ros2_control' returned '0': AMENT_PREFIX_PATH=/home/vboxuser/agv_ws/install/canopen_402_driver:/home/vboxuser/agv_ws/install/canopen_proxy_driver:/home/vboxuser/agv_ws/install/canopen_base_driver:/home/vboxuser/agv_ws/install/canopen_core:/home/vboxuser/agv_ws/install/lely_core_libraries:/home/vboxuser/agv_ws/install/canopen_interfaces:${AMENT_PREFIX_PATH} CMAKE_PREFIX_PATH=/home/vboxuser/agv_ws/install/canopen_402_driver:/home/vboxuser/agv_ws/install/canopen_proxy_driver:/home/vboxuser/agv_ws/install/canopen_base_driver:/home/vboxuser/agv_ws/install/canopen_core:/home/vboxuser/agv_ws/install/lely_core_libraries:/home/vboxuser/agv_ws/install/canopen_interfaces:/home/vboxuser/bumperbot_ws/install/bumperbot_cpp_examples:/home/vboxuser/bumperbot_ws/install/bumperbot_msgs:/home/vboxuser/bumperbot_ws/install/bumperbot_description:/home/vboxuser/bumperbot_ws/install/bumperbot_controller:/home/vboxuser/ros2_ws/install/my_simulation:/home/vboxuser/bumperbot_ws/install/bumperbot_py_examples:/home/vboxuser/ros2_ws/install/my_py_pkg:/opt/ros/humble LD_LIBRARY_PATH=/home/vboxuser/agv_ws/install/canopen_402_driver/lib:/home/vboxuser/agv_ws/install/canopen_proxy_driver/lib:/home/vboxuser/agv_ws/install/canopen_base_driver/lib:/home/vboxuser/agv_ws/install/canopen_core/lib:/home/vboxuser/agv_ws/install/lely_core_libraries/lib:/home/vboxuser/agv_ws/install/canopen_interfaces/lib:${LD_LIBRARY_PATH} PATH=/home/vboxuser/agv_ws/install/lely_core_libraries/bin:${PATH} PYTHONPATH=/home/vboxuser/agv_ws/install/lely_core_libraries/local/lib/python3.10/dist-packages:/home/vboxuser/agv_ws/install/lely_core_libraries/lib/python3.10/site-packages:/home/vboxuser/agv_ws/install/canopen_interfaces/local/lib/python3.10/dist-packages:${PYTHONPATH} /usr/bin/cmake --install /home/vboxuser/agv_ws/build/canopen_ros2_control
