[2.428s] Invoking command in '/home/vboxuser/agv_ws/src/agv_py_functions': PYTHONPATH=/home/vboxuser/agv_ws/build/agv_py_functions/prefix_override:/home/vboxuser/agv_ws/install/agv_py_functions/lib/python3.10/site-packages:${PYTHONPATH} /usr/bin/python3 -W ignore:setup.py install is deprecated setup.py egg_info --egg-base ../../build/agv_py_functions build --build-base /home/vboxuser/agv_ws/build/agv_py_functions/build install --record /home/vboxuser/agv_ws/build/agv_py_functions/install.log --single-version-externally-managed install_data
[3.086s] running egg_info
[3.087s] writing ../../build/agv_py_functions/agv_py_functions.egg-info/PKG-INFO
[3.087s] writing dependency_links to ../../build/agv_py_functions/agv_py_functions.egg-info/dependency_links.txt
[3.088s] writing entry points to ../../build/agv_py_functions/agv_py_functions.egg-info/entry_points.txt
[3.088s] writing requirements to ../../build/agv_py_functions/agv_py_functions.egg-info/requires.txt
[3.088s] writing top-level names to ../../build/agv_py_functions/agv_py_functions.egg-info/top_level.txt
[3.092s] reading manifest file '../../build/agv_py_functions/agv_py_functions.egg-info/SOURCES.txt'
[3.093s] writing manifest file '../../build/agv_py_functions/agv_py_functions.egg-info/SOURCES.txt'
[3.094s] running build
[3.094s] running build_py
[3.094s] copying agv_py_functions/velocity_input.py -> /home/vboxuser/agv_ws/build/agv_py_functions/build/lib/agv_py_functions
[3.094s] copying agv_py_functions/canbus_velocity_publisher.py -> /home/vboxuser/agv_ws/build/agv_py_functions/build/lib/agv_py_functions
[3.095s] running install
[3.095s] running install_lib
[3.097s] copying /home/vboxuser/agv_ws/build/agv_py_functions/build/lib/agv_py_functions/velocity_input.py -> /home/vboxuser/agv_ws/install/agv_py_functions/lib/python3.10/site-packages/agv_py_functions
[3.097s] copying /home/vboxuser/agv_ws/build/agv_py_functions/build/lib/agv_py_functions/canbus_velocity_publisher.py -> /home/vboxuser/agv_ws/install/agv_py_functions/lib/python3.10/site-packages/agv_py_functions
[3.098s] byte-compiling /home/vboxuser/agv_ws/install/agv_py_functions/lib/python3.10/site-packages/agv_py_functions/velocity_input.py to velocity_input.cpython-310.pyc
[3.099s] byte-compiling /home/vboxuser/agv_ws/install/agv_py_functions/lib/python3.10/site-packages/agv_py_functions/canbus_velocity_publisher.py to canbus_velocity_publisher.cpython-310.pyc
[3.100s] running install_data
[3.100s] running install_egg_info
[3.103s] removing '/home/vboxuser/agv_ws/install/agv_py_functions/lib/python3.10/site-packages/agv_py_functions-0.0.0-py3.10.egg-info' (and everything under it)
[3.103s] Copying ../../build/agv_py_functions/agv_py_functions.egg-info to /home/vboxuser/agv_ws/install/agv_py_functions/lib/python3.10/site-packages/agv_py_functions-0.0.0-py3.10.egg-info
[3.111s] running install_scripts
[3.158s] Installing canbus_velocity_publisher script to /home/vboxuser/agv_ws/install/agv_py_functions/lib/agv_py_functions
[3.158s] Installing simple_parameter script to /home/vboxuser/agv_ws/install/agv_py_functions/lib/agv_py_functions
[3.158s] Installing simple_publisher script to /home/vboxuser/agv_ws/install/agv_py_functions/lib/agv_py_functions
[3.159s] Installing simple_subscriber script to /home/vboxuser/agv_ws/install/agv_py_functions/lib/agv_py_functions
[3.159s] Installing velocity_input script to /home/vboxuser/agv_ws/install/agv_py_functions/lib/agv_py_functions
[3.160s] writing list of installed files to '/home/vboxuser/agv_ws/build/agv_py_functions/install.log'
[3.240s] Invoked command in '/home/vboxuser/agv_ws/src/agv_py_functions' returned '0': PYTHONPATH=/home/vboxuser/agv_ws/build/agv_py_functions/prefix_override:/home/vboxuser/agv_ws/install/agv_py_functions/lib/python3.10/site-packages:${PYTHONPATH} /usr/bin/python3 -W ignore:setup.py install is deprecated setup.py egg_info --egg-base ../../build/agv_py_functions build --build-base /home/vboxuser/agv_ws/build/agv_py_functions/build install --record /home/vboxuser/agv_ws/build/agv_py_functions/install.log --single-version-externally-managed install_data
