[1.374s] Invoking command in '/home/vboxuser/agv_ws/src/movement': PYTHONPATH=/home/vboxuser/agv_ws/build/movement/prefix_override:/home/vboxuser/agv_ws/install/movement/lib/python3.10/site-packages:${PYTHONPATH} /usr/bin/python3 -W ignore:setup.py install is deprecated setup.py egg_info --egg-base ../../build/movement build --build-base /home/vboxuser/agv_ws/build/movement/build install --record /home/vboxuser/agv_ws/build/movement/install.log --single-version-externally-managed install_data
[1.895s] running egg_info
[1.895s] writing ../../build/movement/movement.egg-info/PKG-INFO
[1.896s] writing dependency_links to ../../build/movement/movement.egg-info/dependency_links.txt
[1.896s] writing entry points to ../../build/movement/movement.egg-info/entry_points.txt
[1.897s] writing requirements to ../../build/movement/movement.egg-info/requires.txt
[1.897s] writing top-level names to ../../build/movement/movement.egg-info/top_level.txt
[1.900s] reading manifest file '../../build/movement/movement.egg-info/SOURCES.txt'
[1.901s] writing manifest file '../../build/movement/movement.egg-info/SOURCES.txt'
[1.902s] running build
[1.902s] running build_py
[1.902s] running install
[1.903s] running install_lib
[1.905s] running install_data
[1.905s] running install_egg_info
[1.908s] removing '/home/vboxuser/agv_ws/install/movement/lib/python3.10/site-packages/movement-0.0.0-py3.10.egg-info' (and everything under it)
[1.908s] Copying ../../build/movement/movement.egg-info to /home/vboxuser/agv_ws/install/movement/lib/python3.10/site-packages/movement-0.0.0-py3.10.egg-info
[1.909s] running install_scripts
[1.944s] Installing command_publisher_client script to /home/vboxuser/agv_ws/install/movement/lib/movement
[1.944s] Installing wheel_controller_server script to /home/vboxuser/agv_ws/install/movement/lib/movement
[1.945s] writing list of installed files to '/home/vboxuser/agv_ws/build/movement/install.log'
[1.989s] Invoked command in '/home/vboxuser/agv_ws/src/movement' returned '0': PYTHONPATH=/home/vboxuser/agv_ws/build/movement/prefix_override:/home/vboxuser/agv_ws/install/movement/lib/python3.10/site-packages:${PYTHONPATH} /usr/bin/python3 -W ignore:setup.py install is deprecated setup.py egg_info --egg-base ../../build/movement build --build-base /home/vboxuser/agv_ws/build/movement/build install --record /home/vboxuser/agv_ws/build/movement/install.log --single-version-externally-managed install_data
