[0.000000] (-) TimerEvent: {}
[0.000145] (-) JobUnselected: {'identifier': 'agv'}
[0.000179] (-) JobUnselected: {'identifier': 'agv_controller'}
[0.000204] (-) JobUnselected: {'identifier': 'agv_msgs'}
[0.000233] (-) JobUnselected: {'identifier': 'agv_py_functions'}
[0.000254] (-) JobUnselected: {'identifier': 'canopen'}
[0.000282] (-) JobUnselected: {'identifier': 'canopen_402_driver'}
[0.000397] (-) JobUnselected: {'identifier': 'canopen_base_driver'}
[0.000435] (-) JobUnselected: {'identifier': 'canopen_core'}
[0.000470] (-) JobUnselected: {'identifier': 'canopen_fake_slaves'}
[0.000518] (-) JobUnselected: {'identifier': 'canopen_interfaces'}
[0.000553] (-) JobUnselected: {'identifier': 'canopen_kinco3'}
[0.000606] (-) JobUnselected: {'identifier': 'canopen_master_driver'}
[0.000642] (-) JobUnselected: {'identifier': 'canopen_proxy_driver'}
[0.000692] (-) JobUnselected: {'identifier': 'canopen_ros2_control'}
[0.000726] (-) JobUnselected: {'identifier': 'canopen_ros2_controllers'}
[0.000760] (-) JobUnselected: {'identifier': 'canopen_tests'}
[0.000795] (-) JobUnselected: {'identifier': 'canopen_utils'}
[0.000829] (-) JobUnselected: {'identifier': 'communication'}
[0.000914] (-) JobUnselected: {'identifier': 'lely_core_libraries'}
[0.000956] (-) JobUnselected: {'identifier': 'my_simulation'}
[0.001032] (-) JobUnselected: {'identifier': 'odometry'}
[0.001081] (-) JobUnselected: {'identifier': 'pgv100'}
[0.001120] (movement) JobQueued: {'identifier': 'movement', 'dependencies': OrderedDict()}
[0.001158] (movement) JobStarted: {'identifier': 'movement'}
[0.061215] (movement) JobEnded: {'identifier': 'movement', 'rc': 0}
[0.073305] (-) EventReactorShutdown: {}
